
===========================================================================
report_checks -unconstrained
===========================================================================
======================= max_tt_025C_1v80 Corner ===================================

Startpoint: _3302_ (rising edge-triggered flip-flop clocked by clk)
Endpoint: _3238_ (rising edge-triggered flip-flop clocked by clk)
Path Group: clk
Path Type: max

Fanout         Cap        Slew       Delay        Time   Description
---------------------------------------------------------------------------------------------
                                  0.000000    0.000000   clock clk (rise edge)
                                  0.000000    0.000000   clock source latency
     2    0.043519    0.000000    0.000000    0.000000 ^ clk (in)
                                                         clk (net)
                      0.003122    0.001561    0.001561 ^ clkbuf_0_clk/A (sky130_fd_sc_hd__clkbuf_16)
    17    0.175143    0.187137    0.216502    0.218063 ^ clkbuf_0_clk/X (sky130_fd_sc_hd__clkbuf_16)
                                                         clknet_0_clk (net)
                      0.188602    0.013295    0.231358 ^ clkbuf_3_0__f_clk/A (sky130_fd_sc_hd__clkbuf_16)
    25    0.096263    0.113522    0.229702    0.461060 ^ clkbuf_3_0__f_clk/X (sky130_fd_sc_hd__clkbuf_16)
                                                         clknet_3_0__leaf_clk (net)
                      0.114158    0.006435    0.467495 ^ _3302_/CLK (sky130_fd_sc_hd__dfrtp_4)
     6    0.025798    0.087107    0.533473    1.000968 v _3302_/Q (sky130_fd_sc_hd__dfrtp_4)
                                                         B_reg[12] (net)
                      0.087142    0.002113    1.003082 v _1910_/C (sky130_fd_sc_hd__and3_1)
     3    0.007769    0.058830    0.217381    1.220463 v _1910_/X (sky130_fd_sc_hd__and3_1)
                                                         _1175_ (net)
                      0.058833    0.000470    1.220933 v _2300_/A (sky130_fd_sc_hd__or4_4)
     4    0.009708    0.093628    0.549129    1.770061 v _2300_/X (sky130_fd_sc_hd__or4_4)
                                                         _1553_ (net)
                      0.093628    0.000478    1.770540 v _2304_/A1 (sky130_fd_sc_hd__a21o_1)
     3    0.008208    0.056760    0.194983    1.965522 v _2304_/X (sky130_fd_sc_hd__a21o_1)
                                                         _1557_ (net)
                      0.056764    0.000512    1.966035 v _2307_/A2 (sky130_fd_sc_hd__a21oi_1)
     3    0.010965    0.256754    0.255798    2.221833 ^ _2307_/Y (sky130_fd_sc_hd__a21oi_1)
                                                         _1560_ (net)
                      0.256755    0.000382    2.222215 ^ _2311_/B (sky130_fd_sc_hd__xor2_1)
     3    0.010799    0.253635    0.276597    2.498812 ^ _2311_/X (sky130_fd_sc_hd__xor2_1)
                                                         _1564_ (net)
                      0.253637    0.000619    2.499431 ^ _2313_/A2 (sky130_fd_sc_hd__a21o_1)
     4    0.011286    0.105928    0.206845    2.706275 ^ _2313_/X (sky130_fd_sc_hd__a21o_1)
                                                         _1566_ (net)
                      0.105930    0.000649    2.706924 ^ _2318_/A1 (sky130_fd_sc_hd__a21oi_1)
     3    0.011639    0.099770    0.121001    2.827925 v _2318_/Y (sky130_fd_sc_hd__a21oi_1)
                                                         _1571_ (net)
                      0.099771    0.000444    2.828369 v _2321_/B (sky130_fd_sc_hd__or3_4)
     3    0.007530    0.070758    0.388630    3.217000 v _2321_/X (sky130_fd_sc_hd__or3_4)
                                                         _1574_ (net)
                      0.070758    0.000257    3.217257 v _2326_/A1 (sky130_fd_sc_hd__a21o_1)
     4    0.010635    0.065086    0.195449    3.412706 v _2326_/X (sky130_fd_sc_hd__a21o_1)
                                                         _1579_ (net)
                      0.065091    0.000619    3.413325 v _2327_/A2 (sky130_fd_sc_hd__a21oi_1)
     3    0.012016    0.276913    0.273800    3.687125 ^ _2327_/Y (sky130_fd_sc_hd__a21oi_1)
                                                         _1580_ (net)
                      0.276915    0.000677    3.687802 ^ _2331_/B (sky130_fd_sc_hd__xnor2_1)
     3    0.013216    0.320772    0.234635    3.922437 ^ _2331_/Y (sky130_fd_sc_hd__xnor2_1)
                                                         _1584_ (net)
                      0.320774    0.000681    3.923117 ^ _2334_/A2 (sky130_fd_sc_hd__a21o_1)
     5    0.015711    0.142644    0.243989    4.167107 ^ _2334_/X (sky130_fd_sc_hd__a21o_1)
                                                         _1587_ (net)
                      0.142646    0.000808    4.167914 ^ _2337_/A1 (sky130_fd_sc_hd__a21oi_1)
     3    0.011298    0.101632    0.130933    4.298848 v _2337_/Y (sky130_fd_sc_hd__a21oi_1)
                                                         _1590_ (net)
                      0.101674    0.000643    4.299490 v _2345_/B (sky130_fd_sc_hd__or3_4)
     3    0.008726    0.072655    0.392933    4.692423 v _2345_/X (sky130_fd_sc_hd__or3_4)
                                                         _1598_ (net)
                      0.072655    0.000429    4.692852 v _2347_/A1 (sky130_fd_sc_hd__a21o_1)
     4    0.011544    0.068711    0.199474    4.892326 v _2347_/X (sky130_fd_sc_hd__a21o_1)
                                                         _1600_ (net)
                      0.068716    0.000669    4.892995 v _2348_/A2 (sky130_fd_sc_hd__a21oi_1)
     3    0.014838    0.330995    0.314852    5.207847 ^ _2348_/Y (sky130_fd_sc_hd__a21oi_1)
                                                         _1601_ (net)
                      0.331000    0.001110    5.208957 ^ _2349_/B (sky130_fd_sc_hd__xnor2_1)
     3    0.012883    0.314140    0.237398    5.446355 ^ _2349_/Y (sky130_fd_sc_hd__xnor2_1)
                                                         _1602_ (net)
                      0.314142    0.000673    5.447027 ^ _2355_/A2 (sky130_fd_sc_hd__a21o_1)
     4    0.013261    0.122453    0.228702    5.675729 ^ _2355_/X (sky130_fd_sc_hd__a21o_1)
                                                         _0109_ (net)
                      0.122456    0.000835    5.676565 ^ _2360_/A1 (sky130_fd_sc_hd__a21oi_2)
     3    0.012621    0.069049    0.092897    5.769462 v _2360_/Y (sky130_fd_sc_hd__a21oi_2)
                                                         _0114_ (net)
                      0.069060    0.000850    5.770311 v _2364_/B (sky130_fd_sc_hd__or3_4)
     2    0.006144    0.068547    0.373173    6.143484 v _2364_/X (sky130_fd_sc_hd__or3_4)
                                                         _0118_ (net)
                      0.068547    0.000436    6.143920 v _2366_/A1 (sky130_fd_sc_hd__a21o_1)
     3    0.007237    0.052265    0.180246    6.324166 v _2366_/X (sky130_fd_sc_hd__a21o_1)
                                                         _0120_ (net)
                      0.052269    0.000522    6.324688 v rebuffer6/A (sky130_fd_sc_hd__buf_1)
     2    0.007594    0.051744    0.112974    6.437663 v rebuffer6/X (sky130_fd_sc_hd__buf_1)
                                                         net59 (net)
                      0.051745    0.000338    6.438000 v _2376_/A1 (sky130_fd_sc_hd__a21bo_1)
     1    0.004888    0.043469    0.174514    6.612514 v _2376_/X (sky130_fd_sc_hd__a21bo_1)
                                                         _0130_ (net)
                      0.043472    0.000371    6.612885 v _2377_/B (sky130_fd_sc_hd__xnor2_1)
     3    0.012566    0.307924    0.272887    6.885772 ^ _2377_/Y (sky130_fd_sc_hd__xnor2_1)
                                                         _0131_ (net)
                      0.307927    0.000791    6.886563 ^ _2378_/B1 (sky130_fd_sc_hd__a21o_1)
     4    0.010139    0.096253    0.166562    7.053125 ^ _2378_/X (sky130_fd_sc_hd__a21o_1)
                                                         _0132_ (net)
                      0.096253    0.000309    7.053434 ^ _2382_/A2 (sky130_fd_sc_hd__a21oi_1)
     3    0.013023    0.112449    0.127901    7.181335 v _2382_/Y (sky130_fd_sc_hd__a21oi_1)
                                                         _0136_ (net)
                      0.112497    0.000859    7.182194 v _2385_/B (sky130_fd_sc_hd__or3_4)
     3    0.008405    0.072187    0.395923    7.578117 v _2385_/X (sky130_fd_sc_hd__or3_4)
                                                         _0139_ (net)
                      0.072187    0.000428    7.578545 v _2387_/A1 (sky130_fd_sc_hd__a21o_1)
     4    0.012363    0.071983    0.202260    7.780805 v _2387_/X (sky130_fd_sc_hd__a21o_1)
                                                         _0141_ (net)
                      0.071983    0.000406    7.781210 v _2390_/A (sky130_fd_sc_hd__and3_1)
     3    0.011317    0.072413    0.188905    7.970116 v _2390_/X (sky130_fd_sc_hd__and3_1)
                                                         _0144_ (net)
                      0.072415    0.000504    7.970619 v _2392_/C (sky130_fd_sc_hd__or3_4)
     3    0.007330    0.070419    0.339897    8.310516 v _2392_/X (sky130_fd_sc_hd__or3_4)
                                                         _0146_ (net)
                      0.070419    0.000377    8.310894 v _2397_/A1 (sky130_fd_sc_hd__a21o_1)
     4    0.010856    0.065923    0.196143    8.507036 v _2397_/X (sky130_fd_sc_hd__a21o_1)
                                                         _0151_ (net)
                      0.065924    0.000325    8.507361 v _2406_/A (sky130_fd_sc_hd__and3_1)
     2    0.006628    0.053456    0.166466    8.673827 v _2406_/X (sky130_fd_sc_hd__and3_1)
                                                         _0160_ (net)
                      0.053458    0.000357    8.674184 v _2408_/C (sky130_fd_sc_hd__or3_4)
     3    0.007309    0.070420    0.333526    9.007710 v _2408_/X (sky130_fd_sc_hd__or3_4)
                                                         _0162_ (net)
                      0.070420    0.000397    9.008107 v _2410_/A1 (sky130_fd_sc_hd__a21o_1)
     3    0.007371    0.052873    0.181641    9.189749 v _2410_/X (sky130_fd_sc_hd__a21o_1)
                                                         _0164_ (net)
                      0.052876    0.000454    9.190203 v _2413_/A (sky130_fd_sc_hd__and3_1)
     2    0.006014    0.050659    0.157808    9.348011 v _2413_/X (sky130_fd_sc_hd__and3_1)
                                                         _0167_ (net)
                      0.050660    0.000328    9.348338 v _2415_/C (sky130_fd_sc_hd__or3_4)
     3    0.007264    0.070431    0.332626    9.680964 v _2415_/X (sky130_fd_sc_hd__or3_4)
                                                         _0169_ (net)
                      0.070431    0.000426    9.681391 v _2420_/A1 (sky130_fd_sc_hd__a21o_1)
     4    0.011651    0.069171    0.198880    9.880271 v _2420_/X (sky130_fd_sc_hd__a21o_1)
                                                         _0174_ (net)
                      0.069174    0.000559    9.880830 v _2428_/A1 (sky130_fd_sc_hd__a21bo_1)
     1    0.004319    0.041050    0.178909   10.059739 v _2428_/X (sky130_fd_sc_hd__a21bo_1)
                                                         _0180_ (net)
                      0.041073    0.000203   10.059941 v _2429_/B (sky130_fd_sc_hd__xor2_1)
     1    0.002641    0.070654    0.133665   10.193606 v _2429_/X (sky130_fd_sc_hd__xor2_1)
                                                         _0181_ (net)
                      0.070654    0.000126   10.193732 v _2430_/A1 (sky130_fd_sc_hd__mux2_4)
     1    0.002333    0.046768    0.257527   10.451260 v _2430_/X (sky130_fd_sc_hd__mux2_4)
                                                         _0025_ (net)
                      0.046769    0.000107   10.451366 v _3238_/D (sky130_fd_sc_hd__dfrtp_4)
                                             10.451366   data arrival time

                                 10.125000   10.125000   clock clk (rise edge)
                                  0.000000   10.125000   clock source latency
     2    0.043519    0.000000    0.000000   10.125000 ^ clk (in)
                                                         clk (net)
                      0.003122    0.001561   10.126561 ^ clkbuf_0_clk/A (sky130_fd_sc_hd__clkbuf_16)
    17    0.175143    0.187137    0.216501   10.343062 ^ clkbuf_0_clk/X (sky130_fd_sc_hd__clkbuf_16)
                                                         clknet_0_clk (net)
                      0.188482    0.012760   10.355824 ^ clkbuf_3_3__f_clk/A (sky130_fd_sc_hd__clkbuf_16)
    35    0.100757    0.118093    0.230992   10.586815 ^ clkbuf_3_3__f_clk/X (sky130_fd_sc_hd__clkbuf_16)
                                                         clknet_3_3__leaf_clk (net)
                      0.119125    0.008876   10.595691 ^ _3238_/CLK (sky130_fd_sc_hd__dfrtp_4)
                                 -0.100000   10.495691   clock uncertainty
                                  0.000000   10.495691   clock reconvergence pessimism
                                 -0.098081   10.397610   library setup time
                                             10.397610   data required time
---------------------------------------------------------------------------------------------
                                             10.397610   data required time
                                            -10.451366   data arrival time
---------------------------------------------------------------------------------------------
                                             -0.053756   slack (VIOLATED)




===========================================================================
report_checks --slack_max -0.01
============================================================================
======================= max_tt_025C_1v80 Corner ===================================

Startpoint: _3302_ (rising edge-triggered flip-flop clocked by clk)
Endpoint: _3238_ (rising edge-triggered flip-flop clocked by clk)
Path Group: clk
Path Type: max

Fanout         Cap        Slew       Delay        Time   Description
---------------------------------------------------------------------------------------------
                                  0.000000    0.000000   clock clk (rise edge)
                                  0.000000    0.000000   clock source latency
     2    0.043519    0.000000    0.000000    0.000000 ^ clk (in)
                                                         clk (net)
                      0.003122    0.001561    0.001561 ^ clkbuf_0_clk/A (sky130_fd_sc_hd__clkbuf_16)
    17    0.175143    0.187137    0.216502    0.218063 ^ clkbuf_0_clk/X (sky130_fd_sc_hd__clkbuf_16)
                                                         clknet_0_clk (net)
                      0.188602    0.013295    0.231358 ^ clkbuf_3_0__f_clk/A (sky130_fd_sc_hd__clkbuf_16)
    25    0.096263    0.113522    0.229702    0.461060 ^ clkbuf_3_0__f_clk/X (sky130_fd_sc_hd__clkbuf_16)
                                                         clknet_3_0__leaf_clk (net)
                      0.114158    0.006435    0.467495 ^ _3302_/CLK (sky130_fd_sc_hd__dfrtp_4)
     6    0.025798    0.087107    0.533473    1.000968 v _3302_/Q (sky130_fd_sc_hd__dfrtp_4)
                                                         B_reg[12] (net)
                      0.087142    0.002113    1.003082 v _1910_/C (sky130_fd_sc_hd__and3_1)
     3    0.007769    0.058830    0.217381    1.220463 v _1910_/X (sky130_fd_sc_hd__and3_1)
                                                         _1175_ (net)
                      0.058833    0.000470    1.220933 v _2300_/A (sky130_fd_sc_hd__or4_4)
     4    0.009708    0.093628    0.549129    1.770061 v _2300_/X (sky130_fd_sc_hd__or4_4)
                                                         _1553_ (net)
                      0.093628    0.000478    1.770540 v _2304_/A1 (sky130_fd_sc_hd__a21o_1)
     3    0.008208    0.056760    0.194983    1.965522 v _2304_/X (sky130_fd_sc_hd__a21o_1)
                                                         _1557_ (net)
                      0.056764    0.000512    1.966035 v _2307_/A2 (sky130_fd_sc_hd__a21oi_1)
     3    0.010965    0.256754    0.255798    2.221833 ^ _2307_/Y (sky130_fd_sc_hd__a21oi_1)
                                                         _1560_ (net)
                      0.256755    0.000382    2.222215 ^ _2311_/B (sky130_fd_sc_hd__xor2_1)
     3    0.010799    0.253635    0.276597    2.498812 ^ _2311_/X (sky130_fd_sc_hd__xor2_1)
                                                         _1564_ (net)
                      0.253637    0.000619    2.499431 ^ _2313_/A2 (sky130_fd_sc_hd__a21o_1)
     4    0.011286    0.105928    0.206845    2.706275 ^ _2313_/X (sky130_fd_sc_hd__a21o_1)
                                                         _1566_ (net)
                      0.105930    0.000649    2.706924 ^ _2318_/A1 (sky130_fd_sc_hd__a21oi_1)
     3    0.011639    0.099770    0.121001    2.827925 v _2318_/Y (sky130_fd_sc_hd__a21oi_1)
                                                         _1571_ (net)
                      0.099771    0.000444    2.828369 v _2321_/B (sky130_fd_sc_hd__or3_4)
     3    0.007530    0.070758    0.388630    3.217000 v _2321_/X (sky130_fd_sc_hd__or3_4)
                                                         _1574_ (net)
                      0.070758    0.000257    3.217257 v _2326_/A1 (sky130_fd_sc_hd__a21o_1)
     4    0.010635    0.065086    0.195449    3.412706 v _2326_/X (sky130_fd_sc_hd__a21o_1)
                                                         _1579_ (net)
                      0.065091    0.000619    3.413325 v _2327_/A2 (sky130_fd_sc_hd__a21oi_1)
     3    0.012016    0.276913    0.273800    3.687125 ^ _2327_/Y (sky130_fd_sc_hd__a21oi_1)
                                                         _1580_ (net)
                      0.276915    0.000677    3.687802 ^ _2331_/B (sky130_fd_sc_hd__xnor2_1)
     3    0.013216    0.320772    0.234635    3.922437 ^ _2331_/Y (sky130_fd_sc_hd__xnor2_1)
                                                         _1584_ (net)
                      0.320774    0.000681    3.923117 ^ _2334_/A2 (sky130_fd_sc_hd__a21o_1)
     5    0.015711    0.142644    0.243989    4.167107 ^ _2334_/X (sky130_fd_sc_hd__a21o_1)
                                                         _1587_ (net)
                      0.142646    0.000808    4.167914 ^ _2337_/A1 (sky130_fd_sc_hd__a21oi_1)
     3    0.011298    0.101632    0.130933    4.298848 v _2337_/Y (sky130_fd_sc_hd__a21oi_1)
                                                         _1590_ (net)
                      0.101674    0.000643    4.299490 v _2345_/B (sky130_fd_sc_hd__or3_4)
     3    0.008726    0.072655    0.392933    4.692423 v _2345_/X (sky130_fd_sc_hd__or3_4)
                                                         _1598_ (net)
                      0.072655    0.000429    4.692852 v _2347_/A1 (sky130_fd_sc_hd__a21o_1)
     4    0.011544    0.068711    0.199474    4.892326 v _2347_/X (sky130_fd_sc_hd__a21o_1)
                                                         _1600_ (net)
                      0.068716    0.000669    4.892995 v _2348_/A2 (sky130_fd_sc_hd__a21oi_1)
     3    0.014838    0.330995    0.314852    5.207847 ^ _2348_/Y (sky130_fd_sc_hd__a21oi_1)
                                                         _1601_ (net)
                      0.331000    0.001110    5.208957 ^ _2349_/B (sky130_fd_sc_hd__xnor2_1)
     3    0.012883    0.314140    0.237398    5.446355 ^ _2349_/Y (sky130_fd_sc_hd__xnor2_1)
                                                         _1602_ (net)
                      0.314142    0.000673    5.447027 ^ _2355_/A2 (sky130_fd_sc_hd__a21o_1)
     4    0.013261    0.122453    0.228702    5.675729 ^ _2355_/X (sky130_fd_sc_hd__a21o_1)
                                                         _0109_ (net)
                      0.122456    0.000835    5.676565 ^ _2360_/A1 (sky130_fd_sc_hd__a21oi_2)
     3    0.012621    0.069049    0.092897    5.769462 v _2360_/Y (sky130_fd_sc_hd__a21oi_2)
                                                         _0114_ (net)
                      0.069060    0.000850    5.770311 v _2364_/B (sky130_fd_sc_hd__or3_4)
     2    0.006144    0.068547    0.373173    6.143484 v _2364_/X (sky130_fd_sc_hd__or3_4)
                                                         _0118_ (net)
                      0.068547    0.000436    6.143920 v _2366_/A1 (sky130_fd_sc_hd__a21o_1)
     3    0.007237    0.052265    0.180246    6.324166 v _2366_/X (sky130_fd_sc_hd__a21o_1)
                                                         _0120_ (net)
                      0.052269    0.000522    6.324688 v rebuffer6/A (sky130_fd_sc_hd__buf_1)
     2    0.007594    0.051744    0.112974    6.437663 v rebuffer6/X (sky130_fd_sc_hd__buf_1)
                                                         net59 (net)
                      0.051745    0.000338    6.438000 v _2376_/A1 (sky130_fd_sc_hd__a21bo_1)
     1    0.004888    0.043469    0.174514    6.612514 v _2376_/X (sky130_fd_sc_hd__a21bo_1)
                                                         _0130_ (net)
                      0.043472    0.000371    6.612885 v _2377_/B (sky130_fd_sc_hd__xnor2_1)
     3    0.012566    0.307924    0.272887    6.885772 ^ _2377_/Y (sky130_fd_sc_hd__xnor2_1)
                                                         _0131_ (net)
                      0.307927    0.000791    6.886563 ^ _2378_/B1 (sky130_fd_sc_hd__a21o_1)
     4    0.010139    0.096253    0.166562    7.053125 ^ _2378_/X (sky130_fd_sc_hd__a21o_1)
                                                         _0132_ (net)
                      0.096253    0.000309    7.053434 ^ _2382_/A2 (sky130_fd_sc_hd__a21oi_1)
     3    0.013023    0.112449    0.127901    7.181335 v _2382_/Y (sky130_fd_sc_hd__a21oi_1)
                                                         _0136_ (net)
                      0.112497    0.000859    7.182194 v _2385_/B (sky130_fd_sc_hd__or3_4)
     3    0.008405    0.072187    0.395923    7.578117 v _2385_/X (sky130_fd_sc_hd__or3_4)
                                                         _0139_ (net)
                      0.072187    0.000428    7.578545 v _2387_/A1 (sky130_fd_sc_hd__a21o_1)
     4    0.012363    0.071983    0.202260    7.780805 v _2387_/X (sky130_fd_sc_hd__a21o_1)
                                                         _0141_ (net)
                      0.071983    0.000406    7.781210 v _2390_/A (sky130_fd_sc_hd__and3_1)
     3    0.011317    0.072413    0.188905    7.970116 v _2390_/X (sky130_fd_sc_hd__and3_1)
                                                         _0144_ (net)
                      0.072415    0.000504    7.970619 v _2392_/C (sky130_fd_sc_hd__or3_4)
     3    0.007330    0.070419    0.339897    8.310516 v _2392_/X (sky130_fd_sc_hd__or3_4)
                                                         _0146_ (net)
                      0.070419    0.000377    8.310894 v _2397_/A1 (sky130_fd_sc_hd__a21o_1)
     4    0.010856    0.065923    0.196143    8.507036 v _2397_/X (sky130_fd_sc_hd__a21o_1)
                                                         _0151_ (net)
                      0.065924    0.000325    8.507361 v _2406_/A (sky130_fd_sc_hd__and3_1)
     2    0.006628    0.053456    0.166466    8.673827 v _2406_/X (sky130_fd_sc_hd__and3_1)
                                                         _0160_ (net)
                      0.053458    0.000357    8.674184 v _2408_/C (sky130_fd_sc_hd__or3_4)
     3    0.007309    0.070420    0.333526    9.007710 v _2408_/X (sky130_fd_sc_hd__or3_4)
                                                         _0162_ (net)
                      0.070420    0.000397    9.008107 v _2410_/A1 (sky130_fd_sc_hd__a21o_1)
     3    0.007371    0.052873    0.181641    9.189749 v _2410_/X (sky130_fd_sc_hd__a21o_1)
                                                         _0164_ (net)
                      0.052876    0.000454    9.190203 v _2413_/A (sky130_fd_sc_hd__and3_1)
     2    0.006014    0.050659    0.157808    9.348011 v _2413_/X (sky130_fd_sc_hd__and3_1)
                                                         _0167_ (net)
                      0.050660    0.000328    9.348338 v _2415_/C (sky130_fd_sc_hd__or3_4)
     3    0.007264    0.070431    0.332626    9.680964 v _2415_/X (sky130_fd_sc_hd__or3_4)
                                                         _0169_ (net)
                      0.070431    0.000426    9.681391 v _2420_/A1 (sky130_fd_sc_hd__a21o_1)
     4    0.011651    0.069171    0.198880    9.880271 v _2420_/X (sky130_fd_sc_hd__a21o_1)
                                                         _0174_ (net)
                      0.069174    0.000559    9.880830 v _2428_/A1 (sky130_fd_sc_hd__a21bo_1)
     1    0.004319    0.041050    0.178909   10.059739 v _2428_/X (sky130_fd_sc_hd__a21bo_1)
                                                         _0180_ (net)
                      0.041073    0.000203   10.059941 v _2429_/B (sky130_fd_sc_hd__xor2_1)
     1    0.002641    0.070654    0.133665   10.193606 v _2429_/X (sky130_fd_sc_hd__xor2_1)
                                                         _0181_ (net)
                      0.070654    0.000126   10.193732 v _2430_/A1 (sky130_fd_sc_hd__mux2_4)
     1    0.002333    0.046768    0.257527   10.451260 v _2430_/X (sky130_fd_sc_hd__mux2_4)
                                                         _0025_ (net)
                      0.046769    0.000107   10.451366 v _3238_/D (sky130_fd_sc_hd__dfrtp_4)
                                             10.451366   data arrival time

                                 10.125000   10.125000   clock clk (rise edge)
                                  0.000000   10.125000   clock source latency
     2    0.043519    0.000000    0.000000   10.125000 ^ clk (in)
                                                         clk (net)
                      0.003122    0.001561   10.126561 ^ clkbuf_0_clk/A (sky130_fd_sc_hd__clkbuf_16)
    17    0.175143    0.187137    0.216501   10.343062 ^ clkbuf_0_clk/X (sky130_fd_sc_hd__clkbuf_16)
                                                         clknet_0_clk (net)
                      0.188482    0.012760   10.355824 ^ clkbuf_3_3__f_clk/A (sky130_fd_sc_hd__clkbuf_16)
    35    0.100757    0.118093    0.230992   10.586815 ^ clkbuf_3_3__f_clk/X (sky130_fd_sc_hd__clkbuf_16)
                                                         clknet_3_3__leaf_clk (net)
                      0.119125    0.008876   10.595691 ^ _3238_/CLK (sky130_fd_sc_hd__dfrtp_4)
                                 -0.100000   10.495691   clock uncertainty
                                  0.000000   10.495691   clock reconvergence pessimism
                                 -0.098081   10.397610   library setup time
                                             10.397610   data required time
---------------------------------------------------------------------------------------------
                                             10.397610   data required time
                                            -10.451366   data arrival time
---------------------------------------------------------------------------------------------
                                             -0.053756   slack (VIOLATED)




===========================================================================
 report_check_types -max_slew -max_cap -max_fanout -violators
============================================================================
======================= max_tt_025C_1v80 Corner ===================================



===========================================================================
report_parasitic_annotation -report_unannotated
============================================================================
Found 7 unannotated drivers.
 clkload0/Y
 clkload1/Y
 clkload2/Y
 clkload3/Y
 clkload4/Y
 clkload5/Y
 clkload6/Y
Found 0 partially unannotated drivers.

===========================================================================
max slew violation count 0
max fanout violation count 0
max cap violation count 0
============================================================================

===========================================================================
check_setup -verbose -unconstrained_endpoints -multiple_clock -no_clock -no_input_delay -loops -generated_clocks
===========================================================================
Warning: There are 36 input ports missing set_input_delay.
  A_in[0]
  A_in[10]
  A_in[11]
  A_in[12]
  A_in[13]
  A_in[14]
  A_in[15]
  A_in[1]
  A_in[2]
  A_in[3]
  A_in[4]
  A_in[5]
  A_in[6]
  A_in[7]
  A_in[8]
  A_in[9]
  B_in[0]
  B_in[10]
  B_in[11]
  B_in[12]
  B_in[13]
  B_in[14]
  B_in[15]
  B_in[1]
  B_in[2]
  B_in[3]
  B_in[4]
  B_in[5]
  B_in[6]
  B_in[7]
  B_in[8]
  B_in[9]
  Op_Sel[0]
  Op_Sel[1]
  Start
  rst_n
Warning: There are 17 unconstrained endpoints.
  Done
  X_out[0]
  X_out[10]
  X_out[11]
  X_out[12]
  X_out[13]
  X_out[14]
  X_out[15]
  X_out[1]
  X_out[2]
  X_out[3]
  X_out[4]
  X_out[5]
  X_out[6]
  X_out[7]
  X_out[8]
  X_out[9]
