Clock: clk
Sources: clk 
Generated: no
Virtual: yes
Propagated: no
Period: 10.250000

===========================================================================
report_clock_properties
============================================================================
Clock                   Period          Waveform
----------------------------------------------------
clk                  10.250000    0.000000  5.125000

===========================================================================
report_clock_latency
============================================================================
Clock clk
rise -> rise
    min     max
0.000000 0.000000 source latency
0.436294         network latency _3222_/CLK
        0.459064 network latency _3296_/CLK
---------------
0.436294 0.459064 latency
        0.022770 skew

fall -> fall
    min     max
0.000000 0.000000 source latency
0.413109         network latency _3222_/CLK
        0.431657 network latency _3296_/CLK
---------------
0.413109 0.431657 latency
        0.018548 skew



===========================================================================
report_clock_min_period
============================================================================
clk period_min = 10.15 fmax = 98.57
