
===========================================================================
report_checks -unconstrained
===========================================================================
======================= nom_tt_025C_1v80 Corner ===================================

Startpoint: _3302_ (rising edge-triggered flip-flop clocked by clk)
Endpoint: _3238_ (rising edge-triggered flip-flop clocked by clk)
Path Group: clk
Path Type: max

Fanout         Cap        Slew       Delay        Time   Description
---------------------------------------------------------------------------------------------
                                  0.000000    0.000000   clock clk (rise edge)
                                  0.000000    0.000000   clock source latency
     2    0.030799    0.000000    0.000000    0.000000 ^ clk (in)
                                                         clk (net)
                      0.001910    0.000955    0.000955 ^ clkbuf_0_clk/A (sky130_fd_sc_hd__clkbuf_16)
    17    0.133945    0.146871    0.191732    0.192687 ^ clkbuf_0_clk/X (sky130_fd_sc_hd__clkbuf_16)
                                                         clknet_0_clk (net)
                      0.147465    0.007489    0.200176 ^ clkbuf_3_0__f_clk/A (sky130_fd_sc_hd__clkbuf_16)
    25    0.081462    0.098413    0.207851    0.408028 ^ clkbuf_3_0__f_clk/X (sky130_fd_sc_hd__clkbuf_16)
                                                         clknet_3_0__leaf_clk (net)
                      0.098500    0.002618    0.410646 ^ _3302_/CLK (sky130_fd_sc_hd__dfrtp_4)
     6    0.019790    0.080202    0.517706    0.928352 v _3302_/Q (sky130_fd_sc_hd__dfrtp_4)
                                                         B_reg[12] (net)
                      0.080202    0.001279    0.929631 v _1910_/C (sky130_fd_sc_hd__and3_1)
     3    0.007353    0.056754    0.212340    1.141971 v _1910_/X (sky130_fd_sc_hd__and3_1)
                                                         _1175_ (net)
                      0.056754    0.000219    1.142190 v _2300_/A (sky130_fd_sc_hd__or4_4)
     4    0.010272    0.094487    0.550449    1.692639 v _2300_/X (sky130_fd_sc_hd__or4_4)
                                                         _1553_ (net)
                      0.094596    0.000268    1.692907 v _2304_/A1 (sky130_fd_sc_hd__a21o_1)
     3    0.008131    0.056283    0.195219    1.888126 v _2304_/X (sky130_fd_sc_hd__a21o_1)
                                                         _1557_ (net)
                      0.056283    0.000232    1.888358 v _2307_/A2 (sky130_fd_sc_hd__a21oi_1)
     3    0.012070    0.277944    0.271308    2.159666 ^ _2307_/Y (sky130_fd_sc_hd__a21oi_1)
                                                         _1560_ (net)
                      0.277944    0.000269    2.159935 ^ _2311_/B (sky130_fd_sc_hd__xor2_1)
     3    0.011051    0.258196    0.282740    2.442675 ^ _2311_/X (sky130_fd_sc_hd__xor2_1)
                                                         _1564_ (net)
                      0.258197    0.000387    2.443063 ^ _2313_/A2 (sky130_fd_sc_hd__a21o_1)
     4    0.011520    0.107829    0.209420    2.652483 ^ _2313_/X (sky130_fd_sc_hd__a21o_1)
                                                         _1566_ (net)
                      0.107829    0.000360    2.652843 ^ _2318_/A1 (sky130_fd_sc_hd__a21oi_1)
     3    0.011388    0.097804    0.120490    2.773333 v _2318_/Y (sky130_fd_sc_hd__a21oi_1)
                                                         _1571_ (net)
                      0.097804    0.000324    2.773657 v _2321_/B (sky130_fd_sc_hd__or3_4)
     3    0.007750    0.071084    0.388607    3.162264 v _2321_/X (sky130_fd_sc_hd__or3_4)
                                                         _1574_ (net)
                      0.071084    0.000178    3.162442 v _2326_/A1 (sky130_fd_sc_hd__a21o_1)
     4    0.010670    0.065161    0.195861    3.358303 v _2326_/X (sky130_fd_sc_hd__a21o_1)
                                                         _1579_ (net)
                      0.065161    0.000292    3.358595 v _2328_/A (sky130_fd_sc_hd__and3_1)
     2    0.006613    0.053333    0.166159    3.524754 v _2328_/X (sky130_fd_sc_hd__and3_1)
                                                         _1581_ (net)
                      0.053333    0.000220    3.524974 v _2330_/A (sky130_fd_sc_hd__or3_4)
     3    0.007625    0.071038    0.390852    3.915826 v _2330_/X (sky130_fd_sc_hd__or3_4)
                                                         _1583_ (net)
                      0.071038    0.000249    3.916075 v _2334_/A1 (sky130_fd_sc_hd__a21o_1)
     4    0.010084    0.062864    0.193758    4.109833 v _2334_/X (sky130_fd_sc_hd__a21o_1)
                                                         _1587_ (net)
                      0.062864    0.000188    4.110021 v rebuffer10/A (sky130_fd_sc_hd__dlymetal6s2s_1)
     2    0.007392    0.056410    0.160924    4.270946 v rebuffer10/X (sky130_fd_sc_hd__dlymetal6s2s_1)
                                                         net63 (net)
                      0.056410    0.000131    4.271077 v _2343_/A1 (sky130_fd_sc_hd__a21bo_1)
     1    0.004262    0.040822    0.173562    4.444638 v _2343_/X (sky130_fd_sc_hd__a21bo_1)
                                                         _1596_ (net)
                      0.040822    0.000162    4.444800 v _2344_/B1 (sky130_fd_sc_hd__a22o_1)
     2    0.005818    0.053928    0.189402    4.634202 v _2344_/X (sky130_fd_sc_hd__a22o_1)
                                                         _1597_ (net)
                      0.053928    0.000180    4.634381 v _2347_/B1 (sky130_fd_sc_hd__a21o_1)
     4    0.009320    0.059904    0.182094    4.816476 v _2347_/X (sky130_fd_sc_hd__a21o_1)
                                                         _1600_ (net)
                      0.059904    0.000239    4.816715 v _2348_/A2 (sky130_fd_sc_hd__a21oi_1)
     3    0.012359    0.283502    0.276740    5.093455 ^ _2348_/Y (sky130_fd_sc_hd__a21oi_1)
                                                         _1601_ (net)
                      0.283503    0.000483    5.093938 ^ _2349_/B (sky130_fd_sc_hd__xnor2_1)
     3    0.016589    0.388911    0.261309    5.355247 ^ _2349_/Y (sky130_fd_sc_hd__xnor2_1)
                                                         _1602_ (net)
                      0.388911    0.000416    5.355663 ^ _2355_/A2 (sky130_fd_sc_hd__a21o_1)
     4    0.009556    0.092347    0.216375    5.572039 ^ _2355_/X (sky130_fd_sc_hd__a21o_1)
                                                         _0109_ (net)
                      0.092347    0.000236    5.572275 ^ _2360_/A1 (sky130_fd_sc_hd__a21oi_1)
     3    0.011606    0.099680    0.116246    5.688520 v _2360_/Y (sky130_fd_sc_hd__a21oi_1)
                                                         _0114_ (net)
                      0.099680    0.000386    5.688906 v _2364_/B (sky130_fd_sc_hd__or3_4)
     3    0.007793    0.071157    0.389423    6.078329 v _2364_/X (sky130_fd_sc_hd__or3_4)
                                                         _0118_ (net)
                      0.071157    0.000176    6.078505 v _2366_/A1 (sky130_fd_sc_hd__a21o_1)
     4    0.011147    0.067037    0.197597    6.276102 v _2366_/X (sky130_fd_sc_hd__a21o_1)
                                                         _0120_ (net)
                      0.067037    0.000310    6.276411 v _2369_/A1 (sky130_fd_sc_hd__a21oi_1)
     3    0.012447    0.285094    0.261968    6.538379 ^ _2369_/Y (sky130_fd_sc_hd__a21oi_1)
                                                         _0123_ (net)
                      0.285094    0.000292    6.538671 ^ _2373_/B (sky130_fd_sc_hd__xnor2_1)
     4    0.013243    0.321248    0.236286    6.774957 ^ _2373_/Y (sky130_fd_sc_hd__xnor2_1)
                                                         _0127_ (net)
                      0.321249    0.000392    6.775349 ^ _2378_/A2 (sky130_fd_sc_hd__a21o_1)
     4    0.011536    0.108238    0.219690    6.995040 ^ _2378_/X (sky130_fd_sc_hd__a21o_1)
                                                         _0132_ (net)
                      0.108238    0.000263    6.995303 ^ _2382_/A2 (sky130_fd_sc_hd__a21oi_1)
     3    0.011515    0.099736    0.124226    7.119528 v _2382_/Y (sky130_fd_sc_hd__a21oi_1)
                                                         _0136_ (net)
                      0.099736    0.000233    7.119761 v _2385_/B (sky130_fd_sc_hd__or3_4)
     3    0.008692    0.072577    0.392156    7.511918 v _2385_/X (sky130_fd_sc_hd__or3_4)
                                                         _0139_ (net)
                      0.072577    0.000272    7.512189 v _2387_/A1 (sky130_fd_sc_hd__a21o_1)
     4    0.012354    0.071862    0.202552    7.714741 v _2387_/X (sky130_fd_sc_hd__a21o_1)
                                                         _0141_ (net)
                      0.071862    0.000227    7.714968 v _2390_/A (sky130_fd_sc_hd__and3_1)
     3    0.009327    0.064222    0.181557    7.896525 v _2390_/X (sky130_fd_sc_hd__and3_1)
                                                         _0144_ (net)
                      0.064222    0.000193    7.896718 v _2392_/C (sky130_fd_sc_hd__or3_4)
     3    0.008075    0.071586    0.339498    8.236217 v _2392_/X (sky130_fd_sc_hd__or3_4)
                                                         _0146_ (net)
                      0.071586    0.000137    8.236353 v _2397_/A1 (sky130_fd_sc_hd__a21o_1)
     4    0.010087    0.062793    0.194059    8.430412 v _2397_/X (sky130_fd_sc_hd__a21o_1)
                                                         _0151_ (net)
                      0.062793    0.000151    8.430563 v _2406_/A (sky130_fd_sc_hd__and3_1)
     2    0.006257    0.051679    0.163453    8.594016 v _2406_/X (sky130_fd_sc_hd__and3_1)
                                                         _0160_ (net)
                      0.051679    0.000140    8.594156 v _2408_/C (sky130_fd_sc_hd__or3_4)
     3    0.008996    0.073028    0.338202    8.932359 v _2408_/X (sky130_fd_sc_hd__or3_4)
                                                         _0162_ (net)
                      0.073028    0.000201    8.932560 v _2410_/A1 (sky130_fd_sc_hd__a21o_1)
     3    0.007221    0.052090    0.182171    9.114731 v _2410_/X (sky130_fd_sc_hd__a21o_1)
                                                         _0164_ (net)
                      0.052090    0.000250    9.114981 v _2413_/A (sky130_fd_sc_hd__and3_1)
     2    0.006204    0.051465    0.158455    9.273436 v _2413_/X (sky130_fd_sc_hd__and3_1)
                                                         _0167_ (net)
                      0.051465    0.000217    9.273652 v _2415_/C (sky130_fd_sc_hd__or3_4)
     3    0.006889    0.069827    0.331762    9.605414 v _2415_/X (sky130_fd_sc_hd__or3_4)
                                                         _0169_ (net)
                      0.069827    0.000137    9.605552 v _2420_/A1 (sky130_fd_sc_hd__a21o_1)
     3    0.008324    0.057165    0.185936    9.791487 v _2420_/X (sky130_fd_sc_hd__a21o_1)
                                                         _0174_ (net)
                      0.057165    0.000121    9.791608 v _2428_/A1 (sky130_fd_sc_hd__a21bo_1)
     1    0.004811    0.043068    0.176438    9.968045 v _2428_/X (sky130_fd_sc_hd__a21bo_1)
                                                         _0180_ (net)
                      0.043068    0.000115    9.968160 v _2429_/B (sky130_fd_sc_hd__xor2_1)
     1    0.002739    0.068581    0.134853   10.103013 v _2429_/X (sky130_fd_sc_hd__xor2_1)
                                                         _0181_ (net)
                      0.068581    0.000060   10.103072 v _2430_/A1 (sky130_fd_sc_hd__mux2_4)
     1    0.003123    0.048331    0.259714   10.362786 v _2430_/X (sky130_fd_sc_hd__mux2_4)
                                                         _0025_ (net)
                      0.048331    0.000078   10.362864 v _3238_/D (sky130_fd_sc_hd__dfrtp_4)
                                             10.362864   data arrival time

                                 10.500000   10.500000   clock clk (rise edge)
                                  0.000000   10.500000   clock source latency
     2    0.030799    0.000000    0.000000   10.500000 ^ clk (in)
                                                         clk (net)
                      0.001910    0.000955   10.500955 ^ clkbuf_0_clk/A (sky130_fd_sc_hd__clkbuf_16)
    17    0.133945    0.146871    0.191732   10.692687 ^ clkbuf_0_clk/X (sky130_fd_sc_hd__clkbuf_16)
                                                         clknet_0_clk (net)
                      0.147359    0.006808   10.699495 ^ clkbuf_3_3__f_clk/A (sky130_fd_sc_hd__clkbuf_16)
    35    0.088714    0.105236    0.213093   10.912587 ^ clkbuf_3_3__f_clk/X (sky130_fd_sc_hd__clkbuf_16)
                                                         clknet_3_3__leaf_clk (net)
                      0.105298    0.002355   10.914943 ^ _3238_/CLK (sky130_fd_sc_hd__dfrtp_4)
                                 -0.100000   10.814943   clock uncertainty
                                  0.000000   10.814943   clock reconvergence pessimism
                                 -0.101925   10.713018   library setup time
                                             10.713018   data required time
---------------------------------------------------------------------------------------------
                                             10.713018   data required time
                                            -10.362864   data arrival time
---------------------------------------------------------------------------------------------
                                              0.350154   slack (MET)




===========================================================================
report_checks --slack_max -0.01
============================================================================
======================= nom_tt_025C_1v80 Corner ===================================

No paths found.


===========================================================================
 report_check_types -max_slew -max_cap -max_fanout -violators
============================================================================
======================= nom_tt_025C_1v80 Corner ===================================



===========================================================================
report_parasitic_annotation -report_unannotated
============================================================================
Found 7 unannotated drivers.
 clkload0/Y
 clkload1/Y
 clkload2/Y
 clkload3/Y
 clkload4/Y
 clkload5/Y
 clkload6/Y
Found 0 partially unannotated drivers.

===========================================================================
max slew violation count 0
Writing metric design__max_slew_violation__count__corner:nom_tt_025C_1v80: 0
max fanout violation count 0
Writing metric design__max_fanout_violation__count__corner:nom_tt_025C_1v80: 0
max cap violation count 0
Writing metric design__max_cap_violation__count__corner:nom_tt_025C_1v80: 0
============================================================================

===========================================================================
check_setup -verbose -unconstrained_endpoints -multiple_clock -no_clock -no_input_delay -loops -generated_clocks
===========================================================================
Warning: There are 36 input ports missing set_input_delay.
  A_in[0]
  A_in[10]
  A_in[11]
  A_in[12]
  A_in[13]
  A_in[14]
  A_in[15]
  A_in[1]
  A_in[2]
  A_in[3]
  A_in[4]
  A_in[5]
  A_in[6]
  A_in[7]
  A_in[8]
  A_in[9]
  B_in[0]
  B_in[10]
  B_in[11]
  B_in[12]
  B_in[13]
  B_in[14]
  B_in[15]
  B_in[1]
  B_in[2]
  B_in[3]
  B_in[4]
  B_in[5]
  B_in[6]
  B_in[7]
  B_in[8]
  B_in[9]
  Op_Sel[0]
  Op_Sel[1]
  Start
  rst_n
Warning: There are 17 unconstrained endpoints.
  Done
  X_out[0]
  X_out[10]
  X_out[11]
  X_out[12]
  X_out[13]
  X_out[14]
  X_out[15]
  X_out[1]
  X_out[2]
  X_out[3]
  X_out[4]
  X_out[5]
  X_out[6]
  X_out[7]
  X_out[8]
  X_out[9]
