
===========================================================================
report_checks -unconstrained
===========================================================================
======================= max_tt_025C_1v80 Corner ===================================

Startpoint: _3302_ (rising edge-triggered flip-flop clocked by clk)
Endpoint: _3237_ (rising edge-triggered flip-flop clocked by clk)
Path Group: clk
Path Type: max

Fanout         Cap        Slew       Delay        Time   Description
---------------------------------------------------------------------------------------------
                                  0.000000    0.000000   clock clk (rise edge)
                                  0.000000    0.000000   clock source latency
     2    0.042646    0.000000    0.000000    0.000000 ^ clk (in)
                                                         clk (net)
                      0.003029    0.001515    0.001515 ^ clkbuf_0_clk/A (sky130_fd_sc_hd__clkbuf_16)
    17    0.169646    0.181812    0.213060    0.214574 ^ clkbuf_0_clk/X (sky130_fd_sc_hd__clkbuf_16)
                                                         clknet_0_clk (net)
                      0.183188    0.012697    0.227271 ^ clkbuf_3_0__f_clk/A (sky130_fd_sc_hd__clkbuf_16)
    25    0.097465    0.114595    0.229001    0.456272 ^ clkbuf_3_0__f_clk/X (sky130_fd_sc_hd__clkbuf_16)
                                                         clknet_3_0__leaf_clk (net)
                      0.115217    0.006406    0.462678 ^ _3302_/CLK (sky130_fd_sc_hd__dfrtp_4)
     6    0.024795    0.085885    0.532132    0.994811 v _3302_/Q (sky130_fd_sc_hd__dfrtp_4)
                                                         B_reg[12] (net)
                      0.085936    0.002320    0.997130 v _1910_/C (sky130_fd_sc_hd__and3_1)
     3    0.007174    0.056007    0.213946    1.211076 v _1910_/X (sky130_fd_sc_hd__and3_1)
                                                         _1175_ (net)
                      0.056009    0.000435    1.211511 v _2300_/A (sky130_fd_sc_hd__or4_4)
     4    0.009738    0.093699    0.548156    1.759667 v _2300_/X (sky130_fd_sc_hd__or4_4)
                                                         _1553_ (net)
                      0.093699    0.000551    1.760218 v _2304_/A1 (sky130_fd_sc_hd__a21o_1)
     3    0.007735    0.054508    0.192943    1.953161 v _2304_/X (sky130_fd_sc_hd__a21o_1)
                                                         _1557_ (net)
                      0.054511    0.000431    1.953593 v _2307_/A2 (sky130_fd_sc_hd__a21oi_1)
     3    0.011089    0.259142    0.256615    2.210207 ^ _2307_/Y (sky130_fd_sc_hd__a21oi_1)
                                                         _1560_ (net)
                      0.259143    0.000390    2.210597 ^ _2311_/B (sky130_fd_sc_hd__xor2_1)
     3    0.010938    0.256194    0.278591    2.489188 ^ _2311_/X (sky130_fd_sc_hd__xor2_1)
                                                         _1564_ (net)
                      0.256200    0.000982    2.490170 ^ _2313_/A2 (sky130_fd_sc_hd__a21o_1)
     4    0.011078    0.104215    0.206261    2.696432 ^ _2313_/X (sky130_fd_sc_hd__a21o_1)
                                                         _1566_ (net)
                      0.104216    0.000557    2.696989 ^ _2318_/A1 (sky130_fd_sc_hd__a21oi_1)
     3    0.013377    0.110450    0.129246    2.826235 v _2318_/Y (sky130_fd_sc_hd__a21oi_1)
                                                         _1571_ (net)
                      0.110494    0.000721    2.826956 v _2321_/B (sky130_fd_sc_hd__or3_4)
     3    0.009128    0.073344    0.397338    3.224294 v _2321_/X (sky130_fd_sc_hd__or3_4)
                                                         _1574_ (net)
                      0.073344    0.000570    3.224864 v _2326_/A1 (sky130_fd_sc_hd__a21o_1)
     4    0.011009    0.066582    0.197831    3.422695 v _2326_/X (sky130_fd_sc_hd__a21o_1)
                                                         _1579_ (net)
                      0.066588    0.000675    3.423370 v _2328_/B (sky130_fd_sc_hd__and3_1)
     2    0.006601    0.053381    0.186958    3.610328 v _2328_/X (sky130_fd_sc_hd__and3_1)
                                                         _1581_ (net)
                      0.053385    0.000509    3.610837 v _2330_/A (sky130_fd_sc_hd__or3_4)
     3    0.007560    0.070939    0.390667    4.001504 v _2330_/X (sky130_fd_sc_hd__or3_4)
                                                         _1583_ (net)
                      0.070939    0.000282    4.001787 v _2334_/A1 (sky130_fd_sc_hd__a21o_1)
     3    0.010393    0.064131    0.194685    4.196472 v _2334_/X (sky130_fd_sc_hd__a21o_1)
                                                         _1587_ (net)
                      0.064131    0.000338    4.196811 v rebuffer3/A (sky130_fd_sc_hd__clkbuf_2)
     3    0.009824    0.047418    0.128522    4.325332 v rebuffer3/X (sky130_fd_sc_hd__clkbuf_2)
                                                         net56 (net)
                      0.047427    0.000644    4.325976 v _2340_/B1 (sky130_fd_sc_hd__a22oi_2)
     2    0.010612    0.200300    0.172046    4.498023 ^ _2340_/Y (sky130_fd_sc_hd__a22oi_2)
                                                         _1593_ (net)
                      0.200300    0.000574    4.498597 ^ _2344_/A2 (sky130_fd_sc_hd__a22o_1)
     2    0.009221    0.101173    0.212843    4.711440 ^ _2344_/X (sky130_fd_sc_hd__a22o_1)
                                                         _1597_ (net)
                      0.101175    0.000652    4.712092 ^ _2347_/B1 (sky130_fd_sc_hd__a21o_1)
     4    0.010950    0.103149    0.139703    4.851795 ^ _2347_/X (sky130_fd_sc_hd__a21o_1)
                                                         _1600_ (net)
                      0.103151    0.000645    4.852440 ^ rebuffer9/A (sky130_fd_sc_hd__buf_1)
     1    0.005740    0.076902    0.120106    4.972546 ^ rebuffer9/X (sky130_fd_sc_hd__buf_1)
                                                         net62 (net)
                      0.076902    0.000278    4.972823 ^ _2348_/A2 (sky130_fd_sc_hd__a21oi_2)
     3    0.016157    0.089552    0.090425    5.063249 v _2348_/Y (sky130_fd_sc_hd__a21oi_2)
                                                         _1601_ (net)
                      0.089568    0.000981    5.064229 v _2352_/B (sky130_fd_sc_hd__or3_4)
     2    0.007389    0.070570    0.384438    5.448667 v _2352_/X (sky130_fd_sc_hd__or3_4)
                                                         _0106_ (net)
                      0.070570    0.000438    5.449105 v _2355_/A1 (sky130_fd_sc_hd__a21o_1)
     4    0.012099    0.071028    0.200357    5.649462 v _2355_/X (sky130_fd_sc_hd__a21o_1)
                                                         _0109_ (net)
                      0.071045    0.001080    5.650543 v _2360_/A1 (sky130_fd_sc_hd__a21oi_2)
     3    0.013118    0.183332    0.202062    5.852605 ^ _2360_/Y (sky130_fd_sc_hd__a21oi_2)
                                                         _0114_ (net)
                      0.183343    0.001104    5.853710 ^ _2361_/B (sky130_fd_sc_hd__xnor2_1)
     3    0.016152    0.380132    0.239516    6.093225 ^ _2361_/Y (sky130_fd_sc_hd__xnor2_1)
                                                         _0115_ (net)
                      0.380135    0.000824    6.094049 ^ _2366_/A2 (sky130_fd_sc_hd__a21o_1)
     3    0.008397    0.083792    0.207929    6.301978 ^ _2366_/X (sky130_fd_sc_hd__a21o_1)
                                                         _0120_ (net)
                      0.083793    0.000450    6.302428 ^ rebuffer11/A (sky130_fd_sc_hd__clkbuf_2)
     2    0.012862    0.077519    0.143146    6.445574 ^ rebuffer11/X (sky130_fd_sc_hd__clkbuf_2)
                                                         net64 (net)
                      0.077531    0.000977    6.446550 ^ _2369_/A1 (sky130_fd_sc_hd__a21oi_4)
     3    0.016156    0.054217    0.070216    6.516767 v _2369_/Y (sky130_fd_sc_hd__a21oi_4)
                                                         _0123_ (net)
                      0.054221    0.000843    6.517610 v _2372_/B (sky130_fd_sc_hd__or3_4)
     3    0.009345    0.073498    0.377430    6.895040 v _2372_/X (sky130_fd_sc_hd__or3_4)
                                                         _0126_ (net)
                      0.073605    0.000474    6.895514 v _2378_/A1 (sky130_fd_sc_hd__a21o_1)
     4    0.010352    0.063875    0.195723    7.091237 v _2378_/X (sky130_fd_sc_hd__a21o_1)
                                                         _0132_ (net)
                      0.063876    0.000337    7.091574 v _2383_/A (sky130_fd_sc_hd__and3_1)
     2    0.007693    0.058460    0.170514    7.262088 v _2383_/X (sky130_fd_sc_hd__and3_1)
                                                         _0137_ (net)
                      0.058464    0.000499    7.262587 v _2385_/C (sky130_fd_sc_hd__or3_4)
     3    0.008501    0.072306    0.338815    7.601402 v _2385_/X (sky130_fd_sc_hd__or3_4)
                                                         _0139_ (net)
                      0.072306    0.000433    7.601835 v _2387_/A1 (sky130_fd_sc_hd__a21o_1)
     4    0.012768    0.073618    0.203750    7.805585 v _2387_/X (sky130_fd_sc_hd__a21o_1)
                                                         _0141_ (net)
                      0.073619    0.000428    7.806013 v _2390_/A (sky130_fd_sc_hd__and3_1)
     3    0.011148    0.071771    0.188860    7.994874 v _2390_/X (sky130_fd_sc_hd__and3_1)
                                                         _0144_ (net)
                      0.071773    0.000564    7.995438 v _2392_/C (sky130_fd_sc_hd__or3_4)
     3    0.007208    0.070222    0.339318    8.334755 v _2392_/X (sky130_fd_sc_hd__or3_4)
                                                         _0146_ (net)
                      0.070222    0.000373    8.335129 v _2397_/A1 (sky130_fd_sc_hd__a21o_1)
     4    0.011366    0.067969    0.197860    8.532989 v _2397_/X (sky130_fd_sc_hd__a21o_1)
                                                         _0151_ (net)
                      0.067969    0.000337    8.533325 v _2406_/A (sky130_fd_sc_hd__and3_1)
     2    0.006361    0.052199    0.166177    8.699503 v _2406_/X (sky130_fd_sc_hd__and3_1)
                                                         _0160_ (net)
                      0.052199    0.000221    8.699724 v _2408_/C (sky130_fd_sc_hd__or3_4)
     3    0.008790    0.072773    0.337622    9.037346 v _2408_/X (sky130_fd_sc_hd__or3_4)
                                                         _0162_ (net)
                      0.072773    0.000508    9.037854 v _2410_/A1 (sky130_fd_sc_hd__a21o_1)
     3    0.007743    0.054586    0.184309    9.222163 v _2410_/X (sky130_fd_sc_hd__a21o_1)
                                                         _0164_ (net)
                      0.054589    0.000429    9.222591 v _2413_/A (sky130_fd_sc_hd__and3_1)
     2    0.006310    0.052006    0.159937    9.382529 v _2413_/X (sky130_fd_sc_hd__and3_1)
                                                         _0167_ (net)
                      0.052007    0.000339    9.382868 v _2415_/C (sky130_fd_sc_hd__or3_4)
     3    0.006833    0.069728    0.331696    9.714564 v _2415_/X (sky130_fd_sc_hd__or3_4)
                                                         _0169_ (net)
                      0.069728    0.000366    9.714931 v _2420_/A1 (sky130_fd_sc_hd__a21o_1)
     4    0.012212    0.071422    0.200594    9.915524 v _2420_/X (sky130_fd_sc_hd__a21o_1)
                                                         _0174_ (net)
                      0.071426    0.000621    9.916145 v _2423_/A1 (sky130_fd_sc_hd__a21o_1)
     2    0.008766    0.058571    0.188318   10.104464 v _2423_/X (sky130_fd_sc_hd__a21o_1)
                                                         _0177_ (net)
                      0.058577    0.000619   10.105083 v _2426_/B (sky130_fd_sc_hd__xnor2_1)
     1    0.003457    0.056696    0.126708   10.231790 v _2426_/Y (sky130_fd_sc_hd__xnor2_1)
                                                         _0179_ (net)
                      0.056696    0.000148   10.231938 v _2427_/A1 (sky130_fd_sc_hd__mux2_4)
     1    0.003192    0.048497    0.255584   10.487522 v _2427_/X (sky130_fd_sc_hd__mux2_4)
                                                         _0024_ (net)
                      0.048497    0.000203   10.487724 v _3237_/D (sky130_fd_sc_hd__dfrtp_4)
                                             10.487724   data arrival time

                                 12.000000   12.000000   clock clk (rise edge)
                                  0.000000   12.000000   clock source latency
     2    0.042646    0.000000    0.000000   12.000000 ^ clk (in)
                                                         clk (net)
                      0.003029    0.001514   12.001513 ^ clkbuf_0_clk/A (sky130_fd_sc_hd__clkbuf_16)
    17    0.169646    0.181812    0.213060   12.214574 ^ clkbuf_0_clk/X (sky130_fd_sc_hd__clkbuf_16)
                                                         clknet_0_clk (net)
                      0.183009    0.011871   12.226444 ^ clkbuf_3_3__f_clk/A (sky130_fd_sc_hd__clkbuf_16)
    35    0.104182    0.121200    0.232811   12.459255 ^ clkbuf_3_3__f_clk/X (sky130_fd_sc_hd__clkbuf_16)
                                                         clknet_3_3__leaf_clk (net)
                      0.121585    0.005584   12.464839 ^ _3237_/CLK (sky130_fd_sc_hd__dfrtp_4)
                                 -0.100000   12.364840   clock uncertainty
                                  0.000000   12.364840   clock reconvergence pessimism
                                 -0.098268   12.266571   library setup time
                                             12.266571   data required time
---------------------------------------------------------------------------------------------
                                             12.266571   data required time
                                            -10.487724   data arrival time
---------------------------------------------------------------------------------------------
                                              1.778847   slack (MET)




===========================================================================
report_checks --slack_max -0.01
============================================================================
======================= max_tt_025C_1v80 Corner ===================================

No paths found.


===========================================================================
 report_check_types -max_slew -max_cap -max_fanout -violators
============================================================================
======================= max_tt_025C_1v80 Corner ===================================



===========================================================================
report_parasitic_annotation -report_unannotated
============================================================================
Found 7 unannotated drivers.
 clkload0/Y
 clkload1/Y
 clkload2/Y
 clkload3/Y
 clkload4/Y
 clkload5/Y
 clkload6/Y
Found 0 partially unannotated drivers.

===========================================================================
max slew violation count 0
max fanout violation count 0
max cap violation count 0
============================================================================

===========================================================================
check_setup -verbose -unconstrained_endpoints -multiple_clock -no_clock -no_input_delay -loops -generated_clocks
===========================================================================
Warning: There are 36 input ports missing set_input_delay.
  A_in[0]
  A_in[10]
  A_in[11]
  A_in[12]
  A_in[13]
  A_in[14]
  A_in[15]
  A_in[1]
  A_in[2]
  A_in[3]
  A_in[4]
  A_in[5]
  A_in[6]
  A_in[7]
  A_in[8]
  A_in[9]
  B_in[0]
  B_in[10]
  B_in[11]
  B_in[12]
  B_in[13]
  B_in[14]
  B_in[15]
  B_in[1]
  B_in[2]
  B_in[3]
  B_in[4]
  B_in[5]
  B_in[6]
  B_in[7]
  B_in[8]
  B_in[9]
  Op_Sel[0]
  Op_Sel[1]
  Start
  rst_n
Warning: There are 17 unconstrained endpoints.
  Done
  X_out[0]
  X_out[10]
  X_out[11]
  X_out[12]
  X_out[13]
  X_out[14]
  X_out[15]
  X_out[1]
  X_out[2]
  X_out[3]
  X_out[4]
  X_out[5]
  X_out[6]
  X_out[7]
  X_out[8]
  X_out[9]
