Clock: clk
Sources: clk 
Generated: no
Virtual: yes
Propagated: no
Period: 5.000000

===========================================================================
report_clock_properties
============================================================================
Clock                   Period          Waveform
----------------------------------------------------
clk                   5.000000    0.000000  2.500000

===========================================================================
report_clock_latency
============================================================================
Clock clk
rise -> rise
    min     max
0.000000 0.000000 source latency
0.313096         network latency _3220_/CLK
        0.342731 network latency _3295_/CLK
---------------
0.313096 0.342731 latency
        0.029635 skew

fall -> fall
    min     max
0.000000 0.000000 source latency
0.295423         network latency _3220_/CLK
        0.320213 network latency _3295_/CLK
---------------
0.295423 0.320213 latency
        0.024790 skew



===========================================================================
report_clock_min_period
============================================================================
clk period_min = 6.41 fmax = 156.13
