Clock: clk
Sources: clk 
Generated: no
Virtual: yes
Propagated: no
Period: 5.000000

===========================================================================
report_clock_properties
============================================================================
Clock                   Period          Waveform
----------------------------------------------------
clk                   5.000000    0.000000  2.500000

===========================================================================
report_clock_latency
============================================================================
Clock clk
rise -> rise
    min     max
0.000000 0.000000 source latency
0.747815         network latency _3220_/CLK
        0.785467 network latency _3295_/CLK
---------------
0.747815 0.785467 latency
        0.037652 skew

fall -> fall
    min     max
0.000000 0.000000 source latency
0.718401         network latency _3220_/CLK
        0.748041 network latency _3295_/CLK
---------------
0.718401 0.748041 latency
        0.029640 skew



===========================================================================
report_clock_min_period
============================================================================
clk period_min = 20.10 fmax = 49.76
