Clock: clk
Sources: clk 
Generated: no
Virtual: yes
Propagated: no
Period: 13.000000

===========================================================================
report_clock_properties
============================================================================
Clock                   Period          Waveform
----------------------------------------------------
clk                  13.000000    0.000000  6.500000

===========================================================================
report_clock_latency
============================================================================
Clock clk
rise -> rise
    min     max
0.000000 0.000000 source latency
0.370143         network latency _3319_/CLK
        0.379680 network latency _3256_/CLK
---------------
0.370143 0.379680 latency
        0.009537 skew

fall -> fall
    min     max
0.000000 0.000000 source latency
0.365722         network latency _3319_/CLK
        0.373162 network latency _3256_/CLK
---------------
0.365722 0.373162 latency
        0.007440 skew



===========================================================================
report_clock_min_period
============================================================================
clk period_min = 10.44 fmax = 95.75
