Clock: clk
Sources: clk 
Generated: no
Virtual: yes
Propagated: no
Period: 14.000000

===========================================================================
report_clock_properties
============================================================================
Clock                   Period          Waveform
----------------------------------------------------
clk                  14.000000    0.000000  7.000000

===========================================================================
report_clock_latency
============================================================================
Clock clk
rise -> rise
    min     max
0.000000 0.000000 source latency
0.440195         network latency _3222_/CLK
        0.463190 network latency _3295_/CLK
---------------
0.440195 0.463190 latency
        0.022995 skew

fall -> fall
    min     max
0.000000 0.000000 source latency
0.415991         network latency _3222_/CLK
        0.434869 network latency _3295_/CLK
---------------
0.415991 0.434869 latency
        0.018879 skew



===========================================================================
report_clock_min_period
============================================================================
clk period_min = 10.17 fmax = 98.36
