Clock: clk
Sources: clk 
Generated: no
Virtual: yes
Propagated: no
Period: 10.000000

===========================================================================
report_clock_properties
============================================================================
Clock                   Period          Waveform
----------------------------------------------------
clk                  10.000000    0.000000  5.000000

===========================================================================
report_clock_latency
============================================================================
Clock clk
rise -> rise
    min     max
0.000000 0.000000 source latency
0.315183         network latency _3241_/CLK
        0.335657 network latency _3256_/CLK
---------------
0.315183 0.335657 latency
        0.020474 skew

fall -> fall
    min     max
0.000000 0.000000 source latency
0.297049         network latency _3241_/CLK
        0.313267 network latency _3256_/CLK
---------------
0.297049 0.313267 latency
        0.016218 skew



===========================================================================
report_clock_min_period
============================================================================
clk period_min = 6.40 fmax = 156.24
