Clock: clk
Sources: clk 
Generated: no
Virtual: yes
Propagated: no
Period: 100.000000

===========================================================================
report_clock_properties
============================================================================
Clock                   Period          Waveform
----------------------------------------------------
clk                 100.000000    0.000000 50.000000

===========================================================================
report_clock_latency
============================================================================
Clock clk
rise -> rise
    min     max
0.000000 0.000000 source latency
0.312626         network latency _3221_/CLK
        0.335507 network latency _3253_/CLK
---------------
0.312626 0.335507 latency
        0.022881 skew

fall -> fall
    min     max
0.000000 0.000000 source latency
0.294939         network latency _3221_/CLK
        0.313218 network latency _3253_/CLK
---------------
0.294939 0.313218 latency
        0.018279 skew



===========================================================================
report_clock_min_period
============================================================================
clk period_min = 6.69 fmax = 149.59
