
===========================================================================
report_checks -unconstrained
===========================================================================
======================= min_tt_025C_1v80 Corner ===================================

Startpoint: _3302_ (rising edge-triggered flip-flop clocked by clk)
Endpoint: _3238_ (rising edge-triggered flip-flop clocked by clk)
Path Group: clk
Path Type: max

Fanout         Cap        Slew       Delay        Time   Description
---------------------------------------------------------------------------------------------
                                  0.000000    0.000000   clock clk (rise edge)
                                  0.000000    0.000000   clock source latency
     2    0.037289    0.000000    0.000000    0.000000 ^ clk (in)
                                                         clk (net)
                      0.001529    0.000764    0.000764 ^ clkbuf_0_clk/A (sky130_fd_sc_hd__clkbuf_16)
    17    0.156838    0.168884    0.208235    0.209000 ^ clkbuf_0_clk/X (sky130_fd_sc_hd__clkbuf_16)
                                                         clknet_0_clk (net)
                      0.169118    0.005095    0.214095 ^ clkbuf_3_0__f_clk/A (sky130_fd_sc_hd__clkbuf_16)
    25    0.091948    0.108725    0.222818    0.436913 ^ clkbuf_3_0__f_clk/X (sky130_fd_sc_hd__clkbuf_16)
                                                         clknet_3_0__leaf_clk (net)
                      0.108783    0.002355    0.439268 ^ _3302_/CLK (sky130_fd_sc_hd__dfrtp_4)
    15    0.048245    0.118889    0.570422    1.009691 v _3302_/Q (sky130_fd_sc_hd__dfrtp_4)
                                                         B_reg[12] (net)
                      0.118914    0.001682    1.011373 v _1910_/C (sky130_fd_sc_hd__and3_1)
     3    0.005866    0.049939    0.222806    1.234179 v _1910_/X (sky130_fd_sc_hd__and3_1)
                                                         _1175_ (net)
                      0.049939    0.000035    1.234214 v _2300_/B (sky130_fd_sc_hd__or4_1)
     4    0.009418    0.125456    0.557584    1.791798 v _2300_/X (sky130_fd_sc_hd__or4_1)
                                                         _1553_ (net)
                      0.125456    0.000067    1.791865 v _2304_/A2 (sky130_fd_sc_hd__a21o_1)
     3    0.007419    0.052945    0.225151    2.017017 v _2304_/X (sky130_fd_sc_hd__a21o_1)
                                                         _1557_ (net)
                      0.052945    0.000068    2.017084 v _2308_/C (sky130_fd_sc_hd__and3_1)
     2    0.005216    0.047048    0.189532    2.206616 v _2308_/X (sky130_fd_sc_hd__and3_1)
                                                         _1561_ (net)
                      0.047048    0.000054    2.206670 v _2310_/C (sky130_fd_sc_hd__or3_1)
     3    0.006278    0.084114    0.329897    2.536567 v _2310_/X (sky130_fd_sc_hd__or3_1)
                                                         _1563_ (net)
                      0.084114    0.000044    2.536610 v _2313_/A1 (sky130_fd_sc_hd__a21o_1)
     4    0.010647    0.065013    0.201263    2.737874 v _2313_/X (sky130_fd_sc_hd__a21o_1)
                                                         _1566_ (net)
                      0.065013    0.000120    2.737994 v _2319_/B (sky130_fd_sc_hd__and3_1)
     2    0.005811    0.049653    0.182629    2.920622 v _2319_/X (sky130_fd_sc_hd__and3_1)
                                                         _1572_ (net)
                      0.049653    0.000072    2.920694 v _2321_/C (sky130_fd_sc_hd__or3_1)
     3    0.006993    0.088452    0.335945    3.256640 v _2321_/X (sky130_fd_sc_hd__or3_1)
                                                         _1574_ (net)
                      0.088452    0.000041    3.256680 v _2326_/A1 (sky130_fd_sc_hd__a21o_1)
     4    0.009673    0.061167    0.199575    3.456256 v _2326_/X (sky130_fd_sc_hd__a21o_1)
                                                         _1579_ (net)
                      0.061167    0.000082    3.456338 v _2328_/C (sky130_fd_sc_hd__and3_1)
     2    0.005103    0.046570    0.192726    3.649064 v _2328_/X (sky130_fd_sc_hd__and3_1)
                                                         _1581_ (net)
                      0.046570    0.000052    3.649116 v _2330_/C (sky130_fd_sc_hd__or3_2)
     4    0.014087    0.112783    0.464980    4.114096 v _2330_/X (sky130_fd_sc_hd__or3_2)
                                                         _1583_ (net)
                      0.112783    0.000128    4.114224 v _2334_/A1 (sky130_fd_sc_hd__a21o_1)
     5    0.015549    0.084837    0.230618    4.344842 v _2334_/X (sky130_fd_sc_hd__a21o_1)
                                                         _1587_ (net)
                      0.084837    0.000147    4.344989 v _2338_/B (sky130_fd_sc_hd__and3_1)
     2    0.005356    0.047691    0.189376    4.534365 v _2338_/X (sky130_fd_sc_hd__and3_1)
                                                         _1591_ (net)
                      0.047691    0.000061    4.534425 v _2345_/C (sky130_fd_sc_hd__or3_1)
     3    0.008322    0.096134    0.345679    4.880104 v _2345_/X (sky130_fd_sc_hd__or3_1)
                                                         _1598_ (net)
                      0.096134    0.000080    4.880184 v _2347_/A1 (sky130_fd_sc_hd__a21o_1)
     4    0.010606    0.064847    0.206063    5.086246 v _2347_/X (sky130_fd_sc_hd__a21o_1)
                                                         _1600_ (net)
                      0.064847    0.000143    5.086390 v _2350_/C (sky130_fd_sc_hd__and3_1)
     2    0.005605    0.048742    0.196853    5.283243 v _2350_/X (sky130_fd_sc_hd__and3_1)
                                                         _1603_ (net)
                      0.048742    0.000054    5.283298 v _2352_/C (sky130_fd_sc_hd__or3_1)
     3    0.009387    0.100815    0.353499    5.636796 v _2352_/X (sky130_fd_sc_hd__or3_1)
                                                         _0106_ (net)
                      0.100815    0.000115    5.636911 v _2355_/A2 (sky130_fd_sc_hd__a21o_1)
     4    0.010900    0.066009    0.230312    5.867223 v _2355_/X (sky130_fd_sc_hd__a21o_1)
                                                         _0109_ (net)
                      0.066009    0.000172    5.867395 v _2362_/B (sky130_fd_sc_hd__and3_1)
     2    0.006333    0.052022    0.185601    6.052997 v _2362_/X (sky130_fd_sc_hd__and3_1)
                                                         _0116_ (net)
                      0.052022    0.000095    6.053091 v _2364_/C (sky130_fd_sc_hd__or3_1)
     3    0.007443    0.091319    0.339881    6.392972 v _2364_/X (sky130_fd_sc_hd__or3_1)
                                                         _0118_ (net)
                      0.091319    0.000100    6.393073 v _2366_/A2 (sky130_fd_sc_hd__a21o_1)
     4    0.009945    0.062209    0.223112    6.616185 v _2366_/X (sky130_fd_sc_hd__a21o_1)
                                                         _0120_ (net)
                      0.062209    0.000123    6.616308 v _2370_/B (sky130_fd_sc_hd__and3_1)
     2    0.005881    0.049970    0.181707    6.798015 v _2370_/X (sky130_fd_sc_hd__and3_1)
                                                         _0124_ (net)
                      0.049970    0.000070    6.798085 v _2372_/C (sky130_fd_sc_hd__or3_1)
     3    0.008824    0.097943    0.350020    7.148104 v _2372_/X (sky130_fd_sc_hd__or3_1)
                                                         _0126_ (net)
                      0.097943    0.000089    7.148193 v _2378_/A1 (sky130_fd_sc_hd__a21o_1)
     4    0.010168    0.063121    0.205262    7.353456 v _2378_/X (sky130_fd_sc_hd__a21o_1)
                                                         _0132_ (net)
                      0.063121    0.000069    7.353525 v _2383_/C (sky130_fd_sc_hd__and3_1)
     2    0.006748    0.053896    0.201624    7.555149 v _2383_/X (sky130_fd_sc_hd__and3_1)
                                                         _0137_ (net)
                      0.053896    0.000114    7.555263 v _2385_/C (sky130_fd_sc_hd__or3_1)
     3    0.008006    0.094919    0.344714    7.899977 v _2385_/X (sky130_fd_sc_hd__or3_1)
                                                         _0139_ (net)
                      0.094919    0.000068    7.900044 v _2387_/A1 (sky130_fd_sc_hd__a21o_1)
     4    0.012542    0.072575    0.212518    8.112562 v _2387_/X (sky130_fd_sc_hd__a21o_1)
                                                         _0141_ (net)
                      0.072575    0.000088    8.112650 v _2390_/B (sky130_fd_sc_hd__and3_1)
     3    0.009380    0.064417    0.202905    8.315556 v _2390_/X (sky130_fd_sc_hd__and3_1)
                                                         _0144_ (net)
                      0.064417    0.000063    8.315619 v _2392_/C (sky130_fd_sc_hd__or3_1)
     3    0.006812    0.087407    0.339099    8.654717 v _2392_/X (sky130_fd_sc_hd__or3_1)
                                                         _0146_ (net)
                      0.087407    0.000047    8.654764 v _2397_/A1 (sky130_fd_sc_hd__a21o_1)
     4    0.010752    0.065411    0.202979    8.857743 v _2397_/X (sky130_fd_sc_hd__a21o_1)
                                                         _0151_ (net)
                      0.065411    0.000143    8.857886 v _2406_/B (sky130_fd_sc_hd__and3_1)
     2    0.005332    0.047563    0.180482    9.038368 v _2406_/X (sky130_fd_sc_hd__and3_1)
                                                         _0160_ (net)
                      0.047563    0.000029    9.038398 v _2408_/C (sky130_fd_sc_hd__or3_1)
     3    0.007869    0.093925    0.342197    9.380595 v _2408_/X (sky130_fd_sc_hd__or3_1)
                                                         _0162_ (net)
                      0.093925    0.000050    9.380645 v _2410_/A2 (sky130_fd_sc_hd__a21o_1)
     3    0.007089    0.051425    0.211278    9.591923 v _2410_/X (sky130_fd_sc_hd__a21o_1)
                                                         _0164_ (net)
                      0.051425    0.000076    9.591999 v _2413_/C (sky130_fd_sc_hd__and3_1)
     2    0.005209    0.047013    0.188848    9.780848 v _2413_/X (sky130_fd_sc_hd__and3_1)
                                                         _0167_ (net)
                      0.047013    0.000030    9.780878 v _2415_/C (sky130_fd_sc_hd__or3_1)
     3    0.007114    0.089194    0.336280   10.117158 v _2415_/X (sky130_fd_sc_hd__or3_1)
                                                         _0169_ (net)
                      0.089194    0.000072   10.117230 v _2420_/A1 (sky130_fd_sc_hd__a21o_1)
     4    0.011488    0.068349    0.206364   10.323594 v _2420_/X (sky130_fd_sc_hd__a21o_1)
                                                         _0174_ (net)
                      0.068349    0.000067   10.323661 v _2428_/A1 (sky130_fd_sc_hd__a21bo_1)
     1    0.004292    0.040892    0.178538   10.502198 v _2428_/X (sky130_fd_sc_hd__a21bo_1)
                                                         _0180_ (net)
                      0.040892    0.000017   10.502215 v _2429_/B (sky130_fd_sc_hd__xor2_1)
     1    0.002393    0.068238    0.132186   10.634401 v _2429_/X (sky130_fd_sc_hd__xor2_1)
                                                         _0181_ (net)
                      0.068238    0.000015   10.634417 v _2430_/A1 (sky130_fd_sc_hd__mux2_1)
     1    0.002327    0.053992    0.290586   10.925002 v _2430_/X (sky130_fd_sc_hd__mux2_1)
                                                         _0025_ (net)
                      0.053992    0.000011   10.925014 v _3238_/D (sky130_fd_sc_hd__dfrtp_4)
                                             10.925014   data arrival time

                                100.000000  100.000000   clock clk (rise edge)
                                  0.000000  100.000000   clock source latency
     2    0.037289    0.000000    0.000000  100.000000 ^ clk (in)
                                                         clk (net)
                      0.001529    0.000767  100.000763 ^ clkbuf_0_clk/A (sky130_fd_sc_hd__clkbuf_16)
    17    0.156838    0.168884    0.208232  100.209000 ^ clkbuf_0_clk/X (sky130_fd_sc_hd__clkbuf_16)
                                                         clknet_0_clk (net)
                      0.169088    0.004768  100.213760 ^ clkbuf_3_3__f_clk/A (sky130_fd_sc_hd__clkbuf_16)
    35    0.093330    0.110030    0.223871  100.437637 ^ clkbuf_3_3__f_clk/X (sky130_fd_sc_hd__clkbuf_16)
                                                         clknet_3_3__leaf_clk (net)
                      0.110045    0.001350  100.438988 ^ _3238_/CLK (sky130_fd_sc_hd__dfrtp_4)
                                 -0.100000  100.338982   clock uncertainty
                                  0.000000  100.338982   clock reconvergence pessimism
                                 -0.103298  100.235687   library setup time
                                            100.235687   data required time
---------------------------------------------------------------------------------------------
                                            100.235687   data required time
                                            -10.925014   data arrival time
---------------------------------------------------------------------------------------------
                                             89.310669   slack (MET)




===========================================================================
report_checks --slack_max -0.01
============================================================================
======================= min_tt_025C_1v80 Corner ===================================

No paths found.


===========================================================================
 report_check_types -max_slew -max_cap -max_fanout -violators
============================================================================
======================= min_tt_025C_1v80 Corner ===================================



===========================================================================
report_parasitic_annotation -report_unannotated
============================================================================
Found 7 unannotated drivers.
 clkload0/Y
 clkload1/Y
 clkload2/Y
 clkload3/Y
 clkload4/Y
 clkload5/Y
 clkload6/Y
Found 0 partially unannotated drivers.

===========================================================================
max slew violation count 0
max fanout violation count 0
max cap violation count 0
============================================================================

===========================================================================
check_setup -verbose -unconstrained_endpoints -multiple_clock -no_clock -no_input_delay -loops -generated_clocks
===========================================================================
Warning: There are 36 input ports missing set_input_delay.
  A_in[0]
  A_in[10]
  A_in[11]
  A_in[12]
  A_in[13]
  A_in[14]
  A_in[15]
  A_in[1]
  A_in[2]
  A_in[3]
  A_in[4]
  A_in[5]
  A_in[6]
  A_in[7]
  A_in[8]
  A_in[9]
  B_in[0]
  B_in[10]
  B_in[11]
  B_in[12]
  B_in[13]
  B_in[14]
  B_in[15]
  B_in[1]
  B_in[2]
  B_in[3]
  B_in[4]
  B_in[5]
  B_in[6]
  B_in[7]
  B_in[8]
  B_in[9]
  Op_Sel[0]
  Op_Sel[1]
  Start
  rst_n
Warning: There are 17 unconstrained endpoints.
  Done
  X_out[0]
  X_out[10]
  X_out[11]
  X_out[12]
  X_out[13]
  X_out[14]
  X_out[15]
  X_out[1]
  X_out[2]
  X_out[3]
  X_out[4]
  X_out[5]
  X_out[6]
  X_out[7]
  X_out[8]
  X_out[9]
