Reading timing models for corner nom_tt_025C_1v80…
Reading timing library for the 'nom_tt_025C_1v80' corner at '/pdk/volare/sky130/versions/0fe599b2afb6708d281543108caf8310912f54af/sky130A/libs.ref/sky130_fd_sc_hd/lib/sky130_fd_sc_hd__tt_025C_1v80.lib'…
Reading timing models for corner nom_ff_n40C_1v95…
Reading timing library for the 'nom_ff_n40C_1v95' corner at '/pdk/volare/sky130/versions/0fe599b2afb6708d281543108caf8310912f54af/sky130A/libs.ref/sky130_fd_sc_hd/lib/sky130_fd_sc_hd__ff_n40C_1v95.lib'…
Reading timing models for corner nom_ss_100C_1v60…
Reading timing library for the 'nom_ss_100C_1v60' corner at '/pdk/volare/sky130/versions/0fe599b2afb6708d281543108caf8310912f54af/sky130A/libs.ref/sky130_fd_sc_hd/lib/sky130_fd_sc_hd__ss_100C_1v60.lib'…
Reading OpenROAD database at '/work/runs/RUN_2026-03-17_13-44-03/34-openroad-globalrouting/rns_top_crt.odb'…
Reading design constraints file at 'designs/_shared/ll_policy/constraints.sdc'…
[INFO] No information on clock propagation in input SDC file-- propagating all clocks.
[INFO] Setting RC values…
[INFO] Setting signal min routing layer to: met1 and clock min routing layer to met1. 
[INFO] Setting signal max routing layer to: met5 and clock max routing layer to met5. 
-congestion_iterations 50 -verbose
[INFO GRT-0020] Min routing layer: met1
[INFO GRT-0021] Max routing layer: met5
[INFO GRT-0022] Global adjustment: 30%
[INFO GRT-0023] Grid origin: (0, 0)
[INFO GRT-0043] No OR_DEFAULT vias defined.
[INFO GRT-0088] Layer li1     Track-Pitch = 0.4600  line-2-Via Pitch: 0.3400
[INFO GRT-0088] Layer met1    Track-Pitch = 0.3400  line-2-Via Pitch: 0.3400
[INFO GRT-0088] Layer met2    Track-Pitch = 0.4600  line-2-Via Pitch: 0.3500
[INFO GRT-0088] Layer met3    Track-Pitch = 0.6800  line-2-Via Pitch: 0.6150
[INFO GRT-0088] Layer met4    Track-Pitch = 0.9200  line-2-Via Pitch: 1.0400
[INFO GRT-0088] Layer met5    Track-Pitch = 3.4000  line-2-Via Pitch: 3.1100
[INFO GRT-0019] Found 10 clock nets.
[INFO GRT-0001] Minimum degree: 2
[INFO GRT-0002] Maximum degree: 111
[INFO GRT-0003] Macros: 0
[INFO GRT-0043] No OR_DEFAULT vias defined.
[INFO GRT-0004] Blockages: 1620

[INFO GRT-0053] Routing resources analysis:
          Routing      Original      Derated      Resource
Layer     Direction    Resources     Resources    Reduction (%)
---------------------------------------------------------------
li1        Vertical            0             0          0.00%
met1       Horizontal      79382         38955          50.93%
met2       Vertical        59998         39299          34.50%
met3       Horizontal      39660         27246          31.30%
met4       Vertical        24140         15142          37.27%
met5       Horizontal       7932          3721          53.09%
---------------------------------------------------------------

[INFO GRT-0197] Via related to pin nodes: 10044
[INFO GRT-0198] Via related Steiner nodes: 150
[INFO GRT-0199] Via filling finished.
[INFO GRT-0111] Final number of vias: 12379
[INFO GRT-0112] Final usage 3D: 43335

[INFO GRT-0096] Final congestion report:
Layer         Resource        Demand        Usage (%)    Max H / Max V / Total Overflow
---------------------------------------------------------------------------------------
li1                  0             0            0.00%             0 /  0 /  0
met1             38955          3102            7.96%             0 /  0 /  0
met2             39299          3060            7.79%             0 /  0 /  0
met3             27246            36            0.13%             0 /  0 /  0
met4             15142             0            0.00%             0 /  0 /  0
met5              3721             0            0.00%             0 /  0 /  0
---------------------------------------------------------------------------------------
Total           124363          6198            4.98%             0 /  0 /  0

[INFO GRT-0018] Total wirelength: 70918 um
[INFO GRT-0014] Routed nets: 1817
[INFO RSZ-0058] Using max wire length 6335um.
Iteration | Resized | Buffers | Nets repaired | Remaining
---------------------------------------------------------
        0 |       0 |       0 |             0 |      1824
      100 |       0 |       0 |             0 |      1724
      200 |       0 |       0 |             0 |      1624
      300 |       0 |       0 |             0 |      1524
      400 |       0 |       0 |             0 |      1424
      500 |       0 |       0 |             0 |      1324
      600 |       0 |       0 |             0 |      1224
      700 |       0 |       0 |             0 |      1124
      800 |       0 |       0 |             0 |      1024
      900 |       0 |       0 |             0 |       924
     1000 |       0 |       0 |             0 |       824
     1100 |       0 |       0 |             0 |       724
     1200 |       0 |       0 |             0 |       624
     1300 |       0 |       0 |             0 |       524
     1400 |       0 |       0 |             0 |       424
     1500 |       0 |       0 |             0 |       324
     1600 |       0 |       0 |             0 |       224
     1700 |       0 |       0 |             0 |       124
     1800 |       0 |       0 |             0 |        24
    final |       0 |       0 |             0 |         0
---------------------------------------------------------
Placement Analysis
---------------------------------
total displacement          0.0 u
average displacement        0.0 u
max displacement            0.0 u
original HPWL           37748.2 u
legalized HPWL          38924.1 u
delta HPWL                    3 %

[INFO DPL-0020] Mirrored 662 instances
[INFO DPL-0021] HPWL before           38924.1 u
[INFO DPL-0022] HPWL after            37748.2 u
[INFO DPL-0023] HPWL delta               -3.0 %
-congestion_iterations 50 -verbose
[INFO GRT-0020] Min routing layer: met1
[INFO GRT-0021] Max routing layer: met5
[INFO GRT-0022] Global adjustment: 30%
[INFO GRT-0023] Grid origin: (0, 0)
[INFO GRT-0043] No OR_DEFAULT vias defined.
[INFO GRT-0088] Layer li1     Track-Pitch = 0.4600  line-2-Via Pitch: 0.3400
[INFO GRT-0088] Layer met1    Track-Pitch = 0.3400  line-2-Via Pitch: 0.3400
[INFO GRT-0088] Layer met2    Track-Pitch = 0.4600  line-2-Via Pitch: 0.3500
[INFO GRT-0088] Layer met3    Track-Pitch = 0.6800  line-2-Via Pitch: 0.6150
[INFO GRT-0088] Layer met4    Track-Pitch = 0.9200  line-2-Via Pitch: 1.0400
[INFO GRT-0088] Layer met5    Track-Pitch = 3.4000  line-2-Via Pitch: 3.1100
[INFO GRT-0019] Found 10 clock nets.
[INFO GRT-0001] Minimum degree: 2
[INFO GRT-0002] Maximum degree: 111
[INFO GRT-0003] Macros: 0
[INFO GRT-0043] No OR_DEFAULT vias defined.
[INFO GRT-0004] Blockages: 1620

[INFO GRT-0053] Routing resources analysis:
          Routing      Original      Derated      Resource
Layer     Direction    Resources     Resources    Reduction (%)
---------------------------------------------------------------
li1        Vertical            0             0          0.00%
met1       Horizontal      79382         38955          50.93%
met2       Vertical        59998         39299          34.50%
met3       Horizontal      39660         27246          31.30%
met4       Vertical        24140         15142          37.27%
met5       Horizontal       7932          3721          53.09%
---------------------------------------------------------------

[INFO GRT-0197] Via related to pin nodes: 10044
[INFO GRT-0198] Via related Steiner nodes: 150
[INFO GRT-0199] Via filling finished.
[INFO GRT-0111] Final number of vias: 12379
[INFO GRT-0112] Final usage 3D: 43335

[INFO GRT-0096] Final congestion report:
Layer         Resource        Demand        Usage (%)    Max H / Max V / Total Overflow
---------------------------------------------------------------------------------------
li1                  0             0            0.00%             0 /  0 /  0
met1             38955          3102            7.96%             0 /  0 /  0
met2             39299          3060            7.79%             0 /  0 /  0
met3             27246            36            0.13%             0 /  0 /  0
met4             15142             0            0.00%             0 /  0 /  0
met5              3721             0            0.00%             0 /  0 /  0
---------------------------------------------------------------------------------------
Total           124363          6198            4.98%             0 /  0 /  0

[INFO GRT-0018] Total wirelength: 70918 um
[INFO GRT-0014] Routed nets: 1817
Setting global connections for newly added cells…
[INFO] Setting global connections...
Updating metrics…
Cell type report:                       Count       Area
  Fill cell                               308    1156.11
  Tap cell                               2496    3123.00
  Clock buffer                              9     225.22
  Timing Repair Buffer                     53     237.73
  Inverter                                 59     226.47
  Clock inverter                            7      73.82
  Sequential cell                         110    2975.35
  Multi-Input combinational cell         1549   11195.74
  Total                                  4591   19213.43
Writing OpenROAD database to '/work/runs/RUN_2026-03-17_13-44-03/36-openroad-repairdesignpostgrt/rns_top_crt.odb'…
Writing netlist to '/work/runs/RUN_2026-03-17_13-44-03/36-openroad-repairdesignpostgrt/rns_top_crt.nl.v'…
Writing powered netlist to '/work/runs/RUN_2026-03-17_13-44-03/36-openroad-repairdesignpostgrt/rns_top_crt.pnl.v'…
Writing layout to '/work/runs/RUN_2026-03-17_13-44-03/36-openroad-repairdesignpostgrt/rns_top_crt.def'…
Writing timing constraints to '/work/runs/RUN_2026-03-17_13-44-03/36-openroad-repairdesignpostgrt/rns_top_crt.sdc'…
