Clock: clk
Sources: clk 
Generated: no
Virtual: yes
Propagated: no
Period: 20.000000

===========================================================================
report_clock_properties
============================================================================
Clock                   Period          Waveform
----------------------------------------------------
clk                  20.000000    0.000000 10.000000

===========================================================================
report_clock_latency
============================================================================
Clock clk
rise -> rise
    min     max
0.000000 0.000000 source latency
0.423894         network latency _3222_/CLK
        0.444669 network latency _3295_/CLK
---------------
0.423894 0.444669 latency
        0.020775 skew

fall -> fall
    min     max
0.000000 0.000000 source latency
0.403916         network latency _3222_/CLK
        0.420497 network latency _3295_/CLK
---------------
0.403916 0.420497 latency
        0.016581 skew



===========================================================================
report_clock_min_period
============================================================================
clk period_min = 10.20 fmax = 98.04
