
===========================================================================
report_checks -unconstrained
===========================================================================
======================= max_ff_n40C_1v95 Corner ===================================

Startpoint: _3302_ (rising edge-triggered flip-flop clocked by clk)
Endpoint: _3237_ (rising edge-triggered flip-flop clocked by clk)
Path Group: clk
Path Type: max

Fanout         Cap        Slew       Delay        Time   Description
---------------------------------------------------------------------------------------------
                                  0.000000    0.000000   clock clk (rise edge)
                                  0.000000    0.000000   clock source latency
     2    0.042286    0.000000    0.000000    0.000000 ^ clk (in)
                                                         clk (net)
                      0.003026    0.001513    0.001513 ^ clkbuf_0_clk/A (sky130_fd_sc_hd__clkbuf_16)
    17    0.172222    0.142653    0.154129    0.155642 ^ clkbuf_0_clk/X (sky130_fd_sc_hd__clkbuf_16)
                                                         clknet_0_clk (net)
                      0.144541    0.013076    0.168718 ^ clkbuf_3_0__f_clk/A (sky130_fd_sc_hd__clkbuf_16)
    25    0.094512    0.085885    0.152564    0.321281 ^ clkbuf_3_0__f_clk/X (sky130_fd_sc_hd__clkbuf_16)
                                                         clknet_3_0__leaf_clk (net)
                      0.086606    0.006257    0.327539 ^ _3302_/CLK (sky130_fd_sc_hd__dfrtp_4)
    15    0.052380    0.090144    0.362295    0.689834 v _3302_/Q (sky130_fd_sc_hd__dfrtp_4)
                                                         B_reg[12] (net)
                      0.090573    0.005308    0.695142 v _1910_/C (sky130_fd_sc_hd__and3_1)
     3    0.006421    0.037863    0.147339    0.842481 v _1910_/X (sky130_fd_sc_hd__and3_1)
                                                         _1175_ (net)
                      0.037869    0.000465    0.842946 v _2300_/B (sky130_fd_sc_hd__or4_1)
     4    0.009711    0.083733    0.321637    1.164583 v _2300_/X (sky130_fd_sc_hd__or4_1)
                                                         _1553_ (net)
                      0.083733    0.000309    1.164892 v _2304_/A2 (sky130_fd_sc_hd__a21o_1)
     3    0.007805    0.038835    0.145055    1.309947 v _2304_/X (sky130_fd_sc_hd__a21o_1)
                                                         _1557_ (net)
                      0.038839    0.000434    1.310381 v _2307_/A2 (sky130_fd_sc_hd__a21oi_1)
     3    0.010240    0.177098    0.171592    1.481973 ^ _2307_/Y (sky130_fd_sc_hd__a21oi_1)
                                                         _1560_ (net)
                      0.177099    0.000363    1.482335 ^ _2311_/B (sky130_fd_sc_hd__xor2_1)
     3    0.011494    0.192383    0.175502    1.657838 ^ _2311_/X (sky130_fd_sc_hd__xor2_1)
                                                         _1564_ (net)
                      0.192386    0.000568    1.658405 ^ _2313_/A2 (sky130_fd_sc_hd__a21o_1)
     4    0.011204    0.078918    0.122407    1.780812 ^ _2313_/X (sky130_fd_sc_hd__a21o_1)
                                                         _1566_ (net)
                      0.078921    0.000615    1.781427 ^ _2318_/A1 (sky130_fd_sc_hd__a21oi_1)
     3    0.010981    0.063309    0.068909    1.850336 v _2318_/Y (sky130_fd_sc_hd__a21oi_1)
                                                         _1571_ (net)
                      0.063316    0.000545    1.850881 v _2321_/B (sky130_fd_sc_hd__or3_1)
     3    0.007539    0.060835    0.227048    2.077929 v _2321_/X (sky130_fd_sc_hd__or3_1)
                                                         _1574_ (net)
                      0.060835    0.000255    2.078184 v _2326_/A1 (sky130_fd_sc_hd__a21o_1)
     4    0.010386    0.045883    0.129430    2.207614 v _2326_/X (sky130_fd_sc_hd__a21o_1)
                                                         _1579_ (net)
                      0.045900    0.000829    2.208443 v _2328_/C (sky130_fd_sc_hd__and3_1)
     2    0.005489    0.035199    0.125826    2.334269 v _2328_/X (sky130_fd_sc_hd__and3_1)
                                                         _1581_ (net)
                      0.035203    0.000350    2.334620 v _2330_/C (sky130_fd_sc_hd__or3_2)
     4    0.013533    0.074771    0.263610    2.598230 v _2330_/X (sky130_fd_sc_hd__or3_2)
                                                         _1583_ (net)
                      0.074775    0.000647    2.598877 v _2334_/A1 (sky130_fd_sc_hd__a21o_1)
     5    0.015819    0.060684    0.148014    2.746891 v _2334_/X (sky130_fd_sc_hd__a21o_1)
                                                         _1587_ (net)
                      0.060702    0.001010    2.747901 v _2338_/B (sky130_fd_sc_hd__and3_1)
     2    0.005353    0.034790    0.121011    2.868913 v _2338_/X (sky130_fd_sc_hd__and3_1)
                                                         _1591_ (net)
                      0.034793    0.000347    2.869260 v _2345_/C (sky130_fd_sc_hd__or3_1)
     3    0.008877    0.066453    0.201165    3.070426 v _2345_/X (sky130_fd_sc_hd__or3_1)
                                                         _1598_ (net)
                      0.066455    0.000442    3.070867 v _2347_/A1 (sky130_fd_sc_hd__a21o_1)
     4    0.011115    0.047372    0.133782    3.204649 v _2347_/X (sky130_fd_sc_hd__a21o_1)
                                                         _1600_ (net)
                      0.047381    0.000647    3.205296 v _2350_/C (sky130_fd_sc_hd__and3_1)
     2    0.006004    0.036666    0.128100    3.333396 v _2350_/X (sky130_fd_sc_hd__and3_1)
                                                         _1603_ (net)
                      0.036670    0.000393    3.333790 v _2352_/C (sky130_fd_sc_hd__or3_1)
     3    0.009177    0.067901    0.202917    3.536707 v _2352_/X (sky130_fd_sc_hd__or3_1)
                                                         _0106_ (net)
                      0.067909    0.000740    3.537447 v _2355_/A2 (sky130_fd_sc_hd__a21o_1)
     4    0.011203    0.047587    0.150109    3.687556 v _2355_/X (sky130_fd_sc_hd__a21o_1)
                                                         _0109_ (net)
                      0.047596    0.000653    3.688209 v _2362_/B (sky130_fd_sc_hd__and3_1)
     2    0.006390    0.037793    0.119125    3.807334 v _2362_/X (sky130_fd_sc_hd__and3_1)
                                                         _0116_ (net)
                      0.037797    0.000401    3.807736 v _2364_/C (sky130_fd_sc_hd__or3_1)
     3    0.008788    0.066142    0.201467    4.009202 v _2364_/X (sky130_fd_sc_hd__or3_1)
                                                         _0118_ (net)
                      0.066144    0.000485    4.009687 v _2366_/A2 (sky130_fd_sc_hd__a21o_1)
     4    0.010776    0.046450    0.148297    4.157984 v _2366_/X (sky130_fd_sc_hd__a21o_1)
                                                         _0120_ (net)
                      0.046455    0.000520    4.158504 v _2370_/B (sky130_fd_sc_hd__and3_1)
     2    0.005430    0.035018    0.115538    4.274042 v _2370_/X (sky130_fd_sc_hd__and3_1)
                                                         _0124_ (net)
                      0.035020    0.000286    4.274329 v _2372_/C (sky130_fd_sc_hd__or3_1)
     3    0.008718    0.065780    0.200456    4.474785 v _2372_/X (sky130_fd_sc_hd__or3_1)
                                                         _0126_ (net)
                      0.065780    0.000265    4.475050 v _2378_/A1 (sky130_fd_sc_hd__a21o_1)
     4    0.010478    0.046027    0.131807    4.606856 v _2378_/X (sky130_fd_sc_hd__a21o_1)
                                                         _0132_ (net)
                      0.046028    0.000347    4.607203 v _2383_/C (sky130_fd_sc_hd__and3_1)
     2    0.007560    0.041409    0.132731    4.739935 v _2383_/X (sky130_fd_sc_hd__and3_1)
                                                         _0137_ (net)
                      0.041414    0.000466    4.740401 v _2385_/C (sky130_fd_sc_hd__or3_1)
     3    0.008426    0.064534    0.200816    4.941217 v _2385_/X (sky130_fd_sc_hd__or3_1)
                                                         _0139_ (net)
                      0.064535    0.000425    4.941643 v _2387_/A1 (sky130_fd_sc_hd__a21o_1)
     4    0.012539    0.051360    0.136569    5.078211 v _2387_/X (sky130_fd_sc_hd__a21o_1)
                                                         _0141_ (net)
                      0.051362    0.000383    5.078594 v _2390_/B (sky130_fd_sc_hd__and3_1)
     3    0.010235    0.048426    0.133042    5.211636 v _2390_/X (sky130_fd_sc_hd__and3_1)
                                                         _0144_ (net)
                      0.048436    0.000690    5.212326 v _2392_/C (sky130_fd_sc_hd__or3_1)
     3    0.007403    0.060368    0.197791    5.410116 v _2392_/X (sky130_fd_sc_hd__or3_1)
                                                         _0146_ (net)
                      0.060370    0.000439    5.410555 v _2397_/A1 (sky130_fd_sc_hd__a21o_1)
     4    0.012019    0.049843    0.133695    5.544250 v _2397_/X (sky130_fd_sc_hd__a21o_1)
                                                         _0151_ (net)
                      0.049849    0.000591    5.544840 v _2406_/B (sky130_fd_sc_hd__and3_1)
     2    0.006053    0.036804    0.118897    5.663738 v _2406_/X (sky130_fd_sc_hd__and3_1)
                                                         _0160_ (net)
                      0.036807    0.000344    5.664082 v _2408_/C (sky130_fd_sc_hd__or3_1)
     3    0.008291    0.063949    0.198913    5.862994 v _2408_/X (sky130_fd_sc_hd__or3_1)
                                                         _0162_ (net)
                      0.063950    0.000397    5.863391 v _2410_/A2 (sky130_fd_sc_hd__a21o_1)
     3    0.007402    0.037602    0.136918    6.000309 v _2410_/X (sky130_fd_sc_hd__a21o_1)
                                                         _0164_ (net)
                      0.037605    0.000399    6.000708 v _2413_/C (sky130_fd_sc_hd__and3_1)
     2    0.005168    0.034315    0.121628    6.122336 v _2413_/X (sky130_fd_sc_hd__and3_1)
                                                         _0167_ (net)
                      0.034318    0.000305    6.122641 v _2415_/C (sky130_fd_sc_hd__or3_1)
     3    0.007299    0.059885    0.193513    6.316154 v _2415_/X (sky130_fd_sc_hd__or3_1)
                                                         _0169_ (net)
                      0.059886    0.000358    6.316513 v _2420_/A1 (sky130_fd_sc_hd__a21o_1)
     4    0.011575    0.048624    0.132458    6.448970 v _2420_/X (sky130_fd_sc_hd__a21o_1)
                                                         _0174_ (net)
                      0.048632    0.000644    6.449615 v _2423_/A1 (sky130_fd_sc_hd__a21o_1)
     2    0.008500    0.041082    0.119238    6.568852 v _2423_/X (sky130_fd_sc_hd__a21o_1)
                                                         _0177_ (net)
                      0.041092    0.000602    6.569455 v _2426_/B (sky130_fd_sc_hd__xnor2_1)
     1    0.003325    0.041696    0.081112    6.650567 v _2426_/Y (sky130_fd_sc_hd__xnor2_1)
                                                         _0179_ (net)
                      0.041696    0.000134    6.650701 v _2427_/A1 (sky130_fd_sc_hd__mux2_1)
     1    0.003106    0.039196    0.151098    6.801798 v _2427_/X (sky130_fd_sc_hd__mux2_1)
                                                         _0024_ (net)
                      0.039196    0.000203    6.802001 v _3237_/D (sky130_fd_sc_hd__dfrtp_4)
                                              6.802001   data arrival time

                                160.000000  160.000000   clock clk (rise edge)
                                  0.000000  160.000000   clock source latency
     2    0.042286    0.000000    0.000000  160.000000 ^ clk (in)
                                                         clk (net)
                      0.003026    0.001506  160.001511 ^ clkbuf_0_clk/A (sky130_fd_sc_hd__clkbuf_16)
    17    0.172222    0.142653    0.154131  160.155640 ^ clkbuf_0_clk/X (sky130_fd_sc_hd__clkbuf_16)
                                                         clknet_0_clk (net)
                      0.144371    0.012491  160.168137 ^ clkbuf_3_3__f_clk/A (sky130_fd_sc_hd__clkbuf_16)
    35    0.100022    0.090620    0.153349  160.321487 ^ clkbuf_3_3__f_clk/X (sky130_fd_sc_hd__clkbuf_16)
                                                         clknet_3_3__leaf_clk (net)
                      0.091828    0.008299  160.329788 ^ _3237_/CLK (sky130_fd_sc_hd__dfrtp_4)
                                 -0.100000  160.229782   clock uncertainty
                                  0.000000  160.229782   clock reconvergence pessimism
                                 -0.069442  160.160324   library setup time
                                            160.160324   data required time
---------------------------------------------------------------------------------------------
                                            160.160324   data required time
                                             -6.802001   data arrival time
---------------------------------------------------------------------------------------------
                                            153.358337   slack (MET)




===========================================================================
report_checks --slack_max -0.01
============================================================================
======================= max_ff_n40C_1v95 Corner ===================================

No paths found.


===========================================================================
 report_check_types -max_slew -max_cap -max_fanout -violators
============================================================================
======================= max_ff_n40C_1v95 Corner ===================================



===========================================================================
report_parasitic_annotation -report_unannotated
============================================================================
Found 7 unannotated drivers.
 clkload0/Y
 clkload1/Y
 clkload2/Y
 clkload3/Y
 clkload4/Y
 clkload5/Y
 clkload6/Y
Found 0 partially unannotated drivers.

===========================================================================
max slew violation count 0
max fanout violation count 0
max cap violation count 0
============================================================================

===========================================================================
check_setup -verbose -unconstrained_endpoints -multiple_clock -no_clock -no_input_delay -loops -generated_clocks
===========================================================================
Warning: There are 36 input ports missing set_input_delay.
  A_in[0]
  A_in[10]
  A_in[11]
  A_in[12]
  A_in[13]
  A_in[14]
  A_in[15]
  A_in[1]
  A_in[2]
  A_in[3]
  A_in[4]
  A_in[5]
  A_in[6]
  A_in[7]
  A_in[8]
  A_in[9]
  B_in[0]
  B_in[10]
  B_in[11]
  B_in[12]
  B_in[13]
  B_in[14]
  B_in[15]
  B_in[1]
  B_in[2]
  B_in[3]
  B_in[4]
  B_in[5]
  B_in[6]
  B_in[7]
  B_in[8]
  B_in[9]
  Op_Sel[0]
  Op_Sel[1]
  Start
  rst_n
Warning: There are 17 unconstrained endpoints.
  Done
  X_out[0]
  X_out[10]
  X_out[11]
  X_out[12]
  X_out[13]
  X_out[14]
  X_out[15]
  X_out[1]
  X_out[2]
  X_out[3]
  X_out[4]
  X_out[5]
  X_out[6]
  X_out[7]
  X_out[8]
  X_out[9]
