Clock: clk
Sources: clk 
Generated: no
Virtual: yes
Propagated: no
Period: 160.000000

===========================================================================
report_clock_properties
============================================================================
Clock                   Period          Waveform
----------------------------------------------------
clk                 160.000000    0.000000 80.000000

===========================================================================
report_clock_latency
============================================================================
Clock clk
rise -> rise
    min     max
0.000000 0.000000 source latency
0.312100         network latency _3222_/CLK
        0.336328 network latency _3300_/CLK
---------------
0.312100 0.336328 latency
        0.024228 skew

fall -> fall
    min     max
0.000000 0.000000 source latency
0.294662         network latency _3222_/CLK
        0.314870 network latency _3300_/CLK
---------------
0.294662 0.314870 latency
        0.020208 skew



===========================================================================
report_clock_min_period
============================================================================
clk period_min = 6.64 fmax = 150.56
