
===========================================================================
report_checks -unconstrained
===========================================================================
======================= min_ss_100C_1v60 Corner ===================================

Startpoint: _3302_ (rising edge-triggered flip-flop clocked by clk)
Endpoint: _3238_ (rising edge-triggered flip-flop clocked by clk)
Path Group: clk
Path Type: max

Fanout         Cap        Slew       Delay        Time   Description
---------------------------------------------------------------------------------------------
                                  0.000000    0.000000   clock clk (rise edge)
                                  0.000000    0.000000   clock source latency
     2    0.040801    0.000000    0.000000    0.000000 ^ clk (in)
                                                         clk (net)
                      0.001591    0.000796    0.000796 ^ clkbuf_0_clk/A (sky130_fd_sc_hd__clkbuf_16)
    17    0.158319    0.258205    0.347028    0.347824 ^ clkbuf_0_clk/X (sky130_fd_sc_hd__clkbuf_16)
                                                         clknet_0_clk (net)
                      0.258438    0.005007    0.352831 ^ clkbuf_3_0__f_clk/A (sky130_fd_sc_hd__clkbuf_16)
    25    0.088122    0.159979    0.387265    0.740096 ^ clkbuf_3_0__f_clk/X (sky130_fd_sc_hd__clkbuf_16)
                                                         clknet_3_0__leaf_clk (net)
                      0.160007    0.002172    0.742268 ^ _3302_/CLK (sky130_fd_sc_hd__dfrtp_4)
    15    0.049436    0.217241    1.173547    1.915816 v _3302_/Q (sky130_fd_sc_hd__dfrtp_4)
                                                         B_reg[12] (net)
                      0.217250    0.001726    1.917542 v _1910_/C (sky130_fd_sc_hd__and3_1)
     3    0.005666    0.094308    0.460028    2.377570 v _1910_/X (sky130_fd_sc_hd__and3_1)
                                                         _1175_ (net)
                      0.094308    0.000031    2.377602 v _2300_/B (sky130_fd_sc_hd__or4_1)
     4    0.009510    0.264368    1.301460    3.679062 v _2300_/X (sky130_fd_sc_hd__or4_1)
                                                         _1553_ (net)
                      0.264368    0.000070    3.679132 v _2304_/A2 (sky130_fd_sc_hd__a21o_1)
     3    0.007358    0.095619    0.433060    4.112192 v _2304_/X (sky130_fd_sc_hd__a21o_1)
                                                         _1557_ (net)
                      0.095619    0.000067    4.112258 v _2308_/C (sky130_fd_sc_hd__and3_1)
     2    0.004994    0.089274    0.393900    4.506158 v _2308_/X (sky130_fd_sc_hd__and3_1)
                                                         _1561_ (net)
                      0.089274    0.000048    4.506206 v _2310_/C (sky130_fd_sc_hd__or3_1)
     3    0.006629    0.181629    0.781669    5.287875 v _2310_/X (sky130_fd_sc_hd__or3_1)
                                                         _1563_ (net)
                      0.181629    0.000045    5.287920 v _2313_/A1 (sky130_fd_sc_hd__a21o_1)
     4    0.010053    0.116913    0.391319    5.679240 v _2313_/X (sky130_fd_sc_hd__a21o_1)
                                                         _1566_ (net)
                      0.116913    0.000090    5.679330 v _2319_/B (sky130_fd_sc_hd__and3_1)
     2    0.005425    0.092506    0.379571    6.058902 v _2319_/X (sky130_fd_sc_hd__and3_1)
                                                         _1572_ (net)
                      0.092506    0.000035    6.058937 v _2321_/C (sky130_fd_sc_hd__or3_1)
     3    0.007978    0.188502    0.801014    6.859951 v _2321_/X (sky130_fd_sc_hd__or3_1)
                                                         _1574_ (net)
                      0.188502    0.000135    6.860086 v _2326_/A1 (sky130_fd_sc_hd__a21o_1)
     4    0.010837    0.123315    0.400248    7.260334 v _2326_/X (sky130_fd_sc_hd__a21o_1)
                                                         _1579_ (net)
                      0.123315    0.000109    7.260443 v _2328_/C (sky130_fd_sc_hd__and3_1)
     2    0.004602    0.086513    0.404337    7.664780 v _2328_/X (sky130_fd_sc_hd__and3_1)
                                                         _1581_ (net)
                      0.086513    0.000044    7.664824 v _2330_/C (sky130_fd_sc_hd__or3_2)
     4    0.013824    0.229310    1.092212    8.757035 v _2330_/X (sky130_fd_sc_hd__or3_2)
                                                         _1583_ (net)
                      0.229310    0.000230    8.757265 v _2334_/A1 (sky130_fd_sc_hd__a21o_1)
     5    0.014987    0.151784    0.447615    9.204881 v _2334_/X (sky130_fd_sc_hd__a21o_1)
                                                         _1587_ (net)
                      0.151784    0.000147    9.205028 v _2338_/B (sky130_fd_sc_hd__and3_1)
     2    0.006185    0.098332    0.403252    9.608279 v _2338_/X (sky130_fd_sc_hd__and3_1)
                                                         _1591_ (net)
                      0.098332    0.000068    9.608347 v _2345_/C (sky130_fd_sc_hd__or3_1)
     3    0.008041    0.195419    0.803985   10.412333 v _2345_/X (sky130_fd_sc_hd__or3_1)
                                                         _1598_ (net)
                      0.195419    0.000060   10.412393 v _2347_/A1 (sky130_fd_sc_hd__a21o_1)
     4    0.011008    0.124740    0.404535   10.816928 v _2347_/X (sky130_fd_sc_hd__a21o_1)
                                                         _1600_ (net)
                      0.124740    0.000145   10.817073 v _2350_/C (sky130_fd_sc_hd__and3_1)
     2    0.006263    0.098912    0.419104   11.236176 v _2350_/X (sky130_fd_sc_hd__and3_1)
                                                         _1603_ (net)
                      0.098912    0.000086   11.236263 v _2352_/C (sky130_fd_sc_hd__or3_1)
     3    0.009022    0.199932    0.817403   12.053666 v _2352_/X (sky130_fd_sc_hd__or3_1)
                                                         _0106_ (net)
                      0.199932    0.000113   12.053779 v _2355_/A2 (sky130_fd_sc_hd__a21o_1)
     4    0.010256    0.118575    0.430274   12.484053 v _2355_/X (sky130_fd_sc_hd__a21o_1)
                                                         _0109_ (net)
                      0.118575    0.000142   12.484195 v _2362_/B (sky130_fd_sc_hd__and3_1)
     2    0.005734    0.094855    0.382998   12.867192 v _2362_/X (sky130_fd_sc_hd__and3_1)
                                                         _0116_ (net)
                      0.094855    0.000069   12.867261 v _2364_/C (sky130_fd_sc_hd__or3_1)
     3    0.007065    0.179629    0.789488   13.656750 v _2364_/X (sky130_fd_sc_hd__or3_1)
                                                         _0118_ (net)
                      0.179629    0.000092   13.656842 v _2366_/A2 (sky130_fd_sc_hd__a21o_1)
     4    0.011202    0.126326    0.429062   14.085904 v _2366_/X (sky130_fd_sc_hd__a21o_1)
                                                         _0120_ (net)
                      0.126326    0.000127   14.086031 v _2370_/B (sky130_fd_sc_hd__and3_1)
     2    0.005529    0.093295    0.385119   14.471151 v _2370_/X (sky130_fd_sc_hd__and3_1)
                                                         _0124_ (net)
                      0.093295    0.000057   14.471208 v _2372_/C (sky130_fd_sc_hd__or3_1)
     3    0.008854    0.204100    0.813237   15.284445 v _2372_/X (sky130_fd_sc_hd__or3_1)
                                                         _0126_ (net)
                      0.204100    0.000050   15.284494 v _2378_/A1 (sky130_fd_sc_hd__a21o_1)
     4    0.010274    0.118684    0.402745   15.687239 v _2378_/X (sky130_fd_sc_hd__a21o_1)
                                                         _0132_ (net)
                      0.118684    0.000069   15.687308 v _2383_/C (sky130_fd_sc_hd__and3_1)
     2    0.006379    0.099817    0.417096   16.104404 v _2383_/X (sky130_fd_sc_hd__and3_1)
                                                         _0137_ (net)
                      0.099817    0.000066   16.104469 v _2385_/C (sky130_fd_sc_hd__or3_1)
     3    0.007573    0.184641    0.798119   16.902588 v _2385_/X (sky130_fd_sc_hd__or3_1)
                                                         _0139_ (net)
                      0.184641    0.000085   16.902674 v _2387_/A1 (sky130_fd_sc_hd__a21o_1)
     4    0.012179    0.134405    0.408777   17.311451 v _2387_/X (sky130_fd_sc_hd__a21o_1)
                                                         _0141_ (net)
                      0.134405    0.000071   17.311522 v _2390_/B (sky130_fd_sc_hd__and3_1)
     3    0.009831    0.128352    0.425276   17.736797 v _2390_/X (sky130_fd_sc_hd__and3_1)
                                                         _0144_ (net)
                      0.128352    0.000146   17.736942 v _2392_/C (sky130_fd_sc_hd__or3_1)
     3    0.006538    0.180990    0.794117   18.531059 v _2392_/X (sky130_fd_sc_hd__or3_1)
                                                         _0146_ (net)
                      0.180990    0.000057   18.531116 v _2397_/A1 (sky130_fd_sc_hd__a21o_1)
     4    0.010826    0.123216    0.396922   18.928038 v _2397_/X (sky130_fd_sc_hd__a21o_1)
                                                         _0151_ (net)
                      0.123216    0.000073   18.928112 v _2406_/B (sky130_fd_sc_hd__and3_1)
     2    0.005264    0.091273    0.381345   19.309456 v _2406_/X (sky130_fd_sc_hd__and3_1)
                                                         _0160_ (net)
                      0.091273    0.000053   19.309509 v _2408_/C (sky130_fd_sc_hd__or3_1)
     3    0.008040    0.195866    0.801494   20.111004 v _2408_/X (sky130_fd_sc_hd__or3_1)
                                                         _0162_ (net)
                      0.195866    0.000053   20.111057 v _2410_/A2 (sky130_fd_sc_hd__a21o_1)
     3    0.006756    0.090771    0.401593   20.512650 v _2410_/X (sky130_fd_sc_hd__a21o_1)
                                                         _0164_ (net)
                      0.090771    0.000073   20.512722 v _2413_/C (sky130_fd_sc_hd__and3_1)
     2    0.004801    0.087898    0.389862   20.902586 v _2413_/X (sky130_fd_sc_hd__and3_1)
                                                         _0167_ (net)
                      0.087898    0.000027   20.902613 v _2415_/C (sky130_fd_sc_hd__or3_1)
     3    0.006966    0.178810    0.785724   21.688335 v _2415_/X (sky130_fd_sc_hd__or3_1)
                                                         _0169_ (net)
                      0.178810    0.000069   21.688404 v _2420_/A1 (sky130_fd_sc_hd__a21o_1)
     4    0.010954    0.124262    0.396945   22.085350 v _2420_/X (sky130_fd_sc_hd__a21o_1)
                                                         _0174_ (net)
                      0.124262    0.000037   22.085386 v _2428_/A1 (sky130_fd_sc_hd__a21bo_1)
     1    0.004365    0.078142    0.342636   22.428022 v _2428_/X (sky130_fd_sc_hd__a21bo_1)
                                                         _0180_ (net)
                      0.078142    0.000018   22.428040 v _2429_/B (sky130_fd_sc_hd__xor2_1)
     1    0.002241    0.120364    0.258877   22.686918 v _2429_/X (sky130_fd_sc_hd__xor2_1)
                                                         _0181_ (net)
                      0.120364    0.000014   22.686932 v _2430_/A1 (sky130_fd_sc_hd__mux2_1)
     1    0.002202    0.106848    0.658700   23.345633 v _2430_/X (sky130_fd_sc_hd__mux2_1)
                                                         _0025_ (net)
                      0.106848    0.000011   23.345642 v _3238_/D (sky130_fd_sc_hd__dfrtp_4)
                                             23.345642   data arrival time

                                120.000000  120.000000   clock clk (rise edge)
                                  0.000000  120.000000   clock source latency
     2    0.040801    0.000000    0.000000  120.000000 ^ clk (in)
                                                         clk (net)
                      0.001591    0.000796  120.000793 ^ clkbuf_0_clk/A (sky130_fd_sc_hd__clkbuf_16)
    17    0.158319    0.258205    0.347029  120.347824 ^ clkbuf_0_clk/X (sky130_fd_sc_hd__clkbuf_16)
                                                         clknet_0_clk (net)
                      0.258440    0.005031  120.352852 ^ clkbuf_3_3__f_clk/A (sky130_fd_sc_hd__clkbuf_16)
    35    0.096911    0.172241    0.396881  120.749733 ^ clkbuf_3_3__f_clk/X (sky130_fd_sc_hd__clkbuf_16)
                                                         clknet_3_3__leaf_clk (net)
                      0.172255    0.001691  120.751427 ^ _3238_/CLK (sky130_fd_sc_hd__dfrtp_4)
                                 -0.100000  120.651428   clock uncertainty
                                  0.000000  120.651428   clock reconvergence pessimism
                                 -0.262941  120.388481   library setup time
                                            120.388481   data required time
---------------------------------------------------------------------------------------------
                                            120.388481   data required time
                                            -23.345642   data arrival time
---------------------------------------------------------------------------------------------
                                             97.042839   slack (MET)




===========================================================================
report_checks --slack_max -0.01
============================================================================
======================= min_ss_100C_1v60 Corner ===================================

No paths found.


===========================================================================
 report_check_types -max_slew -max_cap -max_fanout -violators
============================================================================
======================= min_ss_100C_1v60 Corner ===================================



===========================================================================
report_parasitic_annotation -report_unannotated
============================================================================
Found 7 unannotated drivers.
 clkload0/Y
 clkload1/Y
 clkload2/Y
 clkload3/Y
 clkload4/Y
 clkload5/Y
 clkload6/Y
Found 0 partially unannotated drivers.

===========================================================================
max slew violation count 0
max fanout violation count 0
max cap violation count 0
============================================================================

===========================================================================
check_setup -verbose -unconstrained_endpoints -multiple_clock -no_clock -no_input_delay -loops -generated_clocks
===========================================================================
Warning: There are 36 input ports missing set_input_delay.
  A_in[0]
  A_in[10]
  A_in[11]
  A_in[12]
  A_in[13]
  A_in[14]
  A_in[15]
  A_in[1]
  A_in[2]
  A_in[3]
  A_in[4]
  A_in[5]
  A_in[6]
  A_in[7]
  A_in[8]
  A_in[9]
  B_in[0]
  B_in[10]
  B_in[11]
  B_in[12]
  B_in[13]
  B_in[14]
  B_in[15]
  B_in[1]
  B_in[2]
  B_in[3]
  B_in[4]
  B_in[5]
  B_in[6]
  B_in[7]
  B_in[8]
  B_in[9]
  Op_Sel[0]
  Op_Sel[1]
  Start
  rst_n
Warning: There are 17 unconstrained endpoints.
  Done
  X_out[0]
  X_out[10]
  X_out[11]
  X_out[12]
  X_out[13]
  X_out[14]
  X_out[15]
  X_out[1]
  X_out[2]
  X_out[3]
  X_out[4]
  X_out[5]
  X_out[6]
  X_out[7]
  X_out[8]
  X_out[9]
