
===========================================================================
report_checks -unconstrained
===========================================================================
======================= nom_tt_025C_1v80 Corner ===================================

Startpoint: _3302_ (rising edge-triggered flip-flop clocked by clk)
Endpoint: _3238_ (rising edge-triggered flip-flop clocked by clk)
Path Group: clk
Path Type: max

Fanout         Cap        Slew       Delay        Time   Description
---------------------------------------------------------------------------------------------
                                  0.000000    0.000000   clock clk (rise edge)
                                  0.000000    0.000000   clock source latency
     2    0.041585    0.000000    0.000000    0.000000 ^ clk (in)
                                                         clk (net)
                      0.002182    0.001091    0.001091 ^ clkbuf_0_clk/A (sky130_fd_sc_hd__clkbuf_16)
    17    0.163009    0.175056    0.211118    0.212209 ^ clkbuf_0_clk/X (sky130_fd_sc_hd__clkbuf_16)
                                                         clknet_0_clk (net)
                      0.175563    0.007614    0.219822 ^ clkbuf_3_0__f_clk/A (sky130_fd_sc_hd__clkbuf_16)
    25    0.094344    0.110841    0.225943    0.445766 ^ clkbuf_3_0__f_clk/X (sky130_fd_sc_hd__clkbuf_16)
                                                         clknet_3_0__leaf_clk (net)
                      0.110962    0.003278    0.449043 ^ _3302_/CLK (sky130_fd_sc_hd__dfrtp_4)
     6    0.024034    0.084849    0.529606    0.978649 v _3302_/Q (sky130_fd_sc_hd__dfrtp_4)
                                                         B_reg[12] (net)
                      0.084857    0.001324    0.979973 v _1910_/C (sky130_fd_sc_hd__and3_1)
     3    0.007034    0.055260    0.212917    1.192890 v _1910_/X (sky130_fd_sc_hd__and3_1)
                                                         _1175_ (net)
                      0.055260    0.000174    1.193064 v _2300_/A (sky130_fd_sc_hd__or4_4)
     4    0.009593    0.093383    0.547465    1.740529 v _2300_/X (sky130_fd_sc_hd__or4_4)
                                                         _1553_ (net)
                      0.093383    0.000201    1.740730 v _2304_/A1 (sky130_fd_sc_hd__a21o_1)
     3    0.007580    0.053700    0.192245    1.932975 v _2304_/X (sky130_fd_sc_hd__a21o_1)
                                                         _1557_ (net)
                      0.053700    0.000182    1.933157 v _2307_/A2 (sky130_fd_sc_hd__a21oi_1)
     3    0.010951    0.256457    0.254511    2.187668 ^ _2307_/Y (sky130_fd_sc_hd__a21oi_1)
                                                         _1560_ (net)
                      0.256457    0.000172    2.187840 ^ _2311_/B (sky130_fd_sc_hd__xor2_1)
     3    0.010707    0.251930    0.275464    2.463304 ^ _2311_/X (sky130_fd_sc_hd__xor2_1)
                                                         _1564_ (net)
                      0.251931    0.000385    2.463690 ^ _2313_/A2 (sky130_fd_sc_hd__a21o_1)
     4    0.010895    0.102651    0.204407    2.668097 ^ _2313_/X (sky130_fd_sc_hd__a21o_1)
                                                         _1566_ (net)
                      0.102651    0.000231    2.668328 ^ _2318_/A1 (sky130_fd_sc_hd__a21oi_1)
     3    0.013076    0.108206    0.127423    2.795751 v _2318_/Y (sky130_fd_sc_hd__a21oi_1)
                                                         _1571_ (net)
                      0.108241    0.000283    2.796033 v _2321_/B (sky130_fd_sc_hd__or3_4)
     3    0.008846    0.072854    0.395731    3.191765 v _2321_/X (sky130_fd_sc_hd__or3_4)
                                                         _1574_ (net)
                      0.072854    0.000278    3.192042 v _2326_/A1 (sky130_fd_sc_hd__a21o_1)
     4    0.010788    0.065613    0.197041    3.389084 v _2326_/X (sky130_fd_sc_hd__a21o_1)
                                                         _1579_ (net)
                      0.065614    0.000290    3.389374 v _2328_/B (sky130_fd_sc_hd__and3_1)
     2    0.006396    0.052348    0.185677    3.575051 v _2328_/X (sky130_fd_sc_hd__and3_1)
                                                         _1581_ (net)
                      0.052348    0.000202    3.575253 v _2330_/A (sky130_fd_sc_hd__or3_4)
     3    0.007416    0.070686    0.389871    3.965123 v _2330_/X (sky130_fd_sc_hd__or3_4)
                                                         _1583_ (net)
                      0.070686    0.000134    3.965257 v _2334_/A1 (sky130_fd_sc_hd__a21o_1)
     3    0.010178    0.063210    0.193968    4.159225 v _2334_/X (sky130_fd_sc_hd__a21o_1)
                                                         _1587_ (net)
                      0.063210    0.000159    4.159385 v rebuffer3/A (sky130_fd_sc_hd__clkbuf_2)
     3    0.009672    0.046747    0.127881    4.287266 v rebuffer3/X (sky130_fd_sc_hd__clkbuf_2)
                                                         net56 (net)
                      0.046748    0.000250    4.287516 v _2340_/B1 (sky130_fd_sc_hd__a22oi_2)
     2    0.010323    0.197380    0.169660    4.457176 ^ _2340_/Y (sky130_fd_sc_hd__a22oi_2)
                                                         _1593_ (net)
                      0.197380    0.000219    4.457395 ^ _2344_/A2 (sky130_fd_sc_hd__a22o_1)
     2    0.008894    0.098201    0.210135    4.667529 ^ _2344_/X (sky130_fd_sc_hd__a22o_1)
                                                         _1597_ (net)
                      0.098201    0.000306    4.667835 ^ _2347_/B1 (sky130_fd_sc_hd__a21o_1)
     4    0.010617    0.100360    0.137125    4.804960 ^ _2347_/X (sky130_fd_sc_hd__a21o_1)
                                                         _1600_ (net)
                      0.100360    0.000279    4.805239 ^ rebuffer9/A (sky130_fd_sc_hd__buf_1)
     1    0.005706    0.076499    0.119184    4.924423 ^ rebuffer9/X (sky130_fd_sc_hd__buf_1)
                                                         net62 (net)
                      0.076499    0.000122    4.924545 ^ _2348_/A2 (sky130_fd_sc_hd__a21oi_2)
     3    0.015773    0.087065    0.089644    5.014189 v _2348_/Y (sky130_fd_sc_hd__a21oi_2)
                                                         _1601_ (net)
                      0.087069    0.000443    5.014632 v _2352_/B (sky130_fd_sc_hd__or3_4)
     2    0.007095    0.070087    0.382688    5.397320 v _2352_/X (sky130_fd_sc_hd__or3_4)
                                                         _0106_ (net)
                      0.070087    0.000195    5.397514 v _2355_/A1 (sky130_fd_sc_hd__a21o_1)
     4    0.011831    0.069787    0.199563    5.597078 v _2355_/X (sky130_fd_sc_hd__a21o_1)
                                                         _0109_ (net)
                      0.069788    0.000419    5.597497 v _2360_/A1 (sky130_fd_sc_hd__a21oi_2)
     3    0.012751    0.179529    0.198761    5.796257 ^ _2360_/Y (sky130_fd_sc_hd__a21oi_2)
                                                         _0114_ (net)
                      0.179531    0.000480    5.796737 ^ _2361_/B (sky130_fd_sc_hd__xnor2_1)
     3    0.015863    0.374183    0.237026    6.033763 ^ _2361_/Y (sky130_fd_sc_hd__xnor2_1)
                                                         _0115_ (net)
                      0.374183    0.000358    6.034121 ^ _2366_/A2 (sky130_fd_sc_hd__a21o_1)
     3    0.008249    0.082528    0.206434    6.240555 ^ _2366_/X (sky130_fd_sc_hd__a21o_1)
                                                         _0120_ (net)
                      0.082528    0.000185    6.240741 ^ rebuffer11/A (sky130_fd_sc_hd__clkbuf_2)
     2    0.012764    0.077174    0.142640    6.383381 ^ rebuffer11/X (sky130_fd_sc_hd__clkbuf_2)
                                                         net64 (net)
                      0.077174    0.000394    6.383775 ^ _2369_/A1 (sky130_fd_sc_hd__a21oi_4)
     3    0.015861    0.053714    0.069869    6.453644 v _2369_/Y (sky130_fd_sc_hd__a21oi_4)
                                                         _0123_ (net)
                      0.053715    0.000376    6.454020 v _2372_/B (sky130_fd_sc_hd__or3_4)
     3    0.009093    0.073199    0.376549    6.830569 v _2372_/X (sky130_fd_sc_hd__or3_4)
                                                         _0126_ (net)
                      0.073199    0.000208    6.830777 v _2378_/A1 (sky130_fd_sc_hd__a21o_1)
     4    0.010089    0.062792    0.194724    7.025501 v _2378_/X (sky130_fd_sc_hd__a21o_1)
                                                         _0132_ (net)
                      0.062792    0.000163    7.025664 v _2383_/A (sky130_fd_sc_hd__and3_1)
     2    0.007426    0.057094    0.168944    7.194608 v _2383_/X (sky130_fd_sc_hd__and3_1)
                                                         _0137_ (net)
                      0.057094    0.000220    7.194829 v _2385_/C (sky130_fd_sc_hd__or3_4)
     3    0.008350    0.072032    0.337957    7.532785 v _2385_/X (sky130_fd_sc_hd__or3_4)
                                                         _0139_ (net)
                      0.072032    0.000184    7.532969 v _2387_/A1 (sky130_fd_sc_hd__a21o_1)
     4    0.012592    0.072825    0.203173    7.736142 v _2387_/X (sky130_fd_sc_hd__a21o_1)
                                                         _0141_ (net)
                      0.072825    0.000217    7.736359 v _2390_/A (sky130_fd_sc_hd__and3_1)
     3    0.010750    0.070024    0.187272    7.923631 v _2390_/X (sky130_fd_sc_hd__and3_1)
                                                         _0144_ (net)
                      0.070024    0.000226    7.923857 v _2392_/C (sky130_fd_sc_hd__or3_4)
     3    0.007075    0.069979    0.338385    8.262242 v _2392_/X (sky130_fd_sc_hd__or3_4)
                                                         _0146_ (net)
                      0.069979    0.000143    8.262385 v _2397_/A1 (sky130_fd_sc_hd__a21o_1)
     4    0.011159    0.067056    0.197206    8.459592 v _2397_/X (sky130_fd_sc_hd__a21o_1)
                                                         _0151_ (net)
                      0.067056    0.000151    8.459743 v _2406_/A (sky130_fd_sc_hd__and3_1)
     2    0.006153    0.051207    0.164871    8.624613 v _2406_/X (sky130_fd_sc_hd__and3_1)
                                                         _0160_ (net)
                      0.051207    0.000101    8.624715 v _2408_/C (sky130_fd_sc_hd__or3_4)
     3    0.008574    0.072382    0.336797    8.961512 v _2408_/X (sky130_fd_sc_hd__or3_4)
                                                         _0162_ (net)
                      0.072382    0.000194    8.961705 v _2410_/A1 (sky130_fd_sc_hd__a21o_1)
     3    0.007482    0.053272    0.183123    9.144828 v _2410_/X (sky130_fd_sc_hd__a21o_1)
                                                         _0164_ (net)
                      0.053272    0.000189    9.145018 v _2413_/A (sky130_fd_sc_hd__and3_1)
     2    0.006155    0.051230    0.158741    9.303758 v _2413_/X (sky130_fd_sc_hd__and3_1)
                                                         _0167_ (net)
                      0.051230    0.000135    9.303893 v _2415_/C (sky130_fd_sc_hd__or3_4)
     3    0.006708    0.069517    0.331148    9.635041 v _2415_/X (sky130_fd_sc_hd__or3_4)
                                                         _0169_ (net)
                      0.069517    0.000155    9.635196 v _2420_/A1 (sky130_fd_sc_hd__a21o_1)
     4    0.011993    0.070422    0.199967    9.835163 v _2420_/X (sky130_fd_sc_hd__a21o_1)
                                                         _0174_ (net)
                      0.070422    0.000218    9.835381 v _2428_/A1 (sky130_fd_sc_hd__a21bo_1)
     1    0.004302    0.040958    0.179382   10.014763 v _2428_/X (sky130_fd_sc_hd__a21bo_1)
                                                         _0180_ (net)
                      0.040958    0.000083   10.014846 v _2429_/B (sky130_fd_sc_hd__xor2_1)
     1    0.002552    0.068392    0.133132   10.147978 v _2429_/X (sky130_fd_sc_hd__xor2_1)
                                                         _0181_ (net)
                      0.068392    0.000052   10.148030 v _2430_/A1 (sky130_fd_sc_hd__mux2_4)
     1    0.002369    0.046812    0.256839   10.404869 v _2430_/X (sky130_fd_sc_hd__mux2_4)
                                                         _0025_ (net)
                      0.046812    0.000047   10.404917 v _3238_/D (sky130_fd_sc_hd__dfrtp_4)
                                             10.404917   data arrival time

                                 12.000000   12.000000   clock clk (rise edge)
                                  0.000000   12.000000   clock source latency
     2    0.041585    0.000000    0.000000   12.000000 ^ clk (in)
                                                         clk (net)
                      0.002182    0.001091   12.001090 ^ clkbuf_0_clk/A (sky130_fd_sc_hd__clkbuf_16)
    17    0.163009    0.175056    0.211118   12.212209 ^ clkbuf_0_clk/X (sky130_fd_sc_hd__clkbuf_16)
                                                         clknet_0_clk (net)
                      0.175501    0.007145   12.219354 ^ clkbuf_3_3__f_clk/A (sky130_fd_sc_hd__clkbuf_16)
    35    0.100465    0.116636    0.230163   12.449516 ^ clkbuf_3_3__f_clk/X (sky130_fd_sc_hd__clkbuf_16)
                                                         clknet_3_3__leaf_clk (net)
                      0.116706    0.002660   12.452176 ^ _3238_/CLK (sky130_fd_sc_hd__dfrtp_4)
                                 -0.100000   12.352177   clock uncertainty
                                  0.000000   12.352177   clock reconvergence pessimism
                                 -0.098653   12.253524   library setup time
                                             12.253524   data required time
---------------------------------------------------------------------------------------------
                                             12.253524   data required time
                                            -10.404917   data arrival time
---------------------------------------------------------------------------------------------
                                              1.848608   slack (MET)




===========================================================================
report_checks --slack_max -0.01
============================================================================
======================= nom_tt_025C_1v80 Corner ===================================

No paths found.


===========================================================================
 report_check_types -max_slew -max_cap -max_fanout -violators
============================================================================
======================= nom_tt_025C_1v80 Corner ===================================



===========================================================================
report_parasitic_annotation -report_unannotated
============================================================================
Found 7 unannotated drivers.
 clkload0/Y
 clkload1/Y
 clkload2/Y
 clkload3/Y
 clkload4/Y
 clkload5/Y
 clkload6/Y
Found 0 partially unannotated drivers.

===========================================================================
max slew violation count 0
max fanout violation count 0
max cap violation count 0
============================================================================

===========================================================================
check_setup -verbose -unconstrained_endpoints -multiple_clock -no_clock -no_input_delay -loops -generated_clocks
===========================================================================
Warning: There are 36 input ports missing set_input_delay.
  A_in[0]
  A_in[10]
  A_in[11]
  A_in[12]
  A_in[13]
  A_in[14]
  A_in[15]
  A_in[1]
  A_in[2]
  A_in[3]
  A_in[4]
  A_in[5]
  A_in[6]
  A_in[7]
  A_in[8]
  A_in[9]
  B_in[0]
  B_in[10]
  B_in[11]
  B_in[12]
  B_in[13]
  B_in[14]
  B_in[15]
  B_in[1]
  B_in[2]
  B_in[3]
  B_in[4]
  B_in[5]
  B_in[6]
  B_in[7]
  B_in[8]
  B_in[9]
  Op_Sel[0]
  Op_Sel[1]
  Start
  rst_n
Warning: There are 17 unconstrained endpoints.
  Done
  X_out[0]
  X_out[10]
  X_out[11]
  X_out[12]
  X_out[13]
  X_out[14]
  X_out[15]
  X_out[1]
  X_out[2]
  X_out[3]
  X_out[4]
  X_out[5]
  X_out[6]
  X_out[7]
  X_out[8]
  X_out[9]
