Clock: clk
Sources: clk 
Generated: no
Virtual: yes
Propagated: no
Period: 12.000000

===========================================================================
report_clock_properties
============================================================================
Clock                   Period          Waveform
----------------------------------------------------
clk                  12.000000    0.000000  6.000000

===========================================================================
report_clock_latency
============================================================================
Clock clk
rise -> rise
    min     max
0.000000 0.000000 source latency
0.432963         network latency _3222_/CLK
        0.456587 network latency _3256_/CLK
---------------
0.432963 0.456587 latency
        0.023623 skew

fall -> fall
    min     max
0.000000 0.000000 source latency
0.410843         network latency _3222_/CLK
        0.429097 network latency _3256_/CLK
---------------
0.410843 0.429097 latency
        0.018254 skew



===========================================================================
report_clock_min_period
============================================================================
clk period_min = 10.15 fmax = 98.51
