
===========================================================================
report_checks -unconstrained
===========================================================================
======================= max_tt_025C_1v80 Corner ===================================

Startpoint: _3287_ (rising edge-triggered flip-flop clocked by clk)
Endpoint: _3234_ (rising edge-triggered flip-flop clocked by clk)
Path Group: clk
Path Type: max

Fanout         Cap        Slew       Delay        Time   Description
---------------------------------------------------------------------------------------------
                                  0.000000    0.000000   clock clk (rise edge)
                                  0.000000    0.000000   clock source latency
     2    0.043526    0.000000    0.000000    0.000000 ^ clk (in)
                                                         clk (net)
                      0.003136    0.001568    0.001568 ^ clkbuf_0_clk/A (sky130_fd_sc_hd__clkbuf_16)
    17    0.171620    0.183703    0.214407    0.215975 ^ clkbuf_0_clk/X (sky130_fd_sc_hd__clkbuf_16)
                                                         clknet_0_clk (net)
                      0.184528    0.009981    0.225955 ^ clkbuf_3_5__f_clk/A (sky130_fd_sc_hd__clkbuf_16)
    35    0.089491    0.108017    0.220793    0.446748 ^ clkbuf_3_5__f_clk/X (sky130_fd_sc_hd__clkbuf_16)
                                                         clknet_3_5__leaf_clk (net)
                      0.109636    0.010509    0.457258 ^ _3287_/CLK (sky130_fd_sc_hd__dfrtp_4)
    39    0.088136    0.162898    0.609803    1.067061 v _3287_/Q (sky130_fd_sc_hd__dfrtp_4)
                                                         A_reg[13] (net)
                      0.167578    0.021589    1.088650 v _2154_/B1 (sky130_fd_sc_hd__a31o_1)
     2    0.005866    0.050683    0.243720    1.332370 v _2154_/X (sky130_fd_sc_hd__a31o_1)
                                                         _1411_ (net)
                      0.050685    0.000378    1.332748 v _2156_/B1 (sky130_fd_sc_hd__a32o_1)
     3    0.008118    0.064301    0.227637    1.560386 v _2156_/X (sky130_fd_sc_hd__a32o_1)
                                                         _1413_ (net)
                      0.064302    0.000354    1.560739 v _2158_/B1 (sky130_fd_sc_hd__a2bb2o_2)
     5    0.018955    0.082168    0.313381    1.874120 v _2158_/X (sky130_fd_sc_hd__a2bb2o_2)
                                                         _1415_ (net)
                      0.082183    0.001125    1.875245 v _2163_/B (sky130_fd_sc_hd__xnor2_1)
     4    0.011510    0.104663    0.181500    2.056745 v _2163_/Y (sky130_fd_sc_hd__xnor2_1)
                                                         _1420_ (net)
                      0.104704    0.000608    2.057353 v _2168_/B1 (sky130_fd_sc_hd__a2bb2o_1)
     3    0.009065    0.078859    0.332867    2.390220 v _2168_/X (sky130_fd_sc_hd__a2bb2o_1)
                                                         _1425_ (net)
                      0.078859    0.000291    2.390511 v _2171_/A2 (sky130_fd_sc_hd__a21o_1)
     4    0.017488    0.093203    0.245016    2.635527 v _2171_/X (sky130_fd_sc_hd__a21o_1)
                                                         _1428_ (net)
                      0.093213    0.000987    2.636515 v _2177_/A2 (sky130_fd_sc_hd__a21oi_1)
     2    0.004295    0.131247    0.175706    2.812221 ^ _2177_/Y (sky130_fd_sc_hd__a21oi_1)
                                                         _1434_ (net)
                      0.131247    0.000208    2.812429 ^ _2179_/A2_N (sky130_fd_sc_hd__a2bb2o_1)
     3    0.009315    0.079918    0.331142    3.143571 v _2179_/X (sky130_fd_sc_hd__a2bb2o_1)
                                                         _1436_ (net)
                      0.079919    0.000334    3.143905 v _2183_/A2 (sky130_fd_sc_hd__a21o_1)
     5    0.020904    0.107631    0.257547    3.401452 v _2183_/X (sky130_fd_sc_hd__a21o_1)
                                                         _1440_ (net)
                      0.107648    0.001313    3.402765 v _2187_/A2 (sky130_fd_sc_hd__a21o_1)
     2    0.005559    0.044653    0.209424    3.612189 v _2187_/X (sky130_fd_sc_hd__a21o_1)
                                                         _1444_ (net)
                      0.044653    0.000283    3.612471 v _2190_/B2 (sky130_fd_sc_hd__a22o_1)
     3    0.011351    0.077476    0.235556    3.848028 v _2190_/X (sky130_fd_sc_hd__a22o_1)
                                                         _1447_ (net)
                      0.077479    0.000553    3.848581 v _2195_/A1 (sky130_fd_sc_hd__a22o_1)
     5    0.016439    0.099760    0.277416    4.125997 v _2195_/X (sky130_fd_sc_hd__a22o_1)
                                                         _1452_ (net)
                      0.099782    0.001418    4.127415 v _2198_/B (sky130_fd_sc_hd__xnor2_1)
     4    0.010147    0.096988    0.181850    4.309265 v _2198_/Y (sky130_fd_sc_hd__xnor2_1)
                                                         _1455_ (net)
                      0.096988    0.000332    4.309597 v _2202_/A2 (sky130_fd_sc_hd__a211o_1)
     4    0.011886    0.087895    0.354494    4.664091 v _2202_/X (sky130_fd_sc_hd__a211o_1)
                                                         _1459_ (net)
                      0.087898    0.000624    4.664714 v _2205_/A1 (sky130_fd_sc_hd__a21o_1)
     4    0.014031    0.078823    0.214511    4.879225 v _2205_/X (sky130_fd_sc_hd__a21o_1)
                                                         _1462_ (net)
                      0.078828    0.000729    4.879954 v _2212_/A2 (sky130_fd_sc_hd__a21oi_1)
     2    0.004912    0.142348    0.178819    5.058773 ^ _2212_/Y (sky130_fd_sc_hd__a21oi_1)
                                                         _1469_ (net)
                      0.142348    0.000240    5.059012 ^ _2214_/A2_N (sky130_fd_sc_hd__a2bb2o_1)
     3    0.007768    0.074711    0.323415    5.382427 v _2214_/X (sky130_fd_sc_hd__a2bb2o_1)
                                                         _1471_ (net)
                      0.074711    0.000246    5.382674 v _2217_/A2 (sky130_fd_sc_hd__a21bo_1)
     5    0.022179    0.114993    0.274130    5.656804 v _2217_/X (sky130_fd_sc_hd__a21bo_1)
                                                         _1474_ (net)
                      0.115023    0.001767    5.658570 v _2219_/A2 (sky130_fd_sc_hd__a21oi_1)
     2    0.004117    0.128063    0.181759    5.840329 ^ _2219_/Y (sky130_fd_sc_hd__a21oi_1)
                                                         _1476_ (net)
                      0.128063    0.000254    5.840582 ^ _2224_/A2_N (sky130_fd_sc_hd__a2bb2o_1)
     3    0.008298    0.076250    0.324971    6.165554 v _2224_/X (sky130_fd_sc_hd__a2bb2o_1)
                                                         _1481_ (net)
                      0.076251    0.000435    6.165988 v _2229_/A1 (sky130_fd_sc_hd__a21o_1)
     5    0.022939    0.116270    0.240796    6.406784 v _2229_/X (sky130_fd_sc_hd__a21o_1)
                                                         _1486_ (net)
                      0.116306    0.001903    6.408687 v _2230_/B (sky130_fd_sc_hd__xnor2_1)
     3    0.009780    0.095055    0.187120    6.595807 v _2230_/Y (sky130_fd_sc_hd__xnor2_1)
                                                         _1487_ (net)
                      0.095056    0.000514    6.596322 v _2234_/A2 (sky130_fd_sc_hd__a211o_1)
     4    0.013595    0.095344    0.360958    6.957279 v _2234_/X (sky130_fd_sc_hd__a211o_1)
                                                         _1491_ (net)
                      0.095351    0.000887    6.958166 v _2239_/A1 (sky130_fd_sc_hd__a21o_1)
     5    0.017424    0.092901    0.229529    7.187695 v _2239_/X (sky130_fd_sc_hd__a21o_1)
                                                         _1496_ (net)
                      0.092917    0.001197    7.188892 v _2243_/B (sky130_fd_sc_hd__xor2_1)
     4    0.011663    0.111300    0.191327    7.380219 v _2243_/X (sky130_fd_sc_hd__xor2_1)
                                                         _1500_ (net)
                      0.111300    0.000393    7.380612 v _2247_/A2 (sky130_fd_sc_hd__a211o_1)
     4    0.014041    0.097071    0.369113    7.749725 v _2247_/X (sky130_fd_sc_hd__a211o_1)
                                                         _1504_ (net)
                      0.097075    0.000753    7.750478 v _2250_/A2 (sky130_fd_sc_hd__a21oi_2)
     4    0.014313    0.195713    0.231989    7.982467 ^ _2250_/Y (sky130_fd_sc_hd__a21oi_2)
                                                         _1507_ (net)
                      0.195719    0.000890    7.983356 ^ _2251_/B (sky130_fd_sc_hd__xnor2_1)
     4    0.011085    0.111849    0.142808    8.126164 v _2251_/Y (sky130_fd_sc_hd__xnor2_1)
                                                         _1508_ (net)
                      0.111849    0.000342    8.126507 v _2256_/A2 (sky130_fd_sc_hd__a22o_1)
     3    0.008453    0.065754    0.280631    8.407138 v _2256_/X (sky130_fd_sc_hd__a22o_1)
                                                         _1513_ (net)
                      0.065754    0.000259    8.407397 v _2262_/A1 (sky130_fd_sc_hd__a21o_1)
     4    0.013585    0.077042    0.203696    8.611093 v _2262_/X (sky130_fd_sc_hd__a21o_1)
                                                         _1519_ (net)
                      0.077053    0.000942    8.612035 v _2270_/B (sky130_fd_sc_hd__xnor2_1)
     4    0.012537    0.111804    0.184696    8.796731 v _2270_/Y (sky130_fd_sc_hd__xnor2_1)
                                                         _1527_ (net)
                      0.111805    0.000624    8.797355 v _2272_/B1 (sky130_fd_sc_hd__a2bb2o_1)
     3    0.007795    0.074937    0.327762    9.125117 v _2272_/X (sky130_fd_sc_hd__a2bb2o_1)
                                                         _1529_ (net)
                      0.074938    0.000395    9.125512 v _2273_/A2 (sky130_fd_sc_hd__a21o_1)
     4    0.017332    0.092562    0.242888    9.368401 v _2273_/X (sky130_fd_sc_hd__a21o_1)
                                                         _1530_ (net)
                      0.092583    0.001340    9.369740 v _2274_/B (sky130_fd_sc_hd__xor2_2)
     3    0.013382    0.202183    0.211575    9.581316 ^ _2274_/X (sky130_fd_sc_hd__xor2_2)
                                                         _1531_ (net)
                      0.202183    0.000426    9.581742 ^ _2278_/A2 (sky130_fd_sc_hd__a22o_1)
     3    0.008874    0.097972    0.211041    9.792783 ^ _2278_/X (sky130_fd_sc_hd__a22o_1)
                                                         _1535_ (net)
                      0.097973    0.000439    9.793221 ^ _2283_/A1 (sky130_fd_sc_hd__a21o_1)
     3    0.008915    0.086060    0.153020    9.946241 ^ _2283_/X (sky130_fd_sc_hd__a21o_1)
                                                         _1540_ (net)
                      0.086062    0.000546    9.946788 ^ _2290_/B1_N (sky130_fd_sc_hd__a21bo_1)
     1    0.005197    0.044732    0.214010   10.160798 v _2290_/X (sky130_fd_sc_hd__a21bo_1)
                                                         _1545_ (net)
                      0.044734    0.000376   10.161174 v _2291_/B (sky130_fd_sc_hd__xor2_1)
     1    0.012976    0.103648    0.177364   10.338537 v _2291_/X (sky130_fd_sc_hd__xor2_1)
                                                         _1546_ (net)
                      0.103675    0.001362   10.339900 v _2292_/A1 (sky130_fd_sc_hd__mux2_1)
     1    0.002630    0.054218    0.306101   10.646001 v _2292_/X (sky130_fd_sc_hd__mux2_1)
                                                         _0021_ (net)
                      0.054218    0.000179   10.646180 v _3234_/D (sky130_fd_sc_hd__dfrtp_4)
                                             10.646180   data arrival time

                                 20.000000   20.000000   clock clk (rise edge)
                                  0.000000   20.000000   clock source latency
     2    0.043526    0.000000    0.000000   20.000000 ^ clk (in)
                                                         clk (net)
                      0.003136    0.001569   20.001570 ^ clkbuf_0_clk/A (sky130_fd_sc_hd__clkbuf_16)
    17    0.171620    0.183703    0.214406   20.215975 ^ clkbuf_0_clk/X (sky130_fd_sc_hd__clkbuf_16)
                                                         clknet_0_clk (net)
                      0.184963    0.012239   20.228214 ^ clkbuf_3_3__f_clk/A (sky130_fd_sc_hd__clkbuf_16)
    35    0.102743    0.119702    0.233063   20.461277 ^ clkbuf_3_3__f_clk/X (sky130_fd_sc_hd__clkbuf_16)
                                                         clknet_3_3__leaf_clk (net)
                      0.119868    0.002888   20.464167 ^ _3234_/CLK (sky130_fd_sc_hd__dfrtp_4)
                                 -0.100000   20.364166   clock uncertainty
                                  0.000000   20.364166   clock reconvergence pessimism
                                 -0.101146   20.263020   library setup time
                                             20.263020   data required time
---------------------------------------------------------------------------------------------
                                             20.263020   data required time
                                            -10.646180   data arrival time
---------------------------------------------------------------------------------------------
                                              9.616840   slack (MET)




===========================================================================
report_checks --slack_max -0.01
============================================================================
======================= max_tt_025C_1v80 Corner ===================================

No paths found.


===========================================================================
 report_check_types -max_slew -max_cap -max_fanout -violators
============================================================================
======================= max_tt_025C_1v80 Corner ===================================



===========================================================================
report_parasitic_annotation -report_unannotated
============================================================================
Found 7 unannotated drivers.
 clkload0/Y
 clkload1/Y
 clkload2/Y
 clkload3/Y
 clkload4/Y
 clkload5/Y
 clkload6/Y
Found 0 partially unannotated drivers.

===========================================================================
max slew violation count 0
max fanout violation count 0
max cap violation count 0
============================================================================

===========================================================================
check_setup -verbose -unconstrained_endpoints -multiple_clock -no_clock -no_input_delay -loops -generated_clocks
===========================================================================
Warning: There are 36 input ports missing set_input_delay.
  A_in[0]
  A_in[10]
  A_in[11]
  A_in[12]
  A_in[13]
  A_in[14]
  A_in[15]
  A_in[1]
  A_in[2]
  A_in[3]
  A_in[4]
  A_in[5]
  A_in[6]
  A_in[7]
  A_in[8]
  A_in[9]
  B_in[0]
  B_in[10]
  B_in[11]
  B_in[12]
  B_in[13]
  B_in[14]
  B_in[15]
  B_in[1]
  B_in[2]
  B_in[3]
  B_in[4]
  B_in[5]
  B_in[6]
  B_in[7]
  B_in[8]
  B_in[9]
  Op_Sel[0]
  Op_Sel[1]
  Start
  rst_n
Warning: There are 17 unconstrained endpoints.
  Done
  X_out[0]
  X_out[10]
  X_out[11]
  X_out[12]
  X_out[13]
  X_out[14]
  X_out[15]
  X_out[1]
  X_out[2]
  X_out[3]
  X_out[4]
  X_out[5]
  X_out[6]
  X_out[7]
  X_out[8]
  X_out[9]
