
===========================================================================
report_checks -unconstrained
===========================================================================
======================= nom_ss_100C_1v60 Corner ===================================

Startpoint: _3302_ (rising edge-triggered flip-flop clocked by clk)
Endpoint: _3238_ (rising edge-triggered flip-flop clocked by clk)
Path Group: clk
Path Type: max

Fanout         Cap        Slew       Delay        Time   Description
---------------------------------------------------------------------------------------------
                      0.000000    0.000000    0.000000   clock clk (rise edge)
                                  0.000000    0.000000   clock network delay (ideal)
                      0.000000    0.000000    0.000000 ^ _3302_/CLK (sky130_fd_sc_hd__dfrtp_2)
    15    0.050397    0.274447    0.991333    0.991333 v _3302_/Q (sky130_fd_sc_hd__dfrtp_2)
                                                         B_reg[12] (net)
                      0.274447    0.000000    0.991333 v _1910_/C (sky130_fd_sc_hd__and3_2)
     3    0.004237    0.080628    0.542361    1.533694 v _1910_/X (sky130_fd_sc_hd__and3_2)
                                                         _1175_ (net)
                      0.080628    0.000000    1.533694 v _2300_/B (sky130_fd_sc_hd__or4_2)
     4    0.009340    0.272550    1.613235    3.146929 v _2300_/X (sky130_fd_sc_hd__or4_2)
                                                         _1553_ (net)
                      0.272550    0.000000    3.146929 v _2304_/A2 (sky130_fd_sc_hd__a21o_2)
     3    0.010700    0.095479    0.502961    3.649890 v _2304_/X (sky130_fd_sc_hd__a21o_2)
                                                         _1557_ (net)
                      0.095479    0.000000    3.649890 v _2308_/C (sky130_fd_sc_hd__and3_2)
     2    0.005429    0.088386    0.463427    4.113317 v _2308_/X (sky130_fd_sc_hd__and3_2)
                                                         _1561_ (net)
                      0.088386    0.000000    4.113317 v _2310_/C (sky130_fd_sc_hd__or3_2)
     3    0.005121    0.184708    1.003054    5.116372 v _2310_/X (sky130_fd_sc_hd__or3_2)
                                                         _1563_ (net)
                      0.184708    0.000000    5.116372 v _2313_/A1 (sky130_fd_sc_hd__a21o_2)
     4    0.014420    0.111038    0.456426    5.572797 v _2313_/X (sky130_fd_sc_hd__a21o_2)
                                                         _1566_ (net)
                      0.111038    0.000000    5.572797 v _2319_/B (sky130_fd_sc_hd__and3_2)
     2    0.005429    0.088199    0.440518    6.013316 v _2319_/X (sky130_fd_sc_hd__and3_2)
                                                         _1572_ (net)
                      0.088199    0.000000    6.013316 v _2321_/C (sky130_fd_sc_hd__or3_2)
     3    0.004921    0.182880    0.999560    7.012876 v _2321_/X (sky130_fd_sc_hd__or3_2)
                                                         _1574_ (net)
                      0.182880    0.000000    7.012876 v _2326_/A1 (sky130_fd_sc_hd__a21o_2)
     4    0.012700    0.103818    0.446863    7.459739 v _2326_/X (sky130_fd_sc_hd__a21o_2)
                                                         _1579_ (net)
                      0.103818    0.000000    7.459739 v _2328_/C (sky130_fd_sc_hd__and3_2)
     2    0.005429    0.088297    0.467538    7.927277 v _2328_/X (sky130_fd_sc_hd__and3_2)
                                                         _1581_ (net)
                      0.088297    0.000000    7.927277 v _2330_/C (sky130_fd_sc_hd__or3_2)
     4    0.010033    0.214236    1.054877    8.982154 v _2330_/X (sky130_fd_sc_hd__or3_2)
                                                         _1583_ (net)
                      0.214236    0.000000    8.982154 v _2334_/A1 (sky130_fd_sc_hd__a21o_2)
     5    0.013415    0.106884    0.463951    9.446105 v _2334_/X (sky130_fd_sc_hd__a21o_2)
                                                         _1587_ (net)
                      0.106884    0.000000    9.446105 v _2338_/B (sky130_fd_sc_hd__and3_2)
     2    0.005429    0.088038    0.438454    9.884559 v _2338_/X (sky130_fd_sc_hd__and3_2)
                                                         _1591_ (net)
                      0.088038    0.000000    9.884559 v _2345_/C (sky130_fd_sc_hd__or3_2)
     3    0.005864    0.190214    1.012959   10.897518 v _2345_/X (sky130_fd_sc_hd__or3_2)
                                                         _1598_ (net)
                      0.190214    0.000000   10.897518 v _2347_/A1 (sky130_fd_sc_hd__a21o_2)
     4    0.009604    0.090774    0.434205   11.331722 v _2347_/X (sky130_fd_sc_hd__a21o_2)
                                                         _1600_ (net)
                      0.090774    0.000000   11.331722 v _2350_/C (sky130_fd_sc_hd__and3_2)
     2    0.005429    0.088436    0.461107   11.792830 v _2350_/X (sky130_fd_sc_hd__and3_2)
                                                         _1603_ (net)
                      0.088436    0.000000   11.792830 v _2352_/C (sky130_fd_sc_hd__or3_2)
     3    0.005716    0.189356    1.011604   12.804434 v _2352_/X (sky130_fd_sc_hd__or3_2)
                                                         _0106_ (net)
                      0.189356    0.000000   12.804434 v _2355_/A2 (sky130_fd_sc_hd__a21o_2)
     4    0.009338    0.089702    0.463078   13.267512 v _2355_/X (sky130_fd_sc_hd__a21o_2)
                                                         _0109_ (net)
                      0.089702    0.000000   13.267512 v _2362_/B (sky130_fd_sc_hd__and3_2)
     2    0.005429    0.088363    0.429914   13.697426 v _2362_/X (sky130_fd_sc_hd__and3_2)
                                                         _0116_ (net)
                      0.088363    0.000000   13.697426 v _2364_/C (sky130_fd_sc_hd__or3_2)
     3    0.004828    0.182026    0.998017   14.695442 v _2364_/X (sky130_fd_sc_hd__or3_2)
                                                         _0118_ (net)
                      0.182026    0.000000   14.695442 v _2366_/A2 (sky130_fd_sc_hd__a21o_2)
     4    0.012434    0.102680    0.476068   15.171511 v _2366_/X (sky130_fd_sc_hd__a21o_2)
                                                         _0120_ (net)
                      0.102680    0.000000   15.171511 v _2370_/B (sky130_fd_sc_hd__and3_2)
     2    0.005429    0.088274    0.436364   15.607875 v _2370_/X (sky130_fd_sc_hd__and3_2)
                                                         _0124_ (net)
                      0.088274    0.000000   15.607875 v _2372_/C (sky130_fd_sc_hd__or3_2)
     3    0.006915    0.196268    1.023583   16.631458 v _2372_/X (sky130_fd_sc_hd__or3_2)
                                                         _0126_ (net)
                      0.196268    0.000000   16.631458 v _2378_/A1 (sky130_fd_sc_hd__a21o_2)
     4    0.009591    0.090654    0.436735   17.068193 v _2378_/X (sky130_fd_sc_hd__a21o_2)
                                                         _0132_ (net)
                      0.090654    0.000000   17.068193 v _2383_/C (sky130_fd_sc_hd__and3_2)
     2    0.005429    0.088437    0.461048   17.529242 v _2383_/X (sky130_fd_sc_hd__and3_2)
                                                         _0137_ (net)
                      0.088437    0.000000   17.529242 v _2385_/C (sky130_fd_sc_hd__or3_2)
     3    0.005864    0.190208    1.013090   18.542332 v _2385_/X (sky130_fd_sc_hd__or3_2)
                                                         _0139_ (net)
                      0.190208    0.000000   18.542332 v _2387_/A1 (sky130_fd_sc_hd__a21o_2)
     4    0.009338    0.089654    0.432845   18.975176 v _2387_/X (sky130_fd_sc_hd__a21o_2)
                                                         _0141_ (net)
                      0.089654    0.000000   18.975176 v _2390_/B (sky130_fd_sc_hd__and3_2)
     3    0.007668    0.097997    0.442599   19.417774 v _2390_/X (sky130_fd_sc_hd__and3_2)
                                                         _0144_ (net)
                      0.097997    0.000000   19.417774 v _2392_/C (sky130_fd_sc_hd__or3_2)
     3    0.004921    0.182761    1.002759   20.420534 v _2392_/X (sky130_fd_sc_hd__or3_2)
                                                         _0146_ (net)
                      0.182761    0.000000   20.420534 v _2397_/A1 (sky130_fd_sc_hd__a21o_2)
     4    0.012434    0.102696    0.445455   20.865988 v _2397_/X (sky130_fd_sc_hd__a21o_2)
                                                         _0151_ (net)
                      0.102696    0.000000   20.865988 v _2406_/B (sky130_fd_sc_hd__and3_2)
     2    0.005429    0.088274    0.436373   21.302361 v _2406_/X (sky130_fd_sc_hd__and3_2)
                                                         _0160_ (net)
                      0.088274    0.000000   21.302361 v _2408_/C (sky130_fd_sc_hd__or3_2)
     3    0.008671    0.206387    1.041203   22.343565 v _2408_/X (sky130_fd_sc_hd__or3_2)
                                                         _0162_ (net)
                      0.206387    0.000000   22.343565 v _2410_/A2 (sky130_fd_sc_hd__a21o_2)
     3    0.007427    0.081767    0.460290   22.803854 v _2410_/X (sky130_fd_sc_hd__a21o_2)
                                                         _0164_ (net)
                      0.081767    0.000000   22.803854 v _2413_/C (sky130_fd_sc_hd__and3_2)
     2    0.005429    0.088532    0.456666   23.260519 v _2413_/X (sky130_fd_sc_hd__and3_2)
                                                         _0167_ (net)
                      0.088532    0.000000   23.260519 v _2415_/C (sky130_fd_sc_hd__or3_2)
     3    0.004921    0.182876    0.999668   24.260187 v _2415_/X (sky130_fd_sc_hd__or3_2)
                                                         _0169_ (net)
                      0.182876    0.000000   24.260187 v _2420_/A1 (sky130_fd_sc_hd__a21o_2)
     4    0.011328    0.098032    0.439858   24.700045 v _2420_/X (sky130_fd_sc_hd__a21o_2)
                                                         _0174_ (net)
                      0.098032    0.000000   24.700045 v _2428_/A1 (sky130_fd_sc_hd__a21bo_2)
     1    0.008022    0.086393    0.394635   25.094681 v _2428_/X (sky130_fd_sc_hd__a21bo_2)
                                                         _0180_ (net)
                      0.086393    0.000000   25.094681 v _2429_/B (sky130_fd_sc_hd__xor2_2)
     1    0.001763    0.084068    0.248546   25.343227 v _2429_/X (sky130_fd_sc_hd__xor2_2)
                                                         _0181_ (net)
                      0.084068    0.000000   25.343227 v _2430_/A1 (sky130_fd_sc_hd__mux2_1)
     1    0.001838    0.102711    0.637970   25.981197 v _2430_/X (sky130_fd_sc_hd__mux2_1)
                                                         _0025_ (net)
                      0.102711    0.000000   25.981197 v _3238_/D (sky130_fd_sc_hd__dfrtp_2)
                                             25.981197   data arrival time

                      0.000000  100.000000  100.000000   clock clk (rise edge)
                                  0.000000  100.000000   clock network delay (ideal)
                                 -0.100000   99.899994   clock uncertainty
                                  0.000000   99.899994   clock reconvergence pessimism
                                             99.899994 ^ _3238_/CLK (sky130_fd_sc_hd__dfrtp_2)
                                 -0.308947   99.591049   library setup time
                                             99.591049   data required time
---------------------------------------------------------------------------------------------
                                             99.591049   data required time
                                            -25.981197   data arrival time
---------------------------------------------------------------------------------------------
                                             73.609856   slack (MET)




===========================================================================
report_checks --slack_max -0.01
============================================================================
======================= nom_ss_100C_1v60 Corner ===================================

No paths found.


===========================================================================
 report_check_types -max_slew -max_cap -max_fanout -violators
============================================================================
======================= nom_ss_100C_1v60 Corner ===================================



===========================================================================
report_parasitic_annotation -report_unannotated
============================================================================
Found 1755 unannotated drivers.
 A_in[0]
 A_in[10]
 A_in[11]
 A_in[12]
 A_in[13]
 A_in[14]
 A_in[15]
 A_in[1]
 A_in[2]
 A_in[3]
 A_in[4]
 A_in[5]
 A_in[6]
 A_in[7]
 A_in[8]
 A_in[9]
 B_in[0]
 B_in[10]
 B_in[11]
 B_in[12]
 B_in[13]
 B_in[14]
 B_in[15]
 B_in[1]
 B_in[2]
 B_in[3]
 B_in[4]
 B_in[5]
 B_in[6]
 B_in[7]
 B_in[8]
 B_in[9]
 Op_Sel[0]
 Op_Sel[1]
 Start
 clk
 rst_n
 _1604_/Y
 _1605_/Y
 _1606_/Y
 _1607_/Y
 _1608_/Y
 _1609_/Y
 _1610_/Y
 _1611_/Y
 _1612_/Y
 _1613_/Y
 _1614_/Y
 _1615_/Y
 _1616_/Y
 _1617_/Y
 _1618_/Y
 _1619_/Y
 _1620_/Y
 _1621_/Y
 _1622_/Y
 _1623_/Y
 _1624_/Y
 _1625_/Y
 _1626_/Y
 _1627_/Y
 _1628_/Y
 _1629_/Y
 _1630_/X
 _1631_/Y
 _1632_/X
 _1633_/Y
 _1634_/X
 _1635_/Y
 _1636_/X
 _1637_/Y
 _1638_/X
 _1639_/Y
 _1640_/Y
 _1641_/X
 _1642_/X
 _1643_/Y
 _1644_/X
 _1645_/X
 _1646_/Y
 _1647_/Y
 _1648_/Y
 _1649_/X
 _1650_/X
 _1651_/Y
 _1652_/X
 _1653_/X
 _1654_/X
 _1655_/Y
 _1656_/X
 _1657_/X
 _1658_/Y
 _1659_/Y
 _1660_/Y
 _1661_/Y
 _1662_/X
 _1663_/Y
 _1664_/Y
 _1665_/X
 _1666_/Y
 _1667_/Y
 _1668_/X
 _1669_/X
 _1670_/Y
 _1671_/X
 _1672_/Y
 _1673_/X
 _1674_/X
 _1675_/X
 _1676_/Y
 _1677_/Y
 _1678_/X
 _1679_/Y
 _1680_/Y
 _1681_/X
 _1682_/X
 _1683_/X
 _1684_/Y
 _1685_/X
 _1686_/Y
 _1687_/X
 _1688_/Y
 _1689_/Y
 _1690_/X
 _1691_/X
 _1692_/X
 _1693_/Y
 _1694_/X
 _1695_/Y
 _1696_/X
 _1697_/Y
 _1698_/X
 _1699_/Y
 _1700_/Y
 _1701_/Y
 _1702_/Y
 _1703_/Y
 _1704_/X
 _1705_/X
 _1706_/Y
 _1707_/X
 _1708_/Y
 _1709_/X
 _1710_/Y
 _1711_/Y
 _1712_/Y
 _1713_/X
 _1714_/X
 _1715_/X
 _1716_/X
 _1717_/X
 _1718_/X
 _1719_/Y
 _1720_/X
 _1721_/X
 _1722_/X
 _1723_/X
 _1724_/Y
 _1725_/X
 _1726_/Y
 _1727_/X
 _1728_/Y
 _1729_/X
 _1730_/X
 _1731_/Y
 _1732_/X
 _1733_/X
 _1734_/Y
 _1735_/X
 _1736_/X
 _1737_/X
 _1738_/Y
 _1739_/X
 _1740_/X
 _1741_/X
 _1742_/X
 _1743_/Y
 _1744_/X
 _1745_/X
 _1746_/X
 _1747_/Y
 _1748_/Y
 _1749_/Y
 _1750_/X
 _1751_/Y
 _1752_/X
 _1753_/X
 _1754_/X
 _1755_/Y
 _1756_/X
 _1757_/Y
 _1758_/Y
 _1759_/Y
 _1760_/X
 _1761_/X
 _1762_/Y
 _1763_/X
 _1764_/X
 _1765_/Y
 _1766_/X
 _1767_/Y
 _1768_/X
 _1769_/X
 _1770_/X
 _1771_/Y
 _1772_/X
 _1773_/Y
 _1774_/X
 _1775_/Y
 _1776_/X
 _1777_/X
 _1778_/Y
 _1779_/Y
 _1780_/X
 _1781_/Y
 _1782_/X
 _1783_/Y
 _1784_/X
 _1785_/Y
 _1786_/Y
 _1787_/X
 _1788_/Y
 _1789_/Y
 _1790_/X
 _1791_/Y
 _1792_/Y
 _1793_/Y
 _1794_/Y
 _1795_/Y
 _1796_/X
 _1797_/Y
 _1798_/Y
 _1799_/X
 _1800_/Y
 _1801_/Y
 _1802_/X
 _1803_/X
 _1804_/X
 _1805_/X
 _1806_/Y
 _1807_/X
 _1808_/Y
 _1809_/Y
 _1810_/Y
 _1811_/Y
 _1812_/Y
 _1813_/Y
 _1814_/Y
 _1815_/Y
 _1816_/X
 _1817_/X
 _1818_/X
 _1819_/X
 _1820_/X
 _1821_/Y
 _1822_/Y
 _1823_/X
 _1824_/Y
 _1825_/X
 _1826_/Y
 _1827_/X
 _1828_/Y
 _1829_/Y
 _1830_/X
 _1831_/X
 _1832_/X
 _1833_/Y
 _1834_/X
 _1835_/Y
 _1836_/X
 _1837_/Y
 _1838_/X
 _1839_/Y
 _1840_/Y
 _1841_/X
 _1842_/Y
 _1843_/Y
 _1844_/X
 _1845_/X
 _1846_/X
 _1847_/X
 _1848_/X
 _1849_/X
 _1850_/Y
 _1851_/Y
 _1852_/Y
 _1853_/X
 _1854_/X
 _1855_/Y
 _1856_/Y
 _1857_/Y
 _1858_/X
 _1859_/Y
 _1860_/X
 _1861_/X
 _1862_/X
 _1863_/X
 _1864_/X
 _1865_/Y
 _1866_/Y
 _1867_/X
 _1868_/X
 _1869_/X
 _1870_/X
 _1871_/Y
 _1872_/X
 _1873_/Y
 _1874_/Y
 _1875_/X
 _1876_/X
 _1877_/Y
 _1878_/X
 _1879_/Y
 _1880_/X
 _1881_/X
 _1882_/Y
 _1883_/X
 _1884_/Y
 _1885_/X
 _1886_/X
 _1887_/Y
 _1888_/Y
 _1889_/Y
 _1890_/X
 _1891_/X
 _1892_/X
 _1893_/Y
 _1894_/X
 _1895_/Y
 _1896_/X
 _1897_/Y
 _1898_/Y
 _1899_/Y
 _1900_/Y
 _1901_/X
 _1902_/Y
 _1903_/Y
 _1904_/Y
 _1905_/X
 _1906_/Y
 _1907_/X
 _1908_/Y
 _1909_/Y
 _1910_/X
 _1911_/Y
 _1912_/Y
 _1913_/X
 _1914_/X
 _1915_/X
 _1916_/Y
 _1917_/Y
 _1918_/Y
 _1919_/Y
 _1920_/X
 _1921_/X
 _1922_/Y
 _1923_/Y
 _1924_/Y
 _1925_/Y
 _1926_/Y
 _1927_/X
 _1928_/Y
 _1929_/X
 _1930_/X
 _1931_/X
 _1932_/X
 _1933_/X
 _1934_/Y
 _1935_/Y
 _1936_/Y
 _1937_/X
 _1938_/X
 _1939_/Y
 _1940_/X
 _1941_/Y
 _1942_/Y
 _1943_/Y
 _1944_/Y
 _1945_/X
 _1946_/Y
 _1947_/X
 _1948_/Y
 _1949_/X
 _1950_/Y
 _1951_/Y
 _1952_/Y
 _1953_/X
 _1954_/X
 _1955_/Y
 _1956_/X
 _1957_/Y
 _1958_/X
 _1959_/X
 _1960_/Y
 _1961_/X
 _1962_/Y
 _1963_/Y
 _1964_/X
 _1965_/Y
 _1966_/Y
 _1967_/Y
 _1968_/Y
 _1969_/Y
 _1970_/X
 _1971_/Y
 _1972_/X
 _1973_/Y
 _1974_/Y
 _1975_/X
 _1976_/X
 _1977_/Y
 _1978_/X
 _1979_/Y
 _1980_/X
 _1981_/X
 _1982_/Y
 _1983_/X
 _1984_/Y
 _1985_/Y
 _1986_/X
 _1987_/X
 _1988_/Y
 _1989_/X
 _1990_/Y
 _1991_/X
 _1992_/X
 _1993_/X
 _1994_/Y
 _1995_/X
 _1996_/Y
 _1997_/X
 _1998_/Y
 _1999_/Y
 _2000_/X
 _2001_/Y
 _2002_/X
 _2003_/Y
 _2004_/X
 _2005_/X
 _2006_/Y
 _2007_/X
 _2008_/X
 _2009_/X
 _2010_/X
 _2011_/X
 _2012_/Y
 _2013_/X
 _2014_/Y
 _2015_/Y
 _2016_/Y
 _2017_/Y
 _2018_/Y
 _2019_/X
 _2020_/X
 _2021_/Y
 _2022_/X
 _2023_/Y
 _2024_/X
 _2025_/X
 _2026_/Y
 _2027_/X
 _2028_/X
 _2029_/Y
 _2030_/X
 _2031_/Y
 _2032_/Y
 _2033_/X
 _2034_/X
 _2035_/X
 _2036_/X
 _2037_/Y
 _2038_/X
 _2039_/X
 _2040_/Y
 _2041_/Y
 _2042_/X
 _2043_/Y
 _2044_/Y
 _2045_/X
 _2046_/Y
 _2047_/X
 _2048_/X
 _2049_/Y
 _2050_/X
 _2051_/Y
 _2052_/Y
 _2053_/X
 _2054_/Y
 _2055_/X
 _2056_/X
 _2057_/Y
 _2058_/Y
 _2059_/X
 _2060_/Y
 _2061_/Y
 _2062_/Y
 _2063_/X
 _2064_/Y
 _2065_/X
 _2066_/Y
 _2067_/Y
 _2068_/Y
 _2069_/X
 _2070_/Y
 _2071_/X
 _2072_/X
 _2073_/X
 _2074_/Y
 _2075_/Y
 _2076_/Y
 _2077_/Y
 _2078_/Y
 _2079_/X
 _2080_/X
 _2081_/Y
 _2082_/Y
 _2083_/X
 _2084_/Y
 _2085_/Y
 _2086_/X
 _2087_/X
 _2088_/X
 _2089_/Y
 _2090_/X
 _2091_/Y
 _2092_/X
 _2093_/Y
 _2094_/X
 _2095_/X
 _2096_/Y
 _2097_/X
 _2098_/X
 _2099_/X
 _2100_/Y
 _2101_/Y
 _2102_/X
 _2103_/Y
 _2104_/X
 _2105_/X
 _2106_/Y
 _2107_/Y
 _2108_/X
 _2109_/Y
 _2110_/X
 _2111_/X
 _2112_/Y
 _2113_/X
 _2114_/Y
 _2115_/Y
 _2116_/Y
 _2117_/X
 _2118_/Y
 _2119_/Y
 _2120_/X
 _2121_/X
 _2122_/Y
 _2123_/Y
 _2124_/X
 _2125_/Y
 _2126_/Y
 _2127_/X
 _2128_/Y
 _2129_/X
 _2130_/X
 _2131_/X
 _2132_/Y
 _2133_/Y
 _2134_/X
 _2135_/Y
 _2136_/X
 _2137_/Y
 _2138_/X
 _2139_/X
 _2140_/Y
 _2141_/X
 _2142_/Y
 _2143_/X
 _2144_/X
 _2145_/Y
 _2146_/X
 _2147_/Y
 _2148_/X
 _2149_/X
 _2150_/X
 _2151_/X
 _2152_/Y
 _2153_/X
 _2154_/X
 _2155_/Y
 _2156_/X
 _2157_/X
 _2158_/X
 _2159_/Y
 _2160_/X
 _2161_/Y
 _2162_/X
 _2163_/Y
 _2164_/Y
 _2165_/Y
 _2166_/X
 _2167_/X
 _2168_/X
 _2169_/Y
 _2170_/Y
 _2171_/X
 _2172_/Y
 _2173_/X
 _2174_/Y
 _2175_/Y
 _2176_/X
 _2177_/Y
 _2178_/X
 _2179_/X
 _2180_/Y
 _2181_/Y
 _2182_/Y
 _2183_/X
 _2184_/Y
 _2185_/Y
 _2186_/Y
 _2187_/X
 _2188_/Y
 _2189_/Y
 _2190_/X
 _2191_/Y
 _2192_/Y
 _2193_/X
 _2194_/X
 _2195_/X
 _2196_/X
 _2197_/X
 _2198_/Y
 _2199_/X
 _2200_/Y
 _2201_/Y
 _2202_/X
 _2203_/Y
 _2204_/X
 _2205_/X
 _2206_/Y
 _2207_/X
 _2208_/X
 _2209_/Y
 _2210_/Y
 _2211_/X
 _2212_/Y
 _2213_/X
 _2214_/X
 _2215_/Y
 _2216_/X
 _2217_/X
 _2218_/X
 _2219_/Y
 _2220_/X
 _2221_/Y
 _2222_/Y
 _2223_/Y
 _2224_/X
 _2225_/X
 _2226_/Y
 _2227_/X
 _2228_/X
 _2229_/X
 _2230_/Y
 _2231_/Y
 _2232_/X
 _2233_/Y
 _2234_/X
 _2235_/Y
 _2236_/X
 _2237_/Y
 _2238_/Y
 _2239_/X
 _2240_/Y
 _2241_/X
 _2242_/X
 _2243_/X
 _2244_/X
 _2245_/Y
 _2246_/Y
 _2247_/X
 _2248_/Y
 _2249_/Y
 _2250_/Y
 _2251_/Y
 _2252_/Y
 _2253_/X
 _2254_/Y
 _2255_/Y
 _2256_/X
 _2257_/Y
 _2258_/X
 _2259_/X
 _2260_/Y
 _2261_/Y
 _2262_/X
 _2263_/Y
 _2264_/Y
 _2265_/Y
 _2266_/X
 _2267_/X
 _2268_/Y
 _2269_/X
 _2270_/Y
 _2271_/Y
 _2272_/X
 _2273_/X
 _2274_/X
 _2275_/Y
 _2276_/X
 _2277_/Y
 _2278_/X
 _2279_/Y
 _2280_/X
 _2281_/X
 _2282_/Y
 _2283_/X
 _2284_/X
 _2285_/Y
 _2286_/X
 _2287_/X
 _2288_/Y
 _2289_/X
 _2290_/X
 _2291_/X
 _2292_/X
 _2293_/X
 _2294_/Y
 _2295_/X
 _2296_/X
 _2297_/Y
 _2298_/Y
 _2299_/X
 _2300_/X
 _2301_/Y
 _2302_/Y
 _2303_/X
 _2304_/X
 _2305_/Y
 _2306_/X
 _2307_/Y
 _2308_/X
 _2309_/Y
 _2310_/X
 _2311_/X
 _2312_/X
 _2313_/X
 _2314_/X
 _2315_/X
 _2316_/Y
 _2317_/Y
 _2318_/Y
 _2319_/X
 _2320_/Y
 _2321_/X
 _2322_/Y
 _2323_/X
 _2324_/Y
 _2325_/X
 _2326_/X
 _2327_/Y
 _2328_/X
 _2329_/Y
 _2330_/X
 _2331_/Y
 _2332_/X
 _2333_/Y
 _2334_/X
 _2335_/Y
 _2336_/Y
 _2337_/Y
 _2338_/X
 _2339_/Y
 _2340_/Y
 _2341_/Y
 _2342_/X
 _2343_/X
 _2344_/X
 _2345_/X
 _2346_/Y
 _2347_/X
 _2348_/Y
 _2349_/Y
 _2350_/X
 _2351_/Y
 _2352_/X
 _2353_/X
 _2354_/Y
 _2355_/X
 _2356_/X
 _2357_/X
 _2358_/X
 _2359_/Y
 _2360_/Y
 _2361_/Y
 _2362_/X
 _2363_/Y
 _2364_/X
 _2365_/X
 _2366_/X
 _2367_/X
 _2368_/X
 _2369_/Y
 _2370_/X
 _2371_/Y
 _2372_/X
 _2373_/Y
 _2374_/Y
 _2375_/Y
 _2376_/X
 _2377_/Y
 _2378_/X
 _2379_/X
 _2380_/X
 _2381_/X
 _2382_/Y
 _2383_/X
 _2384_/Y
 _2385_/X
 _2386_/Y
 _2387_/X
 _2388_/X
 _2389_/Y
 _2390_/X
 _2391_/Y
 _2392_/X
 _2393_/Y
 _2394_/X
 _2395_/X
 _2396_/Y
 _2397_/X
 _2398_/X
 _2399_/X
 _2400_/Y
 _2401_/Y
 _2402_/X
 _2403_/Y
 _2404_/Y
 _2405_/Y
 _2406_/X
 _2407_/Y
 _2408_/X
 _2409_/Y
 _2410_/X
 _2411_/X
 _2412_/Y
 _2413_/X
 _2414_/Y
 _2415_/X
 _2416_/Y
 _2417_/X
 _2418_/X
 _2419_/X
 _2420_/X
 _2421_/X
 _2422_/Y
 _2423_/X
 _2424_/X
 _2425_/X
 _2426_/Y
 _2427_/X
 _2428_/X
 _2429_/X
 _2430_/X
 _2431_/X
 _2432_/Y
 _2433_/X
 _2434_/Y
 _2435_/Y
 _2436_/X
 _2437_/X
 _2438_/Y
 _2439_/Y
 _2440_/X
 _2441_/Y
 _2442_/Y
 _2443_/Y
 _2444_/X
 _2445_/Y
 _2446_/X
 _2447_/Y
 _2448_/Y
 _2449_/X
 _2450_/X
 _2451_/Y
 _2452_/X
 _2453_/X
 _2454_/X
 _2455_/X
 _2456_/X
 _2457_/X
 _2458_/X
 _2459_/X
 _2460_/X
 _2461_/X
 _2462_/Y
 _2463_/X
 _2464_/Y
 _2465_/X
 _2466_/Y
 _2467_/X
 _2468_/Y
 _2469_/X
 _2470_/Y
 _2471_/X
 _2472_/X
 _2473_/Y
 _2474_/X
 _2475_/Y
 _2476_/Y
 _2477_/X
 _2478_/X
 _2479_/X
 _2480_/Y
 _2481_/Y
 _2482_/X
 _2483_/X
 _2484_/Y
 _2485_/Y
 _2486_/Y
 _2487_/Y
 _2488_/X
 _2489_/X
 _2490_/Y
 _2491_/X
 _2492_/Y
 _2493_/Y
 _2494_/X
 _2495_/Y
 _2496_/Y
 _2497_/X
 _2498_/X
 _2499_/Y
 _2500_/X
 _2501_/Y
 _2502_/X
 _2503_/Y
 _2504_/X
 _2505_/Y
 _2506_/Y
 _2507_/Y
 _2508_/X
 _2509_/Y
 _2510_/X
 _2511_/X
 _2512_/X
 _2513_/X
 _2514_/X
 _2515_/Y
 _2516_/Y
 _2517_/X
 _2518_/X
 _2519_/X
 _2520_/X
 _2521_/X
 _2522_/Y
 _2523_/Y
 _2524_/Y
 _2525_/X
 _2526_/Y
 _2527_/X
 _2528_/X
 _2529_/X
 _2530_/Y
 _2531_/X
 _2532_/Y
 _2533_/Y
 _2534_/X
 _2535_/Y
 _2536_/X
 _2537_/Y
 _2538_/X
 _2539_/Y
 _2540_/Y
 _2541_/X
 _2542_/Y
 _2543_/X
 _2544_/Y
 _2545_/X
 _2546_/X
 _2547_/X
 _2548_/Y
 _2549_/X
 _2550_/Y
 _2551_/X
 _2552_/Y
 _2553_/Y
 _2554_/X
 _2555_/Y
 _2556_/X
 _2557_/X
 _2558_/X
 _2559_/X
 _2560_/X
 _2561_/X
 _2562_/Y
 _2563_/X
 _2564_/Y
 _2565_/X
 _2566_/X
 _2567_/X
 _2568_/X
 _2569_/X
 _2570_/Y
 _2571_/X
 _2572_/X
 _2573_/Y
 _2574_/Y
 _2575_/Y
 _2576_/X
 _2577_/X
 _2578_/Y
 _2579_/X
 _2580_/X
 _2581_/X
 _2582_/X
 _2583_/X
 _2584_/Y
 _2585_/X
 _2586_/Y
 _2587_/Y
 _2588_/Y
 _2589_/Y
 _2590_/X
 _2591_/Y
 _2592_/X
 _2593_/Y
 _2594_/Y
 _2595_/Y
 _2596_/X
 _2597_/X
 _2598_/Y
 _2599_/X
 _2600_/X
 _2601_/X
 _2602_/X
 _2603_/Y
 _2604_/Y
 _2605_/X
 _2606_/X
 _2607_/X
 _2608_/Y
 _2609_/Y
 _2610_/X
 _2611_/Y
 _2612_/Y
 _2613_/Y
 _2614_/Y
 _2615_/X
 _2616_/X
 _2617_/Y
 _2618_/X
 _2619_/Y
 _2620_/Y
 _2621_/X
 _2622_/Y
 _2623_/X
 _2624_/X
 _2625_/Y
 _2626_/Y
 _2627_/X
 _2628_/X
 _2629_/Y
 _2630_/X
 _2631_/X
 _2632_/X
 _2633_/Y
 _2634_/X
 _2635_/Y
 _2636_/X
 _2637_/Y
 _2638_/X
 _2639_/X
 _2640_/X
 _2641_/X
 _2642_/X
 _2643_/X
 _2644_/X
 _2645_/Y
 _2646_/X
 _2647_/Y
 _2648_/Y
 _2649_/X
 _2650_/Y
 _2651_/X
 _2652_/X
 _2653_/X
 _2654_/Y
 _2655_/X
 _2656_/Y
 _2657_/X
 _2658_/X
 _2659_/X
 _2660_/Y
 _2661_/Y
 _2662_/Y
 _2663_/X
 _2664_/Y
 _2665_/Y
 _2666_/X
 _2667_/Y
 _2668_/X
 _2669_/X
 _2670_/Y
 _2671_/X
 _2672_/Y
 _2673_/X
 _2674_/X
 _2675_/Y
 _2676_/X
 _2677_/X
 _2678_/X
 _2679_/X
 _2680_/Y
 _2681_/Y
 _2682_/X
 _2683_/Y
 _2684_/Y
 _2685_/Y
 _2686_/X
 _2687_/Y
 _2688_/Y
 _2689_/X
 _2690_/Y
 _2691_/X
 _2692_/X
 _2693_/X
 _2694_/X
 _2695_/X
 _2696_/X
 _2697_/Y
 _2698_/X
 _2699_/X
 _2700_/X
 _2701_/Y
 _2702_/Y
 _2703_/Y
 _2704_/X
 _2705_/X
 _2706_/Y
 _2707_/X
 _2708_/X
 _2709_/X
 _2710_/Y
 _2711_/X
 _2712_/X
 _2713_/Y
 _2714_/X
 _2715_/X
 _2716_/X
 _2717_/Y
 _2718_/X
 _2719_/X
 _2720_/X
 _2721_/X
 _2722_/X
 _2723_/Y
 _2724_/Y
 _2725_/X
 _2726_/Y
 _2727_/Y
 _2728_/X
 _2729_/Y
 _2730_/Y
 _2731_/X
 _2732_/Y
 _2733_/Y
 _2734_/Y
 _2735_/X
 _2736_/X
 _2737_/Y
 _2738_/X
 _2739_/X
 _2740_/Y
 _2741_/X
 _2742_/X
 _2743_/X
 _2744_/Y
 _2745_/Y
 _2746_/X
 _2747_/X
 _2748_/Y
 _2749_/Y
 _2750_/Y
 _2751_/X
 _2752_/X
 _2753_/Y
 _2754_/X
 _2755_/Y
 _2756_/X
 _2757_/Y
 _2758_/X
 _2759_/X
 _2760_/X
 _2761_/X
 _2762_/Y
 _2763_/Y
 _2764_/X
 _2765_/X
 _2766_/Y
 _2767_/Y
 _2768_/X
 _2769_/Y
 _2770_/Y
 _2771_/X
 _2772_/Y
 _2773_/X
 _2774_/Y
 _2775_/X
 _2776_/Y
 _2777_/X
 _2778_/X
 _2779_/Y
 _2780_/Y
 _2781_/Y
 _2782_/X
 _2783_/Y
 _2784_/X
 _2785_/X
 _2786_/Y
 _2787_/X
 _2788_/Y
 _2789_/X
 _2790_/X
 _2791_/X
 _2792_/Y
 _2793_/X
 _2794_/X
 _2795_/X
 _2796_/Y
 _2797_/Y
 _2798_/Y
 _2799_/X
 _2800_/Y
 _2801_/X
 _2802_/X
 _2803_/Y
 _2804_/X
 _2805_/X
 _2806_/Y
 _2807_/X
 _2808_/X
 _2809_/X
 _2810_/Y
 _2811_/X
 _2812_/Y
 _2813_/X
 _2814_/X
 _2815_/X
 _2816_/X
 _2817_/X
 _2818_/X
 _2819_/X
 _2820_/X
 _2821_/X
 _2822_/X
 _2823_/X
 _2824_/X
 _2825_/X
 _2826_/X
 _2827_/X
 _2828_/X
 _2829_/X
 _2830_/X
 _2831_/X
 _2832_/X
 _2833_/X
 _2834_/X
 _2835_/X
 _2836_/X
 _2837_/X
 _2838_/X
 _2839_/X
 _2840_/X
 _2841_/X
 _2842_/X
 _2843_/X
 _2844_/X
 _2845_/X
 _2846_/X
 _2847_/X
 _2848_/X
 _2849_/X
 _2850_/X
 _2851_/X
 _2852_/X
 _2853_/X
 _2854_/X
 _2855_/X
 _2856_/X
 _2857_/X
 _2858_/X
 _2859_/X
 _2860_/X
 _2861_/X
 _2862_/X
 _2863_/X
 _2864_/X
 _2865_/X
 _2866_/Y
 _2867_/X
 _2868_/X
 _2869_/X
 _2870_/Y
 _2871_/Y
 _2872_/X
 _2873_/X
 _2874_/Y
 _2875_/Y
 _2876_/X
 _2877_/X
 _2878_/Y
 _2879_/X
 _2880_/X
 _2881_/Y
 _2882_/X
 _2883_/Y
 _2884_/X
 _2885_/X
 _2886_/Y
 _2887_/Y
 _2888_/Y
 _2889_/Y
 _2890_/Y
 _2891_/X
 _2892_/Y
 _2893_/Y
 _2894_/Y
 _2895_/Y
 _2896_/X
 _2897_/X
 _2898_/X
 _2899_/Y
 _2900_/X
 _2901_/X
 _2902_/X
 _2903_/Y
 _2904_/Y
 _2905_/X
 _2906_/X
 _2907_/Y
 _2908_/Y
 _2909_/X
 _2910_/Y
 _2911_/Y
 _2912_/Y
 _2913_/X
 _2914_/X
 _2915_/X
 _2916_/Y
 _2917_/Y
 _2918_/X
 _2919_/Y
 _2920_/Y
 _2921_/X
 _2922_/Y
 _2923_/X
 _2924_/X
 _2925_/X
 _2926_/Y
 _2927_/X
 _2928_/Y
 _2929_/X
 _2930_/X
 _2931_/Y
 _2932_/Y
 _2933_/X
 _2934_/Y
 _2935_/Y
 _2936_/Y
 _2937_/Y
 _2938_/Y
 _2939_/Y
 _2940_/Y
 _2941_/Y
 _2942_/X
 _2943_/Y
 _2944_/X
 _2945_/X
 _2946_/Y
 _2947_/X
 _2948_/Y
 _2949_/X
 _2950_/Y
 _2951_/X
 _2952_/X
 _2953_/X
 _2954_/X
 _2955_/X
 _2956_/X
 _2957_/Y
 _2958_/Y
 _2959_/Y
 _2960_/Y
 _2961_/Y
 _2962_/X
 _2963_/Y
 _2964_/X
 _2965_/X
 _2966_/Y
 _2967_/Y
 _2968_/X
 _2969_/Y
 _2970_/X
 _2971_/Y
 _2972_/X
 _2973_/X
 _2974_/Y
 _2975_/Y
 _2976_/Y
 _2977_/Y
 _2978_/Y
 _2979_/X
 _2980_/Y
 _2981_/X
 _2982_/Y
 _2983_/Y
 _2984_/X
 _2985_/Y
 _2986_/Y
 _2987_/Y
 _2988_/X
 _2989_/X
 _2990_/Y
 _2991_/X
 _2992_/Y
 _2993_/Y
 _2994_/X
 _2995_/Y
 _2996_/X
 _2997_/X
 _2998_/Y
 _2999_/X
 _3000_/Y
 _3001_/X
 _3002_/X
 _3003_/Y
 _3004_/X
 _3005_/X
 _3006_/X
 _3007_/Y
 _3008_/Y
 _3009_/Y
 _3010_/Y
 _3011_/Y
 _3012_/X
 _3013_/X
 _3014_/Y
 _3015_/X
 _3016_/Y
 _3017_/X
 _3018_/X
 _3019_/Y
 _3020_/X
 _3021_/X
 _3022_/X
 _3023_/X
 _3024_/X
 _3025_/X
 _3026_/X
 _3027_/X
 _3028_/Y
 _3029_/Y
 _3030_/Y
 _3031_/Y
 _3032_/X
 _3033_/Y
 _3034_/Y
 _3035_/X
 _3036_/Y
 _3037_/Y
 _3038_/X
 _3039_/Y
 _3040_/X
 _3041_/Y
 _3042_/Y
 _3043_/Y
 _3044_/Y
 _3045_/Y
 _3046_/X
 _3047_/Y
 _3048_/Y
 _3049_/X
 _3050_/X
 _3051_/Y
 _3052_/Y
 _3053_/X
 _3054_/Y
 _3055_/Y
 _3056_/Y
 _3057_/X
 _3058_/X
 _3059_/X
 _3060_/Y
 _3061_/X
 _3062_/X
 _3063_/X
 _3064_/Y
 _3065_/Y
 _3066_/X
 _3067_/Y
 _3068_/Y
 _3069_/Y
 _3070_/Y
 _3071_/X
 _3072_/X
 _3073_/Y
 _3074_/X
 _3075_/Y
 _3076_/Y
 _3077_/Y
 _3078_/X
 _3079_/X
 _3080_/Y
 _3081_/X
 _3082_/X
 _3083_/Y
 _3084_/X
 _3085_/Y
 _3086_/X
 _3087_/Y
 _3088_/Y
 _3089_/Y
 _3090_/X
 _3091_/X
 _3092_/X
 _3093_/X
 _3094_/X
 _3095_/X
 _3096_/X
 _3097_/Y
 _3098_/Y
 _3099_/X
 _3100_/X
 _3101_/Y
 _3102_/Y
 _3103_/Y
 _3104_/Y
 _3105_/Y
 _3106_/Y
 _3107_/X
 _3108_/Y
 _3109_/Y
 _3110_/X
 _3111_/Y
 _3112_/X
 _3113_/Y
 _3114_/X
 _3115_/Y
 _3116_/X
 _3117_/X
 _3118_/X
 _3119_/X
 _3120_/Y
 _3121_/Y
 _3122_/X
 _3123_/Y
 _3124_/X
 _3125_/X
 _3126_/Y
 _3127_/X
 _3128_/X
 _3129_/Y
 _3130_/X
 _3131_/Y
 _3132_/Y
 _3133_/Y
 _3134_/Y
 _3135_/X
 _3136_/Y
 _3137_/Y
 _3138_/Y
 _3139_/Y
 _3140_/X
 _3141_/Y
 _3142_/X
 _3143_/X
 _3144_/Y
 _3145_/Y
 _3146_/Y
 _3147_/Y
 _3148_/X
 _3149_/Y
 _3150_/X
 _3151_/X
 _3152_/Y
 _3153_/Y
 _3154_/Y
 _3155_/X
 _3156_/X
 _3157_/Y
 _3158_/X
 _3159_/X
 _3160_/X
 _3161_/X
 _3162_/Y
 _3163_/Y
 _3164_/X
 _3165_/Y
 _3166_/Y
 _3167_/X
 _3168_/X
 _3169_/X
 _3170_/X
 _3171_/X
 _3172_/Y
 _3173_/Y
 _3174_/Y
 _3175_/Y
 _3176_/X
 _3177_/X
 _3178_/Y
 _3179_/X
 _3180_/X
 _3181_/X
 _3182_/X
 _3183_/Y
 _3184_/Y
 _3185_/Y
 _3186_/X
 _3187_/Y
 _3188_/X
 _3189_/X
 _3190_/X
 _3191_/X
 _3192_/X
 _3193_/X
 _3194_/X
 _3195_/Y
 _3196_/Y
 _3197_/X
 _3198_/Y
 _3199_/X
 _3200_/X
 _3201_/Y
 _3202_/Y
 _3203_/X
 _3204_/X
 _3205_/Y
 _3206_/X
 _3207_/X
 _3208_/X
 _3209_/X
 _3210_/X
 _3211_/X
 _3212_/Q
 _3213_/Q
 _3214_/Q
 _3215_/Q
 _3216_/Q
 _3217_/Q
 _3218_/Q
 _3219_/Q
 _3220_/Q
 _3221_/Q
 _3222_/Q
 _3223_/Q
 _3224_/Q
 _3225_/Q
 _3226_/Q
 _3227_/Q
 _3228_/Q
 _3229_/Q
 _3230_/Q
 _3231_/Q
 _3232_/Q
 _3233_/Q
 _3234_/Q
 _3235_/Q
 _3236_/Q
 _3237_/Q
 _3238_/Q
 _3239_/Q
 _3240_/Q
 _3241_/Q
 _3242_/Q
 _3243_/Q
 _3244_/Q
 _3245_/Q
 _3246_/Q
 _3247_/Q
 _3248_/Q
 _3249_/Q
 _3250_/Q
 _3251_/Q
 _3252_/Q
 _3253_/Q
 _3254_/Q
 _3255_/Q
 _3256_/Q
 _3257_/Q
 _3258_/Q
 _3259_/Q
 _3260_/Q
 _3261_/Q
 _3262_/Q
 _3263_/Q
 _3264_/Q
 _3265_/Q
 _3266_/Q
 _3267_/Q
 _3268_/Q
 _3269_/Q
 _3270_/Q
 _3271_/Q
 _3272_/Q
 _3273_/Q
 _3274_/Q
 _3275_/Q
 _3276_/Q
 _3277_/Q
 _3278_/Q
 _3279_/Q
 _3280_/Q
 _3281_/Q
 _3282_/Q
 _3283_/Q
 _3284_/Q
 _3285_/Q
 _3286_/Q
 _3287_/Q
 _3288_/Q
 _3289_/Q
 _3290_/Q
 _3291_/Q
 _3292_/Q
 _3293_/Q
 _3294_/Q
 _3295_/Q
 _3296_/Q
 _3297_/Q
 _3298_/Q
 _3299_/Q
 _3300_/Q
 _3301_/Q
 _3302_/Q
 _3303_/Q
 _3304_/Q
 _3305_/Q
 _3306_/Q
 _3307_/Q
 _3308_/Q
 _3309_/Q
 _3310_/Q
 _3311_/Q
 _3312_/Q
 _3313_/Q
 _3314_/Q
 _3315_/Q
 _3316_/Q
 _3317_/Q
 _3318_/Q
 _3319_/Q
 _3320_/Q
 _3321_/Q
Found 0 partially unannotated drivers.

===========================================================================
max slew violation count 0
max fanout violation count 0
max cap violation count 0
============================================================================

===========================================================================
check_setup -verbose -unconstrained_endpoints -multiple_clock -no_clock -no_input_delay -loops -generated_clocks
===========================================================================
Warning: There are 36 input ports missing set_input_delay.
  A_in[0]
  A_in[10]
  A_in[11]
  A_in[12]
  A_in[13]
  A_in[14]
  A_in[15]
  A_in[1]
  A_in[2]
  A_in[3]
  A_in[4]
  A_in[5]
  A_in[6]
  A_in[7]
  A_in[8]
  A_in[9]
  B_in[0]
  B_in[10]
  B_in[11]
  B_in[12]
  B_in[13]
  B_in[14]
  B_in[15]
  B_in[1]
  B_in[2]
  B_in[3]
  B_in[4]
  B_in[5]
  B_in[6]
  B_in[7]
  B_in[8]
  B_in[9]
  Op_Sel[0]
  Op_Sel[1]
  Start
  rst_n
Warning: There are 17 unconstrained endpoints.
  Done
  X_out[0]
  X_out[10]
  X_out[11]
  X_out[12]
  X_out[13]
  X_out[14]
  X_out[15]
  X_out[1]
  X_out[2]
  X_out[3]
  X_out[4]
  X_out[5]
  X_out[6]
  X_out[7]
  X_out[8]
  X_out[9]
