
===========================================================================
report_checks -unconstrained
===========================================================================
======================= nom_tt_025C_1v80 Corner ===================================

Startpoint: _3302_ (rising edge-triggered flip-flop clocked by clk)
Endpoint: _3238_ (rising edge-triggered flip-flop clocked by clk)
Path Group: clk
Path Type: max

Fanout         Cap        Slew       Delay        Time   Description
---------------------------------------------------------------------------------------------
                                  0.000000    0.000000   clock clk (rise edge)
                                  0.000000    0.000000   clock source latency
     1    0.028987    0.000000    0.000000    0.000000 ^ clk (in)
                                                         clk (net)
                      0.002441    0.001221    0.001221 ^ clkbuf_0_clk/A (sky130_fd_sc_hd__clkbuf_16)
     8    0.118910    0.132024    0.184483    0.185703 ^ clkbuf_0_clk/X (sky130_fd_sc_hd__clkbuf_16)
                                                         clknet_0_clk (net)
                      0.132103    0.001478    0.187181 ^ clkbuf_3_0__f_clk/A (sky130_fd_sc_hd__clkbuf_16)
    12    0.059309    0.077602    0.187668    0.374849 ^ clkbuf_3_0__f_clk/X (sky130_fd_sc_hd__clkbuf_16)
                                                         clknet_3_0__leaf_clk (net)
                      0.077604    0.000575    0.375424 ^ _3302_/CLK (sky130_fd_sc_hd__dfrtp_4)
    15    0.043118    0.110578    0.550574    0.925998 v _3302_/Q (sky130_fd_sc_hd__dfrtp_4)
                                                         B_reg[12] (net)
                      0.110579    0.000518    0.926516 v _1910_/C (sky130_fd_sc_hd__and3_1)
     3    0.005171    0.048594    0.215609    1.142125 v _1910_/X (sky130_fd_sc_hd__and3_1)
                                                         _1175_ (net)
                      0.048594    0.000010    1.142135 v _2300_/B (sky130_fd_sc_hd__or4_1)
     4    0.008602    0.124795    0.550624    1.692759 v _2300_/X (sky130_fd_sc_hd__or4_1)
                                                         _1553_ (net)
                      0.124795    0.000013    1.692771 v _2304_/A2 (sky130_fd_sc_hd__a21o_1)
     3    0.006700    0.050888    0.221576    1.914347 v _2304_/X (sky130_fd_sc_hd__a21o_1)
                                                         _1557_ (net)
                      0.050888    0.000016    1.914363 v _2308_/C (sky130_fd_sc_hd__and3_1)
     2    0.004286    0.044708    0.184130    2.098493 v _2308_/X (sky130_fd_sc_hd__and3_1)
                                                         _1561_ (net)
                      0.044708    0.000010    2.098503 v _2310_/C (sky130_fd_sc_hd__or3_1)
     3    0.006516    0.088327    0.331234    2.429737 v _2310_/X (sky130_fd_sc_hd__or3_1)
                                                         _1563_ (net)
                      0.088327    0.000016    2.429753 v _2313_/A1 (sky130_fd_sc_hd__a21o_1)
     4    0.009536    0.060628    0.199062    2.628815 v _2313_/X (sky130_fd_sc_hd__a21o_1)
                                                         _1566_ (net)
                      0.060628    0.000028    2.628843 v _2319_/B (sky130_fd_sc_hd__and3_1)
     2    0.005107    0.046582    0.177234    2.806078 v _2319_/X (sky130_fd_sc_hd__and3_1)
                                                         _1572_ (net)
                      0.046582    0.000008    2.806086 v _2321_/C (sky130_fd_sc_hd__or3_1)
     3    0.007175    0.089524    0.336663    3.142748 v _2321_/X (sky130_fd_sc_hd__or3_1)
                                                         _1574_ (net)
                      0.089524    0.000042    3.142790 v _2326_/A1 (sky130_fd_sc_hd__a21o_1)
     4    0.009394    0.060075    0.199008    3.341799 v _2326_/X (sky130_fd_sc_hd__a21o_1)
                                                         _1579_ (net)
                      0.060075    0.000033    3.341832 v _2328_/C (sky130_fd_sc_hd__and3_1)
     2    0.004464    0.045495    0.189132    3.530964 v _2328_/X (sky130_fd_sc_hd__and3_1)
                                                         _1581_ (net)
                      0.045495    0.000014    3.530978 v _2330_/C (sky130_fd_sc_hd__or3_2)
     4    0.011965    0.106491    0.456274    3.987252 v _2330_/X (sky130_fd_sc_hd__or3_2)
                                                         _1583_ (net)
                      0.106491    0.000017    3.987269 v _2334_/A1 (sky130_fd_sc_hd__a21o_1)
     5    0.013539    0.078212    0.220913    4.208182 v _2334_/X (sky130_fd_sc_hd__a21o_1)
                                                         _1587_ (net)
                      0.078212    0.000031    4.208213 v _2338_/B (sky130_fd_sc_hd__and3_1)
     2    0.004793    0.045280    0.183654    4.391868 v _2338_/X (sky130_fd_sc_hd__and3_1)
                                                         _1591_ (net)
                      0.045280    0.000016    4.391883 v _2345_/C (sky130_fd_sc_hd__or3_1)
     3    0.007112    0.091707    0.335921    4.727805 v _2345_/X (sky130_fd_sc_hd__or3_1)
                                                         _1598_ (net)
                      0.091707    0.000015    4.727819 v _2347_/A1 (sky130_fd_sc_hd__a21o_1)
     4    0.009163    0.059385    0.198853    4.926673 v _2347_/X (sky130_fd_sc_hd__a21o_1)
                                                         _1600_ (net)
                      0.059385    0.000043    4.926716 v _2350_/C (sky130_fd_sc_hd__and3_1)
     2    0.004935    0.045853    0.191105    5.117821 v _2350_/X (sky130_fd_sc_hd__and3_1)
                                                         _1603_ (net)
                      0.045853    0.000027    5.117848 v _2352_/C (sky130_fd_sc_hd__or3_1)
     3    0.007426    0.091159    0.338430    5.456278 v _2352_/X (sky130_fd_sc_hd__or3_1)
                                                         _0106_ (net)
                      0.091159    0.000041    5.456319 v _2355_/A2 (sky130_fd_sc_hd__a21o_1)
     4    0.008983    0.058868    0.219113    5.675432 v _2355_/X (sky130_fd_sc_hd__a21o_1)
                                                         _0109_ (net)
                      0.058868    0.000033    5.675465 v _2362_/B (sky130_fd_sc_hd__and3_1)
     2    0.004373    0.043540    0.172863    5.848328 v _2362_/X (sky130_fd_sc_hd__and3_1)
                                                         _0116_ (net)
                      0.043540    0.000020    5.848347 v _2364_/C (sky130_fd_sc_hd__or3_1)
     3    0.006107    0.086048    0.327847    6.176194 v _2364_/X (sky130_fd_sc_hd__or3_1)
                                                         _0118_ (net)
                      0.086048    0.000017    6.176211 v _2366_/A2 (sky130_fd_sc_hd__a21o_1)
     4    0.009356    0.059945    0.218856    6.395067 v _2366_/X (sky130_fd_sc_hd__a21o_1)
                                                         _0120_ (net)
                      0.059945    0.000031    6.395098 v _2370_/B (sky130_fd_sc_hd__and3_1)
     2    0.004874    0.045600    0.175796    6.570893 v _2370_/X (sky130_fd_sc_hd__and3_1)
                                                         _0124_ (net)
                      0.045600    0.000017    6.570910 v _2372_/C (sky130_fd_sc_hd__or3_1)
     3    0.007880    0.096136    0.341877    6.912787 v _2372_/X (sky130_fd_sc_hd__or3_1)
                                                         _0126_ (net)
                      0.096136    0.000022    6.912810 v _2378_/A1 (sky130_fd_sc_hd__a21o_1)
     4    0.008877    0.059965    0.199394    7.112204 v _2378_/X (sky130_fd_sc_hd__a21o_1)
                                                         _0132_ (net)
                      0.059965    0.000019    7.112223 v _2383_/C (sky130_fd_sc_hd__and3_1)
     2    0.005096    0.048233    0.192169    7.304392 v _2383_/X (sky130_fd_sc_hd__and3_1)
                                                         _0137_ (net)
                      0.048233    0.000017    7.304409 v _2385_/C (sky130_fd_sc_hd__or3_1)
     3    0.007228    0.092410    0.337461    7.641870 v _2385_/X (sky130_fd_sc_hd__or3_1)
                                                         _0139_ (net)
                      0.092410    0.000020    7.641890 v _2387_/A1 (sky130_fd_sc_hd__a21o_1)
     4    0.010966    0.066260    0.205863    7.847753 v _2387_/X (sky130_fd_sc_hd__a21o_1)
                                                         _0141_ (net)
                      0.066260    0.000039    7.847792 v _2390_/B (sky130_fd_sc_hd__and3_1)
     3    0.008239    0.060220    0.195032    8.042824 v _2390_/X (sky130_fd_sc_hd__and3_1)
                                                         _0144_ (net)
                      0.060220    0.000040    8.042864 v _2392_/C (sky130_fd_sc_hd__or3_1)
     3    0.006296    0.087170    0.333769    8.376632 v _2392_/X (sky130_fd_sc_hd__or3_1)
                                                         _0146_ (net)
                      0.087170    0.000008    8.376640 v _2397_/A1 (sky130_fd_sc_hd__a21o_1)
     4    0.009418    0.062207    0.198169    8.574809 v _2397_/X (sky130_fd_sc_hd__a21o_1)
                                                         _0151_ (net)
                      0.062207    0.000016    8.574825 v _2406_/B (sky130_fd_sc_hd__and3_1)
     2    0.004441    0.043810    0.174706    8.749531 v _2406_/X (sky130_fd_sc_hd__and3_1)
                                                         _0160_ (net)
                      0.043810    0.000006    8.749537 v _2408_/C (sky130_fd_sc_hd__or3_1)
     3    0.007286    0.092741    0.336930    9.086468 v _2408_/X (sky130_fd_sc_hd__or3_1)
                                                         _0162_ (net)
                      0.092741    0.000011    9.086478 v _2410_/A2 (sky130_fd_sc_hd__a21o_1)
     3    0.006065    0.046809    0.206039    9.292518 v _2410_/X (sky130_fd_sc_hd__a21o_1)
                                                         _0164_ (net)
                      0.046809    0.000020    9.292538 v _2413_/C (sky130_fd_sc_hd__and3_1)
     2    0.004477    0.043925    0.183294    9.475832 v _2413_/X (sky130_fd_sc_hd__and3_1)
                                                         _0167_ (net)
                      0.043925    0.000006    9.475838 v _2415_/C (sky130_fd_sc_hd__or3_1)
     3    0.006277    0.087019    0.329232    9.805070 v _2415_/X (sky130_fd_sc_hd__or3_1)
                                                         _0169_ (net)
                      0.087019    0.000022    9.805092 v _2420_/A1 (sky130_fd_sc_hd__a21o_1)
     4    0.010430    0.066143    0.201740   10.006832 v _2420_/X (sky130_fd_sc_hd__a21o_1)
                                                         _0174_ (net)
                      0.066143    0.000004   10.006837 v _2428_/A1 (sky130_fd_sc_hd__a21bo_1)
     1    0.004302    0.042456    0.177709   10.184546 v _2428_/X (sky130_fd_sc_hd__a21bo_1)
                                                         _0180_ (net)
                      0.042456    0.000003   10.184547 v _2429_/B (sky130_fd_sc_hd__xor2_1)
     1    0.002234    0.064679    0.131764   10.316312 v _2429_/X (sky130_fd_sc_hd__xor2_1)
                                                         _0181_ (net)
                      0.064679    0.000004   10.316316 v _2430_/A1 (sky130_fd_sc_hd__mux2_1)
     1    0.002172    0.053136    0.287858   10.604173 v _2430_/X (sky130_fd_sc_hd__mux2_1)
                                                         _0025_ (net)
                      0.053136    0.000002   10.604175 v _3238_/D (sky130_fd_sc_hd__dfrtp_4)
                                             10.604175   data arrival time

                                 14.000000   14.000000   clock clk (rise edge)
                                  0.000000   14.000000   clock source latency
     1    0.028987    0.000000    0.000000   14.000000 ^ clk (in)
                                                         clk (net)
                      0.002441    0.001220   14.001220 ^ clkbuf_0_clk/A (sky130_fd_sc_hd__clkbuf_16)
     8    0.118910    0.132024    0.184483   14.185702 ^ clkbuf_0_clk/X (sky130_fd_sc_hd__clkbuf_16)
                                                         clknet_0_clk (net)
                      0.132123    0.001982   14.187684 ^ clkbuf_3_3__f_clk/A (sky130_fd_sc_hd__clkbuf_16)
    17    0.060636    0.078810    0.188745   14.376430 ^ clkbuf_3_3__f_clk/X (sky130_fd_sc_hd__clkbuf_16)
                                                         clknet_3_3__leaf_clk (net)
                      0.078810    0.000231   14.376660 ^ _3238_/CLK (sky130_fd_sc_hd__dfrtp_4)
                                 -0.100000   14.276660   clock uncertainty
                                  0.000000   14.276660   clock reconvergence pessimism
                                 -0.110080   14.166580   library setup time
                                             14.166580   data required time
---------------------------------------------------------------------------------------------
                                             14.166580   data required time
                                            -10.604175   data arrival time
---------------------------------------------------------------------------------------------
                                              3.562406   slack (MET)




===========================================================================
report_checks --slack_max -0.01
============================================================================
======================= nom_tt_025C_1v80 Corner ===================================

No paths found.


===========================================================================
 report_check_types -max_slew -max_cap -max_fanout -violators
============================================================================
======================= nom_tt_025C_1v80 Corner ===================================



===========================================================================
report_parasitic_annotation -report_unannotated
============================================================================
Found 7 unannotated drivers.
 clkload0/Y
 clkload1/Y
 clkload2/Y
 clkload3/Y
 clkload4/Y
 clkload5/Y
 clkload6/Y
Found 0 partially unannotated drivers.

===========================================================================
max slew violation count 0
Writing metric design__max_slew_violation__count__corner:nom_tt_025C_1v80: 0
max fanout violation count 0
Writing metric design__max_fanout_violation__count__corner:nom_tt_025C_1v80: 0
max cap violation count 0
Writing metric design__max_cap_violation__count__corner:nom_tt_025C_1v80: 0
============================================================================

===========================================================================
check_setup -verbose -unconstrained_endpoints -multiple_clock -no_clock -no_input_delay -loops -generated_clocks
===========================================================================
Warning: There are 36 input ports missing set_input_delay.
  A_in[0]
  A_in[10]
  A_in[11]
  A_in[12]
  A_in[13]
  A_in[14]
  A_in[15]
  A_in[1]
  A_in[2]
  A_in[3]
  A_in[4]
  A_in[5]
  A_in[6]
  A_in[7]
  A_in[8]
  A_in[9]
  B_in[0]
  B_in[10]
  B_in[11]
  B_in[12]
  B_in[13]
  B_in[14]
  B_in[15]
  B_in[1]
  B_in[2]
  B_in[3]
  B_in[4]
  B_in[5]
  B_in[6]
  B_in[7]
  B_in[8]
  B_in[9]
  Op_Sel[0]
  Op_Sel[1]
  Start
  rst_n
Warning: There are 17 unconstrained endpoints.
  Done
  X_out[0]
  X_out[10]
  X_out[11]
  X_out[12]
  X_out[13]
  X_out[14]
  X_out[15]
  X_out[1]
  X_out[2]
  X_out[3]
  X_out[4]
  X_out[5]
  X_out[6]
  X_out[7]
  X_out[8]
  X_out[9]
