
===========================================================================
report_checks -unconstrained
===========================================================================
======================= nom_tt_025C_1v80 Corner ===================================

Startpoint: _3302_ (rising edge-triggered flip-flop clocked by clk)
Endpoint: _3238_ (rising edge-triggered flip-flop clocked by clk)
Path Group: clk
Path Type: max

Fanout         Cap        Slew       Delay        Time   Description
---------------------------------------------------------------------------------------------
                                  0.000000    0.000000   clock clk (rise edge)
                                  0.000000    0.000000   clock source latency
   110    0.355977    0.000000    0.000000    0.000000 ^ clk (in)
                                                         clk (net)
                      0.042492    0.021246    0.021246 ^ _3302_/CLK (sky130_fd_sc_hd__dfrtp_2)
    15    0.058452    0.159645    0.514662    0.535908 v _3302_/Q (sky130_fd_sc_hd__dfrtp_2)
                                                         B_reg[12] (net)
                      0.159646    0.000683    0.536591 v _1910_/C (sky130_fd_sc_hd__and3_2)
     3    0.004872    0.043945    0.263129    0.799721 v _1910_/X (sky130_fd_sc_hd__and3_2)
                                                         _1175_ (net)
                      0.043945    0.000007    0.799728 v _2300_/B (sky130_fd_sc_hd__or4_2)
     4    0.010197    0.132883    0.686576    1.486304 v _2300_/X (sky130_fd_sc_hd__or4_2)
                                                         _1553_ (net)
                      0.132883    0.000035    1.486338 v _2304_/A2 (sky130_fd_sc_hd__a21o_2)
     3    0.011370    0.055363    0.267043    1.753381 v _2304_/X (sky130_fd_sc_hd__a21o_2)
                                                         _1557_ (net)
                      0.055363    0.000032    1.753413 v _2308_/C (sky130_fd_sc_hd__and3_2)
     2    0.006144    0.045920    0.219209    1.972621 v _2308_/X (sky130_fd_sc_hd__and3_2)
                                                         _1561_ (net)
                      0.045920    0.000013    1.972635 v _2310_/C (sky130_fd_sc_hd__or3_2)
     3    0.005783    0.088708    0.421917    2.394552 v _2310_/X (sky130_fd_sc_hd__or3_2)
                                                         _1563_ (net)
                      0.088708    0.000012    2.394564 v _2313_/A1 (sky130_fd_sc_hd__a21o_2)
     4    0.015641    0.063203    0.238055    2.632619 v _2313_/X (sky130_fd_sc_hd__a21o_2)
                                                         _1566_ (net)
                      0.063203    0.000072    2.632691 v _2319_/B (sky130_fd_sc_hd__and3_2)
     2    0.006820    0.047258    0.211059    2.843749 v _2319_/X (sky130_fd_sc_hd__and3_2)
                                                         _1572_ (net)
                      0.047258    0.000016    2.843765 v _2321_/C (sky130_fd_sc_hd__or3_2)
     3    0.006106    0.087679    0.424028    3.267793 v _2321_/X (sky130_fd_sc_hd__or3_2)
                                                         _1574_ (net)
                      0.087679    0.000028    3.267821 v _2326_/A1 (sky130_fd_sc_hd__a21o_2)
     4    0.013625    0.059094    0.233187    3.501008 v _2326_/X (sky130_fd_sc_hd__a21o_2)
                                                         _1579_ (net)
                      0.059094    0.000050    3.501058 v _2328_/C (sky130_fd_sc_hd__and3_2)
     2    0.006538    0.046695    0.222232    3.723290 v _2328_/X (sky130_fd_sc_hd__and3_2)
                                                         _1581_ (net)
                      0.046695    0.000021    3.723312 v _2330_/C (sky130_fd_sc_hd__or3_2)
     4    0.011304    0.108076    0.452884    4.176196 v _2330_/X (sky130_fd_sc_hd__or3_2)
                                                         _1583_ (net)
                      0.108076    0.000027    4.176222 v _2334_/A1 (sky130_fd_sc_hd__a21o_2)
     5    0.014710    0.061389    0.243794    4.420016 v _2334_/X (sky130_fd_sc_hd__a21o_2)
                                                         _1587_ (net)
                      0.061389    0.000030    4.420046 v _2338_/B (sky130_fd_sc_hd__and3_2)
     2    0.006407    0.046397    0.208863    4.628909 v _2338_/X (sky130_fd_sc_hd__and3_2)
                                                         _1591_ (net)
                      0.046397    0.000015    4.628924 v _2345_/C (sky130_fd_sc_hd__or3_2)
     3    0.006624    0.091656    0.426720    5.055644 v _2345_/X (sky130_fd_sc_hd__or3_2)
                                                         _1598_ (net)
                      0.091656    0.000013    5.055657 v _2347_/A1 (sky130_fd_sc_hd__a21o_2)
     4    0.011025    0.054458    0.227601    5.283258 v _2347_/X (sky130_fd_sc_hd__a21o_2)
                                                         _1600_ (net)
                      0.054458    0.000053    5.283311 v _2350_/C (sky130_fd_sc_hd__and3_2)
     2    0.006879    0.047430    0.221279    5.504591 v _2350_/X (sky130_fd_sc_hd__and3_2)
                                                         _1603_ (net)
                      0.047430    0.000035    5.504625 v _2352_/C (sky130_fd_sc_hd__or3_2)
     3    0.007041    0.090389    0.429270    5.933896 v _2352_/X (sky130_fd_sc_hd__or3_2)
                                                         _0106_ (net)
                      0.090389    0.000039    5.933935 v _2355_/A2 (sky130_fd_sc_hd__a21o_2)
     4    0.010310    0.052426    0.247225    6.181160 v _2355_/X (sky130_fd_sc_hd__a21o_2)
                                                         _0109_ (net)
                      0.052426    0.000031    6.181191 v _2362_/B (sky130_fd_sc_hd__and3_2)
     2    0.006680    0.046985    0.205794    6.386985 v _2362_/X (sky130_fd_sc_hd__and3_2)
                                                         _0116_ (net)
                      0.046985    0.000028    6.387013 v _2364_/C (sky130_fd_sc_hd__or3_2)
     3    0.005971    0.087283    0.423209    6.810222 v _2364_/X (sky130_fd_sc_hd__or3_2)
                                                         _0118_ (net)
                      0.087283    0.000023    6.810245 v _2366_/A2 (sky130_fd_sc_hd__a21o_2)
     4    0.013327    0.058461    0.255035    7.065279 v _2366_/X (sky130_fd_sc_hd__a21o_2)
                                                         _0120_ (net)
                      0.058461    0.000051    7.065331 v _2370_/B (sky130_fd_sc_hd__and3_2)
     2    0.006455    0.046516    0.207724    7.273055 v _2370_/X (sky130_fd_sc_hd__and3_2)
                                                         _0124_ (net)
                      0.046516    0.000019    7.273073 v _2372_/C (sky130_fd_sc_hd__or3_2)
     3    0.007214    0.093726    0.430036    7.703109 v _2372_/X (sky130_fd_sc_hd__or3_2)
                                                         _0126_ (net)
                      0.093726    0.000002    7.703111 v _2378_/A1 (sky130_fd_sc_hd__a21o_2)
     4    0.010760    0.053722    0.227589    7.930700 v _2378_/X (sky130_fd_sc_hd__a21o_2)
                                                         _0132_ (net)
                      0.053722    0.000034    7.930734 v _2383_/C (sky130_fd_sc_hd__and3_2)
     2    0.006751    0.047157    0.220520    8.151254 v _2383_/X (sky130_fd_sc_hd__and3_2)
                                                         _0137_ (net)
                      0.047157    0.000018    8.151272 v _2385_/C (sky130_fd_sc_hd__or3_2)
     3    0.006383    0.090816    0.425556    8.576828 v _2385_/X (sky130_fd_sc_hd__or3_2)
                                                         _0139_ (net)
                      0.090816    0.000014    8.576842 v _2387_/A1 (sky130_fd_sc_hd__a21o_2)
     4    0.010446    0.052816    0.225406    8.802249 v _2387_/X (sky130_fd_sc_hd__a21o_2)
                                                         _0141_ (net)
                      0.052816    0.000037    8.802286 v _2390_/B (sky130_fd_sc_hd__and3_2)
     3    0.009781    0.054427    0.216431    9.018718 v _2390_/X (sky130_fd_sc_hd__and3_2)
                                                         _0144_ (net)
                      0.054427    0.000027    9.018744 v _2392_/C (sky130_fd_sc_hd__or3_2)
     3    0.005272    0.086980    0.421179    9.439923 v _2392_/X (sky130_fd_sc_hd__or3_2)
                                                         _0146_ (net)
                      0.086980    0.000002    9.439924 v _2397_/A1 (sky130_fd_sc_hd__a21o_2)
     4    0.013092    0.057992    0.231735    9.671659 v _2397_/X (sky130_fd_sc_hd__a21o_2)
                                                         _0151_ (net)
                      0.057992    0.000029    9.671689 v _2406_/B (sky130_fd_sc_hd__and3_2)
     2    0.006436    0.046475    0.207450    9.879139 v _2406_/X (sky130_fd_sc_hd__and3_2)
                                                         _0160_ (net)
                      0.046475    0.000003    9.879142 v _2408_/C (sky130_fd_sc_hd__or3_2)
     3    0.009694    0.102427    0.443857   10.322999 v _2408_/X (sky130_fd_sc_hd__or3_2)
                                                         _0162_ (net)
                      0.102427    0.000023   10.323022 v _2410_/A2 (sky130_fd_sc_hd__a21o_2)
     3    0.008245    0.046888    0.245118   10.568139 v _2410_/X (sky130_fd_sc_hd__a21o_2)
                                                         _0164_ (net)
                      0.046888    0.000028   10.568167 v _2413_/C (sky130_fd_sc_hd__and3_2)
     2    0.006396    0.046319    0.216376   10.784543 v _2413_/X (sky130_fd_sc_hd__and3_2)
                                                         _0167_ (net)
                      0.046319    0.000013   10.784556 v _2415_/C (sky130_fd_sc_hd__or3_2)
     3    0.005900    0.089117    0.422667   11.207224 v _2415_/X (sky130_fd_sc_hd__or3_2)
                                                         _0169_ (net)
                      0.089117    0.000019   11.207243 v _2420_/A1 (sky130_fd_sc_hd__a21o_2)
     4    0.012409    0.056622    0.231037   11.438279 v _2420_/X (sky130_fd_sc_hd__a21o_2)
                                                         _0174_ (net)
                      0.056622    0.000020   11.438298 v _2428_/A1 (sky130_fd_sc_hd__a21bo_2)
     1    0.008093    0.049051    0.208309   11.646607 v _2428_/X (sky130_fd_sc_hd__a21bo_2)
                                                         _0180_ (net)
                      0.049051    0.000009   11.646616 v _2429_/B (sky130_fd_sc_hd__xor2_2)
     1    0.002396    0.055467    0.133142   11.779758 v _2429_/X (sky130_fd_sc_hd__xor2_2)
                                                         _0181_ (net)
                      0.055467    0.000005   11.779764 v _2430_/A1 (sky130_fd_sc_hd__mux2_1)
     1    0.002268    0.053477    0.285452   12.065216 v _2430_/X (sky130_fd_sc_hd__mux2_1)
                                                         _0025_ (net)
                      0.053477    0.000004   12.065219 v _3238_/D (sky130_fd_sc_hd__dfrtp_2)
                                             12.065219   data arrival time

                                 11.000000   11.000000   clock clk (rise edge)
                                  0.000000   11.000000   clock source latency
   110    0.355977    0.000000    0.000000   11.000000 ^ clk (in)
                                                         clk (net)
                      0.041107    0.020553   11.020554 ^ _3238_/CLK (sky130_fd_sc_hd__dfrtp_2)
                                 -0.100000   10.920553   clock uncertainty
                                  0.000000   10.920553   clock reconvergence pessimism
                                 -0.120116   10.800438   library setup time
                                             10.800438   data required time
---------------------------------------------------------------------------------------------
                                             10.800438   data required time
                                            -12.065219   data arrival time
---------------------------------------------------------------------------------------------
                                             -1.264781   slack (VIOLATED)




===========================================================================
report_checks --slack_max -0.01
============================================================================
======================= nom_tt_025C_1v80 Corner ===================================

Startpoint: _3302_ (rising edge-triggered flip-flop clocked by clk)
Endpoint: _3238_ (rising edge-triggered flip-flop clocked by clk)
Path Group: clk
Path Type: max

Fanout         Cap        Slew       Delay        Time   Description
---------------------------------------------------------------------------------------------
                                  0.000000    0.000000   clock clk (rise edge)
                                  0.000000    0.000000   clock source latency
   110    0.355977    0.000000    0.000000    0.000000 ^ clk (in)
                                                         clk (net)
                      0.042492    0.021246    0.021246 ^ _3302_/CLK (sky130_fd_sc_hd__dfrtp_2)
    15    0.058452    0.159645    0.514662    0.535908 v _3302_/Q (sky130_fd_sc_hd__dfrtp_2)
                                                         B_reg[12] (net)
                      0.159646    0.000683    0.536591 v _1910_/C (sky130_fd_sc_hd__and3_2)
     3    0.004872    0.043945    0.263129    0.799721 v _1910_/X (sky130_fd_sc_hd__and3_2)
                                                         _1175_ (net)
                      0.043945    0.000007    0.799728 v _2300_/B (sky130_fd_sc_hd__or4_2)
     4    0.010197    0.132883    0.686576    1.486304 v _2300_/X (sky130_fd_sc_hd__or4_2)
                                                         _1553_ (net)
                      0.132883    0.000035    1.486338 v _2304_/A2 (sky130_fd_sc_hd__a21o_2)
     3    0.011370    0.055363    0.267043    1.753381 v _2304_/X (sky130_fd_sc_hd__a21o_2)
                                                         _1557_ (net)
                      0.055363    0.000032    1.753413 v _2308_/C (sky130_fd_sc_hd__and3_2)
     2    0.006144    0.045920    0.219209    1.972621 v _2308_/X (sky130_fd_sc_hd__and3_2)
                                                         _1561_ (net)
                      0.045920    0.000013    1.972635 v _2310_/C (sky130_fd_sc_hd__or3_2)
     3    0.005783    0.088708    0.421917    2.394552 v _2310_/X (sky130_fd_sc_hd__or3_2)
                                                         _1563_ (net)
                      0.088708    0.000012    2.394564 v _2313_/A1 (sky130_fd_sc_hd__a21o_2)
     4    0.015641    0.063203    0.238055    2.632619 v _2313_/X (sky130_fd_sc_hd__a21o_2)
                                                         _1566_ (net)
                      0.063203    0.000072    2.632691 v _2319_/B (sky130_fd_sc_hd__and3_2)
     2    0.006820    0.047258    0.211059    2.843749 v _2319_/X (sky130_fd_sc_hd__and3_2)
                                                         _1572_ (net)
                      0.047258    0.000016    2.843765 v _2321_/C (sky130_fd_sc_hd__or3_2)
     3    0.006106    0.087679    0.424028    3.267793 v _2321_/X (sky130_fd_sc_hd__or3_2)
                                                         _1574_ (net)
                      0.087679    0.000028    3.267821 v _2326_/A1 (sky130_fd_sc_hd__a21o_2)
     4    0.013625    0.059094    0.233187    3.501008 v _2326_/X (sky130_fd_sc_hd__a21o_2)
                                                         _1579_ (net)
                      0.059094    0.000050    3.501058 v _2328_/C (sky130_fd_sc_hd__and3_2)
     2    0.006538    0.046695    0.222232    3.723290 v _2328_/X (sky130_fd_sc_hd__and3_2)
                                                         _1581_ (net)
                      0.046695    0.000021    3.723312 v _2330_/C (sky130_fd_sc_hd__or3_2)
     4    0.011304    0.108076    0.452884    4.176196 v _2330_/X (sky130_fd_sc_hd__or3_2)
                                                         _1583_ (net)
                      0.108076    0.000027    4.176222 v _2334_/A1 (sky130_fd_sc_hd__a21o_2)
     5    0.014710    0.061389    0.243794    4.420016 v _2334_/X (sky130_fd_sc_hd__a21o_2)
                                                         _1587_ (net)
                      0.061389    0.000030    4.420046 v _2338_/B (sky130_fd_sc_hd__and3_2)
     2    0.006407    0.046397    0.208863    4.628909 v _2338_/X (sky130_fd_sc_hd__and3_2)
                                                         _1591_ (net)
                      0.046397    0.000015    4.628924 v _2345_/C (sky130_fd_sc_hd__or3_2)
     3    0.006624    0.091656    0.426720    5.055644 v _2345_/X (sky130_fd_sc_hd__or3_2)
                                                         _1598_ (net)
                      0.091656    0.000013    5.055657 v _2347_/A1 (sky130_fd_sc_hd__a21o_2)
     4    0.011025    0.054458    0.227601    5.283258 v _2347_/X (sky130_fd_sc_hd__a21o_2)
                                                         _1600_ (net)
                      0.054458    0.000053    5.283311 v _2350_/C (sky130_fd_sc_hd__and3_2)
     2    0.006879    0.047430    0.221279    5.504591 v _2350_/X (sky130_fd_sc_hd__and3_2)
                                                         _1603_ (net)
                      0.047430    0.000035    5.504625 v _2352_/C (sky130_fd_sc_hd__or3_2)
     3    0.007041    0.090389    0.429270    5.933896 v _2352_/X (sky130_fd_sc_hd__or3_2)
                                                         _0106_ (net)
                      0.090389    0.000039    5.933935 v _2355_/A2 (sky130_fd_sc_hd__a21o_2)
     4    0.010310    0.052426    0.247225    6.181160 v _2355_/X (sky130_fd_sc_hd__a21o_2)
                                                         _0109_ (net)
                      0.052426    0.000031    6.181191 v _2362_/B (sky130_fd_sc_hd__and3_2)
     2    0.006680    0.046985    0.205794    6.386985 v _2362_/X (sky130_fd_sc_hd__and3_2)
                                                         _0116_ (net)
                      0.046985    0.000028    6.387013 v _2364_/C (sky130_fd_sc_hd__or3_2)
     3    0.005971    0.087283    0.423209    6.810222 v _2364_/X (sky130_fd_sc_hd__or3_2)
                                                         _0118_ (net)
                      0.087283    0.000023    6.810245 v _2366_/A2 (sky130_fd_sc_hd__a21o_2)
     4    0.013327    0.058461    0.255035    7.065279 v _2366_/X (sky130_fd_sc_hd__a21o_2)
                                                         _0120_ (net)
                      0.058461    0.000051    7.065331 v _2370_/B (sky130_fd_sc_hd__and3_2)
     2    0.006455    0.046516    0.207724    7.273055 v _2370_/X (sky130_fd_sc_hd__and3_2)
                                                         _0124_ (net)
                      0.046516    0.000019    7.273073 v _2372_/C (sky130_fd_sc_hd__or3_2)
     3    0.007214    0.093726    0.430036    7.703109 v _2372_/X (sky130_fd_sc_hd__or3_2)
                                                         _0126_ (net)
                      0.093726    0.000002    7.703111 v _2378_/A1 (sky130_fd_sc_hd__a21o_2)
     4    0.010760    0.053722    0.227589    7.930700 v _2378_/X (sky130_fd_sc_hd__a21o_2)
                                                         _0132_ (net)
                      0.053722    0.000034    7.930734 v _2383_/C (sky130_fd_sc_hd__and3_2)
     2    0.006751    0.047157    0.220520    8.151254 v _2383_/X (sky130_fd_sc_hd__and3_2)
                                                         _0137_ (net)
                      0.047157    0.000018    8.151272 v _2385_/C (sky130_fd_sc_hd__or3_2)
     3    0.006383    0.090816    0.425556    8.576828 v _2385_/X (sky130_fd_sc_hd__or3_2)
                                                         _0139_ (net)
                      0.090816    0.000014    8.576842 v _2387_/A1 (sky130_fd_sc_hd__a21o_2)
     4    0.010446    0.052816    0.225406    8.802249 v _2387_/X (sky130_fd_sc_hd__a21o_2)
                                                         _0141_ (net)
                      0.052816    0.000037    8.802286 v _2390_/B (sky130_fd_sc_hd__and3_2)
     3    0.009781    0.054427    0.216431    9.018718 v _2390_/X (sky130_fd_sc_hd__and3_2)
                                                         _0144_ (net)
                      0.054427    0.000027    9.018744 v _2392_/C (sky130_fd_sc_hd__or3_2)
     3    0.005272    0.086980    0.421179    9.439923 v _2392_/X (sky130_fd_sc_hd__or3_2)
                                                         _0146_ (net)
                      0.086980    0.000002    9.439924 v _2397_/A1 (sky130_fd_sc_hd__a21o_2)
     4    0.013092    0.057992    0.231735    9.671659 v _2397_/X (sky130_fd_sc_hd__a21o_2)
                                                         _0151_ (net)
                      0.057992    0.000029    9.671689 v _2406_/B (sky130_fd_sc_hd__and3_2)
     2    0.006436    0.046475    0.207450    9.879139 v _2406_/X (sky130_fd_sc_hd__and3_2)
                                                         _0160_ (net)
                      0.046475    0.000003    9.879142 v _2408_/C (sky130_fd_sc_hd__or3_2)
     3    0.009694    0.102427    0.443857   10.322999 v _2408_/X (sky130_fd_sc_hd__or3_2)
                                                         _0162_ (net)
                      0.102427    0.000023   10.323022 v _2410_/A2 (sky130_fd_sc_hd__a21o_2)
     3    0.008245    0.046888    0.245118   10.568139 v _2410_/X (sky130_fd_sc_hd__a21o_2)
                                                         _0164_ (net)
                      0.046888    0.000028   10.568167 v _2413_/C (sky130_fd_sc_hd__and3_2)
     2    0.006396    0.046319    0.216376   10.784543 v _2413_/X (sky130_fd_sc_hd__and3_2)
                                                         _0167_ (net)
                      0.046319    0.000013   10.784556 v _2415_/C (sky130_fd_sc_hd__or3_2)
     3    0.005900    0.089117    0.422667   11.207224 v _2415_/X (sky130_fd_sc_hd__or3_2)
                                                         _0169_ (net)
                      0.089117    0.000019   11.207243 v _2420_/A1 (sky130_fd_sc_hd__a21o_2)
     4    0.012409    0.056622    0.231037   11.438279 v _2420_/X (sky130_fd_sc_hd__a21o_2)
                                                         _0174_ (net)
                      0.056622    0.000020   11.438298 v _2428_/A1 (sky130_fd_sc_hd__a21bo_2)
     1    0.008093    0.049051    0.208309   11.646607 v _2428_/X (sky130_fd_sc_hd__a21bo_2)
                                                         _0180_ (net)
                      0.049051    0.000009   11.646616 v _2429_/B (sky130_fd_sc_hd__xor2_2)
     1    0.002396    0.055467    0.133142   11.779758 v _2429_/X (sky130_fd_sc_hd__xor2_2)
                                                         _0181_ (net)
                      0.055467    0.000005   11.779764 v _2430_/A1 (sky130_fd_sc_hd__mux2_1)
     1    0.002268    0.053477    0.285452   12.065216 v _2430_/X (sky130_fd_sc_hd__mux2_1)
                                                         _0025_ (net)
                      0.053477    0.000004   12.065219 v _3238_/D (sky130_fd_sc_hd__dfrtp_2)
                                             12.065219   data arrival time

                                 11.000000   11.000000   clock clk (rise edge)
                                  0.000000   11.000000   clock source latency
   110    0.355977    0.000000    0.000000   11.000000 ^ clk (in)
                                                         clk (net)
                      0.041107    0.020553   11.020554 ^ _3238_/CLK (sky130_fd_sc_hd__dfrtp_2)
                                 -0.100000   10.920553   clock uncertainty
                                  0.000000   10.920553   clock reconvergence pessimism
                                 -0.120116   10.800438   library setup time
                                             10.800438   data required time
---------------------------------------------------------------------------------------------
                                             10.800438   data required time
                                            -12.065219   data arrival time
---------------------------------------------------------------------------------------------
                                             -1.264781   slack (VIOLATED)




===========================================================================
 report_check_types -max_slew -max_cap -max_fanout -violators
============================================================================
======================= nom_tt_025C_1v80 Corner ===================================



===========================================================================
report_parasitic_annotation -report_unannotated
============================================================================
Found 0 unannotated drivers.
Found 0 partially unannotated drivers.

===========================================================================
max slew violation count 0
Writing metric design__max_slew_violation__count__corner:nom_tt_025C_1v80: 0
max fanout violation count 0
Writing metric design__max_fanout_violation__count__corner:nom_tt_025C_1v80: 0
max cap violation count 0
Writing metric design__max_cap_violation__count__corner:nom_tt_025C_1v80: 0
============================================================================

===========================================================================
check_setup -verbose -unconstrained_endpoints -multiple_clock -no_clock -no_input_delay -loops -generated_clocks
===========================================================================
Warning: There are 36 input ports missing set_input_delay.
  A_in[0]
  A_in[10]
  A_in[11]
  A_in[12]
  A_in[13]
  A_in[14]
  A_in[15]
  A_in[1]
  A_in[2]
  A_in[3]
  A_in[4]
  A_in[5]
  A_in[6]
  A_in[7]
  A_in[8]
  A_in[9]
  B_in[0]
  B_in[10]
  B_in[11]
  B_in[12]
  B_in[13]
  B_in[14]
  B_in[15]
  B_in[1]
  B_in[2]
  B_in[3]
  B_in[4]
  B_in[5]
  B_in[6]
  B_in[7]
  B_in[8]
  B_in[9]
  Op_Sel[0]
  Op_Sel[1]
  Start
  rst_n
Warning: There are 17 unconstrained endpoints.
  Done
  X_out[0]
  X_out[10]
  X_out[11]
  X_out[12]
  X_out[13]
  X_out[14]
  X_out[15]
  X_out[1]
  X_out[2]
  X_out[3]
  X_out[4]
  X_out[5]
  X_out[6]
  X_out[7]
  X_out[8]
  X_out[9]
