Clock: clk
Sources: clk 
Generated: no
Virtual: yes
Propagated: no
Period: 11.000000

===========================================================================
report_clock_properties
============================================================================
Clock                   Period          Waveform
----------------------------------------------------
clk                  11.000000    0.000000  5.500000

===========================================================================
report_clock_latency
============================================================================
Clock clk
rise -> rise
    min     max
0.000000 0.000000 source latency
0.001708         network latency _3265_/CLK
        0.022000 network latency _3295_/CLK
---------------
0.001708 0.022000 latency
        0.020292 skew

fall -> fall
    min     max
0.000000 0.000000 source latency
0.001630         network latency _3265_/CLK
        0.020986 network latency _3295_/CLK
---------------
0.001630 0.020986 latency
        0.019356 skew



===========================================================================
report_clock_min_period
============================================================================
clk period_min = 12.26 fmax = 81.53
