
===========================================================================
report_checks -unconstrained
===========================================================================
======================= min_tt_025C_1v80 Corner ===================================

Startpoint: _3302_ (rising edge-triggered flip-flop clocked by clk)
Endpoint: _3238_ (rising edge-triggered flip-flop clocked by clk)
Path Group: clk
Path Type: max

Fanout         Cap        Slew       Delay        Time   Description
---------------------------------------------------------------------------------------------
                                  0.000000    0.000000   clock clk (rise edge)
                                  0.000000    0.000000   clock source latency
     2    0.039891    0.000000    0.000000    0.000000 ^ clk (in)
                                                         clk (net)
                      0.001657    0.000828    0.000828 ^ clkbuf_0_clk/A (sky130_fd_sc_hd__clkbuf_16)
    17    0.157380    0.169441    0.208413    0.209242 ^ clkbuf_0_clk/X (sky130_fd_sc_hd__clkbuf_16)
                                                         clknet_0_clk (net)
                      0.169676    0.005119    0.214361 ^ clkbuf_3_0__f_clk/A (sky130_fd_sc_hd__clkbuf_16)
    25    0.086171    0.103043    0.218663    0.433024 ^ clkbuf_3_0__f_clk/X (sky130_fd_sc_hd__clkbuf_16)
                                                         clknet_3_0__leaf_clk (net)
                      0.103112    0.002476    0.435500 ^ _3302_/CLK (sky130_fd_sc_hd__dfrtp_4)
    15    0.048481    0.119188    0.568785    1.004285 v _3302_/Q (sky130_fd_sc_hd__dfrtp_4)
                                                         B_reg[12] (net)
                      0.119209    0.001540    1.005824 v _1910_/C (sky130_fd_sc_hd__and3_1)
     3    0.005797    0.049629    0.222600    1.228425 v _1910_/X (sky130_fd_sc_hd__and3_1)
                                                         _1175_ (net)
                      0.049629    0.000032    1.228457 v _2300_/B (sky130_fd_sc_hd__or4_1)
     4    0.009562    0.126106    0.558429    1.786886 v _2300_/X (sky130_fd_sc_hd__or4_1)
                                                         _1553_ (net)
                      0.126106    0.000068    1.786954 v _2304_/A2 (sky130_fd_sc_hd__a21o_1)
     3    0.007389    0.052811    0.225243    2.012197 v _2304_/X (sky130_fd_sc_hd__a21o_1)
                                                         _1557_ (net)
                      0.052811    0.000068    2.012265 v _2308_/C (sky130_fd_sc_hd__and3_1)
     2    0.005137    0.046710    0.189089    2.201354 v _2308_/X (sky130_fd_sc_hd__and3_1)
                                                         _1561_ (net)
                      0.046710    0.000054    2.201408 v _2310_/C (sky130_fd_sc_hd__or3_1)
     3    0.007773    0.093301    0.341253    2.542661 v _2310_/X (sky130_fd_sc_hd__or3_1)
                                                         _1563_ (net)
                      0.093301    0.000081    2.542742 v _2313_/A1 (sky130_fd_sc_hd__a21o_1)
     4    0.011054    0.066621    0.206512    2.749254 v _2313_/X (sky130_fd_sc_hd__a21o_1)
                                                         _1566_ (net)
                      0.066621    0.000099    2.749353 v _2319_/B (sky130_fd_sc_hd__and3_1)
     2    0.005491    0.048251    0.181795    2.931148 v _2319_/X (sky130_fd_sc_hd__and3_1)
                                                         _1572_ (net)
                      0.048251    0.000036    2.931184 v _2321_/C (sky130_fd_sc_hd__or3_1)
     3    0.008365    0.096282    0.346096    3.277279 v _2321_/X (sky130_fd_sc_hd__or3_1)
                                                         _1574_ (net)
                      0.096282    0.000137    3.277417 v _2326_/A1 (sky130_fd_sc_hd__a21o_1)
     4    0.010720    0.065301    0.206520    3.483936 v _2326_/X (sky130_fd_sc_hd__a21o_1)
                                                         _1579_ (net)
                      0.065301    0.000154    3.484090 v _2328_/C (sky130_fd_sc_hd__and3_1)
     2    0.004761    0.045136    0.192942    3.677032 v _2328_/X (sky130_fd_sc_hd__and3_1)
                                                         _1581_ (net)
                      0.045136    0.000044    3.677077 v _2330_/C (sky130_fd_sc_hd__or3_2)
     4    0.013749    0.112046    0.463437    4.140514 v _2330_/X (sky130_fd_sc_hd__or3_2)
                                                         _1583_ (net)
                      0.112046    0.000226    4.140740 v _2334_/A1 (sky130_fd_sc_hd__a21o_1)
     5    0.015197    0.083412    0.229012    4.369753 v _2334_/X (sky130_fd_sc_hd__a21o_1)
                                                         _1587_ (net)
                      0.083412    0.000242    4.369995 v _2338_/B (sky130_fd_sc_hd__and3_1)
     2    0.006230    0.051566    0.192989    4.562984 v _2338_/X (sky130_fd_sc_hd__and3_1)
                                                         _1591_ (net)
                      0.051566    0.000067    4.563051 v _2345_/C (sky130_fd_sc_hd__or3_1)
     3    0.008057    0.095213    0.344510    4.907560 v _2345_/X (sky130_fd_sc_hd__or3_1)
                                                         _1598_ (net)
                      0.095213    0.000060    4.907620 v _2347_/A1 (sky130_fd_sc_hd__a21o_1)
     4    0.011093    0.066789    0.207426    5.115047 v _2347_/X (sky130_fd_sc_hd__a21o_1)
                                                         _1600_ (net)
                      0.066789    0.000148    5.115194 v _2350_/C (sky130_fd_sc_hd__and3_1)
     2    0.006268    0.051704    0.200965    5.316159 v _2350_/X (sky130_fd_sc_hd__and3_1)
                                                         _1603_ (net)
                      0.051704    0.000087    5.316246 v _2352_/C (sky130_fd_sc_hd__or3_1)
     3    0.008747    0.097647    0.349782    5.666028 v _2352_/X (sky130_fd_sc_hd__or3_1)
                                                         _0106_ (net)
                      0.097647    0.000108    5.666137 v _2355_/A2 (sky130_fd_sc_hd__a21o_1)
     4    0.010352    0.063822    0.227085    5.893221 v _2355_/X (sky130_fd_sc_hd__a21o_1)
                                                         _0109_ (net)
                      0.063822    0.000131    5.893352 v _2362_/B (sky130_fd_sc_hd__and3_1)
     2    0.006109    0.051001    0.183529    6.076881 v _2362_/X (sky130_fd_sc_hd__and3_1)
                                                         _0116_ (net)
                      0.051001    0.000089    6.076970 v _2364_/C (sky130_fd_sc_hd__or3_1)
     3    0.007396    0.091006    0.339294    6.416265 v _2364_/X (sky130_fd_sc_hd__or3_1)
                                                         _0118_ (net)
                      0.091006    0.000101    6.416366 v _2366_/A2 (sky130_fd_sc_hd__a21o_1)
     4    0.010856    0.065802    0.226318    6.642683 v _2366_/X (sky130_fd_sc_hd__a21o_1)
                                                         _0120_ (net)
                      0.065802    0.000104    6.642787 v _2370_/B (sky130_fd_sc_hd__and3_1)
     2    0.005544    0.048484    0.181697    6.824484 v _2370_/X (sky130_fd_sc_hd__and3_1)
                                                         _0124_ (net)
                      0.048484    0.000058    6.824542 v _2372_/C (sky130_fd_sc_hd__or3_1)
     3    0.008767    0.097691    0.349262    7.173803 v _2372_/X (sky130_fd_sc_hd__or3_1)
                                                         _0126_ (net)
                      0.097691    0.000049    7.173852 v _2378_/A1 (sky130_fd_sc_hd__a21o_1)
     4    0.010117    0.062926    0.204987    7.378839 v _2378_/X (sky130_fd_sc_hd__a21o_1)
                                                         _0132_ (net)
                      0.062926    0.000041    7.378881 v _2383_/C (sky130_fd_sc_hd__and3_1)
     2    0.006582    0.053129    0.200742    7.579622 v _2383_/X (sky130_fd_sc_hd__and3_1)
                                                         _0137_ (net)
                      0.053129    0.000078    7.579700 v _2385_/C (sky130_fd_sc_hd__or3_1)
     3    0.007508    0.091736    0.340632    7.920333 v _2385_/X (sky130_fd_sc_hd__or3_1)
                                                         _0139_ (net)
                      0.091736    0.000083    7.920416 v _2387_/A1 (sky130_fd_sc_hd__a21o_1)
     4    0.012234    0.071339    0.210097    8.130513 v _2387_/X (sky130_fd_sc_hd__a21o_1)
                                                         _0141_ (net)
                      0.071339    0.000071    8.130585 v _2390_/B (sky130_fd_sc_hd__and3_1)
     3    0.009803    0.066133    0.203916    8.334500 v _2390_/X (sky130_fd_sc_hd__and3_1)
                                                         _0144_ (net)
                      0.066133    0.000146    8.334646 v _2392_/C (sky130_fd_sc_hd__or3_1)
     3    0.006704    0.086750    0.338854    8.673500 v _2392_/X (sky130_fd_sc_hd__or3_1)
                                                         _0146_ (net)
                      0.086750    0.000059    8.673559 v _2397_/A1 (sky130_fd_sc_hd__a21o_1)
     4    0.010872    0.065878    0.203169    8.876728 v _2397_/X (sky130_fd_sc_hd__a21o_1)
                                                         _0151_ (net)
                      0.065878    0.000075    8.876802 v _2406_/B (sky130_fd_sc_hd__and3_1)
     2    0.005496    0.048278    0.181489    9.058291 v _2406_/X (sky130_fd_sc_hd__and3_1)
                                                         _0160_ (net)
                      0.048278    0.000057    9.058348 v _2408_/C (sky130_fd_sc_hd__or3_1)
     3    0.007949    0.094444    0.342964    9.401312 v _2408_/X (sky130_fd_sc_hd__or3_1)
                                                         _0162_ (net)
                      0.094444    0.000052    9.401364 v _2410_/A2 (sky130_fd_sc_hd__a21o_1)
     3    0.006929    0.050697    0.210732    9.612096 v _2410_/X (sky130_fd_sc_hd__a21o_1)
                                                         _0164_ (net)
                      0.050697    0.000075    9.612171 v _2413_/C (sky130_fd_sc_hd__and3_1)
     2    0.004792    0.045247    0.186497    9.798668 v _2413_/X (sky130_fd_sc_hd__and3_1)
                                                         _0167_ (net)
                      0.045247    0.000037    9.798705 v _2415_/C (sky130_fd_sc_hd__or3_1)
     3    0.006839    0.087493    0.333789   10.132494 v _2415_/X (sky130_fd_sc_hd__or3_1)
                                                         _0169_ (net)
                      0.087493    0.000071   10.132565 v _2420_/A1 (sky130_fd_sc_hd__a21o_1)
     4    0.012024    0.070487    0.207592   10.340158 v _2420_/X (sky130_fd_sc_hd__a21o_1)
                                                         _0174_ (net)
                      0.070487    0.000069   10.340227 v _2428_/A1 (sky130_fd_sc_hd__a21bo_1)
     1    0.004292    0.040890    0.179394   10.519621 v _2428_/X (sky130_fd_sc_hd__a21bo_1)
                                                         _0180_ (net)
                      0.040890    0.000017   10.519638 v _2429_/B (sky130_fd_sc_hd__xor2_1)
     1    0.002284    0.066082    0.131548   10.651186 v _2429_/X (sky130_fd_sc_hd__xor2_1)
                                                         _0181_ (net)
                      0.066082    0.000014   10.651200 v _2430_/A1 (sky130_fd_sc_hd__mux2_1)
     1    0.002361    0.054188    0.290137   10.941337 v _2430_/X (sky130_fd_sc_hd__mux2_1)
                                                         _0025_ (net)
                      0.054188    0.000012   10.941349 v _3238_/D (sky130_fd_sc_hd__dfrtp_4)
                                             10.941349   data arrival time

                                 40.000000   40.000000   clock clk (rise edge)
                                  0.000000   40.000000   clock source latency
     2    0.039891    0.000000    0.000000   40.000000 ^ clk (in)
                                                         clk (net)
                      0.001657    0.000828   40.000828 ^ clkbuf_0_clk/A (sky130_fd_sc_hd__clkbuf_16)
    17    0.157380    0.169441    0.208413   40.209240 ^ clkbuf_0_clk/X (sky130_fd_sc_hd__clkbuf_16)
                                                         clknet_0_clk (net)
                      0.169682    0.005183   40.214424 ^ clkbuf_3_3__f_clk/A (sky130_fd_sc_hd__clkbuf_16)
    35    0.091509    0.108072    0.222556   40.436981 ^ clkbuf_3_3__f_clk/X (sky130_fd_sc_hd__clkbuf_16)
                                                         clknet_3_3__leaf_clk (net)
                      0.108101    0.001734   40.438713 ^ _3238_/CLK (sky130_fd_sc_hd__dfrtp_4)
                                 -0.100000   40.338718   clock uncertainty
                                  0.000000   40.338718   clock reconvergence pessimism
                                 -0.103829   40.234890   library setup time
                                             40.234890   data required time
---------------------------------------------------------------------------------------------
                                             40.234890   data required time
                                            -10.941349   data arrival time
---------------------------------------------------------------------------------------------
                                             29.293539   slack (MET)




===========================================================================
report_checks --slack_max -0.01
============================================================================
======================= min_tt_025C_1v80 Corner ===================================

No paths found.


===========================================================================
 report_check_types -max_slew -max_cap -max_fanout -violators
============================================================================
======================= min_tt_025C_1v80 Corner ===================================



===========================================================================
report_parasitic_annotation -report_unannotated
============================================================================
Found 7 unannotated drivers.
 clkload0/Y
 clkload1/Y
 clkload2/Y
 clkload3/Y
 clkload4/Y
 clkload5/Y
 clkload6/X
Found 0 partially unannotated drivers.

===========================================================================
max slew violation count 0
max fanout violation count 0
max cap violation count 0
============================================================================

===========================================================================
check_setup -verbose -unconstrained_endpoints -multiple_clock -no_clock -no_input_delay -loops -generated_clocks
===========================================================================
Warning: There are 36 input ports missing set_input_delay.
  A_in[0]
  A_in[10]
  A_in[11]
  A_in[12]
  A_in[13]
  A_in[14]
  A_in[15]
  A_in[1]
  A_in[2]
  A_in[3]
  A_in[4]
  A_in[5]
  A_in[6]
  A_in[7]
  A_in[8]
  A_in[9]
  B_in[0]
  B_in[10]
  B_in[11]
  B_in[12]
  B_in[13]
  B_in[14]
  B_in[15]
  B_in[1]
  B_in[2]
  B_in[3]
  B_in[4]
  B_in[5]
  B_in[6]
  B_in[7]
  B_in[8]
  B_in[9]
  Op_Sel[0]
  Op_Sel[1]
  Start
  rst_n
Warning: There are 17 unconstrained endpoints.
  Done
  X_out[0]
  X_out[10]
  X_out[11]
  X_out[12]
  X_out[13]
  X_out[14]
  X_out[15]
  X_out[1]
  X_out[2]
  X_out[3]
  X_out[4]
  X_out[5]
  X_out[6]
  X_out[7]
  X_out[8]
  X_out[9]
