
===========================================================================
report_checks -unconstrained
===========================================================================
======================= max_tt_025C_1v80 Corner ===================================

Startpoint: _3302_ (rising edge-triggered flip-flop clocked by clk)
Endpoint: _3237_ (rising edge-triggered flip-flop clocked by clk)
Path Group: clk
Path Type: max

Fanout         Cap        Slew       Delay        Time   Description
---------------------------------------------------------------------------------------------
                                  0.000000    0.000000   clock clk (rise edge)
                                  0.000000    0.000000   clock source latency
     2    0.042763    0.000000    0.000000    0.000000 ^ clk (in)
                                                         clk (net)
                      0.003045    0.001522    0.001522 ^ clkbuf_0_clk/A (sky130_fd_sc_hd__clkbuf_16)
    17    0.173940    0.186066    0.214921    0.216443 ^ clkbuf_0_clk/X (sky130_fd_sc_hd__clkbuf_16)
                                                         clknet_0_clk (net)
                      0.188149    0.015741    0.232185 ^ clkbuf_3_0__f_clk/A (sky130_fd_sc_hd__clkbuf_16)
    25    0.098395    0.115537    0.231192    0.463376 ^ clkbuf_3_0__f_clk/X (sky130_fd_sc_hd__clkbuf_16)
                                                         clknet_3_0__leaf_clk (net)
                      0.116162    0.006456    0.469832 ^ _3302_/CLK (sky130_fd_sc_hd__dfrtp_4)
     6    0.023943    0.084859    0.531016    1.000849 v _3302_/Q (sky130_fd_sc_hd__dfrtp_4)
                                                         B_reg[12] (net)
                      0.084928    0.002462    1.003311 v _1910_/C (sky130_fd_sc_hd__and3_1)
     3    0.007228    0.056260    0.213750    1.217060 v _1910_/X (sky130_fd_sc_hd__and3_1)
                                                         _1175_ (net)
                      0.056262    0.000444    1.217504 v _2300_/A (sky130_fd_sc_hd__or4_4)
     4    0.009720    0.093660    0.548187    1.765691 v _2300_/X (sky130_fd_sc_hd__or4_4)
                                                         _1553_ (net)
                      0.093660    0.000554    1.766246 v _2304_/A1 (sky130_fd_sc_hd__a21o_1)
     3    0.007606    0.053912    0.192339    1.958584 v _2304_/X (sky130_fd_sc_hd__a21o_1)
                                                         _1557_ (net)
                      0.053915    0.000429    1.959013 v _2307_/A2 (sky130_fd_sc_hd__a21oi_1)
     3    0.011185    0.260998    0.257745    2.216758 ^ _2307_/Y (sky130_fd_sc_hd__a21oi_1)
                                                         _1560_ (net)
                      0.260999    0.000391    2.217150 ^ _2311_/B (sky130_fd_sc_hd__xor2_1)
     3    0.010978    0.256932    0.279361    2.496511 ^ _2311_/X (sky130_fd_sc_hd__xor2_1)
                                                         _1564_ (net)
                      0.256937    0.000985    2.497496 ^ _2313_/A2 (sky130_fd_sc_hd__a21o_1)
     4    0.011112    0.104498    0.206625    2.704120 ^ _2313_/X (sky130_fd_sc_hd__a21o_1)
                                                         _1566_ (net)
                      0.104499    0.000559    2.704679 ^ _2318_/A1 (sky130_fd_sc_hd__a21oi_1)
     3    0.013721    0.112699    0.131126    2.835805 v _2318_/Y (sky130_fd_sc_hd__a21oi_1)
                                                         _1571_ (net)
                      0.112744    0.000735    2.836540 v _2321_/B (sky130_fd_sc_hd__or3_4)
     2    0.007018    0.069979    0.391803    3.228343 v _2321_/X (sky130_fd_sc_hd__or3_4)
                                                         _1574_ (net)
                      0.069979    0.000425    3.228769 v _2326_/A1 (sky130_fd_sc_hd__a21o_1)
     4    0.010273    0.063685    0.193784    3.422553 v _2326_/X (sky130_fd_sc_hd__a21o_1)
                                                         _1579_ (net)
                      0.063694    0.000767    3.423320 v _2327_/A2 (sky130_fd_sc_hd__a21oi_1)
     3    0.012365    0.283628    0.278193    3.701513 ^ _2327_/Y (sky130_fd_sc_hd__a21oi_1)
                                                         _1580_ (net)
                      0.283630    0.000677    3.702190 ^ _2331_/B (sky130_fd_sc_hd__xnor2_1)
     3    0.012938    0.315252    0.233554    3.935743 ^ _2331_/Y (sky130_fd_sc_hd__xnor2_1)
                                                         _1584_ (net)
                      0.315255    0.000803    3.936547 ^ _2334_/A2 (sky130_fd_sc_hd__a21o_1)
     4    0.011236    0.105798    0.216963    4.153510 ^ _2334_/X (sky130_fd_sc_hd__a21o_1)
                                                         _1587_ (net)
                      0.105799    0.000549    4.154059 ^ rebuffer4/A (sky130_fd_sc_hd__dlymetal6s2s_1)
     1    0.005605    0.081914    0.135295    4.289354 ^ rebuffer4/X (sky130_fd_sc_hd__dlymetal6s2s_1)
                                                         net57 (net)
                      0.081914    0.000262    4.289616 ^ _2337_/A1 (sky130_fd_sc_hd__a21oi_2)
     3    0.012079    0.068086    0.078116    4.367731 v _2337_/Y (sky130_fd_sc_hd__a21oi_2)
                                                         _1590_ (net)
                      0.068092    0.000647    4.368378 v _2345_/B (sky130_fd_sc_hd__or3_4)
     3    0.008163    0.071655    0.378965    4.747343 v _2345_/X (sky130_fd_sc_hd__or3_4)
                                                         _1598_ (net)
                      0.071655    0.000307    4.747651 v _2347_/A1 (sky130_fd_sc_hd__a21o_1)
     4    0.014046    0.078943    0.207772    4.955422 v _2347_/X (sky130_fd_sc_hd__a21o_1)
                                                         _1600_ (net)
                      0.078957    0.001048    4.956470 v _2350_/B (sky130_fd_sc_hd__and3_1)
     2    0.007659    0.058329    0.197670    5.154140 v _2350_/X (sky130_fd_sc_hd__and3_1)
                                                         _1603_ (net)
                      0.058332    0.000493    5.154633 v _2352_/C (sky130_fd_sc_hd__or3_4)
     3    0.008945    0.073046    0.340054    5.494687 v _2352_/X (sky130_fd_sc_hd__or3_4)
                                                         _0106_ (net)
                      0.073046    0.000625    5.495312 v _2355_/A1 (sky130_fd_sc_hd__a21o_1)
     4    0.010679    0.065262    0.196550    5.691863 v _2355_/X (sky130_fd_sc_hd__a21o_1)
                                                         _0109_ (net)
                      0.065267    0.000614    5.692477 v _2362_/A (sky130_fd_sc_hd__and3_1)
     2    0.005732    0.049390    0.161981    5.854458 v _2362_/X (sky130_fd_sc_hd__and3_1)
                                                         _0116_ (net)
                      0.049392    0.000341    5.854799 v _2364_/C (sky130_fd_sc_hd__or3_4)
     3    0.007377    0.070525    0.332635    6.187433 v _2364_/X (sky130_fd_sc_hd__or3_4)
                                                         _0118_ (net)
                      0.070525    0.000411    6.187845 v _2366_/A1 (sky130_fd_sc_hd__a21o_1)
     4    0.010924    0.066234    0.196380    6.384224 v _2366_/X (sky130_fd_sc_hd__a21o_1)
                                                         _0120_ (net)
                      0.066238    0.000612    6.384836 v _2369_/A1 (sky130_fd_sc_hd__a21oi_1)
     3    0.012464    0.285436    0.261701    6.646537 ^ _2369_/Y (sky130_fd_sc_hd__a21oi_1)
                                                         _0123_ (net)
                      0.285438    0.000649    6.647186 ^ _2373_/B (sky130_fd_sc_hd__xnor2_1)
     4    0.013030    0.317089    0.234337    6.881523 ^ _2373_/Y (sky130_fd_sc_hd__xnor2_1)
                                                         _0127_ (net)
                      0.317092    0.000794    6.882317 ^ _2378_/A2 (sky130_fd_sc_hd__a21o_1)
     4    0.011031    0.104102    0.216109    7.098425 ^ _2378_/X (sky130_fd_sc_hd__a21o_1)
                                                         _0132_ (net)
                      0.104102    0.000387    7.098813 ^ _2382_/A2 (sky130_fd_sc_hd__a21oi_1)
     3    0.012827    0.111041    0.129404    7.228217 v _2382_/Y (sky130_fd_sc_hd__a21oi_1)
                                                         _0136_ (net)
                      0.111089    0.000856    7.229073 v _2385_/B (sky130_fd_sc_hd__or3_4)
     3    0.008435    0.072231    0.395499    7.624571 v _2385_/X (sky130_fd_sc_hd__or3_4)
                                                         _0139_ (net)
                      0.072231    0.000429    7.625000 v _2387_/A1 (sky130_fd_sc_hd__a21o_1)
     4    0.012748    0.073591    0.203552    7.828552 v _2387_/X (sky130_fd_sc_hd__a21o_1)
                                                         _0141_ (net)
                      0.073591    0.000391    7.828943 v _2390_/A (sky130_fd_sc_hd__and3_1)
     3    0.012168    0.075971    0.192759    8.021702 v _2390_/X (sky130_fd_sc_hd__and3_1)
                                                         _0144_ (net)
                      0.075974    0.000538    8.022240 v _2392_/C (sky130_fd_sc_hd__or3_4)
     3    0.007052    0.069977    0.340245    8.362485 v _2392_/X (sky130_fd_sc_hd__or3_4)
                                                         _0146_ (net)
                      0.069977    0.000364    8.362849 v _2397_/A1 (sky130_fd_sc_hd__a21o_1)
     4    0.011090    0.066856    0.196792    8.559641 v _2397_/X (sky130_fd_sc_hd__a21o_1)
                                                         _0151_ (net)
                      0.066856    0.000337    8.559978 v _2406_/A (sky130_fd_sc_hd__and3_1)
     2    0.006626    0.053414    0.166926    8.726904 v _2406_/X (sky130_fd_sc_hd__and3_1)
                                                         _0160_ (net)
                      0.053414    0.000230    8.727134 v _2408_/C (sky130_fd_sc_hd__or3_4)
     3    0.008778    0.072748    0.337964    9.065098 v _2408_/X (sky130_fd_sc_hd__or3_4)
                                                         _0162_ (net)
                      0.072748    0.000411    9.065510 v _2410_/A1 (sky130_fd_sc_hd__a21o_1)
     3    0.007105    0.051654    0.181385    9.246894 v _2410_/X (sky130_fd_sc_hd__a21o_1)
                                                         _0164_ (net)
                      0.051658    0.000493    9.247387 v _2413_/A (sky130_fd_sc_hd__and3_1)
     2    0.006288    0.051878    0.158626    9.406013 v _2413_/X (sky130_fd_sc_hd__and3_1)
                                                         _0167_ (net)
                      0.051878    0.000219    9.406233 v _2415_/C (sky130_fd_sc_hd__or3_4)
     3    0.007319    0.070504    0.333113    9.739346 v _2415_/X (sky130_fd_sc_hd__or3_4)
                                                         _0169_ (net)
                      0.070504    0.000430    9.739776 v _2420_/A1 (sky130_fd_sc_hd__a21o_1)
     4    0.012291    0.071741    0.201206    9.940982 v _2420_/X (sky130_fd_sc_hd__a21o_1)
                                                         _0174_ (net)
                      0.071745    0.000627    9.941608 v _2423_/A1 (sky130_fd_sc_hd__a21o_1)
     2    0.008896    0.058873    0.189035   10.130643 v _2423_/X (sky130_fd_sc_hd__a21o_1)
                                                         _0177_ (net)
                      0.058879    0.000631   10.131275 v _2426_/B (sky130_fd_sc_hd__xnor2_1)
     1    0.003529    0.057891    0.127250   10.258525 v _2426_/Y (sky130_fd_sc_hd__xnor2_1)
                                                         _0179_ (net)
                      0.057891    0.000151   10.258676 v _2427_/A1 (sky130_fd_sc_hd__mux2_4)
     1    0.003106    0.048327    0.255701   10.514378 v _2427_/X (sky130_fd_sc_hd__mux2_4)
                                                         _0024_ (net)
                      0.048327    0.000203   10.514580 v _3237_/D (sky130_fd_sc_hd__dfrtp_4)
                                             10.514580   data arrival time

                                 14.000000   14.000000   clock clk (rise edge)
                                  0.000000   14.000000   clock source latency
     2    0.042763    0.000000    0.000000   14.000000 ^ clk (in)
                                                         clk (net)
                      0.003045    0.001522   14.001522 ^ clkbuf_0_clk/A (sky130_fd_sc_hd__clkbuf_16)
    17    0.173940    0.186066    0.214921   14.216443 ^ clkbuf_0_clk/X (sky130_fd_sc_hd__clkbuf_16)
                                                         clknet_0_clk (net)
                      0.187942    0.014959   14.231401 ^ clkbuf_3_3__f_clk/A (sky130_fd_sc_hd__clkbuf_16)
    35    0.104580    0.121177    0.235533   14.466935 ^ clkbuf_3_3__f_clk/X (sky130_fd_sc_hd__clkbuf_16)
                                                         clknet_3_3__leaf_clk (net)
                      0.121475    0.004309   14.471244 ^ _3237_/CLK (sky130_fd_sc_hd__dfrtp_4)
                                 -0.100000   14.371244   clock uncertainty
                                  0.000000   14.371244   clock reconvergence pessimism
                                 -0.098220   14.273024   library setup time
                                             14.273024   data required time
---------------------------------------------------------------------------------------------
                                             14.273024   data required time
                                            -10.514580   data arrival time
---------------------------------------------------------------------------------------------
                                              3.758444   slack (MET)




===========================================================================
report_checks --slack_max -0.01
============================================================================
======================= max_tt_025C_1v80 Corner ===================================

No paths found.


===========================================================================
 report_check_types -max_slew -max_cap -max_fanout -violators
============================================================================
======================= max_tt_025C_1v80 Corner ===================================



===========================================================================
report_parasitic_annotation -report_unannotated
============================================================================
Found 7 unannotated drivers.
 clkload0/Y
 clkload1/Y
 clkload2/Y
 clkload3/Y
 clkload4/Y
 clkload5/Y
 clkload6/Y
Found 0 partially unannotated drivers.

===========================================================================
max slew violation count 0
max fanout violation count 0
max cap violation count 0
============================================================================

===========================================================================
check_setup -verbose -unconstrained_endpoints -multiple_clock -no_clock -no_input_delay -loops -generated_clocks
===========================================================================
Warning: There are 36 input ports missing set_input_delay.
  A_in[0]
  A_in[10]
  A_in[11]
  A_in[12]
  A_in[13]
  A_in[14]
  A_in[15]
  A_in[1]
  A_in[2]
  A_in[3]
  A_in[4]
  A_in[5]
  A_in[6]
  A_in[7]
  A_in[8]
  A_in[9]
  B_in[0]
  B_in[10]
  B_in[11]
  B_in[12]
  B_in[13]
  B_in[14]
  B_in[15]
  B_in[1]
  B_in[2]
  B_in[3]
  B_in[4]
  B_in[5]
  B_in[6]
  B_in[7]
  B_in[8]
  B_in[9]
  Op_Sel[0]
  Op_Sel[1]
  Start
  rst_n
Warning: There are 17 unconstrained endpoints.
  Done
  X_out[0]
  X_out[10]
  X_out[11]
  X_out[12]
  X_out[13]
  X_out[14]
  X_out[15]
  X_out[1]
  X_out[2]
  X_out[3]
  X_out[4]
  X_out[5]
  X_out[6]
  X_out[7]
  X_out[8]
  X_out[9]
