Clock: clk
Sources: clk 
Generated: no
Virtual: yes
Propagated: no
Period: 14.000000

===========================================================================
report_clock_properties
============================================================================
Clock                   Period          Waveform
----------------------------------------------------
clk                  14.000000    0.000000  7.000000

===========================================================================
report_clock_latency
============================================================================
Clock clk
rise -> rise
    min     max
0.000000 0.000000 source latency
0.450007         network latency _3222_/CLK
        0.480639 network latency _3295_/CLK
---------------
0.450007 0.480639 latency
        0.030632 skew

fall -> fall
    min     max
0.000000 0.000000 source latency
0.423924         network latency _3222_/CLK
        0.449925 network latency _3295_/CLK
---------------
0.423924 0.449925 latency
        0.026001 skew



===========================================================================
report_clock_min_period
============================================================================
clk period_min = 10.24 fmax = 97.64
