
===========================================================================
report_checks -unconstrained
===========================================================================
======================= min_tt_025C_1v80 Corner ===================================

Startpoint: _3302_ (rising edge-triggered flip-flop clocked by clk)
Endpoint: _3238_ (rising edge-triggered flip-flop clocked by clk)
Path Group: clk
Path Type: max

Fanout         Cap        Slew       Delay        Time   Description
---------------------------------------------------------------------------------------------
                                  0.000000    0.000000   clock clk (rise edge)
                                  0.000000    0.000000   clock source latency
     2    0.037415    0.000000    0.000000    0.000000 ^ clk (in)
                                                         clk (net)
                      0.001491    0.000746    0.000746 ^ clkbuf_0_clk/A (sky130_fd_sc_hd__clkbuf_16)
    17    0.158216    0.170213    0.209108    0.209853 ^ clkbuf_0_clk/X (sky130_fd_sc_hd__clkbuf_16)
                                                         clknet_0_clk (net)
                      0.170448    0.005135    0.214989 ^ clkbuf_3_0__f_clk/A (sky130_fd_sc_hd__clkbuf_16)
    25    0.088152    0.105139    0.220505    0.435493 ^ clkbuf_3_0__f_clk/X (sky130_fd_sc_hd__clkbuf_16)
                                                         clknet_3_0__leaf_clk (net)
                      0.105169    0.001741    0.437235 ^ _3302_/CLK (sky130_fd_sc_hd__dfrtp_4)
     6    0.021752    0.082244    0.523709    0.960943 v _3302_/Q (sky130_fd_sc_hd__dfrtp_4)
                                                         B_reg[12] (net)
                      0.082244    0.000788    0.961731 v _1910_/C (sky130_fd_sc_hd__and3_1)
     3    0.006829    0.054273    0.210786    1.172517 v _1910_/X (sky130_fd_sc_hd__and3_1)
                                                         _1175_ (net)
                      0.054273    0.000063    1.172581 v _2300_/B (sky130_fd_sc_hd__or4_4)
     4    0.009219    0.092691    0.525216    1.697797 v _2300_/X (sky130_fd_sc_hd__or4_4)
                                                         _1553_ (net)
                      0.092691    0.000067    1.697863 v _2304_/A1 (sky130_fd_sc_hd__a21o_1)
     3    0.007354    0.052633    0.190998    1.888861 v _2304_/X (sky130_fd_sc_hd__a21o_1)
                                                         _1557_ (net)
                      0.052633    0.000070    1.888932 v _2307_/A2 (sky130_fd_sc_hd__a21oi_1)
     3    0.011035    0.265720    0.255390    2.144322 ^ _2307_/Y (sky130_fd_sc_hd__a21oi_1)
                                                         _1560_ (net)
                      0.265720    0.000056    2.144378 ^ _2311_/B (sky130_fd_sc_hd__xor2_1)
     3    0.010662    0.251089    0.276146    2.420524 ^ _2311_/X (sky130_fd_sc_hd__xor2_1)
                                                         _1564_ (net)
                      0.251089    0.000080    2.420604 ^ _2313_/A2 (sky130_fd_sc_hd__a21o_1)
     4    0.010358    0.098217    0.201102    2.621706 ^ _2313_/X (sky130_fd_sc_hd__a21o_1)
                                                         _1566_ (net)
                      0.098217    0.000109    2.621816 ^ _2318_/A1 (sky130_fd_sc_hd__a21oi_1)
     3    0.011116    0.095625    0.115899    2.737715 v _2318_/Y (sky130_fd_sc_hd__a21oi_1)
                                                         _1571_ (net)
                      0.095625    0.000101    2.737816 v _2321_/B (sky130_fd_sc_hd__or3_4)
     3    0.008412    0.072111    0.389828    3.127644 v _2321_/X (sky130_fd_sc_hd__or3_4)
                                                         _1574_ (net)
                      0.072111    0.000149    3.127794 v _2326_/A1 (sky130_fd_sc_hd__a21o_1)
     4    0.010468    0.064315    0.195664    3.323457 v _2326_/X (sky130_fd_sc_hd__a21o_1)
                                                         _1579_ (net)
                      0.064315    0.000141    3.323599 v _2328_/B (sky130_fd_sc_hd__and3_1)
     2    0.005357    0.047691    0.180103    3.503701 v _2328_/X (sky130_fd_sc_hd__and3_1)
                                                         _1581_ (net)
                      0.047691    0.000053    3.503754 v _2330_/C (sky130_fd_sc_hd__or3_4)
     3    0.007649    0.070911    0.333086    3.836840 v _2330_/X (sky130_fd_sc_hd__or3_4)
                                                         _1583_ (net)
                      0.070911    0.000089    3.836929 v _2334_/A1 (sky130_fd_sc_hd__a21o_1)
     3    0.008105    0.056119    0.185429    4.022358 v _2334_/X (sky130_fd_sc_hd__a21o_1)
                                                         _1587_ (net)
                      0.056119    0.000047    4.022405 v rebuffer8/A (sky130_fd_sc_hd__dlymetal6s2s_1)
     3    0.009482    0.064806    0.166395    4.188800 v rebuffer8/X (sky130_fd_sc_hd__dlymetal6s2s_1)
                                                         net61 (net)
                      0.064806    0.000035    4.188835 v _2343_/A1 (sky130_fd_sc_hd__a21bo_1)
     1    0.004016    0.039856    0.175810    4.364645 v _2343_/X (sky130_fd_sc_hd__a21bo_1)
                                                         _1596_ (net)
                      0.039856    0.000061    4.364707 v _2344_/B1 (sky130_fd_sc_hd__a22o_1)
     2    0.007769    0.063500    0.199605    4.564312 v _2344_/X (sky130_fd_sc_hd__a22o_1)
                                                         _1597_ (net)
                      0.063500    0.000140    4.564451 v _2347_/B1 (sky130_fd_sc_hd__a21o_1)
     4    0.010018    0.062546    0.188624    4.753076 v _2347_/X (sky130_fd_sc_hd__a21o_1)
                                                         _1600_ (net)
                      0.062546    0.000117    4.753192 v _2348_/A2 (sky130_fd_sc_hd__a21oi_1)
     3    0.012949    0.294782    0.286295    5.039487 ^ _2348_/Y (sky130_fd_sc_hd__a21oi_1)
                                                         _1601_ (net)
                      0.294782    0.000183    5.039670 ^ _2349_/B (sky130_fd_sc_hd__xnor2_1)
     3    0.016696    0.391023    0.263322    5.302992 ^ _2349_/Y (sky130_fd_sc_hd__xnor2_1)
                                                         _1602_ (net)
                      0.391023    0.000125    5.303117 ^ _2355_/A2 (sky130_fd_sc_hd__a21o_1)
     4    0.011188    0.105688    0.226350    5.529467 ^ _2355_/X (sky130_fd_sc_hd__a21o_1)
                                                         _0109_ (net)
                      0.105688    0.000127    5.529594 ^ _2360_/A1 (sky130_fd_sc_hd__a21oi_1)
     3    0.011864    0.102574    0.122309    5.651903 v _2360_/Y (sky130_fd_sc_hd__a21oi_1)
                                                         _0114_ (net)
                      0.102574    0.000133    5.652036 v _2364_/B (sky130_fd_sc_hd__or3_4)
     2    0.006093    0.068451    0.385341    6.037376 v _2364_/X (sky130_fd_sc_hd__or3_4)
                                                         _0118_ (net)
                      0.068452    0.000095    6.037471 v _2366_/A1 (sky130_fd_sc_hd__a21o_1)
     4    0.010699    0.065238    0.194990    6.232461 v _2366_/X (sky130_fd_sc_hd__a21o_1)
                                                         _0120_ (net)
                      0.065238    0.000132    6.232594 v _2370_/A (sky130_fd_sc_hd__and3_1)
     2    0.005791    0.049574    0.162400    6.394994 v _2370_/X (sky130_fd_sc_hd__and3_1)
                                                         _0124_ (net)
                      0.049574    0.000043    6.395037 v _2372_/C (sky130_fd_sc_hd__or3_4)
     3    0.008654    0.072478    0.336643    6.731680 v _2372_/X (sky130_fd_sc_hd__or3_4)
                                                         _0126_ (net)
                      0.072478    0.000081    6.731761 v _2378_/A1 (sky130_fd_sc_hd__a21o_1)
     4    0.010176    0.063165    0.194776    6.926538 v _2378_/X (sky130_fd_sc_hd__a21o_1)
                                                         _0132_ (net)
                      0.063165    0.000108    6.926645 v _2383_/A (sky130_fd_sc_hd__and3_1)
     2    0.007585    0.057815    0.169913    7.096559 v _2383_/X (sky130_fd_sc_hd__and3_1)
                                                         _0137_ (net)
                      0.057815    0.000146    7.096705 v _2385_/C (sky130_fd_sc_hd__or3_4)
     3    0.008121    0.071673    0.337528    7.434233 v _2385_/X (sky130_fd_sc_hd__or3_4)
                                                         _0139_ (net)
                      0.071673    0.000071    7.434304 v _2387_/A1 (sky130_fd_sc_hd__a21o_1)
     4    0.012132    0.070923    0.201478    7.635781 v _2387_/X (sky130_fd_sc_hd__a21o_1)
                                                         _0141_ (net)
                      0.070923    0.000057    7.635838 v _2390_/A (sky130_fd_sc_hd__and3_1)
     3    0.010460    0.068807    0.185403    7.821241 v _2390_/X (sky130_fd_sc_hd__and3_1)
                                                         _0144_ (net)
                      0.068807    0.000155    7.821396 v _2392_/C (sky130_fd_sc_hd__or3_4)
     3    0.006763    0.069493    0.337057    8.158453 v _2392_/X (sky130_fd_sc_hd__or3_4)
                                                         _0146_ (net)
                      0.069493    0.000063    8.158516 v _2397_/A1 (sky130_fd_sc_hd__a21o_1)
     4    0.010928    0.066103    0.196256    8.354773 v _2397_/X (sky130_fd_sc_hd__a21o_1)
                                                         _0151_ (net)
                      0.066103    0.000075    8.354847 v _2406_/A (sky130_fd_sc_hd__and3_1)
     2    0.006132    0.051093    0.164380    8.519226 v _2406_/X (sky130_fd_sc_hd__and3_1)
                                                         _0160_ (net)
                      0.051093    0.000063    8.519290 v _2408_/C (sky130_fd_sc_hd__or3_4)
     3    0.008168    0.071713    0.335575    8.854865 v _2408_/X (sky130_fd_sc_hd__or3_4)
                                                         _0162_ (net)
                      0.071713    0.000052    8.854918 v _2410_/A1 (sky130_fd_sc_hd__a21o_1)
     3    0.007412    0.052901    0.182603    9.037520 v _2410_/X (sky130_fd_sc_hd__a21o_1)
                                                         _0164_ (net)
                      0.052901    0.000087    9.037607 v _2413_/C (sky130_fd_sc_hd__and3_1)
     2    0.006018    0.050559    0.193429    9.231036 v _2413_/X (sky130_fd_sc_hd__and3_1)
                                                         _0167_ (net)
                      0.050559    0.000049    9.231086 v _2415_/C (sky130_fd_sc_hd__or3_4)
     3    0.006482    0.069145    0.330306    9.561392 v _2415_/X (sky130_fd_sc_hd__or3_4)
                                                         _0169_ (net)
                      0.069145    0.000052    9.561444 v _2420_/A1 (sky130_fd_sc_hd__a21o_1)
     3    0.008480    0.057721    0.186421    9.747865 v _2420_/X (sky130_fd_sc_hd__a21o_1)
                                                         _0174_ (net)
                      0.057721    0.000050    9.747914 v _2428_/A1 (sky130_fd_sc_hd__a21bo_1)
     1    0.004323    0.041038    0.174427    9.922341 v _2428_/X (sky130_fd_sc_hd__a21bo_1)
                                                         _0180_ (net)
                      0.041038    0.000017    9.922359 v _2429_/B (sky130_fd_sc_hd__xor2_1)
     1    0.002503    0.067467    0.132881   10.055240 v _2429_/X (sky130_fd_sc_hd__xor2_1)
                                                         _0181_ (net)
                      0.067467    0.000013   10.055253 v _2430_/A1 (sky130_fd_sc_hd__mux2_4)
     1    0.002287    0.046643    0.256198   10.311451 v _2430_/X (sky130_fd_sc_hd__mux2_4)
                                                         _0025_ (net)
                      0.046643    0.000011   10.311461 v _3238_/D (sky130_fd_sc_hd__dfrtp_4)
                                             10.311461   data arrival time

                                 10.375000   10.375000   clock clk (rise edge)
                                  0.000000   10.375000   clock source latency
     2    0.037415    0.000000    0.000000   10.375000 ^ clk (in)
                                                         clk (net)
                      0.001491    0.000746   10.375746 ^ clkbuf_0_clk/A (sky130_fd_sc_hd__clkbuf_16)
    17    0.158216    0.170213    0.209107   10.584853 ^ clkbuf_0_clk/X (sky130_fd_sc_hd__clkbuf_16)
                                                         clknet_0_clk (net)
                      0.170418    0.004805   10.589659 ^ clkbuf_3_3__f_clk/A (sky130_fd_sc_hd__clkbuf_16)
    35    0.094713    0.111400    0.225147   10.814805 ^ clkbuf_3_3__f_clk/X (sky130_fd_sc_hd__clkbuf_16)
                                                         clknet_3_3__leaf_clk (net)
                      0.111432    0.001824   10.816629 ^ _3238_/CLK (sky130_fd_sc_hd__dfrtp_4)
                                 -0.100000   10.716630   clock uncertainty
                                  0.000000   10.716630   clock reconvergence pessimism
                                 -0.099787   10.616843   library setup time
                                             10.616843   data required time
---------------------------------------------------------------------------------------------
                                             10.616843   data required time
                                            -10.311461   data arrival time
---------------------------------------------------------------------------------------------
                                              0.305382   slack (MET)




===========================================================================
report_checks --slack_max -0.01
============================================================================
======================= min_tt_025C_1v80 Corner ===================================

No paths found.


===========================================================================
 report_check_types -max_slew -max_cap -max_fanout -violators
============================================================================
======================= min_tt_025C_1v80 Corner ===================================



===========================================================================
report_parasitic_annotation -report_unannotated
============================================================================
Found 7 unannotated drivers.
 clkload0/Y
 clkload1/Y
 clkload2/Y
 clkload3/Y
 clkload4/Y
 clkload5/Y
 clkload6/Y
Found 0 partially unannotated drivers.

===========================================================================
max slew violation count 0
max fanout violation count 0
max cap violation count 0
============================================================================

===========================================================================
check_setup -verbose -unconstrained_endpoints -multiple_clock -no_clock -no_input_delay -loops -generated_clocks
===========================================================================
Warning: There are 36 input ports missing set_input_delay.
  A_in[0]
  A_in[10]
  A_in[11]
  A_in[12]
  A_in[13]
  A_in[14]
  A_in[15]
  A_in[1]
  A_in[2]
  A_in[3]
  A_in[4]
  A_in[5]
  A_in[6]
  A_in[7]
  A_in[8]
  A_in[9]
  B_in[0]
  B_in[10]
  B_in[11]
  B_in[12]
  B_in[13]
  B_in[14]
  B_in[15]
  B_in[1]
  B_in[2]
  B_in[3]
  B_in[4]
  B_in[5]
  B_in[6]
  B_in[7]
  B_in[8]
  B_in[9]
  Op_Sel[0]
  Op_Sel[1]
  Start
  rst_n
Warning: There are 17 unconstrained endpoints.
  Done
  X_out[0]
  X_out[10]
  X_out[11]
  X_out[12]
  X_out[13]
  X_out[14]
  X_out[15]
  X_out[1]
  X_out[2]
  X_out[3]
  X_out[4]
  X_out[5]
  X_out[6]
  X_out[7]
  X_out[8]
  X_out[9]
