Using 4 threads…
Using a tile size of (500 µm)²…
Reading /work/runs/RUN_2026-03-17_13-44-02/54-magic-streamout/rns_top_crt.magic.gds ..
Reading /work/runs/RUN_2026-03-17_13-44-02/55-klayout-streamout/rns_top_crt.klayout.gds ..
--- Running XOR for layer 122/16 ---
"input" in: xor.drc:109
    Polygons (raw): 17350 (flat)  114 (hierarchical)
    Elapsed: 0.000s  Memory: 621.00M
"input" in: xor.drc:109
    Polygons (raw): 17350 (flat)  114 (hierarchical)
    Elapsed: 0.000s  Memory: 621.00M
"^" in: xor.drc:109
    Polygons (raw): 0 (flat)  0 (hierarchical)
    Elapsed: 0.130s  Memory: 909.00M
XOR differences: 0
"output" in: xor.drc:86
    Polygons (raw): 0 (flat)  0 (hierarchical)
    Elapsed: 0.000s  Memory: 909.00M
--- Running XOR for layer 235/4 ---
"input" in: xor.drc:109
    Polygons (raw): 1 (flat)  1 (hierarchical)
    Elapsed: 0.010s  Memory: 909.00M
"input" in: xor.drc:109
    Polygons (raw): 1 (flat)  1 (hierarchical)
    Elapsed: 0.000s  Memory: 909.00M
"^" in: xor.drc:109
    Polygons (raw): 0 (flat)  0 (hierarchical)
    Elapsed: 0.010s  Memory: 909.00M
XOR differences: 0
"output" in: xor.drc:86
    Polygons (raw): 0 (flat)  0 (hierarchical)
    Elapsed: 0.000s  Memory: 909.00M
--- Running XOR for layer 236/0 ---
"input" in: xor.drc:109
    Polygons (raw): 14587 (flat)  111 (hierarchical)
    Elapsed: 0.000s  Memory: 909.00M
"input" in: xor.drc:109
    Polygons (raw): 14587 (flat)  111 (hierarchical)
    Elapsed: 0.000s  Memory: 909.00M
"^" in: xor.drc:109
    Polygons (raw): 0 (flat)  0 (hierarchical)
    Elapsed: 0.130s  Memory: 941.00M
XOR differences: 0
"output" in: xor.drc:86
    Polygons (raw): 0 (flat)  0 (hierarchical)
    Elapsed: 0.020s  Memory: 909.00M
--- Running XOR for layer 64/16 ---
"input" in: xor.drc:109
    Polygons (raw): 17350 (flat)  114 (hierarchical)
    Elapsed: 0.000s  Memory: 909.00M
"input" in: xor.drc:109
    Polygons (raw): 17350 (flat)  114 (hierarchical)
    Elapsed: 0.000s  Memory: 909.00M
"^" in: xor.drc:109
    Polygons (raw): 0 (flat)  0 (hierarchical)
    Elapsed: 0.140s  Memory: 941.00M
XOR differences: 0
"output" in: xor.drc:86
    Polygons (raw): 0 (flat)  0 (hierarchical)
    Elapsed: 0.000s  Memory: 941.00M
--- Running XOR for layer 64/20 ---
"input" in: xor.drc:109
    Polygons (raw): 19836 (flat)  114 (hierarchical)
    Elapsed: 0.000s  Memory: 941.00M
"input" in: xor.drc:109
    Polygons (raw): 19836 (flat)  114 (hierarchical)
    Elapsed: 0.000s  Memory: 941.00M
"^" in: xor.drc:109
    Polygons (raw): 0 (flat)  0 (hierarchical)
    Elapsed: 0.220s  Memory: 941.00M
XOR differences: 0
"output" in: xor.drc:86
    Polygons (raw): 0 (flat)  0 (hierarchical)
    Elapsed: 0.000s  Memory: 941.00M
--- Running XOR for layer 64/5 ---
"input" in: xor.drc:109
    Polygons (raw): 0 (flat)  0 (hierarchical)
    Elapsed: 0.000s  Memory: 941.00M
"input" in: xor.drc:109
    Polygons (raw): 0 (flat)  0 (hierarchical)
    Elapsed: 0.000s  Memory: 941.00M
"^" in: xor.drc:109
    Polygons (raw): 0 (flat)  0 (hierarchical)
    Elapsed: 0.040s  Memory: 909.00M
XOR differences: 0
"output" in: xor.drc:86
    Polygons (raw): 0 (flat)  0 (hierarchical)
    Elapsed: 0.000s  Memory: 909.00M
--- Running XOR for layer 64/59 ---
"input" in: xor.drc:109
    Polygons (raw): 0 (flat)  0 (hierarchical)
    Elapsed: 0.000s  Memory: 909.00M
"input" in: xor.drc:109
    Polygons (raw): 0 (flat)  0 (hierarchical)
    Elapsed: 0.000s  Memory: 909.00M
"^" in: xor.drc:109
    Polygons (raw): 0 (flat)  0 (hierarchical)
    Elapsed: 0.040s  Memory: 909.00M
XOR differences: 0
"output" in: xor.drc:86
    Polygons (raw): 0 (flat)  0 (hierarchical)
    Elapsed: 0.000s  Memory: 909.00M
--- Running XOR for layer 65/20 ---
"input" in: xor.drc:109
    Polygons (raw): 29974 (flat)  324 (hierarchical)
    Elapsed: 0.000s  Memory: 909.00M
"input" in: xor.drc:109
    Polygons (raw): 29974 (flat)  324 (hierarchical)
    Elapsed: 0.000s  Memory: 909.00M
"^" in: xor.drc:109
    Polygons (raw): 0 (flat)  0 (hierarchical)
    Elapsed: 0.180s  Memory: 941.00M
XOR differences: 0
"output" in: xor.drc:86
    Polygons (raw): 0 (flat)  0 (hierarchical)
    Elapsed: 0.020s  Memory: 941.00M
--- Running XOR for layer 65/44 ---
"input" in: xor.drc:109
    Polygons (raw): 4992 (flat)  2 (hierarchical)
    Elapsed: 0.000s  Memory: 941.00M
"input" in: xor.drc:109
    Polygons (raw): 4992 (flat)  2 (hierarchical)
    Elapsed: 0.010s  Memory: 941.00M
"^" in: xor.drc:109
    Polygons (raw): 0 (flat)  0 (hierarchical)
    Elapsed: 0.030s  Memory: 909.00M
XOR differences: 0
"output" in: xor.drc:86
    Polygons (raw): 0 (flat)  0 (hierarchical)
    Elapsed: 0.000s  Memory: 909.00M
--- Running XOR for layer 66/20 ---
"input" in: xor.drc:109
    Polygons (raw): 32931 (flat)  522 (hierarchical)
    Elapsed: 0.000s  Memory: 909.00M
"input" in: xor.drc:109
    Polygons (raw): 32931 (flat)  522 (hierarchical)
    Elapsed: 0.000s  Memory: 909.00M
"^" in: xor.drc:109
    Polygons (raw): 0 (flat)  0 (hierarchical)
    Elapsed: 0.320s  Memory: 909.00M
XOR differences: 0
"output" in: xor.drc:86
    Polygons (raw): 0 (flat)  0 (hierarchical)
    Elapsed: 0.000s  Memory: 909.00M
--- Running XOR for layer 66/44 ---
"input" in: xor.drc:109
    Polygons (raw): 133726 (flat)  3015 (hierarchical)
    Elapsed: 0.000s  Memory: 909.00M
"input" in: xor.drc:109
    Polygons (raw): 133726 (flat)  3015 (hierarchical)
    Elapsed: 0.000s  Memory: 909.00M
"^" in: xor.drc:109
    Polygons (raw): 0 (flat)  0 (hierarchical)
    Elapsed: 0.610s  Memory: 909.00M
XOR differences: 0
"output" in: xor.drc:86
    Polygons (raw): 0 (flat)  0 (hierarchical)
    Elapsed: 0.020s  Memory: 909.00M
--- Running XOR for layer 67/16 ---
"input" in: xor.drc:109
    Polygons (raw): 22909 (flat)  877 (hierarchical)
    Elapsed: 0.000s  Memory: 909.00M
"input" in: xor.drc:109
    Polygons (raw): 22909 (flat)  877 (hierarchical)
    Elapsed: 0.000s  Memory: 909.00M
"^" in: xor.drc:109
    Polygons (raw): 0 (flat)  0 (hierarchical)
    Elapsed: 0.100s  Memory: 909.00M
XOR differences: 0
"output" in: xor.drc:86
    Polygons (raw): 0 (flat)  0 (hierarchical)
    Elapsed: 0.000s  Memory: 909.00M
--- Running XOR for layer 67/20 ---
"input" in: xor.drc:109
    Polygons (raw): 100518 (flat)  8222 (hierarchical)
    Elapsed: 0.000s  Memory: 909.00M
"input" in: xor.drc:109
    Polygons (raw): 100518 (flat)  959 (hierarchical)
    Elapsed: 0.000s  Memory: 909.00M
"^" in: xor.drc:109
    Polygons (raw): 0 (flat)  0 (hierarchical)
    Elapsed: 0.890s  Memory: 909.00M
XOR differences: 0
"output" in: xor.drc:86
    Polygons (raw): 0 (flat)  0 (hierarchical)
    Elapsed: 0.020s  Memory: 909.00M
--- Running XOR for layer 67/44 ---
"input" in: xor.drc:109
    Polygons (raw): 289620 (flat)  9114 (hierarchical)
    Elapsed: 0.000s  Memory: 909.00M
"input" in: xor.drc:109
    Polygons (raw): 289620 (flat)  1851 (hierarchical)
    Elapsed: 0.000s  Memory: 909.00M
"^" in: xor.drc:109
    Polygons (raw): 0 (flat)  0 (hierarchical)
    Elapsed: 1.330s  Memory: 909.00M
XOR differences: 0
"output" in: xor.drc:86
    Polygons (raw): 0 (flat)  0 (hierarchical)
    Elapsed: 0.020s  Memory: 909.00M
--- Running XOR for layer 67/5 ---
"input" in: xor.drc:109
    Polygons (raw): 0 (flat)  0 (hierarchical)
    Elapsed: 0.000s  Memory: 909.00M
"input" in: xor.drc:109
    Polygons (raw): 0 (flat)  0 (hierarchical)
    Elapsed: 0.000s  Memory: 909.00M
"^" in: xor.drc:109
    Polygons (raw): 0 (flat)  0 (hierarchical)
    Elapsed: 0.020s  Memory: 909.00M
XOR differences: 0
"output" in: xor.drc:86
    Polygons (raw): 0 (flat)  0 (hierarchical)
    Elapsed: 0.000s  Memory: 909.00M
--- Running XOR for layer 68/16 ---
"input" in: xor.drc:109
    Polygons (raw): 39676 (flat)  230 (hierarchical)
    Elapsed: 0.000s  Memory: 909.00M
"input" in: xor.drc:109
    Polygons (raw): 39676 (flat)  230 (hierarchical)
    Elapsed: 0.000s  Memory: 909.00M
"^" in: xor.drc:109
    Polygons (raw): 0 (flat)  0 (hierarchical)
    Elapsed: 0.240s  Memory: 909.00M
XOR differences: 0
"output" in: xor.drc:86
    Polygons (raw): 0 (flat)  0 (hierarchical)
    Elapsed: 0.000s  Memory: 909.00M
--- Running XOR for layer 68/20 ---
"input" in: xor.drc:109
    Polygons (raw): 68155 (flat)  27482 (hierarchical)
    Elapsed: 0.000s  Memory: 909.00M
"input" in: xor.drc:109
    Polygons (raw): 63431 (flat)  8650 (hierarchical)
    Elapsed: 0.000s  Memory: 909.00M
"^" in: xor.drc:109
    Polygons (raw): 0 (flat)  0 (hierarchical)
    Elapsed: 0.490s  Memory: 941.00M
XOR differences: 0
"output" in: xor.drc:86
    Polygons (raw): 0 (flat)  0 (hierarchical)
    Elapsed: 0.020s  Memory: 941.00M
--- Running XOR for layer 68/44 ---
"input" in: xor.drc:109
    Polygons (raw): 8708 (flat)  8708 (hierarchical)
    Elapsed: 0.000s  Memory: 941.00M
"input" in: xor.drc:109
    Polygons (raw): 8708 (flat)  7 (hierarchical)
    Elapsed: 0.000s  Memory: 941.00M
"^" in: xor.drc:109
    Polygons (raw): 0 (flat)  0 (hierarchical)
    Elapsed: 0.050s  Memory: 941.00M
XOR differences: 0
"output" in: xor.drc:86
    Polygons (raw): 0 (flat)  0 (hierarchical)
    Elapsed: 0.000s  Memory: 941.00M
--- Running XOR for layer 68/5 ---
"input" in: xor.drc:109
    Polygons (raw): 0 (flat)  0 (hierarchical)
    Elapsed: 0.000s  Memory: 941.00M
"input" in: xor.drc:109
    Polygons (raw): 0 (flat)  0 (hierarchical)
    Elapsed: 0.000s  Memory: 941.00M
"^" in: xor.drc:109
    Polygons (raw): 0 (flat)  0 (hierarchical)
    Elapsed: 0.050s  Memory: 909.00M
XOR differences: 0
"output" in: xor.drc:86
    Polygons (raw): 0 (flat)  0 (hierarchical)
    Elapsed: 0.000s  Memory: 909.00M
--- Running XOR for layer 69/16 ---
"input" in: xor.drc:109
    Polygons (raw): 19 (flat)  19 (hierarchical)
    Elapsed: 0.010s  Memory: 909.00M
"input" in: xor.drc:109
    Polygons (raw): 19 (flat)  19 (hierarchical)
    Elapsed: 0.000s  Memory: 909.00M
"^" in: xor.drc:109
    Polygons (raw): 0 (flat)  0 (hierarchical)
    Elapsed: 0.010s  Memory: 941.00M
XOR differences: 0
"output" in: xor.drc:86
    Polygons (raw): 0 (flat)  0 (hierarchical)
    Elapsed: 0.010s  Memory: 941.00M
--- Running XOR for layer 69/20 ---
"input" in: xor.drc:109
    Polygons (raw): 11252 (flat)  11252 (hierarchical)
    Elapsed: 0.000s  Memory: 941.00M
"input" in: xor.drc:109
    Polygons (raw): 11880 (flat)  4523 (hierarchical)
    Elapsed: 0.000s  Memory: 941.00M
"^" in: xor.drc:109
    Polygons (raw): 0 (flat)  0 (hierarchical)
    Elapsed: 0.100s  Memory: 909.00M
XOR differences: 0
"output" in: xor.drc:86
    Polygons (raw): 0 (flat)  0 (hierarchical)
    Elapsed: 0.000s  Memory: 909.00M
--- Running XOR for layer 69/44 ---
"input" in: xor.drc:109
    Polygons (raw): 1909 (flat)  1909 (hierarchical)
    Elapsed: 0.000s  Memory: 909.00M
"input" in: xor.drc:109
    Polygons (raw): 1909 (flat)  5 (hierarchical)
    Elapsed: 0.000s  Memory: 909.00M
"^" in: xor.drc:109
    Polygons (raw): 0 (flat)  0 (hierarchical)
    Elapsed: 0.020s  Memory: 909.00M
XOR differences: 0
"output" in: xor.drc:86
    Polygons (raw): 0 (flat)  0 (hierarchical)
    Elapsed: 0.000s  Memory: 909.00M
--- Running XOR for layer 69/5 ---
"input" in: xor.drc:109
    Polygons (raw): 0 (flat)  0 (hierarchical)
    Elapsed: 0.000s  Memory: 909.00M
"input" in: xor.drc:109
    Polygons (raw): 0 (flat)  0 (hierarchical)
    Elapsed: 0.000s  Memory: 909.00M
"^" in: xor.drc:109
    Polygons (raw): 0 (flat)  0 (hierarchical)
    Elapsed: 0.020s  Memory: 941.00M
XOR differences: 0
"output" in: xor.drc:86
    Polygons (raw): 0 (flat)  0 (hierarchical)
    Elapsed: 0.000s  Memory: 941.00M
--- Running XOR for layer 70/16 ---
"input" in: xor.drc:109
    Polygons (raw): 35 (flat)  35 (hierarchical)
    Elapsed: 0.000s  Memory: 942.00M
"input" in: xor.drc:109
    Polygons (raw): 35 (flat)  35 (hierarchical)
    Elapsed: 0.010s  Memory: 942.00M
"^" in: xor.drc:109
    Polygons (raw): 0 (flat)  0 (hierarchical)
    Elapsed: 0.010s  Memory: 910.00M
XOR differences: 0
"output" in: xor.drc:86
    Polygons (raw): 0 (flat)  0 (hierarchical)
    Elapsed: 0.010s  Memory: 910.00M
--- Running XOR for layer 70/20 ---
"input" in: xor.drc:109
    Polygons (raw): 674 (flat)  674 (hierarchical)
    Elapsed: 0.000s  Memory: 910.00M
"input" in: xor.drc:109
    Polygons (raw): 1522 (flat)  546 (hierarchical)
    Elapsed: 0.000s  Memory: 910.00M
"^" in: xor.drc:109
    Polygons (raw): 0 (flat)  0 (hierarchical)
    Elapsed: 0.020s  Memory: 910.00M
XOR differences: 0
"output" in: xor.drc:86
    Polygons (raw): 0 (flat)  0 (hierarchical)
    Elapsed: 0.000s  Memory: 910.00M
--- Running XOR for layer 70/44 ---
"input" in: xor.drc:109
    Polygons (raw): 1860 (flat)  1860 (hierarchical)
    Elapsed: 0.000s  Memory: 910.00M
"input" in: xor.drc:109
    Polygons (raw): 1860 (flat)  4 (hierarchical)
    Elapsed: 0.000s  Memory: 910.00M
"^" in: xor.drc:109
    Polygons (raw): 0 (flat)  0 (hierarchical)
    Elapsed: 0.020s  Memory: 942.00M
XOR differences: 0
"output" in: xor.drc:86
    Polygons (raw): 0 (flat)  0 (hierarchical)
    Elapsed: 0.000s  Memory: 910.00M
--- Running XOR for layer 70/5 ---
"input" in: xor.drc:109
    Polygons (raw): 0 (flat)  0 (hierarchical)
    Elapsed: 0.000s  Memory: 910.00M
"input" in: xor.drc:109
    Polygons (raw): 0 (flat)  0 (hierarchical)
    Elapsed: 0.000s  Memory: 911.00M
"^" in: xor.drc:109
    Polygons (raw): 0 (flat)  0 (hierarchical)
    Elapsed: 0.010s  Memory: 911.00M
XOR differences: 0
"output" in: xor.drc:86
    Polygons (raw): 0 (flat)  0 (hierarchical)
    Elapsed: 0.000s  Memory: 911.00M
--- Running XOR for layer 71/16 ---
"input" in: xor.drc:109
    Polygons (raw): 6 (flat)  6 (hierarchical)
    Elapsed: 0.010s  Memory: 911.00M
"input" in: xor.drc:109
    Polygons (raw): 6 (flat)  6 (hierarchical)
    Elapsed: 0.000s  Memory: 911.00M
"^" in: xor.drc:109
    Polygons (raw): 0 (flat)  0 (hierarchical)
    Elapsed: 0.010s  Memory: 911.00M
XOR differences: 0
"output" in: xor.drc:86
    Polygons (raw): 0 (flat)  0 (hierarchical)
    Elapsed: 0.000s  Memory: 911.00M
--- Running XOR for layer 71/20 ---
"input" in: xor.drc:109
    Polygons (raw): 6 (flat)  6 (hierarchical)
    Elapsed: 0.000s  Memory: 911.00M
"input" in: xor.drc:109
    Polygons (raw): 495 (flat)  14 (hierarchical)
    Elapsed: 0.000s  Memory: 911.00M
"^" in: xor.drc:109
    Polygons (raw): 0 (flat)  0 (hierarchical)
    Elapsed: 0.020s  Memory: 911.00M
XOR differences: 0
"output" in: xor.drc:86
    Polygons (raw): 0 (flat)  0 (hierarchical)
    Elapsed: 0.000s  Memory: 911.00M
--- Running XOR for layer 71/44 ---
"input" in: xor.drc:109
    Polygons (raw): 18 (flat)  18 (hierarchical)
    Elapsed: 0.000s  Memory: 912.00M
"input" in: xor.drc:109
    Polygons (raw): 18 (flat)  1 (hierarchical)
    Elapsed: 0.000s  Memory: 912.00M
"^" in: xor.drc:109
    Polygons (raw): 0 (flat)  0 (hierarchical)
    Elapsed: 0.010s  Memory: 912.00M
XOR differences: 0
"output" in: xor.drc:86
    Polygons (raw): 0 (flat)  0 (hierarchical)
    Elapsed: 0.000s  Memory: 912.00M
--- Running XOR for layer 71/5 ---
"input" in: xor.drc:109
    Polygons (raw): 0 (flat)  0 (hierarchical)
    Elapsed: 0.000s  Memory: 912.00M
"input" in: xor.drc:109
    Polygons (raw): 0 (flat)  0 (hierarchical)
    Elapsed: 0.000s  Memory: 912.00M
"^" in: xor.drc:109
    Polygons (raw): 0 (flat)  0 (hierarchical)
    Elapsed: 0.010s  Memory: 944.00M
XOR differences: 0
"output" in: xor.drc:86
    Polygons (raw): 0 (flat)  0 (hierarchical)
    Elapsed: 0.000s  Memory: 944.00M
--- Running XOR for layer 72/16 ---
"input" in: xor.drc:109
    Polygons (raw): 6 (flat)  6 (hierarchical)
    Elapsed: 0.000s  Memory: 944.00M
"input" in: xor.drc:109
    Polygons (raw): 6 (flat)  6 (hierarchical)
    Elapsed: 0.000s  Memory: 944.00M
"^" in: xor.drc:109
    Polygons (raw): 0 (flat)  0 (hierarchical)
    Elapsed: 0.010s  Memory: 912.00M
XOR differences: 0
"output" in: xor.drc:86
    Polygons (raw): 0 (flat)  0 (hierarchical)
    Elapsed: 0.020s  Memory: 913.00M
--- Running XOR for layer 72/20 ---
"input" in: xor.drc:109
    Polygons (raw): 6 (flat)  6 (hierarchical)
    Elapsed: 0.000s  Memory: 913.00M
"input" in: xor.drc:109
    Polygons (raw): 30 (flat)  13 (hierarchical)
    Elapsed: 0.000s  Memory: 913.00M
"^" in: xor.drc:109
    Polygons (raw): 0 (flat)  0 (hierarchical)
    Elapsed: 0.030s  Memory: 913.00M
XOR differences: 0
"output" in: xor.drc:86
    Polygons (raw): 0 (flat)  0 (hierarchical)
    Elapsed: 0.000s  Memory: 913.00M
--- Running XOR for layer 72/5 ---
"input" in: xor.drc:109
    Polygons (raw): 0 (flat)  0 (hierarchical)
    Elapsed: 0.000s  Memory: 913.00M
"input" in: xor.drc:109
    Polygons (raw): 0 (flat)  0 (hierarchical)
    Elapsed: 0.000s  Memory: 913.00M
"^" in: xor.drc:109
    Polygons (raw): 0 (flat)  0 (hierarchical)
    Elapsed: 0.010s  Memory: 913.00M
XOR differences: 0
"output" in: xor.drc:86
    Polygons (raw): 0 (flat)  0 (hierarchical)
    Elapsed: 0.000s  Memory: 913.00M
--- Running XOR for layer 78/44 ---
"input" in: xor.drc:109
    Polygons (raw): 20020 (flat)  120 (hierarchical)
    Elapsed: 0.000s  Memory: 913.00M
"input" in: xor.drc:109
    Polygons (raw): 20020 (flat)  120 (hierarchical)
    Elapsed: 0.000s  Memory: 913.00M
"^" in: xor.drc:109
    Polygons (raw): 0 (flat)  0 (hierarchical)
    Elapsed: 0.160s  Memory: 913.00M
XOR differences: 0
"output" in: xor.drc:86
    Polygons (raw): 0 (flat)  0 (hierarchical)
    Elapsed: 0.000s  Memory: 913.00M
--- Running XOR for layer 81/23 ---
"input" in: xor.drc:109
    Polygons (raw): 902 (flat)  1 (hierarchical)
    Elapsed: 0.000s  Memory: 913.00M
"input" in: xor.drc:109
    Polygons (raw): 902 (flat)  1 (hierarchical)
    Elapsed: 0.000s  Memory: 913.00M
"^" in: xor.drc:109
    Polygons (raw): 0 (flat)  0 (hierarchical)
    Elapsed: 0.020s  Memory: 913.00M
XOR differences: 0
"output" in: xor.drc:86
    Polygons (raw): 0 (flat)  0 (hierarchical)
    Elapsed: 0.000s  Memory: 913.00M
--- Running XOR for layer 81/4 ---
"input" in: xor.drc:109
    Polygons (raw): 19836 (flat)  114 (hierarchical)
    Elapsed: 0.000s  Memory: 913.00M
"input" in: xor.drc:109
    Polygons (raw): 19836 (flat)  114 (hierarchical)
    Elapsed: 0.000s  Memory: 913.00M
"^" in: xor.drc:109
    Polygons (raw): 0 (flat)  0 (hierarchical)
    Elapsed: 0.160s  Memory: 913.00M
XOR differences: 0
"output" in: xor.drc:86
    Polygons (raw): 0 (flat)  0 (hierarchical)
    Elapsed: 0.010s  Memory: 913.00M
--- Running XOR for layer 83/44 ---
"input" in: xor.drc:109
    Polygons (raw): 0 (flat)  0 (hierarchical)
    Elapsed: 0.000s  Memory: 913.00M
"input" in: xor.drc:109
    Polygons (raw): 0 (flat)  0 (hierarchical)
    Elapsed: 0.000s  Memory: 913.00M
"^" in: xor.drc:109
    Polygons (raw): 0 (flat)  0 (hierarchical)
    Elapsed: 0.050s  Memory: 913.00M
XOR differences: 0
"output" in: xor.drc:86
    Polygons (raw): 0 (flat)  0 (hierarchical)
    Elapsed: 0.000s  Memory: 913.00M
--- Running XOR for layer 93/44 ---
"input" in: xor.drc:109
    Polygons (raw): 22332 (flat)  115 (hierarchical)
    Elapsed: 0.000s  Memory: 913.00M
"input" in: xor.drc:109
    Polygons (raw): 22332 (flat)  115 (hierarchical)
    Elapsed: 0.000s  Memory: 913.00M
"^" in: xor.drc:109
    Polygons (raw): 0 (flat)  0 (hierarchical)
    Elapsed: 0.190s  Memory: 913.00M
XOR differences: 0
"output" in: xor.drc:86
    Polygons (raw): 0 (flat)  0 (hierarchical)
    Elapsed: 0.020s  Memory: 913.00M
--- Running XOR for layer 94/20 ---
"input" in: xor.drc:109
    Polygons (raw): 22332 (flat)  115 (hierarchical)
    Elapsed: 0.000s  Memory: 913.00M
"input" in: xor.drc:109
    Polygons (raw): 22332 (flat)  115 (hierarchical)
    Elapsed: 0.000s  Memory: 913.00M
"^" in: xor.drc:109
    Polygons (raw): 0 (flat)  0 (hierarchical)
    Elapsed: 0.190s  Memory: 913.00M
XOR differences: 0
"output" in: xor.drc:86
    Polygons (raw): 0 (flat)  0 (hierarchical)
    Elapsed: 0.010s  Memory: 913.00M
--- Running XOR for layer 95/20 ---
"input" in: xor.drc:109
    Polygons (raw): 14028 (flat)  122 (hierarchical)
    Elapsed: 0.000s  Memory: 913.00M
"input" in: xor.drc:109
    Polygons (raw): 14028 (flat)  122 (hierarchical)
    Elapsed: 0.000s  Memory: 913.00M
"^" in: xor.drc:109
    Polygons (raw): 0 (flat)  0 (hierarchical)
    Elapsed: 0.140s  Memory: 913.00M
XOR differences: 0
"output" in: xor.drc:86
    Polygons (raw): 0 (flat)  0 (hierarchical)
    Elapsed: 0.000s  Memory: 913.00M
---
Total XOR differences: 0
Writing report database: /work/runs/RUN_2026-03-17_13-44-02/58-klayout-xor/xor.xml ..
Total elapsed: 7.020s  Memory: 913.00M
/work/runs/RUN_2026-03-17_13-44-02/54-magic-streamout/rns_top_crt.magic.gds
/work/runs/RUN_2026-03-17_13-44-02/55-klayout-streamout/rns_top_crt.klayout.gds
%OL_METRIC_I design__xor_difference__count 0
