Clock: clk
Sources: clk 
Generated: no
Virtual: yes
Propagated: no
Period: 10.000000

===========================================================================
report_clock_properties
============================================================================
Clock                   Period          Waveform
----------------------------------------------------
clk                  10.000000    0.000000  5.000000

===========================================================================
report_clock_latency
============================================================================
Clock clk
rise -> rise
    min     max
0.000000 0.000000 source latency
0.765400         network latency _3241_/CLK
        0.797931 network latency _3256_/CLK
---------------
0.765400 0.797931 latency
        0.032531 skew

fall -> fall
    min     max
0.000000 0.000000 source latency
0.732223         network latency _3241_/CLK
        0.757617 network latency _3256_/CLK
---------------
0.732223 0.757617 latency
        0.025394 skew



===========================================================================
report_clock_min_period
============================================================================
clk period_min = 20.15 fmax = 49.62
