Reading OpenROAD database at '/work/runs/RUN_2026-03-17_14-13-04/39-openroad-repairantennas/1-diodeinsertion/rns_top_crt.odb'…
Reading library file at '/pdk/volare/sky130/versions/0fe599b2afb6708d281543108caf8310912f54af/sky130A/libs.ref/sky130_fd_sc_hd/lib/sky130_fd_sc_hd__tt_025C_1v80.lib'…
Reading design constraints file at 'designs/_shared/ll_policy/constraints.sdc'…
[INFO] No information on clock propagation in input SDC file-- propagating all clocks.
[INFO ORD-0030] Using 4 thread(s).
[INFO DRT-0149] Reading tech and libs.
[WARNING DRT-0349] LEF58_ENCLOSURE with no CUTCLASS is not supported. Skipping for layer mcon
[WARNING DRT-0349] LEF58_ENCLOSURE with no CUTCLASS is not supported. Skipping for layer mcon
[WARNING DRT-0349] LEF58_ENCLOSURE with no CUTCLASS is not supported. Skipping for layer via
[WARNING DRT-0349] LEF58_ENCLOSURE with no CUTCLASS is not supported. Skipping for layer via
[WARNING DRT-0349] LEF58_ENCLOSURE with no CUTCLASS is not supported. Skipping for layer via2
[WARNING DRT-0349] LEF58_ENCLOSURE with no CUTCLASS is not supported. Skipping for layer via2
[WARNING DRT-0349] LEF58_ENCLOSURE with no CUTCLASS is not supported. Skipping for layer via3
[WARNING DRT-0349] LEF58_ENCLOSURE with no CUTCLASS is not supported. Skipping for layer via3
[WARNING DRT-0349] LEF58_ENCLOSURE with no CUTCLASS is not supported. Skipping for layer via4
[WARNING DRT-0349] LEF58_ENCLOSURE with no CUTCLASS is not supported. Skipping for layer via4

Units:                1000
Number of layers:     13
Number of macros:     441
Number of vias:       29
Number of viarulegen: 25

[INFO DRT-0150] Reading design.
[WARNING DRT-0120] Large net net36 has 225 pins which may impact routing performance. Consider optimization.

Design:                   rns_top_crt
Die area:                 ( 0 0 ) ( 431270 441990 )
Number of track patterns: 12
Number of DEF vias:       0
Number of components:     5606
Number of terminals:      56
Number of snets:          2
Number of nets:           1956

[INFO DRT-0167] List of default vias:
  Layer via
    default via: M1M2_PR
  Layer via2
    default via: M2M3_PR
  Layer via3
    default via: M3M4_PR
  Layer via4
    default via: M4M5_PR
[INFO DRT-0162] Library cell analysis.
[INFO DRT-0163] Instance analysis.
[INFO DRT-0164] Number of unique instances = 335.
[INFO DRT-0168] Init region query.
[INFO DRT-0024]   Complete FR_MASTERSLICE.
[INFO DRT-0024]   Complete licon.
[INFO DRT-0024]   Complete li1.
[INFO DRT-0024]   Complete mcon.
[INFO DRT-0024]   Complete met1.
[INFO DRT-0024]   Complete via.
[INFO DRT-0024]   Complete met2.
[INFO DRT-0024]   Complete via2.
[INFO DRT-0024]   Complete met3.
[INFO DRT-0024]   Complete via3.
[INFO DRT-0024]   Complete met4.
[INFO DRT-0024]   Complete via4.
[INFO DRT-0024]   Complete met5.
[INFO DRT-0033] FR_MASTERSLICE shape region query size = 0.
[INFO DRT-0033] licon shape region query size = 0.
[INFO DRT-0033] li1 shape region query size = 77745.
[INFO DRT-0033] mcon shape region query size = 0.
[INFO DRT-0033] met1 shape region query size = 13694.
[INFO DRT-0033] via shape region query size = 2325.
[INFO DRT-0033] met2 shape region query size = 1414.
[INFO DRT-0033] via2 shape region query size = 1860.
[INFO DRT-0033] met3 shape region query size = 1430.
[INFO DRT-0033] via3 shape region query size = 1860.
[INFO DRT-0033] met4 shape region query size = 495.
[INFO DRT-0033] via4 shape region query size = 18.
[INFO DRT-0033] met5 shape region query size = 30.
[INFO DRT-0165] Start pin access.
[INFO DRT-0076]   Complete 1000 pins.
[INFO DRT-0078]   Complete 1246 pins.
[INFO DRT-0079]   Complete 100 unique inst patterns.
[INFO DRT-0079]   Complete 200 unique inst patterns.
[INFO DRT-0079]   Complete 300 unique inst patterns.
[INFO DRT-0081]   Complete 329 unique inst patterns.
[INFO DRT-0084]   Complete 1422 groups.
#scanned instances     = 5606
#unique  instances     = 335
#stdCellGenAp          = 9596
#stdCellValidPlanarAp  = 58
#stdCellValidViaAp     = 7315
#stdCellPinNoAp        = 0
#stdCellPinCnt         = 6717
#instTermValidViaApCnt = 0
#macroGenAp            = 0
#macroValidPlanarAp    = 0
#macroValidViaAp       = 0
#macroNoAp             = 0
[INFO DRT-0166] Complete pin access.
[INFO DRT-0267] cpu time = 00:00:57, elapsed time = 00:00:14, memory = 160.09 (MB), peak = 159.82 (MB)

[INFO DRT-0157] Number of guides:     14322

[INFO DRT-0169] Post process guides.
[INFO DRT-0176] GCELLGRID X 0 DO 62 STEP 6900 ;
[INFO DRT-0177] GCELLGRID Y 0 DO 64 STEP 6900 ;
[INFO DRT-0028]   Complete FR_MASTERSLICE.
[INFO DRT-0028]   Complete licon.
[INFO DRT-0028]   Complete li1.
[INFO DRT-0028]   Complete mcon.
[INFO DRT-0028]   Complete met1.
[INFO DRT-0028]   Complete via.
[INFO DRT-0028]   Complete met2.
[INFO DRT-0028]   Complete via2.
[INFO DRT-0028]   Complete met3.
[INFO DRT-0028]   Complete via3.
[INFO DRT-0028]   Complete met4.
[INFO DRT-0028]   Complete via4.
[INFO DRT-0028]   Complete met5.
[INFO DRT-0178] Init guide query.
[INFO DRT-0035]   Complete FR_MASTERSLICE (guide).
[INFO DRT-0035]   Complete licon (guide).
[INFO DRT-0035]   Complete li1 (guide).
[INFO DRT-0035]   Complete mcon (guide).
[INFO DRT-0035]   Complete met1 (guide).
[INFO DRT-0035]   Complete via (guide).
[INFO DRT-0035]   Complete met2 (guide).
[INFO DRT-0035]   Complete via2 (guide).
[INFO DRT-0035]   Complete met3 (guide).
[INFO DRT-0035]   Complete via3 (guide).
[INFO DRT-0035]   Complete met4 (guide).
[INFO DRT-0035]   Complete via4 (guide).
[INFO DRT-0035]   Complete met5 (guide).
[INFO DRT-0036] FR_MASTERSLICE guide region query size = 0.
[INFO DRT-0036] licon guide region query size = 0.
[INFO DRT-0036] li1 guide region query size = 5318.
[INFO DRT-0036] mcon guide region query size = 0.
[INFO DRT-0036] met1 guide region query size = 4029.
[INFO DRT-0036] via guide region query size = 0.
[INFO DRT-0036] met2 guide region query size = 1954.
[INFO DRT-0036] via2 guide region query size = 0.
[INFO DRT-0036] met3 guide region query size = 36.
[INFO DRT-0036] via3 guide region query size = 0.
[INFO DRT-0036] met4 guide region query size = 0.
[INFO DRT-0036] via4 guide region query size = 0.
[INFO DRT-0036] met5 guide region query size = 0.
[INFO DRT-0179] Init gr pin query.
[INFO DRT-0245] skipped writing guide updates to database.
[INFO DRT-0185] Post process initialize RPin region query.
[INFO DRT-0181] Start track assignment.
[INFO DRT-0184] Done with 7272 vertical wires in 2 frboxes and 4065 horizontal wires in 2 frboxes.
[INFO DRT-0186] Done with 390 vertical wires in 2 frboxes and 1110 horizontal wires in 2 frboxes.
[INFO DRT-0182] Complete track assignment.
[INFO DRT-0267] cpu time = 00:00:02, elapsed time = 00:00:00, memory = 194.11 (MB), peak = 205.25 (MB)
[INFO DRT-0187] Start routing data preparation.
[INFO DRT-0267] cpu time = 00:00:00, elapsed time = 00:00:00, memory = 194.11 (MB), peak = 205.25 (MB)
[INFO DRT-0194] Start detail routing.
[INFO DRT-0195] Start 0th optimization iteration.
    Completing 10% with 0 violations.
    elapsed time = 00:00:00, memory = 232.66 (MB).
    Completing 20% with 0 violations.
    elapsed time = 00:00:00, memory = 243.98 (MB).
    Completing 30% with 96 violations.
    elapsed time = 00:00:01, memory = 254.11 (MB).
    Completing 40% with 96 violations.
    elapsed time = 00:00:01, memory = 269.80 (MB).
    Completing 50% with 96 violations.
    elapsed time = 00:00:02, memory = 282.63 (MB).
    Completing 60% with 154 violations.
    elapsed time = 00:00:03, memory = 284.52 (MB).
    Completing 70% with 154 violations.
    elapsed time = 00:00:04, memory = 286.45 (MB).
    Completing 80% with 262 violations.
    elapsed time = 00:00:04, memory = 304.55 (MB).
    Completing 90% with 262 violations.
    elapsed time = 00:00:05, memory = 304.55 (MB).
    Completing 100% with 362 violations.
    elapsed time = 00:00:06, memory = 291.23 (MB).
[INFO DRT-0199]   Number of violations = 450.
Viol/Layer         li1   mcon   met1   met2   met3
Cut Spacing          0      1      0      0      0
Metal Spacing       12      0    101     14      2
Min Hole             0      0      8      0      0
Recheck              0      0     66     22      0
Short                0      0    219      5      0
[INFO DRT-0267] cpu time = 00:00:23, elapsed time = 00:00:06, memory = 630.27 (MB), peak = 629.88 (MB)
Total wire length = 47250 um.
Total wire length on LAYER li1 = 0 um.
Total wire length on LAYER met1 = 25535 um.
Total wire length on LAYER met2 = 21328 um.
Total wire length on LAYER met3 = 386 um.
Total wire length on LAYER met4 = 0 um.
Total wire length on LAYER met5 = 0 um.
Total number of vias = 14212.
Up-via summary (total 14212):

------------------------
 FR_MASTERSLICE        0
            li1     7472
           met1     6703
           met2       37
           met3        0
           met4        0
------------------------
                   14212


[INFO DRT-0195] Start 1st optimization iteration.
    Completing 10% with 450 violations.
    elapsed time = 00:00:00, memory = 633.25 (MB).
    Completing 20% with 450 violations.
    elapsed time = 00:00:01, memory = 645.21 (MB).
    Completing 30% with 373 violations.
    elapsed time = 00:00:01, memory = 645.21 (MB).
    Completing 40% with 373 violations.
    elapsed time = 00:00:02, memory = 645.21 (MB).
    Completing 50% with 373 violations.
    elapsed time = 00:00:03, memory = 645.21 (MB).
    Completing 60% with 322 violations.
    elapsed time = 00:00:03, memory = 645.21 (MB).
    Completing 70% with 322 violations.
    elapsed time = 00:00:04, memory = 645.21 (MB).
    Completing 80% with 249 violations.
    elapsed time = 00:00:04, memory = 654.20 (MB).
    Completing 90% with 249 violations.
    elapsed time = 00:00:05, memory = 657.01 (MB).
    Completing 100% with 153 violations.
    elapsed time = 00:00:06, memory = 658.28 (MB).
[INFO DRT-0199]   Number of violations = 153.
Viol/Layer        mcon   met1   met2
Cut Spacing          1      0      0
Metal Spacing        0     29      5
Min Hole             0      1      0
Short                0    115      2
[INFO DRT-0267] cpu time = 00:00:23, elapsed time = 00:00:06, memory = 658.59 (MB), peak = 658.35 (MB)
Total wire length = 47012 um.
Total wire length on LAYER li1 = 0 um.
Total wire length on LAYER met1 = 25391 um.
Total wire length on LAYER met2 = 21233 um.
Total wire length on LAYER met3 = 388 um.
Total wire length on LAYER met4 = 0 um.
Total wire length on LAYER met5 = 0 um.
Total number of vias = 14120.
Up-via summary (total 14120):

------------------------
 FR_MASTERSLICE        0
            li1     7466
           met1     6615
           met2       39
           met3        0
           met4        0
------------------------
                   14120


[INFO DRT-0195] Start 2nd optimization iteration.
    Completing 10% with 153 violations.
    elapsed time = 00:00:00, memory = 658.59 (MB).
    Completing 20% with 153 violations.
    elapsed time = 00:00:00, memory = 658.59 (MB).
    Completing 30% with 130 violations.
    elapsed time = 00:00:01, memory = 658.59 (MB).
    Completing 40% with 130 violations.
    elapsed time = 00:00:01, memory = 658.59 (MB).
    Completing 50% with 130 violations.
    elapsed time = 00:00:02, memory = 659.18 (MB).
    Completing 60% with 110 violations.
    elapsed time = 00:00:02, memory = 659.18 (MB).
    Completing 70% with 110 violations.
    elapsed time = 00:00:03, memory = 659.59 (MB).
    Completing 80% with 113 violations.
    elapsed time = 00:00:03, memory = 659.59 (MB).
    Completing 90% with 113 violations.
    elapsed time = 00:00:03, memory = 659.59 (MB).
    Completing 100% with 121 violations.
    elapsed time = 00:00:04, memory = 659.59 (MB).
[INFO DRT-0199]   Number of violations = 126.
Viol/Layer        met1   met2
Metal Spacing       33      4
Recheck              4      1
Short               84      0
[INFO DRT-0267] cpu time = 00:00:18, elapsed time = 00:00:05, memory = 659.77 (MB), peak = 659.47 (MB)
Total wire length = 46929 um.
Total wire length on LAYER li1 = 0 um.
Total wire length on LAYER met1 = 25348 um.
Total wire length on LAYER met2 = 21233 um.
Total wire length on LAYER met3 = 347 um.
Total wire length on LAYER met4 = 0 um.
Total wire length on LAYER met5 = 0 um.
Total number of vias = 14063.
Up-via summary (total 14063):

------------------------
 FR_MASTERSLICE        0
            li1     7466
           met1     6558
           met2       39
           met3        0
           met4        0
------------------------
                   14063


[INFO DRT-0195] Start 3rd optimization iteration.
    Completing 10% with 126 violations.
    elapsed time = 00:00:00, memory = 659.77 (MB).
    Completing 20% with 126 violations.
    elapsed time = 00:00:00, memory = 659.77 (MB).
    Completing 30% with 73 violations.
    elapsed time = 00:00:00, memory = 659.77 (MB).
    Completing 40% with 73 violations.
    elapsed time = 00:00:00, memory = 659.77 (MB).
    Completing 50% with 73 violations.
    elapsed time = 00:00:01, memory = 659.77 (MB).
    Completing 60% with 35 violations.
    elapsed time = 00:00:01, memory = 659.77 (MB).
    Completing 70% with 35 violations.
    elapsed time = 00:00:01, memory = 659.77 (MB).
    Completing 80% with 27 violations.
    elapsed time = 00:00:01, memory = 659.77 (MB).
    Completing 90% with 27 violations.
    elapsed time = 00:00:01, memory = 659.77 (MB).
    Completing 100% with 8 violations.
    elapsed time = 00:00:02, memory = 659.77 (MB).
[INFO DRT-0199]   Number of violations = 8.
Viol/Layer        met1   met2
Metal Spacing        3      1
Short                4      0
[INFO DRT-0267] cpu time = 00:00:08, elapsed time = 00:00:02, memory = 659.77 (MB), peak = 659.47 (MB)
Total wire length = 46907 um.
Total wire length on LAYER li1 = 0 um.
Total wire length on LAYER met1 = 25204 um.
Total wire length on LAYER met2 = 21274 um.
Total wire length on LAYER met3 = 428 um.
Total wire length on LAYER met4 = 0 um.
Total wire length on LAYER met5 = 0 um.
Total number of vias = 14155.
Up-via summary (total 14155):

------------------------
 FR_MASTERSLICE        0
            li1     7466
           met1     6619
           met2       70
           met3        0
           met4        0
------------------------
                   14155


[INFO DRT-0195] Start 4th optimization iteration.
    Completing 10% with 8 violations.
    elapsed time = 00:00:00, memory = 659.77 (MB).
    Completing 20% with 8 violations.
    elapsed time = 00:00:00, memory = 659.77 (MB).
    Completing 30% with 4 violations.
    elapsed time = 00:00:00, memory = 659.77 (MB).
    Completing 40% with 4 violations.
    elapsed time = 00:00:00, memory = 659.77 (MB).
    Completing 50% with 4 violations.
    elapsed time = 00:00:00, memory = 659.77 (MB).
    Completing 60% with 4 violations.
    elapsed time = 00:00:00, memory = 659.77 (MB).
    Completing 70% with 4 violations.
    elapsed time = 00:00:00, memory = 659.77 (MB).
    Completing 80% with 4 violations.
    elapsed time = 00:00:00, memory = 659.77 (MB).
    Completing 90% with 4 violations.
    elapsed time = 00:00:00, memory = 659.77 (MB).
    Completing 100% with 0 violations.
    elapsed time = 00:00:00, memory = 659.77 (MB).
[INFO DRT-0199]   Number of violations = 0.
[INFO DRT-0267] cpu time = 00:00:01, elapsed time = 00:00:00, memory = 659.77 (MB), peak = 659.47 (MB)
Total wire length = 46912 um.
Total wire length on LAYER li1 = 0 um.
Total wire length on LAYER met1 = 25207 um.
Total wire length on LAYER met2 = 21275 um.
Total wire length on LAYER met3 = 428 um.
Total wire length on LAYER met4 = 0 um.
Total wire length on LAYER met5 = 0 um.
Total number of vias = 14157.
Up-via summary (total 14157):

------------------------
 FR_MASTERSLICE        0
            li1     7466
           met1     6621
           met2       70
           met3        0
           met4        0
------------------------
                   14157


[INFO DRT-0198] Complete detail routing.
Total wire length = 46912 um.
Total wire length on LAYER li1 = 0 um.
Total wire length on LAYER met1 = 25207 um.
Total wire length on LAYER met2 = 21275 um.
Total wire length on LAYER met3 = 428 um.
Total wire length on LAYER met4 = 0 um.
Total wire length on LAYER met5 = 0 um.
Total number of vias = 14157.
Up-via summary (total 14157):

------------------------
 FR_MASTERSLICE        0
            li1     7466
           met1     6621
           met2       70
           met3        0
           met4        0
------------------------
                   14157


[INFO DRT-0267] cpu time = 00:01:15, elapsed time = 00:00:21, memory = 659.77 (MB), peak = 659.47 (MB)

[INFO DRT-0180] Post processing.
Setting global connections for newly added cells…
[INFO] Setting global connections...
Updating metrics…
Cell type report:                       Count       Area
  Fill cell                               308    1156.11
  Tap cell                               2496    3123.00
  Antenna cell                            876    2192.10
  Clock buffer                              9     225.22
  Timing Repair Buffer                    192    1470.16
  Inverter                                 59     226.47
  Clock inverter                            7      73.82
  Sequential cell                         110    2977.86
  Multi-Input combinational cell         1549   13073.79
  Total                                  5606   24518.52
Writing OpenROAD database to '/work/runs/RUN_2026-03-17_14-13-04/41-openroad-detailedrouting/rns_top_crt.odb'…
Writing netlist to '/work/runs/RUN_2026-03-17_14-13-04/41-openroad-detailedrouting/rns_top_crt.nl.v'…
Writing powered netlist to '/work/runs/RUN_2026-03-17_14-13-04/41-openroad-detailedrouting/rns_top_crt.pnl.v'…
Writing layout to '/work/runs/RUN_2026-03-17_14-13-04/41-openroad-detailedrouting/rns_top_crt.def'…
Writing timing constraints to '/work/runs/RUN_2026-03-17_14-13-04/41-openroad-detailedrouting/rns_top_crt.sdc'…
