
===========================================================================
report_checks -unconstrained
===========================================================================
======================= nom_tt_025C_1v80 Corner ===================================

Startpoint: _3302_ (rising edge-triggered flip-flop clocked by clk)
Endpoint: _3238_ (rising edge-triggered flip-flop clocked by clk)
Path Group: clk
Path Type: max

Fanout         Cap        Slew       Delay        Time   Description
---------------------------------------------------------------------------------------------
                                  0.000000    0.000000   clock clk (rise edge)
                                  0.000000    0.000000   clock source latency
     1    0.028987    0.000000    0.000000    0.000000 ^ clk (in)
                                                         clk (net)
                      0.002441    0.001221    0.001221 ^ clkbuf_0_clk/A (sky130_fd_sc_hd__clkbuf_16)
     8    0.118970    0.132081    0.184523    0.185744 ^ clkbuf_0_clk/X (sky130_fd_sc_hd__clkbuf_16)
                                                         clknet_0_clk (net)
                      0.132160    0.001474    0.187218 ^ clkbuf_3_0__f_clk/A (sky130_fd_sc_hd__clkbuf_16)
    12    0.059170    0.077473    0.187588    0.374806 ^ clkbuf_3_0__f_clk/X (sky130_fd_sc_hd__clkbuf_16)
                                                         clknet_3_0__leaf_clk (net)
                      0.077475    0.000575    0.375381 ^ _3302_/CLK (sky130_fd_sc_hd__dfrtp_4)
     6    0.016924    0.077102    0.505203    0.880584 v _3302_/Q (sky130_fd_sc_hd__dfrtp_4)
                                                         B_reg[12] (net)
                      0.077102    0.000263    0.880847 v _1910_/C (sky130_fd_sc_hd__and3_1)
     3    0.006128    0.052724    0.205037    1.085884 v _1910_/X (sky130_fd_sc_hd__and3_1)
                                                         _1175_ (net)
                      0.052724    0.000020    1.085903 v _2300_/A (sky130_fd_sc_hd__or4_4)
     4    0.008737    0.093581    0.543521    1.629425 v _2300_/X (sky130_fd_sc_hd__or4_4)
                                                         _1553_ (net)
                      0.093581    0.000008    1.629433 v _2304_/A1 (sky130_fd_sc_hd__a21o_1)
     3    0.006855    0.050366    0.189115    1.818548 v _2304_/X (sky130_fd_sc_hd__a21o_1)
                                                         _1557_ (net)
                      0.050366    0.000022    1.818570 v _2307_/A2 (sky130_fd_sc_hd__a21oi_1)
     3    0.010171    0.249009    0.242187    2.060757 ^ _2307_/Y (sky130_fd_sc_hd__a21oi_1)
                                                         _1560_ (net)
                      0.249009    0.000013    2.060770 ^ _2311_/B (sky130_fd_sc_hd__xor2_1)
     3    0.009503    0.238054    0.258554    2.319324 ^ _2311_/X (sky130_fd_sc_hd__xor2_1)
                                                         _1564_ (net)
                      0.238054    0.000028    2.319351 ^ _2313_/A2 (sky130_fd_sc_hd__a21o_1)
     4    0.009796    0.093528    0.194931    2.514283 ^ _2313_/X (sky130_fd_sc_hd__a21o_1)
                                                         _1566_ (net)
                      0.093528    0.000045    2.514328 ^ _2318_/A1 (sky130_fd_sc_hd__a21oi_1)
     3    0.010341    0.093390    0.110326    2.624654 v _2318_/Y (sky130_fd_sc_hd__a21oi_1)
                                                         _1571_ (net)
                      0.093390    0.000026    2.624680 v _2321_/B (sky130_fd_sc_hd__or3_4)
     3    0.006280    0.068735    0.382564    3.007244 v _2321_/X (sky130_fd_sc_hd__or3_4)
                                                         _1574_ (net)
                      0.068735    0.000012    3.007256 v _2326_/A1 (sky130_fd_sc_hd__a21o_1)
     4    0.009208    0.059508    0.189599    3.196855 v _2326_/X (sky130_fd_sc_hd__a21o_1)
                                                         _1579_ (net)
                      0.059508    0.000028    3.196883 v _2328_/A (sky130_fd_sc_hd__and3_1)
     2    0.005463    0.049839    0.158321    3.355204 v _2328_/X (sky130_fd_sc_hd__and3_1)
                                                         _1581_ (net)
                      0.049839    0.000019    3.355222 v _2330_/A (sky130_fd_sc_hd__or3_4)
     3    0.006436    0.069091    0.385962    3.741184 v _2330_/X (sky130_fd_sc_hd__or3_4)
                                                         _1583_ (net)
                      0.069091    0.000023    3.741207 v _2334_/A1 (sky130_fd_sc_hd__a21o_1)
     4    0.008655    0.058104    0.187206    3.928413 v _2334_/X (sky130_fd_sc_hd__a21o_1)
                                                         _1587_ (net)
                      0.058104    0.000036    3.928449 v rebuffer11/A (sky130_fd_sc_hd__dlymetal6s2s_1)
     2    0.006922    0.056435    0.156840    4.085289 v rebuffer11/X (sky130_fd_sc_hd__dlymetal6s2s_1)
                                                         net64 (net)
                      0.056435    0.000018    4.085307 v _2343_/A1 (sky130_fd_sc_hd__a21bo_1)
     1    0.003486    0.037713    0.169843    4.255150 v _2343_/X (sky130_fd_sc_hd__a21bo_1)
                                                         _1596_ (net)
                      0.037713    0.000020    4.255169 v _2344_/B1 (sky130_fd_sc_hd__a22o_1)
     2    0.005608    0.052877    0.187407    4.442576 v _2344_/X (sky130_fd_sc_hd__a22o_1)
                                                         _1597_ (net)
                      0.052877    0.000028    4.442604 v _2347_/B1 (sky130_fd_sc_hd__a21o_1)
     4    0.008814    0.058467    0.179444    4.622047 v _2347_/X (sky130_fd_sc_hd__a21o_1)
                                                         _1600_ (net)
                      0.058467    0.000041    4.622088 v _2348_/A2 (sky130_fd_sc_hd__a21oi_1)
     3    0.011453    0.273765    0.263625    4.885714 ^ _2348_/Y (sky130_fd_sc_hd__a21oi_1)
                                                         _1601_ (net)
                      0.273765    0.000069    4.885783 ^ _2349_/B (sky130_fd_sc_hd__xnor2_1)
     3    0.015097    0.367832    0.248747    5.134530 ^ _2349_/Y (sky130_fd_sc_hd__xnor2_1)
                                                         _1602_ (net)
                      0.367832    0.000048    5.134577 ^ _2355_/A2 (sky130_fd_sc_hd__a21o_1)
     4    0.008436    0.086084    0.206942    5.341519 ^ _2355_/X (sky130_fd_sc_hd__a21o_1)
                                                         _0109_ (net)
                      0.086084    0.000023    5.341542 ^ _2360_/A1 (sky130_fd_sc_hd__a21oi_1)
     3    0.010550    0.091639    0.108789    5.450331 v _2360_/Y (sky130_fd_sc_hd__a21oi_1)
                                                         _0114_ (net)
                      0.091639    0.000059    5.450390 v _2364_/B (sky130_fd_sc_hd__or3_4)
     3    0.006620    0.069368    0.382955    5.833345 v _2364_/X (sky130_fd_sc_hd__or3_4)
                                                         _0118_ (net)
                      0.069368    0.000029    5.833374 v _2366_/A1 (sky130_fd_sc_hd__a21o_1)
     4    0.008905    0.058687    0.188472    6.021846 v _2366_/X (sky130_fd_sc_hd__a21o_1)
                                                         _0120_ (net)
                      0.058687    0.000041    6.021887 v _2369_/A1 (sky130_fd_sc_hd__a21oi_1)
     3    0.011403    0.272726    0.244235    6.266122 ^ _2369_/Y (sky130_fd_sc_hd__a21oi_1)
                                                         _0123_ (net)
                      0.272726    0.000027    6.266149 ^ _2373_/B (sky130_fd_sc_hd__xnor2_1)
     4    0.011142    0.287600    0.218534    6.484683 ^ _2373_/Y (sky130_fd_sc_hd__xnor2_1)
                                                         _0127_ (net)
                      0.287600    0.000013    6.484695 ^ _2378_/A2 (sky130_fd_sc_hd__a21o_1)
     4    0.009528    0.091605    0.203772    6.688468 ^ _2378_/X (sky130_fd_sc_hd__a21o_1)
                                                         _0132_ (net)
                      0.091605    0.000057    6.688525 ^ _2382_/A2 (sky130_fd_sc_hd__a21oi_1)
     3    0.010247    0.094159    0.112423    6.800947 v _2382_/Y (sky130_fd_sc_hd__a21oi_1)
                                                         _0136_ (net)
                      0.094159    0.000023    6.800970 v _2385_/B (sky130_fd_sc_hd__or3_4)
     3    0.007278    0.070386    0.385878    7.186848 v _2385_/X (sky130_fd_sc_hd__or3_4)
                                                         _0139_ (net)
                      0.070386    0.000022    7.186870 v _2387_/A1 (sky130_fd_sc_hd__a21o_1)
     4    0.011083    0.068697    0.197228    7.384098 v _2387_/X (sky130_fd_sc_hd__a21o_1)
                                                         _0141_ (net)
                      0.068697    0.000023    7.384120 v _2390_/A (sky130_fd_sc_hd__and3_1)
     3    0.008538    0.061173    0.176948    7.561069 v _2390_/X (sky130_fd_sc_hd__and3_1)
                                                         _0144_ (net)
                      0.061173    0.000027    7.561095 v _2392_/C (sky130_fd_sc_hd__or3_4)
     3    0.006002    0.069067    0.332209    7.893304 v _2392_/X (sky130_fd_sc_hd__or3_4)
                                                         _0146_ (net)
                      0.069067    0.000007    7.893311 v _2397_/A1 (sky130_fd_sc_hd__a21o_1)
     4    0.009202    0.061300    0.189725    8.083035 v _2397_/X (sky130_fd_sc_hd__a21o_1)
                                                         _0151_ (net)
                      0.061300    0.000017    8.083053 v _2406_/A (sky130_fd_sc_hd__and3_1)
     2    0.005245    0.048885    0.158093    8.241146 v _2406_/X (sky130_fd_sc_hd__and3_1)
                                                         _0160_ (net)
                      0.048885    0.000011    8.241157 v _2408_/C (sky130_fd_sc_hd__or3_4)
     3    0.007646    0.072176    0.333414    8.574571 v _2408_/X (sky130_fd_sc_hd__or3_4)
                                                         _0162_ (net)
                      0.072176    0.000012    8.574582 v _2410_/A1 (sky130_fd_sc_hd__a21o_1)
     3    0.006037    0.046690    0.176565    8.751146 v _2410_/X (sky130_fd_sc_hd__a21o_1)
                                                         _0164_ (net)
                      0.046690    0.000019    8.751165 v _2413_/A (sky130_fd_sc_hd__and3_1)
     2    0.005278    0.049029    0.151953    8.903118 v _2413_/X (sky130_fd_sc_hd__and3_1)
                                                         _0167_ (net)
                      0.049029    0.000012    8.903131 v _2415_/C (sky130_fd_sc_hd__or3_4)
     3    0.006127    0.068599    0.328828    9.231958 v _2415_/X (sky130_fd_sc_hd__or3_4)
                                                         _0169_ (net)
                      0.068599    0.000015    9.231974 v _2420_/A1 (sky130_fd_sc_hd__a21o_1)
     3    0.007285    0.053302    0.180790    9.412765 v _2420_/X (sky130_fd_sc_hd__a21o_1)
                                                         _0174_ (net)
                      0.053302    0.000004    9.412768 v _2428_/A1 (sky130_fd_sc_hd__a21bo_1)
     1    0.004302    0.042466    0.172565    9.585334 v _2428_/X (sky130_fd_sc_hd__a21bo_1)
                                                         _0180_ (net)
                      0.042466    0.000003    9.585337 v _2429_/B (sky130_fd_sc_hd__xor2_1)
     1    0.002422    0.065856    0.132876    9.718212 v _2429_/X (sky130_fd_sc_hd__xor2_1)
                                                         _0181_ (net)
                      0.065856    0.000003    9.718215 v _2430_/A1 (sky130_fd_sc_hd__mux2_4)
     1    0.002230    0.046640    0.255393    9.973608 v _2430_/X (sky130_fd_sc_hd__mux2_4)
                                                         _0025_ (net)
                      0.046640    0.000003    9.973611 v _3238_/D (sky130_fd_sc_hd__dfrtp_4)
                                              9.973611   data arrival time

                                 10.250000   10.250000   clock clk (rise edge)
                                  0.000000   10.250000   clock source latency
     1    0.028987    0.000000    0.000000   10.250000 ^ clk (in)
                                                         clk (net)
                      0.002441    0.001220   10.251221 ^ clkbuf_0_clk/A (sky130_fd_sc_hd__clkbuf_16)
     8    0.118970    0.132081    0.184524   10.435744 ^ clkbuf_0_clk/X (sky130_fd_sc_hd__clkbuf_16)
                                                         clknet_0_clk (net)
                      0.132180    0.001975   10.437719 ^ clkbuf_3_3__f_clk/A (sky130_fd_sc_hd__clkbuf_16)
    17    0.060736    0.078903    0.188837   10.626556 ^ clkbuf_3_3__f_clk/X (sky130_fd_sc_hd__clkbuf_16)
                                                         clknet_3_3__leaf_clk (net)
                      0.078903    0.000233   10.626789 ^ _3238_/CLK (sky130_fd_sc_hd__dfrtp_4)
                                 -0.100000   10.526789   clock uncertainty
                                  0.000000   10.526789   clock reconvergence pessimism
                                 -0.107230   10.419559   library setup time
                                             10.419559   data required time
---------------------------------------------------------------------------------------------
                                             10.419559   data required time
                                             -9.973611   data arrival time
---------------------------------------------------------------------------------------------
                                              0.445948   slack (MET)




===========================================================================
report_checks --slack_max -0.01
============================================================================
======================= nom_tt_025C_1v80 Corner ===================================

No paths found.


===========================================================================
 report_check_types -max_slew -max_cap -max_fanout -violators
============================================================================
======================= nom_tt_025C_1v80 Corner ===================================



===========================================================================
report_parasitic_annotation -report_unannotated
============================================================================
Found 7 unannotated drivers.
 clkload0/Y
 clkload1/Y
 clkload2/Y
 clkload3/Y
 clkload4/Y
 clkload5/Y
 clkload6/Y
Found 0 partially unannotated drivers.

===========================================================================
max slew violation count 0
Writing metric design__max_slew_violation__count__corner:nom_tt_025C_1v80: 0
max fanout violation count 0
Writing metric design__max_fanout_violation__count__corner:nom_tt_025C_1v80: 0
max cap violation count 0
Writing metric design__max_cap_violation__count__corner:nom_tt_025C_1v80: 0
============================================================================

===========================================================================
check_setup -verbose -unconstrained_endpoints -multiple_clock -no_clock -no_input_delay -loops -generated_clocks
===========================================================================
Warning: There are 36 input ports missing set_input_delay.
  A_in[0]
  A_in[10]
  A_in[11]
  A_in[12]
  A_in[13]
  A_in[14]
  A_in[15]
  A_in[1]
  A_in[2]
  A_in[3]
  A_in[4]
  A_in[5]
  A_in[6]
  A_in[7]
  A_in[8]
  A_in[9]
  B_in[0]
  B_in[10]
  B_in[11]
  B_in[12]
  B_in[13]
  B_in[14]
  B_in[15]
  B_in[1]
  B_in[2]
  B_in[3]
  B_in[4]
  B_in[5]
  B_in[6]
  B_in[7]
  B_in[8]
  B_in[9]
  Op_Sel[0]
  Op_Sel[1]
  Start
  rst_n
Warning: There are 17 unconstrained endpoints.
  Done
  X_out[0]
  X_out[10]
  X_out[11]
  X_out[12]
  X_out[13]
  X_out[14]
  X_out[15]
  X_out[1]
  X_out[2]
  X_out[3]
  X_out[4]
  X_out[5]
  X_out[6]
  X_out[7]
  X_out[8]
  X_out[9]
