
===========================================================================
report_checks -unconstrained
===========================================================================
======================= min_ss_100C_1v60 Corner ===================================

Startpoint: _3302_ (rising edge-triggered flip-flop clocked by clk)
Endpoint: _3238_ (rising edge-triggered flip-flop clocked by clk)
Path Group: clk
Path Type: max

Fanout         Cap        Slew       Delay        Time   Description
---------------------------------------------------------------------------------------------
                                  0.000000    0.000000   clock clk (rise edge)
                                  0.000000    0.000000   clock source latency
     2    0.037522    0.000000    0.000000    0.000000 ^ clk (in)
                                                         clk (net)
                      0.001500    0.000750    0.000750 ^ clkbuf_0_clk/A (sky130_fd_sc_hd__clkbuf_16)
    17    0.159179    0.259429    0.347939    0.348689 ^ clkbuf_0_clk/X (sky130_fd_sc_hd__clkbuf_16)
                                                         clknet_0_clk (net)
                      0.259669    0.005170    0.353859 ^ clkbuf_3_0__f_clk/A (sky130_fd_sc_hd__clkbuf_16)
    25    0.088585    0.160628    0.388322    0.742181 ^ clkbuf_3_0__f_clk/X (sky130_fd_sc_hd__clkbuf_16)
                                                         clknet_3_0__leaf_clk (net)
                      0.160644    0.001751    0.743931 ^ _3302_/CLK (sky130_fd_sc_hd__dfrtp_4)
     6    0.021719    0.158553    1.095053    1.838984 v _3302_/Q (sky130_fd_sc_hd__dfrtp_4)
                                                         B_reg[12] (net)
                      0.158553    0.000786    1.839770 v _1910_/C (sky130_fd_sc_hd__and3_1)
     3    0.006764    0.102862    0.440180    2.279950 v _1910_/X (sky130_fd_sc_hd__and3_1)
                                                         _1175_ (net)
                      0.102862    0.000063    2.280013 v _2300_/B (sky130_fd_sc_hd__or4_4)
     4    0.009153    0.171530    1.052871    3.332884 v _2300_/X (sky130_fd_sc_hd__or4_4)
                                                         _1553_ (net)
                      0.171530    0.000067    3.332951 v _2304_/A1 (sky130_fd_sc_hd__a21o_1)
     3    0.007358    0.095477    0.366475    3.699426 v _2304_/X (sky130_fd_sc_hd__a21o_1)
                                                         _1557_ (net)
                      0.095477    0.000067    3.699493 v _2308_/C (sky130_fd_sc_hd__and3_1)
     2    0.005924    0.096276    0.401711    4.101203 v _2308_/X (sky130_fd_sc_hd__and3_1)
                                                         _1561_ (net)
                      0.096276    0.000052    4.101255 v _2310_/C (sky130_fd_sc_hd__or3_4)
     3    0.006618    0.126832    0.670098    4.771354 v _2310_/X (sky130_fd_sc_hd__or3_4)
                                                         _1563_ (net)
                      0.126832    0.000028    4.771381 v _2313_/A1 (sky130_fd_sc_hd__a21o_1)
     4    0.009911    0.115771    0.366472    5.137854 v _2313_/X (sky130_fd_sc_hd__a21o_1)
                                                         _1566_ (net)
                      0.115771    0.000101    5.137954 v _2319_/A (sky130_fd_sc_hd__and3_1)
     2    0.006071    0.097419    0.343208    5.481163 v _2319_/X (sky130_fd_sc_hd__and3_1)
                                                         _1572_ (net)
                      0.097419    0.000042    5.481204 v _2321_/C (sky130_fd_sc_hd__or3_4)
     3    0.008327    0.131094    0.678887    6.160091 v _2321_/X (sky130_fd_sc_hd__or3_4)
                                                         _1574_ (net)
                      0.131094    0.000148    6.160239 v _2326_/A1 (sky130_fd_sc_hd__a21o_1)
     4    0.010493    0.120505    0.372721    6.532959 v _2326_/X (sky130_fd_sc_hd__a21o_1)
                                                         _1579_ (net)
                      0.120505    0.000141    6.533101 v _2328_/B (sky130_fd_sc_hd__and3_1)
     2    0.005424    0.092499    0.381343    6.914444 v _2328_/X (sky130_fd_sc_hd__and3_1)
                                                         _1581_ (net)
                      0.092499    0.000053    6.914498 v _2330_/C (sky130_fd_sc_hd__or3_4)
     3    0.007555    0.129206    0.673422    7.587920 v _2330_/X (sky130_fd_sc_hd__or3_4)
                                                         _1583_ (net)
                      0.129206    0.000088    7.588008 v _2334_/A1 (sky130_fd_sc_hd__a21o_1)
     3    0.008021    0.100563    0.353158    7.941165 v _2334_/X (sky130_fd_sc_hd__a21o_1)
                                                         _1587_ (net)
                      0.100563    0.000077    7.941243 v _2338_/B (sky130_fd_sc_hd__and3_1)
     2    0.007447    0.108357    0.388488    8.329731 v _2338_/X (sky130_fd_sc_hd__and3_1)
                                                         _1591_ (net)
                      0.108357    0.000079    8.329810 v _2345_/C (sky130_fd_sc_hd__or3_4)
     3    0.008644    0.131792    0.684182    9.013991 v _2345_/X (sky130_fd_sc_hd__or3_4)
                                                         _1598_ (net)
                      0.131792    0.000057    9.014049 v _2347_/A1 (sky130_fd_sc_hd__a21o_1)
     4    0.009872    0.115461    0.368332    9.382380 v _2347_/X (sky130_fd_sc_hd__a21o_1)
                                                         _1600_ (net)
                      0.115461    0.000116    9.382497 v _2348_/A2 (sky130_fd_sc_hd__a21oi_1)
     3    0.012784    0.483752    0.477802    9.860299 ^ _2348_/Y (sky130_fd_sc_hd__a21oi_1)
                                                         _1601_ (net)
                      0.483752    0.000180    9.860479 ^ _2349_/B (sky130_fd_sc_hd__xnor2_1)
     3    0.016704    0.654214    0.488956   10.349435 ^ _2349_/Y (sky130_fd_sc_hd__xnor2_1)
                                                         _1602_ (net)
                      0.654214    0.000125   10.349560 ^ _2355_/A2 (sky130_fd_sc_hd__a21o_1)
     4    0.010905    0.166706    0.493694   10.843254 ^ _2355_/X (sky130_fd_sc_hd__a21o_1)
                                                         _0109_ (net)
                      0.166706    0.000124   10.843378 ^ _2360_/A1 (sky130_fd_sc_hd__a21oi_1)
     3    0.011852    0.220650    0.264344   11.107722 v _2360_/Y (sky130_fd_sc_hd__a21oi_1)
                                                         _0114_ (net)
                      0.220650    0.000132   11.107855 v _2364_/B (sky130_fd_sc_hd__or3_4)
     2    0.006060    0.123796    0.781942   11.889796 v _2364_/X (sky130_fd_sc_hd__or3_4)
                                                         _0118_ (net)
                      0.123796    0.000094   11.889891 v _2366_/A1 (sky130_fd_sc_hd__a21o_1)
     4    0.010721    0.122402    0.371294   12.261185 v _2366_/X (sky130_fd_sc_hd__a21o_1)
                                                         _0120_ (net)
                      0.122402    0.000132   12.261316 v _2370_/A (sky130_fd_sc_hd__and3_1)
     2    0.005858    0.095793    0.344641   12.605958 v _2370_/X (sky130_fd_sc_hd__and3_1)
                                                         _0124_ (net)
                      0.095793    0.000044   12.606001 v _2372_/C (sky130_fd_sc_hd__or3_4)
     3    0.008754    0.132146    0.680455   13.286456 v _2372_/X (sky130_fd_sc_hd__or3_4)
                                                         _0126_ (net)
                      0.132146    0.000083   13.286538 v _2378_/A1 (sky130_fd_sc_hd__a21o_1)
     4    0.010118    0.117436    0.370338   13.656877 v _2378_/X (sky130_fd_sc_hd__a21o_1)
                                                         _0132_ (net)
                      0.117436    0.000107   13.656984 v _2383_/A (sky130_fd_sc_hd__and3_1)
     2    0.007652    0.110046    0.356918   14.013903 v _2383_/X (sky130_fd_sc_hd__and3_1)
                                                         _0137_ (net)
                      0.110046    0.000147   14.014050 v _2385_/C (sky130_fd_sc_hd__or3_4)
     3    0.008124    0.130502    0.682197   14.696247 v _2385_/X (sky130_fd_sc_hd__or3_4)
                                                         _0139_ (net)
                      0.130502    0.000071   14.696319 v _2387_/A1 (sky130_fd_sc_hd__a21o_1)
     4    0.012108    0.133800    0.384769   15.081087 v _2387_/X (sky130_fd_sc_hd__a21o_1)
                                                         _0141_ (net)
                      0.133800    0.000057   15.081144 v _2390_/A (sky130_fd_sc_hd__and3_1)
     3    0.010572    0.134732    0.388578   15.469722 v _2390_/X (sky130_fd_sc_hd__and3_1)
                                                         _0144_ (net)
                      0.134732    0.000156   15.469878 v _2392_/C (sky130_fd_sc_hd__or3_4)
     3    0.006678    0.126877    0.683466   16.153343 v _2392_/X (sky130_fd_sc_hd__or3_4)
                                                         _0146_ (net)
                      0.126877    0.000062   16.153406 v _2397_/A1 (sky130_fd_sc_hd__a21o_1)
     4    0.010950    0.124231    0.374389   16.527794 v _2397_/X (sky130_fd_sc_hd__a21o_1)
                                                         _0151_ (net)
                      0.124231    0.000075   16.527870 v _2406_/A (sky130_fd_sc_hd__and3_1)
     2    0.006199    0.098415    0.348289   16.876158 v _2406_/X (sky130_fd_sc_hd__and3_1)
                                                         _0160_ (net)
                      0.098415    0.000064   16.876223 v _2408_/C (sky130_fd_sc_hd__or3_4)
     3    0.008264    0.130920    0.678938   17.555161 v _2408_/X (sky130_fd_sc_hd__or3_4)
                                                         _0162_ (net)
                      0.130920    0.000053   17.555212 v _2410_/A1 (sky130_fd_sc_hd__a21o_1)
     3    0.007336    0.095281    0.348699   17.903912 v _2410_/X (sky130_fd_sc_hd__a21o_1)
                                                         _0164_ (net)
                      0.095281    0.000085   17.903997 v _2413_/C (sky130_fd_sc_hd__and3_1)
     2    0.006085    0.097513    0.402974   18.306971 v _2413_/X (sky130_fd_sc_hd__and3_1)
                                                         _0167_ (net)
                      0.097513    0.000050   18.307020 v _2415_/C (sky130_fd_sc_hd__or3_4)
     3    0.006397    0.125746    0.668914   18.975935 v _2415_/X (sky130_fd_sc_hd__or3_4)
                                                         _0169_ (net)
                      0.125746    0.000052   18.975986 v _2420_/A1 (sky130_fd_sc_hd__a21o_1)
     3    0.008486    0.104312    0.355200   19.331186 v _2420_/X (sky130_fd_sc_hd__a21o_1)
                                                         _0174_ (net)
                      0.104312    0.000050   19.331236 v _2428_/A1 (sky130_fd_sc_hd__a21bo_1)
     1    0.004396    0.078425    0.334532   19.665768 v _2428_/X (sky130_fd_sc_hd__a21bo_1)
                                                         _0180_ (net)
                      0.078425    0.000018   19.665787 v _2429_/B (sky130_fd_sc_hd__xor2_1)
     1    0.002570    0.122962    0.262437   19.928223 v _2429_/X (sky130_fd_sc_hd__xor2_1)
                                                         _0181_ (net)
                      0.122962    0.000014   19.928238 v _2430_/A1 (sky130_fd_sc_hd__mux2_4)
     1    0.002176    0.076407    0.482787   20.411024 v _2430_/X (sky130_fd_sc_hd__mux2_4)
                                                         _0025_ (net)
                      0.076407    0.000011   20.411036 v _3238_/D (sky130_fd_sc_hd__dfrtp_4)
                                             20.411036   data arrival time

                                 10.375000   10.375000   clock clk (rise edge)
                                  0.000000   10.375000   clock source latency
     2    0.037522    0.000000    0.000000   10.375000 ^ clk (in)
                                                         clk (net)
                      0.001500    0.000750   10.375750 ^ clkbuf_0_clk/A (sky130_fd_sc_hd__clkbuf_16)
    17    0.159179    0.259429    0.347939   10.723689 ^ clkbuf_0_clk/X (sky130_fd_sc_hd__clkbuf_16)
                                                         clknet_0_clk (net)
                      0.259650    0.004836   10.728525 ^ clkbuf_3_3__f_clk/A (sky130_fd_sc_hd__clkbuf_16)
    35    0.095161    0.169869    0.395237   11.123762 ^ clkbuf_3_3__f_clk/X (sky130_fd_sc_hd__clkbuf_16)
                                                         clknet_3_3__leaf_clk (net)
                      0.169887    0.001837   11.125599 ^ _3238_/CLK (sky130_fd_sc_hd__dfrtp_4)
                                 -0.100000   11.025599   clock uncertainty
                                  0.000000   11.025599   clock reconvergence pessimism
                                 -0.250899   10.774699   library setup time
                                             10.774699   data required time
---------------------------------------------------------------------------------------------
                                             10.774699   data required time
                                            -20.411036   data arrival time
---------------------------------------------------------------------------------------------
                                             -9.636335   slack (VIOLATED)




===========================================================================
report_checks --slack_max -0.01
============================================================================
======================= min_ss_100C_1v60 Corner ===================================

Startpoint: _3302_ (rising edge-triggered flip-flop clocked by clk)
Endpoint: _3238_ (rising edge-triggered flip-flop clocked by clk)
Path Group: clk
Path Type: max

Fanout         Cap        Slew       Delay        Time   Description
---------------------------------------------------------------------------------------------
                                  0.000000    0.000000   clock clk (rise edge)
                                  0.000000    0.000000   clock source latency
     2    0.037522    0.000000    0.000000    0.000000 ^ clk (in)
                                                         clk (net)
                      0.001500    0.000750    0.000750 ^ clkbuf_0_clk/A (sky130_fd_sc_hd__clkbuf_16)
    17    0.159179    0.259429    0.347939    0.348689 ^ clkbuf_0_clk/X (sky130_fd_sc_hd__clkbuf_16)
                                                         clknet_0_clk (net)
                      0.259669    0.005170    0.353859 ^ clkbuf_3_0__f_clk/A (sky130_fd_sc_hd__clkbuf_16)
    25    0.088585    0.160628    0.388322    0.742181 ^ clkbuf_3_0__f_clk/X (sky130_fd_sc_hd__clkbuf_16)
                                                         clknet_3_0__leaf_clk (net)
                      0.160644    0.001751    0.743931 ^ _3302_/CLK (sky130_fd_sc_hd__dfrtp_4)
     6    0.021719    0.158553    1.095053    1.838984 v _3302_/Q (sky130_fd_sc_hd__dfrtp_4)
                                                         B_reg[12] (net)
                      0.158553    0.000786    1.839770 v _1910_/C (sky130_fd_sc_hd__and3_1)
     3    0.006764    0.102862    0.440180    2.279950 v _1910_/X (sky130_fd_sc_hd__and3_1)
                                                         _1175_ (net)
                      0.102862    0.000063    2.280013 v _2300_/B (sky130_fd_sc_hd__or4_4)
     4    0.009153    0.171530    1.052871    3.332884 v _2300_/X (sky130_fd_sc_hd__or4_4)
                                                         _1553_ (net)
                      0.171530    0.000067    3.332951 v _2304_/A1 (sky130_fd_sc_hd__a21o_1)
     3    0.007358    0.095477    0.366475    3.699426 v _2304_/X (sky130_fd_sc_hd__a21o_1)
                                                         _1557_ (net)
                      0.095477    0.000067    3.699493 v _2308_/C (sky130_fd_sc_hd__and3_1)
     2    0.005924    0.096276    0.401711    4.101203 v _2308_/X (sky130_fd_sc_hd__and3_1)
                                                         _1561_ (net)
                      0.096276    0.000052    4.101255 v _2310_/C (sky130_fd_sc_hd__or3_4)
     3    0.006618    0.126832    0.670098    4.771354 v _2310_/X (sky130_fd_sc_hd__or3_4)
                                                         _1563_ (net)
                      0.126832    0.000028    4.771381 v _2313_/A1 (sky130_fd_sc_hd__a21o_1)
     4    0.009911    0.115771    0.366472    5.137854 v _2313_/X (sky130_fd_sc_hd__a21o_1)
                                                         _1566_ (net)
                      0.115771    0.000101    5.137954 v _2319_/A (sky130_fd_sc_hd__and3_1)
     2    0.006071    0.097419    0.343208    5.481163 v _2319_/X (sky130_fd_sc_hd__and3_1)
                                                         _1572_ (net)
                      0.097419    0.000042    5.481204 v _2321_/C (sky130_fd_sc_hd__or3_4)
     3    0.008327    0.131094    0.678887    6.160091 v _2321_/X (sky130_fd_sc_hd__or3_4)
                                                         _1574_ (net)
                      0.131094    0.000148    6.160239 v _2326_/A1 (sky130_fd_sc_hd__a21o_1)
     4    0.010493    0.120505    0.372721    6.532959 v _2326_/X (sky130_fd_sc_hd__a21o_1)
                                                         _1579_ (net)
                      0.120505    0.000141    6.533101 v _2328_/B (sky130_fd_sc_hd__and3_1)
     2    0.005424    0.092499    0.381343    6.914444 v _2328_/X (sky130_fd_sc_hd__and3_1)
                                                         _1581_ (net)
                      0.092499    0.000053    6.914498 v _2330_/C (sky130_fd_sc_hd__or3_4)
     3    0.007555    0.129206    0.673422    7.587920 v _2330_/X (sky130_fd_sc_hd__or3_4)
                                                         _1583_ (net)
                      0.129206    0.000088    7.588008 v _2334_/A1 (sky130_fd_sc_hd__a21o_1)
     3    0.008021    0.100563    0.353158    7.941165 v _2334_/X (sky130_fd_sc_hd__a21o_1)
                                                         _1587_ (net)
                      0.100563    0.000077    7.941243 v _2338_/B (sky130_fd_sc_hd__and3_1)
     2    0.007447    0.108357    0.388488    8.329731 v _2338_/X (sky130_fd_sc_hd__and3_1)
                                                         _1591_ (net)
                      0.108357    0.000079    8.329810 v _2345_/C (sky130_fd_sc_hd__or3_4)
     3    0.008644    0.131792    0.684182    9.013991 v _2345_/X (sky130_fd_sc_hd__or3_4)
                                                         _1598_ (net)
                      0.131792    0.000057    9.014049 v _2347_/A1 (sky130_fd_sc_hd__a21o_1)
     4    0.009872    0.115461    0.368332    9.382380 v _2347_/X (sky130_fd_sc_hd__a21o_1)
                                                         _1600_ (net)
                      0.115461    0.000116    9.382497 v _2348_/A2 (sky130_fd_sc_hd__a21oi_1)
     3    0.012784    0.483752    0.477802    9.860299 ^ _2348_/Y (sky130_fd_sc_hd__a21oi_1)
                                                         _1601_ (net)
                      0.483752    0.000180    9.860479 ^ _2349_/B (sky130_fd_sc_hd__xnor2_1)
     3    0.016704    0.654214    0.488956   10.349435 ^ _2349_/Y (sky130_fd_sc_hd__xnor2_1)
                                                         _1602_ (net)
                      0.654214    0.000125   10.349560 ^ _2355_/A2 (sky130_fd_sc_hd__a21o_1)
     4    0.010905    0.166706    0.493694   10.843254 ^ _2355_/X (sky130_fd_sc_hd__a21o_1)
                                                         _0109_ (net)
                      0.166706    0.000124   10.843378 ^ _2360_/A1 (sky130_fd_sc_hd__a21oi_1)
     3    0.011852    0.220650    0.264344   11.107722 v _2360_/Y (sky130_fd_sc_hd__a21oi_1)
                                                         _0114_ (net)
                      0.220650    0.000132   11.107855 v _2364_/B (sky130_fd_sc_hd__or3_4)
     2    0.006060    0.123796    0.781942   11.889796 v _2364_/X (sky130_fd_sc_hd__or3_4)
                                                         _0118_ (net)
                      0.123796    0.000094   11.889891 v _2366_/A1 (sky130_fd_sc_hd__a21o_1)
     4    0.010721    0.122402    0.371294   12.261185 v _2366_/X (sky130_fd_sc_hd__a21o_1)
                                                         _0120_ (net)
                      0.122402    0.000132   12.261316 v _2370_/A (sky130_fd_sc_hd__and3_1)
     2    0.005858    0.095793    0.344641   12.605958 v _2370_/X (sky130_fd_sc_hd__and3_1)
                                                         _0124_ (net)
                      0.095793    0.000044   12.606001 v _2372_/C (sky130_fd_sc_hd__or3_4)
     3    0.008754    0.132146    0.680455   13.286456 v _2372_/X (sky130_fd_sc_hd__or3_4)
                                                         _0126_ (net)
                      0.132146    0.000083   13.286538 v _2378_/A1 (sky130_fd_sc_hd__a21o_1)
     4    0.010118    0.117436    0.370338   13.656877 v _2378_/X (sky130_fd_sc_hd__a21o_1)
                                                         _0132_ (net)
                      0.117436    0.000107   13.656984 v _2383_/A (sky130_fd_sc_hd__and3_1)
     2    0.007652    0.110046    0.356918   14.013903 v _2383_/X (sky130_fd_sc_hd__and3_1)
                                                         _0137_ (net)
                      0.110046    0.000147   14.014050 v _2385_/C (sky130_fd_sc_hd__or3_4)
     3    0.008124    0.130502    0.682197   14.696247 v _2385_/X (sky130_fd_sc_hd__or3_4)
                                                         _0139_ (net)
                      0.130502    0.000071   14.696319 v _2387_/A1 (sky130_fd_sc_hd__a21o_1)
     4    0.012108    0.133800    0.384769   15.081087 v _2387_/X (sky130_fd_sc_hd__a21o_1)
                                                         _0141_ (net)
                      0.133800    0.000057   15.081144 v _2390_/A (sky130_fd_sc_hd__and3_1)
     3    0.010572    0.134732    0.388578   15.469722 v _2390_/X (sky130_fd_sc_hd__and3_1)
                                                         _0144_ (net)
                      0.134732    0.000156   15.469878 v _2392_/C (sky130_fd_sc_hd__or3_4)
     3    0.006678    0.126877    0.683466   16.153343 v _2392_/X (sky130_fd_sc_hd__or3_4)
                                                         _0146_ (net)
                      0.126877    0.000062   16.153406 v _2397_/A1 (sky130_fd_sc_hd__a21o_1)
     4    0.010950    0.124231    0.374389   16.527794 v _2397_/X (sky130_fd_sc_hd__a21o_1)
                                                         _0151_ (net)
                      0.124231    0.000075   16.527870 v _2406_/A (sky130_fd_sc_hd__and3_1)
     2    0.006199    0.098415    0.348289   16.876158 v _2406_/X (sky130_fd_sc_hd__and3_1)
                                                         _0160_ (net)
                      0.098415    0.000064   16.876223 v _2408_/C (sky130_fd_sc_hd__or3_4)
     3    0.008264    0.130920    0.678938   17.555161 v _2408_/X (sky130_fd_sc_hd__or3_4)
                                                         _0162_ (net)
                      0.130920    0.000053   17.555212 v _2410_/A1 (sky130_fd_sc_hd__a21o_1)
     3    0.007336    0.095281    0.348699   17.903912 v _2410_/X (sky130_fd_sc_hd__a21o_1)
                                                         _0164_ (net)
                      0.095281    0.000085   17.903997 v _2413_/C (sky130_fd_sc_hd__and3_1)
     2    0.006085    0.097513    0.402974   18.306971 v _2413_/X (sky130_fd_sc_hd__and3_1)
                                                         _0167_ (net)
                      0.097513    0.000050   18.307020 v _2415_/C (sky130_fd_sc_hd__or3_4)
     3    0.006397    0.125746    0.668914   18.975935 v _2415_/X (sky130_fd_sc_hd__or3_4)
                                                         _0169_ (net)
                      0.125746    0.000052   18.975986 v _2420_/A1 (sky130_fd_sc_hd__a21o_1)
     3    0.008486    0.104312    0.355200   19.331186 v _2420_/X (sky130_fd_sc_hd__a21o_1)
                                                         _0174_ (net)
                      0.104312    0.000050   19.331236 v _2428_/A1 (sky130_fd_sc_hd__a21bo_1)
     1    0.004396    0.078425    0.334532   19.665768 v _2428_/X (sky130_fd_sc_hd__a21bo_1)
                                                         _0180_ (net)
                      0.078425    0.000018   19.665787 v _2429_/B (sky130_fd_sc_hd__xor2_1)
     1    0.002570    0.122962    0.262437   19.928223 v _2429_/X (sky130_fd_sc_hd__xor2_1)
                                                         _0181_ (net)
                      0.122962    0.000014   19.928238 v _2430_/A1 (sky130_fd_sc_hd__mux2_4)
     1    0.002176    0.076407    0.482787   20.411024 v _2430_/X (sky130_fd_sc_hd__mux2_4)
                                                         _0025_ (net)
                      0.076407    0.000011   20.411036 v _3238_/D (sky130_fd_sc_hd__dfrtp_4)
                                             20.411036   data arrival time

                                 10.375000   10.375000   clock clk (rise edge)
                                  0.000000   10.375000   clock source latency
     2    0.037522    0.000000    0.000000   10.375000 ^ clk (in)
                                                         clk (net)
                      0.001500    0.000750   10.375750 ^ clkbuf_0_clk/A (sky130_fd_sc_hd__clkbuf_16)
    17    0.159179    0.259429    0.347939   10.723689 ^ clkbuf_0_clk/X (sky130_fd_sc_hd__clkbuf_16)
                                                         clknet_0_clk (net)
                      0.259650    0.004836   10.728525 ^ clkbuf_3_3__f_clk/A (sky130_fd_sc_hd__clkbuf_16)
    35    0.095161    0.169869    0.395237   11.123762 ^ clkbuf_3_3__f_clk/X (sky130_fd_sc_hd__clkbuf_16)
                                                         clknet_3_3__leaf_clk (net)
                      0.169887    0.001837   11.125599 ^ _3238_/CLK (sky130_fd_sc_hd__dfrtp_4)
                                 -0.100000   11.025599   clock uncertainty
                                  0.000000   11.025599   clock reconvergence pessimism
                                 -0.250899   10.774699   library setup time
                                             10.774699   data required time
---------------------------------------------------------------------------------------------
                                             10.774699   data required time
                                            -20.411036   data arrival time
---------------------------------------------------------------------------------------------
                                             -9.636335   slack (VIOLATED)




===========================================================================
 report_check_types -max_slew -max_cap -max_fanout -violators
============================================================================
======================= min_ss_100C_1v60 Corner ===================================



===========================================================================
report_parasitic_annotation -report_unannotated
============================================================================
Found 7 unannotated drivers.
 clkload0/Y
 clkload1/Y
 clkload2/Y
 clkload3/Y
 clkload4/Y
 clkload5/Y
 clkload6/Y
Found 0 partially unannotated drivers.

===========================================================================
max slew violation count 0
max fanout violation count 0
max cap violation count 0
============================================================================

===========================================================================
check_setup -verbose -unconstrained_endpoints -multiple_clock -no_clock -no_input_delay -loops -generated_clocks
===========================================================================
Warning: There are 36 input ports missing set_input_delay.
  A_in[0]
  A_in[10]
  A_in[11]
  A_in[12]
  A_in[13]
  A_in[14]
  A_in[15]
  A_in[1]
  A_in[2]
  A_in[3]
  A_in[4]
  A_in[5]
  A_in[6]
  A_in[7]
  A_in[8]
  A_in[9]
  B_in[0]
  B_in[10]
  B_in[11]
  B_in[12]
  B_in[13]
  B_in[14]
  B_in[15]
  B_in[1]
  B_in[2]
  B_in[3]
  B_in[4]
  B_in[5]
  B_in[6]
  B_in[7]
  B_in[8]
  B_in[9]
  Op_Sel[0]
  Op_Sel[1]
  Start
  rst_n
Warning: There are 17 unconstrained endpoints.
  Done
  X_out[0]
  X_out[10]
  X_out[11]
  X_out[12]
  X_out[13]
  X_out[14]
  X_out[15]
  X_out[1]
  X_out[2]
  X_out[3]
  X_out[4]
  X_out[5]
  X_out[6]
  X_out[7]
  X_out[8]
  X_out[9]
