Clock: clk
Sources: clk 
Generated: no
Virtual: yes
Propagated: no
Period: 10.375000

===========================================================================
report_clock_properties
============================================================================
Clock                   Period          Waveform
----------------------------------------------------
clk                  10.375000    0.000000  5.187500

===========================================================================
report_clock_latency
============================================================================
Clock clk
rise -> rise
    min     max
0.000000 0.000000 source latency
0.726759         network latency _3221_/CLK
        0.760412 network latency _3295_/CLK
---------------
0.726759 0.760412 latency
        0.033654 skew

fall -> fall
    min     max
0.000000 0.000000 source latency
0.701756         network latency _3221_/CLK
        0.727678 network latency _3295_/CLK
---------------
0.701756 0.727678 latency
        0.025922 skew



===========================================================================
report_clock_min_period
============================================================================
clk period_min = 20.01 fmax = 49.97
