
===========================================================================
report_checks -unconstrained
===========================================================================
======================= max_tt_025C_1v80 Corner ===================================

Startpoint: _3302_ (rising edge-triggered flip-flop clocked by clk)
Endpoint: _3237_ (rising edge-triggered flip-flop clocked by clk)
Path Group: clk
Path Type: max

Fanout         Cap        Slew       Delay        Time   Description
---------------------------------------------------------------------------------------------
                                  0.000000    0.000000   clock clk (rise edge)
                                  0.000000    0.000000   clock source latency
     2    0.044444    0.000000    0.000000    0.000000 ^ clk (in)
                                                         clk (net)
                      0.003294    0.001647    0.001647 ^ clkbuf_0_clk/A (sky130_fd_sc_hd__clkbuf_16)
    17    0.169556    0.181711    0.213101    0.214747 ^ clkbuf_0_clk/X (sky130_fd_sc_hd__clkbuf_16)
                                                         clknet_0_clk (net)
                      0.183058    0.012561    0.227308 ^ clkbuf_3_0__f_clk/A (sky130_fd_sc_hd__clkbuf_16)
    25    0.094273    0.111517    0.226848    0.454157 ^ clkbuf_3_0__f_clk/X (sky130_fd_sc_hd__clkbuf_16)
                                                         clknet_3_0__leaf_clk (net)
                      0.112210    0.006667    0.460823 ^ _3302_/CLK (sky130_fd_sc_hd__dfrtp_4)
    15    0.050387    0.123792    0.573282    1.034105 v _3302_/Q (sky130_fd_sc_hd__dfrtp_4)
                                                         B_reg[12] (net)
                      0.124057    0.004997    1.039102 v _1910_/C (sky130_fd_sc_hd__and3_1)
     3    0.006089    0.050997    0.226163    1.265265 v _1910_/X (sky130_fd_sc_hd__and3_1)
                                                         _1175_ (net)
                      0.050997    0.000202    1.265467 v _2300_/B (sky130_fd_sc_hd__or4_1)
     4    0.009969    0.127891    0.561027    1.826494 v _2300_/X (sky130_fd_sc_hd__or4_1)
                                                         _1553_ (net)
                      0.127892    0.000566    1.827059 v _2304_/A2 (sky130_fd_sc_hd__a21o_1)
     3    0.007674    0.054272    0.227018    2.054077 v _2304_/X (sky130_fd_sc_hd__a21o_1)
                                                         _1557_ (net)
                      0.054274    0.000401    2.054477 v _2308_/C (sky130_fd_sc_hd__and3_1)
     2    0.005316    0.047543    0.190499    2.244976 v _2308_/X (sky130_fd_sc_hd__and3_1)
                                                         _1561_ (net)
                      0.047544    0.000311    2.245287 v _2310_/C (sky130_fd_sc_hd__or3_1)
     3    0.006917    0.088077    0.334727    2.580014 v _2310_/X (sky130_fd_sc_hd__or3_1)
                                                         _1563_ (net)
                      0.088077    0.000405    2.580419 v _2313_/A1 (sky130_fd_sc_hd__a21o_1)
     4    0.010442    0.064298    0.201960    2.782379 v _2313_/X (sky130_fd_sc_hd__a21o_1)
                                                         _1566_ (net)
                      0.064301    0.000488    2.782866 v _2319_/B (sky130_fd_sc_hd__and3_1)
     2    0.005839    0.049876    0.182270    2.965136 v _2319_/X (sky130_fd_sc_hd__and3_1)
                                                         _1572_ (net)
                      0.049877    0.000284    2.965420 v _2321_/C (sky130_fd_sc_hd__or3_1)
     3    0.008990    0.098782    0.351013    3.316433 v _2321_/X (sky130_fd_sc_hd__or3_1)
                                                         _1574_ (net)
                      0.098784    0.000579    3.317012 v _2326_/A1 (sky130_fd_sc_hd__a21o_1)
     4    0.011346    0.067983    0.209375    3.526386 v _2326_/X (sky130_fd_sc_hd__a21o_1)
                                                         _1579_ (net)
                      0.067996    0.000915    3.527302 v _2328_/C (sky130_fd_sc_hd__and3_1)
     2    0.004936    0.045891    0.194905    3.722206 v _2328_/X (sky130_fd_sc_hd__and3_1)
                                                         _1581_ (net)
                      0.045892    0.000297    3.722503 v _2330_/C (sky130_fd_sc_hd__or3_2)
     4    0.014419    0.113608    0.465647    4.188150 v _2330_/X (sky130_fd_sc_hd__or3_2)
                                                         _1583_ (net)
                      0.113608    0.001155    4.189305 v _2334_/A1 (sky130_fd_sc_hd__a21o_1)
     5    0.015561    0.085153    0.230497    4.419802 v _2334_/X (sky130_fd_sc_hd__a21o_1)
                                                         _1587_ (net)
                      0.085161    0.000842    4.420644 v _2338_/B (sky130_fd_sc_hd__and3_1)
     2    0.007290    0.056608    0.198696    4.619340 v _2338_/X (sky130_fd_sc_hd__and3_1)
                                                         _1591_ (net)
                      0.056612    0.000527    4.619867 v _2345_/C (sky130_fd_sc_hd__or3_1)
     3    0.008009    0.095052    0.345503    4.965370 v _2345_/X (sky130_fd_sc_hd__or3_1)
                                                         _1598_ (net)
                      0.095052    0.000300    4.965669 v _2347_/A1 (sky130_fd_sc_hd__a21o_1)
     4    0.010818    0.065827    0.206101    5.171770 v _2347_/X (sky130_fd_sc_hd__a21o_1)
                                                         _1600_ (net)
                      0.065832    0.000635    5.172405 v _2350_/C (sky130_fd_sc_hd__and3_1)
     2    0.006539    0.053038    0.201682    5.374087 v _2350_/X (sky130_fd_sc_hd__and3_1)
                                                         _1603_ (net)
                      0.053041    0.000421    5.374508 v _2352_/C (sky130_fd_sc_hd__or3_1)
     3    0.009206    0.100157    0.353325    5.727833 v _2352_/X (sky130_fd_sc_hd__or3_1)
                                                         _0106_ (net)
                      0.100160    0.000592    5.728426 v _2355_/A2 (sky130_fd_sc_hd__a21o_1)
     4    0.010720    0.065402    0.229144    5.957570 v _2355_/X (sky130_fd_sc_hd__a21o_1)
                                                         _0109_ (net)
                      0.065408    0.000641    5.958211 v _2362_/B (sky130_fd_sc_hd__and3_1)
     2    0.006393    0.052389    0.185448    6.143659 v _2362_/X (sky130_fd_sc_hd__and3_1)
                                                         _0116_ (net)
                      0.052391    0.000401    6.144061 v _2364_/C (sky130_fd_sc_hd__or3_1)
     3    0.008316    0.096415    0.346396    6.490457 v _2364_/X (sky130_fd_sc_hd__or3_1)
                                                         _0118_ (net)
                      0.096416    0.000517    6.490974 v _2366_/A2 (sky130_fd_sc_hd__a21o_1)
     4    0.010648    0.065141    0.227335    6.718308 v _2366_/X (sky130_fd_sc_hd__a21o_1)
                                                         _0120_ (net)
                      0.065150    0.000753    6.719061 v _2370_/B (sky130_fd_sc_hd__and3_1)
     2    0.005349    0.047708    0.180304    6.899365 v _2370_/X (sky130_fd_sc_hd__and3_1)
                                                         _0124_ (net)
                      0.047709    0.000284    6.899649 v _2372_/C (sky130_fd_sc_hd__or3_1)
     3    0.008718    0.097538    0.348515    7.248164 v _2372_/X (sky130_fd_sc_hd__or3_1)
                                                         _0126_ (net)
                      0.097538    0.000266    7.248429 v _2378_/A1 (sky130_fd_sc_hd__a21o_1)
     4    0.010299    0.063718    0.205398    7.453827 v _2378_/X (sky130_fd_sc_hd__a21o_1)
                                                         _0132_ (net)
                      0.063719    0.000337    7.454164 v _2383_/C (sky130_fd_sc_hd__and3_1)
     2    0.007067    0.055451    0.203334    7.657498 v _2383_/X (sky130_fd_sc_hd__and3_1)
                                                         _0137_ (net)
                      0.055452    0.000325    7.657823 v _2385_/C (sky130_fd_sc_hd__or3_1)
     3    0.007741    0.093443    0.342917    8.000740 v _2385_/X (sky130_fd_sc_hd__or3_1)
                                                         _0139_ (net)
                      0.093445    0.000579    8.001319 v _2387_/A1 (sky130_fd_sc_hd__a21o_1)
     4    0.012334    0.071868    0.210913    8.212232 v _2387_/X (sky130_fd_sc_hd__a21o_1)
                                                         _0141_ (net)
                      0.071868    0.000376    8.212607 v _2390_/B (sky130_fd_sc_hd__and3_1)
     3    0.010501    0.069004    0.206459    8.419066 v _2390_/X (sky130_fd_sc_hd__and3_1)
                                                         _0144_ (net)
                      0.069010    0.000706    8.419773 v _2392_/C (sky130_fd_sc_hd__or3_1)
     3    0.007000    0.088705    0.341885    8.761658 v _2392_/X (sky130_fd_sc_hd__or3_1)
                                                         _0146_ (net)
                      0.088705    0.000420    8.762077 v _2397_/A1 (sky130_fd_sc_hd__a21o_1)
     4    0.011387    0.068055    0.205555    8.967632 v _2397_/X (sky130_fd_sc_hd__a21o_1)
                                                         _0151_ (net)
                      0.068057    0.000529    8.968162 v _2406_/B (sky130_fd_sc_hd__and3_1)
     2    0.005967    0.050440    0.184611    9.152773 v _2406_/X (sky130_fd_sc_hd__and3_1)
                                                         _0160_ (net)
                      0.050441    0.000337    9.153110 v _2408_/C (sky130_fd_sc_hd__or3_1)
     3    0.008041    0.095230    0.343951    9.497060 v _2408_/X (sky130_fd_sc_hd__or3_1)
                                                         _0162_ (net)
                      0.095230    0.000376    9.497436 v _2410_/A2 (sky130_fd_sc_hd__a21o_1)
     3    0.007231    0.052207    0.212247    9.709683 v _2410_/X (sky130_fd_sc_hd__a21o_1)
                                                         _0164_ (net)
                      0.052209    0.000387    9.710071 v _2413_/C (sky130_fd_sc_hd__and3_1)
     2    0.004997    0.046123    0.188072    9.898142 v _2413_/X (sky130_fd_sc_hd__and3_1)
                                                         _0167_ (net)
                      0.046123    0.000164    9.898307 v _2415_/C (sky130_fd_sc_hd__or3_1)
     3    0.007470    0.091571    0.338604   10.236910 v _2415_/X (sky130_fd_sc_hd__or3_1)
                                                         _0169_ (net)
                      0.091571    0.000436   10.237347 v _2420_/A1 (sky130_fd_sc_hd__a21o_1)
     4    0.011702    0.069350    0.207819   10.445165 v _2420_/X (sky130_fd_sc_hd__a21o_1)
                                                         _0174_ (net)
                      0.069355    0.000647   10.445811 v _2423_/A1 (sky130_fd_sc_hd__a21o_1)
     2    0.008514    0.058023    0.186308   10.632119 v _2423_/X (sky130_fd_sc_hd__a21o_1)
                                                         _0177_ (net)
                      0.058029    0.000603   10.632723 v _2426_/B (sky130_fd_sc_hd__xnor2_1)
     1    0.003199    0.058789    0.124995   10.757718 v _2426_/Y (sky130_fd_sc_hd__xnor2_1)
                                                         _0179_ (net)
                      0.058789    0.000128   10.757846 v _2427_/A1 (sky130_fd_sc_hd__mux2_1)
     1    0.002992    0.056239    0.293381   11.051227 v _2427_/X (sky130_fd_sc_hd__mux2_1)
                                                         _0024_ (net)
                      0.056239    0.000193   11.051419 v _3237_/D (sky130_fd_sc_hd__dfrtp_4)
                                             11.051419   data arrival time

                                200.000000  200.000000   clock clk (rise edge)
                                  0.000000  200.000000   clock source latency
     2    0.044444    0.000000    0.000000  200.000000 ^ clk (in)
                                                         clk (net)
                      0.003294    0.001648  200.001648 ^ clkbuf_0_clk/A (sky130_fd_sc_hd__clkbuf_16)
    17    0.169556    0.181711    0.213106  200.214752 ^ clkbuf_0_clk/X (sky130_fd_sc_hd__clkbuf_16)
                                                         clknet_0_clk (net)
                      0.182988    0.012236  200.226990 ^ clkbuf_3_3__f_clk/A (sky130_fd_sc_hd__clkbuf_16)
    35    0.101596    0.118598    0.231509  200.458496 ^ clkbuf_3_3__f_clk/X (sky130_fd_sc_hd__clkbuf_16)
                                                         clknet_3_3__leaf_clk (net)
                      0.119002    0.005159  200.463654 ^ _3237_/CLK (sky130_fd_sc_hd__dfrtp_4)
                                 -0.100000  200.363647   clock uncertainty
                                  0.000000  200.363647   clock reconvergence pessimism
                                 -0.102223  200.261429   library setup time
                                            200.261429   data required time
---------------------------------------------------------------------------------------------
                                            200.261429   data required time
                                            -11.051419   data arrival time
---------------------------------------------------------------------------------------------
                                            189.210007   slack (MET)




===========================================================================
report_checks --slack_max -0.01
============================================================================
======================= max_tt_025C_1v80 Corner ===================================

No paths found.


===========================================================================
 report_check_types -max_slew -max_cap -max_fanout -violators
============================================================================
======================= max_tt_025C_1v80 Corner ===================================



===========================================================================
report_parasitic_annotation -report_unannotated
============================================================================
Found 7 unannotated drivers.
 clkload0/Y
 clkload1/Y
 clkload2/Y
 clkload3/Y
 clkload4/Y
 clkload5/Y
 clkload6/Y
Found 0 partially unannotated drivers.

===========================================================================
max slew violation count 0
max fanout violation count 0
max cap violation count 0
============================================================================

===========================================================================
check_setup -verbose -unconstrained_endpoints -multiple_clock -no_clock -no_input_delay -loops -generated_clocks
===========================================================================
Warning: There are 36 input ports missing set_input_delay.
  A_in[0]
  A_in[10]
  A_in[11]
  A_in[12]
  A_in[13]
  A_in[14]
  A_in[15]
  A_in[1]
  A_in[2]
  A_in[3]
  A_in[4]
  A_in[5]
  A_in[6]
  A_in[7]
  A_in[8]
  A_in[9]
  B_in[0]
  B_in[10]
  B_in[11]
  B_in[12]
  B_in[13]
  B_in[14]
  B_in[15]
  B_in[1]
  B_in[2]
  B_in[3]
  B_in[4]
  B_in[5]
  B_in[6]
  B_in[7]
  B_in[8]
  B_in[9]
  Op_Sel[0]
  Op_Sel[1]
  Start
  rst_n
Warning: There are 17 unconstrained endpoints.
  Done
  X_out[0]
  X_out[10]
  X_out[11]
  X_out[12]
  X_out[13]
  X_out[14]
  X_out[15]
  X_out[1]
  X_out[2]
  X_out[3]
  X_out[4]
  X_out[5]
  X_out[6]
  X_out[7]
  X_out[8]
  X_out[9]
