Reading timing models for corner nom_tt_025C_1v80…
Reading timing library for the 'nom_tt_025C_1v80' corner at '/pdk/volare/sky130/versions/0fe599b2afb6708d281543108caf8310912f54af/sky130A/libs.ref/sky130_fd_sc_hd/lib/sky130_fd_sc_hd__tt_025C_1v80.lib'…
Reading timing models for corner nom_ff_n40C_1v95…
Reading timing library for the 'nom_ff_n40C_1v95' corner at '/pdk/volare/sky130/versions/0fe599b2afb6708d281543108caf8310912f54af/sky130A/libs.ref/sky130_fd_sc_hd/lib/sky130_fd_sc_hd__ff_n40C_1v95.lib'…
Reading timing models for corner nom_ss_100C_1v60…
Reading timing library for the 'nom_ss_100C_1v60' corner at '/pdk/volare/sky130/versions/0fe599b2afb6708d281543108caf8310912f54af/sky130A/libs.ref/sky130_fd_sc_hd/lib/sky130_fd_sc_hd__ss_100C_1v60.lib'…
Reading OpenROAD database at '/work/runs/RUN_2026-03-17_13-43-37/23-openroad-globalplacement/rns_top_crt.odb'…
Reading design constraints file at 'designs/_shared/ll_policy/constraints.sdc'…
[INFO] No information on clock propagation in input SDC file-- propagating all clocks.
[INFO] Setting RC values…
[INFO RSZ-0027] Inserted 36 input buffers.
[INFO RSZ-0028] Inserted 17 output buffers.
[INFO RSZ-0058] Using max wire length 6335um.
Iteration | Resized | Buffers | Nets repaired | Remaining
---------------------------------------------------------
        0 |       0 |       0 |             0 |      1808
      100 |      86 |       0 |             0 |      1708
      200 |     174 |       0 |             0 |      1608
      300 |     261 |       0 |             0 |      1508
      400 |     349 |       0 |             0 |      1408
      500 |     441 |       0 |             0 |      1308
      600 |     532 |       0 |             0 |      1208
      700 |     621 |       0 |             0 |      1108
      800 |     707 |       0 |             0 |      1008
      900 |     799 |       0 |             0 |       908
     1000 |     894 |       0 |             0 |       808
     1100 |     987 |       0 |             0 |       708
     1200 |    1081 |       0 |             0 |       608
     1300 |    1146 |       0 |             0 |       508
     1400 |    1215 |       0 |             0 |       408
     1500 |    1307 |       0 |             0 |       308
     1600 |    1388 |       0 |             0 |       208
     1700 |    1460 |       0 |             0 |       108
     1800 |    1518 |       0 |             0 |         8
    final |    1518 |       0 |             0 |         0
---------------------------------------------------------
[INFO RSZ-0039] Resized 1518 instances.
Placement Analysis
---------------------------------
total displacement       3340.5 u
average displacement        0.7 u
max displacement           11.6 u
original HPWL           35069.3 u
legalized HPWL          37377.1 u
delta HPWL                    7 %

[INFO DPL-0020] Mirrored 667 instances
[INFO DPL-0021] HPWL before           37377.1 u
[INFO DPL-0022] HPWL after            36229.9 u
[INFO DPL-0023] HPWL delta               -3.1 %
[INFO] Setting RC values…
Setting global connections for newly added cells…
[INFO] Setting global connections...
Updating metrics…
Cell type report:                       Count       Area
  Fill cell                               308    1156.11
  Tap cell                               2496    3123.00
  Timing Repair Buffer                     53     237.73
  Inverter                                 59     226.47
  Sequential cell                         110    2977.86
  Multi-Input combinational cell         1549   11201.99
  Total                                  4575   18923.15
Writing OpenROAD database to '/work/runs/RUN_2026-03-17_13-43-37/27-openroad-repairdesignpostgpl/rns_top_crt.odb'…
Writing netlist to '/work/runs/RUN_2026-03-17_13-43-37/27-openroad-repairdesignpostgpl/rns_top_crt.nl.v'…
Writing powered netlist to '/work/runs/RUN_2026-03-17_13-43-37/27-openroad-repairdesignpostgpl/rns_top_crt.pnl.v'…
Writing layout to '/work/runs/RUN_2026-03-17_13-43-37/27-openroad-repairdesignpostgpl/rns_top_crt.def'…
Writing timing constraints to '/work/runs/RUN_2026-03-17_13-43-37/27-openroad-repairdesignpostgpl/rns_top_crt.sdc'…
