
===========================================================================
report_checks -unconstrained
===========================================================================
======================= nom_tt_025C_1v80 Corner ===================================

Startpoint: _3302_ (rising edge-triggered flip-flop clocked by clk)
Endpoint: _3238_ (rising edge-triggered flip-flop clocked by clk)
Path Group: clk
Path Type: max

Fanout         Cap        Slew       Delay        Time   Description
---------------------------------------------------------------------------------------------
                                  0.000000    0.000000   clock clk (rise edge)
                                  0.000000    0.000000   clock source latency
     2    0.030799    0.000000    0.000000    0.000000 ^ clk (in)
                                                         clk (net)
                      0.001915    0.000958    0.000958 ^ clkbuf_0_clk/A (sky130_fd_sc_hd__clkbuf_16)
    17    0.135422    0.148287    0.192685    0.193643 ^ clkbuf_0_clk/X (sky130_fd_sc_hd__clkbuf_16)
                                                         clknet_0_clk (net)
                      0.148879    0.007513    0.201156 ^ clkbuf_3_0__f_clk/A (sky130_fd_sc_hd__clkbuf_16)
    25    0.081438    0.098408    0.208268    0.409424 ^ clkbuf_3_0__f_clk/X (sky130_fd_sc_hd__clkbuf_16)
                                                         clknet_3_0__leaf_clk (net)
                      0.098494    0.002614    0.412038 ^ _3302_/CLK (sky130_fd_sc_hd__dfrtp_4)
     6    0.019627    0.080027    0.517428    0.929466 v _3302_/Q (sky130_fd_sc_hd__dfrtp_4)
                                                         B_reg[12] (net)
                      0.080027    0.001263    0.930730 v _1910_/C (sky130_fd_sc_hd__and3_1)
     3    0.007529    0.057558    0.213148    1.143878 v _1910_/X (sky130_fd_sc_hd__and3_1)
                                                         _1175_ (net)
                      0.057558    0.000145    1.144022 v _2300_/A (sky130_fd_sc_hd__or4_4)
     4    0.009652    0.093489    0.548518    1.692540 v _2300_/X (sky130_fd_sc_hd__or4_4)
                                                         _1553_ (net)
                      0.093489    0.000264    1.692804 v _2304_/A1 (sky130_fd_sc_hd__a21o_1)
     3    0.007633    0.053958    0.192523    1.885327 v _2304_/X (sky130_fd_sc_hd__a21o_1)
                                                         _1557_ (net)
                      0.053958    0.000164    1.885492 v _2307_/A2 (sky130_fd_sc_hd__a21oi_1)
     3    0.011696    0.270760    0.265099    2.150591 ^ _2307_/Y (sky130_fd_sc_hd__a21oi_1)
                                                         _1560_ (net)
                      0.270760    0.000267    2.150857 ^ _2311_/B (sky130_fd_sc_hd__xor2_1)
     3    0.011025    0.257731    0.281518    2.432376 ^ _2311_/X (sky130_fd_sc_hd__xor2_1)
                                                         _1564_ (net)
                      0.257732    0.000328    2.432703 ^ _2313_/A2 (sky130_fd_sc_hd__a21o_1)
     4    0.011503    0.107684    0.209232    2.641935 ^ _2313_/X (sky130_fd_sc_hd__a21o_1)
                                                         _1566_ (net)
                      0.107684    0.000318    2.642253 ^ _2318_/A1 (sky130_fd_sc_hd__a21oi_1)
     3    0.012686    0.105916    0.127124    2.769378 v _2318_/Y (sky130_fd_sc_hd__a21oi_1)
                                                         _1571_ (net)
                      0.105951    0.000244    2.769622 v _2321_/B (sky130_fd_sc_hd__or3_4)
     3    0.008545    0.072365    0.393994    3.163616 v _2321_/X (sky130_fd_sc_hd__or3_4)
                                                         _1574_ (net)
                      0.072365    0.000192    3.163808 v _2326_/A1 (sky130_fd_sc_hd__a21o_1)
     4    0.011515    0.068531    0.199404    3.363212 v _2326_/X (sky130_fd_sc_hd__a21o_1)
                                                         _1579_ (net)
                      0.068531    0.000286    3.363497 v _2328_/B (sky130_fd_sc_hd__and3_1)
     2    0.006483    0.052744    0.187413    3.550910 v _2328_/X (sky130_fd_sc_hd__and3_1)
                                                         _1581_ (net)
                      0.052744    0.000193    3.551103 v _2330_/A (sky130_fd_sc_hd__or3_4)
     3    0.007171    0.070306    0.389258    3.940361 v _2330_/X (sky130_fd_sc_hd__or3_4)
                                                         _1583_ (net)
                      0.070306    0.000218    3.940579 v _2334_/A1 (sky130_fd_sc_hd__a21o_1)
     3    0.007499    0.053368    0.182323    4.122901 v _2334_/X (sky130_fd_sc_hd__a21o_1)
                                                         _1587_ (net)
                      0.053368    0.000228    4.123129 v _2337_/A1 (sky130_fd_sc_hd__a21oi_1)
     3    0.012169    0.279686    0.252693    4.375823 ^ _2337_/Y (sky130_fd_sc_hd__a21oi_1)
                                                         _1590_ (net)
                      0.279686    0.000216    4.376039 ^ _2346_/B (sky130_fd_sc_hd__xnor2_1)
     3    0.015540    0.137237    0.193134    4.569172 v _2346_/Y (sky130_fd_sc_hd__xnor2_1)
                                                         _1599_ (net)
                      0.137237    0.000484    4.569656 v _2347_/A2 (sky130_fd_sc_hd__a21o_1)
     3    0.007859    0.055103    0.231328    4.800984 v _2347_/X (sky130_fd_sc_hd__a21o_1)
                                                         _1600_ (net)
                      0.055104    0.000239    4.801223 v _2348_/A2 (sky130_fd_sc_hd__a21oi_1)
     3    0.012482    0.285884    0.276570    5.077793 ^ _2348_/Y (sky130_fd_sc_hd__a21oi_1)
                                                         _1601_ (net)
                      0.285885    0.000490    5.078283 ^ _2349_/B (sky130_fd_sc_hd__xnor2_1)
     3    0.016604    0.389202    0.261628    5.339911 ^ _2349_/Y (sky130_fd_sc_hd__xnor2_1)
                                                         _1602_ (net)
                      0.389202    0.000420    5.340331 ^ _2355_/A2 (sky130_fd_sc_hd__a21o_1)
     4    0.009199    0.089647    0.214227    5.554557 ^ _2355_/X (sky130_fd_sc_hd__a21o_1)
                                                         _0109_ (net)
                      0.089647    0.000222    5.554779 ^ _2360_/A1 (sky130_fd_sc_hd__a21oi_1)
     3    0.012083    0.101764    0.117770    5.672549 v _2360_/Y (sky130_fd_sc_hd__a21oi_1)
                                                         _0114_ (net)
                      0.101764    0.000391    5.672940 v _2364_/B (sky130_fd_sc_hd__or3_4)
     3    0.007793    0.071179    0.390184    6.063124 v _2364_/X (sky130_fd_sc_hd__or3_4)
                                                         _0118_ (net)
                      0.071179    0.000179    6.063304 v _2366_/A1 (sky130_fd_sc_hd__a21o_1)
     4    0.011006    0.066474    0.197101    6.260405 v _2366_/X (sky130_fd_sc_hd__a21o_1)
                                                         _0120_ (net)
                      0.066475    0.000307    6.260711 v _2369_/A1 (sky130_fd_sc_hd__a21oi_1)
     3    0.012715    0.290252    0.265481    6.526192 ^ _2369_/Y (sky130_fd_sc_hd__a21oi_1)
                                                         _0123_ (net)
                      0.290253    0.000301    6.526493 ^ _2373_/B (sky130_fd_sc_hd__xnor2_1)
     4    0.013437    0.325118    0.238231    6.764724 ^ _2373_/Y (sky130_fd_sc_hd__xnor2_1)
                                                         _0127_ (net)
                      0.325119    0.000414    6.765139 ^ _2378_/A2 (sky130_fd_sc_hd__a21o_1)
     4    0.010946    0.103409    0.216722    6.981860 ^ _2378_/X (sky130_fd_sc_hd__a21o_1)
                                                         _0132_ (net)
                      0.103409    0.000189    6.982049 ^ _2382_/A2 (sky130_fd_sc_hd__a21oi_1)
     3    0.011540    0.099343    0.122808    7.104858 v _2382_/Y (sky130_fd_sc_hd__a21oi_1)
                                                         _0136_ (net)
                      0.099343    0.000238    7.105096 v _2385_/B (sky130_fd_sc_hd__or3_4)
     3    0.008692    0.072575    0.392012    7.497108 v _2385_/X (sky130_fd_sc_hd__or3_4)
                                                         _0139_ (net)
                      0.072575    0.000272    7.497380 v _2387_/A1 (sky130_fd_sc_hd__a21o_1)
     4    0.011691    0.069195    0.200186    7.697566 v _2387_/X (sky130_fd_sc_hd__a21o_1)
                                                         _0141_ (net)
                      0.069195    0.000201    7.697766 v _2390_/A (sky130_fd_sc_hd__and3_1)
     3    0.009970    0.066829    0.182747    7.880513 v _2390_/X (sky130_fd_sc_hd__and3_1)
                                                         _0144_ (net)
                      0.066829    0.000258    7.880771 v _2392_/C (sky130_fd_sc_hd__or3_4)
     3    0.007465    0.070607    0.338512    8.219283 v _2392_/X (sky130_fd_sc_hd__or3_4)
                                                         _0146_ (net)
                      0.070607    0.000123    8.219407 v _2397_/A1 (sky130_fd_sc_hd__a21o_1)
     4    0.010606    0.064859    0.195479    8.414886 v _2397_/X (sky130_fd_sc_hd__a21o_1)
                                                         _0151_ (net)
                      0.064859    0.000224    8.415110 v _2406_/A (sky130_fd_sc_hd__and3_1)
     2    0.006302    0.051882    0.164582    8.579692 v _2406_/X (sky130_fd_sc_hd__and3_1)
                                                         _0160_ (net)
                      0.051882    0.000146    8.579838 v _2408_/C (sky130_fd_sc_hd__or3_4)
     3    0.008977    0.072998    0.338197    8.918035 v _2408_/X (sky130_fd_sc_hd__or3_4)
                                                         _0162_ (net)
                      0.072998    0.000200    8.918235 v _2410_/A1 (sky130_fd_sc_hd__a21o_1)
     3    0.007182    0.051911    0.181982    9.100217 v _2410_/X (sky130_fd_sc_hd__a21o_1)
                                                         _0164_ (net)
                      0.051911    0.000247    9.100464 v _2413_/A (sky130_fd_sc_hd__and3_1)
     2    0.006094    0.050952    0.157891    9.258355 v _2413_/X (sky130_fd_sc_hd__and3_1)
                                                         _0167_ (net)
                      0.050952    0.000131    9.258486 v _2415_/C (sky130_fd_sc_hd__or3_4)
     3    0.007579    0.070941    0.333698    9.592183 v _2415_/X (sky130_fd_sc_hd__or3_4)
                                                         _0169_ (net)
                      0.070941    0.000257    9.592440 v _2420_/A1 (sky130_fd_sc_hd__a21o_1)
     4    0.012113    0.070884    0.201027    9.793467 v _2420_/X (sky130_fd_sc_hd__a21o_1)
                                                         _0174_ (net)
                      0.070884    0.000164    9.793631 v _2428_/A1 (sky130_fd_sc_hd__a21bo_1)
     1    0.004811    0.043076    0.181933    9.975564 v _2428_/X (sky130_fd_sc_hd__a21bo_1)
                                                         _0180_ (net)
                      0.043076    0.000115    9.975678 v _2429_/B (sky130_fd_sc_hd__xor2_1)
     1    0.002739    0.068474    0.134856   10.110534 v _2429_/X (sky130_fd_sc_hd__xor2_1)
                                                         _0181_ (net)
                      0.068474    0.000060   10.110594 v _2430_/A1 (sky130_fd_sc_hd__mux2_4)
     1    0.003123    0.048332    0.259675   10.370269 v _2430_/X (sky130_fd_sc_hd__mux2_4)
                                                         _0025_ (net)
                      0.048332    0.000078   10.370347 v _3238_/D (sky130_fd_sc_hd__dfrtp_4)
                                             10.370347   data arrival time

                                 11.000000   11.000000   clock clk (rise edge)
                                  0.000000   11.000000   clock source latency
     2    0.030799    0.000000    0.000000   11.000000 ^ clk (in)
                                                         clk (net)
                      0.001915    0.000957   11.000957 ^ clkbuf_0_clk/A (sky130_fd_sc_hd__clkbuf_16)
    17    0.135422    0.148287    0.192685   11.193643 ^ clkbuf_0_clk/X (sky130_fd_sc_hd__clkbuf_16)
                                                         clknet_0_clk (net)
                      0.148794    0.006968   11.200610 ^ clkbuf_3_3__f_clk/A (sky130_fd_sc_hd__clkbuf_16)
    35    0.088675    0.105216    0.213506   11.414116 ^ clkbuf_3_3__f_clk/X (sky130_fd_sc_hd__clkbuf_16)
                                                         clknet_3_3__leaf_clk (net)
                      0.105278    0.002353   11.416469 ^ _3238_/CLK (sky130_fd_sc_hd__dfrtp_4)
                                 -0.100000   11.316469   clock uncertainty
                                  0.000000   11.316469   clock reconvergence pessimism
                                 -0.101929   11.214540   library setup time
                                             11.214540   data required time
---------------------------------------------------------------------------------------------
                                             11.214540   data required time
                                            -10.370347   data arrival time
---------------------------------------------------------------------------------------------
                                              0.844193   slack (MET)




===========================================================================
report_checks --slack_max -0.01
============================================================================
======================= nom_tt_025C_1v80 Corner ===================================

No paths found.


===========================================================================
 report_check_types -max_slew -max_cap -max_fanout -violators
============================================================================
======================= nom_tt_025C_1v80 Corner ===================================



===========================================================================
report_parasitic_annotation -report_unannotated
============================================================================
Found 7 unannotated drivers.
 clkload0/Y
 clkload1/Y
 clkload2/Y
 clkload3/Y
 clkload4/Y
 clkload5/Y
 clkload6/Y
Found 0 partially unannotated drivers.

===========================================================================
max slew violation count 0
Writing metric design__max_slew_violation__count__corner:nom_tt_025C_1v80: 0
max fanout violation count 0
Writing metric design__max_fanout_violation__count__corner:nom_tt_025C_1v80: 0
max cap violation count 0
Writing metric design__max_cap_violation__count__corner:nom_tt_025C_1v80: 0
============================================================================

===========================================================================
check_setup -verbose -unconstrained_endpoints -multiple_clock -no_clock -no_input_delay -loops -generated_clocks
===========================================================================
Warning: There are 36 input ports missing set_input_delay.
  A_in[0]
  A_in[10]
  A_in[11]
  A_in[12]
  A_in[13]
  A_in[14]
  A_in[15]
  A_in[1]
  A_in[2]
  A_in[3]
  A_in[4]
  A_in[5]
  A_in[6]
  A_in[7]
  A_in[8]
  A_in[9]
  B_in[0]
  B_in[10]
  B_in[11]
  B_in[12]
  B_in[13]
  B_in[14]
  B_in[15]
  B_in[1]
  B_in[2]
  B_in[3]
  B_in[4]
  B_in[5]
  B_in[6]
  B_in[7]
  B_in[8]
  B_in[9]
  Op_Sel[0]
  Op_Sel[1]
  Start
  rst_n
Warning: There are 17 unconstrained endpoints.
  Done
  X_out[0]
  X_out[10]
  X_out[11]
  X_out[12]
  X_out[13]
  X_out[14]
  X_out[15]
  X_out[1]
  X_out[2]
  X_out[3]
  X_out[4]
  X_out[5]
  X_out[6]
  X_out[7]
  X_out[8]
  X_out[9]
