Clock: clk
Sources: clk 
Generated: no
Virtual: yes
Propagated: no
Period: 11.000000

===========================================================================
report_clock_properties
============================================================================
Clock                   Period          Waveform
----------------------------------------------------
clk                  11.000000    0.000000  5.500000

===========================================================================
report_clock_latency
============================================================================
Clock clk
rise -> rise
    min     max
0.000000 0.000000 source latency
0.401860         network latency _3222_/CLK
        0.422721 network latency _3255_/CLK
---------------
0.401860 0.422721 latency
        0.020860 skew

fall -> fall
    min     max
0.000000 0.000000 source latency
0.388596         network latency _3222_/CLK
        0.404962 network latency _3295_/CLK
---------------
0.388596 0.404962 latency
        0.016366 skew



===========================================================================
report_clock_min_period
============================================================================
clk period_min = 10.16 fmax = 98.47
