
===========================================================================
report_checks -unconstrained
===========================================================================
======================= nom_tt_025C_1v80 Corner ===================================

Startpoint: _3302_ (rising edge-triggered flip-flop clocked by clk)
Endpoint: _3238_ (rising edge-triggered flip-flop clocked by clk)
Path Group: clk
Path Type: max

Fanout         Cap        Slew       Delay        Time   Description
---------------------------------------------------------------------------------------------
                                  0.000000    0.000000   clock clk (rise edge)
                                  0.000000    0.000000   clock source latency
     1    0.028987    0.000000    0.000000    0.000000 ^ clk (in)
                                                         clk (net)
                      0.002441    0.001221    0.001221 ^ clkbuf_0_clk/A (sky130_fd_sc_hd__clkbuf_16)
     8    0.118930    0.132043    0.184495    0.185716 ^ clkbuf_0_clk/X (sky130_fd_sc_hd__clkbuf_16)
                                                         clknet_0_clk (net)
                      0.132122    0.001478    0.187194 ^ clkbuf_3_0__f_clk/A (sky130_fd_sc_hd__clkbuf_16)
    12    0.059428    0.077712    0.187761    0.374955 ^ clkbuf_3_0__f_clk/X (sky130_fd_sc_hd__clkbuf_16)
                                                         clknet_3_0__leaf_clk (net)
                      0.077714    0.000575    0.375530 ^ _3302_/CLK (sky130_fd_sc_hd__dfrtp_4)
     6    0.017161    0.077355    0.505701    0.881232 v _3302_/Q (sky130_fd_sc_hd__dfrtp_4)
                                                         B_reg[12] (net)
                      0.077355    0.000271    0.881502 v _1910_/C (sky130_fd_sc_hd__and3_1)
     3    0.005804    0.051319    0.203567    1.085069 v _1910_/X (sky130_fd_sc_hd__and3_1)
                                                         _1175_ (net)
                      0.051319    0.000011    1.085081 v _2300_/A (sky130_fd_sc_hd__or4_4)
     4    0.008618    0.093321    0.542611    1.627691 v _2300_/X (sky130_fd_sc_hd__or4_4)
                                                         _1553_ (net)
                      0.093321    0.000010    1.627701 v _2304_/A1 (sky130_fd_sc_hd__a21o_1)
     3    0.006700    0.050890    0.188312    1.816014 v _2304_/X (sky130_fd_sc_hd__a21o_1)
                                                         _1557_ (net)
                      0.050890    0.000017    1.816030 v _2307_/A2 (sky130_fd_sc_hd__a21oi_1)
     3    0.010338    0.252241    0.244777    2.060807 ^ _2307_/Y (sky130_fd_sc_hd__a21oi_1)
                                                         _1560_ (net)
                      0.252241    0.000011    2.060818 ^ _2311_/B (sky130_fd_sc_hd__xor2_1)
     3    0.009617    0.240175    0.260495    2.321313 ^ _2311_/X (sky130_fd_sc_hd__xor2_1)
                                                         _1564_ (net)
                      0.240175    0.000020    2.321334 ^ _2313_/A2 (sky130_fd_sc_hd__a21o_1)
     4    0.009810    0.096205    0.195506    2.516840 ^ _2313_/X (sky130_fd_sc_hd__a21o_1)
                                                         _1566_ (net)
                      0.096205    0.000029    2.516868 ^ _2318_/A1 (sky130_fd_sc_hd__a21oi_1)
     3    0.010678    0.095675    0.112996    2.629864 v _2318_/Y (sky130_fd_sc_hd__a21oi_1)
                                                         _1571_ (net)
                      0.095675    0.000022    2.629886 v _2321_/B (sky130_fd_sc_hd__or3_4)
     3    0.007264    0.070297    0.386383    3.016269 v _2321_/X (sky130_fd_sc_hd__or3_4)
                                                         _1574_ (net)
                      0.070297    0.000045    3.016314 v _2326_/A1 (sky130_fd_sc_hd__a21o_1)
     4    0.009496    0.060460    0.191487    3.207801 v _2326_/X (sky130_fd_sc_hd__a21o_1)
                                                         _1579_ (net)
                      0.060460    0.000035    3.207836 v _2328_/B (sky130_fd_sc_hd__and3_1)
     2    0.005539    0.048460    0.179265    3.387101 v _2328_/X (sky130_fd_sc_hd__and3_1)
                                                         _1581_ (net)
                      0.048460    0.000020    3.387121 v _2330_/A (sky130_fd_sc_hd__or3_4)
     3    0.006618    0.070294    0.385993    3.773114 v _2330_/X (sky130_fd_sc_hd__or3_4)
                                                         _1583_ (net)
                      0.070294    0.000015    3.773129 v _2334_/A1 (sky130_fd_sc_hd__a21o_1)
     3    0.008921    0.058737    0.188924    3.962053 v _2334_/X (sky130_fd_sc_hd__a21o_1)
                                                         _1587_ (net)
                      0.058737    0.000037    3.962090 v _2338_/A (sky130_fd_sc_hd__and3_1)
     2    0.004687    0.044851    0.154305    4.116394 v _2338_/X (sky130_fd_sc_hd__and3_1)
                                                         _1591_ (net)
                      0.044851    0.000024    4.116418 v _2345_/C (sky130_fd_sc_hd__or3_4)
     3    0.007023    0.069872    0.330452    4.446870 v _2345_/X (sky130_fd_sc_hd__or3_4)
                                                         _1598_ (net)
                      0.069872    0.000016    4.446886 v _2347_/A1 (sky130_fd_sc_hd__a21o_1)
     4    0.008326    0.057106    0.186044    4.632930 v _2347_/X (sky130_fd_sc_hd__a21o_1)
                                                         _1600_ (net)
                      0.057106    0.000038    4.632968 v _2350_/C (sky130_fd_sc_hd__and3_1)
     2    0.005741    0.049326    0.194001    4.826970 v _2350_/X (sky130_fd_sc_hd__and3_1)
                                                         _1603_ (net)
                      0.049326    0.000036    4.827006 v _2352_/C (sky130_fd_sc_hd__or3_4)
     2    0.005552    0.067659    0.327155    5.154161 v _2352_/X (sky130_fd_sc_hd__or3_4)
                                                         _0106_ (net)
                      0.067659    0.000026    5.154187 v _2355_/A1 (sky130_fd_sc_hd__a21o_1)
     4    0.010803    0.065600    0.195081    5.349268 v _2355_/X (sky130_fd_sc_hd__a21o_1)
                                                         _0109_ (net)
                      0.065600    0.000047    5.349315 v _2360_/A1 (sky130_fd_sc_hd__a21oi_2)
     3    0.011213    0.165533    0.184326    5.533641 ^ _2360_/Y (sky130_fd_sc_hd__a21oi_2)
                                                         _0114_ (net)
                      0.165533    0.000069    5.533710 ^ _2361_/B (sky130_fd_sc_hd__xnor2_1)
     3    0.014428    0.354266    0.224018    5.757728 ^ _2361_/Y (sky130_fd_sc_hd__xnor2_1)
                                                         _0115_ (net)
                      0.354266    0.000049    5.757777 ^ _2366_/A2 (sky130_fd_sc_hd__a21o_1)
     3    0.007181    0.076207    0.197447    5.955224 ^ _2366_/X (sky130_fd_sc_hd__a21o_1)
                                                         _0120_ (net)
                      0.076207    0.000019    5.955243 ^ rebuffer11/A (sky130_fd_sc_hd__clkbuf_2)
     2    0.012097    0.073696    0.138120    6.093363 ^ rebuffer11/X (sky130_fd_sc_hd__clkbuf_2)
                                                         net64 (net)
                      0.073696    0.000032    6.093395 ^ _2369_/A1 (sky130_fd_sc_hd__a21oi_4)
     3    0.014562    0.051140    0.066985    6.160380 v _2369_/Y (sky130_fd_sc_hd__a21oi_4)
                                                         _0123_ (net)
                      0.051140    0.000072    6.160452 v _2372_/B (sky130_fd_sc_hd__or3_4)
     3    0.008009    0.071590    0.372395    6.532848 v _2372_/X (sky130_fd_sc_hd__or3_4)
                                                         _0126_ (net)
                      0.071590    0.000026    6.532874 v _2378_/A1 (sky130_fd_sc_hd__a21o_1)
     4    0.008877    0.059932    0.189283    6.722157 v _2378_/X (sky130_fd_sc_hd__a21o_1)
                                                         _0132_ (net)
                      0.059932    0.000019    6.722176 v _2383_/A (sky130_fd_sc_hd__and3_1)
     2    0.005870    0.049893    0.160433    6.882609 v _2383_/X (sky130_fd_sc_hd__and3_1)
                                                         _0137_ (net)
                      0.049893    0.000022    6.882631 v _2385_/C (sky130_fd_sc_hd__or3_4)
     3    0.007317    0.070452    0.332676    7.215307 v _2385_/X (sky130_fd_sc_hd__or3_4)
                                                         _0139_ (net)
                      0.070452    0.000024    7.215330 v _2387_/A1 (sky130_fd_sc_hd__a21o_1)
     4    0.011122    0.068850    0.197397    7.412727 v _2387_/X (sky130_fd_sc_hd__a21o_1)
                                                         _0141_ (net)
                      0.068850    0.000025    7.412752 v _2390_/A (sky130_fd_sc_hd__and3_1)
     3    0.008538    0.061174    0.177015    7.589767 v _2390_/X (sky130_fd_sc_hd__and3_1)
                                                         _0144_ (net)
                      0.061174    0.000027    7.589794 v _2392_/C (sky130_fd_sc_hd__or3_4)
     3    0.006285    0.068797    0.333067    7.922861 v _2392_/X (sky130_fd_sc_hd__or3_4)
                                                         _0146_ (net)
                      0.068797    0.000007    7.922868 v _2397_/A1 (sky130_fd_sc_hd__a21o_1)
     4    0.009338    0.061870    0.190234    8.113102 v _2397_/X (sky130_fd_sc_hd__a21o_1)
                                                         _0151_ (net)
                      0.061870    0.000017    8.113119 v _2406_/A (sky130_fd_sc_hd__and3_1)
     2    0.005252    0.048914    0.158378    8.271498 v _2406_/X (sky130_fd_sc_hd__and3_1)
                                                         _0160_ (net)
                      0.048914    0.000008    8.271505 v _2408_/C (sky130_fd_sc_hd__or3_4)
     3    0.007646    0.072178    0.333422    8.604928 v _2408_/X (sky130_fd_sc_hd__or3_4)
                                                         _0162_ (net)
                      0.072178    0.000012    8.604940 v _2410_/A1 (sky130_fd_sc_hd__a21o_1)
     3    0.006076    0.046865    0.176746    8.781686 v _2410_/X (sky130_fd_sc_hd__a21o_1)
                                                         _0164_ (net)
                      0.046865    0.000020    8.781706 v _2413_/A (sky130_fd_sc_hd__and3_1)
     2    0.005476    0.048171    0.152959    8.934666 v _2413_/X (sky130_fd_sc_hd__and3_1)
                                                         _0167_ (net)
                      0.048171    0.000012    8.934678 v _2415_/C (sky130_fd_sc_hd__or3_4)
     3    0.006127    0.068597    0.328602    9.263280 v _2415_/X (sky130_fd_sc_hd__or3_4)
                                                         _0169_ (net)
                      0.068597    0.000014    9.263294 v _2420_/A1 (sky130_fd_sc_hd__a21o_1)
     4    0.010419    0.066115    0.194111    9.457405 v _2420_/X (sky130_fd_sc_hd__a21o_1)
                                                         _0174_ (net)
                      0.066115    0.000004    9.457409 v _2428_/A1 (sky130_fd_sc_hd__a21bo_1)
     1    0.004302    0.042466    0.177698    9.635107 v _2428_/X (sky130_fd_sc_hd__a21bo_1)
                                                         _0180_ (net)
                      0.042466    0.000003    9.635110 v _2429_/B (sky130_fd_sc_hd__xor2_1)
     1    0.002462    0.066103    0.133109    9.768218 v _2429_/X (sky130_fd_sc_hd__xor2_1)
                                                         _0181_ (net)
                      0.066103    0.000003    9.768221 v _2430_/A1 (sky130_fd_sc_hd__mux2_4)
     1    0.002230    0.046647    0.255484   10.023705 v _2430_/X (sky130_fd_sc_hd__mux2_4)
                                                         _0025_ (net)
                      0.046647    0.000003   10.023707 v _3238_/D (sky130_fd_sc_hd__dfrtp_4)
                                             10.023707   data arrival time

                                 12.000000   12.000000   clock clk (rise edge)
                                  0.000000   12.000000   clock source latency
     1    0.028987    0.000000    0.000000   12.000000 ^ clk (in)
                                                         clk (net)
                      0.002441    0.001220   12.001220 ^ clkbuf_0_clk/A (sky130_fd_sc_hd__clkbuf_16)
     8    0.118930    0.132043    0.184495   12.185715 ^ clkbuf_0_clk/X (sky130_fd_sc_hd__clkbuf_16)
                                                         clknet_0_clk (net)
                      0.132142    0.001982   12.187697 ^ clkbuf_3_3__f_clk/A (sky130_fd_sc_hd__clkbuf_16)
    17    0.060174    0.078389    0.188388   12.376085 ^ clkbuf_3_3__f_clk/X (sky130_fd_sc_hd__clkbuf_16)
                                                         clknet_3_3__leaf_clk (net)
                      0.078389    0.000282   12.376367 ^ _3238_/CLK (sky130_fd_sc_hd__dfrtp_4)
                                 -0.100000   12.276367   clock uncertainty
                                  0.000000   12.276367   clock reconvergence pessimism
                                 -0.107351   12.169017   library setup time
                                             12.169017   data required time
---------------------------------------------------------------------------------------------
                                             12.169017   data required time
                                            -10.023707   data arrival time
---------------------------------------------------------------------------------------------
                                              2.145309   slack (MET)




===========================================================================
report_checks --slack_max -0.01
============================================================================
======================= nom_tt_025C_1v80 Corner ===================================

No paths found.


===========================================================================
 report_check_types -max_slew -max_cap -max_fanout -violators
============================================================================
======================= nom_tt_025C_1v80 Corner ===================================



===========================================================================
report_parasitic_annotation -report_unannotated
============================================================================
Found 7 unannotated drivers.
 clkload0/Y
 clkload1/Y
 clkload2/Y
 clkload3/Y
 clkload4/Y
 clkload5/Y
 clkload6/Y
Found 0 partially unannotated drivers.

===========================================================================
max slew violation count 0
Writing metric design__max_slew_violation__count__corner:nom_tt_025C_1v80: 0
max fanout violation count 0
Writing metric design__max_fanout_violation__count__corner:nom_tt_025C_1v80: 0
max cap violation count 0
Writing metric design__max_cap_violation__count__corner:nom_tt_025C_1v80: 0
============================================================================

===========================================================================
check_setup -verbose -unconstrained_endpoints -multiple_clock -no_clock -no_input_delay -loops -generated_clocks
===========================================================================
Warning: There are 36 input ports missing set_input_delay.
  A_in[0]
  A_in[10]
  A_in[11]
  A_in[12]
  A_in[13]
  A_in[14]
  A_in[15]
  A_in[1]
  A_in[2]
  A_in[3]
  A_in[4]
  A_in[5]
  A_in[6]
  A_in[7]
  A_in[8]
  A_in[9]
  B_in[0]
  B_in[10]
  B_in[11]
  B_in[12]
  B_in[13]
  B_in[14]
  B_in[15]
  B_in[1]
  B_in[2]
  B_in[3]
  B_in[4]
  B_in[5]
  B_in[6]
  B_in[7]
  B_in[8]
  B_in[9]
  Op_Sel[0]
  Op_Sel[1]
  Start
  rst_n
Warning: There are 17 unconstrained endpoints.
  Done
  X_out[0]
  X_out[10]
  X_out[11]
  X_out[12]
  X_out[13]
  X_out[14]
  X_out[15]
  X_out[1]
  X_out[2]
  X_out[3]
  X_out[4]
  X_out[5]
  X_out[6]
  X_out[7]
  X_out[8]
  X_out[9]
