Clock: clk
Sources: clk 
Generated: no
Virtual: yes
Propagated: no
Period: 200.000000

===========================================================================
report_clock_properties
============================================================================
Clock                   Period          Waveform
----------------------------------------------------
clk                 200.000000    0.000000100.000000

===========================================================================
report_clock_latency
============================================================================
Clock clk
rise -> rise
    min     max
0.000000 0.000000 source latency
0.741842         network latency _3221_/CLK
        0.772012 network latency _3256_/CLK
---------------
0.741842 0.772012 latency
        0.030170 skew

fall -> fall
    min     max
0.000000 0.000000 source latency
0.713875         network latency _3221_/CLK
        0.737444 network latency _3296_/CLK
---------------
0.713875 0.737444 latency
        0.023569 skew



===========================================================================
report_clock_min_period
============================================================================
clk period_min = 23.03 fmax = 43.43
