Clock: clk
Sources: clk 
Generated: no
Virtual: yes
Propagated: no
Period: 10.250000

===========================================================================
report_clock_properties
============================================================================
Clock                   Period          Waveform
----------------------------------------------------
clk                  10.250000    0.000000  5.125000

===========================================================================
report_clock_latency
============================================================================
Clock clk
rise -> rise
    min     max
0.000000 0.000000 source latency
0.761591         network latency _3222_/CLK
        0.798739 network latency _3296_/CLK
---------------
0.761591 0.798739 latency
        0.037149 skew

fall -> fall
    min     max
0.000000 0.000000 source latency
0.729099         network latency _3222_/CLK
        0.759437 network latency _3296_/CLK
---------------
0.729099 0.759437 latency
        0.030338 skew



===========================================================================
report_clock_min_period
============================================================================
clk period_min = 20.10 fmax = 49.74
