
===========================================================================
report_checks -unconstrained
===========================================================================
======================= nom_tt_025C_1v80 Corner ===================================

Startpoint: _3302_ (rising edge-triggered flip-flop clocked by clk)
Endpoint: _3238_ (rising edge-triggered flip-flop clocked by clk)
Path Group: clk
Path Type: max

Fanout         Cap        Slew       Delay        Time   Description
---------------------------------------------------------------------------------------------
                                  0.000000    0.000000   clock clk (rise edge)
                                  0.000000    0.000000   clock source latency
     2    0.043080    0.000000    0.000000    0.000000 ^ clk (in)
                                                         clk (net)
                      0.002381    0.001190    0.001190 ^ clkbuf_0_clk/A (sky130_fd_sc_hd__clkbuf_16)
    17    0.162820    0.174869    0.211052    0.212243 ^ clkbuf_0_clk/X (sky130_fd_sc_hd__clkbuf_16)
                                                         clknet_0_clk (net)
                      0.175360    0.007496    0.219738 ^ clkbuf_3_0__f_clk/A (sky130_fd_sc_hd__clkbuf_16)
    25    0.091221    0.107897    0.223575    0.443314 ^ clkbuf_3_0__f_clk/X (sky130_fd_sc_hd__clkbuf_16)
                                                         clknet_3_0__leaf_clk (net)
                      0.108152    0.003740    0.447053 ^ _3302_/CLK (sky130_fd_sc_hd__dfrtp_4)
    15    0.049002    0.120505    0.570915    1.017968 v _3302_/Q (sky130_fd_sc_hd__dfrtp_4)
                                                         B_reg[12] (net)
                      0.120570    0.002549    1.020516 v _1910_/C (sky130_fd_sc_hd__and3_1)
     3    0.005978    0.050457    0.224075    1.244592 v _1910_/X (sky130_fd_sc_hd__and3_1)
                                                         _1175_ (net)
                      0.050457    0.000094    1.244685 v _2300_/B (sky130_fd_sc_hd__or4_1)
     4    0.009808    0.127155    0.560067    1.804753 v _2300_/X (sky130_fd_sc_hd__or4_1)
                                                         _1553_ (net)
                      0.127155    0.000210    1.804963 v _2304_/A2 (sky130_fd_sc_hd__a21o_1)
     3    0.007532    0.053518    0.226225    2.031188 v _2304_/X (sky130_fd_sc_hd__a21o_1)
                                                         _1557_ (net)
                      0.053518    0.000167    2.031355 v _2308_/C (sky130_fd_sc_hd__and3_1)
     2    0.005189    0.046954    0.189623    2.220978 v _2308_/X (sky130_fd_sc_hd__and3_1)
                                                         _1561_ (net)
                      0.046954    0.000126    2.221104 v _2310_/C (sky130_fd_sc_hd__or3_1)
     3    0.006797    0.087258    0.333799    2.554904 v _2310_/X (sky130_fd_sc_hd__or3_1)
                                                         _1563_ (net)
                      0.087258    0.000166    2.555069 v _2313_/A1 (sky130_fd_sc_hd__a21o_1)
     4    0.010251    0.063475    0.201082    2.756151 v _2313_/X (sky130_fd_sc_hd__a21o_1)
                                                         _1566_ (net)
                      0.063475    0.000215    2.756366 v _2319_/B (sky130_fd_sc_hd__and3_1)
     2    0.005663    0.049034    0.181162    2.937528 v _2319_/X (sky130_fd_sc_hd__and3_1)
                                                         _1572_ (net)
                      0.049034    0.000109    2.937637 v _2321_/C (sky130_fd_sc_hd__or3_1)
     3    0.008692    0.097383    0.348703    3.286340 v _2321_/X (sky130_fd_sc_hd__or3_1)
                                                         _1574_ (net)
                      0.097383    0.000269    3.286609 v _2326_/A1 (sky130_fd_sc_hd__a21o_1)
     4    0.011041    0.066626    0.208008    3.494617 v _2326_/X (sky130_fd_sc_hd__a21o_1)
                                                         _1579_ (net)
                      0.066627    0.000355    3.494972 v _2328_/C (sky130_fd_sc_hd__and3_1)
     2    0.004791    0.045276    0.193654    3.688626 v _2328_/X (sky130_fd_sc_hd__and3_1)
                                                         _1581_ (net)
                      0.045276    0.000117    3.688743 v _2330_/C (sky130_fd_sc_hd__or3_2)
     4    0.014053    0.112738    0.464452    4.153195 v _2330_/X (sky130_fd_sc_hd__or3_2)
                                                         _1583_ (net)
                      0.112738    0.000482    4.153677 v _2334_/A1 (sky130_fd_sc_hd__a21o_1)
     5    0.015266    0.083753    0.229437    4.383113 v _2334_/X (sky130_fd_sc_hd__a21o_1)
                                                         _1587_ (net)
                      0.083754    0.000346    4.383459 v _2338_/B (sky130_fd_sc_hd__and3_1)
     2    0.006962    0.054972    0.196628    4.580088 v _2338_/X (sky130_fd_sc_hd__and3_1)
                                                         _1591_ (net)
                      0.054972    0.000227    4.580315 v _2345_/C (sky130_fd_sc_hd__or3_1)
     3    0.007889    0.094203    0.344130    4.924445 v _2345_/X (sky130_fd_sc_hd__or3_1)
                                                         _1598_ (net)
                      0.094203    0.000143    4.924588 v _2347_/A1 (sky130_fd_sc_hd__a21o_1)
     4    0.010508    0.064509    0.204835    5.129423 v _2347_/X (sky130_fd_sc_hd__a21o_1)
                                                         _1600_ (net)
                      0.064509    0.000282    5.129705 v _2350_/C (sky130_fd_sc_hd__and3_1)
     2    0.006254    0.051673    0.199807    5.329513 v _2350_/X (sky130_fd_sc_hd__and3_1)
                                                         _1603_ (net)
                      0.051673    0.000188    5.329700 v _2352_/C (sky130_fd_sc_hd__or3_1)
     3    0.008932    0.098546    0.351113    5.680813 v _2352_/X (sky130_fd_sc_hd__or3_1)
                                                         _0106_ (net)
                      0.098546    0.000274    5.681088 v _2355_/A2 (sky130_fd_sc_hd__a21o_1)
     4    0.010423    0.064138    0.227630    5.908718 v _2355_/X (sky130_fd_sc_hd__a21o_1)
                                                         _0109_ (net)
                      0.064138    0.000259    5.908977 v _2362_/B (sky130_fd_sc_hd__and3_1)
     2    0.006151    0.051219    0.183822    6.092799 v _2362_/X (sky130_fd_sc_hd__and3_1)
                                                         _0116_ (net)
                      0.051219    0.000171    6.092970 v _2364_/C (sky130_fd_sc_hd__or3_1)
     3    0.008006    0.094964    0.343938    6.436908 v _2364_/X (sky130_fd_sc_hd__or3_1)
                                                         _0118_ (net)
                      0.094964    0.000229    6.437137 v _2366_/A2 (sky130_fd_sc_hd__a21o_1)
     4    0.010425    0.064147    0.226204    6.663341 v _2366_/X (sky130_fd_sc_hd__a21o_1)
                                                         _0120_ (net)
                      0.064147    0.000282    6.663624 v _2370_/B (sky130_fd_sc_hd__and3_1)
     2    0.005180    0.046931    0.179134    6.842757 v _2370_/X (sky130_fd_sc_hd__and3_1)
                                                         _0124_ (net)
                      0.046931    0.000105    6.842862 v _2372_/C (sky130_fd_sc_hd__or3_1)
     3    0.008529    0.096790    0.347037    7.189898 v _2372_/X (sky130_fd_sc_hd__or3_1)
                                                         _0126_ (net)
                      0.096790    0.000112    7.190011 v _2378_/A1 (sky130_fd_sc_hd__a21o_1)
     4    0.010081    0.062811    0.204419    7.394430 v _2378_/X (sky130_fd_sc_hd__a21o_1)
                                                         _0132_ (net)
                      0.062811    0.000164    7.394594 v _2383_/C (sky130_fd_sc_hd__and3_1)
     2    0.006767    0.054003    0.201550    7.596144 v _2383_/X (sky130_fd_sc_hd__and3_1)
                                                         _0137_ (net)
                      0.054003    0.000157    7.596301 v _2385_/C (sky130_fd_sc_hd__or3_1)
     3    0.007596    0.092358    0.341524    7.937825 v _2385_/X (sky130_fd_sc_hd__or3_1)
                                                         _0139_ (net)
                      0.092358    0.000219    7.938044 v _2387_/A1 (sky130_fd_sc_hd__a21o_1)
     4    0.012169    0.071119    0.210040    8.148085 v _2387_/X (sky130_fd_sc_hd__a21o_1)
                                                         _0141_ (net)
                      0.071119    0.000179    8.148263 v _2390_/B (sky130_fd_sc_hd__and3_1)
     3    0.010207    0.067815    0.205262    8.353524 v _2390_/X (sky130_fd_sc_hd__and3_1)
                                                         _0144_ (net)
                      0.067815    0.000301    8.353826 v _2392_/C (sky130_fd_sc_hd__or3_1)
     3    0.006868    0.087794    0.340617    8.694443 v _2392_/X (sky130_fd_sc_hd__or3_1)
                                                         _0146_ (net)
                      0.087794    0.000164    8.694607 v _2397_/A1 (sky130_fd_sc_hd__a21o_1)
     4    0.011168    0.067096    0.204578    8.899185 v _2397_/X (sky130_fd_sc_hd__a21o_1)
                                                         _0151_ (net)
                      0.067096    0.000214    8.899399 v _2406_/B (sky130_fd_sc_hd__and3_1)
     2    0.005723    0.049296    0.183098    9.082497 v _2406_/X (sky130_fd_sc_hd__and3_1)
                                                         _0160_ (net)
                      0.049296    0.000140    9.082637 v _2408_/C (sky130_fd_sc_hd__or3_1)
     3    0.007907    0.094243    0.342807    9.425444 v _2408_/X (sky130_fd_sc_hd__or3_1)
                                                         _0162_ (net)
                      0.094243    0.000150    9.425594 v _2410_/A2 (sky130_fd_sc_hd__a21o_1)
     3    0.007053    0.051302    0.211173    9.636767 v _2410_/X (sky130_fd_sc_hd__a21o_1)
                                                         _0164_ (net)
                      0.051302    0.000168    9.636935 v _2413_/C (sky130_fd_sc_hd__and3_1)
     2    0.004882    0.045636    0.187173    9.824108 v _2413_/X (sky130_fd_sc_hd__and3_1)
                                                         _0167_ (net)
                      0.045636    0.000075    9.824183 v _2415_/C (sky130_fd_sc_hd__or3_1)
     3    0.007322    0.090533    0.337509   10.161693 v _2415_/X (sky130_fd_sc_hd__or3_1)
                                                         _0169_ (net)
                      0.090533    0.000182   10.161875 v _2420_/A1 (sky130_fd_sc_hd__a21o_1)
     4    0.011499    0.068430    0.206878   10.368752 v _2420_/X (sky130_fd_sc_hd__a21o_1)
                                                         _0174_ (net)
                      0.068430    0.000165   10.368917 v _2428_/A1 (sky130_fd_sc_hd__a21bo_1)
     1    0.004302    0.040935    0.178584   10.547502 v _2428_/X (sky130_fd_sc_hd__a21bo_1)
                                                         _0180_ (net)
                      0.040935    0.000083   10.547585 v _2429_/B (sky130_fd_sc_hd__xor2_1)
     1    0.002513    0.069568    0.132893   10.680478 v _2429_/X (sky130_fd_sc_hd__xor2_1)
                                                         _0181_ (net)
                      0.069568    0.000054   10.680532 v _2430_/A1 (sky130_fd_sc_hd__mux2_1)
     1    0.002448    0.053080    0.292192   10.972724 v _2430_/X (sky130_fd_sc_hd__mux2_1)
                                                         _0025_ (net)
                      0.053080    0.000048   10.972773 v _3238_/D (sky130_fd_sc_hd__dfrtp_4)
                                             10.972773   data arrival time

                                200.000000  200.000000   clock clk (rise edge)
                                  0.000000  200.000000   clock source latency
     2    0.043080    0.000000    0.000000  200.000000 ^ clk (in)
                                                         clk (net)
                      0.002381    0.001194  200.001190 ^ clkbuf_0_clk/A (sky130_fd_sc_hd__clkbuf_16)
    17    0.162820    0.174869    0.211045  200.212234 ^ clkbuf_0_clk/X (sky130_fd_sc_hd__clkbuf_16)
                                                         clknet_0_clk (net)
                      0.175352    0.007432  200.219666 ^ clkbuf_3_3__f_clk/A (sky130_fd_sc_hd__clkbuf_16)
    35    0.098305    0.114587    0.228681  200.448349 ^ clkbuf_3_3__f_clk/X (sky130_fd_sc_hd__clkbuf_16)
                                                         clknet_3_3__leaf_clk (net)
                      0.114664    0.002728  200.451080 ^ _3238_/CLK (sky130_fd_sc_hd__dfrtp_4)
                                 -0.100000  200.351074   clock uncertainty
                                  0.000000  200.351074   clock reconvergence pessimism
                                 -0.101844  200.249222   library setup time
                                            200.249222   data required time
---------------------------------------------------------------------------------------------
                                            200.249222   data required time
                                            -10.972773   data arrival time
---------------------------------------------------------------------------------------------
                                            189.276459   slack (MET)




===========================================================================
report_checks --slack_max -0.01
============================================================================
======================= nom_tt_025C_1v80 Corner ===================================

No paths found.


===========================================================================
 report_check_types -max_slew -max_cap -max_fanout -violators
============================================================================
======================= nom_tt_025C_1v80 Corner ===================================



===========================================================================
report_parasitic_annotation -report_unannotated
============================================================================
Found 7 unannotated drivers.
 clkload0/Y
 clkload1/Y
 clkload2/Y
 clkload3/Y
 clkload4/Y
 clkload5/Y
 clkload6/Y
Found 0 partially unannotated drivers.

===========================================================================
max slew violation count 0
max fanout violation count 0
max cap violation count 0
============================================================================

===========================================================================
check_setup -verbose -unconstrained_endpoints -multiple_clock -no_clock -no_input_delay -loops -generated_clocks
===========================================================================
Warning: There are 36 input ports missing set_input_delay.
  A_in[0]
  A_in[10]
  A_in[11]
  A_in[12]
  A_in[13]
  A_in[14]
  A_in[15]
  A_in[1]
  A_in[2]
  A_in[3]
  A_in[4]
  A_in[5]
  A_in[6]
  A_in[7]
  A_in[8]
  A_in[9]
  B_in[0]
  B_in[10]
  B_in[11]
  B_in[12]
  B_in[13]
  B_in[14]
  B_in[15]
  B_in[1]
  B_in[2]
  B_in[3]
  B_in[4]
  B_in[5]
  B_in[6]
  B_in[7]
  B_in[8]
  B_in[9]
  Op_Sel[0]
  Op_Sel[1]
  Start
  rst_n
Warning: There are 17 unconstrained endpoints.
  Done
  X_out[0]
  X_out[10]
  X_out[11]
  X_out[12]
  X_out[13]
  X_out[14]
  X_out[15]
  X_out[1]
  X_out[2]
  X_out[3]
  X_out[4]
  X_out[5]
  X_out[6]
  X_out[7]
  X_out[8]
  X_out[9]
