Starting…
Gating variable for step 'Verilator.Lint' set to 'False'- the step will be skipped.
Skipping step 'Verilator Lint'…
Gating variable for step 'Checker.LintTimingConstructs' set to 'False'- the step will be skipped.
Skipping step 'Lint Timing Error Checker'…
Gating variable for step 'Checker.LintErrors' set to 'False'- the step will be skipped.
Skipping step 'Lint Errors Checker'…
Gating variable for step 'Checker.LintWarnings' set to 'False'- the step will be skipped.
Skipping step 'Lint Warnings Checker'…
Running 'Yosys.JsonHeader' at 'runs/RUN_2026-03-17_13-58-42/01-yosys-jsonheader'…
Logging subprocess to [repr.filename]'runs/RUN_2026-03-17_13-58-42/01-yosys-jsonheader/yosys-jsonheader.log'[/repr.filename]…
Running 'Yosys.Synthesis' at 'runs/RUN_2026-03-17_13-58-42/02-yosys-synthesis'…
Logging subprocess to [repr.filename]'runs/RUN_2026-03-17_13-58-42/02-yosys-synthesis/yosys-synthesis.log'[/repr.filename]…
Parsing synthesis checks…
Running 'Checker.YosysUnmappedCells' at 'runs/RUN_2026-03-17_13-58-42/03-checker-yosysunmappedcells'…
Check for Unmapped Yosys instances clear.
Running 'Checker.YosysSynthChecks' at 'runs/RUN_2026-03-17_13-58-42/04-checker-yosyssynthchecks'…
Check for Yosys check errors clear.
Running 'Checker.NetlistAssignStatements' at 'runs/RUN_2026-03-17_13-58-42/05-checker-netlistassignstatements'…
Running 'OpenROAD.CheckSDCFiles' at 'runs/RUN_2026-03-17_13-58-42/06-openroad-checksdcfiles'…
Running 'OpenROAD.CheckMacroInstances' at 'runs/RUN_2026-03-17_13-58-42/07-openroad-checkmacroinstances'…
No macros found, skipping instance check…
Running 'OpenROAD.STAPrePNR' at 'runs/RUN_2026-03-17_13-58-42/08-openroad-staprepnr'…
Starting STA for the nom_tt_025C_1v80 timing corner…
Starting STA for the nom_ss_100C_1v60 timing corner…
Starting STA for the nom_ff_n40C_1v95 timing corner…
Skipping corner min_tt_025C_1v80 for STA (identical to nom_tt_025C_1v80 at this stage)…
Skipping corner min_ss_100C_1v60 for STA (identical to nom_ss_100C_1v60 at this stage)…
Logging subprocess to [repr.filename]'runs/RUN_2026-03-17_13-58-42/08-openroad-staprepnr/nom_ff_n40C_1v95/sta.log'[/repr.filename]…
Skipping corner min_ff_n40C_1v95 for STA (identical to nom_ff_n40C_1v95 at this stage)…
Skipping corner max_tt_025C_1v80 for STA (identical to nom_tt_025C_1v80 at this stage)…
Logging subprocess to [repr.filename]'runs/RUN_2026-03-17_13-58-42/08-openroad-staprepnr/nom_tt_025C_1v80/sta.log'[/repr.filename]…
Skipping corner max_ss_100C_1v60 for STA (identical to nom_ss_100C_1v60 at this stage)…
Logging subprocess to [repr.filename]'runs/RUN_2026-03-17_13-58-42/08-openroad-staprepnr/nom_ss_100C_1v60/sta.log'[/repr.filename]…
Skipping corner max_ff_n40C_1v95 for STA (identical to nom_ff_n40C_1v95 at this stage)…
Finished STA for the nom_tt_025C_1v80 timing corner.
Finished STA for the nom_ss_100C_1v60 timing corner.
Finished STA for the nom_ff_n40C_1v95 timing corner.
Running 'OpenROAD.Floorplan' at 'runs/RUN_2026-03-17_13-58-42/09-openroad-floorplan'…
Logging subprocess to [repr.filename]'runs/RUN_2026-03-17_13-58-42/09-openroad-floorplan/openroad-floorplan.log'[/repr.filename]…
Running 'Odb.CheckMacroAntennaProperties' at 'runs/RUN_2026-03-17_13-58-42/10-odb-checkmacroantennaproperties'…
No cells provided, skipping…
Running 'Odb.SetPowerConnections' at 'runs/RUN_2026-03-17_13-58-42/11-odb-setpowerconnections'…
Logging subprocess to [repr.filename]'runs/RUN_2026-03-17_13-58-42/11-odb-setpowerconnections/odb-setpowerconnections.log'[/repr.filename]…
Running 'Odb.ManualMacroPlacement' at 'runs/RUN_2026-03-17_13-58-42/12-odb-manualmacroplacement'…
No instances found, skipping 'Odb.ManualMacroPlacement'…
Running 'OpenROAD.CutRows' at 'runs/RUN_2026-03-17_13-58-42/13-openroad-cutrows'…
Logging subprocess to [repr.filename]'runs/RUN_2026-03-17_13-58-42/13-openroad-cutrows/openroad-cutrows.log'[/repr.filename]…
Running 'OpenROAD.TapEndcapInsertion' at 'runs/RUN_2026-03-17_13-58-42/14-openroad-tapendcapinsertion'…
Logging subprocess to [repr.filename]'runs/RUN_2026-03-17_13-58-42/14-openroad-tapendcapinsertion/openroad-tapendcapinsertion.log'[/repr.filename]…
Running 'Odb.AddPDNObstructions' at 'runs/RUN_2026-03-17_13-58-42/15-odb-addpdnobstructions'…
'PDN_OBSTRUCTIONS' is not defined. Skipping 'Odb.AddPDNObstructions'…
Running 'OpenROAD.GeneratePDN' at 'runs/RUN_2026-03-17_13-58-42/16-openroad-generatepdn'…
'FP_PDN_CFG' not explicitly set, setting it to /nix/store/7l0f3byalx17dsl5m0bpzrsl6lkcyv3g-python3-3.11.9-env/lib/python3.11/site-packages/openlane/scripts/openroad/common/pdn_cfg.tcl…
Logging subprocess to [repr.filename]'runs/RUN_2026-03-17_13-58-42/16-openroad-generatepdn/openroad-generatepdn.log'[/repr.filename]…
Running 'Odb.RemovePDNObstructions' at 'runs/RUN_2026-03-17_13-58-42/17-odb-removepdnobstructions'…
'PDN_OBSTRUCTIONS' is not defined. Skipping 'Odb.RemovePDNObstructions'…
Running 'Odb.AddRoutingObstructions' at 'runs/RUN_2026-03-17_13-58-42/18-odb-addroutingobstructions'…
'ROUTING_OBSTRUCTIONS' is not defined. Skipping 'Odb.AddRoutingObstructions'…
Running 'OpenROAD.GlobalPlacementSkipIO' at 'runs/RUN_2026-03-17_13-58-42/19-openroad-globalplacementskipio'…
'PL_TARGET_DENSITY_PCT' not explicitly set, using dynamically calculated target density: 21.813500…
Logging subprocess to [repr.filename]'runs/RUN_2026-03-17_13-58-42/19-openroad-globalplacementskipio/openroad-globalplacementskipio.log'[/repr.filename]…
Running 'OpenROAD.IOPlacement' at 'runs/RUN_2026-03-17_13-58-42/20-openroad-ioplacement'…
Logging subprocess to [repr.filename]'runs/RUN_2026-03-17_13-58-42/20-openroad-ioplacement/openroad-ioplacement.log'[/repr.filename]…
Running 'Odb.CustomIOPlacement' at 'runs/RUN_2026-03-17_13-58-42/21-odb-customioplacement'…
No custom floorplan file configured, skipping…
Running 'Odb.ApplyDEFTemplate' at 'runs/RUN_2026-03-17_13-58-42/22-odb-applydeftemplate'…
No DEF template provided, skipping…
Running 'OpenROAD.GlobalPlacement' at 'runs/RUN_2026-03-17_13-58-42/23-openroad-globalplacement'…
'PL_TARGET_DENSITY_PCT' not explicitly set, using dynamically calculated target density: 21.813500…
Logging subprocess to [repr.filename]'runs/RUN_2026-03-17_13-58-42/23-openroad-globalplacement/openroad-globalplacement.log'[/repr.filename]…
Running 'Odb.WriteVerilogHeader' at 'runs/RUN_2026-03-17_13-58-42/24-odb-writeverilogheader'…
Logging subprocess to [repr.filename]'runs/RUN_2026-03-17_13-58-42/24-odb-writeverilogheader/odb-writeverilogheader.log'[/repr.filename]…
Running 'Checker.PowerGridViolations' at 'runs/RUN_2026-03-17_13-58-42/25-checker-powergridviolations'…
Check for power grid violations (as reported by OpenROAD PSM- you may ignore these if LVS passes) clear.
Running 'OpenROAD.STAMidPNR' at 'runs/RUN_2026-03-17_13-58-42/26-openroad-stamidpnr'…
Logging subprocess to [repr.filename]'runs/RUN_2026-03-17_13-58-42/26-openroad-stamidpnr/openroad-stamidpnr.log'[/repr.filename]…
[GRT-0097] No global routing found for nets.
Running 'OpenROAD.RepairDesignPostGPL' at 'runs/RUN_2026-03-17_13-58-42/27-openroad-repairdesignpostgpl'…
Logging subprocess to [repr.filename]'runs/RUN_2026-03-17_13-58-42/27-openroad-repairdesignpostgpl/openroad-repairdesignpostgpl.log'[/repr.filename]…
Running 'Odb.ManualGlobalPlacement' at 'runs/RUN_2026-03-17_13-58-42/28-odb-manualglobalplacement'…
'MANUAL_GLOBAL_PLACEMENTS' not set, skipping…
Running 'OpenROAD.DetailedPlacement' at 'runs/RUN_2026-03-17_13-58-42/29-openroad-detailedplacement'…
Logging subprocess to [repr.filename]'runs/RUN_2026-03-17_13-58-42/29-openroad-detailedplacement/openroad-detailedplacement.log'[/repr.filename]…
Running 'OpenROAD.CTS' at 'runs/RUN_2026-03-17_13-58-42/30-openroad-cts'…
Logging subprocess to [repr.filename]'runs/RUN_2026-03-17_13-58-42/30-openroad-cts/openroad-cts.log'[/repr.filename]…
Running 'OpenROAD.STAMidPNR-1' at 'runs/RUN_2026-03-17_13-58-42/31-openroad-stamidpnr-1'…
Logging subprocess to [repr.filename]'runs/RUN_2026-03-17_13-58-42/31-openroad-stamidpnr-1/openroad-stamidpnr-1.log'[/repr.filename]…
[GRT-0097] No global routing found for nets.
Running 'OpenROAD.ResizerTimingPostCTS' at 'runs/RUN_2026-03-17_13-58-42/32-openroad-resizertimingpostcts'…
Logging subprocess to [repr.filename]'runs/RUN_2026-03-17_13-58-42/32-openroad-resizertimingpostcts/openroad-resizertimingpostcts.log'[/repr.filename]…
[RSZ-0062] Unable to repair all setup violations.
Running 'OpenROAD.STAMidPNR-2' at 'runs/RUN_2026-03-17_13-58-42/33-openroad-stamidpnr-2'…
Logging subprocess to [repr.filename]'runs/RUN_2026-03-17_13-58-42/33-openroad-stamidpnr-2/openroad-stamidpnr-2.log'[/repr.filename]…
[GRT-0097] No global routing found for nets.
Running 'OpenROAD.GlobalRouting' at 'runs/RUN_2026-03-17_13-58-42/34-openroad-globalrouting'…
Logging subprocess to [repr.filename]'runs/RUN_2026-03-17_13-58-42/34-openroad-globalrouting/openroad-globalrouting.log'[/repr.filename]…
Running 'OpenROAD.CheckAntennas' at 'runs/RUN_2026-03-17_13-58-42/35-openroad-checkantennas'…
Logging subprocess to [repr.filename]'runs/RUN_2026-03-17_13-58-42/35-openroad-checkantennas/openroad-checkantennas.log'[/repr.filename]…
Running 'OpenROAD.RepairDesignPostGRT' at 'runs/RUN_2026-03-17_13-58-42/36-openroad-repairdesignpostgrt'…
Logging subprocess to [repr.filename]'runs/RUN_2026-03-17_13-58-42/36-openroad-repairdesignpostgrt/openroad-repairdesignpostgrt.log'[/repr.filename]…
Running 'Odb.DiodesOnPorts' at 'runs/RUN_2026-03-17_13-58-42/37-odb-diodesonports'…
'DIODE_ON_PORTS' is set to 'none': skipping…
Running 'Odb.HeuristicDiodeInsertion' at 'runs/RUN_2026-03-17_13-58-42/38-odb-heuristicdiodeinsertion'…
Running 'Odb.FuzzyDiodePlacement' at 'runs/RUN_2026-03-17_13-58-42/38-odb-heuristicdiodeinsertion/1-odb-fuzzydiodeplacement'…
'GPL_CELL_PADDING' is set to 0. This step may cause overlap failures.
Logging subprocess to [repr.filename]'runs/RUN_2026-03-17_13-58-42/38-odb-heuristicdiodeinsertion/1-odb-fuzzydiodeplacement/odb-fuzzydiodeplacement.log'[/repr.filename]…
Running 'OpenROAD.DetailedPlacement' at 'runs/RUN_2026-03-17_13-58-42/38-odb-heuristicdiodeinsertion/2-openroad-detailedplacement'…
Logging subprocess to [repr.filename]'runs/RUN_2026-03-17_13-58-42/38-odb-heuristicdiodeinsertion/2-openroad-detailedplacement/openroad-detailedplacement.log'[/repr.filename]…
Running 'OpenROAD.GlobalRouting' at 'runs/RUN_2026-03-17_13-58-42/38-odb-heuristicdiodeinsertion/3-openroad-globalrouting'…
Logging subprocess to [repr.filename]'runs/RUN_2026-03-17_13-58-42/38-odb-heuristicdiodeinsertion/3-openroad-globalrouting/openroad-globalrouting.log'[/repr.filename]…
Running 'OpenROAD.RepairAntennas' at 'runs/RUN_2026-03-17_13-58-42/39-openroad-repairantennas'…
Running 'DiodeInsertion' at 'runs/RUN_2026-03-17_13-58-42/39-openroad-repairantennas/1-diodeinsertion'…
Logging subprocess to [repr.filename]'runs/RUN_2026-03-17_13-58-42/39-openroad-repairantennas/1-diodeinsertion/diodeinsertion.log'[/repr.filename]…
Running 'OpenROAD.CheckAntennas' at 'runs/RUN_2026-03-17_13-58-42/39-openroad-repairantennas/2-openroad-checkantennas'…
Logging subprocess to [repr.filename]'runs/RUN_2026-03-17_13-58-42/39-openroad-repairantennas/2-openroad-checkantennas/openroad-checkantennas.log'[/repr.filename]…
Gating variable for step 'OpenROAD.ResizerTimingPostGRT' set to 'False'- the step will be skipped.
Skipping step 'Resizer Timing Optimizations (Post-Global Routing)'…
Running 'OpenROAD.STAMidPNR-3' at 'runs/RUN_2026-03-17_13-58-42/40-openroad-stamidpnr-3'…
Logging subprocess to [repr.filename]'runs/RUN_2026-03-17_13-58-42/40-openroad-stamidpnr-3/openroad-stamidpnr-3.log'[/repr.filename]…
Running 'OpenROAD.DetailedRouting' at 'runs/RUN_2026-03-17_13-58-42/41-openroad-detailedrouting'…
Running TritonRoute with 4 threads…
Logging subprocess to [repr.filename]'runs/RUN_2026-03-17_13-58-42/41-openroad-detailedrouting/openroad-detailedrouting.log'[/repr.filename]…
[DRT-0349] LEF58_ENCLOSURE with no CUTCLASS is not supported. Skipping for layer mcon
[DRT-0349] LEF58_ENCLOSURE with no CUTCLASS is not supported. Skipping for layer mcon
[DRT-0349] LEF58_ENCLOSURE with no CUTCLASS is not supported. Skipping for layer via
[DRT-0349] LEF58_ENCLOSURE with no CUTCLASS is not supported. Skipping for layer via
[DRT-0349] LEF58_ENCLOSURE with no CUTCLASS is not supported. Skipping for layer via2
[DRT-0349] LEF58_ENCLOSURE with no CUTCLASS is not supported. Skipping for layer via2
[DRT-0349] LEF58_ENCLOSURE with no CUTCLASS is not supported. Skipping for layer via3
[DRT-0349] LEF58_ENCLOSURE with no CUTCLASS is not supported. Skipping for layer via3
[DRT-0349] LEF58_ENCLOSURE with no CUTCLASS is not supported. Skipping for layer via4
[DRT-0349] LEF58_ENCLOSURE with no CUTCLASS is not supported. Skipping for layer via4
[DRT-0120] Large net net36 has 222 pins which may impact routing performance. Consider optimization.
Running 'Odb.RemoveRoutingObstructions' at 'runs/RUN_2026-03-17_13-58-42/42-odb-removeroutingobstructions'…
'ROUTING_OBSTRUCTIONS' is not defined. Skipping 'Odb.RemoveRoutingObstructions'…
Running 'OpenROAD.CheckAntennas-1' at 'runs/RUN_2026-03-17_13-58-42/43-openroad-checkantennas-1'…
Logging subprocess to [repr.filename]'runs/RUN_2026-03-17_13-58-42/43-openroad-checkantennas-1/openroad-checkantennas-1.log'[/repr.filename]…
Running 'Checker.TrDRC' at 'runs/RUN_2026-03-17_13-58-42/44-checker-trdrc'…
Check for Routing DRC errors clear.
Running 'Odb.ReportDisconnectedPins' at 'runs/RUN_2026-03-17_13-58-42/45-odb-reportdisconnectedpins'…
Logging subprocess to [repr.filename]'runs/RUN_2026-03-17_13-58-42/45-odb-reportdisconnectedpins/odb-reportdisconnectedpins.log'[/repr.filename]…
Running 'Checker.DisconnectedPins' at 'runs/RUN_2026-03-17_13-58-42/46-checker-disconnectedpins'…
Check for critical disconnected pins clear.
Running 'Odb.ReportWireLength' at 'runs/RUN_2026-03-17_13-58-42/47-odb-reportwirelength'…
Logging subprocess to [repr.filename]'runs/RUN_2026-03-17_13-58-42/47-odb-reportwirelength/odb-reportwirelength.log'[/repr.filename]…
Running 'Checker.WireLength' at 'runs/RUN_2026-03-17_13-58-42/48-checker-wirelength'…
Threshold for Threshold-surpassing long wires is not set. The checker will be skipped.
Running 'OpenROAD.FillInsertion' at 'runs/RUN_2026-03-17_13-58-42/49-openroad-fillinsertion'…
Logging subprocess to [repr.filename]'runs/RUN_2026-03-17_13-58-42/49-openroad-fillinsertion/openroad-fillinsertion.log'[/repr.filename]…
Running 'Odb.CellFrequencyTables' at 'runs/RUN_2026-03-17_13-58-42/50-odb-cellfrequencytables'…
Logging subprocess to [repr.filename]'runs/RUN_2026-03-17_13-58-42/50-odb-cellfrequencytables/buffer_list.txt'[/repr.filename]…
Logging subprocess to [repr.filename]'runs/RUN_2026-03-17_13-58-42/50-odb-cellfrequencytables/odb-cellfrequencytables.log'[/repr.filename]…
Running 'OpenROAD.RCX' at 'runs/RUN_2026-03-17_13-58-42/51-openroad-rcx'…
Running RCX for corners matching nom_* (/work/runs/RUN_2026-03-17_13-58-42/51-openroad-rcx/nom/rcx.log)…
Running RCX for corners matching min_* (/work/runs/RUN_2026-03-17_13-58-42/51-openroad-rcx/min/rcx.log)…
Running RCX for corners matching max_* (/work/runs/RUN_2026-03-17_13-58-42/51-openroad-rcx/max/rcx.log)…
Logging subprocess to [repr.filename]'runs/RUN_2026-03-17_13-58-42/51-openroad-rcx/nom/rcx.log'[/repr.filename]…
Logging subprocess to [repr.filename]'runs/RUN_2026-03-17_13-58-42/51-openroad-rcx/max/rcx.log'[/repr.filename]…
Logging subprocess to [repr.filename]'runs/RUN_2026-03-17_13-58-42/51-openroad-rcx/min/rcx.log'[/repr.filename]…
Finished RCX for corners matching max_*.
Finished RCX for corners matching nom_*.
Finished RCX for corners matching min_*.
Running 'OpenROAD.STAPostPNR' at 'runs/RUN_2026-03-17_13-58-42/52-openroad-stapostpnr'…
Starting STA for the nom_tt_025C_1v80 timing corner…
Starting STA for the nom_ss_100C_1v60 timing corner…
Starting STA for the nom_ff_n40C_1v95 timing corner…
Starting STA for the min_tt_025C_1v80 timing corner…
Logging subprocess to [repr.filename]'runs/RUN_2026-03-17_13-58-42/52-openroad-stapostpnr/nom_tt_025C_1v80/sta.log'[/repr.filename]…
Logging subprocess to [repr.filename]'runs/RUN_2026-03-17_13-58-42/52-openroad-stapostpnr/nom_ss_100C_1v60/sta.log'[/repr.filename]…
Logging subprocess to [repr.filename]'runs/RUN_2026-03-17_13-58-42/52-openroad-stapostpnr/min_tt_025C_1v80/sta.log'[/repr.filename]…
Logging subprocess to [repr.filename]'runs/RUN_2026-03-17_13-58-42/52-openroad-stapostpnr/nom_ff_n40C_1v95/sta.log'[/repr.filename]…
Finished STA for the nom_ss_100C_1v60 timing corner.
Logging subprocess to [repr.filename]'runs/RUN_2026-03-17_13-58-42/52-openroad-stapostpnr/nom_ss_100C_1v60/filter_unannotated.log'[/repr.filename]…
Finished STA for the nom_tt_025C_1v80 timing corner.
Finished STA for the min_tt_025C_1v80 timing corner.
Finished STA for the nom_ff_n40C_1v95 timing corner.
Logging subprocess to [repr.filename]'runs/RUN_2026-03-17_13-58-42/52-openroad-stapostpnr/nom_tt_025C_1v80/filter_unannotated.log'[/repr.filename]…
Logging subprocess to [repr.filename]'runs/RUN_2026-03-17_13-58-42/52-openroad-stapostpnr/nom_ff_n40C_1v95/filter_unannotated.log'[/repr.filename]…
Logging subprocess to [repr.filename]'runs/RUN_2026-03-17_13-58-42/52-openroad-stapostpnr/min_tt_025C_1v80/filter_unannotated.log'[/repr.filename]…
Starting STA for the min_ss_100C_1v60 timing corner…
Logging subprocess to [repr.filename]'runs/RUN_2026-03-17_13-58-42/52-openroad-stapostpnr/min_ss_100C_1v60/sta.log'[/repr.filename]…
Starting STA for the min_ff_n40C_1v95 timing corner…
Logging subprocess to [repr.filename]'runs/RUN_2026-03-17_13-58-42/52-openroad-stapostpnr/min_ff_n40C_1v95/sta.log'[/repr.filename]…
Starting STA for the max_tt_025C_1v80 timing corner…
Starting STA for the max_ss_100C_1v60 timing corner…
Logging subprocess to [repr.filename]'runs/RUN_2026-03-17_13-58-42/52-openroad-stapostpnr/max_tt_025C_1v80/sta.log'[/repr.filename]…
Logging subprocess to [repr.filename]'runs/RUN_2026-03-17_13-58-42/52-openroad-stapostpnr/max_ss_100C_1v60/sta.log'[/repr.filename]…
Finished STA for the min_ss_100C_1v60 timing corner.
Logging subprocess to [repr.filename]'runs/RUN_2026-03-17_13-58-42/52-openroad-stapostpnr/min_ss_100C_1v60/filter_unannotated.log'[/repr.filename]…
Finished STA for the min_ff_n40C_1v95 timing corner.
Logging subprocess to [repr.filename]'runs/RUN_2026-03-17_13-58-42/52-openroad-stapostpnr/min_ff_n40C_1v95/filter_unannotated.log'[/repr.filename]…
Finished STA for the max_tt_025C_1v80 timing corner.
Logging subprocess to [repr.filename]'runs/RUN_2026-03-17_13-58-42/52-openroad-stapostpnr/max_tt_025C_1v80/filter_unannotated.log'[/repr.filename]…
Finished STA for the max_ss_100C_1v60 timing corner.
Logging subprocess to [repr.filename]'runs/RUN_2026-03-17_13-58-42/52-openroad-stapostpnr/max_ss_100C_1v60/filter_unannotated.log'[/repr.filename]…
Starting STA for the max_ff_n40C_1v95 timing corner…
Logging subprocess to [repr.filename]'runs/RUN_2026-03-17_13-58-42/52-openroad-stapostpnr/max_ff_n40C_1v95/sta.log'[/repr.filename]…
Finished STA for the max_ff_n40C_1v95 timing corner.
Logging subprocess to [repr.filename]'runs/RUN_2026-03-17_13-58-42/52-openroad-stapostpnr/max_ff_n40C_1v95/filter_unannotated.log'[/repr.filename]…
Running 'OpenROAD.IRDropReport' at 'runs/RUN_2026-03-17_13-58-42/53-openroad-irdropreport'…
'VSRC_LOC_FILES' was not given a value, which may make the results of IR drop analysis inaccurate. If you are not integrating a top-level chip for manufacture, you may ignore this warning, otherwise, see the documentation for 'VSRC_LOC_FILES'.
Logging subprocess to [repr.filename]'runs/RUN_2026-03-17_13-58-42/53-openroad-irdropreport/openroad-irdropreport.log'[/repr.filename]…
[INFO PSM-0040] All shapes on net VPWR are connected.
########## IR report #################
Net              : VPWR
Corner           : nom_tt_025C_1v80
Supply voltage   : 1.80e+00 V
Worstcase voltage: 1.76e+00 V
Average voltage  : 1.80e+00 V
Average IR drop  : 1.03e-03 V
Worstcase IR drop: 3.86e-02 V
Percentage drop  : 2.14 %
######################################
[INFO PSM-0040] All shapes on net VGND are connected.
########## IR report #################
Net              : VGND
Corner           : nom_tt_025C_1v80
Supply voltage   : 0.00e+00 V
Worstcase voltage: 3.75e-02 V
Average voltage  : 1.00e-03 V
Average IR drop  : 1.00e-03 V
Worstcase IR drop: 3.75e-02 V
Percentage drop  : 2.09 %
######################################

Running 'Magic.StreamOut' at 'runs/RUN_2026-03-17_13-58-42/54-magic-streamout'…
Logging subprocess to [repr.filename]'runs/RUN_2026-03-17_13-58-42/54-magic-streamout/magic-streamout.log'[/repr.filename]…
Running 'KLayout.StreamOut' at 'runs/RUN_2026-03-17_13-58-42/55-klayout-streamout'…
Logging subprocess to [repr.filename]'runs/RUN_2026-03-17_13-58-42/55-klayout-streamout/klayout-streamout.log'[/repr.filename]…
Running 'Magic.WriteLEF' at 'runs/RUN_2026-03-17_13-58-42/56-magic-writelef'…
Logging subprocess to [repr.filename]'runs/RUN_2026-03-17_13-58-42/56-magic-writelef/magic-writelef.log'[/repr.filename]…
Running 'Odb.CheckDesignAntennaProperties' at 'runs/RUN_2026-03-17_13-58-42/57-odb-checkdesignantennaproperties'…
Logging subprocess to [repr.filename]'runs/RUN_2026-03-17_13-58-42/57-odb-checkdesignantennaproperties/odb-checkdesignantennaproperties.log'[/repr.filename]…
Running 'KLayout.XOR' at 'runs/RUN_2026-03-17_13-58-42/58-klayout-xor'…
Running XOR with 4 threads…
Logging subprocess to [repr.filename]'runs/RUN_2026-03-17_13-58-42/58-klayout-xor/klayout-xor.log'[/repr.filename]…
Running 'Checker.XOR' at 'runs/RUN_2026-03-17_13-58-42/59-checker-xor'…
Check for XOR differences clear.
Running 'Magic.DRC' at 'runs/RUN_2026-03-17_13-58-42/60-magic-drc'…
Logging subprocess to [repr.filename]'runs/RUN_2026-03-17_13-58-42/60-magic-drc/magic-drc.log'[/repr.filename]…
Running 'KLayout.DRC' at 'runs/RUN_2026-03-17_13-58-42/61-klayout-drc'…
Running KLayout DRC with 4 threads…
Logging subprocess to [repr.filename]'runs/RUN_2026-03-17_13-58-42/61-klayout-drc/klayout-drc.log'[/repr.filename]…
Logging subprocess to [repr.filename]'runs/RUN_2026-03-17_13-58-42/61-klayout-drc/xml_drc_report_to_json.log'[/repr.filename]…
Running 'Checker.MagicDRC' at 'runs/RUN_2026-03-17_13-58-42/62-checker-magicdrc'…
Check for Magic DRC errors clear.
Running 'Checker.KLayoutDRC' at 'runs/RUN_2026-03-17_13-58-42/63-checker-klayoutdrc'…
Check for KLayout DRC errors clear.
Running 'Magic.SpiceExtraction' at 'runs/RUN_2026-03-17_13-58-42/64-magic-spiceextraction'…
Logging subprocess to [repr.filename]'runs/RUN_2026-03-17_13-58-42/64-magic-spiceextraction/magic-spiceextraction.log'[/repr.filename]…
Running 'Checker.IllegalOverlap' at 'runs/RUN_2026-03-17_13-58-42/65-checker-illegaloverlap'…
Check for Magic Illegal Overlap errors clear.
Running 'Netgen.LVS' at 'runs/RUN_2026-03-17_13-58-42/66-netgen-lvs'…
Logging subprocess to [repr.filename]'runs/RUN_2026-03-17_13-58-42/66-netgen-lvs/netgen-lvs.log'[/repr.filename]…
Running 'Checker.LVS' at 'runs/RUN_2026-03-17_13-58-42/67-checker-lvs'…
Check for LVS errors clear.
Gating variable for step 'Yosys.EQY' set to 'False'- the step will be skipped.
Skipping step 'Equivalence Check'…
Running 'Checker.SetupViolations' at 'runs/RUN_2026-03-17_13-58-42/68-checker-setupviolations'…
Setup violations found in the following corners:
* max_ss_100C_1v60
* min_ss_100C_1v60
* nom_ss_100C_1v60
No setup violations found
Running 'Checker.HoldViolations' at 'runs/RUN_2026-03-17_13-58-42/69-checker-holdviolations'…
No hold violations found
Running 'Checker.MaxSlewViolations' at 'runs/RUN_2026-03-17_13-58-42/70-checker-maxslewviolations'…
No max slew violations found
Running 'Checker.MaxCapViolations' at 'runs/RUN_2026-03-17_13-58-42/71-checker-maxcapviolations'…
No max cap violations found
Running 'Misc.ReportManufacturability' at 'runs/RUN_2026-03-17_13-58-42/72-misc-reportmanufacturability'…
Saving views to '/work/runs/RUN_2026-03-17_13-58-42/final'…
Flow complete.
