
===========================================================================
report_checks -unconstrained
===========================================================================
======================= min_ss_100C_1v60 Corner ===================================

Startpoint: _3302_ (rising edge-triggered flip-flop clocked by clk)
Endpoint: _3238_ (rising edge-triggered flip-flop clocked by clk)
Path Group: clk
Path Type: max

Fanout         Cap        Slew       Delay        Time   Description
---------------------------------------------------------------------------------------------
                                  0.000000    0.000000   clock clk (rise edge)
                                  0.000000    0.000000   clock source latency
     2    0.040817    0.000000    0.000000    0.000000 ^ clk (in)
                                                         clk (net)
                      0.001609    0.000805    0.000805 ^ clkbuf_0_clk/A (sky130_fd_sc_hd__clkbuf_16)
    17    0.155861    0.254714    0.344424    0.345229 ^ clkbuf_0_clk/X (sky130_fd_sc_hd__clkbuf_16)
                                                         clknet_0_clk (net)
                      0.254944    0.004929    0.350158 ^ clkbuf_3_0__f_clk/A (sky130_fd_sc_hd__clkbuf_16)
    25    0.087898    0.159624    0.385576    0.735734 ^ clkbuf_3_0__f_clk/X (sky130_fd_sc_hd__clkbuf_16)
                                                         clknet_3_0__leaf_clk (net)
                      0.159656    0.002270    0.738004 ^ _3302_/CLK (sky130_fd_sc_hd__dfrtp_4)
    15    0.047709    0.213185    1.168955    1.906959 v _3302_/Q (sky130_fd_sc_hd__dfrtp_4)
                                                         B_reg[12] (net)
                      0.213189    0.001420    1.908379 v _1910_/C (sky130_fd_sc_hd__and3_1)
     3    0.005666    0.094306    0.458011    2.366390 v _1910_/X (sky130_fd_sc_hd__and3_1)
                                                         _1175_ (net)
                      0.094306    0.000031    2.366421 v _2300_/B (sky130_fd_sc_hd__or4_1)
     4    0.009510    0.264368    1.301460    3.667881 v _2300_/X (sky130_fd_sc_hd__or4_1)
                                                         _1553_ (net)
                      0.264368    0.000070    3.667951 v _2304_/A2 (sky130_fd_sc_hd__a21o_1)
     3    0.007358    0.095619    0.433060    4.101011 v _2304_/X (sky130_fd_sc_hd__a21o_1)
                                                         _1557_ (net)
                      0.095619    0.000067    4.101078 v _2308_/C (sky130_fd_sc_hd__and3_1)
     2    0.004993    0.089269    0.393894    4.494971 v _2308_/X (sky130_fd_sc_hd__and3_1)
                                                         _1561_ (net)
                      0.089269    0.000048    4.495019 v _2310_/C (sky130_fd_sc_hd__or3_1)
     3    0.006558    0.180907    0.780706    5.275725 v _2310_/X (sky130_fd_sc_hd__or3_1)
                                                         _1563_ (net)
                      0.180907    0.000062    5.275787 v _2313_/A1 (sky130_fd_sc_hd__a21o_1)
     4    0.010078    0.117115    0.391200    5.666987 v _2313_/X (sky130_fd_sc_hd__a21o_1)
                                                         _1566_ (net)
                      0.117115    0.000091    5.667078 v _2319_/B (sky130_fd_sc_hd__and3_1)
     2    0.005473    0.092866    0.380078    6.047156 v _2319_/X (sky130_fd_sc_hd__and3_1)
                                                         _1572_ (net)
                      0.092866    0.000035    6.047191 v _2321_/C (sky130_fd_sc_hd__or3_1)
     3    0.008372    0.192678    0.806483    6.853674 v _2321_/X (sky130_fd_sc_hd__or3_1)
                                                         _1574_ (net)
                      0.192678    0.000138    6.853812 v _2326_/A1 (sky130_fd_sc_hd__a21o_1)
     4    0.010937    0.124153    0.402796    7.256608 v _2326_/X (sky130_fd_sc_hd__a21o_1)
                                                         _1579_ (net)
                      0.124153    0.000140    7.256748 v _2328_/C (sky130_fd_sc_hd__and3_1)
     2    0.004476    0.085616    0.403681    7.660429 v _2328_/X (sky130_fd_sc_hd__and3_1)
                                                         _1581_ (net)
                      0.085616    0.000042    7.660470 v _2330_/C (sky130_fd_sc_hd__or3_2)
     4    0.013786    0.229061    1.091535    8.752006 v _2330_/X (sky130_fd_sc_hd__or3_2)
                                                         _1583_ (net)
                      0.229061    0.000229    8.752234 v _2334_/A1 (sky130_fd_sc_hd__a21o_1)
     5    0.015016    0.151999    0.447692    9.199926 v _2334_/X (sky130_fd_sc_hd__a21o_1)
                                                         _1587_ (net)
                      0.151999    0.000145    9.200071 v _2338_/B (sky130_fd_sc_hd__and3_1)
     2    0.006150    0.098063    0.403067    9.603138 v _2338_/X (sky130_fd_sc_hd__and3_1)
                                                         _1591_ (net)
                      0.098063    0.000066    9.603204 v _2345_/C (sky130_fd_sc_hd__or3_1)
     3    0.008040    0.195363    0.803875   10.407079 v _2345_/X (sky130_fd_sc_hd__or3_1)
                                                         _1598_ (net)
                      0.195363    0.000060   10.407140 v _2347_/A1 (sky130_fd_sc_hd__a21o_1)
     4    0.011209    0.126394    0.406033   10.813172 v _2347_/X (sky130_fd_sc_hd__a21o_1)
                                                         _1600_ (net)
                      0.126394    0.000150   10.813322 v _2350_/C (sky130_fd_sc_hd__and3_1)
     2    0.006467    0.100512    0.421656   11.234978 v _2350_/X (sky130_fd_sc_hd__and3_1)
                                                         _1603_ (net)
                      0.100512    0.000089   11.235066 v _2352_/C (sky130_fd_sc_hd__or3_1)
     3    0.008979    0.199459    0.817379   12.052445 v _2352_/X (sky130_fd_sc_hd__or3_1)
                                                         _0106_ (net)
                      0.199459    0.000112   12.052558 v _2355_/A2 (sky130_fd_sc_hd__a21o_1)
     4    0.010331    0.119186    0.430666   12.483224 v _2355_/X (sky130_fd_sc_hd__a21o_1)
                                                         _0109_ (net)
                      0.119186    0.000131   12.483355 v _2362_/B (sky130_fd_sc_hd__and3_1)
     2    0.005523    0.093259    0.381518   12.864872 v _2362_/X (sky130_fd_sc_hd__and3_1)
                                                         _0116_ (net)
                      0.093259    0.000065   12.864937 v _2364_/C (sky130_fd_sc_hd__or3_1)
     3    0.007134    0.180292    0.789859   13.654796 v _2364_/X (sky130_fd_sc_hd__or3_1)
                                                         _0118_ (net)
                      0.180292    0.000096   13.654892 v _2366_/A2 (sky130_fd_sc_hd__a21o_1)
     4    0.010596    0.121349    0.424680   14.079572 v _2366_/X (sky130_fd_sc_hd__a21o_1)
                                                         _0120_ (net)
                      0.121349    0.000093   14.079665 v _2370_/B (sky130_fd_sc_hd__and3_1)
     2    0.005422    0.092436    0.381752   14.461417 v _2370_/X (sky130_fd_sc_hd__and3_1)
                                                         _0124_ (net)
                      0.092436    0.000058   14.461475 v _2372_/C (sky130_fd_sc_hd__or3_1)
     3    0.009036    0.200000    0.815365   15.276840 v _2372_/X (sky130_fd_sc_hd__or3_1)
                                                         _0126_ (net)
                      0.200000    0.000046   15.276886 v _2378_/A1 (sky130_fd_sc_hd__a21o_1)
     4    0.010282    0.118781    0.401025   15.677911 v _2378_/X (sky130_fd_sc_hd__a21o_1)
                                                         _0132_ (net)
                      0.118781    0.000091   15.678001 v _2383_/C (sky130_fd_sc_hd__and3_1)
     2    0.006958    0.104404    0.422039   16.100040 v _2383_/X (sky130_fd_sc_hd__and3_1)
                                                         _0137_ (net)
                      0.104404    0.000091   16.100132 v _2385_/C (sky130_fd_sc_hd__or3_1)
     3    0.007968    0.195208    0.805118   16.905249 v _2385_/X (sky130_fd_sc_hd__or3_1)
                                                         _0139_ (net)
                      0.195208    0.000068   16.905317 v _2387_/A1 (sky130_fd_sc_hd__a21o_1)
     4    0.012124    0.133954    0.412943   17.318260 v _2387_/X (sky130_fd_sc_hd__a21o_1)
                                                         _0141_ (net)
                      0.133954    0.000069   17.318329 v _2390_/B (sky130_fd_sc_hd__and3_1)
     3    0.009834    0.128376    0.425080   17.743408 v _2390_/X (sky130_fd_sc_hd__and3_1)
                                                         _0144_ (net)
                      0.128376    0.000146   17.743555 v _2392_/C (sky130_fd_sc_hd__or3_1)
     3    0.006538    0.180994    0.794126   18.537680 v _2392_/X (sky130_fd_sc_hd__or3_1)
                                                         _0146_ (net)
                      0.180994    0.000057   18.537737 v _2397_/A1 (sky130_fd_sc_hd__a21o_1)
     4    0.010820    0.123162    0.396875   18.934612 v _2397_/X (sky130_fd_sc_hd__a21o_1)
                                                         _0151_ (net)
                      0.123162    0.000073   18.934685 v _2406_/B (sky130_fd_sc_hd__and3_1)
     2    0.005479    0.092915    0.383128   19.317814 v _2406_/X (sky130_fd_sc_hd__and3_1)
                                                         _0160_ (net)
                      0.092915    0.000057   19.317871 v _2408_/C (sky130_fd_sc_hd__or3_1)
     3    0.008040    0.195878    0.802068   20.119938 v _2408_/X (sky130_fd_sc_hd__or3_1)
                                                         _0162_ (net)
                      0.195878    0.000053   20.119991 v _2410_/A2 (sky130_fd_sc_hd__a21o_1)
     3    0.006761    0.090812    0.401640   20.521631 v _2410_/X (sky130_fd_sc_hd__a21o_1)
                                                         _0164_ (net)
                      0.090812    0.000073   20.521704 v _2413_/C (sky130_fd_sc_hd__and3_1)
     2    0.004710    0.087248    0.389104   20.910809 v _2413_/X (sky130_fd_sc_hd__and3_1)
                                                         _0167_ (net)
                      0.087248    0.000043   20.910851 v _2415_/C (sky130_fd_sc_hd__or3_1)
     3    0.006794    0.183778    0.783198   21.694048 v _2415_/X (sky130_fd_sc_hd__or3_1)
                                                         _0169_ (net)
                      0.183778    0.000066   21.694115 v _2420_/A1 (sky130_fd_sc_hd__a21o_1)
     4    0.011354    0.127557    0.402139   22.096252 v _2420_/X (sky130_fd_sc_hd__a21o_1)
                                                         _0174_ (net)
                      0.127557    0.000041   22.096292 v _2428_/A1 (sky130_fd_sc_hd__a21bo_1)
     1    0.004365    0.078139    0.344029   22.440323 v _2428_/X (sky130_fd_sc_hd__a21bo_1)
                                                         _0180_ (net)
                      0.078139    0.000018   22.440340 v _2429_/B (sky130_fd_sc_hd__xor2_1)
     1    0.002403    0.120963    0.260583   22.700922 v _2429_/X (sky130_fd_sc_hd__xor2_1)
                                                         _0181_ (net)
                      0.120963    0.000016   22.700939 v _2430_/A1 (sky130_fd_sc_hd__mux2_1)
     1    0.002278    0.107737    0.660265   23.361204 v _2430_/X (sky130_fd_sc_hd__mux2_1)
                                                         _0025_ (net)
                      0.107737    0.000011   23.361214 v _3238_/D (sky130_fd_sc_hd__dfrtp_4)
                                             23.361214   data arrival time

                                140.000000  140.000000   clock clk (rise edge)
                                  0.000000  140.000000   clock source latency
     2    0.040817    0.000000    0.000000  140.000000 ^ clk (in)
                                                         clk (net)
                      0.001609    0.000810  140.000809 ^ clkbuf_0_clk/A (sky130_fd_sc_hd__clkbuf_16)
    17    0.155861    0.254714    0.344414  140.345230 ^ clkbuf_0_clk/X (sky130_fd_sc_hd__clkbuf_16)
                                                         clknet_0_clk (net)
                      0.254941    0.004889  140.350113 ^ clkbuf_3_3__f_clk/A (sky130_fd_sc_hd__clkbuf_16)
    35    0.095536    0.170302    0.393854  140.743973 ^ clkbuf_3_3__f_clk/X (sky130_fd_sc_hd__clkbuf_16)
                                                         clknet_3_3__leaf_clk (net)
                      0.170312    0.001464  140.745438 ^ _3238_/CLK (sky130_fd_sc_hd__dfrtp_4)
                                 -0.100000  140.645432   clock uncertainty
                                  0.000000  140.645432   clock reconvergence pessimism
                                 -0.263828  140.381607   library setup time
                                            140.381607   data required time
---------------------------------------------------------------------------------------------
                                            140.381607   data required time
                                            -23.361214   data arrival time
---------------------------------------------------------------------------------------------
                                            117.020393   slack (MET)




===========================================================================
report_checks --slack_max -0.01
============================================================================
======================= min_ss_100C_1v60 Corner ===================================

No paths found.


===========================================================================
 report_check_types -max_slew -max_cap -max_fanout -violators
============================================================================
======================= min_ss_100C_1v60 Corner ===================================



===========================================================================
report_parasitic_annotation -report_unannotated
============================================================================
Found 7 unannotated drivers.
 clkload0/Y
 clkload1/Y
 clkload2/Y
 clkload3/Y
 clkload4/Y
 clkload5/Y
 clkload6/Y
Found 0 partially unannotated drivers.

===========================================================================
max slew violation count 0
max fanout violation count 0
max cap violation count 0
============================================================================

===========================================================================
check_setup -verbose -unconstrained_endpoints -multiple_clock -no_clock -no_input_delay -loops -generated_clocks
===========================================================================
Warning: There are 36 input ports missing set_input_delay.
  A_in[0]
  A_in[10]
  A_in[11]
  A_in[12]
  A_in[13]
  A_in[14]
  A_in[15]
  A_in[1]
  A_in[2]
  A_in[3]
  A_in[4]
  A_in[5]
  A_in[6]
  A_in[7]
  A_in[8]
  A_in[9]
  B_in[0]
  B_in[10]
  B_in[11]
  B_in[12]
  B_in[13]
  B_in[14]
  B_in[15]
  B_in[1]
  B_in[2]
  B_in[3]
  B_in[4]
  B_in[5]
  B_in[6]
  B_in[7]
  B_in[8]
  B_in[9]
  Op_Sel[0]
  Op_Sel[1]
  Start
  rst_n
Warning: There are 17 unconstrained endpoints.
  Done
  X_out[0]
  X_out[10]
  X_out[11]
  X_out[12]
  X_out[13]
  X_out[14]
  X_out[15]
  X_out[1]
  X_out[2]
  X_out[3]
  X_out[4]
  X_out[5]
  X_out[6]
  X_out[7]
  X_out[8]
  X_out[9]
