Clock: clk
Sources: clk 
Generated: no
Virtual: yes
Propagated: no
Period: 140.000000

===========================================================================
report_clock_properties
============================================================================
Clock                   Period          Waveform
----------------------------------------------------
clk                 140.000000    0.000000 70.000000

===========================================================================
report_clock_latency
============================================================================
Clock clk
rise -> rise
    min     max
0.000000 0.000000 source latency
0.369752         network latency _3222_/CLK
        0.379684 network latency _3256_/CLK
---------------
0.369752 0.379684 latency
        0.009932 skew

fall -> fall
    min     max
0.000000 0.000000 source latency
0.365681         network latency _3222_/CLK
        0.373170 network latency _3255_/CLK
---------------
0.365681 0.373170 latency
        0.007489 skew



===========================================================================
report_clock_min_period
============================================================================
clk period_min = 10.44 fmax = 95.75
