
===========================================================================
report_checks -unconstrained
===========================================================================
======================= max_ff_n40C_1v95 Corner ===================================

Startpoint: _3302_ (rising edge-triggered flip-flop clocked by clk)
Endpoint: _3237_ (rising edge-triggered flip-flop clocked by clk)
Path Group: clk
Path Type: max

Fanout         Cap        Slew       Delay        Time   Description
---------------------------------------------------------------------------------------------
                                  0.000000    0.000000   clock clk (rise edge)
                                  0.000000    0.000000   clock source latency
     2    0.042192    0.000000    0.000000    0.000000 ^ clk (in)
                                                         clk (net)
                      0.002997    0.001498    0.001498 ^ clkbuf_0_clk/A (sky130_fd_sc_hd__clkbuf_16)
    17    0.170245    0.141210    0.152265    0.153764 ^ clkbuf_0_clk/X (sky130_fd_sc_hd__clkbuf_16)
                                                         clknet_0_clk (net)
                      0.143845    0.015304    0.169067 ^ clkbuf_3_0__f_clk/A (sky130_fd_sc_hd__clkbuf_16)
    25    0.095412    0.086534    0.152872    0.321939 ^ clkbuf_3_0__f_clk/X (sky130_fd_sc_hd__clkbuf_16)
                                                         clknet_3_0__leaf_clk (net)
                      0.087284    0.006407    0.328347 ^ _3302_/CLK (sky130_fd_sc_hd__dfrtp_4)
     6    0.025200    0.062790    0.333239    0.661585 v _3302_/Q (sky130_fd_sc_hd__dfrtp_4)
                                                         B_reg[12] (net)
                      0.062886    0.002627    0.664213 v _1910_/C (sky130_fd_sc_hd__and3_1)
     3    0.007344    0.040734    0.138811    0.803024 v _1910_/X (sky130_fd_sc_hd__and3_1)
                                                         _1175_ (net)
                      0.040739    0.000450    0.803474 v _2300_/A (sky130_fd_sc_hd__or4_4)
     4    0.009940    0.065062    0.329774    1.133247 v _2300_/X (sky130_fd_sc_hd__or4_4)
                                                         _1553_ (net)
                      0.065062    0.000562    1.133809 v _2304_/A1 (sky130_fd_sc_hd__a21o_1)
     3    0.007878    0.039045    0.123628    1.257437 v _2304_/X (sky130_fd_sc_hd__a21o_1)
                                                         _1557_ (net)
                      0.039049    0.000442    1.257879 v _2307_/A2 (sky130_fd_sc_hd__a21oi_1)
     3    0.011313    0.191985    0.182489    1.440368 ^ _2307_/Y (sky130_fd_sc_hd__a21oi_1)
                                                         _1560_ (net)
                      0.191986    0.000403    1.440771 ^ _2311_/B (sky130_fd_sc_hd__xor2_1)
     3    0.011450    0.191812    0.174696    1.615468 ^ _2311_/X (sky130_fd_sc_hd__xor2_1)
                                                         _1564_ (net)
                      0.191815    0.000587    1.616055 ^ _2313_/A2 (sky130_fd_sc_hd__a21o_1)
     4    0.010959    0.077373    0.121290    1.737344 ^ _2313_/X (sky130_fd_sc_hd__a21o_1)
                                                         _1566_ (net)
                      0.077377    0.000626    1.737971 ^ _2318_/A1 (sky130_fd_sc_hd__a21oi_1)
     3    0.011202    0.063830    0.069311    1.807281 v _2318_/Y (sky130_fd_sc_hd__a21oi_1)
                                                         _1571_ (net)
                      0.063840    0.000634    1.807916 v _2321_/B (sky130_fd_sc_hd__or3_4)
     3    0.009356    0.051303    0.236112    2.044028 v _2321_/X (sky130_fd_sc_hd__or3_4)
                                                         _1574_ (net)
                      0.051303    0.000585    2.044613 v _2326_/A1 (sky130_fd_sc_hd__a21o_1)
     4    0.010903    0.046784    0.127598    2.172211 v _2326_/X (sky130_fd_sc_hd__a21o_1)
                                                         _1579_ (net)
                      0.046793    0.000616    2.172827 v _2328_/B (sky130_fd_sc_hd__and3_1)
     2    0.006264    0.037422    0.118393    2.291220 v _2328_/X (sky130_fd_sc_hd__and3_1)
                                                         _1581_ (net)
                      0.037427    0.000405    2.291625 v _2330_/A (sky130_fd_sc_hd__or3_4)
     3    0.007517    0.049295    0.235856    2.527481 v _2330_/X (sky130_fd_sc_hd__or3_4)
                                                         _1583_ (net)
                      0.049295    0.000441    2.527923 v _2334_/A1 (sky130_fd_sc_hd__a21o_1)
     3    0.007272    0.037212    0.115870    2.643793 v _2334_/X (sky130_fd_sc_hd__a21o_1)
                                                         _1587_ (net)
                      0.037217    0.000437    2.644230 v _2337_/A1 (sky130_fd_sc_hd__a21oi_1)
     3    0.013027    0.215770    0.183203    2.827434 ^ _2337_/Y (sky130_fd_sc_hd__a21oi_1)
                                                         _1590_ (net)
                      0.215774    0.000725    2.828159 ^ _2346_/B (sky130_fd_sc_hd__xnor2_1)
     3    0.015679    0.101211    0.110502    2.938662 v _2346_/Y (sky130_fd_sc_hd__xnor2_1)
                                                         _1599_ (net)
                      0.101215    0.000701    2.939363 v _2347_/A2 (sky130_fd_sc_hd__a21o_1)
     3    0.009262    0.043462    0.155650    3.095013 v _2347_/X (sky130_fd_sc_hd__a21o_1)
                                                         _1600_ (net)
                      0.043469    0.000536    3.095549 v _2348_/A2 (sky130_fd_sc_hd__a21oi_1)
     3    0.013738    0.225710    0.208468    3.304018 ^ _2348_/Y (sky130_fd_sc_hd__a21oi_1)
                                                         _1601_ (net)
                      0.225715    0.000868    3.304886 ^ _2349_/B (sky130_fd_sc_hd__xnor2_1)
     3    0.015900    0.104272    0.112853    3.417738 v _2349_/Y (sky130_fd_sc_hd__xnor2_1)
                                                         _1602_ (net)
                      0.104278    0.000799    3.418538 v _2355_/A2 (sky130_fd_sc_hd__a21o_1)
     4    0.009346    0.043754    0.156947    3.575485 v _2355_/X (sky130_fd_sc_hd__a21o_1)
                                                         _0109_ (net)
                      0.043759    0.000485    3.575969 v _2362_/B (sky130_fd_sc_hd__and3_1)
     2    0.007510    0.041288    0.121295    3.697264 v _2362_/X (sky130_fd_sc_hd__and3_1)
                                                         _0116_ (net)
                      0.041297    0.000585    3.697849 v _2364_/C (sky130_fd_sc_hd__or3_4)
     3    0.007937    0.049740    0.201532    3.899381 v _2364_/X (sky130_fd_sc_hd__or3_4)
                                                         _0118_ (net)
                      0.049740    0.000491    3.899873 v _2366_/A1 (sky130_fd_sc_hd__a21o_1)
     4    0.011475    0.048388    0.128231    4.028103 v _2366_/X (sky130_fd_sc_hd__a21o_1)
                                                         _0120_ (net)
                      0.048410    0.000942    4.029046 v _2369_/A1 (sky130_fd_sc_hd__a21oi_1)
     3    0.012894    0.213777    0.186321    4.215367 ^ _2369_/Y (sky130_fd_sc_hd__a21oi_1)
                                                         _0123_ (net)
                      0.213778    0.000443    4.215810 ^ _2373_/B (sky130_fd_sc_hd__xnor2_1)
     4    0.013291    0.228720    0.137844    4.353653 ^ _2373_/Y (sky130_fd_sc_hd__xnor2_1)
                                                         _0127_ (net)
                      0.228723    0.000697    4.354350 ^ _2378_/A2 (sky130_fd_sc_hd__a21o_1)
     4    0.011213    0.079077    0.124209    4.478559 ^ _2378_/X (sky130_fd_sc_hd__a21o_1)
                                                         _0132_ (net)
                      0.079081    0.000658    4.479216 ^ _2382_/A2 (sky130_fd_sc_hd__a21oi_1)
     3    0.013075    0.074305    0.079825    4.559041 v _2382_/Y (sky130_fd_sc_hd__a21oi_1)
                                                         _0136_ (net)
                      0.074321    0.000876    4.559916 v _2385_/B (sky130_fd_sc_hd__or3_4)
     3    0.008679    0.050542    0.238621    4.798537 v _2385_/X (sky130_fd_sc_hd__or3_4)
                                                         _0139_ (net)
                      0.050542    0.000449    4.798987 v _2387_/A1 (sky130_fd_sc_hd__a21o_1)
     4    0.012633    0.051624    0.131579    4.930566 v _2387_/X (sky130_fd_sc_hd__a21o_1)
                                                         _0141_ (net)
                      0.051626    0.000381    4.930947 v _2390_/A (sky130_fd_sc_hd__and3_1)
     3    0.011530    0.052066    0.122267    5.053214 v _2390_/X (sky130_fd_sc_hd__and3_1)
                                                         _0144_ (net)
                      0.052078    0.000792    5.054006 v _2392_/C (sky130_fd_sc_hd__or3_4)
     3    0.007299    0.049058    0.203425    5.257431 v _2392_/X (sky130_fd_sc_hd__or3_4)
                                                         _0146_ (net)
                      0.049059    0.000437    5.257868 v _2397_/A1 (sky130_fd_sc_hd__a21o_1)
     4    0.011081    0.047262    0.127228    5.385097 v _2397_/X (sky130_fd_sc_hd__a21o_1)
                                                         _0151_ (net)
                      0.047267    0.000515    5.385611 v _2406_/A (sky130_fd_sc_hd__and3_1)
     2    0.006688    0.038730    0.106211    5.491822 v _2406_/X (sky130_fd_sc_hd__and3_1)
                                                         _0160_ (net)
                      0.038733    0.000394    5.492216 v _2408_/C (sky130_fd_sc_hd__or3_4)
     3    0.008465    0.050314    0.201791    5.694007 v _2408_/X (sky130_fd_sc_hd__or3_4)
                                                         _0162_ (net)
                      0.050314    0.000400    5.694407 v _2410_/A1 (sky130_fd_sc_hd__a21o_1)
     3    0.007516    0.037958    0.117003    5.811410 v _2410_/X (sky130_fd_sc_hd__a21o_1)
                                                         _0164_ (net)
                      0.037962    0.000403    5.811814 v _2413_/A (sky130_fd_sc_hd__and3_1)
     2    0.006083    0.036892    0.100825    5.912639 v _2413_/X (sky130_fd_sc_hd__and3_1)
                                                         _0167_ (net)
                      0.036893    0.000217    5.912855 v _2415_/C (sky130_fd_sc_hd__or3_4)
     3    0.007291    0.049026    0.199109    6.111964 v _2415_/X (sky130_fd_sc_hd__or3_4)
                                                         _0169_ (net)
                      0.049027    0.000422    6.112386 v _2420_/A1 (sky130_fd_sc_hd__a21o_1)
     4    0.011985    0.049819    0.129433    6.241819 v _2420_/X (sky130_fd_sc_hd__a21o_1)
                                                         _0174_ (net)
                      0.049824    0.000503    6.242322 v _2423_/A1 (sky130_fd_sc_hd__a21o_1)
     2    0.008655    0.041574    0.120164    6.362487 v _2423_/X (sky130_fd_sc_hd__a21o_1)
                                                         _0177_ (net)
                      0.041583    0.000613    6.363100 v _2426_/B (sky130_fd_sc_hd__xnor2_1)
     1    0.003716    0.043237    0.082697    6.445797 v _2426_/Y (sky130_fd_sc_hd__xnor2_1)
                                                         _0179_ (net)
                      0.043238    0.000227    6.446024 v _2427_/A1 (sky130_fd_sc_hd__mux2_4)
     1    0.003041    0.035807    0.145408    6.591432 v _2427_/X (sky130_fd_sc_hd__mux2_4)
                                                         _0024_ (net)
                      0.035807    0.000200    6.591632 v _3237_/D (sky130_fd_sc_hd__dfrtp_4)
                                              6.591632   data arrival time

                                 11.000000   11.000000   clock clk (rise edge)
                                  0.000000   11.000000   clock source latency
     2    0.042192    0.000000    0.000000   11.000000 ^ clk (in)
                                                         clk (net)
                      0.002997    0.001498   11.001498 ^ clkbuf_0_clk/A (sky130_fd_sc_hd__clkbuf_16)
    17    0.170245    0.141210    0.152266   11.153765 ^ clkbuf_0_clk/X (sky130_fd_sc_hd__clkbuf_16)
                                                         clknet_0_clk (net)
                      0.143658    0.014760   11.168524 ^ clkbuf_3_3__f_clk/A (sky130_fd_sc_hd__clkbuf_16)
    35    0.101613    0.091093    0.155318   11.323842 ^ clkbuf_3_3__f_clk/X (sky130_fd_sc_hd__clkbuf_16)
                                                         clknet_3_3__leaf_clk (net)
                      0.091582    0.005376   11.329218 ^ _3237_/CLK (sky130_fd_sc_hd__dfrtp_4)
                                 -0.100000   11.229218   clock uncertainty
                                  0.000000   11.229218   clock reconvergence pessimism
                                 -0.068260   11.160957   library setup time
                                             11.160957   data required time
---------------------------------------------------------------------------------------------
                                             11.160957   data required time
                                             -6.591632   data arrival time
---------------------------------------------------------------------------------------------
                                              4.569325   slack (MET)




===========================================================================
report_checks --slack_max -0.01
============================================================================
======================= max_ff_n40C_1v95 Corner ===================================

No paths found.


===========================================================================
 report_check_types -max_slew -max_cap -max_fanout -violators
============================================================================
======================= max_ff_n40C_1v95 Corner ===================================



===========================================================================
report_parasitic_annotation -report_unannotated
============================================================================
Found 7 unannotated drivers.
 clkload0/Y
 clkload1/Y
 clkload2/Y
 clkload3/Y
 clkload4/Y
 clkload5/Y
 clkload6/Y
Found 0 partially unannotated drivers.

===========================================================================
max slew violation count 0
max fanout violation count 0
max cap violation count 0
============================================================================

===========================================================================
check_setup -verbose -unconstrained_endpoints -multiple_clock -no_clock -no_input_delay -loops -generated_clocks
===========================================================================
Warning: There are 36 input ports missing set_input_delay.
  A_in[0]
  A_in[10]
  A_in[11]
  A_in[12]
  A_in[13]
  A_in[14]
  A_in[15]
  A_in[1]
  A_in[2]
  A_in[3]
  A_in[4]
  A_in[5]
  A_in[6]
  A_in[7]
  A_in[8]
  A_in[9]
  B_in[0]
  B_in[10]
  B_in[11]
  B_in[12]
  B_in[13]
  B_in[14]
  B_in[15]
  B_in[1]
  B_in[2]
  B_in[3]
  B_in[4]
  B_in[5]
  B_in[6]
  B_in[7]
  B_in[8]
  B_in[9]
  Op_Sel[0]
  Op_Sel[1]
  Start
  rst_n
Warning: There are 17 unconstrained endpoints.
  Done
  X_out[0]
  X_out[10]
  X_out[11]
  X_out[12]
  X_out[13]
  X_out[14]
  X_out[15]
  X_out[1]
  X_out[2]
  X_out[3]
  X_out[4]
  X_out[5]
  X_out[6]
  X_out[7]
  X_out[8]
  X_out[9]
