
===========================================================================
report_checks -unconstrained
===========================================================================
======================= nom_ss_100C_1v60 Corner ===================================

Startpoint: _3302_ (rising edge-triggered flip-flop clocked by clk)
Endpoint: _3238_ (rising edge-triggered flip-flop clocked by clk)
Path Group: clk
Path Type: max

Fanout         Cap        Slew       Delay        Time   Description
---------------------------------------------------------------------------------------------
                                  0.000000    0.000000   clock clk (rise edge)
                                  0.000000    0.000000   clock source latency
     2    0.040762    0.000000    0.000000    0.000000 ^ clk (in)
                                                         clk (net)
                      0.002256    0.001128    0.001128 ^ clkbuf_0_clk/A (sky130_fd_sc_hd__clkbuf_16)
    17    0.165307    0.268343    0.353207    0.354334 ^ clkbuf_0_clk/X (sky130_fd_sc_hd__clkbuf_16)
                                                         clknet_0_clk (net)
                      0.268669    0.007714    0.362048 ^ clkbuf_3_0__f_clk/A (sky130_fd_sc_hd__clkbuf_16)
    25    0.093195    0.166909    0.396309    0.758357 ^ clkbuf_3_0__f_clk/X (sky130_fd_sc_hd__clkbuf_16)
                                                         clknet_3_0__leaf_clk (net)
                      0.167018    0.003910    0.762267 ^ _3302_/CLK (sky130_fd_sc_hd__dfrtp_4)
    15    0.051290    0.221744    1.181324    1.943592 v _3302_/Q (sky130_fd_sc_hd__dfrtp_4)
                                                         B_reg[12] (net)
                      0.221769    0.002490    1.946082 v _1910_/C (sky130_fd_sc_hd__and3_1)
     3    0.005916    0.096274    0.464368    2.410450 v _1910_/X (sky130_fd_sc_hd__and3_1)
                                                         _1175_ (net)
                      0.096274    0.000094    2.410544 v _2300_/B (sky130_fd_sc_hd__or4_1)
     4    0.009549    0.257776    1.302636    3.713180 v _2300_/X (sky130_fd_sc_hd__or4_1)
                                                         _1553_ (net)
                      0.257776    0.000204    3.713384 v _2304_/A2 (sky130_fd_sc_hd__a21o_1)
     3    0.007614    0.097598    0.432523    4.145907 v _2304_/X (sky130_fd_sc_hd__a21o_1)
                                                         _1557_ (net)
                      0.097598    0.000169    4.146076 v _2308_/C (sky130_fd_sc_hd__and3_1)
     2    0.005152    0.090423    0.396188    4.542264 v _2308_/X (sky130_fd_sc_hd__and3_1)
                                                         _1561_ (net)
                      0.090423    0.000125    4.542389 v _2310_/C (sky130_fd_sc_hd__or3_1)
     3    0.007984    0.188582    0.800335    5.342724 v _2310_/X (sky130_fd_sc_hd__or3_1)
                                                         _1563_ (net)
                      0.188582    0.000200    5.342924 v _2313_/A1 (sky130_fd_sc_hd__a21o_1)
     4    0.011384    0.127878    0.404333    5.747257 v _2313_/X (sky130_fd_sc_hd__a21o_1)
                                                         _1566_ (net)
                      0.127878    0.000242    5.747499 v _2319_/B (sky130_fd_sc_hd__and3_1)
     2    0.005646    0.094174    0.386827    6.134326 v _2319_/X (sky130_fd_sc_hd__and3_1)
                                                         _1572_ (net)
                      0.094174    0.000108    6.134434 v _2321_/C (sky130_fd_sc_hd__or3_1)
     3    0.008617    0.195295    0.810204    6.944638 v _2321_/X (sky130_fd_sc_hd__or3_1)
                                                         _1574_ (net)
                      0.195295    0.000266    6.944904 v _2326_/A1 (sky130_fd_sc_hd__a21o_1)
     4    0.010972    0.124487    0.404120    7.349024 v _2326_/X (sky130_fd_sc_hd__a21o_1)
                                                         _1579_ (net)
                      0.124487    0.000243    7.349267 v _2328_/C (sky130_fd_sc_hd__and3_1)
     2    0.005531    0.093294    0.412744    7.762011 v _2328_/X (sky130_fd_sc_hd__and3_1)
                                                         _1581_ (net)
                      0.093294    0.000162    7.762172 v _2330_/C (sky130_fd_sc_hd__or3_2)
     4    0.013351    0.226232    1.089664    8.851837 v _2330_/X (sky130_fd_sc_hd__or3_2)
                                                         _1583_ (net)
                      0.226232    0.000196    8.852033 v _2334_/A1 (sky130_fd_sc_hd__a21o_1)
     5    0.015929    0.159051    0.452000    9.304033 v _2334_/X (sky130_fd_sc_hd__a21o_1)
                                                         _1587_ (net)
                      0.159051    0.000527    9.304560 v _2338_/B (sky130_fd_sc_hd__and3_1)
     2    0.006846    0.103537    0.412365    9.716926 v _2338_/X (sky130_fd_sc_hd__and3_1)
                                                         _1591_ (net)
                      0.103537    0.000161    9.717086 v _2345_/C (sky130_fd_sc_hd__or3_1)
     3    0.008039    0.188941    0.805712   10.522798 v _2345_/X (sky130_fd_sc_hd__or3_1)
                                                         _1598_ (net)
                      0.188941    0.000148   10.522946 v _2347_/A1 (sky130_fd_sc_hd__a21o_1)
     4    0.011822    0.131517    0.407812   10.930758 v _2347_/X (sky130_fd_sc_hd__a21o_1)
                                                         _1600_ (net)
                      0.131517    0.000294   10.931052 v _2350_/C (sky130_fd_sc_hd__and3_1)
     2    0.006396    0.099974    0.423549   11.354601 v _2350_/X (sky130_fd_sc_hd__and3_1)
                                                         _1603_ (net)
                      0.099974    0.000183   11.354784 v _2352_/C (sky130_fd_sc_hd__or3_1)
     3    0.009347    0.203626    0.822098   12.176882 v _2352_/X (sky130_fd_sc_hd__or3_1)
                                                         _0106_ (net)
                      0.203626    0.000292   12.177175 v _2355_/A2 (sky130_fd_sc_hd__a21o_1)
     4    0.010783    0.122916    0.435827   12.613002 v _2355_/X (sky130_fd_sc_hd__a21o_1)
                                                         _0109_ (net)
                      0.122916    0.000258   12.613259 v _2362_/B (sky130_fd_sc_hd__and3_1)
     2    0.006181    0.098307    0.388862   13.002122 v _2362_/X (sky130_fd_sc_hd__and3_1)
                                                         _0116_ (net)
                      0.098307    0.000171   13.002293 v _2364_/C (sky130_fd_sc_hd__or3_1)
     3    0.007827    0.187365    0.800961   13.803254 v _2364_/X (sky130_fd_sc_hd__or3_1)
                                                         _0118_ (net)
                      0.187365    0.000214   13.803468 v _2366_/A2 (sky130_fd_sc_hd__a21o_1)
     4    0.010446    0.120176    0.426399   14.229868 v _2366_/X (sky130_fd_sc_hd__a21o_1)
                                                         _0120_ (net)
                      0.120176    0.000220   14.230087 v _2370_/B (sky130_fd_sc_hd__and3_1)
     2    0.005109    0.090142    0.378501   14.608588 v _2370_/X (sky130_fd_sc_hd__and3_1)
                                                         _0124_ (net)
                      0.090142    0.000103   14.608691 v _2372_/C (sky130_fd_sc_hd__or3_1)
     3    0.009099    0.200728    0.815360   15.424052 v _2372_/X (sky130_fd_sc_hd__or3_1)
                                                         _0126_ (net)
                      0.200728    0.000117   15.424169 v _2378_/A1 (sky130_fd_sc_hd__a21o_1)
     4    0.009878    0.115569    0.398211   15.822380 v _2378_/X (sky130_fd_sc_hd__a21o_1)
                                                         _0132_ (net)
                      0.115569    0.000163   15.822544 v _2383_/C (sky130_fd_sc_hd__and3_1)
     2    0.006867    0.103694    0.419629   16.242172 v _2383_/X (sky130_fd_sc_hd__and3_1)
                                                         _0137_ (net)
                      0.103694    0.000160   16.242332 v _2385_/C (sky130_fd_sc_hd__or3_1)
     3    0.007675    0.185687    0.800798   17.043131 v _2385_/X (sky130_fd_sc_hd__or3_1)
                                                         _0139_ (net)
                      0.185687    0.000224   17.043354 v _2387_/A1 (sky130_fd_sc_hd__a21o_1)
     4    0.012522    0.137315    0.411720   17.455074 v _2387_/X (sky130_fd_sc_hd__a21o_1)
                                                         _0141_ (net)
                      0.137315    0.000187   17.455261 v _2390_/B (sky130_fd_sc_hd__and3_1)
     3    0.010307    0.132515    0.430600   17.885860 v _2390_/X (sky130_fd_sc_hd__and3_1)
                                                         _0144_ (net)
                      0.132515    0.000304   17.886164 v _2392_/C (sky130_fd_sc_hd__or3_1)
     3    0.006783    0.176826    0.798828   18.684992 v _2392_/X (sky130_fd_sc_hd__or3_1)
                                                         _0146_ (net)
                      0.176826    0.000163   18.685156 v _2397_/A1 (sky130_fd_sc_hd__a21o_1)
     4    0.011196    0.126312    0.397822   19.082977 v _2397_/X (sky130_fd_sc_hd__a21o_1)
                                                         _0151_ (net)
                      0.126312    0.000213   19.083191 v _2406_/B (sky130_fd_sc_hd__and3_1)
     2    0.005723    0.094778    0.386704   19.469894 v _2406_/X (sky130_fd_sc_hd__and3_1)
                                                         _0160_ (net)
                      0.094778    0.000140   19.470036 v _2408_/C (sky130_fd_sc_hd__or3_1)
     3    0.008140    0.190385    0.804002   20.274036 v _2408_/X (sky130_fd_sc_hd__or3_1)
                                                         _0162_ (net)
                      0.190385    0.000155   20.274191 v _2410_/A2 (sky130_fd_sc_hd__a21o_1)
     3    0.006879    0.091747    0.400194   20.674385 v _2410_/X (sky130_fd_sc_hd__a21o_1)
                                                         _0164_ (net)
                      0.091747    0.000163   20.674549 v _2413_/C (sky130_fd_sc_hd__and3_1)
     2    0.004949    0.088951    0.391571   21.066120 v _2413_/X (sky130_fd_sc_hd__and3_1)
                                                         _0167_ (net)
                      0.088951    0.000101   21.066221 v _2415_/C (sky130_fd_sc_hd__or3_1)
     3    0.007000    0.179092    0.786514   21.852736 v _2415_/X (sky130_fd_sc_hd__or3_1)
                                                         _0169_ (net)
                      0.179092    0.000172   21.852907 v _2420_/A1 (sky130_fd_sc_hd__a21o_1)
     4    0.012834    0.139914    0.411200   22.264107 v _2420_/X (sky130_fd_sc_hd__a21o_1)
                                                         _0174_ (net)
                      0.139914    0.000233   22.264339 v _2428_/A1 (sky130_fd_sc_hd__a21bo_1)
     1    0.004375    0.075439    0.349312   22.613651 v _2428_/X (sky130_fd_sc_hd__a21bo_1)
                                                         _0180_ (net)
                      0.075439    0.000085   22.613737 v _2429_/B (sky130_fd_sc_hd__xor2_1)
     1    0.002279    0.117234    0.258403   22.872141 v _2429_/X (sky130_fd_sc_hd__xor2_1)
                                                         _0181_ (net)
                      0.117234    0.000046   22.872187 v _2430_/A1 (sky130_fd_sc_hd__mux2_1)
     1    0.002255    0.105105    0.658378   23.530565 v _2430_/X (sky130_fd_sc_hd__mux2_1)
                                                         _0025_ (net)
                      0.105105    0.000043   23.530607 v _3238_/D (sky130_fd_sc_hd__dfrtp_4)
                                             23.530607   data arrival time

                                 80.000000   80.000000   clock clk (rise edge)
                                  0.000000   80.000000   clock source latency
     2    0.040762    0.000000    0.000000   80.000000 ^ clk (in)
                                                         clk (net)
                      0.002256    0.001130   80.001129 ^ clkbuf_0_clk/A (sky130_fd_sc_hd__clkbuf_16)
    17    0.165307    0.268343    0.353204   80.354332 ^ clkbuf_0_clk/X (sky130_fd_sc_hd__clkbuf_16)
                                                         clknet_0_clk (net)
                      0.268648    0.007461   80.361794 ^ clkbuf_3_3__f_clk/A (sky130_fd_sc_hd__clkbuf_16)
    35    0.098363    0.174131    0.401855   80.763649 ^ clkbuf_3_3__f_clk/X (sky130_fd_sc_hd__clkbuf_16)
                                                         clknet_3_3__leaf_clk (net)
                      0.174176    0.002721   80.766373 ^ _3238_/CLK (sky130_fd_sc_hd__dfrtp_4)
                                 -0.100000   80.666367   clock uncertainty
                                  0.000000   80.666367   clock reconvergence pessimism
                                 -0.261705   80.404663   library setup time
                                             80.404663   data required time
---------------------------------------------------------------------------------------------
                                             80.404663   data required time
                                            -23.530607   data arrival time
---------------------------------------------------------------------------------------------
                                             56.874054   slack (MET)




===========================================================================
report_checks --slack_max -0.01
============================================================================
======================= nom_ss_100C_1v60 Corner ===================================

No paths found.


===========================================================================
 report_check_types -max_slew -max_cap -max_fanout -violators
============================================================================
======================= nom_ss_100C_1v60 Corner ===================================



===========================================================================
report_parasitic_annotation -report_unannotated
============================================================================
Found 7 unannotated drivers.
 clkload0/Y
 clkload1/Y
 clkload2/Y
 clkload3/Y
 clkload4/Y
 clkload5/Y
 clkload6/Y
Found 0 partially unannotated drivers.

===========================================================================
max slew violation count 0
max fanout violation count 0
max cap violation count 0
============================================================================

===========================================================================
check_setup -verbose -unconstrained_endpoints -multiple_clock -no_clock -no_input_delay -loops -generated_clocks
===========================================================================
Warning: There are 36 input ports missing set_input_delay.
  A_in[0]
  A_in[10]
  A_in[11]
  A_in[12]
  A_in[13]
  A_in[14]
  A_in[15]
  A_in[1]
  A_in[2]
  A_in[3]
  A_in[4]
  A_in[5]
  A_in[6]
  A_in[7]
  A_in[8]
  A_in[9]
  B_in[0]
  B_in[10]
  B_in[11]
  B_in[12]
  B_in[13]
  B_in[14]
  B_in[15]
  B_in[1]
  B_in[2]
  B_in[3]
  B_in[4]
  B_in[5]
  B_in[6]
  B_in[7]
  B_in[8]
  B_in[9]
  Op_Sel[0]
  Op_Sel[1]
  Start
  rst_n
Warning: There are 17 unconstrained endpoints.
  Done
  X_out[0]
  X_out[10]
  X_out[11]
  X_out[12]
  X_out[13]
  X_out[14]
  X_out[15]
  X_out[1]
  X_out[2]
  X_out[3]
  X_out[4]
  X_out[5]
  X_out[6]
  X_out[7]
  X_out[8]
  X_out[9]
