
===========================================================================
report_checks -unconstrained
===========================================================================
======================= nom_tt_025C_1v80 Corner ===================================

Startpoint: _3302_ (rising edge-triggered flip-flop clocked by clk)
Endpoint: _3238_ (rising edge-triggered flip-flop clocked by clk)
Path Group: clk
Path Type: max

Fanout         Cap        Slew       Delay        Time   Description
---------------------------------------------------------------------------------------------
                                  0.000000    0.000000   clock clk (rise edge)
                                  0.000000    0.000000   clock source latency
   110    0.355737    0.000000    0.000000    0.000000 ^ clk (in)
                                                         clk (net)
                      0.042236    0.021118    0.021118 ^ _3302_/CLK (sky130_fd_sc_hd__dfrtp_2)
    15    0.058435    0.159607    0.514539    0.535657 v _3302_/Q (sky130_fd_sc_hd__dfrtp_2)
                                                         B_reg[12] (net)
                      0.159607    0.000676    0.536332 v _1910_/C (sky130_fd_sc_hd__and3_2)
     3    0.004887    0.043981    0.263160    0.799493 v _1910_/X (sky130_fd_sc_hd__and3_2)
                                                         _1175_ (net)
                      0.043981    0.000007    0.799500 v _2300_/B (sky130_fd_sc_hd__or4_2)
     4    0.010203    0.132911    0.686628    1.486128 v _2300_/X (sky130_fd_sc_hd__or4_2)
                                                         _1553_ (net)
                      0.132911    0.000035    1.486163 v _2304_/A2 (sky130_fd_sc_hd__a21o_2)
     3    0.011366    0.055352    0.267041    1.753204 v _2304_/X (sky130_fd_sc_hd__a21o_2)
                                                         _1557_ (net)
                      0.055352    0.000032    1.753235 v _2308_/C (sky130_fd_sc_hd__and3_2)
     2    0.006143    0.045917    0.219199    1.972435 v _2308_/X (sky130_fd_sc_hd__and3_2)
                                                         _1561_ (net)
                      0.045917    0.000013    1.972447 v _2310_/C (sky130_fd_sc_hd__or3_2)
     3    0.005791    0.088736    0.421962    2.394409 v _2310_/X (sky130_fd_sc_hd__or3_2)
                                                         _1563_ (net)
                      0.088736    0.000012    2.394421 v _2313_/A1 (sky130_fd_sc_hd__a21o_2)
     4    0.015646    0.063213    0.238077    2.632498 v _2313_/X (sky130_fd_sc_hd__a21o_2)
                                                         _1566_ (net)
                      0.063213    0.000072    2.632571 v _2319_/B (sky130_fd_sc_hd__and3_2)
     2    0.006828    0.047277    0.211091    2.843662 v _2319_/X (sky130_fd_sc_hd__and3_2)
                                                         _1572_ (net)
                      0.047277    0.000016    2.843678 v _2321_/C (sky130_fd_sc_hd__or3_2)
     3    0.006112    0.087696    0.424065    3.267743 v _2321_/X (sky130_fd_sc_hd__or3_2)
                                                         _1574_ (net)
                      0.087696    0.000028    3.267771 v _2326_/A1 (sky130_fd_sc_hd__a21o_2)
     4    0.013625    0.059093    0.233193    3.500964 v _2326_/X (sky130_fd_sc_hd__a21o_2)
                                                         _1579_ (net)
                      0.059093    0.000050    3.501014 v _2328_/C (sky130_fd_sc_hd__and3_2)
     2    0.006539    0.046696    0.222233    3.723247 v _2328_/X (sky130_fd_sc_hd__and3_2)
                                                         _1581_ (net)
                      0.046696    0.000021    3.723269 v _2330_/C (sky130_fd_sc_hd__or3_2)
     4    0.011307    0.108086    0.452900    4.176168 v _2330_/X (sky130_fd_sc_hd__or3_2)
                                                         _1583_ (net)
                      0.108086    0.000026    4.176194 v _2334_/A1 (sky130_fd_sc_hd__a21o_2)
     5    0.014714    0.061396    0.243806    4.420000 v _2334_/X (sky130_fd_sc_hd__a21o_2)
                                                         _1587_ (net)
                      0.061396    0.000030    4.420030 v _2338_/B (sky130_fd_sc_hd__and3_2)
     2    0.006418    0.046419    0.208902    4.628932 v _2338_/X (sky130_fd_sc_hd__and3_2)
                                                         _1591_ (net)
                      0.046419    0.000015    4.628947 v _2345_/C (sky130_fd_sc_hd__or3_2)
     3    0.006621    0.091646    0.426710    5.055657 v _2345_/X (sky130_fd_sc_hd__or3_2)
                                                         _1598_ (net)
                      0.091646    0.000013    5.055670 v _2347_/A1 (sky130_fd_sc_hd__a21o_2)
     4    0.011023    0.054452    0.227590    5.283260 v _2347_/X (sky130_fd_sc_hd__a21o_2)
                                                         _1600_ (net)
                      0.054452    0.000054    5.283313 v _2350_/C (sky130_fd_sc_hd__and3_2)
     2    0.006887    0.047447    0.221304    5.504618 v _2350_/X (sky130_fd_sc_hd__and3_2)
                                                         _1603_ (net)
                      0.047447    0.000035    5.504653 v _2352_/C (sky130_fd_sc_hd__or3_2)
     3    0.007042    0.090395    0.429285    5.933937 v _2352_/X (sky130_fd_sc_hd__or3_2)
                                                         _0106_ (net)
                      0.090395    0.000039    5.933976 v _2355_/A2 (sky130_fd_sc_hd__a21o_2)
     4    0.010318    0.052450    0.247256    6.181232 v _2355_/X (sky130_fd_sc_hd__a21o_2)
                                                         _0109_ (net)
                      0.052450    0.000031    6.181263 v _2362_/B (sky130_fd_sc_hd__and3_2)
     2    0.006658    0.046939    0.205731    6.386993 v _2362_/X (sky130_fd_sc_hd__and3_2)
                                                         _0116_ (net)
                      0.046939    0.000028    6.387022 v _2364_/C (sky130_fd_sc_hd__or3_2)
     3    0.005966    0.087270    0.423174    6.810195 v _2364_/X (sky130_fd_sc_hd__or3_2)
                                                         _0118_ (net)
                      0.087270    0.000023    6.810217 v _2366_/A2 (sky130_fd_sc_hd__a21o_2)
     4    0.013322    0.058450    0.255018    7.065236 v _2366_/X (sky130_fd_sc_hd__a21o_2)
                                                         _0120_ (net)
                      0.058450    0.000050    7.065286 v _2370_/B (sky130_fd_sc_hd__and3_2)
     2    0.006473    0.046552    0.207779    7.273065 v _2370_/X (sky130_fd_sc_hd__and3_2)
                                                         _0124_ (net)
                      0.046552    0.000019    7.273084 v _2372_/C (sky130_fd_sc_hd__or3_2)
     3    0.007200    0.093676    0.429965    7.703049 v _2372_/X (sky130_fd_sc_hd__or3_2)
                                                         _0126_ (net)
                      0.093676    0.000002    7.703051 v _2378_/A1 (sky130_fd_sc_hd__a21o_2)
     4    0.010739    0.053662    0.227501    7.930552 v _2378_/X (sky130_fd_sc_hd__a21o_2)
                                                         _0132_ (net)
                      0.053662    0.000034    7.930585 v _2383_/C (sky130_fd_sc_hd__and3_2)
     2    0.006736    0.048818    0.220450    8.151035 v _2383_/X (sky130_fd_sc_hd__and3_2)
                                                         _0137_ (net)
                      0.048818    0.000017    8.151052 v _2385_/C (sky130_fd_sc_hd__or3_2)
     3    0.006367    0.090768    0.425852    8.576904 v _2385_/X (sky130_fd_sc_hd__or3_2)
                                                         _0139_ (net)
                      0.090768    0.000013    8.576918 v _2387_/A1 (sky130_fd_sc_hd__a21o_2)
     4    0.010454    0.052838    0.225413    8.802331 v _2387_/X (sky130_fd_sc_hd__a21o_2)
                                                         _0141_ (net)
                      0.052838    0.000037    8.802368 v _2390_/B (sky130_fd_sc_hd__and3_2)
     3    0.009778    0.054417    0.216430    9.018798 v _2390_/X (sky130_fd_sc_hd__and3_2)
                                                         _0144_ (net)
                      0.054417    0.000027    9.018825 v _2392_/C (sky130_fd_sc_hd__or3_2)
     3    0.005264    0.086950    0.421128    9.439952 v _2392_/X (sky130_fd_sc_hd__or3_2)
                                                         _0146_ (net)
                      0.086950    0.000002    9.439954 v _2397_/A1 (sky130_fd_sc_hd__a21o_2)
     4    0.013095    0.057983    0.231729    9.671683 v _2397_/X (sky130_fd_sc_hd__a21o_2)
                                                         _0151_ (net)
                      0.057983    0.000030    9.671714 v _2406_/B (sky130_fd_sc_hd__and3_2)
     2    0.006436    0.046476    0.207447    9.879161 v _2406_/X (sky130_fd_sc_hd__and3_2)
                                                         _0160_ (net)
                      0.046476    0.000003    9.879164 v _2408_/C (sky130_fd_sc_hd__or3_2)
     3    0.009693    0.102423    0.443849   10.323013 v _2408_/X (sky130_fd_sc_hd__or3_2)
                                                         _0162_ (net)
                      0.102423    0.000024   10.323037 v _2410_/A2 (sky130_fd_sc_hd__a21o_2)
     3    0.008247    0.046894    0.245123   10.568160 v _2410_/X (sky130_fd_sc_hd__a21o_2)
                                                         _0164_ (net)
                      0.046894    0.000028   10.568189 v _2413_/C (sky130_fd_sc_hd__and3_2)
     2    0.006405    0.046338    0.216409   10.784597 v _2413_/X (sky130_fd_sc_hd__and3_2)
                                                         _0167_ (net)
                      0.046338    0.000013   10.784611 v _2415_/C (sky130_fd_sc_hd__or3_2)
     3    0.005905    0.089133    0.422696   11.207307 v _2415_/X (sky130_fd_sc_hd__or3_2)
                                                         _0169_ (net)
                      0.089133    0.000019   11.207325 v _2420_/A1 (sky130_fd_sc_hd__a21o_2)
     4    0.012413    0.056622    0.231053   11.438378 v _2420_/X (sky130_fd_sc_hd__a21o_2)
                                                         _0174_ (net)
                      0.056622    0.000020   11.438398 v _2428_/A1 (sky130_fd_sc_hd__a21bo_2)
     1    0.008091    0.049044    0.208301   11.646699 v _2428_/X (sky130_fd_sc_hd__a21bo_2)
                                                         _0180_ (net)
                      0.049044    0.000009   11.646708 v _2429_/B (sky130_fd_sc_hd__xor2_2)
     1    0.002392    0.055441    0.133124   11.779832 v _2429_/X (sky130_fd_sc_hd__xor2_2)
                                                         _0181_ (net)
                      0.055441    0.000005   11.779837 v _2430_/A1 (sky130_fd_sc_hd__mux2_1)
     1    0.002266    0.053466    0.285425   12.065262 v _2430_/X (sky130_fd_sc_hd__mux2_1)
                                                         _0025_ (net)
                      0.053466    0.000004   12.065266 v _3238_/D (sky130_fd_sc_hd__dfrtp_2)
                                             12.065266   data arrival time

                                  5.000000    5.000000   clock clk (rise edge)
                                  0.000000    5.000000   clock source latency
   110    0.355737    0.000000    0.000000    5.000000 ^ clk (in)
                                                         clk (net)
                      0.041095    0.020548    5.020548 ^ _3238_/CLK (sky130_fd_sc_hd__dfrtp_2)
                                 -0.100000    4.920547   clock uncertainty
                                  0.000000    4.920547   clock reconvergence pessimism
                                 -0.120113    4.800435   library setup time
                                              4.800435   data required time
---------------------------------------------------------------------------------------------
                                              4.800435   data required time
                                            -12.065266   data arrival time
---------------------------------------------------------------------------------------------
                                             -7.264831   slack (VIOLATED)




===========================================================================
report_checks --slack_max -0.01
============================================================================
======================= nom_tt_025C_1v80 Corner ===================================

Startpoint: _3302_ (rising edge-triggered flip-flop clocked by clk)
Endpoint: _3238_ (rising edge-triggered flip-flop clocked by clk)
Path Group: clk
Path Type: max

Fanout         Cap        Slew       Delay        Time   Description
---------------------------------------------------------------------------------------------
                                  0.000000    0.000000   clock clk (rise edge)
                                  0.000000    0.000000   clock source latency
   110    0.355737    0.000000    0.000000    0.000000 ^ clk (in)
                                                         clk (net)
                      0.042236    0.021118    0.021118 ^ _3302_/CLK (sky130_fd_sc_hd__dfrtp_2)
    15    0.058435    0.159607    0.514539    0.535657 v _3302_/Q (sky130_fd_sc_hd__dfrtp_2)
                                                         B_reg[12] (net)
                      0.159607    0.000676    0.536332 v _1910_/C (sky130_fd_sc_hd__and3_2)
     3    0.004887    0.043981    0.263160    0.799493 v _1910_/X (sky130_fd_sc_hd__and3_2)
                                                         _1175_ (net)
                      0.043981    0.000007    0.799500 v _2300_/B (sky130_fd_sc_hd__or4_2)
     4    0.010203    0.132911    0.686628    1.486128 v _2300_/X (sky130_fd_sc_hd__or4_2)
                                                         _1553_ (net)
                      0.132911    0.000035    1.486163 v _2304_/A2 (sky130_fd_sc_hd__a21o_2)
     3    0.011366    0.055352    0.267041    1.753204 v _2304_/X (sky130_fd_sc_hd__a21o_2)
                                                         _1557_ (net)
                      0.055352    0.000032    1.753235 v _2308_/C (sky130_fd_sc_hd__and3_2)
     2    0.006143    0.045917    0.219199    1.972435 v _2308_/X (sky130_fd_sc_hd__and3_2)
                                                         _1561_ (net)
                      0.045917    0.000013    1.972447 v _2310_/C (sky130_fd_sc_hd__or3_2)
     3    0.005791    0.088736    0.421962    2.394409 v _2310_/X (sky130_fd_sc_hd__or3_2)
                                                         _1563_ (net)
                      0.088736    0.000012    2.394421 v _2313_/A1 (sky130_fd_sc_hd__a21o_2)
     4    0.015646    0.063213    0.238077    2.632498 v _2313_/X (sky130_fd_sc_hd__a21o_2)
                                                         _1566_ (net)
                      0.063213    0.000072    2.632571 v _2319_/B (sky130_fd_sc_hd__and3_2)
     2    0.006828    0.047277    0.211091    2.843662 v _2319_/X (sky130_fd_sc_hd__and3_2)
                                                         _1572_ (net)
                      0.047277    0.000016    2.843678 v _2321_/C (sky130_fd_sc_hd__or3_2)
     3    0.006112    0.087696    0.424065    3.267743 v _2321_/X (sky130_fd_sc_hd__or3_2)
                                                         _1574_ (net)
                      0.087696    0.000028    3.267771 v _2326_/A1 (sky130_fd_sc_hd__a21o_2)
     4    0.013625    0.059093    0.233193    3.500964 v _2326_/X (sky130_fd_sc_hd__a21o_2)
                                                         _1579_ (net)
                      0.059093    0.000050    3.501014 v _2328_/C (sky130_fd_sc_hd__and3_2)
     2    0.006539    0.046696    0.222233    3.723247 v _2328_/X (sky130_fd_sc_hd__and3_2)
                                                         _1581_ (net)
                      0.046696    0.000021    3.723269 v _2330_/C (sky130_fd_sc_hd__or3_2)
     4    0.011307    0.108086    0.452900    4.176168 v _2330_/X (sky130_fd_sc_hd__or3_2)
                                                         _1583_ (net)
                      0.108086    0.000026    4.176194 v _2334_/A1 (sky130_fd_sc_hd__a21o_2)
     5    0.014714    0.061396    0.243806    4.420000 v _2334_/X (sky130_fd_sc_hd__a21o_2)
                                                         _1587_ (net)
                      0.061396    0.000030    4.420030 v _2338_/B (sky130_fd_sc_hd__and3_2)
     2    0.006418    0.046419    0.208902    4.628932 v _2338_/X (sky130_fd_sc_hd__and3_2)
                                                         _1591_ (net)
                      0.046419    0.000015    4.628947 v _2345_/C (sky130_fd_sc_hd__or3_2)
     3    0.006621    0.091646    0.426710    5.055657 v _2345_/X (sky130_fd_sc_hd__or3_2)
                                                         _1598_ (net)
                      0.091646    0.000013    5.055670 v _2347_/A1 (sky130_fd_sc_hd__a21o_2)
     4    0.011023    0.054452    0.227590    5.283260 v _2347_/X (sky130_fd_sc_hd__a21o_2)
                                                         _1600_ (net)
                      0.054452    0.000054    5.283313 v _2350_/C (sky130_fd_sc_hd__and3_2)
     2    0.006887    0.047447    0.221304    5.504618 v _2350_/X (sky130_fd_sc_hd__and3_2)
                                                         _1603_ (net)
                      0.047447    0.000035    5.504653 v _2352_/C (sky130_fd_sc_hd__or3_2)
     3    0.007042    0.090395    0.429285    5.933937 v _2352_/X (sky130_fd_sc_hd__or3_2)
                                                         _0106_ (net)
                      0.090395    0.000039    5.933976 v _2355_/A2 (sky130_fd_sc_hd__a21o_2)
     4    0.010318    0.052450    0.247256    6.181232 v _2355_/X (sky130_fd_sc_hd__a21o_2)
                                                         _0109_ (net)
                      0.052450    0.000031    6.181263 v _2362_/B (sky130_fd_sc_hd__and3_2)
     2    0.006658    0.046939    0.205731    6.386993 v _2362_/X (sky130_fd_sc_hd__and3_2)
                                                         _0116_ (net)
                      0.046939    0.000028    6.387022 v _2364_/C (sky130_fd_sc_hd__or3_2)
     3    0.005966    0.087270    0.423174    6.810195 v _2364_/X (sky130_fd_sc_hd__or3_2)
                                                         _0118_ (net)
                      0.087270    0.000023    6.810217 v _2366_/A2 (sky130_fd_sc_hd__a21o_2)
     4    0.013322    0.058450    0.255018    7.065236 v _2366_/X (sky130_fd_sc_hd__a21o_2)
                                                         _0120_ (net)
                      0.058450    0.000050    7.065286 v _2370_/B (sky130_fd_sc_hd__and3_2)
     2    0.006473    0.046552    0.207779    7.273065 v _2370_/X (sky130_fd_sc_hd__and3_2)
                                                         _0124_ (net)
                      0.046552    0.000019    7.273084 v _2372_/C (sky130_fd_sc_hd__or3_2)
     3    0.007200    0.093676    0.429965    7.703049 v _2372_/X (sky130_fd_sc_hd__or3_2)
                                                         _0126_ (net)
                      0.093676    0.000002    7.703051 v _2378_/A1 (sky130_fd_sc_hd__a21o_2)
     4    0.010739    0.053662    0.227501    7.930552 v _2378_/X (sky130_fd_sc_hd__a21o_2)
                                                         _0132_ (net)
                      0.053662    0.000034    7.930585 v _2383_/C (sky130_fd_sc_hd__and3_2)
     2    0.006736    0.048818    0.220450    8.151035 v _2383_/X (sky130_fd_sc_hd__and3_2)
                                                         _0137_ (net)
                      0.048818    0.000017    8.151052 v _2385_/C (sky130_fd_sc_hd__or3_2)
     3    0.006367    0.090768    0.425852    8.576904 v _2385_/X (sky130_fd_sc_hd__or3_2)
                                                         _0139_ (net)
                      0.090768    0.000013    8.576918 v _2387_/A1 (sky130_fd_sc_hd__a21o_2)
     4    0.010454    0.052838    0.225413    8.802331 v _2387_/X (sky130_fd_sc_hd__a21o_2)
                                                         _0141_ (net)
                      0.052838    0.000037    8.802368 v _2390_/B (sky130_fd_sc_hd__and3_2)
     3    0.009778    0.054417    0.216430    9.018798 v _2390_/X (sky130_fd_sc_hd__and3_2)
                                                         _0144_ (net)
                      0.054417    0.000027    9.018825 v _2392_/C (sky130_fd_sc_hd__or3_2)
     3    0.005264    0.086950    0.421128    9.439952 v _2392_/X (sky130_fd_sc_hd__or3_2)
                                                         _0146_ (net)
                      0.086950    0.000002    9.439954 v _2397_/A1 (sky130_fd_sc_hd__a21o_2)
     4    0.013095    0.057983    0.231729    9.671683 v _2397_/X (sky130_fd_sc_hd__a21o_2)
                                                         _0151_ (net)
                      0.057983    0.000030    9.671714 v _2406_/B (sky130_fd_sc_hd__and3_2)
     2    0.006436    0.046476    0.207447    9.879161 v _2406_/X (sky130_fd_sc_hd__and3_2)
                                                         _0160_ (net)
                      0.046476    0.000003    9.879164 v _2408_/C (sky130_fd_sc_hd__or3_2)
     3    0.009693    0.102423    0.443849   10.323013 v _2408_/X (sky130_fd_sc_hd__or3_2)
                                                         _0162_ (net)
                      0.102423    0.000024   10.323037 v _2410_/A2 (sky130_fd_sc_hd__a21o_2)
     3    0.008247    0.046894    0.245123   10.568160 v _2410_/X (sky130_fd_sc_hd__a21o_2)
                                                         _0164_ (net)
                      0.046894    0.000028   10.568189 v _2413_/C (sky130_fd_sc_hd__and3_2)
     2    0.006405    0.046338    0.216409   10.784597 v _2413_/X (sky130_fd_sc_hd__and3_2)
                                                         _0167_ (net)
                      0.046338    0.000013   10.784611 v _2415_/C (sky130_fd_sc_hd__or3_2)
     3    0.005905    0.089133    0.422696   11.207307 v _2415_/X (sky130_fd_sc_hd__or3_2)
                                                         _0169_ (net)
                      0.089133    0.000019   11.207325 v _2420_/A1 (sky130_fd_sc_hd__a21o_2)
     4    0.012413    0.056622    0.231053   11.438378 v _2420_/X (sky130_fd_sc_hd__a21o_2)
                                                         _0174_ (net)
                      0.056622    0.000020   11.438398 v _2428_/A1 (sky130_fd_sc_hd__a21bo_2)
     1    0.008091    0.049044    0.208301   11.646699 v _2428_/X (sky130_fd_sc_hd__a21bo_2)
                                                         _0180_ (net)
                      0.049044    0.000009   11.646708 v _2429_/B (sky130_fd_sc_hd__xor2_2)
     1    0.002392    0.055441    0.133124   11.779832 v _2429_/X (sky130_fd_sc_hd__xor2_2)
                                                         _0181_ (net)
                      0.055441    0.000005   11.779837 v _2430_/A1 (sky130_fd_sc_hd__mux2_1)
     1    0.002266    0.053466    0.285425   12.065262 v _2430_/X (sky130_fd_sc_hd__mux2_1)
                                                         _0025_ (net)
                      0.053466    0.000004   12.065266 v _3238_/D (sky130_fd_sc_hd__dfrtp_2)
                                             12.065266   data arrival time

                                  5.000000    5.000000   clock clk (rise edge)
                                  0.000000    5.000000   clock source latency
   110    0.355737    0.000000    0.000000    5.000000 ^ clk (in)
                                                         clk (net)
                      0.041095    0.020548    5.020548 ^ _3238_/CLK (sky130_fd_sc_hd__dfrtp_2)
                                 -0.100000    4.920547   clock uncertainty
                                  0.000000    4.920547   clock reconvergence pessimism
                                 -0.120113    4.800435   library setup time
                                              4.800435   data required time
---------------------------------------------------------------------------------------------
                                              4.800435   data required time
                                            -12.065266   data arrival time
---------------------------------------------------------------------------------------------
                                             -7.264831   slack (VIOLATED)




===========================================================================
 report_check_types -max_slew -max_cap -max_fanout -violators
============================================================================
======================= nom_tt_025C_1v80 Corner ===================================



===========================================================================
report_parasitic_annotation -report_unannotated
============================================================================
Found 0 unannotated drivers.
Found 0 partially unannotated drivers.

===========================================================================
max slew violation count 0
Writing metric design__max_slew_violation__count__corner:nom_tt_025C_1v80: 0
max fanout violation count 0
Writing metric design__max_fanout_violation__count__corner:nom_tt_025C_1v80: 0
max cap violation count 0
Writing metric design__max_cap_violation__count__corner:nom_tt_025C_1v80: 0
============================================================================

===========================================================================
check_setup -verbose -unconstrained_endpoints -multiple_clock -no_clock -no_input_delay -loops -generated_clocks
===========================================================================
Warning: There are 36 input ports missing set_input_delay.
  A_in[0]
  A_in[10]
  A_in[11]
  A_in[12]
  A_in[13]
  A_in[14]
  A_in[15]
  A_in[1]
  A_in[2]
  A_in[3]
  A_in[4]
  A_in[5]
  A_in[6]
  A_in[7]
  A_in[8]
  A_in[9]
  B_in[0]
  B_in[10]
  B_in[11]
  B_in[12]
  B_in[13]
  B_in[14]
  B_in[15]
  B_in[1]
  B_in[2]
  B_in[3]
  B_in[4]
  B_in[5]
  B_in[6]
  B_in[7]
  B_in[8]
  B_in[9]
  Op_Sel[0]
  Op_Sel[1]
  Start
  rst_n
Warning: There are 17 unconstrained endpoints.
  Done
  X_out[0]
  X_out[10]
  X_out[11]
  X_out[12]
  X_out[13]
  X_out[14]
  X_out[15]
  X_out[1]
  X_out[2]
  X_out[3]
  X_out[4]
  X_out[5]
  X_out[6]
  X_out[7]
  X_out[8]
  X_out[9]
