
===========================================================================
report_checks -unconstrained
===========================================================================
======================= min_ff_n40C_1v95 Corner ===================================

Startpoint: _3302_ (rising edge-triggered flip-flop clocked by clk)
Endpoint: _3238_ (rising edge-triggered flip-flop clocked by clk)
Path Group: clk
Path Type: max

Fanout         Cap        Slew       Delay        Time   Description
---------------------------------------------------------------------------------------------
                                  0.000000    0.000000   clock clk (rise edge)
                                  0.000000    0.000000   clock source latency
     2    0.043061    0.000000    0.000000    0.000000 ^ clk (in)
                                                         clk (net)
                      0.001692    0.000846    0.000846 ^ clkbuf_0_clk/A (sky130_fd_sc_hd__clkbuf_16)
    17    0.159466    0.132640    0.151350    0.152195 ^ clkbuf_0_clk/X (sky130_fd_sc_hd__clkbuf_16)
                                                         clknet_0_clk (net)
                      0.132985    0.005447    0.157642 ^ clkbuf_3_0__f_clk/A (sky130_fd_sc_hd__clkbuf_16)
    25    0.089623    0.081680    0.150405    0.308047 ^ clkbuf_3_0__f_clk/X (sky130_fd_sc_hd__clkbuf_16)
                                                         clknet_3_0__leaf_clk (net)
                      0.081786    0.001810    0.309857 ^ _3302_/CLK (sky130_fd_sc_hd__dfrtp_4)
     6    0.022445    0.060553    0.329213    0.639071 v _3302_/Q (sky130_fd_sc_hd__dfrtp_4)
                                                         B_reg[12] (net)
                      0.060553    0.000823    0.639894 v _1910_/C (sky130_fd_sc_hd__and3_1)
     3    0.006985    0.039523    0.136824    0.776717 v _1910_/X (sky130_fd_sc_hd__and3_1)
                                                         _1175_ (net)
                      0.039523    0.000067    0.776784 v _2300_/A (sky130_fd_sc_hd__or4_4)
     4    0.009524    0.064515    0.328639    1.105423 v _2300_/X (sky130_fd_sc_hd__or4_4)
                                                         _1553_ (net)
                      0.064515    0.000069    1.105492 v _2304_/A1 (sky130_fd_sc_hd__a21o_1)
     3    0.007428    0.037528    0.122253    1.227745 v _2304_/X (sky130_fd_sc_hd__a21o_1)
                                                         _1557_ (net)
                      0.037528    0.000072    1.227817 v _2307_/A2 (sky130_fd_sc_hd__a21oi_1)
     3    0.010806    0.184932    0.177016    1.404833 ^ _2307_/Y (sky130_fd_sc_hd__a21oi_1)
                                                         _1560_ (net)
                      0.184932    0.000049    1.404881 ^ _2311_/B (sky130_fd_sc_hd__xor2_1)
     3    0.010581    0.180284    0.166877    1.571759 ^ _2311_/X (sky130_fd_sc_hd__xor2_1)
                                                         _1564_ (net)
                      0.180284    0.000174    1.571932 ^ _2313_/A2 (sky130_fd_sc_hd__a21o_1)
     4    0.010822    0.076409    0.120430    1.692362 ^ _2313_/X (sky130_fd_sc_hd__a21o_1)
                                                         _1566_ (net)
                      0.076409    0.000090    1.692452 ^ _2318_/A1 (sky130_fd_sc_hd__a21oi_1)
     3    0.012583    0.068538    0.073986    1.766438 v _2318_/Y (sky130_fd_sc_hd__a21oi_1)
                                                         _1571_ (net)
                      0.068538    0.000104    1.766542 v _2321_/B (sky130_fd_sc_hd__or3_4)
     3    0.008607    0.050441    0.236500    2.003042 v _2321_/X (sky130_fd_sc_hd__or3_4)
                                                         _1574_ (net)
                      0.050441    0.000144    2.003186 v _2326_/A1 (sky130_fd_sc_hd__a21o_1)
     4    0.010488    0.045957    0.126315    2.129501 v _2326_/X (sky130_fd_sc_hd__a21o_1)
                                                         _1579_ (net)
                      0.045957    0.000128    2.129629 v _2328_/B (sky130_fd_sc_hd__and3_1)
     2    0.005226    0.034426    0.114801    2.244430 v _2328_/X (sky130_fd_sc_hd__and3_1)
                                                         _1581_ (net)
                      0.034426    0.000053    2.244483 v _2330_/A (sky130_fd_sc_hd__or3_4)
     3    0.007028    0.048735    0.233998    2.478482 v _2330_/X (sky130_fd_sc_hd__or3_4)
                                                         _1583_ (net)
                      0.048735    0.000057    2.478539 v _2334_/A1 (sky130_fd_sc_hd__a21o_1)
     3    0.007576    0.038013    0.116785    2.595323 v _2334_/X (sky130_fd_sc_hd__a21o_1)
                                                         _1587_ (net)
                      0.038013    0.000090    2.595413 v rebuffer6/A (sky130_fd_sc_hd__dlymetal6s2s_1)
     1    0.005154    0.033773    0.094398    2.689812 v rebuffer6/X (sky130_fd_sc_hd__dlymetal6s2s_1)
                                                         net59 (net)
                      0.033773    0.000037    2.689849 v _2337_/A1 (sky130_fd_sc_hd__a21oi_2)
     3    0.016048    0.156627    0.152380    2.842229 ^ _2337_/Y (sky130_fd_sc_hd__a21oi_2)
                                                         _1590_ (net)
                      0.156627    0.000157    2.842385 ^ _2346_/B (sky130_fd_sc_hd__xnor2_2)
     3    0.015722    0.069314    0.072038    2.914423 v _2346_/Y (sky130_fd_sc_hd__xnor2_2)
                                                         _1599_ (net)
                      0.069314    0.000139    2.914563 v _2347_/A2 (sky130_fd_sc_hd__a21o_1)
     3    0.008052    0.039480    0.141029    3.055592 v _2347_/X (sky130_fd_sc_hd__a21o_1)
                                                         _1600_ (net)
                      0.039480    0.000121    3.055713 v _2348_/A2 (sky130_fd_sc_hd__a21oi_1)
     3    0.012778    0.212323    0.197658    3.253371 ^ _2348_/Y (sky130_fd_sc_hd__a21oi_1)
                                                         _1601_ (net)
                      0.212323    0.000180    3.253550 ^ _2349_/B (sky130_fd_sc_hd__xnor2_1)
     3    0.016404    0.273212    0.155786    3.409336 ^ _2349_/Y (sky130_fd_sc_hd__xnor2_1)
                                                         _1602_ (net)
                      0.273212    0.000149    3.409485 ^ _2355_/A2 (sky130_fd_sc_hd__a21o_1)
     3    0.007296    0.055788    0.108886    3.518371 ^ _2355_/X (sky130_fd_sc_hd__a21o_1)
                                                         _0109_ (net)
                      0.055788    0.000070    3.518440 ^ _2360_/A1 (sky130_fd_sc_hd__a21oi_1)
     3    0.011796    0.067837    0.066752    3.585192 v _2360_/Y (sky130_fd_sc_hd__a21oi_1)
                                                         _0114_ (net)
                      0.067837    0.000145    3.585337 v _2364_/B (sky130_fd_sc_hd__or3_4)
     3    0.007378    0.049091    0.234018    3.819355 v _2364_/X (sky130_fd_sc_hd__or3_4)
                                                         _0118_ (net)
                      0.049091    0.000082    3.819437 v _2366_/A1 (sky130_fd_sc_hd__a21o_1)
     4    0.011063    0.047204    0.127422    3.946858 v _2366_/X (sky130_fd_sc_hd__a21o_1)
                                                         _0120_ (net)
                      0.047204    0.000098    3.946956 v _2370_/A (sky130_fd_sc_hd__and3_1)
     2    0.006467    0.037979    0.105651    4.052608 v _2370_/X (sky130_fd_sc_hd__and3_1)
                                                         _0124_ (net)
                      0.037979    0.000079    4.052687 v _2372_/A (sky130_fd_sc_hd__or3_4)
     3    0.008407    0.050215    0.237765    4.290452 v _2372_/X (sky130_fd_sc_hd__or3_4)
                                                         _0126_ (net)
                      0.050215    0.000033    4.290486 v _2378_/A1 (sky130_fd_sc_hd__a21o_1)
     4    0.009593    0.044310    0.123538    4.414023 v _2378_/X (sky130_fd_sc_hd__a21o_1)
                                                         _0132_ (net)
                      0.044310    0.000041    4.414065 v _2382_/A2 (sky130_fd_sc_hd__a21oi_1)
     3    0.013118    0.216954    0.202924    4.616989 ^ _2382_/Y (sky130_fd_sc_hd__a21oi_1)
                                                         _0136_ (net)
                      0.216954    0.000141    4.617130 ^ _2386_/B (sky130_fd_sc_hd__xnor2_1)
     3    0.010576    0.078669    0.086923    4.704054 v _2386_/Y (sky130_fd_sc_hd__xnor2_1)
                                                         _0140_ (net)
                      0.078670    0.000097    4.704151 v _2387_/A2 (sky130_fd_sc_hd__a21o_1)
     4    0.012410    0.050897    0.157068    4.861219 v _2387_/X (sky130_fd_sc_hd__a21o_1)
                                                         _0141_ (net)
                      0.050897    0.000061    4.861280 v _2390_/A (sky130_fd_sc_hd__and3_1)
     3    0.011591    0.052219    0.122546    4.983826 v _2390_/X (sky130_fd_sc_hd__and3_1)
                                                         _0144_ (net)
                      0.052219    0.000181    4.984006 v _2392_/C (sky130_fd_sc_hd__or3_4)
     3    0.007043    0.048751    0.203062    5.187068 v _2392_/X (sky130_fd_sc_hd__or3_4)
                                                         _0146_ (net)
                      0.048751    0.000064    5.187132 v _2397_/A1 (sky130_fd_sc_hd__a21o_1)
     4    0.010876    0.046683    0.126841    5.313973 v _2397_/X (sky130_fd_sc_hd__a21o_1)
                                                         _0151_ (net)
                      0.046683    0.000075    5.314048 v _2406_/A (sky130_fd_sc_hd__and3_1)
     2    0.006204    0.037211    0.104601    5.418649 v _2406_/X (sky130_fd_sc_hd__and3_1)
                                                         _0160_ (net)
                      0.037211    0.000071    5.418721 v _2408_/C (sky130_fd_sc_hd__or3_4)
     3    0.008421    0.050236    0.201353    5.620074 v _2408_/X (sky130_fd_sc_hd__or3_4)
                                                         _0162_ (net)
                      0.050236    0.000069    5.620143 v _2410_/A1 (sky130_fd_sc_hd__a21o_1)
     3    0.007265    0.037065    0.116421    5.736564 v _2410_/X (sky130_fd_sc_hd__a21o_1)
                                                         _0164_ (net)
                      0.037065    0.000083    5.736647 v _2413_/A (sky130_fd_sc_hd__and3_1)
     2    0.005996    0.036596    0.100325    5.836972 v _2413_/X (sky130_fd_sc_hd__and3_1)
                                                         _0167_ (net)
                      0.036596    0.000034    5.837006 v _2415_/C (sky130_fd_sc_hd__or3_4)
     3    0.007141    0.048831    0.198817    6.035823 v _2415_/X (sky130_fd_sc_hd__or3_4)
                                                         _0169_ (net)
                      0.048831    0.000069    6.035892 v _2420_/A1 (sky130_fd_sc_hd__a21o_1)
     4    0.011373    0.048050    0.128082    6.163975 v _2420_/X (sky130_fd_sc_hd__a21o_1)
                                                         _0174_ (net)
                      0.048050    0.000055    6.164030 v _2428_/A2 (sky130_fd_sc_hd__a21bo_1)
     1    0.004268    0.029885    0.129755    6.293785 v _2428_/X (sky130_fd_sc_hd__a21bo_1)
                                                         _0180_ (net)
                      0.029885    0.000017    6.293802 v _2429_/B (sky130_fd_sc_hd__xor2_1)
     1    0.002481    0.049681    0.082601    6.376403 v _2429_/X (sky130_fd_sc_hd__xor2_1)
                                                         _0181_ (net)
                      0.049681    0.000013    6.376417 v _2430_/A1 (sky130_fd_sc_hd__mux2_4)
     1    0.002373    0.034720    0.146019    6.522435 v _2430_/X (sky130_fd_sc_hd__mux2_4)
                                                         _0025_ (net)
                      0.034720    0.000012    6.522447 v _3238_/D (sky130_fd_sc_hd__dfrtp_4)
                                              6.522447   data arrival time

                                 13.000000   13.000000   clock clk (rise edge)
                                  0.000000   13.000000   clock source latency
     2    0.043061    0.000000    0.000000   13.000000 ^ clk (in)
                                                         clk (net)
                      0.001692    0.000846   13.000845 ^ clkbuf_0_clk/A (sky130_fd_sc_hd__clkbuf_16)
    17    0.159466    0.132640    0.151350   13.152195 ^ clkbuf_0_clk/X (sky130_fd_sc_hd__clkbuf_16)
                                                         clknet_0_clk (net)
                      0.132942    0.005102   13.157297 ^ clkbuf_3_3__f_clk/A (sky130_fd_sc_hd__clkbuf_16)
    35    0.094021    0.084895    0.152859   13.310156 ^ clkbuf_3_3__f_clk/X (sky130_fd_sc_hd__clkbuf_16)
                                                         clknet_3_3__leaf_clk (net)
                      0.084911    0.001183   13.311339 ^ _3238_/CLK (sky130_fd_sc_hd__dfrtp_4)
                                 -0.100000   13.211339   clock uncertainty
                                  0.000000   13.211339   clock reconvergence pessimism
                                 -0.068499   13.142840   library setup time
                                             13.142840   data required time
---------------------------------------------------------------------------------------------
                                             13.142840   data required time
                                             -6.522447   data arrival time
---------------------------------------------------------------------------------------------
                                              6.620393   slack (MET)




===========================================================================
report_checks --slack_max -0.01
============================================================================
======================= min_ff_n40C_1v95 Corner ===================================

No paths found.


===========================================================================
 report_check_types -max_slew -max_cap -max_fanout -violators
============================================================================
======================= min_ff_n40C_1v95 Corner ===================================



===========================================================================
report_parasitic_annotation -report_unannotated
============================================================================
Found 7 unannotated drivers.
 clkload0/Y
 clkload1/Y
 clkload2/Y
 clkload3/Y
 clkload4/Y
 clkload5/Y
 clkload6/Y
Found 0 partially unannotated drivers.

===========================================================================
max slew violation count 0
max fanout violation count 0
max cap violation count 0
============================================================================

===========================================================================
check_setup -verbose -unconstrained_endpoints -multiple_clock -no_clock -no_input_delay -loops -generated_clocks
===========================================================================
Warning: There are 36 input ports missing set_input_delay.
  A_in[0]
  A_in[10]
  A_in[11]
  A_in[12]
  A_in[13]
  A_in[14]
  A_in[15]
  A_in[1]
  A_in[2]
  A_in[3]
  A_in[4]
  A_in[5]
  A_in[6]
  A_in[7]
  A_in[8]
  A_in[9]
  B_in[0]
  B_in[10]
  B_in[11]
  B_in[12]
  B_in[13]
  B_in[14]
  B_in[15]
  B_in[1]
  B_in[2]
  B_in[3]
  B_in[4]
  B_in[5]
  B_in[6]
  B_in[7]
  B_in[8]
  B_in[9]
  Op_Sel[0]
  Op_Sel[1]
  Start
  rst_n
Warning: There are 17 unconstrained endpoints.
  Done
  X_out[0]
  X_out[10]
  X_out[11]
  X_out[12]
  X_out[13]
  X_out[14]
  X_out[15]
  X_out[1]
  X_out[2]
  X_out[3]
  X_out[4]
  X_out[5]
  X_out[6]
  X_out[7]
  X_out[8]
  X_out[9]
