Clock: clk
Sources: clk 
Generated: no
Virtual: yes
Propagated: no
Period: 5.000000

===========================================================================
report_clock_properties
============================================================================
Clock                   Period          Waveform
----------------------------------------------------
clk                   5.000000    0.000000  2.500000

===========================================================================
report_clock_latency
============================================================================
Clock clk
rise -> rise
    min     max
0.000000 0.000000 source latency
0.369122         network latency _3222_/CLK
        0.379689 network latency _3256_/CLK
---------------
0.369122 0.379689 latency
        0.010567 skew

fall -> fall
    min     max
0.000000 0.000000 source latency
0.365203         network latency _3222_/CLK
        0.373169 network latency _3256_/CLK
---------------
0.365203 0.373169 latency
        0.007966 skew



===========================================================================
report_clock_min_period
============================================================================
clk period_min = 9.83 fmax = 101.72
