
===========================================================================
Violator List
============================================================================
[setup reg-reg] _3302_/Q -> _3238_/D : -4.831128
[setup reg-reg] _3302_/Q -> _3237_/D : -4.818602
[setup reg-reg] _3302_/Q -> _3236_/D : -4.644530
[setup reg-reg] _3302_/Q -> _3239_/D : -4.434236
[setup reg-reg] _3289_/Q -> _3234_/D : -4.375283
[setup reg-reg] _3289_/Q -> _3232_/D : -4.222709
[setup reg-reg] _3289_/Q -> _3233_/D : -4.218522
[setup reg-reg] _3289_/Q -> _3235_/D : -3.991939
[setup reg-reg] _3256_/Q -> _3312_/D : -3.502828
[setup reg-reg] _3256_/Q -> _3311_/D : -3.424180
[setup reg-reg] _3256_/Q -> _3309_/D : -3.407253
[setup reg-reg] _3256_/Q -> _3315_/D : -3.399943
[setup reg-reg] _3304_/Q -> _3228_/D : -3.352417
[setup reg-reg] _3256_/Q -> _3308_/D : -3.314257
[setup reg-reg] _3286_/Q -> _3214_/D : -3.286319
[setup reg-reg] _3256_/Q -> _3314_/D : -3.283507
[setup reg-reg] _3256_/Q -> _3310_/D : -3.282203
[setup reg-reg] _3286_/Q -> _3213_/D : -3.250494
[setup reg-reg] _3256_/Q -> _3307_/D : -3.212904
[setup reg-reg] _3256_/Q -> _3313_/D : -3.196580
[setup reg-reg] _3304_/Q -> _3227_/D : -3.093764
[setup reg-reg] _3286_/Q -> _3212_/D : -3.063034
[setup reg-reg] _3289_/Q -> _3216_/D : -3.062401
[setup reg-reg] _3304_/Q -> _3229_/D : -2.988498
[setup reg-reg] _3256_/Q -> _3306_/D : -2.970723
[setup reg-reg] _3289_/Q -> _3215_/D : -2.897835
[setup reg-reg] _3289_/Q -> _3217_/D : -2.836735
[setup reg-reg] _3302_/Q -> _3225_/D : -2.819748
[setup reg-reg] _3302_/Q -> _3224_/D : -2.793121
[setup reg-reg] _3256_/Q -> _3316_/D : -2.745584
[setup reg-reg] _3302_/Q -> _3226_/D : -2.667625
[setup reg-reg] _3232_/Q -> _3257_/D : -1.670111
[setup reg-reg] _3232_/Q -> _3255_/D : -1.537139
[setup reg-reg] _3232_/Q -> _3256_/D : -1.421399
[setup reg-reg] _3232_/Q -> _3254_/D : -1.420225
[setup reg-reg] _3288_/Q -> _3218_/D : -1.044225
[setup reg-reg] _3288_/Q -> _3219_/D : -1.015093
[setup reg-reg] _3305_/Q -> _3231_/D : -0.473223
[setup reg-reg] _3305_/Q -> _3230_/D : -0.470457
Writing metric timing__hold_vio__count__corner:nom_tt_025C_1v80: 0
Writing metric timing__hold_r2r__ws__corner:nom_tt_025C_1v80: 0.250592
Writing metric timing__hold_r2r_vio__count__corner:nom_tt_025C_1v80: 0
Writing metric timing__setup_vio__count__corner:nom_tt_025C_1v80: 39
Writing metric timing__setup_r2r__ws__corner:nom_tt_025C_1v80: -4.831128
Writing metric timing__setup_r2r_vio__count__corner:nom_tt_025C_1v80: 39
