
===========================================================================
report_checks -unconstrained
===========================================================================
======================= nom_tt_025C_1v80 Corner ===================================

Startpoint: _3302_ (rising edge-triggered flip-flop clocked by clk)
Endpoint: _3238_ (rising edge-triggered flip-flop clocked by clk)
Path Group: clk
Path Type: max

Fanout         Cap        Slew       Delay        Time   Description
---------------------------------------------------------------------------------------------
                                  0.000000    0.000000   clock clk (rise edge)
                                  0.000000    0.000000   clock source latency
   110    0.355861    0.000000    0.000000    0.000000 ^ clk (in)
                                                         clk (net)
                      0.043228    0.021614    0.021614 ^ _3302_/CLK (sky130_fd_sc_hd__dfrtp_2)
    15    0.058441    0.159621    0.514914    0.536527 v _3302_/Q (sky130_fd_sc_hd__dfrtp_2)
                                                         B_reg[12] (net)
                      0.159622    0.000677    0.537204 v _1910_/C (sky130_fd_sc_hd__and3_2)
     3    0.004909    0.044035    0.263241    0.800445 v _1910_/X (sky130_fd_sc_hd__and3_2)
                                                         _1175_ (net)
                      0.044035    0.000008    0.800452 v _2300_/B (sky130_fd_sc_hd__or4_2)
     4    0.010098    0.132461    0.685933    1.486385 v _2300_/X (sky130_fd_sc_hd__or4_2)
                                                         _1553_ (net)
                      0.132461    0.000028    1.486413 v _2304_/A2 (sky130_fd_sc_hd__a21o_2)
     3    0.011337    0.055268    0.266782    1.753195 v _2304_/X (sky130_fd_sc_hd__a21o_2)
                                                         _1557_ (net)
                      0.055268    0.000030    1.753225 v _2308_/C (sky130_fd_sc_hd__and3_2)
     2    0.006118    0.045869    0.219079    1.972304 v _2308_/X (sky130_fd_sc_hd__and3_2)
                                                         _1561_ (net)
                      0.045869    0.000017    1.972321 v _2310_/C (sky130_fd_sc_hd__or3_2)
     3    0.005578    0.087994    0.420763    2.393084 v _2310_/X (sky130_fd_sc_hd__or3_2)
                                                         _1563_ (net)
                      0.087994    0.000004    2.393088 v _2313_/A1 (sky130_fd_sc_hd__a21o_2)
     4    0.015640    0.063198    0.237764    2.630852 v _2313_/X (sky130_fd_sc_hd__a21o_2)
                                                         _1566_ (net)
                      0.063198    0.000074    2.630926 v _2319_/B (sky130_fd_sc_hd__and3_2)
     2    0.006730    0.047066    0.210757    2.841683 v _2319_/X (sky130_fd_sc_hd__and3_2)
                                                         _1572_ (net)
                      0.047066    0.000021    2.841704 v _2321_/C (sky130_fd_sc_hd__or3_2)
     3    0.005619    0.088137    0.421272    3.262977 v _2321_/X (sky130_fd_sc_hd__or3_2)
                                                         _1574_ (net)
                      0.088137    0.000007    3.262984 v _2326_/A1 (sky130_fd_sc_hd__a21o_2)
     4    0.013633    0.059114    0.233384    3.496368 v _2326_/X (sky130_fd_sc_hd__a21o_2)
                                                         _1579_ (net)
                      0.059114    0.000057    3.496425 v _2328_/C (sky130_fd_sc_hd__and3_2)
     2    0.006429    0.046476    0.221872    3.718297 v _2328_/X (sky130_fd_sc_hd__and3_2)
                                                         _1581_ (net)
                      0.046476    0.000020    3.718318 v _2330_/C (sky130_fd_sc_hd__or3_2)
     4    0.011248    0.107877    0.452518    4.170836 v _2330_/X (sky130_fd_sc_hd__or3_2)
                                                         _1583_ (net)
                      0.107877    0.000019    4.170855 v _2334_/A1 (sky130_fd_sc_hd__a21o_2)
     5    0.014583    0.061115    0.243428    4.414282 v _2334_/X (sky130_fd_sc_hd__a21o_2)
                                                         _1587_ (net)
                      0.061115    0.000048    4.414331 v _2338_/B (sky130_fd_sc_hd__and3_2)
     2    0.006474    0.046526    0.208964    4.623295 v _2338_/X (sky130_fd_sc_hd__and3_2)
                                                         _1591_ (net)
                      0.046526    0.000019    4.623314 v _2345_/C (sky130_fd_sc_hd__or3_2)
     3    0.006622    0.091650    0.426740    5.050054 v _2345_/X (sky130_fd_sc_hd__or3_2)
                                                         _1598_ (net)
                      0.091650    0.000015    5.050069 v _2347_/A1 (sky130_fd_sc_hd__a21o_2)
     4    0.011055    0.054546    0.227695    5.277764 v _2347_/X (sky130_fd_sc_hd__a21o_2)
                                                         _1600_ (net)
                      0.054546    0.000060    5.277824 v _2350_/C (sky130_fd_sc_hd__and3_2)
     2    0.007041    0.047778    0.221869    5.499693 v _2350_/X (sky130_fd_sc_hd__and3_2)
                                                         _1603_ (net)
                      0.047778    0.000040    5.499733 v _2352_/C (sky130_fd_sc_hd__or3_2)
     3    0.007072    0.090483    0.429526    5.929259 v _2352_/X (sky130_fd_sc_hd__or3_2)
                                                         _0106_ (net)
                      0.090483    0.000041    5.929300 v _2355_/A2 (sky130_fd_sc_hd__a21o_2)
     4    0.010343    0.052523    0.247369    6.176670 v _2355_/X (sky130_fd_sc_hd__a21o_2)
                                                         _0109_ (net)
                      0.052523    0.000040    6.176709 v _2362_/B (sky130_fd_sc_hd__and3_2)
     2    0.006936    0.047530    0.206700    6.383409 v _2362_/X (sky130_fd_sc_hd__and3_2)
                                                         _0116_ (net)
                      0.047530    0.000033    6.383441 v _2364_/C (sky130_fd_sc_hd__or3_2)
     3    0.006147    0.087796    0.424315    6.807756 v _2364_/X (sky130_fd_sc_hd__or3_2)
                                                         _0118_ (net)
                      0.087796    0.000029    6.807785 v _2366_/A2 (sky130_fd_sc_hd__a21o_2)
     4    0.013058    0.057914    0.254632    7.062418 v _2366_/X (sky130_fd_sc_hd__a21o_2)
                                                         _0120_ (net)
                      0.057914    0.000036    7.062453 v _2370_/B (sky130_fd_sc_hd__and3_2)
     2    0.006468    0.046540    0.207522    7.269976 v _2370_/X (sky130_fd_sc_hd__and3_2)
                                                         _0124_ (net)
                      0.046540    0.000020    7.269995 v _2372_/C (sky130_fd_sc_hd__or3_2)
     3    0.007187    0.093631    0.429890    7.699885 v _2372_/X (sky130_fd_sc_hd__or3_2)
                                                         _0126_ (net)
                      0.093631    0.000002    7.699887 v _2378_/A1 (sky130_fd_sc_hd__a21o_2)
     4    0.010732    0.053646    0.227460    7.927347 v _2378_/X (sky130_fd_sc_hd__a21o_2)
                                                         _0132_ (net)
                      0.053646    0.000033    7.927380 v _2383_/C (sky130_fd_sc_hd__and3_2)
     2    0.006743    0.048833    0.220465    8.147844 v _2383_/X (sky130_fd_sc_hd__and3_2)
                                                         _0137_ (net)
                      0.048833    0.000018    8.147862 v _2385_/C (sky130_fd_sc_hd__or3_2)
     3    0.006370    0.090780    0.425876    8.573738 v _2385_/X (sky130_fd_sc_hd__or3_2)
                                                         _0139_ (net)
                      0.090780    0.000013    8.573751 v _2387_/A1 (sky130_fd_sc_hd__a21o_2)
     4    0.010453    0.052835    0.225413    8.799165 v _2387_/X (sky130_fd_sc_hd__a21o_2)
                                                         _0141_ (net)
                      0.052835    0.000038    8.799203 v _2390_/B (sky130_fd_sc_hd__and3_2)
     3    0.009770    0.054396    0.216401    9.015605 v _2390_/X (sky130_fd_sc_hd__and3_2)
                                                         _0144_ (net)
                      0.054396    0.000027    9.015631 v _2392_/C (sky130_fd_sc_hd__or3_2)
     3    0.005256    0.086924    0.421080    9.436711 v _2392_/X (sky130_fd_sc_hd__or3_2)
                                                         _0146_ (net)
                      0.086924    0.000002    9.436713 v _2397_/A1 (sky130_fd_sc_hd__a21o_2)
     4    0.013090    0.057972    0.231706    9.668419 v _2397_/X (sky130_fd_sc_hd__a21o_2)
                                                         _0151_ (net)
                      0.057972    0.000030    9.668449 v _2406_/B (sky130_fd_sc_hd__and3_2)
     2    0.006420    0.046443    0.207388    9.875837 v _2406_/X (sky130_fd_sc_hd__and3_2)
                                                         _0160_ (net)
                      0.046443    0.000003    9.875840 v _2408_/C (sky130_fd_sc_hd__or3_2)
     3    0.009682    0.102382    0.443778   10.319618 v _2408_/X (sky130_fd_sc_hd__or3_2)
                                                         _0162_ (net)
                      0.102382    0.000023   10.319641 v _2410_/A2 (sky130_fd_sc_hd__a21o_2)
     3    0.008258    0.046923    0.245144   10.564786 v _2410_/X (sky130_fd_sc_hd__a21o_2)
                                                         _0164_ (net)
                      0.046923    0.000028   10.564815 v _2413_/C (sky130_fd_sc_hd__and3_2)
     2    0.006404    0.046337    0.216419   10.781233 v _2413_/X (sky130_fd_sc_hd__and3_2)
                                                         _0167_ (net)
                      0.046337    0.000013   10.781246 v _2415_/C (sky130_fd_sc_hd__or3_2)
     3    0.005897    0.089103    0.422649   11.203896 v _2415_/X (sky130_fd_sc_hd__or3_2)
                                                         _0169_ (net)
                      0.089103    0.000019   11.203915 v _2420_/A1 (sky130_fd_sc_hd__a21o_2)
     4    0.012391    0.056573    0.230973   11.434888 v _2420_/X (sky130_fd_sc_hd__a21o_2)
                                                         _0174_ (net)
                      0.056573    0.000020   11.434908 v _2428_/A1 (sky130_fd_sc_hd__a21bo_2)
     1    0.008092    0.049048    0.208287   11.643194 v _2428_/X (sky130_fd_sc_hd__a21bo_2)
                                                         _0180_ (net)
                      0.049048    0.000009   11.643203 v _2429_/B (sky130_fd_sc_hd__xor2_2)
     1    0.002406    0.055480    0.133185   11.776388 v _2429_/X (sky130_fd_sc_hd__xor2_2)
                                                         _0181_ (net)
                      0.055480    0.000005   11.776394 v _2430_/A1 (sky130_fd_sc_hd__mux2_1)
     1    0.002267    0.053477    0.285456   12.061850 v _2430_/X (sky130_fd_sc_hd__mux2_1)
                                                         _0025_ (net)
                      0.053477    0.000004   12.061853 v _3238_/D (sky130_fd_sc_hd__dfrtp_2)
                                             12.061853   data arrival time

                                 10.000000   10.000000   clock clk (rise edge)
                                  0.000000   10.000000   clock source latency
   110    0.355861    0.000000    0.000000   10.000000 ^ clk (in)
                                                         clk (net)
                      0.042012    0.021006   10.021007 ^ _3238_/CLK (sky130_fd_sc_hd__dfrtp_2)
                                 -0.100000    9.921006   clock uncertainty
                                  0.000000    9.921006   clock reconvergence pessimism
                                 -0.119906    9.801101   library setup time
                                              9.801101   data required time
---------------------------------------------------------------------------------------------
                                              9.801101   data required time
                                            -12.061853   data arrival time
---------------------------------------------------------------------------------------------
                                             -2.260752   slack (VIOLATED)




===========================================================================
report_checks --slack_max -0.01
============================================================================
======================= nom_tt_025C_1v80 Corner ===================================

Startpoint: _3302_ (rising edge-triggered flip-flop clocked by clk)
Endpoint: _3238_ (rising edge-triggered flip-flop clocked by clk)
Path Group: clk
Path Type: max

Fanout         Cap        Slew       Delay        Time   Description
---------------------------------------------------------------------------------------------
                                  0.000000    0.000000   clock clk (rise edge)
                                  0.000000    0.000000   clock source latency
   110    0.355861    0.000000    0.000000    0.000000 ^ clk (in)
                                                         clk (net)
                      0.043228    0.021614    0.021614 ^ _3302_/CLK (sky130_fd_sc_hd__dfrtp_2)
    15    0.058441    0.159621    0.514914    0.536527 v _3302_/Q (sky130_fd_sc_hd__dfrtp_2)
                                                         B_reg[12] (net)
                      0.159622    0.000677    0.537204 v _1910_/C (sky130_fd_sc_hd__and3_2)
     3    0.004909    0.044035    0.263241    0.800445 v _1910_/X (sky130_fd_sc_hd__and3_2)
                                                         _1175_ (net)
                      0.044035    0.000008    0.800452 v _2300_/B (sky130_fd_sc_hd__or4_2)
     4    0.010098    0.132461    0.685933    1.486385 v _2300_/X (sky130_fd_sc_hd__or4_2)
                                                         _1553_ (net)
                      0.132461    0.000028    1.486413 v _2304_/A2 (sky130_fd_sc_hd__a21o_2)
     3    0.011337    0.055268    0.266782    1.753195 v _2304_/X (sky130_fd_sc_hd__a21o_2)
                                                         _1557_ (net)
                      0.055268    0.000030    1.753225 v _2308_/C (sky130_fd_sc_hd__and3_2)
     2    0.006118    0.045869    0.219079    1.972304 v _2308_/X (sky130_fd_sc_hd__and3_2)
                                                         _1561_ (net)
                      0.045869    0.000017    1.972321 v _2310_/C (sky130_fd_sc_hd__or3_2)
     3    0.005578    0.087994    0.420763    2.393084 v _2310_/X (sky130_fd_sc_hd__or3_2)
                                                         _1563_ (net)
                      0.087994    0.000004    2.393088 v _2313_/A1 (sky130_fd_sc_hd__a21o_2)
     4    0.015640    0.063198    0.237764    2.630852 v _2313_/X (sky130_fd_sc_hd__a21o_2)
                                                         _1566_ (net)
                      0.063198    0.000074    2.630926 v _2319_/B (sky130_fd_sc_hd__and3_2)
     2    0.006730    0.047066    0.210757    2.841683 v _2319_/X (sky130_fd_sc_hd__and3_2)
                                                         _1572_ (net)
                      0.047066    0.000021    2.841704 v _2321_/C (sky130_fd_sc_hd__or3_2)
     3    0.005619    0.088137    0.421272    3.262977 v _2321_/X (sky130_fd_sc_hd__or3_2)
                                                         _1574_ (net)
                      0.088137    0.000007    3.262984 v _2326_/A1 (sky130_fd_sc_hd__a21o_2)
     4    0.013633    0.059114    0.233384    3.496368 v _2326_/X (sky130_fd_sc_hd__a21o_2)
                                                         _1579_ (net)
                      0.059114    0.000057    3.496425 v _2328_/C (sky130_fd_sc_hd__and3_2)
     2    0.006429    0.046476    0.221872    3.718297 v _2328_/X (sky130_fd_sc_hd__and3_2)
                                                         _1581_ (net)
                      0.046476    0.000020    3.718318 v _2330_/C (sky130_fd_sc_hd__or3_2)
     4    0.011248    0.107877    0.452518    4.170836 v _2330_/X (sky130_fd_sc_hd__or3_2)
                                                         _1583_ (net)
                      0.107877    0.000019    4.170855 v _2334_/A1 (sky130_fd_sc_hd__a21o_2)
     5    0.014583    0.061115    0.243428    4.414282 v _2334_/X (sky130_fd_sc_hd__a21o_2)
                                                         _1587_ (net)
                      0.061115    0.000048    4.414331 v _2338_/B (sky130_fd_sc_hd__and3_2)
     2    0.006474    0.046526    0.208964    4.623295 v _2338_/X (sky130_fd_sc_hd__and3_2)
                                                         _1591_ (net)
                      0.046526    0.000019    4.623314 v _2345_/C (sky130_fd_sc_hd__or3_2)
     3    0.006622    0.091650    0.426740    5.050054 v _2345_/X (sky130_fd_sc_hd__or3_2)
                                                         _1598_ (net)
                      0.091650    0.000015    5.050069 v _2347_/A1 (sky130_fd_sc_hd__a21o_2)
     4    0.011055    0.054546    0.227695    5.277764 v _2347_/X (sky130_fd_sc_hd__a21o_2)
                                                         _1600_ (net)
                      0.054546    0.000060    5.277824 v _2350_/C (sky130_fd_sc_hd__and3_2)
     2    0.007041    0.047778    0.221869    5.499693 v _2350_/X (sky130_fd_sc_hd__and3_2)
                                                         _1603_ (net)
                      0.047778    0.000040    5.499733 v _2352_/C (sky130_fd_sc_hd__or3_2)
     3    0.007072    0.090483    0.429526    5.929259 v _2352_/X (sky130_fd_sc_hd__or3_2)
                                                         _0106_ (net)
                      0.090483    0.000041    5.929300 v _2355_/A2 (sky130_fd_sc_hd__a21o_2)
     4    0.010343    0.052523    0.247369    6.176670 v _2355_/X (sky130_fd_sc_hd__a21o_2)
                                                         _0109_ (net)
                      0.052523    0.000040    6.176709 v _2362_/B (sky130_fd_sc_hd__and3_2)
     2    0.006936    0.047530    0.206700    6.383409 v _2362_/X (sky130_fd_sc_hd__and3_2)
                                                         _0116_ (net)
                      0.047530    0.000033    6.383441 v _2364_/C (sky130_fd_sc_hd__or3_2)
     3    0.006147    0.087796    0.424315    6.807756 v _2364_/X (sky130_fd_sc_hd__or3_2)
                                                         _0118_ (net)
                      0.087796    0.000029    6.807785 v _2366_/A2 (sky130_fd_sc_hd__a21o_2)
     4    0.013058    0.057914    0.254632    7.062418 v _2366_/X (sky130_fd_sc_hd__a21o_2)
                                                         _0120_ (net)
                      0.057914    0.000036    7.062453 v _2370_/B (sky130_fd_sc_hd__and3_2)
     2    0.006468    0.046540    0.207522    7.269976 v _2370_/X (sky130_fd_sc_hd__and3_2)
                                                         _0124_ (net)
                      0.046540    0.000020    7.269995 v _2372_/C (sky130_fd_sc_hd__or3_2)
     3    0.007187    0.093631    0.429890    7.699885 v _2372_/X (sky130_fd_sc_hd__or3_2)
                                                         _0126_ (net)
                      0.093631    0.000002    7.699887 v _2378_/A1 (sky130_fd_sc_hd__a21o_2)
     4    0.010732    0.053646    0.227460    7.927347 v _2378_/X (sky130_fd_sc_hd__a21o_2)
                                                         _0132_ (net)
                      0.053646    0.000033    7.927380 v _2383_/C (sky130_fd_sc_hd__and3_2)
     2    0.006743    0.048833    0.220465    8.147844 v _2383_/X (sky130_fd_sc_hd__and3_2)
                                                         _0137_ (net)
                      0.048833    0.000018    8.147862 v _2385_/C (sky130_fd_sc_hd__or3_2)
     3    0.006370    0.090780    0.425876    8.573738 v _2385_/X (sky130_fd_sc_hd__or3_2)
                                                         _0139_ (net)
                      0.090780    0.000013    8.573751 v _2387_/A1 (sky130_fd_sc_hd__a21o_2)
     4    0.010453    0.052835    0.225413    8.799165 v _2387_/X (sky130_fd_sc_hd__a21o_2)
                                                         _0141_ (net)
                      0.052835    0.000038    8.799203 v _2390_/B (sky130_fd_sc_hd__and3_2)
     3    0.009770    0.054396    0.216401    9.015605 v _2390_/X (sky130_fd_sc_hd__and3_2)
                                                         _0144_ (net)
                      0.054396    0.000027    9.015631 v _2392_/C (sky130_fd_sc_hd__or3_2)
     3    0.005256    0.086924    0.421080    9.436711 v _2392_/X (sky130_fd_sc_hd__or3_2)
                                                         _0146_ (net)
                      0.086924    0.000002    9.436713 v _2397_/A1 (sky130_fd_sc_hd__a21o_2)
     4    0.013090    0.057972    0.231706    9.668419 v _2397_/X (sky130_fd_sc_hd__a21o_2)
                                                         _0151_ (net)
                      0.057972    0.000030    9.668449 v _2406_/B (sky130_fd_sc_hd__and3_2)
     2    0.006420    0.046443    0.207388    9.875837 v _2406_/X (sky130_fd_sc_hd__and3_2)
                                                         _0160_ (net)
                      0.046443    0.000003    9.875840 v _2408_/C (sky130_fd_sc_hd__or3_2)
     3    0.009682    0.102382    0.443778   10.319618 v _2408_/X (sky130_fd_sc_hd__or3_2)
                                                         _0162_ (net)
                      0.102382    0.000023   10.319641 v _2410_/A2 (sky130_fd_sc_hd__a21o_2)
     3    0.008258    0.046923    0.245144   10.564786 v _2410_/X (sky130_fd_sc_hd__a21o_2)
                                                         _0164_ (net)
                      0.046923    0.000028   10.564815 v _2413_/C (sky130_fd_sc_hd__and3_2)
     2    0.006404    0.046337    0.216419   10.781233 v _2413_/X (sky130_fd_sc_hd__and3_2)
                                                         _0167_ (net)
                      0.046337    0.000013   10.781246 v _2415_/C (sky130_fd_sc_hd__or3_2)
     3    0.005897    0.089103    0.422649   11.203896 v _2415_/X (sky130_fd_sc_hd__or3_2)
                                                         _0169_ (net)
                      0.089103    0.000019   11.203915 v _2420_/A1 (sky130_fd_sc_hd__a21o_2)
     4    0.012391    0.056573    0.230973   11.434888 v _2420_/X (sky130_fd_sc_hd__a21o_2)
                                                         _0174_ (net)
                      0.056573    0.000020   11.434908 v _2428_/A1 (sky130_fd_sc_hd__a21bo_2)
     1    0.008092    0.049048    0.208287   11.643194 v _2428_/X (sky130_fd_sc_hd__a21bo_2)
                                                         _0180_ (net)
                      0.049048    0.000009   11.643203 v _2429_/B (sky130_fd_sc_hd__xor2_2)
     1    0.002406    0.055480    0.133185   11.776388 v _2429_/X (sky130_fd_sc_hd__xor2_2)
                                                         _0181_ (net)
                      0.055480    0.000005   11.776394 v _2430_/A1 (sky130_fd_sc_hd__mux2_1)
     1    0.002267    0.053477    0.285456   12.061850 v _2430_/X (sky130_fd_sc_hd__mux2_1)
                                                         _0025_ (net)
                      0.053477    0.000004   12.061853 v _3238_/D (sky130_fd_sc_hd__dfrtp_2)
                                             12.061853   data arrival time

                                 10.000000   10.000000   clock clk (rise edge)
                                  0.000000   10.000000   clock source latency
   110    0.355861    0.000000    0.000000   10.000000 ^ clk (in)
                                                         clk (net)
                      0.042012    0.021006   10.021007 ^ _3238_/CLK (sky130_fd_sc_hd__dfrtp_2)
                                 -0.100000    9.921006   clock uncertainty
                                  0.000000    9.921006   clock reconvergence pessimism
                                 -0.119906    9.801101   library setup time
                                              9.801101   data required time
---------------------------------------------------------------------------------------------
                                              9.801101   data required time
                                            -12.061853   data arrival time
---------------------------------------------------------------------------------------------
                                             -2.260752   slack (VIOLATED)




===========================================================================
 report_check_types -max_slew -max_cap -max_fanout -violators
============================================================================
======================= nom_tt_025C_1v80 Corner ===================================



===========================================================================
report_parasitic_annotation -report_unannotated
============================================================================
Found 0 unannotated drivers.
Found 0 partially unannotated drivers.

===========================================================================
max slew violation count 0
Writing metric design__max_slew_violation__count__corner:nom_tt_025C_1v80: 0
max fanout violation count 0
Writing metric design__max_fanout_violation__count__corner:nom_tt_025C_1v80: 0
max cap violation count 0
Writing metric design__max_cap_violation__count__corner:nom_tt_025C_1v80: 0
============================================================================

===========================================================================
check_setup -verbose -unconstrained_endpoints -multiple_clock -no_clock -no_input_delay -loops -generated_clocks
===========================================================================
Warning: There are 36 input ports missing set_input_delay.
  A_in[0]
  A_in[10]
  A_in[11]
  A_in[12]
  A_in[13]
  A_in[14]
  A_in[15]
  A_in[1]
  A_in[2]
  A_in[3]
  A_in[4]
  A_in[5]
  A_in[6]
  A_in[7]
  A_in[8]
  A_in[9]
  B_in[0]
  B_in[10]
  B_in[11]
  B_in[12]
  B_in[13]
  B_in[14]
  B_in[15]
  B_in[1]
  B_in[2]
  B_in[3]
  B_in[4]
  B_in[5]
  B_in[6]
  B_in[7]
  B_in[8]
  B_in[9]
  Op_Sel[0]
  Op_Sel[1]
  Start
  rst_n
Warning: There are 17 unconstrained endpoints.
  Done
  X_out[0]
  X_out[10]
  X_out[11]
  X_out[12]
  X_out[13]
  X_out[14]
  X_out[15]
  X_out[1]
  X_out[2]
  X_out[3]
  X_out[4]
  X_out[5]
  X_out[6]
  X_out[7]
  X_out[8]
  X_out[9]
