Clock: clk
Sources: clk 
Generated: no
Virtual: yes
Propagated: no
Period: 60.000000

===========================================================================
report_clock_properties
============================================================================
Clock                   Period          Waveform
----------------------------------------------------
clk                  60.000000    0.000000 30.000000

===========================================================================
report_clock_latency
============================================================================
Clock clk
rise -> rise
    min     max
0.000000 0.000000 source latency
0.437281         network latency _3220_/CLK
        0.461716 network latency _3295_/CLK
---------------
0.437281 0.461716 latency
        0.024435 skew

fall -> fall
    min     max
0.000000 0.000000 source latency
0.413962         network latency _3220_/CLK
        0.433825 network latency _3295_/CLK
---------------
0.413962 0.433825 latency
        0.019863 skew



===========================================================================
report_clock_min_period
============================================================================
clk period_min = 10.78 fmax = 92.74
