Reading OpenROAD database at '/work/runs/RUN_2026-03-17_14-13-19/39-openroad-repairantennas/1-diodeinsertion/rns_top_crt.odb'…
Reading library file at '/pdk/volare/sky130/versions/0fe599b2afb6708d281543108caf8310912f54af/sky130A/libs.ref/sky130_fd_sc_hd/lib/sky130_fd_sc_hd__tt_025C_1v80.lib'…
Reading design constraints file at 'designs/_shared/ll_policy/constraints.sdc'…
[INFO] No information on clock propagation in input SDC file-- propagating all clocks.
[INFO ORD-0030] Using 4 thread(s).
[INFO DRT-0149] Reading tech and libs.
[WARNING DRT-0349] LEF58_ENCLOSURE with no CUTCLASS is not supported. Skipping for layer mcon
[WARNING DRT-0349] LEF58_ENCLOSURE with no CUTCLASS is not supported. Skipping for layer mcon
[WARNING DRT-0349] LEF58_ENCLOSURE with no CUTCLASS is not supported. Skipping for layer via
[WARNING DRT-0349] LEF58_ENCLOSURE with no CUTCLASS is not supported. Skipping for layer via
[WARNING DRT-0349] LEF58_ENCLOSURE with no CUTCLASS is not supported. Skipping for layer via2
[WARNING DRT-0349] LEF58_ENCLOSURE with no CUTCLASS is not supported. Skipping for layer via2
[WARNING DRT-0349] LEF58_ENCLOSURE with no CUTCLASS is not supported. Skipping for layer via3
[WARNING DRT-0349] LEF58_ENCLOSURE with no CUTCLASS is not supported. Skipping for layer via3
[WARNING DRT-0349] LEF58_ENCLOSURE with no CUTCLASS is not supported. Skipping for layer via4
[WARNING DRT-0349] LEF58_ENCLOSURE with no CUTCLASS is not supported. Skipping for layer via4

Units:                1000
Number of layers:     13
Number of macros:     441
Number of vias:       29
Number of viarulegen: 25

[INFO DRT-0150] Reading design.
[WARNING DRT-0120] Large net net36 has 222 pins which may impact routing performance. Consider optimization.

Design:                   rns_top_crt
Die area:                 ( 0 0 ) ( 431270 441990 )
Number of track patterns: 12
Number of DEF vias:       0
Number of components:     5616
Number of terminals:      56
Number of snets:          2
Number of nets:           1959

[INFO DRT-0167] List of default vias:
  Layer via
    default via: M1M2_PR
  Layer via2
    default via: M2M3_PR
  Layer via3
    default via: M3M4_PR
  Layer via4
    default via: M4M5_PR
[INFO DRT-0162] Library cell analysis.
[INFO DRT-0163] Instance analysis.
[INFO DRT-0164] Number of unique instances = 349.
[INFO DRT-0168] Init region query.
[INFO DRT-0024]   Complete FR_MASTERSLICE.
[INFO DRT-0024]   Complete licon.
[INFO DRT-0024]   Complete li1.
[INFO DRT-0024]   Complete mcon.
[INFO DRT-0024]   Complete met1.
[INFO DRT-0024]   Complete via.
[INFO DRT-0024]   Complete met2.
[INFO DRT-0024]   Complete via2.
[INFO DRT-0024]   Complete met3.
[INFO DRT-0024]   Complete via3.
[INFO DRT-0024]   Complete met4.
[INFO DRT-0024]   Complete via4.
[INFO DRT-0024]   Complete met5.
[INFO DRT-0033] FR_MASTERSLICE shape region query size = 0.
[INFO DRT-0033] licon shape region query size = 0.
[INFO DRT-0033] li1 shape region query size = 77841.
[INFO DRT-0033] mcon shape region query size = 0.
[INFO DRT-0033] met1 shape region query size = 13739.
[INFO DRT-0033] via shape region query size = 2325.
[INFO DRT-0033] met2 shape region query size = 1414.
[INFO DRT-0033] via2 shape region query size = 1860.
[INFO DRT-0033] met3 shape region query size = 1430.
[INFO DRT-0033] via3 shape region query size = 1860.
[INFO DRT-0033] met4 shape region query size = 495.
[INFO DRT-0033] via4 shape region query size = 18.
[INFO DRT-0033] met5 shape region query size = 30.
[INFO DRT-0165] Start pin access.
[INFO DRT-0076]   Complete 1000 pins.
[INFO DRT-0078]   Complete 1298 pins.
[INFO DRT-0079]   Complete 100 unique inst patterns.
[INFO DRT-0079]   Complete 200 unique inst patterns.
[INFO DRT-0079]   Complete 300 unique inst patterns.
[INFO DRT-0081]   Complete 343 unique inst patterns.
[INFO DRT-0084]   Complete 1434 groups.
#scanned instances     = 5616
#unique  instances     = 349
#stdCellGenAp          = 9970
#stdCellValidPlanarAp  = 69
#stdCellValidViaAp     = 7570
#stdCellPinNoAp        = 0
#stdCellPinCnt         = 6723
#instTermValidViaApCnt = 0
#macroGenAp            = 0
#macroValidPlanarAp    = 0
#macroValidViaAp       = 0
#macroNoAp             = 0
[INFO DRT-0166] Complete pin access.
[INFO DRT-0267] cpu time = 00:00:58, elapsed time = 00:00:14, memory = 158.11 (MB), peak = 157.67 (MB)

[INFO DRT-0157] Number of guides:     14424

[INFO DRT-0169] Post process guides.
[INFO DRT-0176] GCELLGRID X 0 DO 62 STEP 6900 ;
[INFO DRT-0177] GCELLGRID Y 0 DO 64 STEP 6900 ;
[INFO DRT-0028]   Complete FR_MASTERSLICE.
[INFO DRT-0028]   Complete licon.
[INFO DRT-0028]   Complete li1.
[INFO DRT-0028]   Complete mcon.
[INFO DRT-0028]   Complete met1.
[INFO DRT-0028]   Complete via.
[INFO DRT-0028]   Complete met2.
[INFO DRT-0028]   Complete via2.
[INFO DRT-0028]   Complete met3.
[INFO DRT-0028]   Complete via3.
[INFO DRT-0028]   Complete met4.
[INFO DRT-0028]   Complete via4.
[INFO DRT-0028]   Complete met5.
[INFO DRT-0178] Init guide query.
[INFO DRT-0035]   Complete FR_MASTERSLICE (guide).
[INFO DRT-0035]   Complete licon (guide).
[INFO DRT-0035]   Complete li1 (guide).
[INFO DRT-0035]   Complete mcon (guide).
[INFO DRT-0035]   Complete met1 (guide).
[INFO DRT-0035]   Complete via (guide).
[INFO DRT-0035]   Complete met2 (guide).
[INFO DRT-0035]   Complete via2 (guide).
[INFO DRT-0035]   Complete met3 (guide).
[INFO DRT-0035]   Complete via3 (guide).
[INFO DRT-0035]   Complete met4 (guide).
[INFO DRT-0035]   Complete via4 (guide).
[INFO DRT-0035]   Complete met5 (guide).
[INFO DRT-0036] FR_MASTERSLICE guide region query size = 0.
[INFO DRT-0036] licon guide region query size = 0.
[INFO DRT-0036] li1 guide region query size = 5353.
[INFO DRT-0036] mcon guide region query size = 0.
[INFO DRT-0036] met1 guide region query size = 4054.
[INFO DRT-0036] via guide region query size = 0.
[INFO DRT-0036] met2 guide region query size = 1961.
[INFO DRT-0036] via2 guide region query size = 0.
[INFO DRT-0036] met3 guide region query size = 36.
[INFO DRT-0036] via3 guide region query size = 0.
[INFO DRT-0036] met4 guide region query size = 0.
[INFO DRT-0036] via4 guide region query size = 0.
[INFO DRT-0036] met5 guide region query size = 0.
[INFO DRT-0179] Init gr pin query.
[INFO DRT-0245] skipped writing guide updates to database.
[INFO DRT-0185] Post process initialize RPin region query.
[INFO DRT-0181] Start track assignment.
[INFO DRT-0184] Done with 7314 vertical wires in 2 frboxes and 4090 horizontal wires in 2 frboxes.
[INFO DRT-0186] Done with 400 vertical wires in 2 frboxes and 1135 horizontal wires in 2 frboxes.
[INFO DRT-0182] Complete track assignment.
[INFO DRT-0267] cpu time = 00:00:02, elapsed time = 00:00:00, memory = 183.60 (MB), peak = 183.08 (MB)
[INFO DRT-0187] Start routing data preparation.
[INFO DRT-0267] cpu time = 00:00:00, elapsed time = 00:00:00, memory = 183.60 (MB), peak = 183.08 (MB)
[INFO DRT-0194] Start detail routing.
[INFO DRT-0195] Start 0th optimization iteration.
    Completing 10% with 0 violations.
    elapsed time = 00:00:00, memory = 231.98 (MB).
    Completing 20% with 0 violations.
    elapsed time = 00:00:00, memory = 245.73 (MB).
    Completing 30% with 83 violations.
    elapsed time = 00:00:01, memory = 238.02 (MB).
    Completing 40% with 83 violations.
    elapsed time = 00:00:02, memory = 273.02 (MB).
    Completing 50% with 83 violations.
    elapsed time = 00:00:02, memory = 276.67 (MB).
    Completing 60% with 136 violations.
    elapsed time = 00:00:03, memory = 286.88 (MB).
    Completing 70% with 136 violations.
    elapsed time = 00:00:04, memory = 289.30 (MB).
    Completing 80% with 206 violations.
    elapsed time = 00:00:04, memory = 307.29 (MB).
    Completing 90% with 206 violations.
    elapsed time = 00:00:05, memory = 307.34 (MB).
    Completing 100% with 323 violations.
    elapsed time = 00:00:06, memory = 289.35 (MB).
[INFO DRT-0199]   Number of violations = 446.
Viol/Layer         li1   met1   met2   met3
Metal Spacing       16    113     13      2
Min Hole             0      3      0      0
Recheck              0     93     30      0
Short                0    173      3      0
[INFO DRT-0267] cpu time = 00:00:22, elapsed time = 00:00:06, memory = 626.92 (MB), peak = 626.34 (MB)
Total wire length = 47366 um.
Total wire length on LAYER li1 = 0 um.
Total wire length on LAYER met1 = 25634 um.
Total wire length on LAYER met2 = 21364 um.
Total wire length on LAYER met3 = 367 um.
Total wire length on LAYER met4 = 0 um.
Total wire length on LAYER met5 = 0 um.
Total number of vias = 14224.
Up-via summary (total 14224):

------------------------
 FR_MASTERSLICE        0
            li1     7482
           met1     6702
           met2       40
           met3        0
           met4        0
------------------------
                   14224


[INFO DRT-0195] Start 1st optimization iteration.
    Completing 10% with 446 violations.
    elapsed time = 00:00:00, memory = 629.50 (MB).
    Completing 20% with 446 violations.
    elapsed time = 00:00:00, memory = 640.70 (MB).
    Completing 30% with 360 violations.
    elapsed time = 00:00:01, memory = 640.70 (MB).
    Completing 40% with 360 violations.
    elapsed time = 00:00:02, memory = 640.95 (MB).
    Completing 50% with 360 violations.
    elapsed time = 00:00:03, memory = 640.95 (MB).
    Completing 60% with 305 violations.
    elapsed time = 00:00:03, memory = 640.95 (MB).
    Completing 70% with 305 violations.
    elapsed time = 00:00:04, memory = 640.95 (MB).
    Completing 80% with 237 violations.
    elapsed time = 00:00:04, memory = 649.78 (MB).
    Completing 90% with 237 violations.
    elapsed time = 00:00:05, memory = 649.78 (MB).
    Completing 100% with 143 violations.
    elapsed time = 00:00:06, memory = 652.40 (MB).
[INFO DRT-0199]   Number of violations = 143.
Viol/Layer        met1   met2
Metal Spacing       41      5
Min Hole             1      0
Recheck              0      1
Short               94      1
[INFO DRT-0267] cpu time = 00:00:23, elapsed time = 00:00:06, memory = 652.71 (MB), peak = 652.20 (MB)
Total wire length = 46953 um.
Total wire length on LAYER li1 = 0 um.
Total wire length on LAYER met1 = 25444 um.
Total wire length on LAYER met2 = 21148 um.
Total wire length on LAYER met3 = 360 um.
Total wire length on LAYER met4 = 0 um.
Total wire length on LAYER met5 = 0 um.
Total number of vias = 14118.
Up-via summary (total 14118):

------------------------
 FR_MASTERSLICE        0
            li1     7477
           met1     6603
           met2       38
           met3        0
           met4        0
------------------------
                   14118


[INFO DRT-0195] Start 2nd optimization iteration.
    Completing 10% with 143 violations.
    elapsed time = 00:00:00, memory = 652.71 (MB).
    Completing 20% with 143 violations.
    elapsed time = 00:00:00, memory = 652.71 (MB).
    Completing 30% with 151 violations.
    elapsed time = 00:00:00, memory = 652.71 (MB).
    Completing 40% with 151 violations.
    elapsed time = 00:00:01, memory = 653.36 (MB).
    Completing 50% with 151 violations.
    elapsed time = 00:00:01, memory = 653.36 (MB).
    Completing 60% with 147 violations.
    elapsed time = 00:00:02, memory = 655.59 (MB).
    Completing 70% with 147 violations.
    elapsed time = 00:00:02, memory = 655.59 (MB).
    Completing 80% with 140 violations.
    elapsed time = 00:00:03, memory = 655.59 (MB).
    Completing 90% with 140 violations.
    elapsed time = 00:00:03, memory = 655.59 (MB).
    Completing 100% with 148 violations.
    elapsed time = 00:00:05, memory = 655.59 (MB).
[INFO DRT-0199]   Number of violations = 150.
Viol/Layer        mcon   met1
Cut Spacing          1      0
Metal Spacing        0     23
Recheck              0      2
Short                0    124
[INFO DRT-0267] cpu time = 00:00:17, elapsed time = 00:00:05, memory = 655.83 (MB), peak = 655.33 (MB)
Total wire length = 46910 um.
Total wire length on LAYER li1 = 0 um.
Total wire length on LAYER met1 = 25452 um.
Total wire length on LAYER met2 = 21099 um.
Total wire length on LAYER met3 = 358 um.
Total wire length on LAYER met4 = 0 um.
Total wire length on LAYER met5 = 0 um.
Total number of vias = 14092.
Up-via summary (total 14092):

------------------------
 FR_MASTERSLICE        0
            li1     7477
           met1     6576
           met2       39
           met3        0
           met4        0
------------------------
                   14092


[INFO DRT-0195] Start 3rd optimization iteration.
    Completing 10% with 150 violations.
    elapsed time = 00:00:00, memory = 655.83 (MB).
    Completing 20% with 150 violations.
    elapsed time = 00:00:00, memory = 655.83 (MB).
    Completing 30% with 83 violations.
    elapsed time = 00:00:01, memory = 655.83 (MB).
    Completing 40% with 83 violations.
    elapsed time = 00:00:01, memory = 655.83 (MB).
    Completing 50% with 83 violations.
    elapsed time = 00:00:01, memory = 655.83 (MB).
    Completing 60% with 71 violations.
    elapsed time = 00:00:01, memory = 655.83 (MB).
    Completing 70% with 71 violations.
    elapsed time = 00:00:01, memory = 655.83 (MB).
    Completing 80% with 38 violations.
    elapsed time = 00:00:02, memory = 655.83 (MB).
    Completing 90% with 38 violations.
    elapsed time = 00:00:02, memory = 655.83 (MB).
    Completing 100% with 4 violations.
    elapsed time = 00:00:02, memory = 655.83 (MB).
[INFO DRT-0199]   Number of violations = 4.
Viol/Layer        met1
Short                4
[INFO DRT-0267] cpu time = 00:00:08, elapsed time = 00:00:02, memory = 655.83 (MB), peak = 655.33 (MB)
Total wire length = 46898 um.
Total wire length on LAYER li1 = 0 um.
Total wire length on LAYER met1 = 25298 um.
Total wire length on LAYER met2 = 21135 um.
Total wire length on LAYER met3 = 463 um.
Total wire length on LAYER met4 = 0 um.
Total wire length on LAYER met5 = 0 um.
Total number of vias = 14173.
Up-via summary (total 14173):

------------------------
 FR_MASTERSLICE        0
            li1     7477
           met1     6630
           met2       66
           met3        0
           met4        0
------------------------
                   14173


[INFO DRT-0195] Start 4th optimization iteration.
    Completing 10% with 4 violations.
    elapsed time = 00:00:00, memory = 655.83 (MB).
    Completing 20% with 4 violations.
    elapsed time = 00:00:00, memory = 655.83 (MB).
    Completing 30% with 4 violations.
    elapsed time = 00:00:00, memory = 655.83 (MB).
    Completing 40% with 4 violations.
    elapsed time = 00:00:00, memory = 655.83 (MB).
    Completing 50% with 4 violations.
    elapsed time = 00:00:00, memory = 655.83 (MB).
    Completing 60% with 4 violations.
    elapsed time = 00:00:00, memory = 655.83 (MB).
    Completing 70% with 4 violations.
    elapsed time = 00:00:00, memory = 655.83 (MB).
    Completing 80% with 4 violations.
    elapsed time = 00:00:00, memory = 655.83 (MB).
    Completing 90% with 4 violations.
    elapsed time = 00:00:00, memory = 655.83 (MB).
    Completing 100% with 0 violations.
    elapsed time = 00:00:00, memory = 655.83 (MB).
[INFO DRT-0199]   Number of violations = 0.
[INFO DRT-0267] cpu time = 00:00:01, elapsed time = 00:00:00, memory = 655.83 (MB), peak = 655.33 (MB)
Total wire length = 46899 um.
Total wire length on LAYER li1 = 0 um.
Total wire length on LAYER met1 = 25300 um.
Total wire length on LAYER met2 = 21135 um.
Total wire length on LAYER met3 = 463 um.
Total wire length on LAYER met4 = 0 um.
Total wire length on LAYER met5 = 0 um.
Total number of vias = 14174.
Up-via summary (total 14174):

------------------------
 FR_MASTERSLICE        0
            li1     7477
           met1     6631
           met2       66
           met3        0
           met4        0
------------------------
                   14174


[INFO DRT-0198] Complete detail routing.
Total wire length = 46899 um.
Total wire length on LAYER li1 = 0 um.
Total wire length on LAYER met1 = 25300 um.
Total wire length on LAYER met2 = 21135 um.
Total wire length on LAYER met3 = 463 um.
Total wire length on LAYER met4 = 0 um.
Total wire length on LAYER met5 = 0 um.
Total number of vias = 14174.
Up-via summary (total 14174):

------------------------
 FR_MASTERSLICE        0
            li1     7477
           met1     6631
           met2       66
           met3        0
           met4        0
------------------------
                   14174


[INFO DRT-0267] cpu time = 00:01:13, elapsed time = 00:00:21, memory = 655.83 (MB), peak = 655.33 (MB)

[INFO DRT-0180] Post processing.
Setting global connections for newly added cells…
[INFO] Setting global connections...
Updating metrics…
Cell type report:                       Count       Area
  Fill cell                               308    1156.11
  Tap cell                               2496    3123.00
  Antenna cell                            883    2209.62
  Clock buffer                              9     225.22
  Timing Repair Buffer                    195    1503.94
  Inverter                                 59     228.97
  Clock inverter                            7      73.82
  Sequential cell                         110    2977.86
  Multi-Input combinational cell         1549   13151.36
  Total                                  5616   24649.89
Writing OpenROAD database to '/work/runs/RUN_2026-03-17_14-13-19/41-openroad-detailedrouting/rns_top_crt.odb'…
Writing netlist to '/work/runs/RUN_2026-03-17_14-13-19/41-openroad-detailedrouting/rns_top_crt.nl.v'…
Writing powered netlist to '/work/runs/RUN_2026-03-17_14-13-19/41-openroad-detailedrouting/rns_top_crt.pnl.v'…
Writing layout to '/work/runs/RUN_2026-03-17_14-13-19/41-openroad-detailedrouting/rns_top_crt.def'…
Writing timing constraints to '/work/runs/RUN_2026-03-17_14-13-19/41-openroad-detailedrouting/rns_top_crt.sdc'…
