Clock: clk
Sources: clk 
Generated: no
Virtual: yes
Propagated: no
Period: 10.000000

===========================================================================
report_clock_properties
============================================================================
Clock                   Period          Waveform
----------------------------------------------------
clk                  10.000000    0.000000  5.000000

===========================================================================
report_clock_latency
============================================================================
Clock clk
rise -> rise
    min     max
0.000000 0.000000 source latency
0.426743         network latency _3220_/CLK
        0.444793 network latency _3256_/CLK
---------------
0.426743 0.444793 latency
        0.018050 skew

fall -> fall
    min     max
0.000000 0.000000 source latency
0.406057         network latency _3220_/CLK
        0.419979 network latency _3256_/CLK
---------------
0.406057 0.419979 latency
        0.013921 skew



===========================================================================
report_clock_min_period
============================================================================
clk period_min = 10.06 fmax = 99.38
