
===========================================================================
report_checks -unconstrained
===========================================================================
======================= min_ss_100C_1v60 Corner ===================================

Startpoint: _3302_ (rising edge-triggered flip-flop clocked by clk)
Endpoint: _3238_ (rising edge-triggered flip-flop clocked by clk)
Path Group: clk
Path Type: max

Fanout         Cap        Slew       Delay        Time   Description
---------------------------------------------------------------------------------------------
                                  0.000000    0.000000   clock clk (rise edge)
                                  0.000000    0.000000   clock source latency
     2    0.038240    0.000000    0.000000    0.000000 ^ clk (in)
                                                         clk (net)
                      0.001502    0.000751    0.000751 ^ clkbuf_0_clk/A (sky130_fd_sc_hd__clkbuf_16)
    17    0.157730    0.257371    0.346411    0.347162 ^ clkbuf_0_clk/X (sky130_fd_sc_hd__clkbuf_16)
                                                         clknet_0_clk (net)
                      0.257601    0.004996    0.352158 ^ clkbuf_3_0__f_clk/A (sky130_fd_sc_hd__clkbuf_16)
    25    0.088406    0.160377    0.387192    0.739351 ^ clkbuf_3_0__f_clk/X (sky130_fd_sc_hd__clkbuf_16)
                                                         clknet_3_0__leaf_clk (net)
                      0.160394    0.001768    0.741118 ^ _3302_/CLK (sky130_fd_sc_hd__dfrtp_4)
     6    0.022863    0.162471    1.100160    1.841279 v _3302_/Q (sky130_fd_sc_hd__dfrtp_4)
                                                         B_reg[12] (net)
                      0.162471    0.000934    1.842213 v _1910_/C (sky130_fd_sc_hd__and3_1)
     3    0.007318    0.107319    0.446798    2.289011 v _1910_/X (sky130_fd_sc_hd__and3_1)
                                                         _1175_ (net)
                      0.107319    0.000125    2.289136 v _2300_/A (sky130_fd_sc_hd__or4_4)
     4    0.009371    0.172130    1.092551    3.381687 v _2300_/X (sky130_fd_sc_hd__or4_4)
                                                         _1553_ (net)
                      0.172130    0.000066    3.381753 v _2304_/A1 (sky130_fd_sc_hd__a21o_1)
     3    0.008083    0.101153    0.372225    3.753978 v _2304_/X (sky130_fd_sc_hd__a21o_1)
                                                         _1557_ (net)
                      0.101153    0.000091    3.754069 v _2308_/A (sky130_fd_sc_hd__and3_1)
     2    0.005504    0.093077    0.331577    4.085647 v _2308_/X (sky130_fd_sc_hd__and3_1)
                                                         _1561_ (net)
                      0.093077    0.000058    4.085705 v _2310_/C (sky130_fd_sc_hd__or3_4)
     3    0.006371    0.125584    0.667195    4.752900 v _2310_/X (sky130_fd_sc_hd__or3_4)
                                                         _1563_ (net)
                      0.125584    0.000026    4.752926 v _2313_/A1 (sky130_fd_sc_hd__a21o_1)
     4    0.010197    0.118104    0.368098    5.121024 v _2313_/X (sky130_fd_sc_hd__a21o_1)
                                                         _1566_ (net)
                      0.118104    0.000113    5.121137 v _2319_/A (sky130_fd_sc_hd__and3_1)
     2    0.007149    0.105938    0.353140    5.474276 v _2319_/X (sky130_fd_sc_hd__and3_1)
                                                         _1572_ (net)
                      0.105938    0.000100    5.474376 v _2321_/C (sky130_fd_sc_hd__or3_4)
     3    0.007095    0.127974    0.675730    6.150106 v _2321_/X (sky130_fd_sc_hd__or3_4)
                                                         _1574_ (net)
                      0.127974    0.000041    6.150147 v _2326_/A1 (sky130_fd_sc_hd__a21o_1)
     4    0.009882    0.115518    0.366749    6.516897 v _2326_/X (sky130_fd_sc_hd__a21o_1)
                                                         _1579_ (net)
                      0.115518    0.000101    6.516997 v _2328_/A (sky130_fd_sc_hd__and3_1)
     2    0.006914    0.104057    0.349981    6.866978 v _2328_/X (sky130_fd_sc_hd__and3_1)
                                                         _1581_ (net)
                      0.104057    0.000092    6.867071 v _2330_/A (sky130_fd_sc_hd__or3_4)
     3    0.006862    0.127474    0.776225    7.643296 v _2330_/X (sky130_fd_sc_hd__or3_4)
                                                         _1583_ (net)
                      0.127474    0.000080    7.643376 v _2334_/A1 (sky130_fd_sc_hd__a21o_1)
     4    0.010340    0.119397    0.369988    8.013364 v _2334_/X (sky130_fd_sc_hd__a21o_1)
                                                         _1587_ (net)
                      0.119397    0.000131    8.013494 v _2338_/A (sky130_fd_sc_hd__and3_1)
     2    0.005880    0.095921    0.343374    8.356869 v _2338_/X (sky130_fd_sc_hd__and3_1)
                                                         _1591_ (net)
                      0.095921    0.000072    8.356940 v _2345_/C (sky130_fd_sc_hd__or3_4)
     3    0.007924    0.130097    0.676408    9.033348 v _2345_/X (sky130_fd_sc_hd__or3_4)
                                                         _1598_ (net)
                      0.130097    0.000076    9.033425 v _2347_/A1 (sky130_fd_sc_hd__a21o_1)
     4    0.010446    0.120164    0.371944    9.405369 v _2347_/X (sky130_fd_sc_hd__a21o_1)
                                                         _1600_ (net)
                      0.120164    0.000138    9.405507 v _2350_/B (sky130_fd_sc_hd__and3_1)
     2    0.005915    0.096227    0.385300    9.790807 v _2350_/X (sky130_fd_sc_hd__and3_1)
                                                         _1603_ (net)
                      0.096227    0.000089    9.790895 v _2352_/C (sky130_fd_sc_hd__or3_4)
     3    0.008415    0.131313    0.678921   10.469816 v _2352_/X (sky130_fd_sc_hd__or3_4)
                                                         _0106_ (net)
                      0.131313    0.000122   10.469938 v _2355_/A1 (sky130_fd_sc_hd__a21o_1)
     4    0.009794    0.114814    0.367508   10.837446 v _2355_/X (sky130_fd_sc_hd__a21o_1)
                                                         _0109_ (net)
                      0.114814    0.000147   10.837592 v _2360_/A1 (sky130_fd_sc_hd__a21oi_1)
     3    0.011980    0.458341    0.435739   11.273331 ^ _2360_/Y (sky130_fd_sc_hd__a21oi_1)
                                                         _0114_ (net)
                      0.458341    0.000200   11.273531 ^ _2361_/B (sky130_fd_sc_hd__xnor2_1)
     3    0.015461    0.612977    0.467580   11.741111 ^ _2361_/Y (sky130_fd_sc_hd__xnor2_1)
                                                         _0115_ (net)
                      0.612977    0.000170   11.741281 ^ _2366_/A2 (sky130_fd_sc_hd__a21o_1)
     4    0.009697    0.151431    0.470552   12.211832 ^ _2366_/X (sky130_fd_sc_hd__a21o_1)
                                                         _0120_ (net)
                      0.151431    0.000079   12.211911 ^ _2369_/A1 (sky130_fd_sc_hd__a21oi_1)
     3    0.012112    0.224433    0.260817   12.472728 v _2369_/Y (sky130_fd_sc_hd__a21oi_1)
                                                         _0123_ (net)
                      0.224433    0.000153   12.472881 v _2372_/B (sky130_fd_sc_hd__or3_4)
     3    0.008582    0.131696    0.797392   13.270273 v _2372_/X (sky130_fd_sc_hd__or3_4)
                                                         _0126_ (net)
                      0.131696    0.000036   13.270309 v _2378_/A1 (sky130_fd_sc_hd__a21o_1)
     3    0.006658    0.093175    0.343927   13.614236 v _2378_/X (sky130_fd_sc_hd__a21o_1)
                                                         _0132_ (net)
                      0.093175    0.000021   13.614258 v _2383_/C (sky130_fd_sc_hd__and3_1)
     2    0.006821    0.103302    0.408163   14.022421 v _2383_/X (sky130_fd_sc_hd__and3_1)
                                                         _0137_ (net)
                      0.103302    0.000068   14.022490 v _2385_/C (sky130_fd_sc_hd__or3_4)
     3    0.008163    0.130640    0.680097   14.702586 v _2385_/X (sky130_fd_sc_hd__or3_4)
                                                         _0139_ (net)
                      0.130640    0.000071   14.702658 v _2387_/A1 (sky130_fd_sc_hd__a21o_1)
     4    0.012223    0.134758    0.385668   15.088326 v _2387_/X (sky130_fd_sc_hd__a21o_1)
                                                         _0141_ (net)
                      0.134758    0.000128   15.088453 v _2390_/A (sky130_fd_sc_hd__and3_1)
     3    0.010373    0.133016    0.387400   15.475854 v _2390_/X (sky130_fd_sc_hd__and3_1)
                                                         _0144_ (net)
                      0.133016    0.000171   15.476025 v _2392_/C (sky130_fd_sc_hd__or3_4)
     3    0.006742    0.127007    0.683196   16.159220 v _2392_/X (sky130_fd_sc_hd__or3_4)
                                                         _0146_ (net)
                      0.127007    0.000059   16.159279 v _2397_/A1 (sky130_fd_sc_hd__a21o_1)
     4    0.010755    0.122634    0.372966   16.532244 v _2397_/X (sky130_fd_sc_hd__a21o_1)
                                                         _0151_ (net)
                      0.122634    0.000076   16.532320 v _2406_/A (sky130_fd_sc_hd__and3_1)
     2    0.006467    0.100504    0.349724   16.882044 v _2406_/X (sky130_fd_sc_hd__and3_1)
                                                         _0160_ (net)
                      0.100504    0.000075   16.882120 v _2408_/C (sky130_fd_sc_hd__or3_4)
     3    0.008261    0.130901    0.679625   17.561745 v _2408_/X (sky130_fd_sc_hd__or3_4)
                                                         _0162_ (net)
                      0.130901    0.000073   17.561817 v _2410_/A1 (sky130_fd_sc_hd__a21o_1)
     3    0.006990    0.092600    0.346059   17.907877 v _2410_/X (sky130_fd_sc_hd__a21o_1)
                                                         _0164_ (net)
                      0.092600    0.000080   17.907957 v _2413_/A (sky130_fd_sc_hd__and3_1)
     2    0.005986    0.096767    0.331438   18.239395 v _2413_/X (sky130_fd_sc_hd__and3_1)
                                                         _0167_ (net)
                      0.096767    0.000048   18.239443 v _2415_/C (sky130_fd_sc_hd__or3_4)
     3    0.006358    0.125509    0.668340   18.907782 v _2415_/X (sky130_fd_sc_hd__or3_4)
                                                         _0169_ (net)
                      0.125509    0.000052   18.907835 v _2420_/A1 (sky130_fd_sc_hd__a21o_1)
     3    0.008486    0.104311    0.355097   19.262932 v _2420_/X (sky130_fd_sc_hd__a21o_1)
                                                         _0174_ (net)
                      0.104311    0.000050   19.262981 v _2428_/A1 (sky130_fd_sc_hd__a21bo_1)
     1    0.004396    0.078427    0.334532   19.597513 v _2428_/X (sky130_fd_sc_hd__a21bo_1)
                                                         _0180_ (net)
                      0.078427    0.000018   19.597530 v _2429_/B (sky130_fd_sc_hd__xor2_1)
     1    0.002570    0.122489    0.262437   19.859968 v _2429_/X (sky130_fd_sc_hd__xor2_1)
                                                         _0181_ (net)
                      0.122489    0.000014   19.859983 v _2430_/A1 (sky130_fd_sc_hd__mux2_4)
     1    0.002180    0.076435    0.482629   20.342611 v _2430_/X (sky130_fd_sc_hd__mux2_4)
                                                         _0025_ (net)
                      0.076435    0.000011   20.342623 v _3238_/D (sky130_fd_sc_hd__dfrtp_4)
                                             20.342623   data arrival time

                                 10.000000   10.000000   clock clk (rise edge)
                                  0.000000   10.000000   clock source latency
     2    0.038240    0.000000    0.000000   10.000000 ^ clk (in)
                                                         clk (net)
                      0.001502    0.000751   10.000751 ^ clkbuf_0_clk/A (sky130_fd_sc_hd__clkbuf_16)
    17    0.157730    0.257371    0.346411   10.347162 ^ clkbuf_0_clk/X (sky130_fd_sc_hd__clkbuf_16)
                                                         clknet_0_clk (net)
                      0.257587    0.004747   10.351910 ^ clkbuf_3_3__f_clk/A (sky130_fd_sc_hd__clkbuf_16)
    35    0.096088    0.171164    0.395313   10.747223 ^ clkbuf_3_3__f_clk/X (sky130_fd_sc_hd__clkbuf_16)
                                                         clknet_3_3__leaf_clk (net)
                      0.171173    0.001501   10.748724 ^ _3238_/CLK (sky130_fd_sc_hd__dfrtp_4)
                                 -0.100000   10.648724   clock uncertainty
                                  0.000000   10.648724   clock reconvergence pessimism
                                 -0.250569   10.398155   library setup time
                                             10.398155   data required time
---------------------------------------------------------------------------------------------
                                             10.398155   data required time
                                            -20.342623   data arrival time
---------------------------------------------------------------------------------------------
                                             -9.944467   slack (VIOLATED)




===========================================================================
report_checks --slack_max -0.01
============================================================================
======================= min_ss_100C_1v60 Corner ===================================

Startpoint: _3302_ (rising edge-triggered flip-flop clocked by clk)
Endpoint: _3238_ (rising edge-triggered flip-flop clocked by clk)
Path Group: clk
Path Type: max

Fanout         Cap        Slew       Delay        Time   Description
---------------------------------------------------------------------------------------------
                                  0.000000    0.000000   clock clk (rise edge)
                                  0.000000    0.000000   clock source latency
     2    0.038240    0.000000    0.000000    0.000000 ^ clk (in)
                                                         clk (net)
                      0.001502    0.000751    0.000751 ^ clkbuf_0_clk/A (sky130_fd_sc_hd__clkbuf_16)
    17    0.157730    0.257371    0.346411    0.347162 ^ clkbuf_0_clk/X (sky130_fd_sc_hd__clkbuf_16)
                                                         clknet_0_clk (net)
                      0.257601    0.004996    0.352158 ^ clkbuf_3_0__f_clk/A (sky130_fd_sc_hd__clkbuf_16)
    25    0.088406    0.160377    0.387192    0.739351 ^ clkbuf_3_0__f_clk/X (sky130_fd_sc_hd__clkbuf_16)
                                                         clknet_3_0__leaf_clk (net)
                      0.160394    0.001768    0.741118 ^ _3302_/CLK (sky130_fd_sc_hd__dfrtp_4)
     6    0.022863    0.162471    1.100160    1.841279 v _3302_/Q (sky130_fd_sc_hd__dfrtp_4)
                                                         B_reg[12] (net)
                      0.162471    0.000934    1.842213 v _1910_/C (sky130_fd_sc_hd__and3_1)
     3    0.007318    0.107319    0.446798    2.289011 v _1910_/X (sky130_fd_sc_hd__and3_1)
                                                         _1175_ (net)
                      0.107319    0.000125    2.289136 v _2300_/A (sky130_fd_sc_hd__or4_4)
     4    0.009371    0.172130    1.092551    3.381687 v _2300_/X (sky130_fd_sc_hd__or4_4)
                                                         _1553_ (net)
                      0.172130    0.000066    3.381753 v _2304_/A1 (sky130_fd_sc_hd__a21o_1)
     3    0.008083    0.101153    0.372225    3.753978 v _2304_/X (sky130_fd_sc_hd__a21o_1)
                                                         _1557_ (net)
                      0.101153    0.000091    3.754069 v _2308_/A (sky130_fd_sc_hd__and3_1)
     2    0.005504    0.093077    0.331577    4.085647 v _2308_/X (sky130_fd_sc_hd__and3_1)
                                                         _1561_ (net)
                      0.093077    0.000058    4.085705 v _2310_/C (sky130_fd_sc_hd__or3_4)
     3    0.006371    0.125584    0.667195    4.752900 v _2310_/X (sky130_fd_sc_hd__or3_4)
                                                         _1563_ (net)
                      0.125584    0.000026    4.752926 v _2313_/A1 (sky130_fd_sc_hd__a21o_1)
     4    0.010197    0.118104    0.368098    5.121024 v _2313_/X (sky130_fd_sc_hd__a21o_1)
                                                         _1566_ (net)
                      0.118104    0.000113    5.121137 v _2319_/A (sky130_fd_sc_hd__and3_1)
     2    0.007149    0.105938    0.353140    5.474276 v _2319_/X (sky130_fd_sc_hd__and3_1)
                                                         _1572_ (net)
                      0.105938    0.000100    5.474376 v _2321_/C (sky130_fd_sc_hd__or3_4)
     3    0.007095    0.127974    0.675730    6.150106 v _2321_/X (sky130_fd_sc_hd__or3_4)
                                                         _1574_ (net)
                      0.127974    0.000041    6.150147 v _2326_/A1 (sky130_fd_sc_hd__a21o_1)
     4    0.009882    0.115518    0.366749    6.516897 v _2326_/X (sky130_fd_sc_hd__a21o_1)
                                                         _1579_ (net)
                      0.115518    0.000101    6.516997 v _2328_/A (sky130_fd_sc_hd__and3_1)
     2    0.006914    0.104057    0.349981    6.866978 v _2328_/X (sky130_fd_sc_hd__and3_1)
                                                         _1581_ (net)
                      0.104057    0.000092    6.867071 v _2330_/A (sky130_fd_sc_hd__or3_4)
     3    0.006862    0.127474    0.776225    7.643296 v _2330_/X (sky130_fd_sc_hd__or3_4)
                                                         _1583_ (net)
                      0.127474    0.000080    7.643376 v _2334_/A1 (sky130_fd_sc_hd__a21o_1)
     4    0.010340    0.119397    0.369988    8.013364 v _2334_/X (sky130_fd_sc_hd__a21o_1)
                                                         _1587_ (net)
                      0.119397    0.000131    8.013494 v _2338_/A (sky130_fd_sc_hd__and3_1)
     2    0.005880    0.095921    0.343374    8.356869 v _2338_/X (sky130_fd_sc_hd__and3_1)
                                                         _1591_ (net)
                      0.095921    0.000072    8.356940 v _2345_/C (sky130_fd_sc_hd__or3_4)
     3    0.007924    0.130097    0.676408    9.033348 v _2345_/X (sky130_fd_sc_hd__or3_4)
                                                         _1598_ (net)
                      0.130097    0.000076    9.033425 v _2347_/A1 (sky130_fd_sc_hd__a21o_1)
     4    0.010446    0.120164    0.371944    9.405369 v _2347_/X (sky130_fd_sc_hd__a21o_1)
                                                         _1600_ (net)
                      0.120164    0.000138    9.405507 v _2350_/B (sky130_fd_sc_hd__and3_1)
     2    0.005915    0.096227    0.385300    9.790807 v _2350_/X (sky130_fd_sc_hd__and3_1)
                                                         _1603_ (net)
                      0.096227    0.000089    9.790895 v _2352_/C (sky130_fd_sc_hd__or3_4)
     3    0.008415    0.131313    0.678921   10.469816 v _2352_/X (sky130_fd_sc_hd__or3_4)
                                                         _0106_ (net)
                      0.131313    0.000122   10.469938 v _2355_/A1 (sky130_fd_sc_hd__a21o_1)
     4    0.009794    0.114814    0.367508   10.837446 v _2355_/X (sky130_fd_sc_hd__a21o_1)
                                                         _0109_ (net)
                      0.114814    0.000147   10.837592 v _2360_/A1 (sky130_fd_sc_hd__a21oi_1)
     3    0.011980    0.458341    0.435739   11.273331 ^ _2360_/Y (sky130_fd_sc_hd__a21oi_1)
                                                         _0114_ (net)
                      0.458341    0.000200   11.273531 ^ _2361_/B (sky130_fd_sc_hd__xnor2_1)
     3    0.015461    0.612977    0.467580   11.741111 ^ _2361_/Y (sky130_fd_sc_hd__xnor2_1)
                                                         _0115_ (net)
                      0.612977    0.000170   11.741281 ^ _2366_/A2 (sky130_fd_sc_hd__a21o_1)
     4    0.009697    0.151431    0.470552   12.211832 ^ _2366_/X (sky130_fd_sc_hd__a21o_1)
                                                         _0120_ (net)
                      0.151431    0.000079   12.211911 ^ _2369_/A1 (sky130_fd_sc_hd__a21oi_1)
     3    0.012112    0.224433    0.260817   12.472728 v _2369_/Y (sky130_fd_sc_hd__a21oi_1)
                                                         _0123_ (net)
                      0.224433    0.000153   12.472881 v _2372_/B (sky130_fd_sc_hd__or3_4)
     3    0.008582    0.131696    0.797392   13.270273 v _2372_/X (sky130_fd_sc_hd__or3_4)
                                                         _0126_ (net)
                      0.131696    0.000036   13.270309 v _2378_/A1 (sky130_fd_sc_hd__a21o_1)
     3    0.006658    0.093175    0.343927   13.614236 v _2378_/X (sky130_fd_sc_hd__a21o_1)
                                                         _0132_ (net)
                      0.093175    0.000021   13.614258 v _2383_/C (sky130_fd_sc_hd__and3_1)
     2    0.006821    0.103302    0.408163   14.022421 v _2383_/X (sky130_fd_sc_hd__and3_1)
                                                         _0137_ (net)
                      0.103302    0.000068   14.022490 v _2385_/C (sky130_fd_sc_hd__or3_4)
     3    0.008163    0.130640    0.680097   14.702586 v _2385_/X (sky130_fd_sc_hd__or3_4)
                                                         _0139_ (net)
                      0.130640    0.000071   14.702658 v _2387_/A1 (sky130_fd_sc_hd__a21o_1)
     4    0.012223    0.134758    0.385668   15.088326 v _2387_/X (sky130_fd_sc_hd__a21o_1)
                                                         _0141_ (net)
                      0.134758    0.000128   15.088453 v _2390_/A (sky130_fd_sc_hd__and3_1)
     3    0.010373    0.133016    0.387400   15.475854 v _2390_/X (sky130_fd_sc_hd__and3_1)
                                                         _0144_ (net)
                      0.133016    0.000171   15.476025 v _2392_/C (sky130_fd_sc_hd__or3_4)
     3    0.006742    0.127007    0.683196   16.159220 v _2392_/X (sky130_fd_sc_hd__or3_4)
                                                         _0146_ (net)
                      0.127007    0.000059   16.159279 v _2397_/A1 (sky130_fd_sc_hd__a21o_1)
     4    0.010755    0.122634    0.372966   16.532244 v _2397_/X (sky130_fd_sc_hd__a21o_1)
                                                         _0151_ (net)
                      0.122634    0.000076   16.532320 v _2406_/A (sky130_fd_sc_hd__and3_1)
     2    0.006467    0.100504    0.349724   16.882044 v _2406_/X (sky130_fd_sc_hd__and3_1)
                                                         _0160_ (net)
                      0.100504    0.000075   16.882120 v _2408_/C (sky130_fd_sc_hd__or3_4)
     3    0.008261    0.130901    0.679625   17.561745 v _2408_/X (sky130_fd_sc_hd__or3_4)
                                                         _0162_ (net)
                      0.130901    0.000073   17.561817 v _2410_/A1 (sky130_fd_sc_hd__a21o_1)
     3    0.006990    0.092600    0.346059   17.907877 v _2410_/X (sky130_fd_sc_hd__a21o_1)
                                                         _0164_ (net)
                      0.092600    0.000080   17.907957 v _2413_/A (sky130_fd_sc_hd__and3_1)
     2    0.005986    0.096767    0.331438   18.239395 v _2413_/X (sky130_fd_sc_hd__and3_1)
                                                         _0167_ (net)
                      0.096767    0.000048   18.239443 v _2415_/C (sky130_fd_sc_hd__or3_4)
     3    0.006358    0.125509    0.668340   18.907782 v _2415_/X (sky130_fd_sc_hd__or3_4)
                                                         _0169_ (net)
                      0.125509    0.000052   18.907835 v _2420_/A1 (sky130_fd_sc_hd__a21o_1)
     3    0.008486    0.104311    0.355097   19.262932 v _2420_/X (sky130_fd_sc_hd__a21o_1)
                                                         _0174_ (net)
                      0.104311    0.000050   19.262981 v _2428_/A1 (sky130_fd_sc_hd__a21bo_1)
     1    0.004396    0.078427    0.334532   19.597513 v _2428_/X (sky130_fd_sc_hd__a21bo_1)
                                                         _0180_ (net)
                      0.078427    0.000018   19.597530 v _2429_/B (sky130_fd_sc_hd__xor2_1)
     1    0.002570    0.122489    0.262437   19.859968 v _2429_/X (sky130_fd_sc_hd__xor2_1)
                                                         _0181_ (net)
                      0.122489    0.000014   19.859983 v _2430_/A1 (sky130_fd_sc_hd__mux2_4)
     1    0.002180    0.076435    0.482629   20.342611 v _2430_/X (sky130_fd_sc_hd__mux2_4)
                                                         _0025_ (net)
                      0.076435    0.000011   20.342623 v _3238_/D (sky130_fd_sc_hd__dfrtp_4)
                                             20.342623   data arrival time

                                 10.000000   10.000000   clock clk (rise edge)
                                  0.000000   10.000000   clock source latency
     2    0.038240    0.000000    0.000000   10.000000 ^ clk (in)
                                                         clk (net)
                      0.001502    0.000751   10.000751 ^ clkbuf_0_clk/A (sky130_fd_sc_hd__clkbuf_16)
    17    0.157730    0.257371    0.346411   10.347162 ^ clkbuf_0_clk/X (sky130_fd_sc_hd__clkbuf_16)
                                                         clknet_0_clk (net)
                      0.257587    0.004747   10.351910 ^ clkbuf_3_3__f_clk/A (sky130_fd_sc_hd__clkbuf_16)
    35    0.096088    0.171164    0.395313   10.747223 ^ clkbuf_3_3__f_clk/X (sky130_fd_sc_hd__clkbuf_16)
                                                         clknet_3_3__leaf_clk (net)
                      0.171173    0.001501   10.748724 ^ _3238_/CLK (sky130_fd_sc_hd__dfrtp_4)
                                 -0.100000   10.648724   clock uncertainty
                                  0.000000   10.648724   clock reconvergence pessimism
                                 -0.250569   10.398155   library setup time
                                             10.398155   data required time
---------------------------------------------------------------------------------------------
                                             10.398155   data required time
                                            -20.342623   data arrival time
---------------------------------------------------------------------------------------------
                                             -9.944467   slack (VIOLATED)




===========================================================================
 report_check_types -max_slew -max_cap -max_fanout -violators
============================================================================
======================= min_ss_100C_1v60 Corner ===================================



===========================================================================
report_parasitic_annotation -report_unannotated
============================================================================
Found 7 unannotated drivers.
 clkload0/Y
 clkload1/Y
 clkload2/Y
 clkload3/Y
 clkload4/Y
 clkload5/Y
 clkload6/Y
Found 0 partially unannotated drivers.

===========================================================================
max slew violation count 0
max fanout violation count 0
max cap violation count 0
============================================================================

===========================================================================
check_setup -verbose -unconstrained_endpoints -multiple_clock -no_clock -no_input_delay -loops -generated_clocks
===========================================================================
Warning: There are 36 input ports missing set_input_delay.
  A_in[0]
  A_in[10]
  A_in[11]
  A_in[12]
  A_in[13]
  A_in[14]
  A_in[15]
  A_in[1]
  A_in[2]
  A_in[3]
  A_in[4]
  A_in[5]
  A_in[6]
  A_in[7]
  A_in[8]
  A_in[9]
  B_in[0]
  B_in[10]
  B_in[11]
  B_in[12]
  B_in[13]
  B_in[14]
  B_in[15]
  B_in[1]
  B_in[2]
  B_in[3]
  B_in[4]
  B_in[5]
  B_in[6]
  B_in[7]
  B_in[8]
  B_in[9]
  Op_Sel[0]
  Op_Sel[1]
  Start
  rst_n
Warning: There are 17 unconstrained endpoints.
  Done
  X_out[0]
  X_out[10]
  X_out[11]
  X_out[12]
  X_out[13]
  X_out[14]
  X_out[15]
  X_out[1]
  X_out[2]
  X_out[3]
  X_out[4]
  X_out[5]
  X_out[6]
  X_out[7]
  X_out[8]
  X_out[9]
