
===========================================================================
report_checks -unconstrained
===========================================================================
======================= max_ff_n40C_1v95 Corner ===================================

Startpoint: _3302_ (rising edge-triggered flip-flop clocked by clk)
Endpoint: _3237_ (rising edge-triggered flip-flop clocked by clk)
Path Group: clk
Path Type: max

Fanout         Cap        Slew       Delay        Time   Description
---------------------------------------------------------------------------------------------
                                  0.000000    0.000000   clock clk (rise edge)
                                  0.000000    0.000000   clock source latency
     2    0.042849    0.000000    0.000000    0.000000 ^ clk (in)
                                                         clk (net)
                      0.003053    0.001526    0.001526 ^ clkbuf_0_clk/A (sky130_fd_sc_hd__clkbuf_16)
    17    0.172448    0.142904    0.153247    0.154773 ^ clkbuf_0_clk/X (sky130_fd_sc_hd__clkbuf_16)
                                                         clknet_0_clk (net)
                      0.145641    0.015692    0.170466 ^ clkbuf_3_0__f_clk/A (sky130_fd_sc_hd__clkbuf_16)
    25    0.094706    0.086046    0.152760    0.323225 ^ clkbuf_3_0__f_clk/X (sky130_fd_sc_hd__clkbuf_16)
                                                         clknet_3_0__leaf_clk (net)
                      0.086708    0.006007    0.329233 ^ _3302_/CLK (sky130_fd_sc_hd__dfrtp_4)
     6    0.024988    0.062606    0.332955    0.662188 v _3302_/Q (sky130_fd_sc_hd__dfrtp_4)
                                                         B_reg[12] (net)
                      0.062659    0.002290    0.664478 v _1910_/C (sky130_fd_sc_hd__and3_1)
     3    0.007700    0.041853    0.139882    0.804360 v _1910_/X (sky130_fd_sc_hd__and3_1)
                                                         _1175_ (net)
                      0.041858    0.000487    0.804846 v _2300_/A (sky130_fd_sc_hd__or4_4)
     4    0.009950    0.065083    0.330167    1.135013 v _2300_/X (sky130_fd_sc_hd__or4_4)
                                                         _1553_ (net)
                      0.065083    0.000563    1.135577 v _2304_/A1 (sky130_fd_sc_hd__a21o_1)
     3    0.008555    0.041201    0.125613    1.261189 v _2304_/X (sky130_fd_sc_hd__a21o_1)
                                                         _1557_ (net)
                      0.041208    0.000533    1.261722 v _2307_/A2 (sky130_fd_sc_hd__a21oi_1)
     3    0.010812    0.184994    0.178227    1.439949 ^ _2307_/Y (sky130_fd_sc_hd__a21oi_1)
                                                         _1560_ (net)
                      0.184995    0.000382    1.440331 ^ _2311_/B (sky130_fd_sc_hd__xor2_1)
     3    0.010510    0.179402    0.165952    1.606283 ^ _2311_/X (sky130_fd_sc_hd__xor2_1)
                                                         _1564_ (net)
                      0.179405    0.000589    1.606872 ^ _2313_/A2 (sky130_fd_sc_hd__a21o_1)
     4    0.010847    0.076642    0.120174    1.727046 ^ _2313_/X (sky130_fd_sc_hd__a21o_1)
                                                         _1566_ (net)
                      0.076646    0.000630    1.727676 ^ _2318_/A1 (sky130_fd_sc_hd__a21oi_1)
     3    0.011729    0.065865    0.070872    1.798548 v _2318_/Y (sky130_fd_sc_hd__a21oi_1)
                                                         _1571_ (net)
                      0.065874    0.000610    1.799158 v _2321_/B (sky130_fd_sc_hd__or3_4)
     3    0.007645    0.049407    0.233765    2.032923 v _2321_/X (sky130_fd_sc_hd__or3_4)
                                                         _1574_ (net)
                      0.049407    0.000258    2.033181 v _2326_/A1 (sky130_fd_sc_hd__a21o_1)
     4    0.010561    0.046207    0.125809    2.158990 v _2326_/X (sky130_fd_sc_hd__a21o_1)
                                                         _1579_ (net)
                      0.046215    0.000615    2.159605 v _2327_/A2 (sky130_fd_sc_hd__a21oi_1)
     3    0.012437    0.207518    0.196397    2.356002 ^ _2327_/Y (sky130_fd_sc_hd__a21oi_1)
                                                         _1580_ (net)
                      0.207522    0.000691    2.356693 ^ _2331_/B (sky130_fd_sc_hd__xnor2_1)
     3    0.015093    0.254565    0.147774    2.504467 ^ _2331_/Y (sky130_fd_sc_hd__xnor2_1)
                                                         _1584_ (net)
                      0.254570    0.001017    2.505484 ^ _2334_/A2 (sky130_fd_sc_hd__a21o_1)
     4    0.012078    0.084580    0.129302    2.634786 ^ _2334_/X (sky130_fd_sc_hd__a21o_1)
                                                         _1587_ (net)
                      0.084584    0.000710    2.635496 ^ _2337_/A1 (sky130_fd_sc_hd__a21oi_1)
     3    0.011821    0.069117    0.072960    2.708456 v _2337_/Y (sky130_fd_sc_hd__a21oi_1)
                                                         _1590_ (net)
                      0.069127    0.000683    2.709139 v _2345_/B (sky130_fd_sc_hd__or3_4)
     3    0.008874    0.050758    0.237138    2.946277 v _2345_/X (sky130_fd_sc_hd__or3_4)
                                                         _1598_ (net)
                      0.050758    0.000438    2.946715 v _2347_/A1 (sky130_fd_sc_hd__a21o_1)
     4    0.010991    0.047033    0.127658    3.074373 v _2347_/X (sky130_fd_sc_hd__a21o_1)
                                                         _1600_ (net)
                      0.047041    0.000623    3.074996 v _2348_/A2 (sky130_fd_sc_hd__a21oi_1)
     3    0.013095    0.216664    0.203329    3.278325 ^ _2348_/Y (sky130_fd_sc_hd__a21oi_1)
                                                         _1601_ (net)
                      0.216669    0.000851    3.279176 ^ _2349_/B (sky130_fd_sc_hd__xnor2_1)
     3    0.015566    0.100964    0.109957    3.389133 v _2349_/Y (sky130_fd_sc_hd__xnor2_1)
                                                         _1602_ (net)
                      0.100971    0.000839    3.389973 v _2355_/A2 (sky130_fd_sc_hd__a21o_1)
     4    0.009034    0.042766    0.154806    3.544779 v _2355_/X (sky130_fd_sc_hd__a21o_1)
                                                         _0109_ (net)
                      0.042773    0.000560    3.545339 v _2362_/B (sky130_fd_sc_hd__and3_1)
     2    0.007213    0.040356    0.119949    3.665288 v _2362_/X (sky130_fd_sc_hd__and3_1)
                                                         _0116_ (net)
                      0.040364    0.000565    3.665852 v _2364_/C (sky130_fd_sc_hd__or3_4)
     3    0.007915    0.049715    0.201231    3.867083 v _2364_/X (sky130_fd_sc_hd__or3_4)
                                                         _0118_ (net)
                      0.049715    0.000485    3.867568 v _2366_/A1 (sky130_fd_sc_hd__a21o_1)
     4    0.010344    0.045828    0.125123    3.992691 v _2366_/X (sky130_fd_sc_hd__a21o_1)
                                                         _0120_ (net)
                      0.045847    0.000885    3.993576 v _2369_/A1 (sky130_fd_sc_hd__a21oi_1)
     3    0.014595    0.237528    0.201961    4.195537 ^ _2369_/Y (sky130_fd_sc_hd__a21oi_1)
                                                         _0123_ (net)
                      0.237532    0.000828    4.196365 ^ _2373_/B (sky130_fd_sc_hd__xnor2_1)
     4    0.012489    0.217249    0.133590    4.329955 ^ _2373_/Y (sky130_fd_sc_hd__xnor2_1)
                                                         _0127_ (net)
                      0.217251    0.000546    4.330501 ^ _2378_/A2 (sky130_fd_sc_hd__a21o_1)
     4    0.012226    0.085437    0.128082    4.458583 ^ _2378_/X (sky130_fd_sc_hd__a21o_1)
                                                         _0132_ (net)
                      0.085445    0.000872    4.459455 ^ _2382_/A2 (sky130_fd_sc_hd__a21oi_1)
     3    0.012486    0.072837    0.079383    4.538838 v _2382_/Y (sky130_fd_sc_hd__a21oi_1)
                                                         _0136_ (net)
                      0.072846    0.000664    4.539502 v _2385_/B (sky130_fd_sc_hd__or3_4)
     3    0.008644    0.050505    0.238032    4.777534 v _2385_/X (sky130_fd_sc_hd__or3_4)
                                                         _0139_ (net)
                      0.050505    0.000452    4.777987 v _2387_/A1 (sky130_fd_sc_hd__a21o_1)
     4    0.013149    0.053062    0.132801    4.910788 v _2387_/X (sky130_fd_sc_hd__a21o_1)
                                                         _0141_ (net)
                      0.053065    0.000442    4.911230 v _2390_/A (sky130_fd_sc_hd__and3_1)
     3    0.010893    0.050249    0.121340    5.032569 v _2390_/X (sky130_fd_sc_hd__and3_1)
                                                         _0144_ (net)
                      0.050254    0.000557    5.033127 v _2392_/C (sky130_fd_sc_hd__or3_4)
     3    0.007185    0.048912    0.202702    5.235829 v _2392_/X (sky130_fd_sc_hd__or3_4)
                                                         _0146_ (net)
                      0.048913    0.000407    5.236236 v _2397_/A1 (sky130_fd_sc_hd__a21o_1)
     4    0.010581    0.046198    0.125744    5.361980 v _2397_/X (sky130_fd_sc_hd__a21o_1)
                                                         _0151_ (net)
                      0.046203    0.000510    5.362490 v _2406_/A (sky130_fd_sc_hd__and3_1)
     2    0.006382    0.037818    0.104822    5.467312 v _2406_/X (sky130_fd_sc_hd__and3_1)
                                                         _0160_ (net)
                      0.037821    0.000365    5.467677 v _2408_/C (sky130_fd_sc_hd__or3_4)
     3    0.008870    0.050775    0.202240    5.669917 v _2408_/X (sky130_fd_sc_hd__or3_4)
                                                         _0162_ (net)
                      0.050775    0.000511    5.670428 v _2410_/A1 (sky130_fd_sc_hd__a21o_1)
     3    0.007778    0.038773    0.117968    5.788396 v _2410_/X (sky130_fd_sc_hd__a21o_1)
                                                         _0164_ (net)
                      0.038778    0.000433    5.788829 v _2413_/A (sky130_fd_sc_hd__and3_1)
     2    0.006241    0.037346    0.101585    5.890414 v _2413_/X (sky130_fd_sc_hd__and3_1)
                                                         _0167_ (net)
                      0.037348    0.000336    5.890750 v _2415_/C (sky130_fd_sc_hd__or3_4)
     3    0.006853    0.048526    0.198461    6.089211 v _2415_/X (sky130_fd_sc_hd__or3_4)
                                                         _0169_ (net)
                      0.048527    0.000323    6.089534 v _2420_/A1 (sky130_fd_sc_hd__a21o_1)
     3    0.009182    0.043204    0.121315    6.210850 v _2420_/X (sky130_fd_sc_hd__a21o_1)
                                                         _0174_ (net)
                      0.043209    0.000487    6.211337 v _2423_/A1 (sky130_fd_sc_hd__a21o_1)
     2    0.008863    0.042229    0.118224    6.329560 v _2423_/X (sky130_fd_sc_hd__a21o_1)
                                                         _0177_ (net)
                      0.042239    0.000623    6.330183 v _2426_/B (sky130_fd_sc_hd__xnor2_1)
     1    0.003298    0.041045    0.081469    6.411652 v _2426_/Y (sky130_fd_sc_hd__xnor2_1)
                                                         _0179_ (net)
                      0.041045    0.000141    6.411793 v _2427_/A1 (sky130_fd_sc_hd__mux2_4)
     1    0.002960    0.035701    0.144514    6.556307 v _2427_/X (sky130_fd_sc_hd__mux2_4)
                                                         _0024_ (net)
                      0.035702    0.000194    6.556501 v _3237_/D (sky130_fd_sc_hd__dfrtp_4)
                                              6.556501   data arrival time

                                 10.250000   10.250000   clock clk (rise edge)
                                  0.000000   10.250000   clock source latency
     2    0.042849    0.000000    0.000000   10.250000 ^ clk (in)
                                                         clk (net)
                      0.003053    0.001526   10.251526 ^ clkbuf_0_clk/A (sky130_fd_sc_hd__clkbuf_16)
    17    0.172448    0.142904    0.153247   10.404774 ^ clkbuf_0_clk/X (sky130_fd_sc_hd__clkbuf_16)
                                                         clknet_0_clk (net)
                      0.145267    0.014602   10.419375 ^ clkbuf_3_3__f_clk/A (sky130_fd_sc_hd__clkbuf_16)
    35    0.100650    0.090419    0.155877   10.575253 ^ clkbuf_3_3__f_clk/X (sky130_fd_sc_hd__clkbuf_16)
                                                         clknet_3_3__leaf_clk (net)
                      0.090692    0.004025   10.579277 ^ _3237_/CLK (sky130_fd_sc_hd__dfrtp_4)
                                 -0.100000   10.479278   clock uncertainty
                                  0.000000   10.479278   clock reconvergence pessimism
                                 -0.068306   10.410971   library setup time
                                             10.410971   data required time
---------------------------------------------------------------------------------------------
                                             10.410971   data required time
                                             -6.556501   data arrival time
---------------------------------------------------------------------------------------------
                                              3.854470   slack (MET)




===========================================================================
report_checks --slack_max -0.01
============================================================================
======================= max_ff_n40C_1v95 Corner ===================================

No paths found.


===========================================================================
 report_check_types -max_slew -max_cap -max_fanout -violators
============================================================================
======================= max_ff_n40C_1v95 Corner ===================================



===========================================================================
report_parasitic_annotation -report_unannotated
============================================================================
Found 7 unannotated drivers.
 clkload0/Y
 clkload1/Y
 clkload2/Y
 clkload3/Y
 clkload4/Y
 clkload5/Y
 clkload6/Y
Found 0 partially unannotated drivers.

===========================================================================
max slew violation count 0
max fanout violation count 0
max cap violation count 0
============================================================================

===========================================================================
check_setup -verbose -unconstrained_endpoints -multiple_clock -no_clock -no_input_delay -loops -generated_clocks
===========================================================================
Warning: There are 36 input ports missing set_input_delay.
  A_in[0]
  A_in[10]
  A_in[11]
  A_in[12]
  A_in[13]
  A_in[14]
  A_in[15]
  A_in[1]
  A_in[2]
  A_in[3]
  A_in[4]
  A_in[5]
  A_in[6]
  A_in[7]
  A_in[8]
  A_in[9]
  B_in[0]
  B_in[10]
  B_in[11]
  B_in[12]
  B_in[13]
  B_in[14]
  B_in[15]
  B_in[1]
  B_in[2]
  B_in[3]
  B_in[4]
  B_in[5]
  B_in[6]
  B_in[7]
  B_in[8]
  B_in[9]
  Op_Sel[0]
  Op_Sel[1]
  Start
  rst_n
Warning: There are 17 unconstrained endpoints.
  Done
  X_out[0]
  X_out[10]
  X_out[11]
  X_out[12]
  X_out[13]
  X_out[14]
  X_out[15]
  X_out[1]
  X_out[2]
  X_out[3]
  X_out[4]
  X_out[5]
  X_out[6]
  X_out[7]
  X_out[8]
  X_out[9]
