Clock: clk
Sources: clk 
Generated: no
Virtual: yes
Propagated: no
Period: 12.000000

===========================================================================
report_clock_properties
============================================================================
Clock                   Period          Waveform
----------------------------------------------------
clk                  12.000000    0.000000  6.000000

===========================================================================
report_clock_latency
============================================================================
Clock clk
rise -> rise
    min     max
0.000000 0.000000 source latency
0.739492         network latency _3222_/CLK
        0.771418 network latency _3256_/CLK
---------------
0.739492 0.771418 latency
        0.031925 skew

fall -> fall
    min     max
0.000000 0.000000 source latency
0.712204         network latency _3222_/CLK
        0.736605 network latency _3256_/CLK
---------------
0.712204 0.736605 latency
        0.024402 skew



===========================================================================
report_clock_min_period
============================================================================
clk period_min = 20.12 fmax = 49.71
