Clock: clk
Sources: clk 
Generated: no
Virtual: yes
Propagated: no
Period: 40.000000

===========================================================================
report_clock_properties
============================================================================
Clock                   Period          Waveform
----------------------------------------------------
clk                  40.000000    0.000000 20.000000

===========================================================================
report_clock_latency
============================================================================
Clock clk
rise -> rise
    min     max
0.000000 0.000000 source latency
0.308118         network latency _3235_/CLK
        0.323107 network latency _3298_/CLK
---------------
0.308118 0.323107 latency
        0.014989 skew

fall -> fall
    min     max
0.000000 0.000000 source latency
0.290699         network latency _3235_/CLK
        0.303384 network latency _3298_/CLK
---------------
0.290699 0.303384 latency
        0.012685 skew



===========================================================================
report_clock_min_period
============================================================================
clk period_min = 6.64 fmax = 150.55
