
===========================================================================
report_checks -unconstrained
===========================================================================
======================= nom_ss_100C_1v60 Corner ===================================

Startpoint: _3302_ (rising edge-triggered flip-flop clocked by clk)
Endpoint: _3238_ (rising edge-triggered flip-flop clocked by clk)
Path Group: clk
Path Type: max

Fanout         Cap        Slew       Delay        Time   Description
---------------------------------------------------------------------------------------------
                                  0.000000    0.000000   clock clk (rise edge)
                                  0.000000    0.000000   clock source latency
     2    0.039258    0.000000    0.000000    0.000000 ^ clk (in)
                                                         clk (net)
                      0.002112    0.001056    0.001056 ^ clkbuf_0_clk/A (sky130_fd_sc_hd__clkbuf_16)
    17    0.167953    0.272112    0.355914    0.356970 ^ clkbuf_0_clk/X (sky130_fd_sc_hd__clkbuf_16)
                                                         clknet_0_clk (net)
                      0.272465    0.008089    0.365060 ^ clkbuf_3_0__f_clk/A (sky130_fd_sc_hd__clkbuf_16)
    25    0.092364    0.165800    0.397085    0.762144 ^ clkbuf_3_0__f_clk/X (sky130_fd_sc_hd__clkbuf_16)
                                                         clknet_3_0__leaf_clk (net)
                      0.165867    0.003133    0.765278 ^ _3302_/CLK (sky130_fd_sc_hd__dfrtp_4)
     6    0.022886    0.162667    1.102592    1.867870 v _3302_/Q (sky130_fd_sc_hd__dfrtp_4)
                                                         B_reg[12] (net)
                      0.162899    0.001260    1.869130 v _1910_/C (sky130_fd_sc_hd__and3_1)
     3    0.006992    0.104699    0.444224    2.313354 v _1910_/X (sky130_fd_sc_hd__and3_1)
                                                         _1175_ (net)
                      0.104699    0.000163    2.313518 v _2300_/B (sky130_fd_sc_hd__or4_4)
     4    0.009330    0.172042    1.054605    3.368122 v _2300_/X (sky130_fd_sc_hd__or4_4)
                                                         _1553_ (net)
                      0.172042    0.000202    3.368324 v _2304_/A1 (sky130_fd_sc_hd__a21o_1)
     3    0.007536    0.096881    0.367993    3.736317 v _2304_/X (sky130_fd_sc_hd__a21o_1)
                                                         _1557_ (net)
                      0.096881    0.000167    3.736484 v _2308_/C (sky130_fd_sc_hd__and3_1)
     2    0.006099    0.097643    0.403852    4.140335 v _2308_/X (sky130_fd_sc_hd__and3_1)
                                                         _1561_ (net)
                      0.097643    0.000138    4.140473 v _2310_/C (sky130_fd_sc_hd__or3_4)
     3    0.006779    0.127238    0.671343    4.811816 v _2310_/X (sky130_fd_sc_hd__or3_4)
                                                         _1563_ (net)
                      0.127238    0.000100    4.811917 v _2313_/A1 (sky130_fd_sc_hd__a21o_1)
     4    0.010082    0.117213    0.367853    5.179770 v _2313_/X (sky130_fd_sc_hd__a21o_1)
                                                         _1566_ (net)
                      0.117213    0.000235    5.180006 v _2319_/A (sky130_fd_sc_hd__and3_1)
     2    0.006255    0.098872    0.345360    5.525366 v _2319_/X (sky130_fd_sc_hd__and3_1)
                                                         _1572_ (net)
                      0.098872    0.000130    5.525496 v _2321_/C (sky130_fd_sc_hd__or3_4)
     3    0.008652    0.131902    0.680948    6.206443 v _2321_/X (sky130_fd_sc_hd__or3_4)
                                                         _1574_ (net)
                      0.131902    0.000292    6.206735 v _2326_/A1 (sky130_fd_sc_hd__a21o_1)
     4    0.010744    0.122638    0.374842    6.581577 v _2326_/X (sky130_fd_sc_hd__a21o_1)
                                                         _1579_ (net)
                      0.122638    0.000334    6.581911 v _2328_/B (sky130_fd_sc_hd__and3_1)
     2    0.005531    0.093289    0.383258    6.965168 v _2328_/X (sky130_fd_sc_hd__and3_1)
                                                         _1581_ (net)
                      0.093289    0.000143    6.965311 v _2330_/C (sky130_fd_sc_hd__or3_4)
     3    0.007786    0.129790    0.674801    7.640112 v _2330_/X (sky130_fd_sc_hd__or3_4)
                                                         _1583_ (net)
                      0.129790    0.000218    7.640329 v _2334_/A1 (sky130_fd_sc_hd__a21o_1)
     3    0.008377    0.103464    0.356041    7.996371 v _2334_/X (sky130_fd_sc_hd__a21o_1)
                                                         _1587_ (net)
                      0.103464    0.000194    7.996564 v _2338_/B (sky130_fd_sc_hd__and3_1)
     2    0.007809    0.111351    0.392908    8.389472 v _2338_/X (sky130_fd_sc_hd__and3_1)
                                                         _1591_ (net)
                      0.111351    0.000197    8.389669 v _2345_/C (sky130_fd_sc_hd__or3_4)
     3    0.008923    0.132473    0.686547    9.076217 v _2345_/X (sky130_fd_sc_hd__or3_4)
                                                         _1598_ (net)
                      0.132473    0.000159    9.076375 v _2347_/A1 (sky130_fd_sc_hd__a21o_1)
     4    0.010224    0.118372    0.371214    9.447590 v _2347_/X (sky130_fd_sc_hd__a21o_1)
                                                         _1600_ (net)
                      0.118372    0.000259    9.447849 v _2348_/A2 (sky130_fd_sc_hd__a21oi_1)
     3    0.013137    0.483377    0.486978    9.934828 ^ _2348_/Y (sky130_fd_sc_hd__a21oi_1)
                                                         _1601_ (net)
                      0.483377    0.000389    9.935217 ^ _2349_/B (sky130_fd_sc_hd__xnor2_1)
     3    0.017017    0.651607    0.491976   10.427193 ^ _2349_/Y (sky130_fd_sc_hd__xnor2_1)
                                                         _1602_ (net)
                      0.651607    0.000336   10.427528 ^ _2355_/A2 (sky130_fd_sc_hd__a21o_1)
     4    0.011328    0.171971    0.497143   10.924671 ^ _2355_/X (sky130_fd_sc_hd__a21o_1)
                                                         _0109_ (net)
                      0.171971    0.000289   10.924960 ^ _2360_/A1 (sky130_fd_sc_hd__a21oi_1)
     3    0.012183    0.226292    0.270214   11.195174 v _2360_/Y (sky130_fd_sc_hd__a21oi_1)
                                                         _0114_ (net)
                      0.226292    0.000316   11.195490 v _2364_/B (sky130_fd_sc_hd__or3_4)
     2    0.006327    0.125338    0.786258   11.981749 v _2364_/X (sky130_fd_sc_hd__or3_4)
                                                         _0118_ (net)
                      0.125338    0.000201   11.981949 v _2366_/A1 (sky130_fd_sc_hd__a21o_1)
     4    0.011010    0.124894    0.374041   12.355990 v _2366_/X (sky130_fd_sc_hd__a21o_1)
                                                         _0120_ (net)
                      0.124894    0.000313   12.356303 v _2370_/A (sky130_fd_sc_hd__and3_1)
     2    0.006040    0.097205    0.347268   12.703571 v _2370_/X (sky130_fd_sc_hd__and3_1)
                                                         _0124_ (net)
                      0.097205    0.000133   12.703704 v _2372_/C (sky130_fd_sc_hd__or3_4)
     3    0.008947    0.132628    0.681852   13.385556 v _2372_/X (sky130_fd_sc_hd__or3_4)
                                                         _0126_ (net)
                      0.132628    0.000215   13.385771 v _2378_/A1 (sky130_fd_sc_hd__a21o_1)
     4    0.010432    0.120087    0.372816   13.758587 v _2378_/X (sky130_fd_sc_hd__a21o_1)
                                                         _0132_ (net)
                      0.120087    0.000261   13.758848 v _2383_/A (sky130_fd_sc_hd__and3_1)
     2    0.007969    0.112699    0.360697   14.119545 v _2383_/X (sky130_fd_sc_hd__and3_1)
                                                         _0137_ (net)
                      0.112699    0.000308   14.119853 v _2385_/C (sky130_fd_sc_hd__or3_4)
     3    0.008365    0.131091    0.684260   14.804113 v _2385_/X (sky130_fd_sc_hd__or3_4)
                                                         _0139_ (net)
                      0.131091    0.000187   14.804300 v _2387_/A1 (sky130_fd_sc_hd__a21o_1)
     4    0.012388    0.136176    0.387043   15.191343 v _2387_/X (sky130_fd_sc_hd__a21o_1)
                                                         _0141_ (net)
                      0.136176    0.000171   15.191514 v _2390_/A (sky130_fd_sc_hd__and3_1)
     3    0.010982    0.138368    0.392930   15.584444 v _2390_/X (sky130_fd_sc_hd__and3_1)
                                                         _0144_ (net)
                      0.138368    0.000329   15.584773 v _2392_/C (sky130_fd_sc_hd__or3_4)
     3    0.006848    0.127278    0.685517   16.270290 v _2392_/X (sky130_fd_sc_hd__or3_4)
                                                         _0146_ (net)
                      0.127279    0.000169   16.270460 v _2397_/A1 (sky130_fd_sc_hd__a21o_1)
     4    0.011270    0.126926    0.376893   16.647352 v _2397_/X (sky130_fd_sc_hd__a21o_1)
                                                         _0151_ (net)
                      0.126926    0.000213   16.647566 v _2406_/A (sky130_fd_sc_hd__and3_1)
     2    0.006419    0.100156    0.351321   16.998886 v _2406_/X (sky130_fd_sc_hd__and3_1)
                                                         _0160_ (net)
                      0.100156    0.000165   16.999052 v _2408_/C (sky130_fd_sc_hd__or3_4)
     3    0.008446    0.131370    0.680400   17.679451 v _2408_/X (sky130_fd_sc_hd__or3_4)
                                                         _0162_ (net)
                      0.131370    0.000160   17.679611 v _2410_/A1 (sky130_fd_sc_hd__a21o_1)
     3    0.007612    0.097456    0.350928   18.030539 v _2410_/X (sky130_fd_sc_hd__a21o_1)
                                                         _0164_ (net)
                      0.097456    0.000197   18.030737 v _2413_/C (sky130_fd_sc_hd__and3_1)
     2    0.006282    0.099064    0.405677   18.436415 v _2413_/X (sky130_fd_sc_hd__and3_1)
                                                         _0167_ (net)
                      0.099064    0.000139   18.436552 v _2415_/C (sky130_fd_sc_hd__or3_4)
     3    0.006512    0.126424    0.670337   19.106890 v _2415_/X (sky130_fd_sc_hd__or3_4)
                                                         _0169_ (net)
                      0.126424    0.000140   19.107029 v _2420_/A1 (sky130_fd_sc_hd__a21o_1)
     3    0.008775    0.106658    0.357611   19.464640 v _2420_/X (sky130_fd_sc_hd__a21o_1)
                                                         _0174_ (net)
                      0.106658    0.000167   19.464808 v _2428_/A1 (sky130_fd_sc_hd__a21bo_1)
     1    0.004415    0.075806    0.335676   19.800484 v _2428_/X (sky130_fd_sc_hd__a21bo_1)
                                                         _0180_ (net)
                      0.075806    0.000085   19.800570 v _2429_/B (sky130_fd_sc_hd__xor2_1)
     1    0.002597    0.120784    0.261860   20.062429 v _2429_/X (sky130_fd_sc_hd__xor2_1)
                                                         _0181_ (net)
                      0.120784    0.000053   20.062483 v _2430_/A1 (sky130_fd_sc_hd__mux2_4)
     1    0.002211    0.076484    0.482160   20.544641 v _2430_/X (sky130_fd_sc_hd__mux2_4)
                                                         _0025_ (net)
                      0.076484    0.000043   20.544685 v _3238_/D (sky130_fd_sc_hd__dfrtp_4)
                                             20.544685   data arrival time

                                 10.375000   10.375000   clock clk (rise edge)
                                  0.000000   10.375000   clock source latency
     2    0.039258    0.000000    0.000000   10.375000 ^ clk (in)
                                                         clk (net)
                      0.002112    0.001056   10.376056 ^ clkbuf_0_clk/A (sky130_fd_sc_hd__clkbuf_16)
    17    0.167953    0.272112    0.355914   10.731970 ^ clkbuf_0_clk/X (sky130_fd_sc_hd__clkbuf_16)
                                                         clknet_0_clk (net)
                      0.272425    0.007629   10.739599 ^ clkbuf_3_3__f_clk/A (sky130_fd_sc_hd__clkbuf_16)
    35    0.099331    0.175534    0.404097   11.143696 ^ clkbuf_3_3__f_clk/X (sky130_fd_sc_hd__clkbuf_16)
                                                         clknet_3_3__leaf_clk (net)
                      0.175624    0.003685   11.147381 ^ _3238_/CLK (sky130_fd_sc_hd__dfrtp_4)
                                 -0.100000   11.047381   clock uncertainty
                                  0.000000   11.047381   clock reconvergence pessimism
                                 -0.249406   10.797976   library setup time
                                             10.797976   data required time
---------------------------------------------------------------------------------------------
                                             10.797976   data required time
                                            -20.544685   data arrival time
---------------------------------------------------------------------------------------------
                                             -9.746710   slack (VIOLATED)




===========================================================================
report_checks --slack_max -0.01
============================================================================
======================= nom_ss_100C_1v60 Corner ===================================

Startpoint: _3302_ (rising edge-triggered flip-flop clocked by clk)
Endpoint: _3238_ (rising edge-triggered flip-flop clocked by clk)
Path Group: clk
Path Type: max

Fanout         Cap        Slew       Delay        Time   Description
---------------------------------------------------------------------------------------------
                                  0.000000    0.000000   clock clk (rise edge)
                                  0.000000    0.000000   clock source latency
     2    0.039258    0.000000    0.000000    0.000000 ^ clk (in)
                                                         clk (net)
                      0.002112    0.001056    0.001056 ^ clkbuf_0_clk/A (sky130_fd_sc_hd__clkbuf_16)
    17    0.167953    0.272112    0.355914    0.356970 ^ clkbuf_0_clk/X (sky130_fd_sc_hd__clkbuf_16)
                                                         clknet_0_clk (net)
                      0.272465    0.008089    0.365060 ^ clkbuf_3_0__f_clk/A (sky130_fd_sc_hd__clkbuf_16)
    25    0.092364    0.165800    0.397085    0.762144 ^ clkbuf_3_0__f_clk/X (sky130_fd_sc_hd__clkbuf_16)
                                                         clknet_3_0__leaf_clk (net)
                      0.165867    0.003133    0.765278 ^ _3302_/CLK (sky130_fd_sc_hd__dfrtp_4)
     6    0.022886    0.162667    1.102592    1.867870 v _3302_/Q (sky130_fd_sc_hd__dfrtp_4)
                                                         B_reg[12] (net)
                      0.162899    0.001260    1.869130 v _1910_/C (sky130_fd_sc_hd__and3_1)
     3    0.006992    0.104699    0.444224    2.313354 v _1910_/X (sky130_fd_sc_hd__and3_1)
                                                         _1175_ (net)
                      0.104699    0.000163    2.313518 v _2300_/B (sky130_fd_sc_hd__or4_4)
     4    0.009330    0.172042    1.054605    3.368122 v _2300_/X (sky130_fd_sc_hd__or4_4)
                                                         _1553_ (net)
                      0.172042    0.000202    3.368324 v _2304_/A1 (sky130_fd_sc_hd__a21o_1)
     3    0.007536    0.096881    0.367993    3.736317 v _2304_/X (sky130_fd_sc_hd__a21o_1)
                                                         _1557_ (net)
                      0.096881    0.000167    3.736484 v _2308_/C (sky130_fd_sc_hd__and3_1)
     2    0.006099    0.097643    0.403852    4.140335 v _2308_/X (sky130_fd_sc_hd__and3_1)
                                                         _1561_ (net)
                      0.097643    0.000138    4.140473 v _2310_/C (sky130_fd_sc_hd__or3_4)
     3    0.006779    0.127238    0.671343    4.811816 v _2310_/X (sky130_fd_sc_hd__or3_4)
                                                         _1563_ (net)
                      0.127238    0.000100    4.811917 v _2313_/A1 (sky130_fd_sc_hd__a21o_1)
     4    0.010082    0.117213    0.367853    5.179770 v _2313_/X (sky130_fd_sc_hd__a21o_1)
                                                         _1566_ (net)
                      0.117213    0.000235    5.180006 v _2319_/A (sky130_fd_sc_hd__and3_1)
     2    0.006255    0.098872    0.345360    5.525366 v _2319_/X (sky130_fd_sc_hd__and3_1)
                                                         _1572_ (net)
                      0.098872    0.000130    5.525496 v _2321_/C (sky130_fd_sc_hd__or3_4)
     3    0.008652    0.131902    0.680948    6.206443 v _2321_/X (sky130_fd_sc_hd__or3_4)
                                                         _1574_ (net)
                      0.131902    0.000292    6.206735 v _2326_/A1 (sky130_fd_sc_hd__a21o_1)
     4    0.010744    0.122638    0.374842    6.581577 v _2326_/X (sky130_fd_sc_hd__a21o_1)
                                                         _1579_ (net)
                      0.122638    0.000334    6.581911 v _2328_/B (sky130_fd_sc_hd__and3_1)
     2    0.005531    0.093289    0.383258    6.965168 v _2328_/X (sky130_fd_sc_hd__and3_1)
                                                         _1581_ (net)
                      0.093289    0.000143    6.965311 v _2330_/C (sky130_fd_sc_hd__or3_4)
     3    0.007786    0.129790    0.674801    7.640112 v _2330_/X (sky130_fd_sc_hd__or3_4)
                                                         _1583_ (net)
                      0.129790    0.000218    7.640329 v _2334_/A1 (sky130_fd_sc_hd__a21o_1)
     3    0.008377    0.103464    0.356041    7.996371 v _2334_/X (sky130_fd_sc_hd__a21o_1)
                                                         _1587_ (net)
                      0.103464    0.000194    7.996564 v _2338_/B (sky130_fd_sc_hd__and3_1)
     2    0.007809    0.111351    0.392908    8.389472 v _2338_/X (sky130_fd_sc_hd__and3_1)
                                                         _1591_ (net)
                      0.111351    0.000197    8.389669 v _2345_/C (sky130_fd_sc_hd__or3_4)
     3    0.008923    0.132473    0.686547    9.076217 v _2345_/X (sky130_fd_sc_hd__or3_4)
                                                         _1598_ (net)
                      0.132473    0.000159    9.076375 v _2347_/A1 (sky130_fd_sc_hd__a21o_1)
     4    0.010224    0.118372    0.371214    9.447590 v _2347_/X (sky130_fd_sc_hd__a21o_1)
                                                         _1600_ (net)
                      0.118372    0.000259    9.447849 v _2348_/A2 (sky130_fd_sc_hd__a21oi_1)
     3    0.013137    0.483377    0.486978    9.934828 ^ _2348_/Y (sky130_fd_sc_hd__a21oi_1)
                                                         _1601_ (net)
                      0.483377    0.000389    9.935217 ^ _2349_/B (sky130_fd_sc_hd__xnor2_1)
     3    0.017017    0.651607    0.491976   10.427193 ^ _2349_/Y (sky130_fd_sc_hd__xnor2_1)
                                                         _1602_ (net)
                      0.651607    0.000336   10.427528 ^ _2355_/A2 (sky130_fd_sc_hd__a21o_1)
     4    0.011328    0.171971    0.497143   10.924671 ^ _2355_/X (sky130_fd_sc_hd__a21o_1)
                                                         _0109_ (net)
                      0.171971    0.000289   10.924960 ^ _2360_/A1 (sky130_fd_sc_hd__a21oi_1)
     3    0.012183    0.226292    0.270214   11.195174 v _2360_/Y (sky130_fd_sc_hd__a21oi_1)
                                                         _0114_ (net)
                      0.226292    0.000316   11.195490 v _2364_/B (sky130_fd_sc_hd__or3_4)
     2    0.006327    0.125338    0.786258   11.981749 v _2364_/X (sky130_fd_sc_hd__or3_4)
                                                         _0118_ (net)
                      0.125338    0.000201   11.981949 v _2366_/A1 (sky130_fd_sc_hd__a21o_1)
     4    0.011010    0.124894    0.374041   12.355990 v _2366_/X (sky130_fd_sc_hd__a21o_1)
                                                         _0120_ (net)
                      0.124894    0.000313   12.356303 v _2370_/A (sky130_fd_sc_hd__and3_1)
     2    0.006040    0.097205    0.347268   12.703571 v _2370_/X (sky130_fd_sc_hd__and3_1)
                                                         _0124_ (net)
                      0.097205    0.000133   12.703704 v _2372_/C (sky130_fd_sc_hd__or3_4)
     3    0.008947    0.132628    0.681852   13.385556 v _2372_/X (sky130_fd_sc_hd__or3_4)
                                                         _0126_ (net)
                      0.132628    0.000215   13.385771 v _2378_/A1 (sky130_fd_sc_hd__a21o_1)
     4    0.010432    0.120087    0.372816   13.758587 v _2378_/X (sky130_fd_sc_hd__a21o_1)
                                                         _0132_ (net)
                      0.120087    0.000261   13.758848 v _2383_/A (sky130_fd_sc_hd__and3_1)
     2    0.007969    0.112699    0.360697   14.119545 v _2383_/X (sky130_fd_sc_hd__and3_1)
                                                         _0137_ (net)
                      0.112699    0.000308   14.119853 v _2385_/C (sky130_fd_sc_hd__or3_4)
     3    0.008365    0.131091    0.684260   14.804113 v _2385_/X (sky130_fd_sc_hd__or3_4)
                                                         _0139_ (net)
                      0.131091    0.000187   14.804300 v _2387_/A1 (sky130_fd_sc_hd__a21o_1)
     4    0.012388    0.136176    0.387043   15.191343 v _2387_/X (sky130_fd_sc_hd__a21o_1)
                                                         _0141_ (net)
                      0.136176    0.000171   15.191514 v _2390_/A (sky130_fd_sc_hd__and3_1)
     3    0.010982    0.138368    0.392930   15.584444 v _2390_/X (sky130_fd_sc_hd__and3_1)
                                                         _0144_ (net)
                      0.138368    0.000329   15.584773 v _2392_/C (sky130_fd_sc_hd__or3_4)
     3    0.006848    0.127278    0.685517   16.270290 v _2392_/X (sky130_fd_sc_hd__or3_4)
                                                         _0146_ (net)
                      0.127279    0.000169   16.270460 v _2397_/A1 (sky130_fd_sc_hd__a21o_1)
     4    0.011270    0.126926    0.376893   16.647352 v _2397_/X (sky130_fd_sc_hd__a21o_1)
                                                         _0151_ (net)
                      0.126926    0.000213   16.647566 v _2406_/A (sky130_fd_sc_hd__and3_1)
     2    0.006419    0.100156    0.351321   16.998886 v _2406_/X (sky130_fd_sc_hd__and3_1)
                                                         _0160_ (net)
                      0.100156    0.000165   16.999052 v _2408_/C (sky130_fd_sc_hd__or3_4)
     3    0.008446    0.131370    0.680400   17.679451 v _2408_/X (sky130_fd_sc_hd__or3_4)
                                                         _0162_ (net)
                      0.131370    0.000160   17.679611 v _2410_/A1 (sky130_fd_sc_hd__a21o_1)
     3    0.007612    0.097456    0.350928   18.030539 v _2410_/X (sky130_fd_sc_hd__a21o_1)
                                                         _0164_ (net)
                      0.097456    0.000197   18.030737 v _2413_/C (sky130_fd_sc_hd__and3_1)
     2    0.006282    0.099064    0.405677   18.436415 v _2413_/X (sky130_fd_sc_hd__and3_1)
                                                         _0167_ (net)
                      0.099064    0.000139   18.436552 v _2415_/C (sky130_fd_sc_hd__or3_4)
     3    0.006512    0.126424    0.670337   19.106890 v _2415_/X (sky130_fd_sc_hd__or3_4)
                                                         _0169_ (net)
                      0.126424    0.000140   19.107029 v _2420_/A1 (sky130_fd_sc_hd__a21o_1)
     3    0.008775    0.106658    0.357611   19.464640 v _2420_/X (sky130_fd_sc_hd__a21o_1)
                                                         _0174_ (net)
                      0.106658    0.000167   19.464808 v _2428_/A1 (sky130_fd_sc_hd__a21bo_1)
     1    0.004415    0.075806    0.335676   19.800484 v _2428_/X (sky130_fd_sc_hd__a21bo_1)
                                                         _0180_ (net)
                      0.075806    0.000085   19.800570 v _2429_/B (sky130_fd_sc_hd__xor2_1)
     1    0.002597    0.120784    0.261860   20.062429 v _2429_/X (sky130_fd_sc_hd__xor2_1)
                                                         _0181_ (net)
                      0.120784    0.000053   20.062483 v _2430_/A1 (sky130_fd_sc_hd__mux2_4)
     1    0.002211    0.076484    0.482160   20.544641 v _2430_/X (sky130_fd_sc_hd__mux2_4)
                                                         _0025_ (net)
                      0.076484    0.000043   20.544685 v _3238_/D (sky130_fd_sc_hd__dfrtp_4)
                                             20.544685   data arrival time

                                 10.375000   10.375000   clock clk (rise edge)
                                  0.000000   10.375000   clock source latency
     2    0.039258    0.000000    0.000000   10.375000 ^ clk (in)
                                                         clk (net)
                      0.002112    0.001056   10.376056 ^ clkbuf_0_clk/A (sky130_fd_sc_hd__clkbuf_16)
    17    0.167953    0.272112    0.355914   10.731970 ^ clkbuf_0_clk/X (sky130_fd_sc_hd__clkbuf_16)
                                                         clknet_0_clk (net)
                      0.272425    0.007629   10.739599 ^ clkbuf_3_3__f_clk/A (sky130_fd_sc_hd__clkbuf_16)
    35    0.099331    0.175534    0.404097   11.143696 ^ clkbuf_3_3__f_clk/X (sky130_fd_sc_hd__clkbuf_16)
                                                         clknet_3_3__leaf_clk (net)
                      0.175624    0.003685   11.147381 ^ _3238_/CLK (sky130_fd_sc_hd__dfrtp_4)
                                 -0.100000   11.047381   clock uncertainty
                                  0.000000   11.047381   clock reconvergence pessimism
                                 -0.249406   10.797976   library setup time
                                             10.797976   data required time
---------------------------------------------------------------------------------------------
                                             10.797976   data required time
                                            -20.544685   data arrival time
---------------------------------------------------------------------------------------------
                                             -9.746710   slack (VIOLATED)




===========================================================================
 report_check_types -max_slew -max_cap -max_fanout -violators
============================================================================
======================= nom_ss_100C_1v60 Corner ===================================



===========================================================================
report_parasitic_annotation -report_unannotated
============================================================================
Found 7 unannotated drivers.
 clkload0/Y
 clkload1/Y
 clkload2/Y
 clkload3/Y
 clkload4/Y
 clkload5/Y
 clkload6/Y
Found 0 partially unannotated drivers.

===========================================================================
max slew violation count 0
max fanout violation count 0
max cap violation count 0
============================================================================

===========================================================================
check_setup -verbose -unconstrained_endpoints -multiple_clock -no_clock -no_input_delay -loops -generated_clocks
===========================================================================
Warning: There are 36 input ports missing set_input_delay.
  A_in[0]
  A_in[10]
  A_in[11]
  A_in[12]
  A_in[13]
  A_in[14]
  A_in[15]
  A_in[1]
  A_in[2]
  A_in[3]
  A_in[4]
  A_in[5]
  A_in[6]
  A_in[7]
  A_in[8]
  A_in[9]
  B_in[0]
  B_in[10]
  B_in[11]
  B_in[12]
  B_in[13]
  B_in[14]
  B_in[15]
  B_in[1]
  B_in[2]
  B_in[3]
  B_in[4]
  B_in[5]
  B_in[6]
  B_in[7]
  B_in[8]
  B_in[9]
  Op_Sel[0]
  Op_Sel[1]
  Start
  rst_n
Warning: There are 17 unconstrained endpoints.
  Done
  X_out[0]
  X_out[10]
  X_out[11]
  X_out[12]
  X_out[13]
  X_out[14]
  X_out[15]
  X_out[1]
  X_out[2]
  X_out[3]
  X_out[4]
  X_out[5]
  X_out[6]
  X_out[7]
  X_out[8]
  X_out[9]
