Clock: clk
Sources: clk 
Generated: no
Virtual: yes
Propagated: no
Period: 10.375000

===========================================================================
report_clock_properties
============================================================================
Clock                   Period          Waveform
----------------------------------------------------
clk                  10.375000    0.000000  5.187500

===========================================================================
report_clock_latency
============================================================================
Clock clk
rise -> rise
    min     max
0.000000 0.000000 source latency
0.745344         network latency _3221_/CLK
        0.784480 network latency _3296_/CLK
---------------
0.745344 0.784480 latency
        0.039136 skew

fall -> fall
    min     max
0.000000 0.000000 source latency
0.716632         network latency _3221_/CLK
        0.747249 network latency _3296_/CLK
---------------
0.716632 0.747249 latency
        0.030616 skew



===========================================================================
report_clock_min_period
============================================================================
clk period_min = 20.12 fmax = 49.70
