Clock: clk
Sources: clk 
Generated: no
Virtual: yes
Propagated: no
Period: 13.000000

===========================================================================
report_clock_properties
============================================================================
Clock                   Period          Waveform
----------------------------------------------------
clk                  13.000000    0.000000  6.500000

===========================================================================
report_clock_latency
============================================================================
Clock clk
rise -> rise
    min     max
0.000000 0.000000 source latency
0.401820         network latency _3241_/CLK
        0.421605 network latency _3255_/CLK
---------------
0.401820 0.421605 latency
        0.019784 skew

fall -> fall
    min     max
0.000000 0.000000 source latency
0.388746         network latency _3241_/CLK
        0.404105 network latency _3255_/CLK
---------------
0.388746 0.404105 latency
        0.015359 skew



===========================================================================
report_clock_min_period
============================================================================
clk period_min = 10.21 fmax = 97.97
