Clock: clk
Sources: clk 
Generated: no
Virtual: yes
Propagated: no
Period: 40.000000

===========================================================================
report_clock_properties
============================================================================
Clock                   Period          Waveform
----------------------------------------------------
clk                  40.000000    0.000000 20.000000

===========================================================================
report_clock_latency
============================================================================
Clock clk
rise -> rise
    min     max
0.000000 0.000000 source latency
0.317341         network latency _3235_/CLK
        0.335339 network latency _3298_/CLK
---------------
0.317341 0.335339 latency
        0.017998 skew

fall -> fall
    min     max
0.000000 0.000000 source latency
0.299332         network latency _3235_/CLK
        0.314955 network latency _3298_/CLK
---------------
0.299332 0.314955 latency
        0.015623 skew



===========================================================================
report_clock_min_period
============================================================================
clk period_min = 6.69 fmax = 149.42
