Clock: clk
Sources: clk 
Generated: no
Virtual: yes
Propagated: no
Period: 140.000000

===========================================================================
report_clock_properties
============================================================================
Clock                   Period          Waveform
----------------------------------------------------
clk                 140.000000    0.000000 70.000000

===========================================================================
report_clock_latency
============================================================================
Clock clk
rise -> rise
    min     max
0.000000 0.000000 source latency
0.296400         network latency _3221_/CLK
        0.313199 network latency _3298_/CLK
---------------
0.296400 0.313199 latency
        0.016798 skew

fall -> fall
    min     max
0.000000 0.000000 source latency
0.281034         network latency _3221_/CLK
        0.294449 network latency _3298_/CLK
---------------
0.281034 0.294449 latency
        0.013415 skew



===========================================================================
report_clock_min_period
============================================================================
clk period_min = 6.57 fmax = 152.11
