Clock: clk
Sources: clk 
Generated: no
Virtual: yes
Propagated: no
Period: 40.000000

===========================================================================
report_clock_properties
============================================================================
Clock                   Period          Waveform
----------------------------------------------------
clk                  40.000000    0.000000 20.000000

===========================================================================
report_clock_latency
============================================================================
Clock clk
rise -> rise
    min     max
0.000000 0.000000 source latency
0.299328         network latency _3235_/CLK
        0.312007 network latency _3298_/CLK
---------------
0.299328 0.312007 latency
        0.012679 skew

fall -> fall
    min     max
0.000000 0.000000 source latency
0.283384         network latency _3235_/CLK
        0.293937 network latency _3298_/CLK
---------------
0.283384 0.293937 latency
        0.010553 skew



===========================================================================
report_clock_min_period
============================================================================
clk period_min = 6.59 fmax = 151.75
