
===========================================================================
report_checks -unconstrained
===========================================================================
======================= nom_tt_025C_1v80 Corner ===================================

Startpoint: _3302_ (rising edge-triggered flip-flop clocked by clk)
Endpoint: _3238_ (rising edge-triggered flip-flop clocked by clk)
Path Group: clk
Path Type: max

Fanout         Cap        Slew       Delay        Time   Description
---------------------------------------------------------------------------------------------
                                  0.000000    0.000000   clock clk (rise edge)
                                  0.000000    0.000000   clock source latency
     1    0.028987    0.000000    0.000000    0.000000 ^ clk (in)
                                                         clk (net)
                      0.002441    0.001221    0.001221 ^ clkbuf_0_clk/A (sky130_fd_sc_hd__clkbuf_16)
     8    0.118930    0.132043    0.184495    0.185716 ^ clkbuf_0_clk/X (sky130_fd_sc_hd__clkbuf_16)
                                                         clknet_0_clk (net)
                      0.132122    0.001478    0.187194 ^ clkbuf_3_0__f_clk/A (sky130_fd_sc_hd__clkbuf_16)
    12    0.059309    0.077602    0.187674    0.374868 ^ clkbuf_3_0__f_clk/X (sky130_fd_sc_hd__clkbuf_16)
                                                         clknet_3_0__leaf_clk (net)
                      0.077605    0.000575    0.375443 ^ _3302_/CLK (sky130_fd_sc_hd__dfrtp_4)
     6    0.017161    0.077356    0.505661    0.881103 v _3302_/Q (sky130_fd_sc_hd__dfrtp_4)
                                                         B_reg[12] (net)
                      0.077356    0.000271    0.881374 v _1910_/C (sky130_fd_sc_hd__and3_1)
     3    0.005804    0.051319    0.203567    1.084941 v _1910_/X (sky130_fd_sc_hd__and3_1)
                                                         _1175_ (net)
                      0.051319    0.000011    1.084952 v _2300_/A (sky130_fd_sc_hd__or4_4)
     4    0.008579    0.093235    0.542468    1.627420 v _2300_/X (sky130_fd_sc_hd__or4_4)
                                                         _1553_ (net)
                      0.093235    0.000011    1.627432 v _2304_/A1 (sky130_fd_sc_hd__a21o_1)
     3    0.006660    0.050725    0.188096    1.815528 v _2304_/X (sky130_fd_sc_hd__a21o_1)
                                                         _1557_ (net)
                      0.050725    0.000016    1.815544 v _2307_/A2 (sky130_fd_sc_hd__a21oi_1)
     3    0.010338    0.252240    0.244706    2.060250 ^ _2307_/Y (sky130_fd_sc_hd__a21oi_1)
                                                         _1560_ (net)
                      0.252240    0.000011    2.060261 ^ _2311_/B (sky130_fd_sc_hd__xor2_1)
     3    0.009617    0.240175    0.260495    2.320755 ^ _2311_/X (sky130_fd_sc_hd__xor2_1)
                                                         _1564_ (net)
                      0.240175    0.000020    2.320776 ^ _2313_/A2 (sky130_fd_sc_hd__a21o_1)
     4    0.009810    0.096205    0.195506    2.516282 ^ _2313_/X (sky130_fd_sc_hd__a21o_1)
                                                         _1566_ (net)
                      0.096205    0.000029    2.516310 ^ _2318_/A1 (sky130_fd_sc_hd__a21oi_1)
     3    0.010678    0.095675    0.112996    2.629306 v _2318_/Y (sky130_fd_sc_hd__a21oi_1)
                                                         _1571_ (net)
                      0.095675    0.000022    2.629328 v _2321_/B (sky130_fd_sc_hd__or3_4)
     3    0.007264    0.070297    0.386383    3.015711 v _2321_/X (sky130_fd_sc_hd__or3_4)
                                                         _1574_ (net)
                      0.070297    0.000045    3.015756 v _2326_/A1 (sky130_fd_sc_hd__a21o_1)
     4    0.009496    0.060460    0.191487    3.207243 v _2326_/X (sky130_fd_sc_hd__a21o_1)
                                                         _1579_ (net)
                      0.060460    0.000035    3.207278 v _2328_/B (sky130_fd_sc_hd__and3_1)
     2    0.004604    0.046120    0.174720    3.381998 v _2328_/X (sky130_fd_sc_hd__and3_1)
                                                         _1581_ (net)
                      0.046120    0.000013    3.382012 v _2330_/A (sky130_fd_sc_hd__or3_4)
     3    0.006273    0.068812    0.384045    3.766057 v _2330_/X (sky130_fd_sc_hd__or3_4)
                                                         _1583_ (net)
                      0.068812    0.000012    3.766068 v _2334_/A1 (sky130_fd_sc_hd__a21o_1)
     3    0.006045    0.046711    0.175213    3.941281 v _2334_/X (sky130_fd_sc_hd__a21o_1)
                                                         _1587_ (net)
                      0.046711    0.000020    3.941301 v rebuffer4/A (sky130_fd_sc_hd__dlymetal6s2s_1)
     3    0.008717    0.063953    0.159500    4.100801 v rebuffer4/X (sky130_fd_sc_hd__dlymetal6s2s_1)
                                                         net57 (net)
                      0.063953    0.000004    4.100804 v _2343_/A1 (sky130_fd_sc_hd__a21bo_1)
     1    0.003486    0.037710    0.172853    4.273657 v _2343_/X (sky130_fd_sc_hd__a21bo_1)
                                                         _1596_ (net)
                      0.037710    0.000020    4.273677 v _2344_/B1 (sky130_fd_sc_hd__a22o_1)
     2    0.006768    0.058452    0.193623    4.467300 v _2344_/X (sky130_fd_sc_hd__a22o_1)
                                                         _1597_ (net)
                      0.058452    0.000051    4.467351 v _2347_/B1 (sky130_fd_sc_hd__a21o_1)
     3    0.006700    0.049643    0.171740    4.639091 v _2347_/X (sky130_fd_sc_hd__a21o_1)
                                                         _1600_ (net)
                      0.049643    0.000037    4.639128 v _2350_/C (sky130_fd_sc_hd__and3_1)
     2    0.005746    0.049337    0.190705    4.829834 v _2350_/X (sky130_fd_sc_hd__and3_1)
                                                         _1603_ (net)
                      0.049337    0.000032    4.829866 v _2352_/C (sky130_fd_sc_hd__or3_4)
     3    0.008121    0.071799    0.334968    5.164834 v _2352_/X (sky130_fd_sc_hd__or3_4)
                                                         _0106_ (net)
                      0.071799    0.000043    5.164876 v _2355_/A1 (sky130_fd_sc_hd__a21o_1)
     3    0.006082    0.046890    0.176616    5.341492 v _2355_/X (sky130_fd_sc_hd__a21o_1)
                                                         _0109_ (net)
                      0.046890    0.000009    5.341501 v rebuffer12/A (sky130_fd_sc_hd__dlymetal6s2s_1)
     2    0.004553    0.046487    0.141937    5.483438 v rebuffer12/X (sky130_fd_sc_hd__dlymetal6s2s_1)
                                                         net65 (net)
                      0.046487    0.000009    5.483447 v _2358_/A2 (sky130_fd_sc_hd__a21bo_1)
     1    0.008323    0.059436    0.211746    5.695193 v _2358_/X (sky130_fd_sc_hd__a21bo_1)
                                                         _0112_ (net)
                      0.059436    0.000013    5.695206 v _2359_/B (sky130_fd_sc_hd__xnor2_2)
     2    0.006173    0.081905    0.137549    5.832755 v _2359_/Y (sky130_fd_sc_hd__xnor2_2)
                                                         _0113_ (net)
                      0.081905    0.000056    5.832811 v _2366_/B1 (sky130_fd_sc_hd__a21o_1)
     4    0.009711    0.061292    0.194820    6.027631 v _2366_/X (sky130_fd_sc_hd__a21o_1)
                                                         _0120_ (net)
                      0.061292    0.000031    6.027663 v _2370_/A (sky130_fd_sc_hd__and3_1)
     2    0.005847    0.049800    0.160930    6.188593 v _2370_/X (sky130_fd_sc_hd__and3_1)
                                                         _0124_ (net)
                      0.049800    0.000021    6.188614 v _2372_/A (sky130_fd_sc_hd__or3_4)
     3    0.007698    0.072368    0.389786    6.578400 v _2372_/X (sky130_fd_sc_hd__or3_4)
                                                         _0126_ (net)
                      0.072368    0.000009    6.578410 v _2378_/A1 (sky130_fd_sc_hd__a21o_1)
     4    0.008136    0.056860    0.186223    6.764633 v _2378_/X (sky130_fd_sc_hd__a21o_1)
                                                         _0132_ (net)
                      0.056860    0.000008    6.764641 v _2383_/A (sky130_fd_sc_hd__and3_1)
     2    0.005593    0.050388    0.157765    6.922406 v _2383_/X (sky130_fd_sc_hd__and3_1)
                                                         _0137_ (net)
                      0.050388    0.000017    6.922423 v _2385_/C (sky130_fd_sc_hd__or3_4)
     3    0.007091    0.070089    0.332120    7.254542 v _2385_/X (sky130_fd_sc_hd__or3_4)
                                                         _0139_ (net)
                      0.070089    0.000020    7.254563 v _2387_/A1 (sky130_fd_sc_hd__a21o_1)
     4    0.010950    0.068181    0.196630    7.451193 v _2387_/X (sky130_fd_sc_hd__a21o_1)
                                                         _0141_ (net)
                      0.068181    0.000016    7.451209 v _2390_/A (sky130_fd_sc_hd__and3_1)
     3    0.009053    0.063091    0.178976    7.630185 v _2390_/X (sky130_fd_sc_hd__and3_1)
                                                         _0144_ (net)
                      0.063091    0.000044    7.630229 v _2392_/C (sky130_fd_sc_hd__or3_4)
     3    0.006033    0.069127    0.332943    7.963172 v _2392_/X (sky130_fd_sc_hd__or3_4)
                                                         _0146_ (net)
                      0.069127    0.000007    7.963180 v _2397_/A1 (sky130_fd_sc_hd__a21o_1)
     4    0.009364    0.061978    0.190487    8.153666 v _2397_/X (sky130_fd_sc_hd__a21o_1)
                                                         _0151_ (net)
                      0.061978    0.000015    8.153682 v _2406_/A (sky130_fd_sc_hd__and3_1)
     2    0.005285    0.049057    0.158582    8.312264 v _2406_/X (sky130_fd_sc_hd__and3_1)
                                                         _0160_ (net)
                      0.049057    0.000012    8.312276 v _2408_/C (sky130_fd_sc_hd__or3_4)
     3    0.007646    0.072178    0.333460    8.645736 v _2408_/X (sky130_fd_sc_hd__or3_4)
                                                         _0162_ (net)
                      0.072178    0.000012    8.645748 v _2410_/A1 (sky130_fd_sc_hd__a21o_1)
     3    0.006076    0.046864    0.176746    8.822495 v _2410_/X (sky130_fd_sc_hd__a21o_1)
                                                         _0164_ (net)
                      0.046864    0.000020    8.822515 v _2413_/A (sky130_fd_sc_hd__and3_1)
     2    0.005285    0.049058    0.152065    8.974580 v _2413_/X (sky130_fd_sc_hd__and3_1)
                                                         _0167_ (net)
                      0.049058    0.000008    8.974587 v _2415_/C (sky130_fd_sc_hd__or3_4)
     3    0.006188    0.068697    0.329020    9.303608 v _2415_/X (sky130_fd_sc_hd__or3_4)
                                                         _0169_ (net)
                      0.068697    0.000020    9.303628 v _2420_/A1 (sky130_fd_sc_hd__a21o_1)
     4    0.010325    0.065751    0.193815    9.497443 v _2420_/X (sky130_fd_sc_hd__a21o_1)
                                                         _0174_ (net)
                      0.065751    0.000004    9.497447 v _2428_/A2 (sky130_fd_sc_hd__a21bo_1)
     1    0.004302    0.042467    0.200024    9.697471 v _2428_/X (sky130_fd_sc_hd__a21bo_1)
                                                         _0180_ (net)
                      0.042467    0.000003    9.697474 v _2429_/B (sky130_fd_sc_hd__xor2_1)
     1    0.002422    0.065966    0.132876    9.830349 v _2429_/X (sky130_fd_sc_hd__xor2_1)
                                                         _0181_ (net)
                      0.065966    0.000003    9.830352 v _2430_/A1 (sky130_fd_sc_hd__mux2_4)
     1    0.002230    0.046638    0.255433   10.085785 v _2430_/X (sky130_fd_sc_hd__mux2_4)
                                                         _0025_ (net)
                      0.046638    0.000003   10.085788 v _3238_/D (sky130_fd_sc_hd__dfrtp_4)
                                             10.085788   data arrival time

                                 13.000000   13.000000   clock clk (rise edge)
                                  0.000000   13.000000   clock source latency
     1    0.028987    0.000000    0.000000   13.000000 ^ clk (in)
                                                         clk (net)
                      0.002441    0.001220   13.001220 ^ clkbuf_0_clk/A (sky130_fd_sc_hd__clkbuf_16)
     8    0.118930    0.132043    0.184495   13.185715 ^ clkbuf_0_clk/X (sky130_fd_sc_hd__clkbuf_16)
                                                         clknet_0_clk (net)
                      0.132142    0.001982   13.187697 ^ clkbuf_3_3__f_clk/A (sky130_fd_sc_hd__clkbuf_16)
    17    0.060675    0.078847    0.188780   13.376477 ^ clkbuf_3_3__f_clk/X (sky130_fd_sc_hd__clkbuf_16)
                                                         clknet_3_3__leaf_clk (net)
                      0.078847    0.000236   13.376714 ^ _3238_/CLK (sky130_fd_sc_hd__dfrtp_4)
                                 -0.100000   13.276713   clock uncertainty
                                  0.000000   13.276713   clock reconvergence pessimism
                                 -0.107242   13.169471   library setup time
                                             13.169471   data required time
---------------------------------------------------------------------------------------------
                                             13.169471   data required time
                                            -10.085788   data arrival time
---------------------------------------------------------------------------------------------
                                              3.083684   slack (MET)




===========================================================================
report_checks --slack_max -0.01
============================================================================
======================= nom_tt_025C_1v80 Corner ===================================

No paths found.


===========================================================================
 report_check_types -max_slew -max_cap -max_fanout -violators
============================================================================
======================= nom_tt_025C_1v80 Corner ===================================



===========================================================================
report_parasitic_annotation -report_unannotated
============================================================================
Found 7 unannotated drivers.
 clkload0/Y
 clkload1/Y
 clkload2/Y
 clkload3/Y
 clkload4/Y
 clkload5/Y
 clkload6/Y
Found 0 partially unannotated drivers.

===========================================================================
max slew violation count 0
Writing metric design__max_slew_violation__count__corner:nom_tt_025C_1v80: 0
max fanout violation count 0
Writing metric design__max_fanout_violation__count__corner:nom_tt_025C_1v80: 0
max cap violation count 0
Writing metric design__max_cap_violation__count__corner:nom_tt_025C_1v80: 0
============================================================================

===========================================================================
check_setup -verbose -unconstrained_endpoints -multiple_clock -no_clock -no_input_delay -loops -generated_clocks
===========================================================================
Warning: There are 36 input ports missing set_input_delay.
  A_in[0]
  A_in[10]
  A_in[11]
  A_in[12]
  A_in[13]
  A_in[14]
  A_in[15]
  A_in[1]
  A_in[2]
  A_in[3]
  A_in[4]
  A_in[5]
  A_in[6]
  A_in[7]
  A_in[8]
  A_in[9]
  B_in[0]
  B_in[10]
  B_in[11]
  B_in[12]
  B_in[13]
  B_in[14]
  B_in[15]
  B_in[1]
  B_in[2]
  B_in[3]
  B_in[4]
  B_in[5]
  B_in[6]
  B_in[7]
  B_in[8]
  B_in[9]
  Op_Sel[0]
  Op_Sel[1]
  Start
  rst_n
Warning: There are 17 unconstrained endpoints.
  Done
  X_out[0]
  X_out[10]
  X_out[11]
  X_out[12]
  X_out[13]
  X_out[14]
  X_out[15]
  X_out[1]
  X_out[2]
  X_out[3]
  X_out[4]
  X_out[5]
  X_out[6]
  X_out[7]
  X_out[8]
  X_out[9]
