Clock: clk
Sources: clk 
Generated: no
Virtual: yes
Propagated: no
Period: 13.000000

===========================================================================
report_clock_properties
============================================================================
Clock                   Period          Waveform
----------------------------------------------------
clk                  13.000000    0.000000  6.500000

===========================================================================
report_clock_latency
============================================================================
Clock clk
rise -> rise
    min     max
0.000000 0.000000 source latency
0.369598         network latency _3221_/CLK
        0.379680 network latency _3256_/CLK
---------------
0.369598 0.379680 latency
        0.010082 skew

fall -> fall
    min     max
0.000000 0.000000 source latency
0.365565         network latency _3221_/CLK
        0.373162 network latency _3256_/CLK
---------------
0.365565 0.373162 latency
        0.007597 skew



===========================================================================
report_clock_min_period
============================================================================
clk period_min = 9.92 fmax = 100.84
