Clock: clk
Sources: clk 
Generated: no
Virtual: yes
Propagated: no
Period: 100.000000

===========================================================================
report_clock_properties
============================================================================
Clock                   Period          Waveform
----------------------------------------------------
clk                 100.000000    0.000000 50.000000

===========================================================================
report_clock_latency
============================================================================
Clock clk
rise -> rise
    min     max
0.000000 0.000000 source latency
0.401286         network latency _3220_/CLK
        0.421519 network latency _3255_/CLK
---------------
0.401286 0.421519 latency
        0.020232 skew

fall -> fall
    min     max
0.000000 0.000000 source latency
0.388336         network latency _3220_/CLK
        0.404036 network latency _3255_/CLK
---------------
0.388336 0.404036 latency
        0.015699 skew



===========================================================================
report_clock_min_period
============================================================================
clk period_min = 10.70 fmax = 93.48
