
===========================================================================
report_checks -unconstrained
===========================================================================
======================= max_tt_025C_1v80 Corner ===================================

Startpoint: _3302_ (rising edge-triggered flip-flop clocked by clk)
Endpoint: _3237_ (rising edge-triggered flip-flop clocked by clk)
Path Group: clk
Path Type: max

Fanout         Cap        Slew       Delay        Time   Description
---------------------------------------------------------------------------------------------
                                  0.000000    0.000000   clock clk (rise edge)
                                  0.000000    0.000000   clock source latency
     2    0.042875    0.000000    0.000000    0.000000 ^ clk (in)
                                                         clk (net)
                      0.003054    0.001527    0.001527 ^ clkbuf_0_clk/A (sky130_fd_sc_hd__clkbuf_16)
    17    0.172751    0.184936    0.214087    0.215613 ^ clkbuf_0_clk/X (sky130_fd_sc_hd__clkbuf_16)
                                                         clknet_0_clk (net)
                      0.187044    0.015782    0.231395 ^ clkbuf_3_0__f_clk/A (sky130_fd_sc_hd__clkbuf_16)
    25    0.094952    0.112255    0.228332    0.459727 ^ clkbuf_3_0__f_clk/X (sky130_fd_sc_hd__clkbuf_16)
                                                         clknet_3_0__leaf_clk (net)
                      0.112824    0.006027    0.465755 ^ _3302_/CLK (sky130_fd_sc_hd__dfrtp_4)
     6    0.024620    0.085650    0.531002    0.996757 v _3302_/Q (sky130_fd_sc_hd__dfrtp_4)
                                                         B_reg[12] (net)
                      0.085697    0.002250    0.999007 v _1910_/C (sky130_fd_sc_hd__and3_1)
     3    0.007515    0.057624    0.215489    1.214496 v _1910_/X (sky130_fd_sc_hd__and3_1)
                                                         _1175_ (net)
                      0.057627    0.000477    1.214973 v _2300_/A (sky130_fd_sc_hd__or4_4)
     4    0.009756    0.093727    0.548825    1.763797 v _2300_/X (sky130_fd_sc_hd__or4_4)
                                                         _1553_ (net)
                      0.093727    0.000552    1.764350 v _2304_/A1 (sky130_fd_sc_hd__a21o_1)
     3    0.008471    0.057869    0.196213    1.960563 v _2304_/X (sky130_fd_sc_hd__a21o_1)
                                                         _1557_ (net)
                      0.057873    0.000528    1.961091 v _2307_/A2 (sky130_fd_sc_hd__a21oi_1)
     3    0.010820    0.253966    0.254169    2.215259 ^ _2307_/Y (sky130_fd_sc_hd__a21oi_1)
                                                         _1560_ (net)
                      0.253967    0.000383    2.215642 ^ _2311_/B (sky130_fd_sc_hd__xor2_1)
     3    0.010437    0.247029    0.271402    2.487044 ^ _2311_/X (sky130_fd_sc_hd__xor2_1)
                                                         _1564_ (net)
                      0.247031    0.000584    2.487628 ^ _2313_/A2 (sky130_fd_sc_hd__a21o_1)
     4    0.010698    0.101059    0.201924    2.689553 ^ _2313_/X (sky130_fd_sc_hd__a21o_1)
                                                         _1566_ (net)
                      0.101061    0.000621    2.690173 ^ _2318_/A1 (sky130_fd_sc_hd__a21oi_1)
     3    0.011756    0.099933    0.119842    2.810015 v _2318_/Y (sky130_fd_sc_hd__a21oi_1)
                                                         _1571_ (net)
                      0.099939    0.000612    2.810627 v _2321_/B (sky130_fd_sc_hd__or3_4)
     3    0.007434    0.070606    0.388402    3.199029 v _2321_/X (sky130_fd_sc_hd__or3_4)
                                                         _1574_ (net)
                      0.070606    0.000251    3.199280 v _2326_/A1 (sky130_fd_sc_hd__a21o_1)
     4    0.010462    0.064401    0.194774    3.394054 v _2326_/X (sky130_fd_sc_hd__a21o_1)
                                                         _1579_ (net)
                      0.064405    0.000578    3.394632 v _2328_/A (sky130_fd_sc_hd__and3_1)
     2    0.006991    0.055163    0.167483    3.562115 v _2328_/X (sky130_fd_sc_hd__and3_1)
                                                         _1581_ (net)
                      0.055166    0.000451    3.562566 v _2330_/A (sky130_fd_sc_hd__or3_4)
     3    0.007259    0.070462    0.390384    3.952949 v _2330_/X (sky130_fd_sc_hd__or3_4)
                                                         _1583_ (net)
                      0.070462    0.000464    3.953413 v _2334_/A1 (sky130_fd_sc_hd__a21o_1)
     4    0.011215    0.067453    0.197374    4.150787 v _2334_/X (sky130_fd_sc_hd__a21o_1)
                                                         _1587_ (net)
                      0.067456    0.000573    4.151360 v rebuffer11/A (sky130_fd_sc_hd__dlymetal6s2s_1)
     2    0.007646    0.057540    0.163928    4.315289 v rebuffer11/X (sky130_fd_sc_hd__dlymetal6s2s_1)
                                                         net64 (net)
                      0.057542    0.000429    4.315718 v _2343_/A1 (sky130_fd_sc_hd__a21bo_1)
     1    0.004799    0.043036    0.176454    4.492173 v _2343_/X (sky130_fd_sc_hd__a21bo_1)
                                                         _1596_ (net)
                      0.043038    0.000337    4.492509 v _2344_/B1 (sky130_fd_sc_hd__a22o_1)
     2    0.006668    0.058116    0.194487    4.686996 v _2344_/X (sky130_fd_sc_hd__a22o_1)
                                                         _1597_ (net)
                      0.058118    0.000452    4.687449 v _2347_/B1 (sky130_fd_sc_hd__a21o_1)
     4    0.010698    0.065325    0.188727    4.876175 v _2347_/X (sky130_fd_sc_hd__a21o_1)
                                                         _1600_ (net)
                      0.065329    0.000611    4.876786 v _2348_/A2 (sky130_fd_sc_hd__a21oi_1)
     3    0.013081    0.297380    0.288896    5.165682 ^ _2348_/Y (sky130_fd_sc_hd__a21oi_1)
                                                         _1601_ (net)
                      0.297384    0.000851    5.166533 ^ _2349_/B (sky130_fd_sc_hd__xnor2_1)
     3    0.016672    0.390680    0.262803    5.429336 ^ _2349_/Y (sky130_fd_sc_hd__xnor2_1)
                                                         _1602_ (net)
                      0.390683    0.000901    5.430236 ^ _2355_/A2 (sky130_fd_sc_hd__a21o_1)
     4    0.009251    0.090093    0.214533    5.644770 ^ _2355_/X (sky130_fd_sc_hd__a21o_1)
                                                         _0109_ (net)
                      0.090094    0.000524    5.645294 ^ _2360_/A1 (sky130_fd_sc_hd__a21oi_1)
     3    0.012520    0.107850    0.119960    5.765254 v _2360_/Y (sky130_fd_sc_hd__a21oi_1)
                                                         _0114_ (net)
                      0.107894    0.000756    5.766010 v _2364_/B (sky130_fd_sc_hd__or3_4)
     3    0.007698    0.071061    0.392078    6.158088 v _2364_/X (sky130_fd_sc_hd__or3_4)
                                                         _0118_ (net)
                      0.071061    0.000473    6.158561 v _2366_/A1 (sky130_fd_sc_hd__a21o_1)
     4    0.010118    0.062956    0.193628    6.352189 v _2366_/X (sky130_fd_sc_hd__a21o_1)
                                                         _0120_ (net)
                      0.062969    0.000866    6.353055 v _2369_/A1 (sky130_fd_sc_hd__a21oi_1)
     3    0.014581    0.325869    0.289766    6.642822 ^ _2369_/Y (sky130_fd_sc_hd__a21oi_1)
                                                         _0123_ (net)
                      0.325872    0.000828    6.643650 ^ _2373_/B (sky130_fd_sc_hd__xnor2_1)
     4    0.012401    0.304494    0.233363    6.877012 ^ _2373_/Y (sky130_fd_sc_hd__xnor2_1)
                                                         _0127_ (net)
                      0.304495    0.000543    6.877555 ^ _2378_/A2 (sky130_fd_sc_hd__a21o_1)
     4    0.011935    0.111512    0.219692    7.097247 ^ _2378_/X (sky130_fd_sc_hd__a21o_1)
                                                         _0132_ (net)
                      0.111516    0.000856    7.098102 ^ _2382_/A2 (sky130_fd_sc_hd__a21oi_1)
     3    0.012513    0.108623    0.130192    7.228294 v _2382_/Y (sky130_fd_sc_hd__a21oi_1)
                                                         _0136_ (net)
                      0.108666    0.000665    7.228960 v _2385_/B (sky130_fd_sc_hd__or3_4)
     3    0.008502    0.072330    0.394808    7.623767 v _2385_/X (sky130_fd_sc_hd__or3_4)
                                                         _0139_ (net)
                      0.072330    0.000445    7.624213 v _2387_/A1 (sky130_fd_sc_hd__a21o_1)
     4    0.012927    0.074268    0.204321    7.828534 v _2387_/X (sky130_fd_sc_hd__a21o_1)
                                                         _0141_ (net)
                      0.074269    0.000433    7.828966 v _2390_/A (sky130_fd_sc_hd__and3_1)
     3    0.010871    0.070607    0.188161    8.017127 v _2390_/X (sky130_fd_sc_hd__and3_1)
                                                         _0144_ (net)
                      0.070609    0.000557    8.017684 v _2392_/C (sky130_fd_sc_hd__or3_4)
     3    0.006974    0.069855    0.338225    8.355909 v _2392_/X (sky130_fd_sc_hd__or3_4)
                                                         _0146_ (net)
                      0.069855    0.000396    8.356305 v _2397_/A1 (sky130_fd_sc_hd__a21o_1)
     4    0.010464    0.064366    0.194524    8.550829 v _2397_/X (sky130_fd_sc_hd__a21o_1)
                                                         _0151_ (net)
                      0.064369    0.000502    8.551331 v _2406_/A (sky130_fd_sc_hd__and3_1)
     2    0.006377    0.052299    0.164595    8.715925 v _2406_/X (sky130_fd_sc_hd__and3_1)
                                                         _0160_ (net)
                      0.052301    0.000365    8.716290 v _2408_/C (sky130_fd_sc_hd__or3_4)
     3    0.008834    0.072831    0.337780    9.054070 v _2408_/X (sky130_fd_sc_hd__or3_4)
                                                         _0162_ (net)
                      0.072831    0.000509    9.054579 v _2410_/A1 (sky130_fd_sc_hd__a21o_1)
     3    0.007600    0.053920    0.183686    9.238265 v _2410_/X (sky130_fd_sc_hd__a21o_1)
                                                         _0164_ (net)
                      0.053923    0.000420    9.238685 v _2413_/A (sky130_fd_sc_hd__and3_1)
     2    0.006236    0.051668    0.159291    9.397976 v _2413_/X (sky130_fd_sc_hd__and3_1)
                                                         _0167_ (net)
                      0.051669    0.000336    9.398312 v _2415_/C (sky130_fd_sc_hd__or3_4)
     3    0.006642    0.069398    0.331038    9.729350 v _2415_/X (sky130_fd_sc_hd__or3_4)
                                                         _0169_ (net)
                      0.069399    0.000316    9.729667 v _2420_/A1 (sky130_fd_sc_hd__a21o_1)
     3    0.009035    0.059176    0.188768    9.918434 v _2420_/X (sky130_fd_sc_hd__a21o_1)
                                                         _0174_ (net)
                      0.059178    0.000480    9.918914 v _2423_/A1 (sky130_fd_sc_hd__a21o_1)
     2    0.008871    0.058807    0.183749   10.102663 v _2423_/X (sky130_fd_sc_hd__a21o_1)
                                                         _0177_ (net)
                      0.058813    0.000624   10.103288 v _2426_/B (sky130_fd_sc_hd__xnor2_1)
     1    0.003294    0.057283    0.125876   10.229163 v _2426_/Y (sky130_fd_sc_hd__xnor2_1)
                                                         _0179_ (net)
                      0.057283    0.000141   10.229305 v _2427_/A1 (sky130_fd_sc_hd__mux2_4)
     1    0.002850    0.047822    0.254531   10.483835 v _2427_/X (sky130_fd_sc_hd__mux2_4)
                                                         _0024_ (net)
                      0.047822    0.000185   10.484020 v _3237_/D (sky130_fd_sc_hd__dfrtp_4)
                                             10.484020   data arrival time

                                 10.250000   10.250000   clock clk (rise edge)
                                  0.000000   10.250000   clock source latency
     2    0.042875    0.000000    0.000000   10.250000 ^ clk (in)
                                                         clk (net)
                      0.003054    0.001527   10.251527 ^ clkbuf_0_clk/A (sky130_fd_sc_hd__clkbuf_16)
    17    0.172751    0.184936    0.214087   10.465613 ^ clkbuf_0_clk/X (sky130_fd_sc_hd__clkbuf_16)
                                                         clknet_0_clk (net)
                      0.186752    0.014679   10.480292 ^ clkbuf_3_3__f_clk/A (sky130_fd_sc_hd__clkbuf_16)
    35    0.100739    0.117757    0.232448   10.712740 ^ clkbuf_3_3__f_clk/X (sky130_fd_sc_hd__clkbuf_16)
                                                         clknet_3_3__leaf_clk (net)
                      0.118030    0.004035   10.716775 ^ _3237_/CLK (sky130_fd_sc_hd__dfrtp_4)
                                 -0.100000   10.616776   clock uncertainty
                                  0.000000   10.616776   clock reconvergence pessimism
                                 -0.098789   10.517987   library setup time
                                             10.517987   data required time
---------------------------------------------------------------------------------------------
                                             10.517987   data required time
                                            -10.484020   data arrival time
---------------------------------------------------------------------------------------------
                                              0.033967   slack (MET)




===========================================================================
report_checks --slack_max -0.01
============================================================================
======================= max_tt_025C_1v80 Corner ===================================

No paths found.


===========================================================================
 report_check_types -max_slew -max_cap -max_fanout -violators
============================================================================
======================= max_tt_025C_1v80 Corner ===================================



===========================================================================
report_parasitic_annotation -report_unannotated
============================================================================
Found 7 unannotated drivers.
 clkload0/Y
 clkload1/Y
 clkload2/Y
 clkload3/Y
 clkload4/Y
 clkload5/Y
 clkload6/Y
Found 0 partially unannotated drivers.

===========================================================================
max slew violation count 0
max fanout violation count 0
max cap violation count 0
============================================================================

===========================================================================
check_setup -verbose -unconstrained_endpoints -multiple_clock -no_clock -no_input_delay -loops -generated_clocks
===========================================================================
Warning: There are 36 input ports missing set_input_delay.
  A_in[0]
  A_in[10]
  A_in[11]
  A_in[12]
  A_in[13]
  A_in[14]
  A_in[15]
  A_in[1]
  A_in[2]
  A_in[3]
  A_in[4]
  A_in[5]
  A_in[6]
  A_in[7]
  A_in[8]
  A_in[9]
  B_in[0]
  B_in[10]
  B_in[11]
  B_in[12]
  B_in[13]
  B_in[14]
  B_in[15]
  B_in[1]
  B_in[2]
  B_in[3]
  B_in[4]
  B_in[5]
  B_in[6]
  B_in[7]
  B_in[8]
  B_in[9]
  Op_Sel[0]
  Op_Sel[1]
  Start
  rst_n
Warning: There are 17 unconstrained endpoints.
  Done
  X_out[0]
  X_out[10]
  X_out[11]
  X_out[12]
  X_out[13]
  X_out[14]
  X_out[15]
  X_out[1]
  X_out[2]
  X_out[3]
  X_out[4]
  X_out[5]
  X_out[6]
  X_out[7]
  X_out[8]
  X_out[9]
