
===========================================================================
report_checks -unconstrained
===========================================================================
======================= max_ss_100C_1v60 Corner ===================================

Startpoint: _3302_ (rising edge-triggered flip-flop clocked by clk)
Endpoint: _3238_ (rising edge-triggered flip-flop clocked by clk)
Path Group: clk
Path Type: max

Fanout         Cap        Slew       Delay        Time   Description
---------------------------------------------------------------------------------------------
                                  0.000000    0.000000   clock clk (rise edge)
                                  0.000000    0.000000   clock source latency
     2    0.043346    0.000000    0.000000    0.000000 ^ clk (in)
                                                         clk (net)
                      0.003249    0.001624    0.001624 ^ clkbuf_0_clk/A (sky130_fd_sc_hd__clkbuf_16)
    17    0.173328    0.281660    0.358795    0.360419 ^ clkbuf_0_clk/X (sky130_fd_sc_hd__clkbuf_16)
                                                         clknet_0_clk (net)
                      0.282596    0.013292    0.373711 ^ clkbuf_3_0__f_clk/A (sky130_fd_sc_hd__clkbuf_16)
    25    0.094138    0.169068    0.401497    0.775208 ^ clkbuf_3_0__f_clk/X (sky130_fd_sc_hd__clkbuf_16)
                                                         clknet_3_0__leaf_clk (net)
                      0.169675    0.007361    0.782568 ^ _3302_/CLK (sky130_fd_sc_hd__dfrtp_4)
    15    0.051335    0.222174    1.181466    1.964035 v _3302_/Q (sky130_fd_sc_hd__dfrtp_4)
                                                         B_reg[12] (net)
                      0.222312    0.005065    1.969100 v _1910_/C (sky130_fd_sc_hd__and3_1)
     3    0.005933    0.096430    0.464724    2.433824 v _1910_/X (sky130_fd_sc_hd__and3_1)
                                                         _1175_ (net)
                      0.096430    0.000197    2.434021 v _2300_/B (sky130_fd_sc_hd__or4_1)
     4    0.009864    0.262050    1.307723    3.741744 v _2300_/X (sky130_fd_sc_hd__or4_1)
                                                         _1553_ (net)
                      0.262050    0.000559    3.742303 v _2304_/A2 (sky130_fd_sc_hd__a21o_1)
     3    0.007719    0.098510    0.434810    4.177113 v _2304_/X (sky130_fd_sc_hd__a21o_1)
                                                         _1557_ (net)
                      0.098510    0.000402    4.177515 v _2308_/C (sky130_fd_sc_hd__and3_1)
     2    0.005452    0.092697    0.399104    4.576619 v _2308_/X (sky130_fd_sc_hd__and3_1)
                                                         _1561_ (net)
                      0.092697    0.000320    4.576940 v _2310_/C (sky130_fd_sc_hd__or3_1)
     3    0.008195    0.190875    0.803861    5.380801 v _2310_/X (sky130_fd_sc_hd__or3_1)
                                                         _1563_ (net)
                      0.190875    0.000484    5.381285 v _2313_/A1 (sky130_fd_sc_hd__a21o_1)
     4    0.011678    0.130469    0.407302    5.788587 v _2313_/X (sky130_fd_sc_hd__a21o_1)
                                                         _1566_ (net)
                      0.130470    0.000577    5.789164 v _2319_/B (sky130_fd_sc_hd__and3_1)
     2    0.005887    0.096019    0.390030    6.179194 v _2319_/X (sky130_fd_sc_hd__and3_1)
                                                         _1572_ (net)
                      0.096019    0.000284    6.179478 v _2321_/C (sky130_fd_sc_hd__or3_1)
     3    0.008905    0.198485    0.814586    6.994064 v _2321_/X (sky130_fd_sc_hd__or3_1)
                                                         _1574_ (net)
                      0.198485    0.000575    6.994639 v _2326_/A1 (sky130_fd_sc_hd__a21o_1)
     4    0.011374    0.128058    0.408120    7.402759 v _2326_/X (sky130_fd_sc_hd__a21o_1)
                                                         _1579_ (net)
                      0.128063    0.000915    7.403674 v _2328_/C (sky130_fd_sc_hd__and3_1)
     2    0.005056    0.089753    0.410437    7.814110 v _2328_/X (sky130_fd_sc_hd__and3_1)
                                                         _1581_ (net)
                      0.089753    0.000302    7.814413 v _2330_/C (sky130_fd_sc_hd__or3_2)
     4    0.014569    0.234763    1.100220    8.914633 v _2330_/X (sky130_fd_sc_hd__or3_2)
                                                         _1583_ (net)
                      0.234765    0.001166    8.915799 v _2334_/A1 (sky130_fd_sc_hd__a21o_1)
     5    0.016000    0.159778    0.455347    9.371146 v _2334_/X (sky130_fd_sc_hd__a21o_1)
                                                         _1587_ (net)
                      0.159788    0.001412    9.372558 v _2338_/B (sky130_fd_sc_hd__and3_1)
     2    0.006837    0.103525    0.412543    9.785101 v _2338_/X (sky130_fd_sc_hd__and3_1)
                                                         _1591_ (net)
                      0.103525    0.000372    9.785473 v _2345_/C (sky130_fd_sc_hd__or3_1)
     3    0.008390    0.192709    0.810366   10.595840 v _2345_/X (sky130_fd_sc_hd__or3_1)
                                                         _1598_ (net)
                      0.192709    0.000322   10.596161 v _2347_/A1 (sky130_fd_sc_hd__a21o_1)
     4    0.011818    0.131772    0.409023   11.005184 v _2347_/X (sky130_fd_sc_hd__a21o_1)
                                                         _1600_ (net)
                      0.131776    0.000889   11.006073 v _2350_/C (sky130_fd_sc_hd__and3_1)
     2    0.006905    0.104069    0.427881   11.433953 v _2350_/X (sky130_fd_sc_hd__and3_1)
                                                         _1603_ (net)
                      0.104069    0.000440   11.434393 v _2352_/C (sky130_fd_sc_hd__or3_1)
     3    0.009349    0.203695    0.823371   12.257764 v _2352_/X (sky130_fd_sc_hd__or3_1)
                                                         _0106_ (net)
                      0.203695    0.000590   12.258354 v _2355_/A2 (sky130_fd_sc_hd__a21o_1)
     4    0.010950    0.124519    0.436765   12.695119 v _2355_/X (sky130_fd_sc_hd__a21o_1)
                                                         _0109_ (net)
                      0.124523    0.000806   12.695926 v _2362_/B (sky130_fd_sc_hd__and3_1)
     2    0.006693    0.102388    0.393831   13.089756 v _2362_/X (sky130_fd_sc_hd__and3_1)
                                                         _0116_ (net)
                      0.102389    0.000489   13.090245 v _2364_/C (sky130_fd_sc_hd__or3_1)
     3    0.007778    0.186883    0.801573   13.891819 v _2364_/X (sky130_fd_sc_hd__or3_1)
                                                         _0118_ (net)
                      0.186883    0.000518   13.892337 v _2366_/A2 (sky130_fd_sc_hd__a21o_1)
     4    0.011459    0.128662    0.433729   14.326065 v _2366_/X (sky130_fd_sc_hd__a21o_1)
                                                         _0120_ (net)
                      0.128664    0.000615   14.326680 v _2370_/B (sky130_fd_sc_hd__and3_1)
     2    0.005913    0.096248    0.389421   14.716101 v _2370_/X (sky130_fd_sc_hd__and3_1)
                                                         _0124_ (net)
                      0.096248    0.000300   14.716401 v _2372_/C (sky130_fd_sc_hd__or3_1)
     3    0.009285    0.202836    0.819862   15.536263 v _2372_/X (sky130_fd_sc_hd__or3_1)
                                                         _0126_ (net)
                      0.202836    0.000311   15.536573 v _2378_/A1 (sky130_fd_sc_hd__a21o_1)
     4    0.010602    0.121606    0.404471   15.941045 v _2378_/X (sky130_fd_sc_hd__a21o_1)
                                                         _0132_ (net)
                      0.121606    0.000311   15.941356 v _2383_/C (sky130_fd_sc_hd__and3_1)
     2    0.007254    0.106886    0.425775   16.367130 v _2383_/X (sky130_fd_sc_hd__and3_1)
                                                         _0137_ (net)
                      0.106886    0.000412   16.367542 v _2385_/C (sky130_fd_sc_hd__or3_1)
     3    0.007805    0.187059    0.803503   17.171045 v _2385_/X (sky130_fd_sc_hd__or3_1)
                                                         _0139_ (net)
                      0.187059    0.000586   17.171631 v _2387_/A1 (sky130_fd_sc_hd__a21o_1)
     4    0.012755    0.139395    0.413863   17.585495 v _2387_/X (sky130_fd_sc_hd__a21o_1)
                                                         _0141_ (net)
                      0.139395    0.000391   17.585886 v _2390_/B (sky130_fd_sc_hd__and3_1)
     3    0.010562    0.134932    0.433431   18.019316 v _2390_/X (sky130_fd_sc_hd__and3_1)
                                                         _0144_ (net)
                      0.134934    0.000709   18.020025 v _2392_/C (sky130_fd_sc_hd__or3_1)
     3    0.006915    0.178095    0.801345   18.821369 v _2392_/X (sky130_fd_sc_hd__or3_1)
                                                         _0146_ (net)
                      0.178095    0.000417   18.821787 v _2397_/A1 (sky130_fd_sc_hd__a21o_1)
     4    0.011415    0.128254    0.399815   19.221603 v _2397_/X (sky130_fd_sc_hd__a21o_1)
                                                         _0151_ (net)
                      0.128254    0.000528   19.222130 v _2406_/B (sky130_fd_sc_hd__and3_1)
     2    0.005959    0.096610    0.389557   19.611687 v _2406_/X (sky130_fd_sc_hd__and3_1)
                                                         _0160_ (net)
                      0.096610    0.000336   19.612022 v _2408_/C (sky130_fd_sc_hd__or3_1)
     3    0.008356    0.192745    0.807450   20.419474 v _2408_/X (sky130_fd_sc_hd__or3_1)
                                                         _0162_ (net)
                      0.192745    0.000393   20.419865 v _2410_/A2 (sky130_fd_sc_hd__a21o_1)
     3    0.007270    0.094833    0.404073   20.823938 v _2410_/X (sky130_fd_sc_hd__a21o_1)
                                                         _0164_ (net)
                      0.094833    0.000389   20.824327 v _2413_/C (sky130_fd_sc_hd__and3_1)
     2    0.005024    0.089482    0.393669   21.217997 v _2413_/X (sky130_fd_sc_hd__and3_1)
                                                         _0167_ (net)
                      0.089486    0.000250   21.218246 v _2415_/C (sky130_fd_sc_hd__or3_1)
     3    0.007033    0.179507    0.787068   22.005316 v _2415_/X (sky130_fd_sc_hd__or3_1)
                                                         _0169_ (net)
                      0.179507    0.000385   22.005701 v _2420_/A1 (sky130_fd_sc_hd__a21o_1)
     4    0.012794    0.139763    0.410793   22.416494 v _2420_/X (sky130_fd_sc_hd__a21o_1)
                                                         _0174_ (net)
                      0.139764    0.000604   22.417099 v _2428_/A1 (sky130_fd_sc_hd__a21bo_1)
     1    0.004380    0.075489    0.349235   22.766333 v _2428_/X (sky130_fd_sc_hd__a21bo_1)
                                                         _0180_ (net)
                      0.075489    0.000204   22.766539 v _2429_/B (sky130_fd_sc_hd__xor2_1)
     1    0.002315    0.118061    0.258780   23.025318 v _2429_/X (sky130_fd_sc_hd__xor2_1)
                                                         _0181_ (net)
                      0.118061    0.000098   23.025415 v _2430_/A1 (sky130_fd_sc_hd__mux2_1)
     1    0.002334    0.105886    0.660057   23.685472 v _2430_/X (sky130_fd_sc_hd__mux2_1)
                                                         _0025_ (net)
                      0.105886    0.000103   23.685575 v _3238_/D (sky130_fd_sc_hd__dfrtp_4)
                                             23.685575   data arrival time

                                 40.000000   40.000000   clock clk (rise edge)
                                  0.000000   40.000000   clock source latency
     2    0.043346    0.000000    0.000000   40.000000 ^ clk (in)
                                                         clk (net)
                      0.003249    0.001624   40.001625 ^ clkbuf_0_clk/A (sky130_fd_sc_hd__clkbuf_16)
    17    0.173328    0.281660    0.358796   40.360420 ^ clkbuf_0_clk/X (sky130_fd_sc_hd__clkbuf_16)
                                                         clknet_0_clk (net)
                      0.282579    0.013177   40.373596 ^ clkbuf_3_3__f_clk/A (sky130_fd_sc_hd__clkbuf_16)
    35    0.099868    0.177197    0.407169   40.780766 ^ clkbuf_3_3__f_clk/X (sky130_fd_sc_hd__clkbuf_16)
                                                         clknet_3_3__leaf_clk (net)
                      0.177656    0.006391   40.787159 ^ _3238_/CLK (sky130_fd_sc_hd__dfrtp_4)
                                 -0.100000   40.687160   clock uncertainty
                                  0.000000   40.687160   clock reconvergence pessimism
                                 -0.261104   40.426056   library setup time
                                             40.426056   data required time
---------------------------------------------------------------------------------------------
                                             40.426056   data required time
                                            -23.685575   data arrival time
---------------------------------------------------------------------------------------------
                                             16.740482   slack (MET)




===========================================================================
report_checks --slack_max -0.01
============================================================================
======================= max_ss_100C_1v60 Corner ===================================

No paths found.


===========================================================================
 report_check_types -max_slew -max_cap -max_fanout -violators
============================================================================
======================= max_ss_100C_1v60 Corner ===================================



===========================================================================
report_parasitic_annotation -report_unannotated
============================================================================
Found 7 unannotated drivers.
 clkload0/Y
 clkload1/Y
 clkload2/Y
 clkload3/Y
 clkload4/Y
 clkload5/Y
 clkload6/X
Found 0 partially unannotated drivers.

===========================================================================
max slew violation count 0
max fanout violation count 0
max cap violation count 0
============================================================================

===========================================================================
check_setup -verbose -unconstrained_endpoints -multiple_clock -no_clock -no_input_delay -loops -generated_clocks
===========================================================================
Warning: There are 36 input ports missing set_input_delay.
  A_in[0]
  A_in[10]
  A_in[11]
  A_in[12]
  A_in[13]
  A_in[14]
  A_in[15]
  A_in[1]
  A_in[2]
  A_in[3]
  A_in[4]
  A_in[5]
  A_in[6]
  A_in[7]
  A_in[8]
  A_in[9]
  B_in[0]
  B_in[10]
  B_in[11]
  B_in[12]
  B_in[13]
  B_in[14]
  B_in[15]
  B_in[1]
  B_in[2]
  B_in[3]
  B_in[4]
  B_in[5]
  B_in[6]
  B_in[7]
  B_in[8]
  B_in[9]
  Op_Sel[0]
  Op_Sel[1]
  Start
  rst_n
Warning: There are 17 unconstrained endpoints.
  Done
  X_out[0]
  X_out[10]
  X_out[11]
  X_out[12]
  X_out[13]
  X_out[14]
  X_out[15]
  X_out[1]
  X_out[2]
  X_out[3]
  X_out[4]
  X_out[5]
  X_out[6]
  X_out[7]
  X_out[8]
  X_out[9]
