
===========================================================================
report_checks -unconstrained
===========================================================================
======================= nom_tt_025C_1v80 Corner ===================================

Startpoint: _3302_ (rising edge-triggered flip-flop clocked by clk)
Endpoint: _3238_ (rising edge-triggered flip-flop clocked by clk)
Path Group: clk
Path Type: max

Fanout         Cap        Slew       Delay        Time   Description
---------------------------------------------------------------------------------------------
                                  0.000000    0.000000   clock clk (rise edge)
                                  0.000000    0.000000   clock source latency
     2    0.030799    0.000000    0.000000    0.000000 ^ clk (in)
                                                         clk (net)
                      0.001910    0.000955    0.000955 ^ clkbuf_0_clk/A (sky130_fd_sc_hd__clkbuf_16)
    17    0.133891    0.146820    0.191698    0.192652 ^ clkbuf_0_clk/X (sky130_fd_sc_hd__clkbuf_16)
                                                         clknet_0_clk (net)
                      0.147414    0.007488    0.200141 ^ clkbuf_3_0__f_clk/A (sky130_fd_sc_hd__clkbuf_16)
    25    0.081604    0.098545    0.207941    0.408082 ^ clkbuf_3_0__f_clk/X (sky130_fd_sc_hd__clkbuf_16)
                                                         clknet_3_0__leaf_clk (net)
                      0.098632    0.002624    0.410706 ^ _3302_/CLK (sky130_fd_sc_hd__dfrtp_4)
     6    0.019700    0.080106    0.517603    0.928309 v _3302_/Q (sky130_fd_sc_hd__dfrtp_4)
                                                         B_reg[12] (net)
                      0.080106    0.001269    0.929578 v _1910_/C (sky130_fd_sc_hd__and3_1)
     3    0.007500    0.057425    0.213039    1.142617 v _1910_/X (sky130_fd_sc_hd__and3_1)
                                                         _1175_ (net)
                      0.057425    0.000186    1.142803 v _2300_/A (sky130_fd_sc_hd__or4_4)
     4    0.010272    0.094479    0.550695    1.693498 v _2300_/X (sky130_fd_sc_hd__or4_4)
                                                         _1553_ (net)
                      0.094590    0.000268    1.693766 v _2304_/A1 (sky130_fd_sc_hd__a21o_1)
     3    0.008131    0.056282    0.195217    1.888983 v _2304_/X (sky130_fd_sc_hd__a21o_1)
                                                         _1557_ (net)
                      0.056283    0.000232    1.889215 v _2307_/A2 (sky130_fd_sc_hd__a21oi_1)
     3    0.012630    0.288705    0.279253    2.168468 ^ _2307_/Y (sky130_fd_sc_hd__a21oi_1)
                                                         _1560_ (net)
                      0.288705    0.000236    2.168704 ^ _2311_/B (sky130_fd_sc_hd__xor2_1)
     3    0.011051    0.258197    0.283612    2.452316 ^ _2311_/X (sky130_fd_sc_hd__xor2_1)
                                                         _1564_ (net)
                      0.258198    0.000387    2.452703 ^ _2313_/A2 (sky130_fd_sc_hd__a21o_1)
     4    0.011442    0.107188    0.208960    2.661663 ^ _2313_/X (sky130_fd_sc_hd__a21o_1)
                                                         _1566_ (net)
                      0.107188    0.000356    2.662019 ^ _2318_/A1 (sky130_fd_sc_hd__a21oi_1)
     3    0.011349    0.097533    0.120070    2.782089 v _2318_/Y (sky130_fd_sc_hd__a21oi_1)
                                                         _1571_ (net)
                      0.097533    0.000319    2.782408 v _2321_/B (sky130_fd_sc_hd__or3_4)
     3    0.007750    0.071083    0.388508    3.170916 v _2321_/X (sky130_fd_sc_hd__or3_4)
                                                         _1574_ (net)
                      0.071083    0.000178    3.171094 v _2326_/A1 (sky130_fd_sc_hd__a21o_1)
     4    0.010709    0.065315    0.196000    3.367094 v _2326_/X (sky130_fd_sc_hd__a21o_1)
                                                         _1579_ (net)
                      0.065315    0.000294    3.367388 v _2328_/A (sky130_fd_sc_hd__and3_1)
     2    0.006574    0.053154    0.166045    3.533432 v _2328_/X (sky130_fd_sc_hd__and3_1)
                                                         _1581_ (net)
                      0.053154    0.000217    3.533650 v _2330_/A (sky130_fd_sc_hd__or3_4)
     3    0.007625    0.071039    0.390785    3.924435 v _2330_/X (sky130_fd_sc_hd__or3_4)
                                                         _1583_ (net)
                      0.071039    0.000249    3.924684 v _2334_/A1 (sky130_fd_sc_hd__a21o_1)
     4    0.010084    0.062864    0.193759    4.118443 v _2334_/X (sky130_fd_sc_hd__a21o_1)
                                                         _1587_ (net)
                      0.062864    0.000188    4.118631 v rebuffer14/A (sky130_fd_sc_hd__dlymetal6s2s_1)
     2    0.007392    0.056410    0.160924    4.279555 v rebuffer14/X (sky130_fd_sc_hd__dlymetal6s2s_1)
                                                         net67 (net)
                      0.056410    0.000131    4.279686 v _2343_/A1 (sky130_fd_sc_hd__a21bo_1)
     1    0.004262    0.040822    0.173562    4.453248 v _2343_/X (sky130_fd_sc_hd__a21bo_1)
                                                         _1596_ (net)
                      0.040822    0.000162    4.453409 v _2344_/B1 (sky130_fd_sc_hd__a22o_1)
     2    0.005818    0.053928    0.189402    4.642811 v _2344_/X (sky130_fd_sc_hd__a22o_1)
                                                         _1597_ (net)
                      0.053928    0.000179    4.642990 v _2347_/B1 (sky130_fd_sc_hd__a21o_1)
     4    0.010431    0.064189    0.186271    4.829261 v _2347_/X (sky130_fd_sc_hd__a21o_1)
                                                         _1600_ (net)
                      0.064189    0.000273    4.829534 v _2350_/B (sky130_fd_sc_hd__and3_1)
     2    0.006446    0.052564    0.185258    5.014792 v _2350_/X (sky130_fd_sc_hd__and3_1)
                                                         _1603_ (net)
                      0.052564    0.000244    5.015037 v _2352_/C (sky130_fd_sc_hd__or3_4)
     3    0.009011    0.073174    0.338467    5.353504 v _2352_/X (sky130_fd_sc_hd__or3_4)
                                                         _0106_ (net)
                      0.073174    0.000295    5.353799 v _2355_/A1 (sky130_fd_sc_hd__a21o_1)
     4    0.009820    0.061812    0.193731    5.547530 v _2355_/X (sky130_fd_sc_hd__a21o_1)
                                                         _0109_ (net)
                      0.061812    0.000265    5.547795 v _2360_/A1 (sky130_fd_sc_hd__a21oi_1)
     3    0.012577    0.287663    0.261664    5.809458 ^ _2360_/Y (sky130_fd_sc_hd__a21oi_1)
                                                         _0114_ (net)
                      0.287663    0.000406    5.809865 ^ _2361_/B (sky130_fd_sc_hd__xnor2_1)
     3    0.015116    0.359046    0.250676    6.060541 ^ _2361_/Y (sky130_fd_sc_hd__xnor2_1)
                                                         _0115_ (net)
                      0.359046    0.000271    6.060812 ^ _2366_/A2 (sky130_fd_sc_hd__a21o_1)
     4    0.009920    0.095185    0.214786    6.275598 ^ _2366_/X (sky130_fd_sc_hd__a21o_1)
                                                         _0120_ (net)
                      0.095185    0.000278    6.275875 ^ _2369_/A1 (sky130_fd_sc_hd__a21oi_1)
     3    0.012025    0.101355    0.119396    6.395271 v _2369_/Y (sky130_fd_sc_hd__a21oi_1)
                                                         _0123_ (net)
                      0.101357    0.000364    6.395635 v _2372_/B (sky130_fd_sc_hd__or3_4)
     3    0.009388    0.073681    0.394887    6.790522 v _2372_/X (sky130_fd_sc_hd__or3_4)
                                                         _0126_ (net)
                      0.073681    0.000159    6.790681 v _2378_/A1 (sky130_fd_sc_hd__a21o_1)
     3    0.006703    0.049688    0.180167    6.970848 v _2378_/X (sky130_fd_sc_hd__a21o_1)
                                                         _0132_ (net)
                      0.049688    0.000095    6.970943 v _2383_/C (sky130_fd_sc_hd__and3_1)
     2    0.006385    0.052230    0.193792    7.164735 v _2383_/X (sky130_fd_sc_hd__and3_1)
                                                         _0137_ (net)
                      0.052230    0.000164    7.164899 v _2385_/C (sky130_fd_sc_hd__or3_4)
     3    0.008692    0.072578    0.337416    7.502316 v _2385_/X (sky130_fd_sc_hd__or3_4)
                                                         _0139_ (net)
                      0.072578    0.000272    7.502587 v _2387_/A1 (sky130_fd_sc_hd__a21o_1)
     4    0.012354    0.071863    0.202552    7.705139 v _2387_/X (sky130_fd_sc_hd__a21o_1)
                                                         _0141_ (net)
                      0.071863    0.000227    7.705366 v _2390_/A (sky130_fd_sc_hd__and3_1)
     3    0.009366    0.064379    0.181704    7.887070 v _2390_/X (sky130_fd_sc_hd__and3_1)
                                                         _0144_ (net)
                      0.064379    0.000193    7.887263 v _2392_/C (sky130_fd_sc_hd__or3_4)
     3    0.007407    0.070524    0.337525    8.224788 v _2392_/X (sky130_fd_sc_hd__or3_4)
                                                         _0146_ (net)
                      0.070524    0.000125    8.224913 v _2397_/A1 (sky130_fd_sc_hd__a21o_1)
     4    0.010606    0.064858    0.195445    8.420357 v _2397_/X (sky130_fd_sc_hd__a21o_1)
                                                         _0151_ (net)
                      0.064858    0.000224    8.420581 v _2406_/A (sky130_fd_sc_hd__and3_1)
     2    0.006341    0.052060    0.164765    8.585346 v _2406_/X (sky130_fd_sc_hd__and3_1)
                                                         _0160_ (net)
                      0.052060    0.000147    8.585492 v _2408_/C (sky130_fd_sc_hd__or3_4)
     3    0.008977    0.072999    0.338244    8.923737 v _2408_/X (sky130_fd_sc_hd__or3_4)
                                                         _0162_ (net)
                      0.072999    0.000200    8.923937 v _2410_/A1 (sky130_fd_sc_hd__a21o_1)
     3    0.007182    0.051911    0.181983    9.105920 v _2410_/X (sky130_fd_sc_hd__a21o_1)
                                                         _0164_ (net)
                      0.051911    0.000247    9.106167 v _2413_/A (sky130_fd_sc_hd__and3_1)
     2    0.006204    0.051465    0.158381    9.264547 v _2413_/X (sky130_fd_sc_hd__and3_1)
                                                         _0167_ (net)
                      0.051465    0.000217    9.264765 v _2415_/C (sky130_fd_sc_hd__or3_4)
     3    0.006889    0.069827    0.331762    9.596526 v _2415_/X (sky130_fd_sc_hd__or3_4)
                                                         _0169_ (net)
                      0.069827    0.000137    9.596663 v _2420_/A1 (sky130_fd_sc_hd__a21o_1)
     3    0.008324    0.057164    0.185936    9.782599 v _2420_/X (sky130_fd_sc_hd__a21o_1)
                                                         _0174_ (net)
                      0.057164    0.000121    9.782720 v _2428_/A1 (sky130_fd_sc_hd__a21bo_1)
     1    0.004811    0.043068    0.176437    9.959156 v _2428_/X (sky130_fd_sc_hd__a21bo_1)
                                                         _0180_ (net)
                      0.043068    0.000115    9.959271 v _2429_/B (sky130_fd_sc_hd__xor2_1)
     1    0.002739    0.068474    0.134853   10.094124 v _2429_/X (sky130_fd_sc_hd__xor2_1)
                                                         _0181_ (net)
                      0.068474    0.000060   10.094184 v _2430_/A1 (sky130_fd_sc_hd__mux2_4)
     1    0.003123    0.048330    0.259675   10.353859 v _2430_/X (sky130_fd_sc_hd__mux2_4)
                                                         _0025_ (net)
                      0.048330    0.000078   10.353936 v _3238_/D (sky130_fd_sc_hd__dfrtp_4)
                                             10.353936   data arrival time

                                 10.000000   10.000000   clock clk (rise edge)
                                  0.000000   10.000000   clock source latency
     2    0.030799    0.000000    0.000000   10.000000 ^ clk (in)
                                                         clk (net)
                      0.001910    0.000955   10.000955 ^ clkbuf_0_clk/A (sky130_fd_sc_hd__clkbuf_16)
    17    0.133891    0.146820    0.191697   10.192653 ^ clkbuf_0_clk/X (sky130_fd_sc_hd__clkbuf_16)
                                                         clknet_0_clk (net)
                      0.147308    0.006807   10.199459 ^ clkbuf_3_3__f_clk/A (sky130_fd_sc_hd__clkbuf_16)
    35    0.088729    0.105250    0.213089   10.412548 ^ clkbuf_3_3__f_clk/X (sky130_fd_sc_hd__clkbuf_16)
                                                         clknet_3_3__leaf_clk (net)
                      0.105311    0.002354   10.414902 ^ _3238_/CLK (sky130_fd_sc_hd__dfrtp_4)
                                 -0.100000   10.314902   clock uncertainty
                                  0.000000   10.314902   clock reconvergence pessimism
                                 -0.101921   10.212981   library setup time
                                             10.212981   data required time
---------------------------------------------------------------------------------------------
                                             10.212981   data required time
                                            -10.353936   data arrival time
---------------------------------------------------------------------------------------------
                                             -0.140956   slack (VIOLATED)




===========================================================================
report_checks --slack_max -0.01
============================================================================
======================= nom_tt_025C_1v80 Corner ===================================

Startpoint: _3302_ (rising edge-triggered flip-flop clocked by clk)
Endpoint: _3238_ (rising edge-triggered flip-flop clocked by clk)
Path Group: clk
Path Type: max

Fanout         Cap        Slew       Delay        Time   Description
---------------------------------------------------------------------------------------------
                                  0.000000    0.000000   clock clk (rise edge)
                                  0.000000    0.000000   clock source latency
     2    0.030799    0.000000    0.000000    0.000000 ^ clk (in)
                                                         clk (net)
                      0.001910    0.000955    0.000955 ^ clkbuf_0_clk/A (sky130_fd_sc_hd__clkbuf_16)
    17    0.133891    0.146820    0.191698    0.192652 ^ clkbuf_0_clk/X (sky130_fd_sc_hd__clkbuf_16)
                                                         clknet_0_clk (net)
                      0.147414    0.007488    0.200141 ^ clkbuf_3_0__f_clk/A (sky130_fd_sc_hd__clkbuf_16)
    25    0.081604    0.098545    0.207941    0.408082 ^ clkbuf_3_0__f_clk/X (sky130_fd_sc_hd__clkbuf_16)
                                                         clknet_3_0__leaf_clk (net)
                      0.098632    0.002624    0.410706 ^ _3302_/CLK (sky130_fd_sc_hd__dfrtp_4)
     6    0.019700    0.080106    0.517603    0.928309 v _3302_/Q (sky130_fd_sc_hd__dfrtp_4)
                                                         B_reg[12] (net)
                      0.080106    0.001269    0.929578 v _1910_/C (sky130_fd_sc_hd__and3_1)
     3    0.007500    0.057425    0.213039    1.142617 v _1910_/X (sky130_fd_sc_hd__and3_1)
                                                         _1175_ (net)
                      0.057425    0.000186    1.142803 v _2300_/A (sky130_fd_sc_hd__or4_4)
     4    0.010272    0.094479    0.550695    1.693498 v _2300_/X (sky130_fd_sc_hd__or4_4)
                                                         _1553_ (net)
                      0.094590    0.000268    1.693766 v _2304_/A1 (sky130_fd_sc_hd__a21o_1)
     3    0.008131    0.056282    0.195217    1.888983 v _2304_/X (sky130_fd_sc_hd__a21o_1)
                                                         _1557_ (net)
                      0.056283    0.000232    1.889215 v _2307_/A2 (sky130_fd_sc_hd__a21oi_1)
     3    0.012630    0.288705    0.279253    2.168468 ^ _2307_/Y (sky130_fd_sc_hd__a21oi_1)
                                                         _1560_ (net)
                      0.288705    0.000236    2.168704 ^ _2311_/B (sky130_fd_sc_hd__xor2_1)
     3    0.011051    0.258197    0.283612    2.452316 ^ _2311_/X (sky130_fd_sc_hd__xor2_1)
                                                         _1564_ (net)
                      0.258198    0.000387    2.452703 ^ _2313_/A2 (sky130_fd_sc_hd__a21o_1)
     4    0.011442    0.107188    0.208960    2.661663 ^ _2313_/X (sky130_fd_sc_hd__a21o_1)
                                                         _1566_ (net)
                      0.107188    0.000356    2.662019 ^ _2318_/A1 (sky130_fd_sc_hd__a21oi_1)
     3    0.011349    0.097533    0.120070    2.782089 v _2318_/Y (sky130_fd_sc_hd__a21oi_1)
                                                         _1571_ (net)
                      0.097533    0.000319    2.782408 v _2321_/B (sky130_fd_sc_hd__or3_4)
     3    0.007750    0.071083    0.388508    3.170916 v _2321_/X (sky130_fd_sc_hd__or3_4)
                                                         _1574_ (net)
                      0.071083    0.000178    3.171094 v _2326_/A1 (sky130_fd_sc_hd__a21o_1)
     4    0.010709    0.065315    0.196000    3.367094 v _2326_/X (sky130_fd_sc_hd__a21o_1)
                                                         _1579_ (net)
                      0.065315    0.000294    3.367388 v _2328_/A (sky130_fd_sc_hd__and3_1)
     2    0.006574    0.053154    0.166045    3.533432 v _2328_/X (sky130_fd_sc_hd__and3_1)
                                                         _1581_ (net)
                      0.053154    0.000217    3.533650 v _2330_/A (sky130_fd_sc_hd__or3_4)
     3    0.007625    0.071039    0.390785    3.924435 v _2330_/X (sky130_fd_sc_hd__or3_4)
                                                         _1583_ (net)
                      0.071039    0.000249    3.924684 v _2334_/A1 (sky130_fd_sc_hd__a21o_1)
     4    0.010084    0.062864    0.193759    4.118443 v _2334_/X (sky130_fd_sc_hd__a21o_1)
                                                         _1587_ (net)
                      0.062864    0.000188    4.118631 v rebuffer14/A (sky130_fd_sc_hd__dlymetal6s2s_1)
     2    0.007392    0.056410    0.160924    4.279555 v rebuffer14/X (sky130_fd_sc_hd__dlymetal6s2s_1)
                                                         net67 (net)
                      0.056410    0.000131    4.279686 v _2343_/A1 (sky130_fd_sc_hd__a21bo_1)
     1    0.004262    0.040822    0.173562    4.453248 v _2343_/X (sky130_fd_sc_hd__a21bo_1)
                                                         _1596_ (net)
                      0.040822    0.000162    4.453409 v _2344_/B1 (sky130_fd_sc_hd__a22o_1)
     2    0.005818    0.053928    0.189402    4.642811 v _2344_/X (sky130_fd_sc_hd__a22o_1)
                                                         _1597_ (net)
                      0.053928    0.000179    4.642990 v _2347_/B1 (sky130_fd_sc_hd__a21o_1)
     4    0.010431    0.064189    0.186271    4.829261 v _2347_/X (sky130_fd_sc_hd__a21o_1)
                                                         _1600_ (net)
                      0.064189    0.000273    4.829534 v _2350_/B (sky130_fd_sc_hd__and3_1)
     2    0.006446    0.052564    0.185258    5.014792 v _2350_/X (sky130_fd_sc_hd__and3_1)
                                                         _1603_ (net)
                      0.052564    0.000244    5.015037 v _2352_/C (sky130_fd_sc_hd__or3_4)
     3    0.009011    0.073174    0.338467    5.353504 v _2352_/X (sky130_fd_sc_hd__or3_4)
                                                         _0106_ (net)
                      0.073174    0.000295    5.353799 v _2355_/A1 (sky130_fd_sc_hd__a21o_1)
     4    0.009820    0.061812    0.193731    5.547530 v _2355_/X (sky130_fd_sc_hd__a21o_1)
                                                         _0109_ (net)
                      0.061812    0.000265    5.547795 v _2360_/A1 (sky130_fd_sc_hd__a21oi_1)
     3    0.012577    0.287663    0.261664    5.809458 ^ _2360_/Y (sky130_fd_sc_hd__a21oi_1)
                                                         _0114_ (net)
                      0.287663    0.000406    5.809865 ^ _2361_/B (sky130_fd_sc_hd__xnor2_1)
     3    0.015116    0.359046    0.250676    6.060541 ^ _2361_/Y (sky130_fd_sc_hd__xnor2_1)
                                                         _0115_ (net)
                      0.359046    0.000271    6.060812 ^ _2366_/A2 (sky130_fd_sc_hd__a21o_1)
     4    0.009920    0.095185    0.214786    6.275598 ^ _2366_/X (sky130_fd_sc_hd__a21o_1)
                                                         _0120_ (net)
                      0.095185    0.000278    6.275875 ^ _2369_/A1 (sky130_fd_sc_hd__a21oi_1)
     3    0.012025    0.101355    0.119396    6.395271 v _2369_/Y (sky130_fd_sc_hd__a21oi_1)
                                                         _0123_ (net)
                      0.101357    0.000364    6.395635 v _2372_/B (sky130_fd_sc_hd__or3_4)
     3    0.009388    0.073681    0.394887    6.790522 v _2372_/X (sky130_fd_sc_hd__or3_4)
                                                         _0126_ (net)
                      0.073681    0.000159    6.790681 v _2378_/A1 (sky130_fd_sc_hd__a21o_1)
     3    0.006703    0.049688    0.180167    6.970848 v _2378_/X (sky130_fd_sc_hd__a21o_1)
                                                         _0132_ (net)
                      0.049688    0.000095    6.970943 v _2383_/C (sky130_fd_sc_hd__and3_1)
     2    0.006385    0.052230    0.193792    7.164735 v _2383_/X (sky130_fd_sc_hd__and3_1)
                                                         _0137_ (net)
                      0.052230    0.000164    7.164899 v _2385_/C (sky130_fd_sc_hd__or3_4)
     3    0.008692    0.072578    0.337416    7.502316 v _2385_/X (sky130_fd_sc_hd__or3_4)
                                                         _0139_ (net)
                      0.072578    0.000272    7.502587 v _2387_/A1 (sky130_fd_sc_hd__a21o_1)
     4    0.012354    0.071863    0.202552    7.705139 v _2387_/X (sky130_fd_sc_hd__a21o_1)
                                                         _0141_ (net)
                      0.071863    0.000227    7.705366 v _2390_/A (sky130_fd_sc_hd__and3_1)
     3    0.009366    0.064379    0.181704    7.887070 v _2390_/X (sky130_fd_sc_hd__and3_1)
                                                         _0144_ (net)
                      0.064379    0.000193    7.887263 v _2392_/C (sky130_fd_sc_hd__or3_4)
     3    0.007407    0.070524    0.337525    8.224788 v _2392_/X (sky130_fd_sc_hd__or3_4)
                                                         _0146_ (net)
                      0.070524    0.000125    8.224913 v _2397_/A1 (sky130_fd_sc_hd__a21o_1)
     4    0.010606    0.064858    0.195445    8.420357 v _2397_/X (sky130_fd_sc_hd__a21o_1)
                                                         _0151_ (net)
                      0.064858    0.000224    8.420581 v _2406_/A (sky130_fd_sc_hd__and3_1)
     2    0.006341    0.052060    0.164765    8.585346 v _2406_/X (sky130_fd_sc_hd__and3_1)
                                                         _0160_ (net)
                      0.052060    0.000147    8.585492 v _2408_/C (sky130_fd_sc_hd__or3_4)
     3    0.008977    0.072999    0.338244    8.923737 v _2408_/X (sky130_fd_sc_hd__or3_4)
                                                         _0162_ (net)
                      0.072999    0.000200    8.923937 v _2410_/A1 (sky130_fd_sc_hd__a21o_1)
     3    0.007182    0.051911    0.181983    9.105920 v _2410_/X (sky130_fd_sc_hd__a21o_1)
                                                         _0164_ (net)
                      0.051911    0.000247    9.106167 v _2413_/A (sky130_fd_sc_hd__and3_1)
     2    0.006204    0.051465    0.158381    9.264547 v _2413_/X (sky130_fd_sc_hd__and3_1)
                                                         _0167_ (net)
                      0.051465    0.000217    9.264765 v _2415_/C (sky130_fd_sc_hd__or3_4)
     3    0.006889    0.069827    0.331762    9.596526 v _2415_/X (sky130_fd_sc_hd__or3_4)
                                                         _0169_ (net)
                      0.069827    0.000137    9.596663 v _2420_/A1 (sky130_fd_sc_hd__a21o_1)
     3    0.008324    0.057164    0.185936    9.782599 v _2420_/X (sky130_fd_sc_hd__a21o_1)
                                                         _0174_ (net)
                      0.057164    0.000121    9.782720 v _2428_/A1 (sky130_fd_sc_hd__a21bo_1)
     1    0.004811    0.043068    0.176437    9.959156 v _2428_/X (sky130_fd_sc_hd__a21bo_1)
                                                         _0180_ (net)
                      0.043068    0.000115    9.959271 v _2429_/B (sky130_fd_sc_hd__xor2_1)
     1    0.002739    0.068474    0.134853   10.094124 v _2429_/X (sky130_fd_sc_hd__xor2_1)
                                                         _0181_ (net)
                      0.068474    0.000060   10.094184 v _2430_/A1 (sky130_fd_sc_hd__mux2_4)
     1    0.003123    0.048330    0.259675   10.353859 v _2430_/X (sky130_fd_sc_hd__mux2_4)
                                                         _0025_ (net)
                      0.048330    0.000078   10.353936 v _3238_/D (sky130_fd_sc_hd__dfrtp_4)
                                             10.353936   data arrival time

                                 10.000000   10.000000   clock clk (rise edge)
                                  0.000000   10.000000   clock source latency
     2    0.030799    0.000000    0.000000   10.000000 ^ clk (in)
                                                         clk (net)
                      0.001910    0.000955   10.000955 ^ clkbuf_0_clk/A (sky130_fd_sc_hd__clkbuf_16)
    17    0.133891    0.146820    0.191697   10.192653 ^ clkbuf_0_clk/X (sky130_fd_sc_hd__clkbuf_16)
                                                         clknet_0_clk (net)
                      0.147308    0.006807   10.199459 ^ clkbuf_3_3__f_clk/A (sky130_fd_sc_hd__clkbuf_16)
    35    0.088729    0.105250    0.213089   10.412548 ^ clkbuf_3_3__f_clk/X (sky130_fd_sc_hd__clkbuf_16)
                                                         clknet_3_3__leaf_clk (net)
                      0.105311    0.002354   10.414902 ^ _3238_/CLK (sky130_fd_sc_hd__dfrtp_4)
                                 -0.100000   10.314902   clock uncertainty
                                  0.000000   10.314902   clock reconvergence pessimism
                                 -0.101921   10.212981   library setup time
                                             10.212981   data required time
---------------------------------------------------------------------------------------------
                                             10.212981   data required time
                                            -10.353936   data arrival time
---------------------------------------------------------------------------------------------
                                             -0.140956   slack (VIOLATED)




===========================================================================
 report_check_types -max_slew -max_cap -max_fanout -violators
============================================================================
======================= nom_tt_025C_1v80 Corner ===================================



===========================================================================
report_parasitic_annotation -report_unannotated
============================================================================
Found 7 unannotated drivers.
 clkload0/Y
 clkload1/Y
 clkload2/Y
 clkload3/Y
 clkload4/Y
 clkload5/Y
 clkload6/Y
Found 0 partially unannotated drivers.

===========================================================================
max slew violation count 0
Writing metric design__max_slew_violation__count__corner:nom_tt_025C_1v80: 0
max fanout violation count 0
Writing metric design__max_fanout_violation__count__corner:nom_tt_025C_1v80: 0
max cap violation count 0
Writing metric design__max_cap_violation__count__corner:nom_tt_025C_1v80: 0
============================================================================

===========================================================================
check_setup -verbose -unconstrained_endpoints -multiple_clock -no_clock -no_input_delay -loops -generated_clocks
===========================================================================
Warning: There are 36 input ports missing set_input_delay.
  A_in[0]
  A_in[10]
  A_in[11]
  A_in[12]
  A_in[13]
  A_in[14]
  A_in[15]
  A_in[1]
  A_in[2]
  A_in[3]
  A_in[4]
  A_in[5]
  A_in[6]
  A_in[7]
  A_in[8]
  A_in[9]
  B_in[0]
  B_in[10]
  B_in[11]
  B_in[12]
  B_in[13]
  B_in[14]
  B_in[15]
  B_in[1]
  B_in[2]
  B_in[3]
  B_in[4]
  B_in[5]
  B_in[6]
  B_in[7]
  B_in[8]
  B_in[9]
  Op_Sel[0]
  Op_Sel[1]
  Start
  rst_n
Warning: There are 17 unconstrained endpoints.
  Done
  X_out[0]
  X_out[10]
  X_out[11]
  X_out[12]
  X_out[13]
  X_out[14]
  X_out[15]
  X_out[1]
  X_out[2]
  X_out[3]
  X_out[4]
  X_out[5]
  X_out[6]
  X_out[7]
  X_out[8]
  X_out[9]
