
===========================================================================
report_checks -unconstrained
===========================================================================
======================= min_ss_100C_1v60 Corner ===================================

Startpoint: _3302_ (rising edge-triggered flip-flop clocked by clk)
Endpoint: _3238_ (rising edge-triggered flip-flop clocked by clk)
Path Group: clk
Path Type: max

Fanout         Cap        Slew       Delay        Time   Description
---------------------------------------------------------------------------------------------
                                  0.000000    0.000000   clock clk (rise edge)
                                  0.000000    0.000000   clock source latency
     2    0.040051    0.000000    0.000000    0.000000 ^ clk (in)
                                                         clk (net)
                      0.001559    0.000780    0.000780 ^ clkbuf_0_clk/A (sky130_fd_sc_hd__clkbuf_16)
    17    0.155820    0.254659    0.344404    0.345183 ^ clkbuf_0_clk/X (sky130_fd_sc_hd__clkbuf_16)
                                                         clknet_0_clk (net)
                      0.254884    0.004912    0.350096 ^ clkbuf_3_0__f_clk/A (sky130_fd_sc_hd__clkbuf_16)
    25    0.090460    0.163195    0.388358    0.738454 ^ clkbuf_3_0__f_clk/X (sky130_fd_sc_hd__clkbuf_16)
                                                         clknet_3_0__leaf_clk (net)
                      0.163213    0.001843    0.740296 ^ _3302_/CLK (sky130_fd_sc_hd__dfrtp_4)
     6    0.022615    0.161550    1.100362    1.840658 v _3302_/Q (sky130_fd_sc_hd__dfrtp_4)
                                                         B_reg[12] (net)
                      0.161550    0.000827    1.841486 v _1910_/C (sky130_fd_sc_hd__and3_1)
     3    0.006759    0.102817    0.441618    2.283103 v _1910_/X (sky130_fd_sc_hd__and3_1)
                                                         _1175_ (net)
                      0.102817    0.000065    2.283169 v _2300_/A (sky130_fd_sc_hd__or4_4)
     4    0.009334    0.172043    1.090549    3.373717 v _2300_/X (sky130_fd_sc_hd__or4_4)
                                                         _1553_ (net)
                      0.172043    0.000064    3.373781 v _2304_/A1 (sky130_fd_sc_hd__a21o_1)
     3    0.007390    0.095725    0.366938    3.740719 v _2304_/X (sky130_fd_sc_hd__a21o_1)
                                                         _1557_ (net)
                      0.095725    0.000072    3.740791 v _2307_/A2 (sky130_fd_sc_hd__a21oi_1)
     3    0.010815    0.422057    0.423821    4.164612 ^ _2307_/Y (sky130_fd_sc_hd__a21oi_1)
                                                         _1560_ (net)
                      0.422057    0.000049    4.164661 ^ _2311_/B (sky130_fd_sc_hd__xor2_1)
     3    0.010419    0.401985    0.523372    4.688033 ^ _2311_/X (sky130_fd_sc_hd__xor2_1)
                                                         _1564_ (net)
                      0.401985    0.000172    4.688205 ^ _2313_/A2 (sky130_fd_sc_hd__a21o_1)
     4    0.010584    0.161289    0.407937    5.096142 ^ _2313_/X (sky130_fd_sc_hd__a21o_1)
                                                         _1566_ (net)
                      0.161289    0.000087    5.096230 ^ _2318_/A1 (sky130_fd_sc_hd__a21oi_1)
     3    0.012598    0.231778    0.270552    5.366781 v _2318_/Y (sky130_fd_sc_hd__a21oi_1)
                                                         _1571_ (net)
                      0.231778    0.000104    5.366885 v _2321_/B (sky130_fd_sc_hd__or3_4)
     3    0.008417    0.131268    0.799434    6.166320 v _2321_/X (sky130_fd_sc_hd__or3_4)
                                                         _1574_ (net)
                      0.131268    0.000141    6.166461 v _2326_/A1 (sky130_fd_sc_hd__a21o_1)
     4    0.010545    0.120929    0.373205    6.539665 v _2326_/X (sky130_fd_sc_hd__a21o_1)
                                                         _1579_ (net)
                      0.120929    0.000127    6.539793 v _2328_/B (sky130_fd_sc_hd__and3_1)
     2    0.006274    0.099023    0.388704    6.928497 v _2328_/X (sky130_fd_sc_hd__and3_1)
                                                         _1581_ (net)
                      0.099023    0.000082    6.928579 v _2330_/A (sky130_fd_sc_hd__or3_4)
     3    0.007128    0.128166    0.775497    7.704077 v _2330_/X (sky130_fd_sc_hd__or3_4)
                                                         _1583_ (net)
                      0.128166    0.000049    7.704125 v _2334_/A1 (sky130_fd_sc_hd__a21o_1)
     3    0.009965    0.116187    0.367447    8.071573 v _2334_/X (sky130_fd_sc_hd__a21o_1)
                                                         _1587_ (net)
                      0.116187    0.000113    8.071686 v _2338_/A (sky130_fd_sc_hd__and3_1)
     2    0.005369    0.092066    0.337659    8.409345 v _2338_/X (sky130_fd_sc_hd__and3_1)
                                                         _1591_ (net)
                      0.092066    0.000073    8.409417 v _2345_/C (sky130_fd_sc_hd__or3_4)
     3    0.008060    0.130458    0.675776    9.085194 v _2345_/X (sky130_fd_sc_hd__or3_4)
                                                         _1598_ (net)
                      0.130458    0.000058    9.085251 v _2347_/A1 (sky130_fd_sc_hd__a21o_1)
     4    0.009497    0.112422    0.364904    9.450154 v _2347_/X (sky130_fd_sc_hd__a21o_1)
                                                         _1600_ (net)
                      0.112422    0.000118    9.450273 v _2350_/C (sky130_fd_sc_hd__and3_1)
     2    0.006737    0.102649    0.417002    9.867274 v _2350_/X (sky130_fd_sc_hd__and3_1)
                                                         _1603_ (net)
                      0.102649    0.000108    9.867383 v _2352_/C (sky130_fd_sc_hd__or3_4)
     2    0.006738    0.127103    0.672845   10.540228 v _2352_/X (sky130_fd_sc_hd__or3_4)
                                                         _0106_ (net)
                      0.127103    0.000087   10.540315 v _2355_/A1 (sky130_fd_sc_hd__a21o_1)
     4    0.011585    0.129490    0.379257   10.919571 v _2355_/X (sky130_fd_sc_hd__a21o_1)
                                                         _0109_ (net)
                      0.129490    0.000179   10.919751 v _2362_/A (sky130_fd_sc_hd__and3_1)
     2    0.006540    0.101094    0.353587   11.273338 v _2362_/X (sky130_fd_sc_hd__and3_1)
                                                         _0116_ (net)
                      0.101094    0.000079   11.273417 v _2364_/C (sky130_fd_sc_hd__or3_4)
     3    0.007584    0.129227    0.676483   11.949900 v _2364_/X (sky130_fd_sc_hd__or3_4)
                                                         _0118_ (net)
                      0.129227    0.000091   11.949990 v _2366_/A1 (sky130_fd_sc_hd__a21o_1)
     3    0.007598    0.097549    0.349951   12.299942 v _2366_/X (sky130_fd_sc_hd__a21o_1)
                                                         _0120_ (net)
                      0.097549    0.000081   12.300023 v _2370_/A (sky130_fd_sc_hd__and3_1)
     2    0.007058    0.105213    0.342572   12.642595 v _2370_/X (sky130_fd_sc_hd__and3_1)
                                                         _0124_ (net)
                      0.105213    0.000116   12.642712 v _2372_/C (sky130_fd_sc_hd__or3_4)
     3    0.008961    0.132592    0.684675   13.327386 v _2372_/X (sky130_fd_sc_hd__or3_4)
                                                         _0126_ (net)
                      0.132592    0.000088   13.327474 v _2378_/A1 (sky130_fd_sc_hd__a21o_1)
     4    0.009778    0.114698    0.367978   13.695452 v _2378_/X (sky130_fd_sc_hd__a21o_1)
                                                         _0132_ (net)
                      0.114698    0.000064   13.695516 v _2383_/A (sky130_fd_sc_hd__and3_1)
     2    0.007216    0.106484    0.352057   14.047572 v _2383_/X (sky130_fd_sc_hd__and3_1)
                                                         _0137_ (net)
                      0.106484    0.000099   14.047672 v _2385_/C (sky130_fd_sc_hd__or3_4)
     3    0.008124    0.130525    0.680988   14.728660 v _2385_/X (sky130_fd_sc_hd__or3_4)
                                                         _0139_ (net)
                      0.130525    0.000070   14.728730 v _2387_/A1 (sky130_fd_sc_hd__a21o_1)
     4    0.012260    0.135081    0.385918   15.114648 v _2387_/X (sky130_fd_sc_hd__a21o_1)
                                                         _0141_ (net)
                      0.135081    0.000092   15.114740 v _2390_/A (sky130_fd_sc_hd__and3_1)
     3    0.010430    0.133479    0.388068   15.502809 v _2390_/X (sky130_fd_sc_hd__and3_1)
                                                         _0144_ (net)
                      0.133479    0.000085   15.502893 v _2392_/C (sky130_fd_sc_hd__or3_4)
     3    0.006815    0.127212    0.683711   16.186605 v _2392_/X (sky130_fd_sc_hd__or3_4)
                                                         _0146_ (net)
                      0.127212    0.000044   16.186649 v _2397_/A1 (sky130_fd_sc_hd__a21o_1)
     4    0.010869    0.123565    0.373920   16.560568 v _2397_/X (sky130_fd_sc_hd__a21o_1)
                                                         _0151_ (net)
                      0.123565    0.000046   16.560616 v _2406_/A (sky130_fd_sc_hd__and3_1)
     2    0.006040    0.097180    0.346681   16.907295 v _2406_/X (sky130_fd_sc_hd__and3_1)
                                                         _0160_ (net)
                      0.097180    0.000034   16.907330 v _2408_/C (sky130_fd_sc_hd__or3_4)
     3    0.008459    0.131411    0.679474   17.586803 v _2408_/X (sky130_fd_sc_hd__or3_4)
                                                         _0162_ (net)
                      0.131411    0.000069   17.586872 v _2410_/A1 (sky130_fd_sc_hd__a21o_1)
     3    0.007145    0.093797    0.347459   17.934332 v _2410_/X (sky130_fd_sc_hd__a21o_1)
                                                         _0164_ (net)
                      0.093797    0.000083   17.934416 v _2413_/A (sky130_fd_sc_hd__and3_1)
     2    0.006057    0.097315    0.332594   18.267010 v _2413_/X (sky130_fd_sc_hd__and3_1)
                                                         _0167_ (net)
                      0.097315    0.000050   18.267059 v _2415_/C (sky130_fd_sc_hd__or3_4)
     3    0.006479    0.126264    0.669500   18.936560 v _2415_/X (sky130_fd_sc_hd__or3_4)
                                                         _0169_ (net)
                      0.126264    0.000059   18.936619 v _2420_/A1 (sky130_fd_sc_hd__a21o_1)
     4    0.011803    0.131295    0.380586   19.317204 v _2420_/X (sky130_fd_sc_hd__a21o_1)
                                                         _0174_ (net)
                      0.131295    0.000068   19.317272 v _2428_/A1 (sky130_fd_sc_hd__a21bo_1)
     1    0.004365    0.078144    0.345610   19.662882 v _2428_/X (sky130_fd_sc_hd__a21bo_1)
                                                         _0180_ (net)
                      0.078144    0.000018   19.662899 v _2429_/B (sky130_fd_sc_hd__xor2_1)
     1    0.002591    0.123198    0.262572   19.925472 v _2429_/X (sky130_fd_sc_hd__xor2_1)
                                                         _0181_ (net)
                      0.123198    0.000014   19.925486 v _2430_/A1 (sky130_fd_sc_hd__mux2_4)
     1    0.002208    0.076692    0.483078   20.408564 v _2430_/X (sky130_fd_sc_hd__mux2_4)
                                                         _0025_ (net)
                      0.076692    0.000011   20.408575 v _3238_/D (sky130_fd_sc_hd__dfrtp_4)
                                             20.408575   data arrival time

                                 12.000000   12.000000   clock clk (rise edge)
                                  0.000000   12.000000   clock source latency
     2    0.040051    0.000000    0.000000   12.000000 ^ clk (in)
                                                         clk (net)
                      0.001559    0.000780   12.000779 ^ clkbuf_0_clk/A (sky130_fd_sc_hd__clkbuf_16)
    17    0.155820    0.254659    0.344404   12.345183 ^ clkbuf_0_clk/X (sky130_fd_sc_hd__clkbuf_16)
                                                         clknet_0_clk (net)
                      0.254864    0.004549   12.349732 ^ clkbuf_3_3__f_clk/A (sky130_fd_sc_hd__clkbuf_16)
    35    0.096495    0.171656    0.394806   12.744538 ^ clkbuf_3_3__f_clk/X (sky130_fd_sc_hd__clkbuf_16)
                                                         clknet_3_3__leaf_clk (net)
                      0.171662    0.001290   12.745828 ^ _3238_/CLK (sky130_fd_sc_hd__dfrtp_4)
                                 -0.100000   12.645828   clock uncertainty
                                  0.000000   12.645828   clock reconvergence pessimism
                                 -0.250546   12.395283   library setup time
                                             12.395283   data required time
---------------------------------------------------------------------------------------------
                                             12.395283   data required time
                                            -20.408575   data arrival time
---------------------------------------------------------------------------------------------
                                             -8.013292   slack (VIOLATED)




===========================================================================
report_checks --slack_max -0.01
============================================================================
======================= min_ss_100C_1v60 Corner ===================================

Startpoint: _3302_ (rising edge-triggered flip-flop clocked by clk)
Endpoint: _3238_ (rising edge-triggered flip-flop clocked by clk)
Path Group: clk
Path Type: max

Fanout         Cap        Slew       Delay        Time   Description
---------------------------------------------------------------------------------------------
                                  0.000000    0.000000   clock clk (rise edge)
                                  0.000000    0.000000   clock source latency
     2    0.040051    0.000000    0.000000    0.000000 ^ clk (in)
                                                         clk (net)
                      0.001559    0.000780    0.000780 ^ clkbuf_0_clk/A (sky130_fd_sc_hd__clkbuf_16)
    17    0.155820    0.254659    0.344404    0.345183 ^ clkbuf_0_clk/X (sky130_fd_sc_hd__clkbuf_16)
                                                         clknet_0_clk (net)
                      0.254884    0.004912    0.350096 ^ clkbuf_3_0__f_clk/A (sky130_fd_sc_hd__clkbuf_16)
    25    0.090460    0.163195    0.388358    0.738454 ^ clkbuf_3_0__f_clk/X (sky130_fd_sc_hd__clkbuf_16)
                                                         clknet_3_0__leaf_clk (net)
                      0.163213    0.001843    0.740296 ^ _3302_/CLK (sky130_fd_sc_hd__dfrtp_4)
     6    0.022615    0.161550    1.100362    1.840658 v _3302_/Q (sky130_fd_sc_hd__dfrtp_4)
                                                         B_reg[12] (net)
                      0.161550    0.000827    1.841486 v _1910_/C (sky130_fd_sc_hd__and3_1)
     3    0.006759    0.102817    0.441618    2.283103 v _1910_/X (sky130_fd_sc_hd__and3_1)
                                                         _1175_ (net)
                      0.102817    0.000065    2.283169 v _2300_/A (sky130_fd_sc_hd__or4_4)
     4    0.009334    0.172043    1.090549    3.373717 v _2300_/X (sky130_fd_sc_hd__or4_4)
                                                         _1553_ (net)
                      0.172043    0.000064    3.373781 v _2304_/A1 (sky130_fd_sc_hd__a21o_1)
     3    0.007390    0.095725    0.366938    3.740719 v _2304_/X (sky130_fd_sc_hd__a21o_1)
                                                         _1557_ (net)
                      0.095725    0.000072    3.740791 v _2307_/A2 (sky130_fd_sc_hd__a21oi_1)
     3    0.010815    0.422057    0.423821    4.164612 ^ _2307_/Y (sky130_fd_sc_hd__a21oi_1)
                                                         _1560_ (net)
                      0.422057    0.000049    4.164661 ^ _2311_/B (sky130_fd_sc_hd__xor2_1)
     3    0.010419    0.401985    0.523372    4.688033 ^ _2311_/X (sky130_fd_sc_hd__xor2_1)
                                                         _1564_ (net)
                      0.401985    0.000172    4.688205 ^ _2313_/A2 (sky130_fd_sc_hd__a21o_1)
     4    0.010584    0.161289    0.407937    5.096142 ^ _2313_/X (sky130_fd_sc_hd__a21o_1)
                                                         _1566_ (net)
                      0.161289    0.000087    5.096230 ^ _2318_/A1 (sky130_fd_sc_hd__a21oi_1)
     3    0.012598    0.231778    0.270552    5.366781 v _2318_/Y (sky130_fd_sc_hd__a21oi_1)
                                                         _1571_ (net)
                      0.231778    0.000104    5.366885 v _2321_/B (sky130_fd_sc_hd__or3_4)
     3    0.008417    0.131268    0.799434    6.166320 v _2321_/X (sky130_fd_sc_hd__or3_4)
                                                         _1574_ (net)
                      0.131268    0.000141    6.166461 v _2326_/A1 (sky130_fd_sc_hd__a21o_1)
     4    0.010545    0.120929    0.373205    6.539665 v _2326_/X (sky130_fd_sc_hd__a21o_1)
                                                         _1579_ (net)
                      0.120929    0.000127    6.539793 v _2328_/B (sky130_fd_sc_hd__and3_1)
     2    0.006274    0.099023    0.388704    6.928497 v _2328_/X (sky130_fd_sc_hd__and3_1)
                                                         _1581_ (net)
                      0.099023    0.000082    6.928579 v _2330_/A (sky130_fd_sc_hd__or3_4)
     3    0.007128    0.128166    0.775497    7.704077 v _2330_/X (sky130_fd_sc_hd__or3_4)
                                                         _1583_ (net)
                      0.128166    0.000049    7.704125 v _2334_/A1 (sky130_fd_sc_hd__a21o_1)
     3    0.009965    0.116187    0.367447    8.071573 v _2334_/X (sky130_fd_sc_hd__a21o_1)
                                                         _1587_ (net)
                      0.116187    0.000113    8.071686 v _2338_/A (sky130_fd_sc_hd__and3_1)
     2    0.005369    0.092066    0.337659    8.409345 v _2338_/X (sky130_fd_sc_hd__and3_1)
                                                         _1591_ (net)
                      0.092066    0.000073    8.409417 v _2345_/C (sky130_fd_sc_hd__or3_4)
     3    0.008060    0.130458    0.675776    9.085194 v _2345_/X (sky130_fd_sc_hd__or3_4)
                                                         _1598_ (net)
                      0.130458    0.000058    9.085251 v _2347_/A1 (sky130_fd_sc_hd__a21o_1)
     4    0.009497    0.112422    0.364904    9.450154 v _2347_/X (sky130_fd_sc_hd__a21o_1)
                                                         _1600_ (net)
                      0.112422    0.000118    9.450273 v _2350_/C (sky130_fd_sc_hd__and3_1)
     2    0.006737    0.102649    0.417002    9.867274 v _2350_/X (sky130_fd_sc_hd__and3_1)
                                                         _1603_ (net)
                      0.102649    0.000108    9.867383 v _2352_/C (sky130_fd_sc_hd__or3_4)
     2    0.006738    0.127103    0.672845   10.540228 v _2352_/X (sky130_fd_sc_hd__or3_4)
                                                         _0106_ (net)
                      0.127103    0.000087   10.540315 v _2355_/A1 (sky130_fd_sc_hd__a21o_1)
     4    0.011585    0.129490    0.379257   10.919571 v _2355_/X (sky130_fd_sc_hd__a21o_1)
                                                         _0109_ (net)
                      0.129490    0.000179   10.919751 v _2362_/A (sky130_fd_sc_hd__and3_1)
     2    0.006540    0.101094    0.353587   11.273338 v _2362_/X (sky130_fd_sc_hd__and3_1)
                                                         _0116_ (net)
                      0.101094    0.000079   11.273417 v _2364_/C (sky130_fd_sc_hd__or3_4)
     3    0.007584    0.129227    0.676483   11.949900 v _2364_/X (sky130_fd_sc_hd__or3_4)
                                                         _0118_ (net)
                      0.129227    0.000091   11.949990 v _2366_/A1 (sky130_fd_sc_hd__a21o_1)
     3    0.007598    0.097549    0.349951   12.299942 v _2366_/X (sky130_fd_sc_hd__a21o_1)
                                                         _0120_ (net)
                      0.097549    0.000081   12.300023 v _2370_/A (sky130_fd_sc_hd__and3_1)
     2    0.007058    0.105213    0.342572   12.642595 v _2370_/X (sky130_fd_sc_hd__and3_1)
                                                         _0124_ (net)
                      0.105213    0.000116   12.642712 v _2372_/C (sky130_fd_sc_hd__or3_4)
     3    0.008961    0.132592    0.684675   13.327386 v _2372_/X (sky130_fd_sc_hd__or3_4)
                                                         _0126_ (net)
                      0.132592    0.000088   13.327474 v _2378_/A1 (sky130_fd_sc_hd__a21o_1)
     4    0.009778    0.114698    0.367978   13.695452 v _2378_/X (sky130_fd_sc_hd__a21o_1)
                                                         _0132_ (net)
                      0.114698    0.000064   13.695516 v _2383_/A (sky130_fd_sc_hd__and3_1)
     2    0.007216    0.106484    0.352057   14.047572 v _2383_/X (sky130_fd_sc_hd__and3_1)
                                                         _0137_ (net)
                      0.106484    0.000099   14.047672 v _2385_/C (sky130_fd_sc_hd__or3_4)
     3    0.008124    0.130525    0.680988   14.728660 v _2385_/X (sky130_fd_sc_hd__or3_4)
                                                         _0139_ (net)
                      0.130525    0.000070   14.728730 v _2387_/A1 (sky130_fd_sc_hd__a21o_1)
     4    0.012260    0.135081    0.385918   15.114648 v _2387_/X (sky130_fd_sc_hd__a21o_1)
                                                         _0141_ (net)
                      0.135081    0.000092   15.114740 v _2390_/A (sky130_fd_sc_hd__and3_1)
     3    0.010430    0.133479    0.388068   15.502809 v _2390_/X (sky130_fd_sc_hd__and3_1)
                                                         _0144_ (net)
                      0.133479    0.000085   15.502893 v _2392_/C (sky130_fd_sc_hd__or3_4)
     3    0.006815    0.127212    0.683711   16.186605 v _2392_/X (sky130_fd_sc_hd__or3_4)
                                                         _0146_ (net)
                      0.127212    0.000044   16.186649 v _2397_/A1 (sky130_fd_sc_hd__a21o_1)
     4    0.010869    0.123565    0.373920   16.560568 v _2397_/X (sky130_fd_sc_hd__a21o_1)
                                                         _0151_ (net)
                      0.123565    0.000046   16.560616 v _2406_/A (sky130_fd_sc_hd__and3_1)
     2    0.006040    0.097180    0.346681   16.907295 v _2406_/X (sky130_fd_sc_hd__and3_1)
                                                         _0160_ (net)
                      0.097180    0.000034   16.907330 v _2408_/C (sky130_fd_sc_hd__or3_4)
     3    0.008459    0.131411    0.679474   17.586803 v _2408_/X (sky130_fd_sc_hd__or3_4)
                                                         _0162_ (net)
                      0.131411    0.000069   17.586872 v _2410_/A1 (sky130_fd_sc_hd__a21o_1)
     3    0.007145    0.093797    0.347459   17.934332 v _2410_/X (sky130_fd_sc_hd__a21o_1)
                                                         _0164_ (net)
                      0.093797    0.000083   17.934416 v _2413_/A (sky130_fd_sc_hd__and3_1)
     2    0.006057    0.097315    0.332594   18.267010 v _2413_/X (sky130_fd_sc_hd__and3_1)
                                                         _0167_ (net)
                      0.097315    0.000050   18.267059 v _2415_/C (sky130_fd_sc_hd__or3_4)
     3    0.006479    0.126264    0.669500   18.936560 v _2415_/X (sky130_fd_sc_hd__or3_4)
                                                         _0169_ (net)
                      0.126264    0.000059   18.936619 v _2420_/A1 (sky130_fd_sc_hd__a21o_1)
     4    0.011803    0.131295    0.380586   19.317204 v _2420_/X (sky130_fd_sc_hd__a21o_1)
                                                         _0174_ (net)
                      0.131295    0.000068   19.317272 v _2428_/A1 (sky130_fd_sc_hd__a21bo_1)
     1    0.004365    0.078144    0.345610   19.662882 v _2428_/X (sky130_fd_sc_hd__a21bo_1)
                                                         _0180_ (net)
                      0.078144    0.000018   19.662899 v _2429_/B (sky130_fd_sc_hd__xor2_1)
     1    0.002591    0.123198    0.262572   19.925472 v _2429_/X (sky130_fd_sc_hd__xor2_1)
                                                         _0181_ (net)
                      0.123198    0.000014   19.925486 v _2430_/A1 (sky130_fd_sc_hd__mux2_4)
     1    0.002208    0.076692    0.483078   20.408564 v _2430_/X (sky130_fd_sc_hd__mux2_4)
                                                         _0025_ (net)
                      0.076692    0.000011   20.408575 v _3238_/D (sky130_fd_sc_hd__dfrtp_4)
                                             20.408575   data arrival time

                                 12.000000   12.000000   clock clk (rise edge)
                                  0.000000   12.000000   clock source latency
     2    0.040051    0.000000    0.000000   12.000000 ^ clk (in)
                                                         clk (net)
                      0.001559    0.000780   12.000779 ^ clkbuf_0_clk/A (sky130_fd_sc_hd__clkbuf_16)
    17    0.155820    0.254659    0.344404   12.345183 ^ clkbuf_0_clk/X (sky130_fd_sc_hd__clkbuf_16)
                                                         clknet_0_clk (net)
                      0.254864    0.004549   12.349732 ^ clkbuf_3_3__f_clk/A (sky130_fd_sc_hd__clkbuf_16)
    35    0.096495    0.171656    0.394806   12.744538 ^ clkbuf_3_3__f_clk/X (sky130_fd_sc_hd__clkbuf_16)
                                                         clknet_3_3__leaf_clk (net)
                      0.171662    0.001290   12.745828 ^ _3238_/CLK (sky130_fd_sc_hd__dfrtp_4)
                                 -0.100000   12.645828   clock uncertainty
                                  0.000000   12.645828   clock reconvergence pessimism
                                 -0.250546   12.395283   library setup time
                                             12.395283   data required time
---------------------------------------------------------------------------------------------
                                             12.395283   data required time
                                            -20.408575   data arrival time
---------------------------------------------------------------------------------------------
                                             -8.013292   slack (VIOLATED)




===========================================================================
 report_check_types -max_slew -max_cap -max_fanout -violators
============================================================================
======================= min_ss_100C_1v60 Corner ===================================



===========================================================================
report_parasitic_annotation -report_unannotated
============================================================================
Found 7 unannotated drivers.
 clkload0/Y
 clkload1/Y
 clkload2/Y
 clkload3/Y
 clkload4/Y
 clkload5/Y
 clkload6/Y
Found 0 partially unannotated drivers.

===========================================================================
max slew violation count 0
max fanout violation count 0
max cap violation count 0
============================================================================

===========================================================================
check_setup -verbose -unconstrained_endpoints -multiple_clock -no_clock -no_input_delay -loops -generated_clocks
===========================================================================
Warning: There are 36 input ports missing set_input_delay.
  A_in[0]
  A_in[10]
  A_in[11]
  A_in[12]
  A_in[13]
  A_in[14]
  A_in[15]
  A_in[1]
  A_in[2]
  A_in[3]
  A_in[4]
  A_in[5]
  A_in[6]
  A_in[7]
  A_in[8]
  A_in[9]
  B_in[0]
  B_in[10]
  B_in[11]
  B_in[12]
  B_in[13]
  B_in[14]
  B_in[15]
  B_in[1]
  B_in[2]
  B_in[3]
  B_in[4]
  B_in[5]
  B_in[6]
  B_in[7]
  B_in[8]
  B_in[9]
  Op_Sel[0]
  Op_Sel[1]
  Start
  rst_n
Warning: There are 17 unconstrained endpoints.
  Done
  X_out[0]
  X_out[10]
  X_out[11]
  X_out[12]
  X_out[13]
  X_out[14]
  X_out[15]
  X_out[1]
  X_out[2]
  X_out[3]
  X_out[4]
  X_out[5]
  X_out[6]
  X_out[7]
  X_out[8]
  X_out[9]
