
===========================================================================
report_checks -unconstrained
===========================================================================
======================= nom_tt_025C_1v80 Corner ===================================

Startpoint: _3302_ (rising edge-triggered flip-flop clocked by clk)
Endpoint: _3237_ (rising edge-triggered flip-flop clocked by clk)
Path Group: clk
Path Type: max

Fanout         Cap        Slew       Delay        Time   Description
---------------------------------------------------------------------------------------------
                                  0.000000    0.000000   clock clk (rise edge)
                                  0.000000    0.000000   clock source latency
     2    0.040655    0.000000    0.000000    0.000000 ^ clk (in)
                                                         clk (net)
                      0.002244    0.001122    0.001122 ^ clkbuf_0_clk/A (sky130_fd_sc_hd__clkbuf_16)
    17    0.164344    0.176341    0.211993    0.213115 ^ clkbuf_0_clk/X (sky130_fd_sc_hd__clkbuf_16)
                                                         clknet_0_clk (net)
                      0.176850    0.007657    0.220772 ^ clkbuf_3_0__f_clk/A (sky130_fd_sc_hd__clkbuf_16)
    25    0.092762    0.109365    0.225114    0.445886 ^ clkbuf_3_0__f_clk/X (sky130_fd_sc_hd__clkbuf_16)
                                                         clknet_3_0__leaf_clk (net)
                      0.109635    0.003888    0.449774 ^ _3302_/CLK (sky130_fd_sc_hd__dfrtp_4)
    15    0.051387    0.124166    0.575641    1.025415 v _3302_/Q (sky130_fd_sc_hd__dfrtp_4)
                                                         B_reg[12] (net)
                      0.124225    0.002495    1.027910 v _1910_/C (sky130_fd_sc_hd__and3_1)
     3    0.006052    0.050790    0.226134    1.254044 v _1910_/X (sky130_fd_sc_hd__and3_1)
                                                         _1175_ (net)
                      0.050790    0.000097    1.254140 v _2300_/B (sky130_fd_sc_hd__or4_1)
     4    0.009620    0.126354    0.558954    1.813094 v _2300_/X (sky130_fd_sc_hd__or4_1)
                                                         _1553_ (net)
                      0.126354    0.000205    1.813299 v _2304_/A2 (sky130_fd_sc_hd__a21o_1)
     3    0.007610    0.053874    0.226301    2.039601 v _2304_/X (sky130_fd_sc_hd__a21o_1)
                                                         _1557_ (net)
                      0.053874    0.000169    2.039770 v _2308_/C (sky130_fd_sc_hd__and3_1)
     2    0.005169    0.046866    0.189686    2.229455 v _2308_/X (sky130_fd_sc_hd__and3_1)
                                                         _1561_ (net)
                      0.046866    0.000126    2.229581 v _2310_/C (sky130_fd_sc_hd__or3_1)
     3    0.008067    0.095241    0.343463    2.573045 v _2310_/X (sky130_fd_sc_hd__or3_1)
                                                         _1563_ (net)
                      0.095241    0.000201    2.573246 v _2313_/A1 (sky130_fd_sc_hd__a21o_1)
     4    0.011371    0.067926    0.208357    2.781603 v _2313_/X (sky130_fd_sc_hd__a21o_1)
                                                         _1566_ (net)
                      0.067926    0.000243    2.781846 v _2319_/B (sky130_fd_sc_hd__and3_1)
     2    0.005663    0.049035    0.183175    2.965021 v _2319_/X (sky130_fd_sc_hd__and3_1)
                                                         _1572_ (net)
                      0.049035    0.000109    2.965129 v _2321_/C (sky130_fd_sc_hd__or3_1)
     3    0.008702    0.097422    0.348782    3.313911 v _2321_/X (sky130_fd_sc_hd__or3_1)
                                                         _1574_ (net)
                      0.097422    0.000269    3.314180 v _2326_/A1 (sky130_fd_sc_hd__a21o_1)
     4    0.010943    0.066214    0.207728    3.521908 v _2326_/X (sky130_fd_sc_hd__a21o_1)
                                                         _1579_ (net)
                      0.066214    0.000243    3.522151 v _2328_/C (sky130_fd_sc_hd__and3_1)
     2    0.005550    0.048530    0.197156    3.719308 v _2328_/X (sky130_fd_sc_hd__and3_1)
                                                         _1581_ (net)
                      0.048530    0.000163    3.719470 v _2330_/C (sky130_fd_sc_hd__or3_2)
     4    0.013267    0.111014    0.462493    4.181963 v _2330_/X (sky130_fd_sc_hd__or3_2)
                                                         _1583_ (net)
                      0.111014    0.000194    4.182158 v _2334_/A1 (sky130_fd_sc_hd__a21o_1)
     5    0.015898    0.086395    0.230910    4.413067 v _2334_/X (sky130_fd_sc_hd__a21o_1)
                                                         _1587_ (net)
                      0.086397    0.000528    4.413595 v _2338_/B (sky130_fd_sc_hd__and3_1)
     2    0.006863    0.054499    0.197364    4.610959 v _2338_/X (sky130_fd_sc_hd__and3_1)
                                                         _1591_ (net)
                      0.054499    0.000162    4.611121 v _2345_/C (sky130_fd_sc_hd__or3_1)
     3    0.008036    0.095160    0.345101    4.956222 v _2345_/X (sky130_fd_sc_hd__or3_1)
                                                         _1598_ (net)
                      0.095160    0.000148    4.956370 v _2347_/A1 (sky130_fd_sc_hd__a21o_1)
     4    0.011866    0.069917    0.210091    5.166461 v _2347_/X (sky130_fd_sc_hd__a21o_1)
                                                         _1600_ (net)
                      0.069917    0.000296    5.166756 v _2350_/C (sky130_fd_sc_hd__and3_1)
     2    0.006413    0.052399    0.203042    5.369798 v _2350_/X (sky130_fd_sc_hd__and3_1)
                                                         _1603_ (net)
                      0.052399    0.000184    5.369982 v _2352_/C (sky130_fd_sc_hd__or3_1)
     3    0.009354    0.100715    0.354075    5.724057 v _2352_/X (sky130_fd_sc_hd__or3_1)
                                                         _0106_ (net)
                      0.100715    0.000292    5.724349 v _2355_/A2 (sky130_fd_sc_hd__a21o_1)
     4    0.010828    0.065736    0.229973    5.954322 v _2355_/X (sky130_fd_sc_hd__a21o_1)
                                                         _0109_ (net)
                      0.065736    0.000260    5.954582 v _2362_/B (sky130_fd_sc_hd__and3_1)
     2    0.006198    0.051437    0.184777    6.139359 v _2362_/X (sky130_fd_sc_hd__and3_1)
                                                         _0116_ (net)
                      0.051437    0.000172    6.139531 v _2364_/C (sky130_fd_sc_hd__or3_1)
     3    0.007917    0.094382    0.343309    6.482840 v _2364_/X (sky130_fd_sc_hd__or3_1)
                                                         _0118_ (net)
                      0.094382    0.000216    6.483056 v _2366_/A2 (sky130_fd_sc_hd__a21o_1)
     4    0.010418    0.064106    0.225977    6.709033 v _2366_/X (sky130_fd_sc_hd__a21o_1)
                                                         _0120_ (net)
                      0.064106    0.000221    6.709254 v _2370_/B (sky130_fd_sc_hd__and3_1)
     2    0.005126    0.046697    0.178851    6.888105 v _2370_/X (sky130_fd_sc_hd__and3_1)
                                                         _0124_ (net)
                      0.046697    0.000104    6.888209 v _2372_/C (sky130_fd_sc_hd__or3_1)
     3    0.008999    0.098858    0.350588    7.238797 v _2372_/X (sky130_fd_sc_hd__or3_1)
                                                         _0126_ (net)
                      0.098858    0.000116    7.238913 v _2378_/A1 (sky130_fd_sc_hd__a21o_1)
     4    0.009926    0.062204    0.204718    7.443631 v _2378_/X (sky130_fd_sc_hd__a21o_1)
                                                         _0132_ (net)
                      0.062204    0.000165    7.443796 v _2383_/C (sky130_fd_sc_hd__and3_1)
     2    0.006884    0.054540    0.201839    7.645635 v _2383_/X (sky130_fd_sc_hd__and3_1)
                                                         _0137_ (net)
                      0.054540    0.000160    7.645794 v _2385_/C (sky130_fd_sc_hd__or3_1)
     3    0.007672    0.092847    0.342285    7.988080 v _2385_/X (sky130_fd_sc_hd__or3_1)
                                                         _0139_ (net)
                      0.092847    0.000223    7.988303 v _2387_/A1 (sky130_fd_sc_hd__a21o_1)
     4    0.012540    0.072619    0.211555    8.199858 v _2387_/X (sky130_fd_sc_hd__a21o_1)
                                                         _0141_ (net)
                      0.072619    0.000188    8.200047 v _2390_/B (sky130_fd_sc_hd__and3_1)
     3    0.010279    0.068107    0.206211    8.406258 v _2390_/X (sky130_fd_sc_hd__and3_1)
                                                         _0144_ (net)
                      0.068107    0.000304    8.406561 v _2392_/C (sky130_fd_sc_hd__or3_1)
     3    0.006868    0.087795    0.340715    8.747276 v _2392_/X (sky130_fd_sc_hd__or3_1)
                                                         _0146_ (net)
                      0.087795    0.000164    8.747440 v _2397_/A1 (sky130_fd_sc_hd__a21o_1)
     4    0.011168    0.067096    0.204578    8.952018 v _2397_/X (sky130_fd_sc_hd__a21o_1)
                                                         _0151_ (net)
                      0.067096    0.000214    8.952232 v _2406_/B (sky130_fd_sc_hd__and3_1)
     2    0.005740    0.049373    0.183181    9.135413 v _2406_/X (sky130_fd_sc_hd__and3_1)
                                                         _0160_ (net)
                      0.049373    0.000141    9.135555 v _2408_/C (sky130_fd_sc_hd__or3_1)
     3    0.008049    0.095162    0.343909    9.479464 v _2408_/X (sky130_fd_sc_hd__or3_1)
                                                         _0162_ (net)
                      0.095162    0.000153    9.479616 v _2410_/A2 (sky130_fd_sc_hd__a21o_1)
     3    0.006955    0.050851    0.211076    9.690693 v _2410_/X (sky130_fd_sc_hd__a21o_1)
                                                         _0164_ (net)
                      0.050851    0.000165    9.690858 v _2413_/C (sky130_fd_sc_hd__and3_1)
     2    0.004966    0.045992    0.187380    9.878238 v _2413_/X (sky130_fd_sc_hd__and3_1)
                                                         _0167_ (net)
                      0.045992    0.000102    9.878340 v _2415_/C (sky130_fd_sc_hd__or3_1)
     3    0.007085    0.089042    0.335787   10.214127 v _2415_/X (sky130_fd_sc_hd__or3_1)
                                                         _0169_ (net)
                      0.089042    0.000174   10.214301 v _2420_/A1 (sky130_fd_sc_hd__a21o_1)
     4    0.012714    0.073325    0.210587   10.424888 v _2420_/X (sky130_fd_sc_hd__a21o_1)
                                                         _0174_ (net)
                      0.073325    0.000268   10.425157 v _2423_/A1 (sky130_fd_sc_hd__a21o_1)
     2    0.008815    0.058569    0.189536   10.614693 v _2423_/X (sky130_fd_sc_hd__a21o_1)
                                                         _0177_ (net)
                      0.058569    0.000276   10.614968 v _2426_/B (sky130_fd_sc_hd__xnor2_1)
     1    0.003067    0.054429    0.124487   10.739456 v _2426_/Y (sky130_fd_sc_hd__xnor2_1)
                                                         _0179_ (net)
                      0.054429    0.000068   10.739524 v _2427_/A1 (sky130_fd_sc_hd__mux2_1)
     1    0.002890    0.055575    0.290891   11.030416 v _2427_/X (sky130_fd_sc_hd__mux2_1)
                                                         _0024_ (net)
                      0.055575    0.000087   11.030502 v _3237_/D (sky130_fd_sc_hd__dfrtp_4)
                                             11.030502   data arrival time

                                 80.000000   80.000000   clock clk (rise edge)
                                  0.000000   80.000000   clock source latency
     2    0.040655    0.000000    0.000000   80.000000 ^ clk (in)
                                                         clk (net)
                      0.002244    0.001123   80.001122 ^ clkbuf_0_clk/A (sky130_fd_sc_hd__clkbuf_16)
    17    0.164344    0.176341    0.211990   80.213112 ^ clkbuf_0_clk/X (sky130_fd_sc_hd__clkbuf_16)
                                                         clknet_0_clk (net)
                      0.176817    0.007411   80.220528 ^ clkbuf_3_3__f_clk/A (sky130_fd_sc_hd__clkbuf_16)
    35    0.097915    0.114231    0.228880   80.449409 ^ clkbuf_3_3__f_clk/X (sky130_fd_sc_hd__clkbuf_16)
                                                         clknet_3_3__leaf_clk (net)
                      0.114294    0.002501   80.451904 ^ _3237_/CLK (sky130_fd_sc_hd__dfrtp_4)
                                 -0.100000   80.351906   clock uncertainty
                                  0.000000   80.351906   clock reconvergence pessimism
                                 -0.103013   80.248894   library setup time
                                             80.248894   data required time
---------------------------------------------------------------------------------------------
                                             80.248894   data required time
                                            -11.030502   data arrival time
---------------------------------------------------------------------------------------------
                                             69.218391   slack (MET)




===========================================================================
report_checks --slack_max -0.01
============================================================================
======================= nom_tt_025C_1v80 Corner ===================================

No paths found.


===========================================================================
 report_check_types -max_slew -max_cap -max_fanout -violators
============================================================================
======================= nom_tt_025C_1v80 Corner ===================================



===========================================================================
report_parasitic_annotation -report_unannotated
============================================================================
Found 7 unannotated drivers.
 clkload0/Y
 clkload1/Y
 clkload2/Y
 clkload3/Y
 clkload4/Y
 clkload5/Y
 clkload6/Y
Found 0 partially unannotated drivers.

===========================================================================
max slew violation count 0
max fanout violation count 0
max cap violation count 0
============================================================================

===========================================================================
check_setup -verbose -unconstrained_endpoints -multiple_clock -no_clock -no_input_delay -loops -generated_clocks
===========================================================================
Warning: There are 36 input ports missing set_input_delay.
  A_in[0]
  A_in[10]
  A_in[11]
  A_in[12]
  A_in[13]
  A_in[14]
  A_in[15]
  A_in[1]
  A_in[2]
  A_in[3]
  A_in[4]
  A_in[5]
  A_in[6]
  A_in[7]
  A_in[8]
  A_in[9]
  B_in[0]
  B_in[10]
  B_in[11]
  B_in[12]
  B_in[13]
  B_in[14]
  B_in[15]
  B_in[1]
  B_in[2]
  B_in[3]
  B_in[4]
  B_in[5]
  B_in[6]
  B_in[7]
  B_in[8]
  B_in[9]
  Op_Sel[0]
  Op_Sel[1]
  Start
  rst_n
Warning: There are 17 unconstrained endpoints.
  Done
  X_out[0]
  X_out[10]
  X_out[11]
  X_out[12]
  X_out[13]
  X_out[14]
  X_out[15]
  X_out[1]
  X_out[2]
  X_out[3]
  X_out[4]
  X_out[5]
  X_out[6]
  X_out[7]
  X_out[8]
  X_out[9]
