Clock: clk
Sources: clk 
Generated: no
Virtual: yes
Propagated: no
Period: 80.000000

===========================================================================
report_clock_properties
============================================================================
Clock                   Period          Waveform
----------------------------------------------------
clk                  80.000000    0.000000 40.000000

===========================================================================
report_clock_latency
============================================================================
Clock clk
rise -> rise
    min     max
0.000000 0.000000 source latency
0.436651         network latency _3222_/CLK
        0.458385 network latency _3256_/CLK
---------------
0.436651 0.458385 latency
        0.021734 skew

fall -> fall
    min     max
0.000000 0.000000 source latency
0.413419         network latency _3222_/CLK
        0.430941 network latency _3296_/CLK
---------------
0.413419 0.430941 latency
        0.017522 skew



===========================================================================
report_clock_min_period
============================================================================
clk period_min = 10.78 fmax = 92.75
