Using 4 threads…
Using a tile size of (500 µm)²…
Reading /work/runs/RUN_2026-03-17_13-43-38/54-magic-streamout/rns_top_crt.magic.gds ..
Reading /work/runs/RUN_2026-03-17_13-43-38/55-klayout-streamout/rns_top_crt.klayout.gds ..
--- Running XOR for layer 122/16 ---
"input" in: xor.drc:109
    Polygons (raw): 17376 (flat)  108 (hierarchical)
    Elapsed: 0.000s  Memory: 621.00M
"input" in: xor.drc:109
    Polygons (raw): 17376 (flat)  108 (hierarchical)
    Elapsed: 0.000s  Memory: 621.00M
"^" in: xor.drc:109
    Polygons (raw): 0 (flat)  0 (hierarchical)
    Elapsed: 0.130s  Memory: 909.00M
XOR differences: 0
"output" in: xor.drc:86
    Polygons (raw): 0 (flat)  0 (hierarchical)
    Elapsed: 0.000s  Memory: 909.00M
--- Running XOR for layer 235/4 ---
"input" in: xor.drc:109
    Polygons (raw): 1 (flat)  1 (hierarchical)
    Elapsed: 0.000s  Memory: 909.00M
"input" in: xor.drc:109
    Polygons (raw): 1 (flat)  1 (hierarchical)
    Elapsed: 0.000s  Memory: 909.00M
"^" in: xor.drc:109
    Polygons (raw): 0 (flat)  0 (hierarchical)
    Elapsed: 0.010s  Memory: 941.00M
XOR differences: 0
"output" in: xor.drc:86
    Polygons (raw): 0 (flat)  0 (hierarchical)
    Elapsed: 0.000s  Memory: 941.00M
--- Running XOR for layer 236/0 ---
"input" in: xor.drc:109
    Polygons (raw): 14606 (flat)  105 (hierarchical)
    Elapsed: 0.000s  Memory: 941.00M
"input" in: xor.drc:109
    Polygons (raw): 14606 (flat)  105 (hierarchical)
    Elapsed: 0.000s  Memory: 941.00M
"^" in: xor.drc:109
    Polygons (raw): 0 (flat)  0 (hierarchical)
    Elapsed: 0.130s  Memory: 925.00M
XOR differences: 0
"output" in: xor.drc:86
    Polygons (raw): 0 (flat)  0 (hierarchical)
    Elapsed: 0.000s  Memory: 909.00M
--- Running XOR for layer 64/16 ---
"input" in: xor.drc:109
    Polygons (raw): 17376 (flat)  108 (hierarchical)
    Elapsed: 0.000s  Memory: 909.00M
"input" in: xor.drc:109
    Polygons (raw): 17376 (flat)  108 (hierarchical)
    Elapsed: 0.000s  Memory: 909.00M
"^" in: xor.drc:109
    Polygons (raw): 0 (flat)  0 (hierarchical)
    Elapsed: 0.130s  Memory: 909.00M
XOR differences: 0
"output" in: xor.drc:86
    Polygons (raw): 0 (flat)  0 (hierarchical)
    Elapsed: 0.020s  Memory: 909.00M
--- Running XOR for layer 64/20 ---
"input" in: xor.drc:109
    Polygons (raw): 19862 (flat)  108 (hierarchical)
    Elapsed: 0.000s  Memory: 909.00M
"input" in: xor.drc:109
    Polygons (raw): 19862 (flat)  108 (hierarchical)
    Elapsed: 0.000s  Memory: 909.00M
"^" in: xor.drc:109
    Polygons (raw): 0 (flat)  0 (hierarchical)
    Elapsed: 0.220s  Memory: 909.00M
XOR differences: 0
"output" in: xor.drc:86
    Polygons (raw): 0 (flat)  0 (hierarchical)
    Elapsed: 0.000s  Memory: 909.00M
--- Running XOR for layer 64/5 ---
"input" in: xor.drc:109
    Polygons (raw): 0 (flat)  0 (hierarchical)
    Elapsed: 0.000s  Memory: 909.00M
"input" in: xor.drc:109
    Polygons (raw): 0 (flat)  0 (hierarchical)
    Elapsed: 0.000s  Memory: 909.00M
"^" in: xor.drc:109
    Polygons (raw): 0 (flat)  0 (hierarchical)
    Elapsed: 0.040s  Memory: 909.00M
XOR differences: 0
"output" in: xor.drc:86
    Polygons (raw): 0 (flat)  0 (hierarchical)
    Elapsed: 0.000s  Memory: 909.00M
--- Running XOR for layer 64/59 ---
"input" in: xor.drc:109
    Polygons (raw): 0 (flat)  0 (hierarchical)
    Elapsed: 0.000s  Memory: 909.00M
"input" in: xor.drc:109
    Polygons (raw): 0 (flat)  0 (hierarchical)
    Elapsed: 0.000s  Memory: 909.00M
"^" in: xor.drc:109
    Polygons (raw): 0 (flat)  0 (hierarchical)
    Elapsed: 0.040s  Memory: 909.00M
XOR differences: 0
"output" in: xor.drc:86
    Polygons (raw): 0 (flat)  0 (hierarchical)
    Elapsed: 0.000s  Memory: 909.00M
--- Running XOR for layer 65/20 ---
"input" in: xor.drc:109
    Polygons (raw): 29957 (flat)  303 (hierarchical)
    Elapsed: 0.000s  Memory: 909.00M
"input" in: xor.drc:109
    Polygons (raw): 29957 (flat)  303 (hierarchical)
    Elapsed: 0.000s  Memory: 909.00M
"^" in: xor.drc:109
    Polygons (raw): 0 (flat)  0 (hierarchical)
    Elapsed: 0.180s  Memory: 909.00M
XOR differences: 0
"output" in: xor.drc:86
    Polygons (raw): 0 (flat)  0 (hierarchical)
    Elapsed: 0.020s  Memory: 909.00M
--- Running XOR for layer 65/44 ---
"input" in: xor.drc:109
    Polygons (raw): 4992 (flat)  2 (hierarchical)
    Elapsed: 0.000s  Memory: 909.00M
"input" in: xor.drc:109
    Polygons (raw): 4992 (flat)  2 (hierarchical)
    Elapsed: 0.000s  Memory: 909.00M
"^" in: xor.drc:109
    Polygons (raw): 0 (flat)  0 (hierarchical)
    Elapsed: 0.030s  Memory: 909.00M
XOR differences: 0
"output" in: xor.drc:86
    Polygons (raw): 0 (flat)  0 (hierarchical)
    Elapsed: 0.000s  Memory: 909.00M
--- Running XOR for layer 66/20 ---
"input" in: xor.drc:109
    Polygons (raw): 32911 (flat)  494 (hierarchical)
    Elapsed: 0.010s  Memory: 909.00M
"input" in: xor.drc:109
    Polygons (raw): 32911 (flat)  494 (hierarchical)
    Elapsed: 0.000s  Memory: 909.00M
"^" in: xor.drc:109
    Polygons (raw): 0 (flat)  0 (hierarchical)
    Elapsed: 0.320s  Memory: 909.00M
XOR differences: 0
"output" in: xor.drc:86
    Polygons (raw): 0 (flat)  0 (hierarchical)
    Elapsed: 0.000s  Memory: 909.00M
--- Running XOR for layer 66/44 ---
"input" in: xor.drc:109
    Polygons (raw): 133102 (flat)  2874 (hierarchical)
    Elapsed: 0.000s  Memory: 909.00M
"input" in: xor.drc:109
    Polygons (raw): 133102 (flat)  2874 (hierarchical)
    Elapsed: 0.000s  Memory: 909.00M
"^" in: xor.drc:109
    Polygons (raw): 0 (flat)  0 (hierarchical)
    Elapsed: 0.610s  Memory: 909.00M
XOR differences: 0
"output" in: xor.drc:86
    Polygons (raw): 0 (flat)  0 (hierarchical)
    Elapsed: 0.020s  Memory: 909.00M
--- Running XOR for layer 67/16 ---
"input" in: xor.drc:109
    Polygons (raw): 22911 (flat)  830 (hierarchical)
    Elapsed: 0.000s  Memory: 909.00M
"input" in: xor.drc:109
    Polygons (raw): 22911 (flat)  830 (hierarchical)
    Elapsed: 0.000s  Memory: 909.00M
"^" in: xor.drc:109
    Polygons (raw): 0 (flat)  0 (hierarchical)
    Elapsed: 0.090s  Memory: 909.00M
XOR differences: 0
"output" in: xor.drc:86
    Polygons (raw): 0 (flat)  0 (hierarchical)
    Elapsed: 0.000s  Memory: 909.00M
--- Running XOR for layer 67/20 ---
"input" in: xor.drc:109
    Polygons (raw): 100494 (flat)  8145 (hierarchical)
    Elapsed: 0.000s  Memory: 909.00M
"input" in: xor.drc:109
    Polygons (raw): 100494 (flat)  914 (hierarchical)
    Elapsed: 0.000s  Memory: 909.00M
"^" in: xor.drc:109
    Polygons (raw): 0 (flat)  0 (hierarchical)
    Elapsed: 0.870s  Memory: 909.00M
XOR differences: 0
"output" in: xor.drc:86
    Polygons (raw): 0 (flat)  0 (hierarchical)
    Elapsed: 0.020s  Memory: 909.00M
--- Running XOR for layer 67/44 ---
"input" in: xor.drc:109
    Polygons (raw): 289578 (flat)  8982 (hierarchical)
    Elapsed: 0.000s  Memory: 909.00M
"input" in: xor.drc:109
    Polygons (raw): 289578 (flat)  1751 (hierarchical)
    Elapsed: 0.000s  Memory: 909.00M
"^" in: xor.drc:109
    Polygons (raw): 0 (flat)  0 (hierarchical)
    Elapsed: 1.300s  Memory: 909.00M
XOR differences: 0
"output" in: xor.drc:86
    Polygons (raw): 0 (flat)  0 (hierarchical)
    Elapsed: 0.020s  Memory: 909.00M
--- Running XOR for layer 67/5 ---
"input" in: xor.drc:109
    Polygons (raw): 0 (flat)  0 (hierarchical)
    Elapsed: 0.000s  Memory: 909.00M
"input" in: xor.drc:109
    Polygons (raw): 0 (flat)  0 (hierarchical)
    Elapsed: 0.000s  Memory: 909.00M
"^" in: xor.drc:109
    Polygons (raw): 0 (flat)  0 (hierarchical)
    Elapsed: 0.020s  Memory: 941.00M
XOR differences: 0
"output" in: xor.drc:86
    Polygons (raw): 0 (flat)  0 (hierarchical)
    Elapsed: 0.000s  Memory: 941.00M
--- Running XOR for layer 68/16 ---
"input" in: xor.drc:109
    Polygons (raw): 39724 (flat)  216 (hierarchical)
    Elapsed: 0.000s  Memory: 941.00M
"input" in: xor.drc:109
    Polygons (raw): 39724 (flat)  216 (hierarchical)
    Elapsed: 0.000s  Memory: 941.00M
"^" in: xor.drc:109
    Polygons (raw): 0 (flat)  0 (hierarchical)
    Elapsed: 0.240s  Memory: 909.00M
XOR differences: 0
"output" in: xor.drc:86
    Polygons (raw): 0 (flat)  0 (hierarchical)
    Elapsed: 0.000s  Memory: 909.00M
--- Running XOR for layer 68/20 ---
"input" in: xor.drc:109
    Polygons (raw): 68036 (flat)  27304 (hierarchical)
    Elapsed: 0.000s  Memory: 909.00M
"input" in: xor.drc:109
    Polygons (raw): 63350 (flat)  8624 (hierarchical)
    Elapsed: 0.000s  Memory: 909.00M
"^" in: xor.drc:109
    Polygons (raw): 0 (flat)  0 (hierarchical)
    Elapsed: 0.500s  Memory: 941.00M
XOR differences: 0
"output" in: xor.drc:86
    Polygons (raw): 0 (flat)  0 (hierarchical)
    Elapsed: 0.020s  Memory: 941.00M
--- Running XOR for layer 68/44 ---
"input" in: xor.drc:109
    Polygons (raw): 8625 (flat)  8625 (hierarchical)
    Elapsed: 0.000s  Memory: 941.00M
"input" in: xor.drc:109
    Polygons (raw): 8625 (flat)  6 (hierarchical)
    Elapsed: 0.000s  Memory: 941.00M
"^" in: xor.drc:109
    Polygons (raw): 0 (flat)  0 (hierarchical)
    Elapsed: 0.040s  Memory: 941.00M
XOR differences: 0
"output" in: xor.drc:86
    Polygons (raw): 0 (flat)  0 (hierarchical)
    Elapsed: 0.000s  Memory: 941.00M
--- Running XOR for layer 68/5 ---
"input" in: xor.drc:109
    Polygons (raw): 0 (flat)  0 (hierarchical)
    Elapsed: 0.000s  Memory: 941.00M
"input" in: xor.drc:109
    Polygons (raw): 0 (flat)  0 (hierarchical)
    Elapsed: 0.000s  Memory: 941.00M
"^" in: xor.drc:109
    Polygons (raw): 0 (flat)  0 (hierarchical)
    Elapsed: 0.050s  Memory: 909.00M
XOR differences: 0
"output" in: xor.drc:86
    Polygons (raw): 0 (flat)  0 (hierarchical)
    Elapsed: 0.000s  Memory: 909.00M
--- Running XOR for layer 69/16 ---
"input" in: xor.drc:109
    Polygons (raw): 19 (flat)  19 (hierarchical)
    Elapsed: 0.000s  Memory: 909.00M
"input" in: xor.drc:109
    Polygons (raw): 19 (flat)  19 (hierarchical)
    Elapsed: 0.000s  Memory: 909.00M
"^" in: xor.drc:109
    Polygons (raw): 0 (flat)  0 (hierarchical)
    Elapsed: 0.010s  Memory: 941.00M
XOR differences: 0
"output" in: xor.drc:86
    Polygons (raw): 0 (flat)  0 (hierarchical)
    Elapsed: 0.000s  Memory: 941.00M
--- Running XOR for layer 69/20 ---
"input" in: xor.drc:109
    Polygons (raw): 11117 (flat)  11117 (hierarchical)
    Elapsed: 0.000s  Memory: 941.00M
"input" in: xor.drc:109
    Polygons (raw): 11761 (flat)  4479 (hierarchical)
    Elapsed: 0.000s  Memory: 941.00M
"^" in: xor.drc:109
    Polygons (raw): 0 (flat)  0 (hierarchical)
    Elapsed: 0.100s  Memory: 941.00M
XOR differences: 0
"output" in: xor.drc:86
    Polygons (raw): 0 (flat)  0 (hierarchical)
    Elapsed: 0.000s  Memory: 941.00M
--- Running XOR for layer 69/44 ---
"input" in: xor.drc:109
    Polygons (raw): 1916 (flat)  1916 (hierarchical)
    Elapsed: 0.000s  Memory: 941.00M
"input" in: xor.drc:109
    Polygons (raw): 1916 (flat)  5 (hierarchical)
    Elapsed: 0.000s  Memory: 941.00M
"^" in: xor.drc:109
    Polygons (raw): 0 (flat)  0 (hierarchical)
    Elapsed: 0.020s  Memory: 909.00M
XOR differences: 0
"output" in: xor.drc:86
    Polygons (raw): 0 (flat)  0 (hierarchical)
    Elapsed: 0.000s  Memory: 909.00M
--- Running XOR for layer 69/5 ---
"input" in: xor.drc:109
    Polygons (raw): 0 (flat)  0 (hierarchical)
    Elapsed: 0.000s  Memory: 909.00M
"input" in: xor.drc:109
    Polygons (raw): 0 (flat)  0 (hierarchical)
    Elapsed: 0.000s  Memory: 909.00M
"^" in: xor.drc:109
    Polygons (raw): 0 (flat)  0 (hierarchical)
    Elapsed: 0.010s  Memory: 909.00M
XOR differences: 0
"output" in: xor.drc:86
    Polygons (raw): 0 (flat)  0 (hierarchical)
    Elapsed: 0.000s  Memory: 909.00M
--- Running XOR for layer 70/16 ---
"input" in: xor.drc:109
    Polygons (raw): 35 (flat)  35 (hierarchical)
    Elapsed: 0.000s  Memory: 909.00M
"input" in: xor.drc:109
    Polygons (raw): 35 (flat)  35 (hierarchical)
    Elapsed: 0.000s  Memory: 909.00M
"^" in: xor.drc:109
    Polygons (raw): 0 (flat)  0 (hierarchical)
    Elapsed: 0.020s  Memory: 909.00M
XOR differences: 0
"output" in: xor.drc:86
    Polygons (raw): 0 (flat)  0 (hierarchical)
    Elapsed: 0.000s  Memory: 910.00M
--- Running XOR for layer 70/20 ---
"input" in: xor.drc:109
    Polygons (raw): 692 (flat)  692 (hierarchical)
    Elapsed: 0.000s  Memory: 910.00M
"input" in: xor.drc:109
    Polygons (raw): 1532 (flat)  549 (hierarchical)
    Elapsed: 0.010s  Memory: 910.00M
"^" in: xor.drc:109
    Polygons (raw): 0 (flat)  0 (hierarchical)
    Elapsed: 0.020s  Memory: 910.00M
XOR differences: 0
"output" in: xor.drc:86
    Polygons (raw): 0 (flat)  0 (hierarchical)
    Elapsed: 0.000s  Memory: 910.00M
--- Running XOR for layer 70/44 ---
"input" in: xor.drc:109
    Polygons (raw): 1860 (flat)  1860 (hierarchical)
    Elapsed: 0.000s  Memory: 910.00M
"input" in: xor.drc:109
    Polygons (raw): 1860 (flat)  4 (hierarchical)
    Elapsed: 0.000s  Memory: 910.00M
"^" in: xor.drc:109
    Polygons (raw): 0 (flat)  0 (hierarchical)
    Elapsed: 0.020s  Memory: 942.00M
XOR differences: 0
"output" in: xor.drc:86
    Polygons (raw): 0 (flat)  0 (hierarchical)
    Elapsed: 0.000s  Memory: 942.00M
--- Running XOR for layer 70/5 ---
"input" in: xor.drc:109
    Polygons (raw): 0 (flat)  0 (hierarchical)
    Elapsed: 0.000s  Memory: 942.00M
"input" in: xor.drc:109
    Polygons (raw): 0 (flat)  0 (hierarchical)
    Elapsed: 0.000s  Memory: 942.00M
"^" in: xor.drc:109
    Polygons (raw): 0 (flat)  0 (hierarchical)
    Elapsed: 0.020s  Memory: 942.00M
XOR differences: 0
"output" in: xor.drc:86
    Polygons (raw): 0 (flat)  0 (hierarchical)
    Elapsed: 0.000s  Memory: 943.00M
--- Running XOR for layer 71/16 ---
"input" in: xor.drc:109
    Polygons (raw): 6 (flat)  6 (hierarchical)
    Elapsed: 0.000s  Memory: 943.00M
"input" in: xor.drc:109
    Polygons (raw): 6 (flat)  6 (hierarchical)
    Elapsed: 0.000s  Memory: 943.00M
"^" in: xor.drc:109
    Polygons (raw): 0 (flat)  0 (hierarchical)
    Elapsed: 0.010s  Memory: 911.00M
XOR differences: 0
"output" in: xor.drc:86
    Polygons (raw): 0 (flat)  0 (hierarchical)
    Elapsed: 0.000s  Memory: 911.00M
--- Running XOR for layer 71/20 ---
"input" in: xor.drc:109
    Polygons (raw): 6 (flat)  6 (hierarchical)
    Elapsed: 0.000s  Memory: 911.00M
"input" in: xor.drc:109
    Polygons (raw): 495 (flat)  14 (hierarchical)
    Elapsed: 0.000s  Memory: 911.00M
"^" in: xor.drc:109
    Polygons (raw): 0 (flat)  0 (hierarchical)
    Elapsed: 0.020s  Memory: 911.00M
XOR differences: 0
"output" in: xor.drc:86
    Polygons (raw): 0 (flat)  0 (hierarchical)
    Elapsed: 0.000s  Memory: 911.00M
--- Running XOR for layer 71/44 ---
"input" in: xor.drc:109
    Polygons (raw): 18 (flat)  18 (hierarchical)
    Elapsed: 0.000s  Memory: 911.00M
"input" in: xor.drc:109
    Polygons (raw): 18 (flat)  1 (hierarchical)
    Elapsed: 0.000s  Memory: 911.00M
"^" in: xor.drc:109
    Polygons (raw): 0 (flat)  0 (hierarchical)
    Elapsed: 0.020s  Memory: 944.00M
XOR differences: 0
"output" in: xor.drc:86
    Polygons (raw): 0 (flat)  0 (hierarchical)
    Elapsed: 0.000s  Memory: 944.00M
--- Running XOR for layer 71/5 ---
"input" in: xor.drc:109
    Polygons (raw): 0 (flat)  0 (hierarchical)
    Elapsed: 0.000s  Memory: 944.00M
"input" in: xor.drc:109
    Polygons (raw): 0 (flat)  0 (hierarchical)
    Elapsed: 0.000s  Memory: 944.00M
"^" in: xor.drc:109
    Polygons (raw): 0 (flat)  0 (hierarchical)
    Elapsed: 0.010s  Memory: 912.00M
XOR differences: 0
"output" in: xor.drc:86
    Polygons (raw): 0 (flat)  0 (hierarchical)
    Elapsed: 0.000s  Memory: 912.00M
--- Running XOR for layer 72/16 ---
"input" in: xor.drc:109
    Polygons (raw): 6 (flat)  6 (hierarchical)
    Elapsed: 0.020s  Memory: 912.00M
"input" in: xor.drc:109
    Polygons (raw): 6 (flat)  6 (hierarchical)
    Elapsed: 0.000s  Memory: 912.00M
"^" in: xor.drc:109
    Polygons (raw): 0 (flat)  0 (hierarchical)
    Elapsed: 0.020s  Memory: 944.00M
XOR differences: 0
"output" in: xor.drc:86
    Polygons (raw): 0 (flat)  0 (hierarchical)
    Elapsed: 0.010s  Memory: 944.00M
--- Running XOR for layer 72/20 ---
"input" in: xor.drc:109
    Polygons (raw): 6 (flat)  6 (hierarchical)
    Elapsed: 0.000s  Memory: 944.00M
"input" in: xor.drc:109
    Polygons (raw): 30 (flat)  13 (hierarchical)
    Elapsed: 0.000s  Memory: 944.00M
"^" in: xor.drc:109
    Polygons (raw): 0 (flat)  0 (hierarchical)
    Elapsed: 0.010s  Memory: 912.00M
XOR differences: 0
"output" in: xor.drc:86
    Polygons (raw): 0 (flat)  0 (hierarchical)
    Elapsed: 0.000s  Memory: 912.00M
--- Running XOR for layer 72/5 ---
"input" in: xor.drc:109
    Polygons (raw): 0 (flat)  0 (hierarchical)
    Elapsed: 0.000s  Memory: 912.00M
"input" in: xor.drc:109
    Polygons (raw): 0 (flat)  0 (hierarchical)
    Elapsed: 0.000s  Memory: 912.00M
"^" in: xor.drc:109
    Polygons (raw): 0 (flat)  0 (hierarchical)
    Elapsed: 0.010s  Memory: 912.00M
XOR differences: 0
"output" in: xor.drc:86
    Polygons (raw): 0 (flat)  0 (hierarchical)
    Elapsed: 0.000s  Memory: 912.00M
--- Running XOR for layer 78/44 ---
"input" in: xor.drc:109
    Polygons (raw): 20042 (flat)  112 (hierarchical)
    Elapsed: 0.000s  Memory: 912.00M
"input" in: xor.drc:109
    Polygons (raw): 20042 (flat)  112 (hierarchical)
    Elapsed: 0.000s  Memory: 912.00M
"^" in: xor.drc:109
    Polygons (raw): 0 (flat)  0 (hierarchical)
    Elapsed: 0.160s  Memory: 912.00M
XOR differences: 0
"output" in: xor.drc:86
    Polygons (raw): 0 (flat)  0 (hierarchical)
    Elapsed: 0.000s  Memory: 912.00M
--- Running XOR for layer 81/23 ---
"input" in: xor.drc:109
    Polygons (raw): 908 (flat)  1 (hierarchical)
    Elapsed: 0.000s  Memory: 912.00M
"input" in: xor.drc:109
    Polygons (raw): 908 (flat)  1 (hierarchical)
    Elapsed: 0.000s  Memory: 912.00M
"^" in: xor.drc:109
    Polygons (raw): 0 (flat)  0 (hierarchical)
    Elapsed: 0.020s  Memory: 912.00M
XOR differences: 0
"output" in: xor.drc:86
    Polygons (raw): 0 (flat)  0 (hierarchical)
    Elapsed: 0.000s  Memory: 912.00M
--- Running XOR for layer 81/4 ---
"input" in: xor.drc:109
    Polygons (raw): 19862 (flat)  108 (hierarchical)
    Elapsed: 0.000s  Memory: 912.00M
"input" in: xor.drc:109
    Polygons (raw): 19862 (flat)  108 (hierarchical)
    Elapsed: 0.000s  Memory: 912.00M
"^" in: xor.drc:109
    Polygons (raw): 0 (flat)  0 (hierarchical)
    Elapsed: 0.150s  Memory: 912.00M
XOR differences: 0
"output" in: xor.drc:86
    Polygons (raw): 0 (flat)  0 (hierarchical)
    Elapsed: 0.010s  Memory: 912.00M
--- Running XOR for layer 83/44 ---
"input" in: xor.drc:109
    Polygons (raw): 0 (flat)  0 (hierarchical)
    Elapsed: 0.000s  Memory: 912.00M
"input" in: xor.drc:109
    Polygons (raw): 0 (flat)  0 (hierarchical)
    Elapsed: 0.000s  Memory: 912.00M
"^" in: xor.drc:109
    Polygons (raw): 0 (flat)  0 (hierarchical)
    Elapsed: 0.050s  Memory: 912.00M
XOR differences: 0
"output" in: xor.drc:86
    Polygons (raw): 0 (flat)  0 (hierarchical)
    Elapsed: 0.000s  Memory: 912.00M
--- Running XOR for layer 93/44 ---
"input" in: xor.drc:109
    Polygons (raw): 22358 (flat)  109 (hierarchical)
    Elapsed: 0.000s  Memory: 912.00M
"input" in: xor.drc:109
    Polygons (raw): 22358 (flat)  109 (hierarchical)
    Elapsed: 0.000s  Memory: 912.00M
"^" in: xor.drc:109
    Polygons (raw): 0 (flat)  0 (hierarchical)
    Elapsed: 0.190s  Memory: 912.00M
XOR differences: 0
"output" in: xor.drc:86
    Polygons (raw): 0 (flat)  0 (hierarchical)
    Elapsed: 0.020s  Memory: 912.00M
--- Running XOR for layer 94/20 ---
"input" in: xor.drc:109
    Polygons (raw): 22358 (flat)  109 (hierarchical)
    Elapsed: 0.000s  Memory: 912.00M
"input" in: xor.drc:109
    Polygons (raw): 22358 (flat)  109 (hierarchical)
    Elapsed: 0.010s  Memory: 912.00M
"^" in: xor.drc:109
    Polygons (raw): 0 (flat)  0 (hierarchical)
    Elapsed: 0.200s  Memory: 912.00M
XOR differences: 0
"output" in: xor.drc:86
    Polygons (raw): 0 (flat)  0 (hierarchical)
    Elapsed: 0.000s  Memory: 912.00M
--- Running XOR for layer 95/20 ---
"input" in: xor.drc:109
    Polygons (raw): 14053 (flat)  117 (hierarchical)
    Elapsed: 0.000s  Memory: 912.00M
"input" in: xor.drc:109
    Polygons (raw): 14053 (flat)  117 (hierarchical)
    Elapsed: 0.000s  Memory: 912.00M
"^" in: xor.drc:109
    Polygons (raw): 0 (flat)  0 (hierarchical)
    Elapsed: 0.140s  Memory: 912.00M
XOR differences: 0
"output" in: xor.drc:86
    Polygons (raw): 0 (flat)  0 (hierarchical)
    Elapsed: 0.000s  Memory: 912.00M
---
Total XOR differences: 0
Writing report database: /work/runs/RUN_2026-03-17_13-43-38/58-klayout-xor/xor.xml ..
Total elapsed: 6.920s  Memory: 912.00M
/work/runs/RUN_2026-03-17_13-43-38/54-magic-streamout/rns_top_crt.magic.gds
/work/runs/RUN_2026-03-17_13-43-38/55-klayout-streamout/rns_top_crt.klayout.gds
%OL_METRIC_I design__xor_difference__count 0
