Clock: clk
Sources: clk 
Generated: no
Virtual: yes
Propagated: no
Period: 160.000000

===========================================================================
report_clock_properties
============================================================================
Clock                   Period          Waveform
----------------------------------------------------
clk                 160.000000    0.000000 80.000000

===========================================================================
report_clock_latency
============================================================================
Clock clk
rise -> rise
    min     max
0.000000 0.000000 source latency
0.001662         network latency _3265_/CLK
        0.021924 network latency _3295_/CLK
---------------
0.001662 0.021924 latency
        0.020262 skew

fall -> fall
    min     max
0.000000 0.000000 source latency
0.001585         network latency _3265_/CLK
        0.020918 network latency _3295_/CLK
---------------
0.001585 0.020918 latency
        0.019334 skew



===========================================================================
report_clock_min_period
============================================================================
clk period_min = 12.26 fmax = 81.57
