                                                                       Cells by Function                                                                        
┏━━━━━━━━━━━━━━━━━━━━━━━━━━━━━━━━━━━━━━━━━━━━━━━━━━━━━━━━━━━━━━━━━━━━━━━━━━━━━━━━━━━━━━━━━━━━━━━━━━━━━━━━━━━━━━━━━━━━━━━━━━━━━━━━━┳━━━━━━━━━━━━━━━━━━━━━━━━━━━━┓
┃ Cell Function                                                                                                                   ┃ Count                      ┃
┡━━━━━━━━━━━━━━━━━━━━━━━━━━━━━━━━━━━━━━━━━━━━━━━━━━━━━━━━━━━━━━━━━━━━━━━━━━━━━━━━━━━━━━━━━━━━━━━━━━━━━━━━━━━━━━━━━━━━━━━━━━━━━━━━━╇━━━━━━━━━━━━━━━━━━━━━━━━━━━━┩
│ sky130_ef_sc_hd__decap                                                                                                          │ 8593                       │
│ sky130_fd_sc_hd__a211o                                                                                                          │ 8                          │
│ sky130_fd_sc_hd__a211oi                                                                                                         │ 5                          │
│ sky130_fd_sc_hd__a21bo                                                                                                          │ 30                         │
│ sky130_fd_sc_hd__a21boi                                                                                                         │ 12                         │
│ sky130_fd_sc_hd__a21o                                                                                                           │ 73                         │
│ sky130_fd_sc_hd__a21oi                                                                                                          │ 104                        │
│ sky130_fd_sc_hd__a221o                                                                                                          │ 2                          │
│ sky130_fd_sc_hd__a221oi                                                                                                         │ 1                          │
│ sky130_fd_sc_hd__a22o                                                                                                           │ 37                         │
│ sky130_fd_sc_hd__a22oi                                                                                                          │ 5                          │
│ sky130_fd_sc_hd__a2bb2o                                                                                                         │ 17                         │
│ sky130_fd_sc_hd__a311o                                                                                                          │ 7                          │
│ sky130_fd_sc_hd__a311oi                                                                                                         │ 1                          │
│ sky130_fd_sc_hd__a31o                                                                                                           │ 48                         │
│ sky130_fd_sc_hd__a31oi                                                                                                          │ 3                          │
│ sky130_fd_sc_hd__a32o                                                                                                           │ 10                         │
│ sky130_fd_sc_hd__a41o                                                                                                           │ 2                          │
│ sky130_fd_sc_hd__and2                                                                                                           │ 75                         │
│ sky130_fd_sc_hd__and2b                                                                                                          │ 21                         │
│ sky130_fd_sc_hd__and3                                                                                                           │ 62                         │
│ sky130_fd_sc_hd__and3b                                                                                                          │ 8                          │
│ sky130_fd_sc_hd__and4                                                                                                           │ 6                          │
│ sky130_fd_sc_hd__and4b                                                                                                          │ 2                          │
│ sky130_fd_sc_hd__buf                                                                                                            │ 25                         │
│ sky130_fd_sc_hd__clkbuf                                                                                                         │ 35                         │
│ sky130_fd_sc_hd__clkinv                                                                                                         │ 1                          │
│ sky130_fd_sc_hd__clkinvlp                                                                                                       │ 2                          │
│ sky130_fd_sc_hd__decap                                                                                                          │ 3307                       │
│ sky130_fd_sc_hd__dfrtp                                                                                                          │ 110                        │
│ sky130_fd_sc_hd__diode                                                                                                          │ 897                        │
│ sky130_fd_sc_hd__dlymetal6s2s                                                                                                   │ 2                          │
│ sky130_fd_sc_hd__fill                                                                                                           │ 2765                       │
│ sky130_fd_sc_hd__inv                                                                                                            │ 63                         │
│ sky130_fd_sc_hd__mux2                                                                                                           │ 108                        │
│ sky130_fd_sc_hd__nand2                                                                                                          │ 157                        │
│ sky130_fd_sc_hd__nand2b                                                                                                         │ 23                         │
│ sky130_fd_sc_hd__nand3                                                                                                          │ 20                         │
│ sky130_fd_sc_hd__nand4                                                                                                          │ 2                          │
│ sky130_fd_sc_hd__nor2                                                                                                           │ 130                        │
│ sky130_fd_sc_hd__nor3                                                                                                           │ 2                          │
│ sky130_fd_sc_hd__nor3b                                                                                                          │ 1                          │
│ sky130_fd_sc_hd__nor4                                                                                                           │ 1                          │
│ sky130_fd_sc_hd__o2111a                                                                                                         │ 1                          │
│ sky130_fd_sc_hd__o211a                                                                                                          │ 14                         │
│ sky130_fd_sc_hd__o211ai                                                                                                         │ 6                          │
│ sky130_fd_sc_hd__o21a                                                                                                           │ 51                         │
│ sky130_fd_sc_hd__o21ai                                                                                                          │ 70                         │
│ sky130_fd_sc_hd__o21ba                                                                                                          │ 25                         │
│ sky130_fd_sc_hd__o21bai                                                                                                         │ 4                          │
│ sky130_fd_sc_hd__o221a                                                                                                          │ 2                          │
│ sky130_fd_sc_hd__o22a                                                                                                           │ 10                         │
│ sky130_fd_sc_hd__o22ai                                                                                                          │ 4                          │
│ sky130_fd_sc_hd__o2bb2a                                                                                                         │ 12                         │
│ sky130_fd_sc_hd__o2bb2ai                                                                                                        │ 1                          │
│ sky130_fd_sc_hd__o311a                                                                                                          │ 1                          │
│ sky130_fd_sc_hd__o31a                                                                                                           │ 7                          │
│ sky130_fd_sc_hd__o31ai                                                                                                          │ 3                          │
│ sky130_fd_sc_hd__o32a                                                                                                           │ 2                          │
│ sky130_fd_sc_hd__or2                                                                                                            │ 110                        │
│ sky130_fd_sc_hd__or3                                                                                                            │ 37                         │
│ sky130_fd_sc_hd__or3b                                                                                                           │ 15                         │
│ sky130_fd_sc_hd__or4                                                                                                            │ 3                          │
│ sky130_fd_sc_hd__or4b                                                                                                           │ 2                          │
│ sky130_fd_sc_hd__or4bb                                                                                                          │ 1                          │
│ sky130_fd_sc_hd__tapvpwrvgnd                                                                                                    │ 2496                       │
│ sky130_fd_sc_hd__xnor2                                                                                                          │ 137                        │
│ sky130_fd_sc_hd__xor2                                                                                                           │ 48                         │
└─────────────────────────────────────────────────────────────────────────────────────────────────────────────────────────────────┴────────────────────────────┘
