
===========================================================================
report_checks -unconstrained
===========================================================================
======================= nom_ss_100C_1v60 Corner ===================================

Startpoint: _3302_ (rising edge-triggered flip-flop clocked by clk)
Endpoint: _3238_ (rising edge-triggered flip-flop clocked by clk)
Path Group: clk
Path Type: max

Fanout         Cap        Slew       Delay        Time   Description
---------------------------------------------------------------------------------------------
                                  0.000000    0.000000   clock clk (rise edge)
                                  0.000000    0.000000   clock source latency
     2    0.041922    0.000000    0.000000    0.000000 ^ clk (in)
                                                         clk (net)
                      0.002208    0.001104    0.001104 ^ clkbuf_0_clk/A (sky130_fd_sc_hd__clkbuf_16)
    17    0.166491    0.270054    0.354116    0.355220 ^ clkbuf_0_clk/X (sky130_fd_sc_hd__clkbuf_16)
                                                         clknet_0_clk (net)
                      0.270479    0.008822    0.364042 ^ clkbuf_3_0__f_clk/A (sky130_fd_sc_hd__clkbuf_16)
    25    0.091788    0.164978    0.395530    0.759572 ^ clkbuf_3_0__f_clk/X (sky130_fd_sc_hd__clkbuf_16)
                                                         clknet_3_0__leaf_clk (net)
                      0.165047    0.003171    0.762743 ^ _3302_/CLK (sky130_fd_sc_hd__dfrtp_4)
     6    0.023855    0.162251    1.106799    1.869542 v _3302_/Q (sky130_fd_sc_hd__dfrtp_4)
                                                         B_reg[12] (net)
                      0.162251    0.001262    1.870804 v _1910_/C (sky130_fd_sc_hd__and3_1)
     3    0.007362    0.107696    0.447025    2.317828 v _1910_/X (sky130_fd_sc_hd__and3_1)
                                                         _1175_ (net)
                      0.107696    0.000199    2.318028 v _2300_/A (sky130_fd_sc_hd__or4_4)
     4    0.009546    0.172647    1.093715    3.411743 v _2300_/X (sky130_fd_sc_hd__or4_4)
                                                         _1553_ (net)
                      0.172647    0.000204    3.411947 v _2304_/A1 (sky130_fd_sc_hd__a21o_1)
     3    0.008235    0.102392    0.373539    3.785486 v _2304_/X (sky130_fd_sc_hd__a21o_1)
                                                         _1557_ (net)
                      0.102392    0.000206    3.785692 v _2308_/A (sky130_fd_sc_hd__and3_1)
     2    0.005672    0.094371    0.333507    4.119198 v _2308_/X (sky130_fd_sc_hd__and3_1)
                                                         _1561_ (net)
                      0.094371    0.000151    4.119349 v _2310_/C (sky130_fd_sc_hd__or3_4)
     3    0.006641    0.126908    0.669552    4.788901 v _2310_/X (sky130_fd_sc_hd__or3_4)
                                                         _1563_ (net)
                      0.126908    0.000096    4.788997 v _2313_/A1 (sky130_fd_sc_hd__a21o_1)
     4    0.010068    0.117107    0.367602    5.156600 v _2313_/X (sky130_fd_sc_hd__a21o_1)
                                                         _1566_ (net)
                      0.117107    0.000247    5.156846 v _2319_/A (sky130_fd_sc_hd__and3_1)
     2    0.006960    0.104454    0.351061    5.507907 v _2319_/X (sky130_fd_sc_hd__and3_1)
                                                         _1572_ (net)
                      0.104454    0.000232    5.508140 v _2321_/C (sky130_fd_sc_hd__or3_4)
     3    0.007166    0.128168    0.675559    6.183699 v _2321_/X (sky130_fd_sc_hd__or3_4)
                                                         _1574_ (net)
                      0.128168    0.000115    6.183813 v _2326_/A1 (sky130_fd_sc_hd__a21o_1)
     4    0.010264    0.118681    0.369631    6.553445 v _2326_/X (sky130_fd_sc_hd__a21o_1)
                                                         _1579_ (net)
                      0.118681    0.000247    6.553692 v _2328_/A (sky130_fd_sc_hd__and3_1)
     2    0.006887    0.103866    0.351218    6.904910 v _2328_/X (sky130_fd_sc_hd__and3_1)
                                                         _1581_ (net)
                      0.103866    0.000199    6.905109 v _2330_/A (sky130_fd_sc_hd__or3_4)
     3    0.007023    0.127885    0.776919    7.682029 v _2330_/X (sky130_fd_sc_hd__or3_4)
                                                         _1583_ (net)
                      0.127885    0.000192    7.682220 v _2334_/A1 (sky130_fd_sc_hd__a21o_1)
     4    0.010796    0.123233    0.373523    8.055743 v _2334_/X (sky130_fd_sc_hd__a21o_1)
                                                         _1587_ (net)
                      0.123233    0.000276    8.056019 v _2338_/A (sky130_fd_sc_hd__and3_1)
     2    0.006183    0.098329    0.347637    8.403656 v _2338_/X (sky130_fd_sc_hd__and3_1)
                                                         _1591_ (net)
                      0.098329    0.000183    8.403839 v _2345_/C (sky130_fd_sc_hd__or3_4)
     3    0.008505    0.131530    0.680070    9.083909 v _2345_/X (sky130_fd_sc_hd__or3_4)
                                                         _1598_ (net)
                      0.131530    0.000193    9.084102 v _2347_/A1 (sky130_fd_sc_hd__a21o_1)
     4    0.010220    0.118364    0.370763    9.454865 v _2347_/X (sky130_fd_sc_hd__a21o_1)
                                                         _1600_ (net)
                      0.118364    0.000267    9.455132 v _2348_/A2 (sky130_fd_sc_hd__a21oi_1)
     3    0.012600    0.465702    0.474563    9.929695 ^ _2348_/Y (sky130_fd_sc_hd__a21oi_1)
                                                         _1601_ (net)
                      0.465702    0.000389    9.930083 ^ _2349_/B (sky130_fd_sc_hd__xnor2_1)
     3    0.016387    0.630518    0.479605   10.409689 ^ _2349_/Y (sky130_fd_sc_hd__xnor2_1)
                                                         _1602_ (net)
                      0.630518    0.000385   10.410074 ^ _2355_/A2 (sky130_fd_sc_hd__a21o_1)
     4    0.008810    0.140628    0.467652   10.877726 ^ _2355_/X (sky130_fd_sc_hd__a21o_1)
                                                         _0109_ (net)
                      0.140628    0.000203   10.877929 ^ _2360_/A1 (sky130_fd_sc_hd__a21oi_1)
     3    0.012241    0.226474    0.257597   11.135526 v _2360_/Y (sky130_fd_sc_hd__a21oi_1)
                                                         _0114_ (net)
                      0.226474    0.000330   11.135856 v _2364_/B (sky130_fd_sc_hd__or3_4)
     3    0.007401    0.128759    0.792352   11.928208 v _2364_/X (sky130_fd_sc_hd__or3_4)
                                                         _0118_ (net)
                      0.128759    0.000203   11.928411 v _2366_/A1 (sky130_fd_sc_hd__a21o_1)
     4    0.009839    0.115264    0.366626   12.295037 v _2366_/X (sky130_fd_sc_hd__a21o_1)
                                                         _0120_ (net)
                      0.115264    0.000339   12.295377 v _2369_/A1 (sky130_fd_sc_hd__a21oi_1)
     3    0.014084    0.512230    0.484478   12.779855 ^ _2369_/Y (sky130_fd_sc_hd__a21oi_1)
                                                         _0123_ (net)
                      0.512230    0.000348   12.780203 ^ _2373_/B (sky130_fd_sc_hd__xnor2_1)
     4    0.012126    0.489594    0.449669   13.229872 ^ _2373_/Y (sky130_fd_sc_hd__xnor2_1)
                                                         _0127_ (net)
                      0.489594    0.000206   13.230078 ^ _2378_/A2 (sky130_fd_sc_hd__a21o_1)
     4    0.011374    0.171705    0.445112   13.675189 ^ _2378_/X (sky130_fd_sc_hd__a21o_1)
                                                         _0132_ (net)
                      0.171705    0.000363   13.675552 ^ _2382_/A2 (sky130_fd_sc_hd__a21oi_1)
     3    0.012260    0.227098    0.278643   13.954196 v _2382_/Y (sky130_fd_sc_hd__a21oi_1)
                                                         _0136_ (net)
                      0.227098    0.000273   13.954468 v _2385_/B (sky130_fd_sc_hd__or3_4)
     3    0.008340    0.131052    0.797214   14.751682 v _2385_/X (sky130_fd_sc_hd__or3_4)
                                                         _0139_ (net)
                      0.131052    0.000192   14.751874 v _2387_/A1 (sky130_fd_sc_hd__a21o_1)
     4    0.012684    0.138663    0.389254   15.141128 v _2387_/X (sky130_fd_sc_hd__a21o_1)
                                                         _0141_ (net)
                      0.138663    0.000218   15.141346 v _2390_/A (sky130_fd_sc_hd__and3_1)
     3    0.010634    0.135307    0.391328   15.532674 v _2390_/X (sky130_fd_sc_hd__and3_1)
                                                         _0144_ (net)
                      0.135307    0.000238   15.532912 v _2392_/C (sky130_fd_sc_hd__or3_4)
     3    0.006732    0.126973    0.683908   16.216820 v _2392_/X (sky130_fd_sc_hd__or3_4)
                                                         _0146_ (net)
                      0.126973    0.000147   16.216969 v _2397_/A1 (sky130_fd_sc_hd__a21o_1)
     4    0.010285    0.118836    0.369310   16.586277 v _2397_/X (sky130_fd_sc_hd__a21o_1)
                                                         _0151_ (net)
                      0.118836    0.000203   16.586481 v _2406_/A (sky130_fd_sc_hd__and3_1)
     2    0.006248    0.098819    0.346082   16.932562 v _2406_/X (sky130_fd_sc_hd__and3_1)
                                                         _0160_ (net)
                      0.098819    0.000149   16.932713 v _2408_/C (sky130_fd_sc_hd__or3_4)
     3    0.008728    0.132078    0.681322   17.614033 v _2408_/X (sky130_fd_sc_hd__or3_4)
                                                         _0162_ (net)
                      0.132078    0.000195   17.614229 v _2410_/A1 (sky130_fd_sc_hd__a21o_1)
     3    0.007265    0.094759    0.348598   17.962826 v _2410_/X (sky130_fd_sc_hd__a21o_1)
                                                         _0164_ (net)
                      0.094759    0.000179   17.963005 v _2413_/A (sky130_fd_sc_hd__and3_1)
     2    0.006163    0.098151    0.333875   18.296881 v _2413_/X (sky130_fd_sc_hd__and3_1)
                                                         _0167_ (net)
                      0.098151    0.000137   18.297018 v _2415_/C (sky130_fd_sc_hd__or3_4)
     3    0.006469    0.126161    0.669679   18.966698 v _2415_/X (sky130_fd_sc_hd__or3_4)
                                                         _0169_ (net)
                      0.126161    0.000139   18.966835 v _2420_/A1 (sky130_fd_sc_hd__a21o_1)
     3    0.008775    0.106657    0.357497   19.324333 v _2420_/X (sky130_fd_sc_hd__a21o_1)
                                                         _0174_ (net)
                      0.106657    0.000167   19.324499 v _2428_/A1 (sky130_fd_sc_hd__a21bo_1)
     1    0.004415    0.075808    0.335675   19.660175 v _2428_/X (sky130_fd_sc_hd__a21bo_1)
                                                         _0180_ (net)
                      0.075808    0.000085   19.660259 v _2429_/B (sky130_fd_sc_hd__xor2_1)
     1    0.002597    0.120278    0.261860   19.922119 v _2429_/X (sky130_fd_sc_hd__xor2_1)
                                                         _0181_ (net)
                      0.120278    0.000053   19.922173 v _2430_/A1 (sky130_fd_sc_hd__mux2_4)
     1    0.002184    0.076377    0.481792   20.403965 v _2430_/X (sky130_fd_sc_hd__mux2_4)
                                                         _0025_ (net)
                      0.076377    0.000043   20.404009 v _3238_/D (sky130_fd_sc_hd__dfrtp_4)
                                             20.404009   data arrival time

                                 10.250000   10.250000   clock clk (rise edge)
                                  0.000000   10.250000   clock source latency
     2    0.041922    0.000000    0.000000   10.250000 ^ clk (in)
                                                         clk (net)
                      0.002208    0.001104   10.251104 ^ clkbuf_0_clk/A (sky130_fd_sc_hd__clkbuf_16)
    17    0.166491    0.270054    0.354116   10.605220 ^ clkbuf_0_clk/X (sky130_fd_sc_hd__clkbuf_16)
                                                         clknet_0_clk (net)
                      0.270414    0.008137   10.613357 ^ clkbuf_3_3__f_clk/A (sky130_fd_sc_hd__clkbuf_16)
    35    0.097925    0.173535    0.402201   11.015557 ^ clkbuf_3_3__f_clk/X (sky130_fd_sc_hd__clkbuf_16)
                                                         clknet_3_3__leaf_clk (net)
                      0.173559    0.002125   11.017682 ^ _3238_/CLK (sky130_fd_sc_hd__dfrtp_4)
                                 -0.100000   10.917683   clock uncertainty
                                  0.000000   10.917683   clock reconvergence pessimism
                                 -0.249910   10.667772   library setup time
                                             10.667772   data required time
---------------------------------------------------------------------------------------------
                                             10.667772   data required time
                                            -20.404009   data arrival time
---------------------------------------------------------------------------------------------
                                             -9.736236   slack (VIOLATED)




===========================================================================
report_checks --slack_max -0.01
============================================================================
======================= nom_ss_100C_1v60 Corner ===================================

Startpoint: _3302_ (rising edge-triggered flip-flop clocked by clk)
Endpoint: _3238_ (rising edge-triggered flip-flop clocked by clk)
Path Group: clk
Path Type: max

Fanout         Cap        Slew       Delay        Time   Description
---------------------------------------------------------------------------------------------
                                  0.000000    0.000000   clock clk (rise edge)
                                  0.000000    0.000000   clock source latency
     2    0.041922    0.000000    0.000000    0.000000 ^ clk (in)
                                                         clk (net)
                      0.002208    0.001104    0.001104 ^ clkbuf_0_clk/A (sky130_fd_sc_hd__clkbuf_16)
    17    0.166491    0.270054    0.354116    0.355220 ^ clkbuf_0_clk/X (sky130_fd_sc_hd__clkbuf_16)
                                                         clknet_0_clk (net)
                      0.270479    0.008822    0.364042 ^ clkbuf_3_0__f_clk/A (sky130_fd_sc_hd__clkbuf_16)
    25    0.091788    0.164978    0.395530    0.759572 ^ clkbuf_3_0__f_clk/X (sky130_fd_sc_hd__clkbuf_16)
                                                         clknet_3_0__leaf_clk (net)
                      0.165047    0.003171    0.762743 ^ _3302_/CLK (sky130_fd_sc_hd__dfrtp_4)
     6    0.023855    0.162251    1.106799    1.869542 v _3302_/Q (sky130_fd_sc_hd__dfrtp_4)
                                                         B_reg[12] (net)
                      0.162251    0.001262    1.870804 v _1910_/C (sky130_fd_sc_hd__and3_1)
     3    0.007362    0.107696    0.447025    2.317828 v _1910_/X (sky130_fd_sc_hd__and3_1)
                                                         _1175_ (net)
                      0.107696    0.000199    2.318028 v _2300_/A (sky130_fd_sc_hd__or4_4)
     4    0.009546    0.172647    1.093715    3.411743 v _2300_/X (sky130_fd_sc_hd__or4_4)
                                                         _1553_ (net)
                      0.172647    0.000204    3.411947 v _2304_/A1 (sky130_fd_sc_hd__a21o_1)
     3    0.008235    0.102392    0.373539    3.785486 v _2304_/X (sky130_fd_sc_hd__a21o_1)
                                                         _1557_ (net)
                      0.102392    0.000206    3.785692 v _2308_/A (sky130_fd_sc_hd__and3_1)
     2    0.005672    0.094371    0.333507    4.119198 v _2308_/X (sky130_fd_sc_hd__and3_1)
                                                         _1561_ (net)
                      0.094371    0.000151    4.119349 v _2310_/C (sky130_fd_sc_hd__or3_4)
     3    0.006641    0.126908    0.669552    4.788901 v _2310_/X (sky130_fd_sc_hd__or3_4)
                                                         _1563_ (net)
                      0.126908    0.000096    4.788997 v _2313_/A1 (sky130_fd_sc_hd__a21o_1)
     4    0.010068    0.117107    0.367602    5.156600 v _2313_/X (sky130_fd_sc_hd__a21o_1)
                                                         _1566_ (net)
                      0.117107    0.000247    5.156846 v _2319_/A (sky130_fd_sc_hd__and3_1)
     2    0.006960    0.104454    0.351061    5.507907 v _2319_/X (sky130_fd_sc_hd__and3_1)
                                                         _1572_ (net)
                      0.104454    0.000232    5.508140 v _2321_/C (sky130_fd_sc_hd__or3_4)
     3    0.007166    0.128168    0.675559    6.183699 v _2321_/X (sky130_fd_sc_hd__or3_4)
                                                         _1574_ (net)
                      0.128168    0.000115    6.183813 v _2326_/A1 (sky130_fd_sc_hd__a21o_1)
     4    0.010264    0.118681    0.369631    6.553445 v _2326_/X (sky130_fd_sc_hd__a21o_1)
                                                         _1579_ (net)
                      0.118681    0.000247    6.553692 v _2328_/A (sky130_fd_sc_hd__and3_1)
     2    0.006887    0.103866    0.351218    6.904910 v _2328_/X (sky130_fd_sc_hd__and3_1)
                                                         _1581_ (net)
                      0.103866    0.000199    6.905109 v _2330_/A (sky130_fd_sc_hd__or3_4)
     3    0.007023    0.127885    0.776919    7.682029 v _2330_/X (sky130_fd_sc_hd__or3_4)
                                                         _1583_ (net)
                      0.127885    0.000192    7.682220 v _2334_/A1 (sky130_fd_sc_hd__a21o_1)
     4    0.010796    0.123233    0.373523    8.055743 v _2334_/X (sky130_fd_sc_hd__a21o_1)
                                                         _1587_ (net)
                      0.123233    0.000276    8.056019 v _2338_/A (sky130_fd_sc_hd__and3_1)
     2    0.006183    0.098329    0.347637    8.403656 v _2338_/X (sky130_fd_sc_hd__and3_1)
                                                         _1591_ (net)
                      0.098329    0.000183    8.403839 v _2345_/C (sky130_fd_sc_hd__or3_4)
     3    0.008505    0.131530    0.680070    9.083909 v _2345_/X (sky130_fd_sc_hd__or3_4)
                                                         _1598_ (net)
                      0.131530    0.000193    9.084102 v _2347_/A1 (sky130_fd_sc_hd__a21o_1)
     4    0.010220    0.118364    0.370763    9.454865 v _2347_/X (sky130_fd_sc_hd__a21o_1)
                                                         _1600_ (net)
                      0.118364    0.000267    9.455132 v _2348_/A2 (sky130_fd_sc_hd__a21oi_1)
     3    0.012600    0.465702    0.474563    9.929695 ^ _2348_/Y (sky130_fd_sc_hd__a21oi_1)
                                                         _1601_ (net)
                      0.465702    0.000389    9.930083 ^ _2349_/B (sky130_fd_sc_hd__xnor2_1)
     3    0.016387    0.630518    0.479605   10.409689 ^ _2349_/Y (sky130_fd_sc_hd__xnor2_1)
                                                         _1602_ (net)
                      0.630518    0.000385   10.410074 ^ _2355_/A2 (sky130_fd_sc_hd__a21o_1)
     4    0.008810    0.140628    0.467652   10.877726 ^ _2355_/X (sky130_fd_sc_hd__a21o_1)
                                                         _0109_ (net)
                      0.140628    0.000203   10.877929 ^ _2360_/A1 (sky130_fd_sc_hd__a21oi_1)
     3    0.012241    0.226474    0.257597   11.135526 v _2360_/Y (sky130_fd_sc_hd__a21oi_1)
                                                         _0114_ (net)
                      0.226474    0.000330   11.135856 v _2364_/B (sky130_fd_sc_hd__or3_4)
     3    0.007401    0.128759    0.792352   11.928208 v _2364_/X (sky130_fd_sc_hd__or3_4)
                                                         _0118_ (net)
                      0.128759    0.000203   11.928411 v _2366_/A1 (sky130_fd_sc_hd__a21o_1)
     4    0.009839    0.115264    0.366626   12.295037 v _2366_/X (sky130_fd_sc_hd__a21o_1)
                                                         _0120_ (net)
                      0.115264    0.000339   12.295377 v _2369_/A1 (sky130_fd_sc_hd__a21oi_1)
     3    0.014084    0.512230    0.484478   12.779855 ^ _2369_/Y (sky130_fd_sc_hd__a21oi_1)
                                                         _0123_ (net)
                      0.512230    0.000348   12.780203 ^ _2373_/B (sky130_fd_sc_hd__xnor2_1)
     4    0.012126    0.489594    0.449669   13.229872 ^ _2373_/Y (sky130_fd_sc_hd__xnor2_1)
                                                         _0127_ (net)
                      0.489594    0.000206   13.230078 ^ _2378_/A2 (sky130_fd_sc_hd__a21o_1)
     4    0.011374    0.171705    0.445112   13.675189 ^ _2378_/X (sky130_fd_sc_hd__a21o_1)
                                                         _0132_ (net)
                      0.171705    0.000363   13.675552 ^ _2382_/A2 (sky130_fd_sc_hd__a21oi_1)
     3    0.012260    0.227098    0.278643   13.954196 v _2382_/Y (sky130_fd_sc_hd__a21oi_1)
                                                         _0136_ (net)
                      0.227098    0.000273   13.954468 v _2385_/B (sky130_fd_sc_hd__or3_4)
     3    0.008340    0.131052    0.797214   14.751682 v _2385_/X (sky130_fd_sc_hd__or3_4)
                                                         _0139_ (net)
                      0.131052    0.000192   14.751874 v _2387_/A1 (sky130_fd_sc_hd__a21o_1)
     4    0.012684    0.138663    0.389254   15.141128 v _2387_/X (sky130_fd_sc_hd__a21o_1)
                                                         _0141_ (net)
                      0.138663    0.000218   15.141346 v _2390_/A (sky130_fd_sc_hd__and3_1)
     3    0.010634    0.135307    0.391328   15.532674 v _2390_/X (sky130_fd_sc_hd__and3_1)
                                                         _0144_ (net)
                      0.135307    0.000238   15.532912 v _2392_/C (sky130_fd_sc_hd__or3_4)
     3    0.006732    0.126973    0.683908   16.216820 v _2392_/X (sky130_fd_sc_hd__or3_4)
                                                         _0146_ (net)
                      0.126973    0.000147   16.216969 v _2397_/A1 (sky130_fd_sc_hd__a21o_1)
     4    0.010285    0.118836    0.369310   16.586277 v _2397_/X (sky130_fd_sc_hd__a21o_1)
                                                         _0151_ (net)
                      0.118836    0.000203   16.586481 v _2406_/A (sky130_fd_sc_hd__and3_1)
     2    0.006248    0.098819    0.346082   16.932562 v _2406_/X (sky130_fd_sc_hd__and3_1)
                                                         _0160_ (net)
                      0.098819    0.000149   16.932713 v _2408_/C (sky130_fd_sc_hd__or3_4)
     3    0.008728    0.132078    0.681322   17.614033 v _2408_/X (sky130_fd_sc_hd__or3_4)
                                                         _0162_ (net)
                      0.132078    0.000195   17.614229 v _2410_/A1 (sky130_fd_sc_hd__a21o_1)
     3    0.007265    0.094759    0.348598   17.962826 v _2410_/X (sky130_fd_sc_hd__a21o_1)
                                                         _0164_ (net)
                      0.094759    0.000179   17.963005 v _2413_/A (sky130_fd_sc_hd__and3_1)
     2    0.006163    0.098151    0.333875   18.296881 v _2413_/X (sky130_fd_sc_hd__and3_1)
                                                         _0167_ (net)
                      0.098151    0.000137   18.297018 v _2415_/C (sky130_fd_sc_hd__or3_4)
     3    0.006469    0.126161    0.669679   18.966698 v _2415_/X (sky130_fd_sc_hd__or3_4)
                                                         _0169_ (net)
                      0.126161    0.000139   18.966835 v _2420_/A1 (sky130_fd_sc_hd__a21o_1)
     3    0.008775    0.106657    0.357497   19.324333 v _2420_/X (sky130_fd_sc_hd__a21o_1)
                                                         _0174_ (net)
                      0.106657    0.000167   19.324499 v _2428_/A1 (sky130_fd_sc_hd__a21bo_1)
     1    0.004415    0.075808    0.335675   19.660175 v _2428_/X (sky130_fd_sc_hd__a21bo_1)
                                                         _0180_ (net)
                      0.075808    0.000085   19.660259 v _2429_/B (sky130_fd_sc_hd__xor2_1)
     1    0.002597    0.120278    0.261860   19.922119 v _2429_/X (sky130_fd_sc_hd__xor2_1)
                                                         _0181_ (net)
                      0.120278    0.000053   19.922173 v _2430_/A1 (sky130_fd_sc_hd__mux2_4)
     1    0.002184    0.076377    0.481792   20.403965 v _2430_/X (sky130_fd_sc_hd__mux2_4)
                                                         _0025_ (net)
                      0.076377    0.000043   20.404009 v _3238_/D (sky130_fd_sc_hd__dfrtp_4)
                                             20.404009   data arrival time

                                 10.250000   10.250000   clock clk (rise edge)
                                  0.000000   10.250000   clock source latency
     2    0.041922    0.000000    0.000000   10.250000 ^ clk (in)
                                                         clk (net)
                      0.002208    0.001104   10.251104 ^ clkbuf_0_clk/A (sky130_fd_sc_hd__clkbuf_16)
    17    0.166491    0.270054    0.354116   10.605220 ^ clkbuf_0_clk/X (sky130_fd_sc_hd__clkbuf_16)
                                                         clknet_0_clk (net)
                      0.270414    0.008137   10.613357 ^ clkbuf_3_3__f_clk/A (sky130_fd_sc_hd__clkbuf_16)
    35    0.097925    0.173535    0.402201   11.015557 ^ clkbuf_3_3__f_clk/X (sky130_fd_sc_hd__clkbuf_16)
                                                         clknet_3_3__leaf_clk (net)
                      0.173559    0.002125   11.017682 ^ _3238_/CLK (sky130_fd_sc_hd__dfrtp_4)
                                 -0.100000   10.917683   clock uncertainty
                                  0.000000   10.917683   clock reconvergence pessimism
                                 -0.249910   10.667772   library setup time
                                             10.667772   data required time
---------------------------------------------------------------------------------------------
                                             10.667772   data required time
                                            -20.404009   data arrival time
---------------------------------------------------------------------------------------------
                                             -9.736236   slack (VIOLATED)




===========================================================================
 report_check_types -max_slew -max_cap -max_fanout -violators
============================================================================
======================= nom_ss_100C_1v60 Corner ===================================



===========================================================================
report_parasitic_annotation -report_unannotated
============================================================================
Found 7 unannotated drivers.
 clkload0/Y
 clkload1/Y
 clkload2/Y
 clkload3/Y
 clkload4/Y
 clkload5/Y
 clkload6/Y
Found 0 partially unannotated drivers.

===========================================================================
max slew violation count 0
max fanout violation count 0
max cap violation count 0
============================================================================

===========================================================================
check_setup -verbose -unconstrained_endpoints -multiple_clock -no_clock -no_input_delay -loops -generated_clocks
===========================================================================
Warning: There are 36 input ports missing set_input_delay.
  A_in[0]
  A_in[10]
  A_in[11]
  A_in[12]
  A_in[13]
  A_in[14]
  A_in[15]
  A_in[1]
  A_in[2]
  A_in[3]
  A_in[4]
  A_in[5]
  A_in[6]
  A_in[7]
  A_in[8]
  A_in[9]
  B_in[0]
  B_in[10]
  B_in[11]
  B_in[12]
  B_in[13]
  B_in[14]
  B_in[15]
  B_in[1]
  B_in[2]
  B_in[3]
  B_in[4]
  B_in[5]
  B_in[6]
  B_in[7]
  B_in[8]
  B_in[9]
  Op_Sel[0]
  Op_Sel[1]
  Start
  rst_n
Warning: There are 17 unconstrained endpoints.
  Done
  X_out[0]
  X_out[10]
  X_out[11]
  X_out[12]
  X_out[13]
  X_out[14]
  X_out[15]
  X_out[1]
  X_out[2]
  X_out[3]
  X_out[4]
  X_out[5]
  X_out[6]
  X_out[7]
  X_out[8]
  X_out[9]
