
===========================================================================
report_checks -unconstrained
===========================================================================
======================= max_tt_025C_1v80 Corner ===================================

Startpoint: _3302_ (rising edge-triggered flip-flop clocked by clk)
Endpoint: _3237_ (rising edge-triggered flip-flop clocked by clk)
Path Group: clk
Path Type: max

Fanout         Cap        Slew       Delay        Time   Description
---------------------------------------------------------------------------------------------
                                  0.000000    0.000000   clock clk (rise edge)
                                  0.000000    0.000000   clock source latency
     2    0.043239    0.000000    0.000000    0.000000 ^ clk (in)
                                                         clk (net)
                      0.003233    0.001617    0.001617 ^ clkbuf_0_clk/A (sky130_fd_sc_hd__clkbuf_16)
    17    0.172365    0.184506    0.214417    0.216034 ^ clkbuf_0_clk/X (sky130_fd_sc_hd__clkbuf_16)
                                                         clknet_0_clk (net)
                      0.185964    0.013177    0.229210 ^ clkbuf_3_0__f_clk/A (sky130_fd_sc_hd__clkbuf_16)
    25    0.093667    0.111103    0.226940    0.456150 ^ clkbuf_3_0__f_clk/X (sky130_fd_sc_hd__clkbuf_16)
                                                         clknet_3_0__leaf_clk (net)
                      0.111852    0.007305    0.463455 ^ _3302_/CLK (sky130_fd_sc_hd__dfrtp_4)
    15    0.051432    0.125481    0.574870    1.038326 v _3302_/Q (sky130_fd_sc_hd__dfrtp_4)
                                                         B_reg[12] (net)
                      0.125750    0.005067    1.043393 v _1910_/C (sky130_fd_sc_hd__and3_1)
     3    0.006069    0.050911    0.226866    1.270259 v _1910_/X (sky130_fd_sc_hd__and3_1)
                                                         _1175_ (net)
                      0.050911    0.000202    1.270461 v _2300_/B (sky130_fd_sc_hd__or4_1)
     4    0.009935    0.127752    0.560801    1.831261 v _2300_/X (sky130_fd_sc_hd__or4_1)
                                                         _1553_ (net)
                      0.127753    0.000561    1.831823 v _2304_/A2 (sky130_fd_sc_hd__a21o_1)
     3    0.007715    0.054458    0.227155    2.058978 v _2304_/X (sky130_fd_sc_hd__a21o_1)
                                                         _1557_ (net)
                      0.054460    0.000404    2.059382 v _2308_/C (sky130_fd_sc_hd__and3_1)
     2    0.005469    0.048207    0.191323    2.250705 v _2308_/X (sky130_fd_sc_hd__and3_1)
                                                         _1561_ (net)
                      0.048209    0.000322    2.251027 v _2310_/C (sky130_fd_sc_hd__or3_1)
     3    0.008278    0.096208    0.345219    2.596246 v _2310_/X (sky130_fd_sc_hd__or3_1)
                                                         _1563_ (net)
                      0.096208    0.000486    2.596732 v _2313_/A1 (sky130_fd_sc_hd__a21o_1)
     4    0.011665    0.069202    0.209595    2.806326 v _2313_/X (sky130_fd_sc_hd__a21o_1)
                                                         _1566_ (net)
                      0.069206    0.000579    2.806905 v _2319_/B (sky130_fd_sc_hd__and3_1)
     2    0.005904    0.050166    0.184800    2.991705 v _2319_/X (sky130_fd_sc_hd__and3_1)
                                                         _1572_ (net)
                      0.050166    0.000286    2.991992 v _2321_/C (sky130_fd_sc_hd__or3_1)
     3    0.008990    0.098791    0.351078    3.343069 v _2321_/X (sky130_fd_sc_hd__or3_1)
                                                         _1574_ (net)
                      0.098793    0.000579    3.343648 v _2326_/A1 (sky130_fd_sc_hd__a21o_1)
     4    0.011345    0.067976    0.209373    3.553021 v _2326_/X (sky130_fd_sc_hd__a21o_1)
                                                         _1579_ (net)
                      0.067988    0.000915    3.553936 v _2328_/C (sky130_fd_sc_hd__and3_1)
     2    0.005075    0.046483    0.195579    3.749515 v _2328_/X (sky130_fd_sc_hd__and3_1)
                                                         _1581_ (net)
                      0.046484    0.000303    3.749818 v _2330_/C (sky130_fd_sc_hd__or3_2)
     4    0.014485    0.113753    0.466013    4.215831 v _2330_/X (sky130_fd_sc_hd__or3_2)
                                                         _1583_ (net)
                      0.113753    0.001158    4.216989 v _2334_/A1 (sky130_fd_sc_hd__a21o_1)
     5    0.015969    0.086953    0.231775    4.448764 v _2334_/X (sky130_fd_sc_hd__a21o_1)
                                                         _1587_ (net)
                      0.086978    0.001414    4.450178 v _2338_/B (sky130_fd_sc_hd__and3_1)
     2    0.006854    0.054540    0.197449    4.647627 v _2338_/X (sky130_fd_sc_hd__and3_1)
                                                         _1591_ (net)
                      0.054542    0.000374    4.648001 v _2345_/C (sky130_fd_sc_hd__or3_1)
     3    0.008387    0.096527    0.347699    4.995699 v _2345_/X (sky130_fd_sc_hd__or3_1)
                                                         _1598_ (net)
                      0.096527    0.000321    4.996020 v _2347_/A1 (sky130_fd_sc_hd__a21o_1)
     4    0.011862    0.070055    0.210315    5.206335 v _2347_/X (sky130_fd_sc_hd__a21o_1)
                                                         _1600_ (net)
                      0.070066    0.000894    5.207229 v _2350_/C (sky130_fd_sc_hd__and3_1)
     2    0.006922    0.054820    0.205465    5.412694 v _2350_/X (sky130_fd_sc_hd__and3_1)
                                                         _1603_ (net)
                      0.054823    0.000441    5.413135 v _2352_/C (sky130_fd_sc_hd__or3_1)
     3    0.009356    0.100786    0.354679    5.767814 v _2352_/X (sky130_fd_sc_hd__or3_1)
                                                         _0106_ (net)
                      0.100788    0.000589    5.768403 v _2355_/A2 (sky130_fd_sc_hd__a21o_1)
     4    0.010995    0.066537    0.230300    5.998703 v _2355_/X (sky130_fd_sc_hd__a21o_1)
                                                         _0109_ (net)
                      0.066547    0.000811    5.999514 v _2362_/B (sky130_fd_sc_hd__and3_1)
     2    0.006710    0.053866    0.187473    6.186986 v _2362_/X (sky130_fd_sc_hd__and3_1)
                                                         _0116_ (net)
                      0.053870    0.000492    6.187479 v _2364_/C (sky130_fd_sc_hd__or3_1)
     3    0.007868    0.094244    0.343366    6.530845 v _2364_/X (sky130_fd_sc_hd__or3_1)
                                                         _0118_ (net)
                      0.094245    0.000523    6.531368 v _2366_/A2 (sky130_fd_sc_hd__a21o_1)
     4    0.011431    0.068237    0.229388    6.760756 v _2366_/X (sky130_fd_sc_hd__a21o_1)
                                                         _0120_ (net)
                      0.068242    0.000615    6.761371 v _2370_/B (sky130_fd_sc_hd__and3_1)
     2    0.005930    0.050252    0.184566    6.945937 v _2370_/X (sky130_fd_sc_hd__and3_1)
                                                         _0124_ (net)
                      0.050253    0.000303    6.946240 v _2372_/C (sky130_fd_sc_hd__or3_1)
     3    0.009185    0.099966    0.352652    7.298892 v _2372_/X (sky130_fd_sc_hd__or3_1)
                                                         _0126_ (net)
                      0.099966    0.000307    7.299199 v _2378_/A1 (sky130_fd_sc_hd__a21o_1)
     4    0.010650    0.065122    0.207637    7.506836 v _2378_/X (sky130_fd_sc_hd__a21o_1)
                                                         _0132_ (net)
                      0.065122    0.000314    7.507150 v _2383_/C (sky130_fd_sc_hd__and3_1)
     2    0.007271    0.056447    0.204903    7.712052 v _2383_/X (sky130_fd_sc_hd__and3_1)
                                                         _0137_ (net)
                      0.056449    0.000414    7.712466 v _2385_/C (sky130_fd_sc_hd__or3_1)
     3    0.007802    0.093838    0.343713    8.056179 v _2385_/X (sky130_fd_sc_hd__or3_1)
                                                         _0139_ (net)
                      0.093840    0.000584    8.056764 v _2387_/A1 (sky130_fd_sc_hd__a21o_1)
     4    0.012773    0.073651    0.212614    8.269378 v _2387_/X (sky130_fd_sc_hd__a21o_1)
                                                         _0141_ (net)
                      0.073651    0.000393    8.269770 v _2390_/B (sky130_fd_sc_hd__and3_1)
     3    0.010534    0.069137    0.207389    8.477159 v _2390_/X (sky130_fd_sc_hd__and3_1)
                                                         _0144_ (net)
                      0.069143    0.000709    8.477867 v _2392_/C (sky130_fd_sc_hd__or3_1)
     3    0.007000    0.088705    0.341929    8.819797 v _2392_/X (sky130_fd_sc_hd__or3_1)
                                                         _0146_ (net)
                      0.088705    0.000420    8.820217 v _2397_/A1 (sky130_fd_sc_hd__a21o_1)
     4    0.011387    0.068055    0.205555    9.025771 v _2397_/X (sky130_fd_sc_hd__a21o_1)
                                                         _0151_ (net)
                      0.068057    0.000529    9.026300 v _2406_/B (sky130_fd_sc_hd__and3_1)
     2    0.005976    0.050479    0.184653    9.210954 v _2406_/X (sky130_fd_sc_hd__and3_1)
                                                         _0160_ (net)
                      0.050480    0.000338    9.211291 v _2408_/C (sky130_fd_sc_hd__or3_1)
     3    0.008265    0.096196    0.345669    9.556961 v _2408_/X (sky130_fd_sc_hd__or3_1)
                                                         _0162_ (net)
                      0.096196    0.000387    9.557348 v _2410_/A2 (sky130_fd_sc_hd__a21o_1)
     3    0.007346    0.052740    0.213165    9.770514 v _2410_/X (sky130_fd_sc_hd__a21o_1)
                                                         _0164_ (net)
                      0.052742    0.000393    9.770907 v _2413_/C (sky130_fd_sc_hd__and3_1)
     2    0.005041    0.046317    0.188487    9.959394 v _2413_/X (sky130_fd_sc_hd__and3_1)
                                                         _0167_ (net)
                      0.046318    0.000253    9.959647 v _2415_/C (sky130_fd_sc_hd__or3_1)
     3    0.007118    0.089324    0.336010   10.295658 v _2415_/X (sky130_fd_sc_hd__or3_1)
                                                         _0169_ (net)
                      0.089324    0.000386   10.296044 v _2420_/A1 (sky130_fd_sc_hd__a21o_1)
     4    0.012674    0.073278    0.210330   10.506373 v _2420_/X (sky130_fd_sc_hd__a21o_1)
                                                         _0174_ (net)
                      0.073282    0.000644   10.507018 v _2423_/A1 (sky130_fd_sc_hd__a21o_1)
     2    0.008796    0.058634    0.189217   10.696235 v _2423_/X (sky130_fd_sc_hd__a21o_1)
                                                         _0177_ (net)
                      0.058640    0.000623   10.696857 v _2426_/B (sky130_fd_sc_hd__xnor2_1)
     1    0.003193    0.056329    0.125228   10.822084 v _2426_/Y (sky130_fd_sc_hd__xnor2_1)
                                                         _0179_ (net)
                      0.056329    0.000127   10.822212 v _2427_/A1 (sky130_fd_sc_hd__mux2_1)
     1    0.002996    0.056255    0.292533   11.114745 v _2427_/X (sky130_fd_sc_hd__mux2_1)
                                                         _0024_ (net)
                      0.056255    0.000194   11.114939 v _3237_/D (sky130_fd_sc_hd__dfrtp_4)
                                             11.114939   data arrival time

                                 40.000000   40.000000   clock clk (rise edge)
                                  0.000000   40.000000   clock source latency
     2    0.043239    0.000000    0.000000   40.000000 ^ clk (in)
                                                         clk (net)
                      0.003233    0.001616   40.001617 ^ clkbuf_0_clk/A (sky130_fd_sc_hd__clkbuf_16)
    17    0.172365    0.184506    0.214417   40.216034 ^ clkbuf_0_clk/X (sky130_fd_sc_hd__clkbuf_16)
                                                         clknet_0_clk (net)
                      0.185940    0.013070   40.229103 ^ clkbuf_3_3__f_clk/A (sky130_fd_sc_hd__clkbuf_16)
    35    0.099164    0.116402    0.230454   40.459560 ^ clkbuf_3_3__f_clk/X (sky130_fd_sc_hd__clkbuf_16)
                                                         clknet_3_3__leaf_clk (net)
                      0.116812    0.005610   40.465168 ^ _3237_/CLK (sky130_fd_sc_hd__dfrtp_4)
                                 -0.100000   40.365170   clock uncertainty
                                  0.000000   40.365170   clock reconvergence pessimism
                                 -0.102732   40.262440   library setup time
                                             40.262440   data required time
---------------------------------------------------------------------------------------------
                                             40.262440   data required time
                                            -11.114939   data arrival time
---------------------------------------------------------------------------------------------
                                             29.147501   slack (MET)




===========================================================================
report_checks --slack_max -0.01
============================================================================
======================= max_tt_025C_1v80 Corner ===================================

No paths found.


===========================================================================
 report_check_types -max_slew -max_cap -max_fanout -violators
============================================================================
======================= max_tt_025C_1v80 Corner ===================================



===========================================================================
report_parasitic_annotation -report_unannotated
============================================================================
Found 7 unannotated drivers.
 clkload0/Y
 clkload1/Y
 clkload2/Y
 clkload3/Y
 clkload4/Y
 clkload5/Y
 clkload6/X
Found 0 partially unannotated drivers.

===========================================================================
max slew violation count 0
max fanout violation count 0
max cap violation count 0
============================================================================

===========================================================================
check_setup -verbose -unconstrained_endpoints -multiple_clock -no_clock -no_input_delay -loops -generated_clocks
===========================================================================
Warning: There are 36 input ports missing set_input_delay.
  A_in[0]
  A_in[10]
  A_in[11]
  A_in[12]
  A_in[13]
  A_in[14]
  A_in[15]
  A_in[1]
  A_in[2]
  A_in[3]
  A_in[4]
  A_in[5]
  A_in[6]
  A_in[7]
  A_in[8]
  A_in[9]
  B_in[0]
  B_in[10]
  B_in[11]
  B_in[12]
  B_in[13]
  B_in[14]
  B_in[15]
  B_in[1]
  B_in[2]
  B_in[3]
  B_in[4]
  B_in[5]
  B_in[6]
  B_in[7]
  B_in[8]
  B_in[9]
  Op_Sel[0]
  Op_Sel[1]
  Start
  rst_n
Warning: There are 17 unconstrained endpoints.
  Done
  X_out[0]
  X_out[10]
  X_out[11]
  X_out[12]
  X_out[13]
  X_out[14]
  X_out[15]
  X_out[1]
  X_out[2]
  X_out[3]
  X_out[4]
  X_out[5]
  X_out[6]
  X_out[7]
  X_out[8]
  X_out[9]
