
===========================================================================
report_checks -unconstrained
===========================================================================
======================= min_ss_100C_1v60 Corner ===================================

Startpoint: _3302_ (rising edge-triggered flip-flop clocked by clk)
Endpoint: _3238_ (rising edge-triggered flip-flop clocked by clk)
Path Group: clk
Path Type: max

Fanout         Cap        Slew       Delay        Time   Description
---------------------------------------------------------------------------------------------
                                  0.000000    0.000000   clock clk (rise edge)
                                  0.000000    0.000000   clock source latency
     2    0.041474    0.000000    0.000000    0.000000 ^ clk (in)
                                                         clk (net)
                      0.001595    0.000798    0.000798 ^ clkbuf_0_clk/A (sky130_fd_sc_hd__clkbuf_16)
    17    0.157727    0.257365    0.346422    0.347220 ^ clkbuf_0_clk/X (sky130_fd_sc_hd__clkbuf_16)
                                                         clknet_0_clk (net)
                      0.257601    0.005064    0.352284 ^ clkbuf_3_0__f_clk/A (sky130_fd_sc_hd__clkbuf_16)
    25    0.089401    0.161757    0.388265    0.740548 ^ clkbuf_3_0__f_clk/X (sky130_fd_sc_hd__clkbuf_16)
                                                         clknet_3_0__leaf_clk (net)
                      0.161792    0.002390    0.742938 ^ _3302_/CLK (sky130_fd_sc_hd__dfrtp_4)
    15    0.048180    0.214297    1.171106    1.914044 v _3302_/Q (sky130_fd_sc_hd__dfrtp_4)
                                                         B_reg[12] (net)
                      0.214304    0.001559    1.915602 v _1910_/C (sky130_fd_sc_hd__and3_1)
     3    0.005646    0.094154    0.458392    2.373994 v _1910_/X (sky130_fd_sc_hd__and3_1)
                                                         _1175_ (net)
                      0.094154    0.000031    2.374025 v _2300_/B (sky130_fd_sc_hd__or4_1)
     4    0.009493    0.264179    1.301131    3.675156 v _2300_/X (sky130_fd_sc_hd__or4_1)
                                                         _1553_ (net)
                      0.264179    0.000068    3.675223 v _2304_/A2 (sky130_fd_sc_hd__a21o_1)
     3    0.007454    0.096364    0.433730    4.108953 v _2304_/X (sky130_fd_sc_hd__a21o_1)
                                                         _1557_ (net)
                      0.096364    0.000069    4.109022 v _2308_/C (sky130_fd_sc_hd__and3_1)
     2    0.004970    0.089101    0.394063    4.503086 v _2308_/X (sky130_fd_sc_hd__and3_1)
                                                         _1561_ (net)
                      0.089101    0.000048    4.503134 v _2310_/C (sky130_fd_sc_hd__or3_1)
     3    0.007695    0.185691    0.796014    5.299148 v _2310_/X (sky130_fd_sc_hd__or3_1)
                                                         _1563_ (net)
                      0.185691    0.000083    5.299232 v _2313_/A1 (sky130_fd_sc_hd__a21o_1)
     4    0.010475    0.120340    0.396298    5.695529 v _2313_/X (sky130_fd_sc_hd__a21o_1)
                                                         _1566_ (net)
                      0.120340    0.000073    5.695602 v _2319_/B (sky130_fd_sc_hd__and3_1)
     2    0.005425    0.092508    0.381270    6.076872 v _2319_/X (sky130_fd_sc_hd__and3_1)
                                                         _1572_ (net)
                      0.092508    0.000035    6.076908 v _2321_/C (sky130_fd_sc_hd__or3_1)
     3    0.008371    0.192654    0.806341    6.883248 v _2321_/X (sky130_fd_sc_hd__or3_1)
                                                         _1574_ (net)
                      0.192654    0.000138    6.883386 v _2326_/A1 (sky130_fd_sc_hd__a21o_1)
     4    0.010893    0.123787    0.402447    7.285833 v _2326_/X (sky130_fd_sc_hd__a21o_1)
                                                         _1579_ (net)
                      0.123787    0.000140    7.285974 v _2328_/C (sky130_fd_sc_hd__and3_1)
     2    0.004643    0.086802    0.404917    7.690890 v _2328_/X (sky130_fd_sc_hd__and3_1)
                                                         _1581_ (net)
                      0.086802    0.000044    7.690933 v _2330_/C (sky130_fd_sc_hd__or3_2)
     4    0.013854    0.229507    1.092608    8.783542 v _2330_/X (sky130_fd_sc_hd__or3_2)
                                                         _1583_ (net)
                      0.229507    0.000231    8.783772 v _2334_/A1 (sky130_fd_sc_hd__a21o_1)
     5    0.015547    0.156056    0.451131    9.234903 v _2334_/X (sky130_fd_sc_hd__a21o_1)
                                                         _1587_ (net)
                      0.156056    0.000147    9.235049 v _2338_/B (sky130_fd_sc_hd__and3_1)
     2    0.007026    0.104963    0.412437    9.647487 v _2338_/X (sky130_fd_sc_hd__and3_1)
                                                         _1591_ (net)
                      0.104963    0.000109    9.647596 v _2345_/C (sky130_fd_sc_hd__or3_1)
     3    0.008002    0.195033    0.805770   10.453365 v _2345_/X (sky130_fd_sc_hd__or3_1)
                                                         _1598_ (net)
                      0.195033    0.000060   10.453425 v _2347_/A1 (sky130_fd_sc_hd__a21o_1)
     4    0.010998    0.124659    0.404289   10.857714 v _2347_/X (sky130_fd_sc_hd__a21o_1)
                                                         _1600_ (net)
                      0.124659    0.000145   10.857859 v _2350_/C (sky130_fd_sc_hd__and3_1)
     2    0.006454    0.100411    0.420685   11.278543 v _2350_/X (sky130_fd_sc_hd__and3_1)
                                                         _1603_ (net)
                      0.100411    0.000089   11.278632 v _2352_/C (sky130_fd_sc_hd__or3_1)
     3    0.008904    0.198736    0.816340   12.094973 v _2352_/X (sky130_fd_sc_hd__or3_1)
                                                         _0106_ (net)
                      0.198736    0.000110   12.095082 v _2355_/A2 (sky130_fd_sc_hd__a21o_1)
     4    0.010088    0.117198    0.428489   12.523572 v _2355_/X (sky130_fd_sc_hd__a21o_1)
                                                         _0109_ (net)
                      0.117198    0.000120   12.523692 v _2362_/B (sky130_fd_sc_hd__and3_1)
     2    0.005575    0.093655    0.380979   12.904671 v _2362_/X (sky130_fd_sc_hd__and3_1)
                                                         _0116_ (net)
                      0.093655    0.000067   12.904737 v _2364_/C (sky130_fd_sc_hd__or3_1)
     3    0.007121    0.180167    0.789818   13.694555 v _2364_/X (sky130_fd_sc_hd__or3_1)
                                                         _0118_ (net)
                      0.180167    0.000093   13.694649 v _2366_/A2 (sky130_fd_sc_hd__a21o_1)
     4    0.011268    0.126870    0.429784   14.124433 v _2366_/X (sky130_fd_sc_hd__a21o_1)
                                                         _0120_ (net)
                      0.126870    0.000139   14.124572 v _2370_/B (sky130_fd_sc_hd__and3_1)
     2    0.005500    0.093080    0.385146   14.509718 v _2370_/X (sky130_fd_sc_hd__and3_1)
                                                         _0124_ (net)
                      0.093080    0.000057   14.509775 v _2372_/C (sky130_fd_sc_hd__or3_1)
     3    0.008879    0.204356    0.813499   15.323274 v _2372_/X (sky130_fd_sc_hd__or3_1)
                                                         _0126_ (net)
                      0.204356    0.000050   15.323323 v _2378_/A1 (sky130_fd_sc_hd__a21o_1)
     4    0.010254    0.118526    0.402707   15.726030 v _2378_/X (sky130_fd_sc_hd__a21o_1)
                                                         _0132_ (net)
                      0.118526    0.000071   15.726102 v _2383_/C (sky130_fd_sc_hd__and3_1)
     2    0.006776    0.102949    0.420371   16.146473 v _2383_/X (sky130_fd_sc_hd__and3_1)
                                                         _0137_ (net)
                      0.102949    0.000085   16.146559 v _2385_/C (sky130_fd_sc_hd__or3_1)
     3    0.007959    0.195109    0.804480   16.951038 v _2385_/X (sky130_fd_sc_hd__or3_1)
                                                         _0139_ (net)
                      0.195109    0.000069   16.951107 v _2387_/A1 (sky130_fd_sc_hd__a21o_1)
     4    0.012160    0.134246    0.413170   17.364277 v _2387_/X (sky130_fd_sc_hd__a21o_1)
                                                         _0141_ (net)
                      0.134246    0.000071   17.364349 v _2390_/B (sky130_fd_sc_hd__and3_1)
     3    0.009834    0.128378    0.425226   17.789576 v _2390_/X (sky130_fd_sc_hd__and3_1)
                                                         _0144_ (net)
                      0.128378    0.000146   17.789721 v _2392_/C (sky130_fd_sc_hd__or3_1)
     3    0.006538    0.180985    0.794127   18.583847 v _2392_/X (sky130_fd_sc_hd__or3_1)
                                                         _0146_ (net)
                      0.180985    0.000057   18.583904 v _2397_/A1 (sky130_fd_sc_hd__a21o_1)
     4    0.010820    0.123162    0.396872   18.980776 v _2397_/X (sky130_fd_sc_hd__a21o_1)
                                                         _0151_ (net)
                      0.123162    0.000073   18.980850 v _2406_/B (sky130_fd_sc_hd__and3_1)
     2    0.005479    0.092915    0.383128   19.363977 v _2406_/X (sky130_fd_sc_hd__and3_1)
                                                         _0160_ (net)
                      0.092915    0.000057   19.364035 v _2408_/C (sky130_fd_sc_hd__or3_1)
     3    0.008040    0.195873    0.802068   20.166101 v _2408_/X (sky130_fd_sc_hd__or3_1)
                                                         _0162_ (net)
                      0.195873    0.000053   20.166155 v _2410_/A2 (sky130_fd_sc_hd__a21o_1)
     3    0.006871    0.091652    0.402482   20.568638 v _2410_/X (sky130_fd_sc_hd__a21o_1)
                                                         _0164_ (net)
                      0.091652    0.000075   20.568712 v _2413_/C (sky130_fd_sc_hd__and3_1)
     2    0.004846    0.088216    0.390676   20.959387 v _2413_/X (sky130_fd_sc_hd__and3_1)
                                                         _0167_ (net)
                      0.088216    0.000037   20.959425 v _2415_/C (sky130_fd_sc_hd__or3_1)
     3    0.006648    0.182345    0.781549   21.740974 v _2415_/X (sky130_fd_sc_hd__or3_1)
                                                         _0169_ (net)
                      0.182345    0.000066   21.741039 v _2420_/A1 (sky130_fd_sc_hd__a21o_1)
     4    0.011325    0.127316    0.401295   22.142334 v _2420_/X (sky130_fd_sc_hd__a21o_1)
                                                         _0174_ (net)
                      0.127316    0.000039   22.142374 v _2428_/A1 (sky130_fd_sc_hd__a21bo_1)
     1    0.004365    0.078136    0.343928   22.486301 v _2428_/X (sky130_fd_sc_hd__a21bo_1)
                                                         _0180_ (net)
                      0.078136    0.000018   22.486319 v _2429_/B (sky130_fd_sc_hd__xor2_1)
     1    0.002305    0.119453    0.259551   22.745871 v _2429_/X (sky130_fd_sc_hd__xor2_1)
                                                         _0181_ (net)
                      0.119453    0.000014   22.745884 v _2430_/A1 (sky130_fd_sc_hd__mux2_1)
     1    0.002208    0.106924    0.658442   23.404325 v _2430_/X (sky130_fd_sc_hd__mux2_1)
                                                         _0025_ (net)
                      0.106924    0.000011   23.404337 v _3238_/D (sky130_fd_sc_hd__dfrtp_4)
                                             23.404337   data arrival time

                                 60.000000   60.000000   clock clk (rise edge)
                                  0.000000   60.000000   clock source latency
     2    0.041474    0.000000    0.000000   60.000000 ^ clk (in)
                                                         clk (net)
                      0.001595    0.000796   60.000793 ^ clkbuf_0_clk/A (sky130_fd_sc_hd__clkbuf_16)
    17    0.157727    0.257365    0.346425   60.347221 ^ clkbuf_0_clk/X (sky130_fd_sc_hd__clkbuf_16)
                                                         clknet_0_clk (net)
                      0.257589    0.004860   60.352081 ^ clkbuf_3_3__f_clk/A (sky130_fd_sc_hd__clkbuf_16)
    35    0.093914    0.168024    0.393349   60.745430 ^ clkbuf_3_3__f_clk/X (sky130_fd_sc_hd__clkbuf_16)
                                                         clknet_3_3__leaf_clk (net)
                      0.168031    0.001329   60.746758 ^ _3238_/CLK (sky130_fd_sc_hd__dfrtp_4)
                                 -0.100000   60.646755   clock uncertainty
                                  0.000000   60.646755   clock reconvergence pessimism
                                 -0.264096   60.382664   library setup time
                                             60.382664   data required time
---------------------------------------------------------------------------------------------
                                             60.382664   data required time
                                            -23.404337   data arrival time
---------------------------------------------------------------------------------------------
                                             36.978325   slack (MET)




===========================================================================
report_checks --slack_max -0.01
============================================================================
======================= min_ss_100C_1v60 Corner ===================================

No paths found.


===========================================================================
 report_check_types -max_slew -max_cap -max_fanout -violators
============================================================================
======================= min_ss_100C_1v60 Corner ===================================



===========================================================================
report_parasitic_annotation -report_unannotated
============================================================================
Found 7 unannotated drivers.
 clkload0/Y
 clkload1/Y
 clkload2/Y
 clkload3/Y
 clkload4/Y
 clkload5/Y
 clkload6/Y
Found 0 partially unannotated drivers.

===========================================================================
max slew violation count 0
max fanout violation count 0
max cap violation count 0
============================================================================

===========================================================================
check_setup -verbose -unconstrained_endpoints -multiple_clock -no_clock -no_input_delay -loops -generated_clocks
===========================================================================
Warning: There are 36 input ports missing set_input_delay.
  A_in[0]
  A_in[10]
  A_in[11]
  A_in[12]
  A_in[13]
  A_in[14]
  A_in[15]
  A_in[1]
  A_in[2]
  A_in[3]
  A_in[4]
  A_in[5]
  A_in[6]
  A_in[7]
  A_in[8]
  A_in[9]
  B_in[0]
  B_in[10]
  B_in[11]
  B_in[12]
  B_in[13]
  B_in[14]
  B_in[15]
  B_in[1]
  B_in[2]
  B_in[3]
  B_in[4]
  B_in[5]
  B_in[6]
  B_in[7]
  B_in[8]
  B_in[9]
  Op_Sel[0]
  Op_Sel[1]
  Start
  rst_n
Warning: There are 17 unconstrained endpoints.
  Done
  X_out[0]
  X_out[10]
  X_out[11]
  X_out[12]
  X_out[13]
  X_out[14]
  X_out[15]
  X_out[1]
  X_out[2]
  X_out[3]
  X_out[4]
  X_out[5]
  X_out[6]
  X_out[7]
  X_out[8]
  X_out[9]
