
===========================================================================
report_checks -unconstrained
===========================================================================
======================= nom_ss_100C_1v60 Corner ===================================

Startpoint: _3302_ (rising edge-triggered flip-flop clocked by clk)
Endpoint: _3238_ (rising edge-triggered flip-flop clocked by clk)
Path Group: clk
Path Type: max

Fanout         Cap        Slew       Delay        Time   Description
---------------------------------------------------------------------------------------------
                                  0.000000    0.000000   clock clk (rise edge)
                                  0.000000    0.000000   clock source latency
     2    0.039156    0.000000    0.000000    0.000000 ^ clk (in)
                                                         clk (net)
                      0.002167    0.001084    0.001084 ^ clkbuf_0_clk/A (sky130_fd_sc_hd__clkbuf_16)
    17    0.166506    0.270051    0.354457    0.355540 ^ clkbuf_0_clk/X (sky130_fd_sc_hd__clkbuf_16)
                                                         clknet_0_clk (net)
                      0.270399    0.007996    0.363537 ^ clkbuf_3_0__f_clk/A (sky130_fd_sc_hd__clkbuf_16)
    25    0.096891    0.172083    0.400999    0.764536 ^ clkbuf_3_0__f_clk/X (sky130_fd_sc_hd__clkbuf_16)
                                                         clknet_3_0__leaf_clk (net)
                      0.172191    0.003961    0.768496 ^ _3302_/CLK (sky130_fd_sc_hd__dfrtp_4)
    15    0.049722    0.218184    1.179350    1.947847 v _3302_/Q (sky130_fd_sc_hd__dfrtp_4)
                                                         B_reg[12] (net)
                      0.218222    0.002892    1.950739 v _1910_/C (sky130_fd_sc_hd__and3_1)
     3    0.005919    0.096294    0.462629    2.413368 v _1910_/X (sky130_fd_sc_hd__and3_1)
                                                         _1175_ (net)
                      0.096294    0.000094    2.413463 v _2300_/B (sky130_fd_sc_hd__or4_1)
     4    0.009549    0.257774    1.302640    3.716103 v _2300_/X (sky130_fd_sc_hd__or4_1)
                                                         _1553_ (net)
                      0.257774    0.000204    3.716307 v _2304_/A2 (sky130_fd_sc_hd__a21o_1)
     3    0.007608    0.097557    0.432481    4.148788 v _2304_/X (sky130_fd_sc_hd__a21o_1)
                                                         _1557_ (net)
                      0.097557    0.000169    4.148957 v _2308_/C (sky130_fd_sc_hd__and3_1)
     2    0.005410    0.092378    0.398354    4.547311 v _2308_/X (sky130_fd_sc_hd__and3_1)
                                                         _1561_ (net)
                      0.092378    0.000134    4.547445 v _2310_/C (sky130_fd_sc_hd__or3_1)
     3    0.006303    0.172084    0.778281    5.325726 v _2310_/X (sky130_fd_sc_hd__or3_1)
                                                         _1563_ (net)
                      0.172084    0.000139    5.325864 v _2313_/A1 (sky130_fd_sc_hd__a21o_1)
     4    0.010914    0.124006    0.393618    5.719483 v _2313_/X (sky130_fd_sc_hd__a21o_1)
                                                         _1566_ (net)
                      0.124006    0.000261    5.719744 v _2319_/B (sky130_fd_sc_hd__and3_1)
     2    0.006022    0.097063    0.388077    6.107821 v _2319_/X (sky130_fd_sc_hd__and3_1)
                                                         _1572_ (net)
                      0.097063    0.000169    6.107989 v _2321_/C (sky130_fd_sc_hd__or3_1)
     3    0.007113    0.179681    0.790894    6.898883 v _2321_/X (sky130_fd_sc_hd__or3_1)
                                                         _1574_ (net)
                      0.179681    0.000119    6.899002 v _2326_/A1 (sky130_fd_sc_hd__a21o_1)
     4    0.009844    0.115261    0.388797    7.287799 v _2326_/X (sky130_fd_sc_hd__a21o_1)
                                                         _1579_ (net)
                      0.115261    0.000213    7.288012 v _2328_/C (sky130_fd_sc_hd__and3_1)
     2    0.005298    0.091512    0.406201    7.694212 v _2328_/X (sky130_fd_sc_hd__and3_1)
                                                         _1581_ (net)
                      0.091557    0.000137    7.694349 v _2330_/C (sky130_fd_sc_hd__or3_2)
     4    0.014647    0.234895    1.102042    8.796391 v _2330_/X (sky130_fd_sc_hd__or3_2)
                                                         _1583_ (net)
                      0.234895    0.000333    8.796724 v _2334_/A1 (sky130_fd_sc_hd__a21o_1)
     5    0.016074    0.160200    0.456396    9.253120 v _2334_/X (sky130_fd_sc_hd__a21o_1)
                                                         _1587_ (net)
                      0.160200    0.000338    9.253458 v _2338_/B (sky130_fd_sc_hd__and3_1)
     2    0.005560    0.093498    0.402127    9.655585 v _2338_/X (sky130_fd_sc_hd__and3_1)
                                                         _1591_ (net)
                      0.093498    0.000154    9.655739 v _2345_/C (sky130_fd_sc_hd__or3_1)
     3    0.008593    0.194861    0.809671   10.465409 v _2345_/X (sky130_fd_sc_hd__or3_1)
                                                         _1598_ (net)
                      0.194861    0.000192   10.465601 v _2347_/A1 (sky130_fd_sc_hd__a21o_1)
     4    0.010872    0.123710    0.403163   10.868764 v _2347_/X (sky130_fd_sc_hd__a21o_1)
                                                         _1600_ (net)
                      0.123710    0.000295   10.869059 v _2350_/C (sky130_fd_sc_hd__and3_1)
     2    0.005812    0.095448    0.414751   11.283810 v _2350_/X (sky130_fd_sc_hd__and3_1)
                                                         _1603_ (net)
                      0.095448    0.000134   11.283944 v _2352_/C (sky130_fd_sc_hd__or3_1)
     3    0.009793    0.208500    0.826534   12.110477 v _2352_/X (sky130_fd_sc_hd__or3_1)
                                                         _0106_ (net)
                      0.208500    0.000266   12.110744 v _2355_/A2 (sky130_fd_sc_hd__a21o_1)
     4    0.011189    0.126313    0.440918   12.551662 v _2355_/X (sky130_fd_sc_hd__a21o_1)
                                                         _0109_ (net)
                      0.126313    0.000370   12.552032 v _2362_/B (sky130_fd_sc_hd__and3_1)
     2    0.006656    0.102041    0.394524   12.946557 v _2362_/X (sky130_fd_sc_hd__and3_1)
                                                         _0116_ (net)
                      0.102041    0.000204   12.946761 v _2364_/C (sky130_fd_sc_hd__or3_1)
     3    0.007588    0.184913    0.799036   13.745797 v _2364_/X (sky130_fd_sc_hd__or3_1)
                                                         _0118_ (net)
                      0.184913    0.000219   13.746017 v _2366_/A2 (sky130_fd_sc_hd__a21o_1)
     4    0.010150    0.117780    0.423051   14.169067 v _2366_/X (sky130_fd_sc_hd__a21o_1)
                                                         _0120_ (net)
                      0.117780    0.000296   14.169363 v _2370_/B (sky130_fd_sc_hd__and3_1)
     2    0.006122    0.097831    0.385838   14.555201 v _2370_/X (sky130_fd_sc_hd__and3_1)
                                                         _0124_ (net)
                      0.097831    0.000161   14.555362 v _2372_/C (sky130_fd_sc_hd__or3_1)
     3    0.009149    0.201244    0.818718   15.374080 v _2372_/X (sky130_fd_sc_hd__or3_1)
                                                         _0126_ (net)
                      0.201244    0.000213   15.374292 v _2378_/A1 (sky130_fd_sc_hd__a21o_1)
     4    0.010445    0.120161    0.402736   15.777028 v _2378_/X (sky130_fd_sc_hd__a21o_1)
                                                         _0132_ (net)
                      0.120161    0.000172   15.777201 v _2383_/C (sky130_fd_sc_hd__and3_1)
     2    0.007101    0.105599    0.423851   16.201052 v _2383_/X (sky130_fd_sc_hd__and3_1)
                                                         _0137_ (net)
                      0.105599    0.000258   16.201309 v _2385_/C (sky130_fd_sc_hd__or3_1)
     3    0.008231    0.191373    0.809020   17.010330 v _2385_/X (sky130_fd_sc_hd__or3_1)
                                                         _0139_ (net)
                      0.191373    0.000181   17.010511 v _2387_/A1 (sky130_fd_sc_hd__a21o_1)
     4    0.012866    0.139995    0.416822   17.427334 v _2387_/X (sky130_fd_sc_hd__a21o_1)
                                                         _0141_ (net)
                      0.139995    0.000217   17.427549 v _2390_/B (sky130_fd_sc_hd__and3_1)
     3    0.009842    0.128459    0.428113   17.855661 v _2390_/X (sky130_fd_sc_hd__and3_1)
                                                         _0144_ (net)
                      0.128459    0.000165   17.855827 v _2392_/C (sky130_fd_sc_hd__or3_1)
     3    0.006886    0.177813    0.798803   18.654631 v _2392_/X (sky130_fd_sc_hd__or3_1)
                                                         _0146_ (net)
                      0.177813    0.000142   18.654772 v _2397_/A1 (sky130_fd_sc_hd__a21o_1)
     4    0.011081    0.125406    0.397312   19.052084 v _2397_/X (sky130_fd_sc_hd__a21o_1)
                                                         _0151_ (net)
                      0.125406    0.000323   19.052408 v _2406_/B (sky130_fd_sc_hd__and3_1)
     2    0.005531    0.093303    0.384642   19.437050 v _2406_/X (sky130_fd_sc_hd__and3_1)
                                                         _0160_ (net)
                      0.093303    0.000085   19.437136 v _2408_/C (sky130_fd_sc_hd__or3_1)
     3    0.008126    0.190238    0.803297   20.240433 v _2408_/X (sky130_fd_sc_hd__or3_1)
                                                         _0162_ (net)
                      0.190238    0.000155   20.240587 v _2410_/A2 (sky130_fd_sc_hd__a21o_1)
     3    0.007250    0.094613    0.402986   20.643572 v _2410_/X (sky130_fd_sc_hd__a21o_1)
                                                         _0164_ (net)
                      0.094613    0.000174   20.643747 v _2413_/C (sky130_fd_sc_hd__and3_1)
     2    0.005365    0.092038    0.396515   21.040262 v _2413_/X (sky130_fd_sc_hd__and3_1)
                                                         _0167_ (net)
                      0.092038    0.000083   21.040344 v _2415_/C (sky130_fd_sc_hd__or3_1)
     3    0.007255    0.181759    0.791033   21.831379 v _2415_/X (sky130_fd_sc_hd__or3_1)
                                                         _0169_ (net)
                      0.181759    0.000181   21.831560 v _2420_/A1 (sky130_fd_sc_hd__a21o_1)
     4    0.011893    0.132106    0.405212   22.236771 v _2420_/X (sky130_fd_sc_hd__a21o_1)
                                                         _0174_ (net)
                      0.132106    0.000218   22.236990 v _2428_/A1 (sky130_fd_sc_hd__a21bo_1)
     1    0.004375    0.075443    0.346008   22.582998 v _2428_/X (sky130_fd_sc_hd__a21bo_1)
                                                         _0180_ (net)
                      0.075443    0.000085   22.583082 v _2429_/B (sky130_fd_sc_hd__xor2_1)
     1    0.002413    0.120971    0.259808   22.842892 v _2429_/X (sky130_fd_sc_hd__xor2_1)
                                                         _0181_ (net)
                      0.120971    0.000050   22.842941 v _2430_/A1 (sky130_fd_sc_hd__mux2_1)
     1    0.002268    0.105249    0.660087   23.503027 v _2430_/X (sky130_fd_sc_hd__mux2_1)
                                                         _0025_ (net)
                      0.105249    0.000043   23.503071 v _3238_/D (sky130_fd_sc_hd__dfrtp_4)
                                             23.503071   data arrival time

                                100.000000  100.000000   clock clk (rise edge)
                                  0.000000  100.000000   clock source latency
     2    0.039156    0.000000    0.000000  100.000000 ^ clk (in)
                                                         clk (net)
                      0.002167    0.001087  100.001083 ^ clkbuf_0_clk/A (sky130_fd_sc_hd__clkbuf_16)
    17    0.166506    0.270051    0.354454  100.355537 ^ clkbuf_0_clk/X (sky130_fd_sc_hd__clkbuf_16)
                                                         clknet_0_clk (net)
                      0.270362    0.007567  100.363106 ^ clkbuf_3_3__f_clk/A (sky130_fd_sc_hd__clkbuf_16)
    35    0.097781    0.173337    0.401919  100.765022 ^ clkbuf_3_3__f_clk/X (sky130_fd_sc_hd__clkbuf_16)
                                                         clknet_3_3__leaf_clk (net)
                      0.173380    0.002672  100.767693 ^ _3238_/CLK (sky130_fd_sc_hd__dfrtp_4)
                                 -0.100000  100.667694   clock uncertainty
                                  0.000000  100.667694   clock reconvergence pessimism
                                 -0.261976  100.405716   library setup time
                                            100.405716   data required time
---------------------------------------------------------------------------------------------
                                            100.405716   data required time
                                            -23.503071   data arrival time
---------------------------------------------------------------------------------------------
                                             76.902649   slack (MET)




===========================================================================
report_checks --slack_max -0.01
============================================================================
======================= nom_ss_100C_1v60 Corner ===================================

No paths found.


===========================================================================
 report_check_types -max_slew -max_cap -max_fanout -violators
============================================================================
======================= nom_ss_100C_1v60 Corner ===================================



===========================================================================
report_parasitic_annotation -report_unannotated
============================================================================
Found 7 unannotated drivers.
 clkload0/Y
 clkload1/Y
 clkload2/Y
 clkload3/Y
 clkload4/Y
 clkload5/Y
 clkload6/Y
Found 0 partially unannotated drivers.

===========================================================================
max slew violation count 0
max fanout violation count 0
max cap violation count 0
============================================================================

===========================================================================
check_setup -verbose -unconstrained_endpoints -multiple_clock -no_clock -no_input_delay -loops -generated_clocks
===========================================================================
Warning: There are 36 input ports missing set_input_delay.
  A_in[0]
  A_in[10]
  A_in[11]
  A_in[12]
  A_in[13]
  A_in[14]
  A_in[15]
  A_in[1]
  A_in[2]
  A_in[3]
  A_in[4]
  A_in[5]
  A_in[6]
  A_in[7]
  A_in[8]
  A_in[9]
  B_in[0]
  B_in[10]
  B_in[11]
  B_in[12]
  B_in[13]
  B_in[14]
  B_in[15]
  B_in[1]
  B_in[2]
  B_in[3]
  B_in[4]
  B_in[5]
  B_in[6]
  B_in[7]
  B_in[8]
  B_in[9]
  Op_Sel[0]
  Op_Sel[1]
  Start
  rst_n
Warning: There are 17 unconstrained endpoints.
  Done
  X_out[0]
  X_out[10]
  X_out[11]
  X_out[12]
  X_out[13]
  X_out[14]
  X_out[15]
  X_out[1]
  X_out[2]
  X_out[3]
  X_out[4]
  X_out[5]
  X_out[6]
  X_out[7]
  X_out[8]
  X_out[9]
