
===========================================================================
report_checks -unconstrained
===========================================================================
======================= min_ss_100C_1v60 Corner ===================================

Startpoint: _3302_ (rising edge-triggered flip-flop clocked by clk)
Endpoint: _3238_ (rising edge-triggered flip-flop clocked by clk)
Path Group: clk
Path Type: max

Fanout         Cap        Slew       Delay        Time   Description
---------------------------------------------------------------------------------------------
                                  0.000000    0.000000   clock clk (rise edge)
                                  0.000000    0.000000   clock source latency
     2    0.038919    0.000000    0.000000    0.000000 ^ clk (in)
                                                         clk (net)
                      0.001597    0.000799    0.000799 ^ clkbuf_0_clk/A (sky130_fd_sc_hd__clkbuf_16)
    17    0.156881    0.256163    0.345541    0.346339 ^ clkbuf_0_clk/X (sky130_fd_sc_hd__clkbuf_16)
                                                         clknet_0_clk (net)
                      0.256392    0.004946    0.351285 ^ clkbuf_3_0__f_clk/A (sky130_fd_sc_hd__clkbuf_16)
    25    0.089199    0.161463    0.387544    0.738829 ^ clkbuf_3_0__f_clk/X (sky130_fd_sc_hd__clkbuf_16)
                                                         clknet_3_0__leaf_clk (net)
                      0.161498    0.002380    0.741210 ^ _3302_/CLK (sky130_fd_sc_hd__dfrtp_4)
    15    0.049591    0.217526    1.174739    1.915949 v _3302_/Q (sky130_fd_sc_hd__dfrtp_4)
                                                         B_reg[12] (net)
                      0.217533    0.001539    1.917488 v _1910_/C (sky130_fd_sc_hd__and3_1)
     3    0.005727    0.094767    0.460686    2.378174 v _1910_/X (sky130_fd_sc_hd__and3_1)
                                                         _1175_ (net)
                      0.094767    0.000034    2.378208 v _2300_/B (sky130_fd_sc_hd__or4_1)
     4    0.009346    0.262473    1.298883    3.677092 v _2300_/X (sky130_fd_sc_hd__or4_1)
                                                         _1553_ (net)
                      0.262473    0.000067    3.677158 v _2304_/A2 (sky130_fd_sc_hd__a21o_1)
     3    0.007427    0.096138    0.432882    4.110040 v _2304_/X (sky130_fd_sc_hd__a21o_1)
                                                         _1557_ (net)
                      0.096138    0.000068    4.110107 v _2308_/C (sky130_fd_sc_hd__and3_1)
     2    0.004978    0.089160    0.394022    4.504129 v _2308_/X (sky130_fd_sc_hd__and3_1)
                                                         _1561_ (net)
                      0.089160    0.000048    4.504178 v _2310_/C (sky130_fd_sc_hd__or3_1)
     3    0.007694    0.185626    0.796018    5.300196 v _2310_/X (sky130_fd_sc_hd__or3_1)
                                                         _1563_ (net)
                      0.185626    0.000080    5.300276 v _2313_/A1 (sky130_fd_sc_hd__a21o_1)
     4    0.011067    0.125206    0.400751    5.701027 v _2313_/X (sky130_fd_sc_hd__a21o_1)
                                                         _1566_ (net)
                      0.125206    0.000098    5.701125 v _2319_/B (sky130_fd_sc_hd__and3_1)
     2    0.005426    0.092510    0.383686    6.084811 v _2319_/X (sky130_fd_sc_hd__and3_1)
                                                         _1572_ (net)
                      0.092510    0.000035    6.084846 v _2321_/C (sky130_fd_sc_hd__or3_1)
     3    0.008291    0.191845    0.805262    6.890108 v _2321_/X (sky130_fd_sc_hd__or3_1)
                                                         _1574_ (net)
                      0.191845    0.000136    6.890244 v _2326_/A1 (sky130_fd_sc_hd__a21o_1)
     4    0.010698    0.122176    0.400648    7.290892 v _2326_/X (sky130_fd_sc_hd__a21o_1)
                                                         _1579_ (net)
                      0.122176    0.000096    7.290988 v _2328_/C (sky130_fd_sc_hd__and3_1)
     2    0.005312    0.091615    0.409788    7.700776 v _2328_/X (sky130_fd_sc_hd__and3_1)
                                                         _1581_ (net)
                      0.091615    0.000062    7.700839 v _2330_/C (sky130_fd_sc_hd__or3_2)
     4    0.013049    0.224231    1.086175    8.787013 v _2330_/X (sky130_fd_sc_hd__or3_2)
                                                         _1583_ (net)
                      0.224231    0.000067    8.787080 v _2334_/A1 (sky130_fd_sc_hd__a21o_1)
     5    0.015472    0.155491    0.448562    9.235641 v _2334_/X (sky130_fd_sc_hd__a21o_1)
                                                         _1587_ (net)
                      0.155491    0.000232    9.235873 v _2338_/B (sky130_fd_sc_hd__and3_1)
     2    0.006487    0.100680    0.407631    9.643505 v _2338_/X (sky130_fd_sc_hd__and3_1)
                                                         _1591_ (net)
                      0.100680    0.000064    9.643569 v _2345_/C (sky130_fd_sc_hd__or3_1)
     3    0.007846    0.193458    0.802153   10.445722 v _2345_/X (sky130_fd_sc_hd__or3_1)
                                                         _1598_ (net)
                      0.193458    0.000055   10.445777 v _2347_/A1 (sky130_fd_sc_hd__a21o_1)
     4    0.011392    0.127895    0.406611   10.852387 v _2347_/X (sky130_fd_sc_hd__a21o_1)
                                                         _1600_ (net)
                      0.127895    0.000134   10.852522 v _2350_/C (sky130_fd_sc_hd__and3_1)
     2    0.006077    0.097468    0.419094   11.271616 v _2350_/X (sky130_fd_sc_hd__and3_1)
                                                         _1603_ (net)
                      0.097468    0.000085   11.271701 v _2352_/C (sky130_fd_sc_hd__or3_1)
     3    0.009024    0.200085    0.816927   12.088628 v _2352_/X (sky130_fd_sc_hd__or3_1)
                                                         _0106_ (net)
                      0.200085    0.000150   12.088778 v _2355_/A2 (sky130_fd_sc_hd__a21o_1)
     4    0.010472    0.120323    0.432036   12.520814 v _2355_/X (sky130_fd_sc_hd__a21o_1)
                                                         _0109_ (net)
                      0.120323    0.000109   12.520924 v _2362_/B (sky130_fd_sc_hd__and3_1)
     2    0.005868    0.095875    0.384990   12.905913 v _2362_/X (sky130_fd_sc_hd__and3_1)
                                                         _0116_ (net)
                      0.095875    0.000072   12.905985 v _2364_/C (sky130_fd_sc_hd__or3_1)
     3    0.007548    0.184552    0.796385   13.702371 v _2364_/X (sky130_fd_sc_hd__or3_1)
                                                         _0118_ (net)
                      0.184552    0.000098   13.702468 v _2366_/A2 (sky130_fd_sc_hd__a21o_1)
     4    0.010238    0.118416    0.423712   14.126180 v _2366_/X (sky130_fd_sc_hd__a21o_1)
                                                         _0120_ (net)
                      0.118416    0.000083   14.126264 v _2370_/B (sky130_fd_sc_hd__and3_1)
     2    0.004947    0.088972    0.376295   14.502558 v _2370_/X (sky130_fd_sc_hd__and3_1)
                                                         _0124_ (net)
                      0.088972    0.000031   14.502589 v _2372_/C (sky130_fd_sc_hd__or3_1)
     3    0.008879    0.204347    0.812057   15.314646 v _2372_/X (sky130_fd_sc_hd__or3_1)
                                                         _0126_ (net)
                      0.204347    0.000027   15.314672 v _2378_/A1 (sky130_fd_sc_hd__a21o_1)
     4    0.009653    0.113661    0.398137   15.712810 v _2378_/X (sky130_fd_sc_hd__a21o_1)
                                                         _0132_ (net)
                      0.113661    0.000066   15.712875 v _2383_/C (sky130_fd_sc_hd__and3_1)
     2    0.006501    0.100772    0.415630   16.128506 v _2383_/X (sky130_fd_sc_hd__and3_1)
                                                         _0137_ (net)
                      0.100772    0.000069   16.128574 v _2385_/C (sky130_fd_sc_hd__or3_1)
     3    0.007525    0.184172    0.797796   16.926371 v _2385_/X (sky130_fd_sc_hd__or3_1)
                                                         _0139_ (net)
                      0.184172    0.000085   16.926455 v _2387_/A1 (sky130_fd_sc_hd__a21o_1)
     4    0.012179    0.134409    0.408575   17.335030 v _2387_/X (sky130_fd_sc_hd__a21o_1)
                                                         _0141_ (net)
                      0.134409    0.000071   17.335100 v _2390_/B (sky130_fd_sc_hd__and3_1)
     3    0.009871    0.128693    0.425613   17.760714 v _2390_/X (sky130_fd_sc_hd__and3_1)
                                                         _0144_ (net)
                      0.128693    0.000146   17.760860 v _2392_/C (sky130_fd_sc_hd__or3_1)
     3    0.006619    0.181810    0.795335   18.556196 v _2392_/X (sky130_fd_sc_hd__or3_1)
                                                         _0146_ (net)
                      0.181810    0.000059   18.556253 v _2397_/A1 (sky130_fd_sc_hd__a21o_1)
     4    0.010900    0.123820    0.397836   18.954090 v _2397_/X (sky130_fd_sc_hd__a21o_1)
                                                         _0151_ (net)
                      0.123820    0.000075   18.954165 v _2406_/B (sky130_fd_sc_hd__and3_1)
     2    0.005488    0.092979    0.383526   19.337690 v _2406_/X (sky130_fd_sc_hd__and3_1)
                                                         _0160_ (net)
                      0.092979    0.000057   19.337748 v _2408_/C (sky130_fd_sc_hd__or3_1)
     3    0.007975    0.195247    0.801213   20.138962 v _2408_/X (sky130_fd_sc_hd__or3_1)
                                                         _0162_ (net)
                      0.195247    0.000050   20.139011 v _2410_/A2 (sky130_fd_sc_hd__a21o_1)
     3    0.006688    0.090251    0.400808   20.539820 v _2410_/X (sky130_fd_sc_hd__a21o_1)
                                                         _0164_ (net)
                      0.090251    0.000069   20.539888 v _2413_/C (sky130_fd_sc_hd__and3_1)
     2    0.004818    0.088015    0.389742   20.929630 v _2413_/X (sky130_fd_sc_hd__and3_1)
                                                         _0167_ (net)
                      0.088015    0.000037   20.929668 v _2415_/C (sky130_fd_sc_hd__or3_1)
     3    0.006818    0.177363    0.783754   21.713421 v _2415_/X (sky130_fd_sc_hd__or3_1)
                                                         _0169_ (net)
                      0.177363    0.000071   21.713491 v _2420_/A1 (sky130_fd_sc_hd__a21o_1)
     4    0.012438    0.136537    0.407580   22.121073 v _2420_/X (sky130_fd_sc_hd__a21o_1)
                                                         _0174_ (net)
                      0.136537    0.000071   22.121143 v _2428_/A1 (sky130_fd_sc_hd__a21bo_1)
     1    0.004365    0.078139    0.347828   22.468971 v _2428_/X (sky130_fd_sc_hd__a21bo_1)
                                                         _0180_ (net)
                      0.078139    0.000018   22.468988 v _2429_/B (sky130_fd_sc_hd__xor2_1)
     1    0.002242    0.118822    0.258890   22.727879 v _2429_/X (sky130_fd_sc_hd__xor2_1)
                                                         _0181_ (net)
                      0.118822    0.000014   22.727894 v _2430_/A1 (sky130_fd_sc_hd__mux2_1)
     1    0.002207    0.106914    0.658176   23.386068 v _2430_/X (sky130_fd_sc_hd__mux2_1)
                                                         _0025_ (net)
                      0.106914    0.000011   23.386080 v _3238_/D (sky130_fd_sc_hd__dfrtp_4)
                                             23.386080   data arrival time

                                 80.000000   80.000000   clock clk (rise edge)
                                  0.000000   80.000000   clock source latency
     2    0.038919    0.000000    0.000000   80.000000 ^ clk (in)
                                                         clk (net)
                      0.001597    0.000796   80.000801 ^ clkbuf_0_clk/A (sky130_fd_sc_hd__clkbuf_16)
    17    0.156881    0.256163    0.345544   80.346344 ^ clkbuf_0_clk/X (sky130_fd_sc_hd__clkbuf_16)
                                                         clknet_0_clk (net)
                      0.256380    0.004746   80.351089 ^ clkbuf_3_3__f_clk/A (sky130_fd_sc_hd__clkbuf_16)
    35    0.094305    0.168595    0.393115   80.744202 ^ clkbuf_3_3__f_clk/X (sky130_fd_sc_hd__clkbuf_16)
                                                         clknet_3_3__leaf_clk (net)
                      0.168603    0.001393   80.745598 ^ _3238_/CLK (sky130_fd_sc_hd__dfrtp_4)
                                 -0.100000   80.645592   clock uncertainty
                                  0.000000   80.645592   clock reconvergence pessimism
                                 -0.263940   80.381653   library setup time
                                             80.381653   data required time
---------------------------------------------------------------------------------------------
                                             80.381653   data required time
                                            -23.386080   data arrival time
---------------------------------------------------------------------------------------------
                                             56.995575   slack (MET)




===========================================================================
report_checks --slack_max -0.01
============================================================================
======================= min_ss_100C_1v60 Corner ===================================

No paths found.


===========================================================================
 report_check_types -max_slew -max_cap -max_fanout -violators
============================================================================
======================= min_ss_100C_1v60 Corner ===================================



===========================================================================
report_parasitic_annotation -report_unannotated
============================================================================
Found 7 unannotated drivers.
 clkload0/Y
 clkload1/Y
 clkload2/Y
 clkload3/Y
 clkload4/Y
 clkload5/Y
 clkload6/Y
Found 0 partially unannotated drivers.

===========================================================================
max slew violation count 0
max fanout violation count 0
max cap violation count 0
============================================================================

===========================================================================
check_setup -verbose -unconstrained_endpoints -multiple_clock -no_clock -no_input_delay -loops -generated_clocks
===========================================================================
Warning: There are 36 input ports missing set_input_delay.
  A_in[0]
  A_in[10]
  A_in[11]
  A_in[12]
  A_in[13]
  A_in[14]
  A_in[15]
  A_in[1]
  A_in[2]
  A_in[3]
  A_in[4]
  A_in[5]
  A_in[6]
  A_in[7]
  A_in[8]
  A_in[9]
  B_in[0]
  B_in[10]
  B_in[11]
  B_in[12]
  B_in[13]
  B_in[14]
  B_in[15]
  B_in[1]
  B_in[2]
  B_in[3]
  B_in[4]
  B_in[5]
  B_in[6]
  B_in[7]
  B_in[8]
  B_in[9]
  Op_Sel[0]
  Op_Sel[1]
  Start
  rst_n
Warning: There are 17 unconstrained endpoints.
  Done
  X_out[0]
  X_out[10]
  X_out[11]
  X_out[12]
  X_out[13]
  X_out[14]
  X_out[15]
  X_out[1]
  X_out[2]
  X_out[3]
  X_out[4]
  X_out[5]
  X_out[6]
  X_out[7]
  X_out[8]
  X_out[9]
