
===========================================================================
report_checks -unconstrained
===========================================================================
======================= nom_tt_025C_1v80 Corner ===================================

Startpoint: _3302_ (rising edge-triggered flip-flop clocked by clk)
Endpoint: _3238_ (rising edge-triggered flip-flop clocked by clk)
Path Group: clk
Path Type: max

Fanout         Cap        Slew       Delay        Time   Description
---------------------------------------------------------------------------------------------
                                  0.000000    0.000000   clock clk (rise edge)
                                  0.000000    0.000000   clock source latency
     1    0.028947    0.000000    0.000000    0.000000 ^ clk (in)
                                                         clk (net)
                      0.002434    0.001217    0.001217 ^ clkbuf_0_clk/A (sky130_fd_sc_hd__clkbuf_16)
     8    0.118910    0.132024    0.184480    0.185697 ^ clkbuf_0_clk/X (sky130_fd_sc_hd__clkbuf_16)
                                                         clknet_0_clk (net)
                      0.132103    0.001486    0.187183 ^ clkbuf_3_0__f_clk/A (sky130_fd_sc_hd__clkbuf_16)
    12    0.059270    0.077565    0.187639    0.374822 ^ clkbuf_3_0__f_clk/X (sky130_fd_sc_hd__clkbuf_16)
                                                         clknet_3_0__leaf_clk (net)
                      0.077568    0.000573    0.375395 ^ _3302_/CLK (sky130_fd_sc_hd__dfrtp_4)
    15    0.043241    0.110773    0.550760    0.926155 v _3302_/Q (sky130_fd_sc_hd__dfrtp_4)
                                                         B_reg[12] (net)
                      0.110774    0.000555    0.926710 v _1910_/C (sky130_fd_sc_hd__and3_1)
     3    0.005171    0.048594    0.215698    1.142408 v _1910_/X (sky130_fd_sc_hd__and3_1)
                                                         _1175_ (net)
                      0.048594    0.000010    1.142418 v _2300_/B (sky130_fd_sc_hd__or4_1)
     4    0.008602    0.124795    0.550624    1.693042 v _2300_/X (sky130_fd_sc_hd__or4_1)
                                                         _1553_ (net)
                      0.124795    0.000013    1.693055 v _2304_/A2 (sky130_fd_sc_hd__a21o_1)
     3    0.006700    0.050888    0.221576    1.914631 v _2304_/X (sky130_fd_sc_hd__a21o_1)
                                                         _1557_ (net)
                      0.050888    0.000016    1.914646 v _2308_/C (sky130_fd_sc_hd__and3_1)
     2    0.004286    0.044708    0.184130    2.098776 v _2308_/X (sky130_fd_sc_hd__and3_1)
                                                         _1561_ (net)
                      0.044708    0.000010    2.098787 v _2310_/C (sky130_fd_sc_hd__or3_1)
     3    0.006039    0.085633    0.327582    2.426368 v _2310_/X (sky130_fd_sc_hd__or3_1)
                                                         _1563_ (net)
                      0.085633    0.000007    2.426376 v _2313_/A1 (sky130_fd_sc_hd__a21o_1)
     4    0.009455    0.060315    0.197657    2.624032 v _2313_/X (sky130_fd_sc_hd__a21o_1)
                                                         _1566_ (net)
                      0.060315    0.000036    2.624068 v _2319_/B (sky130_fd_sc_hd__and3_1)
     2    0.004635    0.044608    0.174799    2.798867 v _2319_/X (sky130_fd_sc_hd__and3_1)
                                                         _1572_ (net)
                      0.044608    0.000007    2.798875 v _2321_/C (sky130_fd_sc_hd__or3_1)
     3    0.007175    0.089523    0.336230    3.135105 v _2321_/X (sky130_fd_sc_hd__or3_1)
                                                         _1574_ (net)
                      0.089523    0.000042    3.135147 v _2326_/A1 (sky130_fd_sc_hd__a21o_1)
     4    0.009704    0.061264    0.200150    3.335297 v _2326_/X (sky130_fd_sc_hd__a21o_1)
                                                         _1579_ (net)
                      0.061264    0.000040    3.335337 v _2328_/C (sky130_fd_sc_hd__and3_1)
     2    0.004188    0.044296    0.188322    3.523659 v _2328_/X (sky130_fd_sc_hd__and3_1)
                                                         _1581_ (net)
                      0.044296    0.000011    3.523671 v _2330_/C (sky130_fd_sc_hd__or3_2)
     4    0.012154    0.107345    0.457043    3.980714 v _2330_/X (sky130_fd_sc_hd__or3_2)
                                                         _1583_ (net)
                      0.107345    0.000048    3.980762 v _2334_/A1 (sky130_fd_sc_hd__a21o_1)
     5    0.013534    0.078190    0.221246    4.202007 v _2334_/X (sky130_fd_sc_hd__a21o_1)
                                                         _1587_ (net)
                      0.078190    0.000031    4.202038 v _2338_/B (sky130_fd_sc_hd__and3_1)
     2    0.004827    0.045423    0.183812    4.385850 v _2338_/X (sky130_fd_sc_hd__and3_1)
                                                         _1591_ (net)
                      0.045423    0.000016    4.385867 v _2345_/C (sky130_fd_sc_hd__or3_1)
     3    0.007218    0.092310    0.336765    4.722632 v _2345_/X (sky130_fd_sc_hd__or3_1)
                                                         _1598_ (net)
                      0.092310    0.000017    4.722649 v _2347_/A1 (sky130_fd_sc_hd__a21o_1)
     4    0.009492    0.060453    0.200548    4.923196 v _2347_/X (sky130_fd_sc_hd__a21o_1)
                                                         _1600_ (net)
                      0.060453    0.000032    4.923228 v _2350_/C (sky130_fd_sc_hd__and3_1)
     2    0.004935    0.045853    0.191592    5.114820 v _2350_/X (sky130_fd_sc_hd__and3_1)
                                                         _1603_ (net)
                      0.045853    0.000027    5.114847 v _2352_/C (sky130_fd_sc_hd__or3_1)
     3    0.007776    0.093393    0.341111    5.455957 v _2352_/X (sky130_fd_sc_hd__or3_1)
                                                         _0106_ (net)
                      0.093393    0.000037    5.455995 v _2355_/A2 (sky130_fd_sc_hd__a21o_1)
     4    0.009054    0.059062    0.220333    5.676327 v _2355_/X (sky130_fd_sc_hd__a21o_1)
                                                         _0109_ (net)
                      0.059062    0.000029    5.676356 v _2362_/B (sky130_fd_sc_hd__and3_1)
     2    0.004694    0.044856    0.174516    5.850872 v _2362_/X (sky130_fd_sc_hd__and3_1)
                                                         _0116_ (net)
                      0.044856    0.000023    5.850894 v _2364_/C (sky130_fd_sc_hd__or3_1)
     3    0.006545    0.088546    0.331489    6.182384 v _2364_/X (sky130_fd_sc_hd__or3_1)
                                                         _0118_ (net)
                      0.088546    0.000029    6.182413 v _2366_/A2 (sky130_fd_sc_hd__a21o_1)
     4    0.009682    0.061169    0.221101    6.403513 v _2366_/X (sky130_fd_sc_hd__a21o_1)
                                                         _0120_ (net)
                      0.061169    0.000033    6.403546 v _2370_/B (sky130_fd_sc_hd__and3_1)
     2    0.004674    0.044767    0.175374    6.578921 v _2370_/X (sky130_fd_sc_hd__and3_1)
                                                         _0124_ (net)
                      0.044767    0.000012    6.578933 v _2372_/C (sky130_fd_sc_hd__or3_1)
     3    0.007830    0.095847    0.341305    6.920238 v _2372_/X (sky130_fd_sc_hd__or3_1)
                                                         _0126_ (net)
                      0.095847    0.000012    6.920250 v _2378_/A1 (sky130_fd_sc_hd__a21o_1)
     4    0.008880    0.059977    0.199290    7.119540 v _2378_/X (sky130_fd_sc_hd__a21o_1)
                                                         _0132_ (net)
                      0.059977    0.000007    7.119547 v _2383_/C (sky130_fd_sc_hd__and3_1)
     2    0.004898    0.047374    0.191206    7.310753 v _2383_/X (sky130_fd_sc_hd__and3_1)
                                                         _0137_ (net)
                      0.047374    0.000015    7.310768 v _2385_/C (sky130_fd_sc_hd__or3_1)
     3    0.007003    0.091121    0.335544    7.646311 v _2385_/X (sky130_fd_sc_hd__or3_1)
                                                         _0139_ (net)
                      0.091121    0.000018    7.646329 v _2387_/A1 (sky130_fd_sc_hd__a21o_1)
     4    0.011006    0.066418    0.205474    7.851803 v _2387_/X (sky130_fd_sc_hd__a21o_1)
                                                         _0141_ (net)
                      0.066418    0.000040    7.851843 v _2390_/B (sky130_fd_sc_hd__and3_1)
     3    0.008239    0.060219    0.195103    8.046947 v _2390_/X (sky130_fd_sc_hd__and3_1)
                                                         _0144_ (net)
                      0.060219    0.000040    8.046987 v _2392_/C (sky130_fd_sc_hd__or3_1)
     3    0.006033    0.085672    0.331758    8.378744 v _2392_/X (sky130_fd_sc_hd__or3_1)
                                                         _0146_ (net)
                      0.085672    0.000008    8.378752 v _2397_/A1 (sky130_fd_sc_hd__a21o_1)
     4    0.009576    0.062819    0.198122    8.576875 v _2397_/X (sky130_fd_sc_hd__a21o_1)
                                                         _0151_ (net)
                      0.062819    0.000018    8.576892 v _2406_/B (sky130_fd_sc_hd__and3_1)
     2    0.004431    0.045354    0.174941    8.751833 v _2406_/X (sky130_fd_sc_hd__and3_1)
                                                         _0160_ (net)
                      0.045354    0.000009    8.751842 v _2408_/C (sky130_fd_sc_hd__or3_1)
     3    0.007322    0.092950    0.337549    9.089391 v _2408_/X (sky130_fd_sc_hd__or3_1)
                                                         _0162_ (net)
                      0.092950    0.000012    9.089402 v _2410_/A2 (sky130_fd_sc_hd__a21o_1)
     3    0.006104    0.046984    0.206306    9.295709 v _2410_/X (sky130_fd_sc_hd__a21o_1)
                                                         _0164_ (net)
                      0.046984    0.000022    9.295731 v _2413_/C (sky130_fd_sc_hd__and3_1)
     2    0.004253    0.044546    0.182279    9.478010 v _2413_/X (sky130_fd_sc_hd__and3_1)
                                                         _0167_ (net)
                      0.044546    0.000007    9.478017 v _2415_/C (sky130_fd_sc_hd__or3_1)
     3    0.006237    0.086796    0.329064    9.807081 v _2415_/X (sky130_fd_sc_hd__or3_1)
                                                         _0169_ (net)
                      0.086796    0.000021    9.807102 v _2420_/A1 (sky130_fd_sc_hd__a21o_1)
     4    0.010197    0.065241    0.200814   10.007915 v _2420_/X (sky130_fd_sc_hd__a21o_1)
                                                         _0174_ (net)
                      0.065241    0.000004   10.007920 v _2428_/A1 (sky130_fd_sc_hd__a21bo_1)
     1    0.004302    0.042458    0.177347   10.185267 v _2428_/X (sky130_fd_sc_hd__a21bo_1)
                                                         _0180_ (net)
                      0.042458    0.000003   10.185269 v _2429_/B (sky130_fd_sc_hd__xor2_1)
     1    0.002194    0.064432    0.131532   10.316802 v _2429_/X (sky130_fd_sc_hd__xor2_1)
                                                         _0181_ (net)
                      0.064432    0.000004   10.316806 v _2430_/A1 (sky130_fd_sc_hd__mux2_1)
     1    0.002172    0.053136    0.287769   10.604574 v _2430_/X (sky130_fd_sc_hd__mux2_1)
                                                         _0025_ (net)
                      0.053136    0.000002   10.604576 v _3238_/D (sky130_fd_sc_hd__dfrtp_4)
                                             10.604576   data arrival time

                                120.000000  120.000000   clock clk (rise edge)
                                  0.000000  120.000000   clock source latency
     1    0.028947    0.000000    0.000000  120.000000 ^ clk (in)
                                                         clk (net)
                      0.002434    0.001222  120.001221 ^ clkbuf_0_clk/A (sky130_fd_sc_hd__clkbuf_16)
     8    0.118910    0.132024    0.184471  120.185692 ^ clkbuf_0_clk/X (sky130_fd_sc_hd__clkbuf_16)
                                                         clknet_0_clk (net)
                      0.132124    0.001990  120.187683 ^ clkbuf_3_3__f_clk/A (sky130_fd_sc_hd__clkbuf_16)
    17    0.060274    0.078481    0.188464  120.376144 ^ clkbuf_3_3__f_clk/X (sky130_fd_sc_hd__clkbuf_16)
                                                         clknet_3_3__leaf_clk (net)
                      0.078481    0.000284  120.376427 ^ _3238_/CLK (sky130_fd_sc_hd__dfrtp_4)
                                 -0.100000  120.276428   clock uncertainty
                                  0.000000  120.276428   clock reconvergence pessimism
                                 -0.110155  120.166283   library setup time
                                            120.166283   data required time
---------------------------------------------------------------------------------------------
                                            120.166283   data required time
                                            -10.604576   data arrival time
---------------------------------------------------------------------------------------------
                                            109.561707   slack (MET)




===========================================================================
report_checks --slack_max -0.01
============================================================================
======================= nom_tt_025C_1v80 Corner ===================================

No paths found.


===========================================================================
 report_check_types -max_slew -max_cap -max_fanout -violators
============================================================================
======================= nom_tt_025C_1v80 Corner ===================================



===========================================================================
report_parasitic_annotation -report_unannotated
============================================================================
Found 7 unannotated drivers.
 clkload0/Y
 clkload1/Y
 clkload2/Y
 clkload3/Y
 clkload4/Y
 clkload5/Y
 clkload6/Y
Found 0 partially unannotated drivers.

===========================================================================
max slew violation count 0
Writing metric design__max_slew_violation__count__corner:nom_tt_025C_1v80: 0
max fanout violation count 0
Writing metric design__max_fanout_violation__count__corner:nom_tt_025C_1v80: 0
max cap violation count 0
Writing metric design__max_cap_violation__count__corner:nom_tt_025C_1v80: 0
============================================================================

===========================================================================
check_setup -verbose -unconstrained_endpoints -multiple_clock -no_clock -no_input_delay -loops -generated_clocks
===========================================================================
Warning: There are 36 input ports missing set_input_delay.
  A_in[0]
  A_in[10]
  A_in[11]
  A_in[12]
  A_in[13]
  A_in[14]
  A_in[15]
  A_in[1]
  A_in[2]
  A_in[3]
  A_in[4]
  A_in[5]
  A_in[6]
  A_in[7]
  A_in[8]
  A_in[9]
  B_in[0]
  B_in[10]
  B_in[11]
  B_in[12]
  B_in[13]
  B_in[14]
  B_in[15]
  B_in[1]
  B_in[2]
  B_in[3]
  B_in[4]
  B_in[5]
  B_in[6]
  B_in[7]
  B_in[8]
  B_in[9]
  Op_Sel[0]
  Op_Sel[1]
  Start
  rst_n
Warning: There are 17 unconstrained endpoints.
  Done
  X_out[0]
  X_out[10]
  X_out[11]
  X_out[12]
  X_out[13]
  X_out[14]
  X_out[15]
  X_out[1]
  X_out[2]
  X_out[3]
  X_out[4]
  X_out[5]
  X_out[6]
  X_out[7]
  X_out[8]
  X_out[9]
