Clock: clk
Sources: clk 
Generated: no
Virtual: yes
Propagated: no
Period: 10.500000

===========================================================================
report_clock_properties
============================================================================
Clock                   Period          Waveform
----------------------------------------------------
clk                  10.500000    0.000000  5.250000

===========================================================================
report_clock_latency
============================================================================
Clock clk
rise -> rise
    min     max
0.000000 0.000000 source latency
0.296316         network latency _3222_/CLK
        0.313043 network latency _3256_/CLK
---------------
0.296316 0.313043 latency
        0.016727 skew

fall -> fall
    min     max
0.000000 0.000000 source latency
0.280982         network latency _3222_/CLK
        0.294126 network latency _3295_/CLK
---------------
0.280982 0.294126 latency
        0.013143 skew



===========================================================================
report_clock_min_period
============================================================================
clk period_min = 6.30 fmax = 158.77
