
===========================================================================
report_checks -unconstrained
===========================================================================
======================= nom_tt_025C_1v80 Corner ===================================

Startpoint: _3287_ (rising edge-triggered flip-flop clocked by clk)
Endpoint: _3234_ (rising edge-triggered flip-flop clocked by clk)
Path Group: clk
Path Type: max

Fanout         Cap        Slew       Delay        Time   Description
---------------------------------------------------------------------------------------------
                                  0.000000    0.000000   clock clk (rise edge)
                                  0.000000    0.000000   clock source latency
     2    0.042402    0.000000    0.000000    0.000000 ^ clk (in)
                                                         clk (net)
                      0.002264    0.001132    0.001132 ^ clkbuf_0_clk/A (sky130_fd_sc_hd__clkbuf_16)
    17    0.164766    0.176739    0.212324    0.213456 ^ clkbuf_0_clk/X (sky130_fd_sc_hd__clkbuf_16)
                                                         clknet_0_clk (net)
                      0.177058    0.006116    0.219571 ^ clkbuf_3_5__f_clk/A (sky130_fd_sc_hd__clkbuf_16)
    35    0.087408    0.104936    0.220101    0.439672 ^ clkbuf_3_5__f_clk/X (sky130_fd_sc_hd__clkbuf_16)
                                                         clknet_3_5__leaf_clk (net)
                      0.105367    0.004971    0.444643 ^ _3287_/CLK (sky130_fd_sc_hd__dfrtp_4)
    39    0.085936    0.158032    0.610634    1.055277 v _3287_/Q (sky130_fd_sc_hd__dfrtp_4)
                                                         A_reg[13] (net)
                      0.159049    0.010792    1.066069 v _2154_/B1 (sky130_fd_sc_hd__a31o_1)
     2    0.005801    0.050312    0.239959    1.306029 v _2154_/X (sky130_fd_sc_hd__a31o_1)
                                                         _1411_ (net)
                      0.050312    0.000146    1.306175 v _2156_/B1 (sky130_fd_sc_hd__a32o_1)
     3    0.007922    0.063667    0.226587    1.532761 v _2156_/X (sky130_fd_sc_hd__a32o_1)
                                                         _1413_ (net)
                      0.063667    0.000138    1.532899 v _2158_/B1 (sky130_fd_sc_hd__a2bb2o_2)
     5    0.018675    0.081489    0.312730    1.845629 v _2158_/X (sky130_fd_sc_hd__a2bb2o_2)
                                                         _1415_ (net)
                      0.081491    0.000527    1.846156 v _2163_/B (sky130_fd_sc_hd__xnor2_1)
     4    0.011151    0.102004    0.179395    2.025552 v _2163_/Y (sky130_fd_sc_hd__xnor2_1)
                                                         _1420_ (net)
                      0.102004    0.000266    2.025818 v _2168_/B1 (sky130_fd_sc_hd__a2bb2o_1)
     3    0.008830    0.077876    0.330670    2.356488 v _2168_/X (sky130_fd_sc_hd__a2bb2o_1)
                                                         _1425_ (net)
                      0.077876    0.000129    2.356617 v _2171_/A2 (sky130_fd_sc_hd__a21o_1)
     4    0.017164    0.091631    0.243876    2.600493 v _2171_/X (sky130_fd_sc_hd__a21o_1)
                                                         _1428_ (net)
                      0.091632    0.000456    2.600949 v _2177_/A2 (sky130_fd_sc_hd__a21oi_1)
     2    0.004204    0.129614    0.173814    2.774763 ^ _2177_/Y (sky130_fd_sc_hd__a21oi_1)
                                                         _1434_ (net)
                      0.129614    0.000091    2.774854 ^ _2179_/A2_N (sky130_fd_sc_hd__a2bb2o_1)
     3    0.009189    0.079383    0.330455    3.105309 v _2179_/X (sky130_fd_sc_hd__a2bb2o_1)
                                                         _1436_ (net)
                      0.079383    0.000167    3.105476 v _2183_/A2 (sky130_fd_sc_hd__a21o_1)
     5    0.020404    0.105186    0.256176    3.361651 v _2183_/X (sky130_fd_sc_hd__a21o_1)
                                                         _1440_ (net)
                      0.105187    0.000549    3.362200 v _2187_/A2 (sky130_fd_sc_hd__a21o_1)
     2    0.005443    0.044112    0.207977    3.570178 v _2187_/X (sky130_fd_sc_hd__a21o_1)
                                                         _1444_ (net)
                      0.044112    0.000122    3.570299 v _2190_/B2 (sky130_fd_sc_hd__a22o_1)
     3    0.011119    0.076434    0.234571    3.804870 v _2190_/X (sky130_fd_sc_hd__a22o_1)
                                                         _1447_ (net)
                      0.076434    0.000250    3.805120 v _2195_/A1 (sky130_fd_sc_hd__a22o_1)
     5    0.015989    0.097552    0.275593    4.080713 v _2195_/X (sky130_fd_sc_hd__a22o_1)
                                                         _1452_ (net)
                      0.097555    0.000687    4.081400 v _2198_/B (sky130_fd_sc_hd__xnor2_1)
     4    0.009881    0.094760    0.179562    4.260962 v _2198_/Y (sky130_fd_sc_hd__xnor2_1)
                                                         _1455_ (net)
                      0.094760    0.000153    4.261116 v _2202_/A2 (sky130_fd_sc_hd__a211o_1)
     4    0.011634    0.086742    0.352747    4.613863 v _2202_/X (sky130_fd_sc_hd__a211o_1)
                                                         _1459_ (net)
                      0.086742    0.000251    4.614114 v _2205_/A1 (sky130_fd_sc_hd__a21o_1)
     4    0.013753    0.077546    0.213335    4.827448 v _2205_/X (sky130_fd_sc_hd__a21o_1)
                                                         _1462_ (net)
                      0.077546    0.000314    4.827763 v _2212_/A2 (sky130_fd_sc_hd__a21oi_1)
     2    0.004718    0.138818    0.175584    5.003346 ^ _2212_/Y (sky130_fd_sc_hd__a21oi_1)
                                                         _1469_ (net)
                      0.138818    0.000103    5.003449 ^ _2214_/A2_N (sky130_fd_sc_hd__a2bb2o_1)
     3    0.007616    0.073810    0.322139    5.325589 v _2214_/X (sky130_fd_sc_hd__a2bb2o_1)
                                                         _1471_ (net)
                      0.073810    0.000105    5.325694 v _2217_/A2 (sky130_fd_sc_hd__a21bo_1)
     5    0.021495    0.111684    0.272033    5.597727 v _2217_/X (sky130_fd_sc_hd__a21bo_1)
                                                         _1474_ (net)
                      0.111688    0.000746    5.598473 v _2219_/A2 (sky130_fd_sc_hd__a21oi_1)
     2    0.004029    0.126490    0.179242    5.777714 ^ _2219_/Y (sky130_fd_sc_hd__a21oi_1)
                                                         _1476_ (net)
                      0.126490    0.000097    5.777812 ^ _2224_/A2_N (sky130_fd_sc_hd__a2bb2o_1)
     3    0.008124    0.075765    0.323837    6.101649 v _2224_/X (sky130_fd_sc_hd__a2bb2o_1)
                                                         _1481_ (net)
                      0.075765    0.000167    6.101816 v _2229_/A1 (sky130_fd_sc_hd__a21o_1)
     5    0.022241    0.112971    0.238796    6.340611 v _2229_/X (sky130_fd_sc_hd__a21o_1)
                                                         _1486_ (net)
                      0.112976    0.000804    6.341415 v _2232_/C (sky130_fd_sc_hd__and3_1)
     2    0.006287    0.051868    0.222086    6.563501 v _2232_/X (sky130_fd_sc_hd__and3_1)
                                                         _1489_ (net)
                      0.051868    0.000188    6.563689 v _2234_/B1 (sky130_fd_sc_hd__a211o_1)
     4    0.013377    0.094188    0.320924    6.884614 v _2234_/X (sky130_fd_sc_hd__a211o_1)
                                                         _1491_ (net)
                      0.094188    0.000367    6.884980 v _2239_/A1 (sky130_fd_sc_hd__a21o_1)
     5    0.016905    0.090530    0.227597    7.112577 v _2239_/X (sky130_fd_sc_hd__a21o_1)
                                                         _1496_ (net)
                      0.090532    0.000523    7.113100 v _2243_/B (sky130_fd_sc_hd__xor2_1)
     4    0.011139    0.107594    0.188513    7.301613 v _2243_/X (sky130_fd_sc_hd__xor2_1)
                                                         _1500_ (net)
                      0.107594    0.000189    7.301803 v _2247_/A2 (sky130_fd_sc_hd__a211o_1)
     4    0.013734    0.095572    0.366679    7.668481 v _2247_/X (sky130_fd_sc_hd__a211o_1)
                                                         _1504_ (net)
                      0.095572    0.000280    7.668761 v _2250_/A2 (sky130_fd_sc_hd__a21oi_2)
     4    0.013957    0.192008    0.228829    7.897590 ^ _2250_/Y (sky130_fd_sc_hd__a21oi_2)
                                                         _1507_ (net)
                      0.192009    0.000415    7.898005 ^ _2251_/B (sky130_fd_sc_hd__xnor2_1)
     4    0.010880    0.109806    0.140761    8.038766 v _2251_/Y (sky130_fd_sc_hd__xnor2_1)
                                                         _1508_ (net)
                      0.109806    0.000155    8.038921 v _2256_/A2 (sky130_fd_sc_hd__a22o_1)
     3    0.008283    0.065216    0.279003    8.317924 v _2256_/X (sky130_fd_sc_hd__a22o_1)
                                                         _1513_ (net)
                      0.065216    0.000109    8.318033 v _2262_/A1 (sky130_fd_sc_hd__a21o_1)
     4    0.013333    0.075844    0.202920    8.520954 v _2262_/X (sky130_fd_sc_hd__a21o_1)
                                                         _1519_ (net)
                      0.075845    0.000403    8.521358 v _2270_/B (sky130_fd_sc_hd__xnor2_1)
     4    0.012128    0.108872    0.182161    8.703518 v _2270_/Y (sky130_fd_sc_hd__xnor2_1)
                                                         _1527_ (net)
                      0.108872    0.000269    8.703787 v _2272_/B1 (sky130_fd_sc_hd__a2bb2o_1)
     3    0.007674    0.074141    0.326017    9.029805 v _2272_/X (sky130_fd_sc_hd__a2bb2o_1)
                                                         _1529_ (net)
                      0.074141    0.000152    9.029957 v _2273_/A2 (sky130_fd_sc_hd__a21o_1)
     4    0.017101    0.091369    0.242179    9.272136 v _2273_/X (sky130_fd_sc_hd__a21o_1)
                                                         _1530_ (net)
                      0.091371    0.000594    9.272730 v _2274_/B (sky130_fd_sc_hd__xor2_2)
     3    0.013127    0.199374    0.209256    9.481985 ^ _2274_/X (sky130_fd_sc_hd__xor2_2)
                                                         _1531_ (net)
                      0.199374    0.000201    9.482186 ^ _2278_/A2 (sky130_fd_sc_hd__a22o_1)
     3    0.008700    0.096468    0.209351    9.691537 ^ _2278_/X (sky130_fd_sc_hd__a22o_1)
                                                         _1535_ (net)
                      0.096468    0.000163    9.691699 ^ _2283_/A1 (sky130_fd_sc_hd__a21o_1)
     3    0.008736    0.084638    0.151630    9.843329 ^ _2283_/X (sky130_fd_sc_hd__a21o_1)
                                                         _1540_ (net)
                      0.084638    0.000226    9.843555 ^ _2290_/B1_N (sky130_fd_sc_hd__a21bo_1)
     1    0.005104    0.044281    0.213235   10.056790 v _2290_/X (sky130_fd_sc_hd__a21bo_1)
                                                         _1545_ (net)
                      0.044281    0.000161   10.056952 v _2291_/B (sky130_fd_sc_hd__xor2_1)
     1    0.012215    0.098771    0.174541   10.231492 v _2291_/X (sky130_fd_sc_hd__xor2_1)
                                                         _1546_ (net)
                      0.098783    0.000878   10.232370 v _2292_/A1 (sky130_fd_sc_hd__mux2_1)
     1    0.002551    0.053715    0.303634   10.536004 v _2292_/X (sky130_fd_sc_hd__mux2_1)
                                                         _0021_ (net)
                      0.053715    0.000075   10.536079 v _3234_/D (sky130_fd_sc_hd__dfrtp_4)
                                             10.536079   data arrival time

                                 20.000000   20.000000   clock clk (rise edge)
                                  0.000000   20.000000   clock source latency
     2    0.042402    0.000000    0.000000   20.000000 ^ clk (in)
                                                         clk (net)
                      0.002264    0.001132   20.001131 ^ clkbuf_0_clk/A (sky130_fd_sc_hd__clkbuf_16)
    17    0.164766    0.176739    0.212324   20.213457 ^ clkbuf_0_clk/X (sky130_fd_sc_hd__clkbuf_16)
                                                         clknet_0_clk (net)
                      0.177211    0.007388   20.220844 ^ clkbuf_3_3__f_clk/A (sky130_fd_sc_hd__clkbuf_16)
    35    0.099191    0.115436    0.229949   20.450794 ^ clkbuf_3_3__f_clk/X (sky130_fd_sc_hd__clkbuf_16)
                                                         clknet_3_3__leaf_clk (net)
                      0.115444    0.001128   20.451921 ^ _3234_/CLK (sky130_fd_sc_hd__dfrtp_4)
                                 -0.100000   20.351921   clock uncertainty
                                  0.000000   20.351921   clock reconvergence pessimism
                                 -0.101941   20.249981   library setup time
                                             20.249981   data required time
---------------------------------------------------------------------------------------------
                                             20.249981   data required time
                                            -10.536079   data arrival time
---------------------------------------------------------------------------------------------
                                              9.713902   slack (MET)




===========================================================================
report_checks --slack_max -0.01
============================================================================
======================= nom_tt_025C_1v80 Corner ===================================

No paths found.


===========================================================================
 report_check_types -max_slew -max_cap -max_fanout -violators
============================================================================
======================= nom_tt_025C_1v80 Corner ===================================



===========================================================================
report_parasitic_annotation -report_unannotated
============================================================================
Found 7 unannotated drivers.
 clkload0/Y
 clkload1/Y
 clkload2/Y
 clkload3/Y
 clkload4/Y
 clkload5/Y
 clkload6/Y
Found 0 partially unannotated drivers.

===========================================================================
max slew violation count 0
max fanout violation count 0
max cap violation count 0
============================================================================

===========================================================================
check_setup -verbose -unconstrained_endpoints -multiple_clock -no_clock -no_input_delay -loops -generated_clocks
===========================================================================
Warning: There are 36 input ports missing set_input_delay.
  A_in[0]
  A_in[10]
  A_in[11]
  A_in[12]
  A_in[13]
  A_in[14]
  A_in[15]
  A_in[1]
  A_in[2]
  A_in[3]
  A_in[4]
  A_in[5]
  A_in[6]
  A_in[7]
  A_in[8]
  A_in[9]
  B_in[0]
  B_in[10]
  B_in[11]
  B_in[12]
  B_in[13]
  B_in[14]
  B_in[15]
  B_in[1]
  B_in[2]
  B_in[3]
  B_in[4]
  B_in[5]
  B_in[6]
  B_in[7]
  B_in[8]
  B_in[9]
  Op_Sel[0]
  Op_Sel[1]
  Start
  rst_n
Warning: There are 17 unconstrained endpoints.
  Done
  X_out[0]
  X_out[10]
  X_out[11]
  X_out[12]
  X_out[13]
  X_out[14]
  X_out[15]
  X_out[1]
  X_out[2]
  X_out[3]
  X_out[4]
  X_out[5]
  X_out[6]
  X_out[7]
  X_out[8]
  X_out[9]
