Clock: clk
Sources: clk 
Generated: no
Virtual: yes
Propagated: no
Period: 12.000000

===========================================================================
report_clock_properties
============================================================================
Clock                   Period          Waveform
----------------------------------------------------
clk                  12.000000    0.000000  6.000000

===========================================================================
report_clock_latency
============================================================================
Clock clk
rise -> rise
    min     max
0.000000 0.000000 source latency
0.721599         network latency _3222_/CLK
        0.750184 network latency _3256_/CLK
---------------
0.721599 0.750184 latency
        0.028585 skew

fall -> fall
    min     max
0.000000 0.000000 source latency
0.697847         network latency _3222_/CLK
        0.719424 network latency _3256_/CLK
---------------
0.697847 0.719424 latency
        0.021577 skew



===========================================================================
report_clock_min_period
============================================================================
clk period_min = 20.01 fmax = 49.97
