Clock: clk
Sources: clk 
Generated: no
Virtual: yes
Propagated: no
Period: 5.000000

===========================================================================
report_clock_properties
============================================================================
Clock                   Period          Waveform
----------------------------------------------------
clk                   5.000000    0.000000  2.500000

===========================================================================
report_clock_latency
============================================================================
Clock clk
rise -> rise
    min     max
0.000000 0.000000 source latency
0.425804         network latency _3222_/CLK
        0.450026 network latency _3295_/CLK
---------------
0.425804 0.450026 latency
        0.024221 skew

fall -> fall
    min     max
0.000000 0.000000 source latency
0.405198         network latency _3222_/CLK
        0.424453 network latency _3295_/CLK
---------------
0.405198 0.424453 latency
        0.019255 skew



===========================================================================
report_clock_min_period
============================================================================
clk period_min = 10.06 fmax = 99.42
