
===========================================================================
report_checks -unconstrained
===========================================================================
======================= nom_tt_025C_1v80 Corner ===================================

Startpoint: _3302_ (rising edge-triggered flip-flop clocked by clk)
Endpoint: _3238_ (rising edge-triggered flip-flop clocked by clk)
Path Group: clk
Path Type: max

Fanout         Cap        Slew       Delay        Time   Description
---------------------------------------------------------------------------------------------
                                  0.000000    0.000000   clock clk (rise edge)
                                  0.000000    0.000000   clock source latency
     2    0.030799    0.000000    0.000000    0.000000 ^ clk (in)
                                                         clk (net)
                      0.001910    0.000955    0.000955 ^ clkbuf_0_clk/A (sky130_fd_sc_hd__clkbuf_16)
    17    0.135549    0.148407    0.192734    0.193689 ^ clkbuf_0_clk/X (sky130_fd_sc_hd__clkbuf_16)
                                                         clknet_0_clk (net)
                      0.149008    0.007571    0.201260 ^ clkbuf_3_0__f_clk/A (sky130_fd_sc_hd__clkbuf_16)
    25    0.082921    0.099804    0.209234    0.410494 ^ clkbuf_3_0__f_clk/X (sky130_fd_sc_hd__clkbuf_16)
                                                         clknet_3_0__leaf_clk (net)
                      0.100063    0.003660    0.414154 ^ _3302_/CLK (sky130_fd_sc_hd__dfrtp_4)
    15    0.046829    0.117084    0.564237    0.978391 v _3302_/Q (sky130_fd_sc_hd__dfrtp_4)
                                                         B_reg[12] (net)
                      0.117140    0.002370    0.980761 v _1910_/C (sky130_fd_sc_hd__and3_1)
     3    0.006430    0.052502    0.224724    1.205485 v _1910_/X (sky130_fd_sc_hd__and3_1)
                                                         _1175_ (net)
                      0.052502    0.000112    1.205598 v _2300_/B (sky130_fd_sc_hd__or4_1)
     4    0.009632    0.126398    0.559341    1.764939 v _2300_/X (sky130_fd_sc_hd__or4_1)
                                                         _1553_ (net)
                      0.126398    0.000267    1.765206 v _2304_/A2 (sky130_fd_sc_hd__a21o_1)
     3    0.007598    0.053823    0.226254    1.991459 v _2304_/X (sky130_fd_sc_hd__a21o_1)
                                                         _1557_ (net)
                      0.053823    0.000166    1.991625 v _2307_/A2 (sky130_fd_sc_hd__a21oi_1)
     3    0.011122    0.259741    0.256938    2.248564 ^ _2307_/Y (sky130_fd_sc_hd__a21oi_1)
                                                         _1560_ (net)
                      0.259741    0.000256    2.248819 ^ _2311_/B (sky130_fd_sc_hd__xor2_1)
     3    0.010833    0.254217    0.277580    2.526400 ^ _2311_/X (sky130_fd_sc_hd__xor2_1)
                                                         _1564_ (net)
                      0.254217    0.000314    2.526714 ^ _2313_/A2 (sky130_fd_sc_hd__a21o_1)
     4    0.011254    0.105623    0.206996    2.733710 ^ _2313_/X (sky130_fd_sc_hd__a21o_1)
                                                         _1566_ (net)
                      0.105623    0.000310    2.734020 ^ _2318_/A1 (sky130_fd_sc_hd__a21oi_1)
     3    0.011964    0.101317    0.122685    2.856704 v _2318_/Y (sky130_fd_sc_hd__a21oi_1)
                                                         _1571_ (net)
                      0.101317    0.000224    2.856929 v _2321_/B (sky130_fd_sc_hd__or3_1)
     3    0.008440    0.096522    0.401705    3.258634 v _2321_/X (sky130_fd_sc_hd__or3_1)
                                                         _1574_ (net)
                      0.096522    0.000182    3.258816 v _2326_/A1 (sky130_fd_sc_hd__a21o_1)
     4    0.010921    0.066166    0.207225    3.466041 v _2326_/X (sky130_fd_sc_hd__a21o_1)
                                                         _1579_ (net)
                      0.066166    0.000296    3.466338 v _2328_/C (sky130_fd_sc_hd__and3_1)
     2    0.005477    0.048215    0.196777    3.663115 v _2328_/X (sky130_fd_sc_hd__and3_1)
                                                         _1581_ (net)
                      0.048215    0.000155    3.663270 v _2330_/C (sky130_fd_sc_hd__or3_2)
     4    0.013092    0.110648    0.461755    4.125025 v _2330_/X (sky130_fd_sc_hd__or3_2)
                                                         _1583_ (net)
                      0.110648    0.000374    4.125399 v _2334_/A1 (sky130_fd_sc_hd__a21o_1)
     5    0.014620    0.081078    0.226315    4.351715 v _2334_/X (sky130_fd_sc_hd__a21o_1)
                                                         _1587_ (net)
                      0.081078    0.000298    4.352013 v _2338_/B (sky130_fd_sc_hd__and3_1)
     2    0.005529    0.048472    0.188462    4.540475 v _2338_/X (sky130_fd_sc_hd__and3_1)
                                                         _1591_ (net)
                      0.048472    0.000159    4.540633 v _2345_/C (sky130_fd_sc_hd__or3_1)
     3    0.008124    0.095644    0.344265    4.884898 v _2345_/X (sky130_fd_sc_hd__or3_1)
                                                         _1598_ (net)
                      0.095644    0.000187    4.885085 v _2347_/A1 (sky130_fd_sc_hd__a21o_1)
     4    0.011085    0.066783    0.207508    5.092593 v _2347_/X (sky130_fd_sc_hd__a21o_1)
                                                         _1600_ (net)
                      0.066783    0.000268    5.092861 v _2350_/C (sky130_fd_sc_hd__and3_1)
     2    0.006295    0.051869    0.201029    5.293890 v _2350_/X (sky130_fd_sc_hd__and3_1)
                                                         _1603_ (net)
                      0.051869    0.000225    5.294116 v _2352_/C (sky130_fd_sc_hd__or3_1)
     3    0.008240    0.096129    0.345847    5.639962 v _2352_/X (sky130_fd_sc_hd__or3_1)
                                                         _0106_ (net)
                      0.096129    0.000247    5.640209 v _2355_/A2 (sky130_fd_sc_hd__a21o_1)
     4    0.010101    0.062851    0.225523    5.865733 v _2355_/X (sky130_fd_sc_hd__a21o_1)
                                                         _0109_ (net)
                      0.062851    0.000222    5.865955 v _2362_/B (sky130_fd_sc_hd__and3_1)
     2    0.005530    0.048451    0.180233    6.046188 v _2362_/X (sky130_fd_sc_hd__and3_1)
                                                         _0116_ (net)
                      0.048451    0.000160    6.046349 v _2364_/C (sky130_fd_sc_hd__or3_1)
     3    0.007993    0.094818    0.343246    6.389595 v _2364_/X (sky130_fd_sc_hd__or3_1)
                                                         _0118_ (net)
                      0.094818    0.000195    6.389790 v _2366_/A2 (sky130_fd_sc_hd__a21o_1)
     4    0.010776    0.065539    0.227418    6.617208 v _2366_/X (sky130_fd_sc_hd__a21o_1)
                                                         _0120_ (net)
                      0.065539    0.000278    6.617486 v _2370_/B (sky130_fd_sc_hd__and3_1)
     2    0.004823    0.045409    0.178038    6.795524 v _2370_/X (sky130_fd_sc_hd__and3_1)
                                                         _0124_ (net)
                      0.045409    0.000104    6.795629 v _2372_/C (sky130_fd_sc_hd__or3_1)
     3    0.008157    0.095817    0.343868    7.139497 v _2372_/X (sky130_fd_sc_hd__or3_1)
                                                         _0126_ (net)
                      0.095817    0.000127    7.139625 v _2378_/A1 (sky130_fd_sc_hd__a21o_1)
     4    0.010448    0.064261    0.205329    7.344953 v _2378_/X (sky130_fd_sc_hd__a21o_1)
                                                         _0132_ (net)
                      0.064261    0.000153    7.345107 v _2383_/C (sky130_fd_sc_hd__and3_1)
     2    0.005717    0.049251    0.197109    7.542215 v _2383_/X (sky130_fd_sc_hd__and3_1)
                                                         _0137_ (net)
                      0.049251    0.000139    7.542354 v _2385_/C (sky130_fd_sc_hd__or3_1)
     3    0.008135    0.095738    0.344510    7.886864 v _2385_/X (sky130_fd_sc_hd__or3_1)
                                                         _0139_ (net)
                      0.095738    0.000217    7.887081 v _2387_/A1 (sky130_fd_sc_hd__a21o_1)
     4    0.011553    0.068642    0.209236    8.096316 v _2387_/X (sky130_fd_sc_hd__a21o_1)
                                                         _0141_ (net)
                      0.068642    0.000195    8.096512 v _2390_/B (sky130_fd_sc_hd__and3_1)
     3    0.009159    0.063556    0.200200    8.296712 v _2390_/X (sky130_fd_sc_hd__and3_1)
                                                         _0144_ (net)
                      0.063556    0.000227    8.296939 v _2392_/C (sky130_fd_sc_hd__or3_1)
     3    0.007574    0.092203    0.344588    8.641528 v _2392_/X (sky130_fd_sc_hd__or3_1)
                                                         _0146_ (net)
                      0.092203    0.000132    8.641660 v _2397_/A1 (sky130_fd_sc_hd__a21o_1)
     4    0.011194    0.067195    0.206469    8.848128 v _2397_/X (sky130_fd_sc_hd__a21o_1)
                                                         _0151_ (net)
                      0.067195    0.000269    8.848398 v _2406_/B (sky130_fd_sc_hd__and3_1)
     2    0.005537    0.048468    0.182235    9.030633 v _2406_/X (sky130_fd_sc_hd__and3_1)
                                                         _0160_ (net)
                      0.048468    0.000121    9.030753 v _2408_/C (sky130_fd_sc_hd__or3_1)
     3    0.008231    0.095991    0.345104    9.375856 v _2408_/X (sky130_fd_sc_hd__or3_1)
                                                         _0162_ (net)
                      0.095991    0.000136    9.375993 v _2410_/A2 (sky130_fd_sc_hd__a21o_1)
     3    0.007187    0.051936    0.212451    9.588444 v _2410_/X (sky130_fd_sc_hd__a21o_1)
                                                         _0164_ (net)
                      0.051936    0.000247    9.588691 v _2413_/C (sky130_fd_sc_hd__and3_1)
     2    0.005476    0.048199    0.190314    9.779004 v _2413_/X (sky130_fd_sc_hd__and3_1)
                                                         _0167_ (net)
                      0.048199    0.000181    9.779185 v _2415_/C (sky130_fd_sc_hd__or3_1)
     3    0.007082    0.089032    0.336251   10.115437 v _2415_/X (sky130_fd_sc_hd__or3_1)
                                                         _0169_ (net)
                      0.089032    0.000147   10.115584 v _2420_/A1 (sky130_fd_sc_hd__a21o_1)
     4    0.012131    0.070946    0.208556   10.324140 v _2420_/X (sky130_fd_sc_hd__a21o_1)
                                                         _0174_ (net)
                      0.070946    0.000165   10.324306 v _2428_/A1 (sky130_fd_sc_hd__a21bo_1)
     1    0.004733    0.042707    0.181595   10.505900 v _2428_/X (sky130_fd_sc_hd__a21bo_1)
                                                         _0180_ (net)
                      0.042707    0.000110   10.506011 v _2429_/B (sky130_fd_sc_hd__xor2_1)
     1    0.002458    0.066786    0.133150   10.639161 v _2429_/X (sky130_fd_sc_hd__xor2_1)
                                                         _0181_ (net)
                      0.066786    0.000053   10.639215 v _2430_/A1 (sky130_fd_sc_hd__mux2_1)
     1    0.002554    0.053626    0.292186   10.931400 v _2430_/X (sky130_fd_sc_hd__mux2_1)
                                                         _0025_ (net)
                      0.053626    0.000055   10.931456 v _3238_/D (sky130_fd_sc_hd__dfrtp_4)
                                             10.931456   data arrival time

                                180.000000  180.000000   clock clk (rise edge)
                                  0.000000  180.000000   clock source latency
     2    0.030799    0.000000    0.000000  180.000000 ^ clk (in)
                                                         clk (net)
                      0.001910    0.000952  180.000961 ^ clkbuf_0_clk/A (sky130_fd_sc_hd__clkbuf_16)
    17    0.135549    0.148407    0.192742  180.193695 ^ clkbuf_0_clk/X (sky130_fd_sc_hd__clkbuf_16)
                                                         clknet_0_clk (net)
                      0.148922    0.007020  180.200714 ^ clkbuf_3_3__f_clk/A (sky130_fd_sc_hd__clkbuf_16)
    35    0.089518    0.106008    0.214243  180.414963 ^ clkbuf_3_3__f_clk/X (sky130_fd_sc_hd__clkbuf_16)
                                                         clknet_3_3__leaf_clk (net)
                      0.106062    0.002217  180.417175 ^ _3238_/CLK (sky130_fd_sc_hd__dfrtp_4)
                                 -0.100000  180.317184   clock uncertainty
                                  0.000000  180.317184   clock reconvergence pessimism
                                 -0.104051  180.213120   library setup time
                                            180.213120   data required time
---------------------------------------------------------------------------------------------
                                            180.213120   data required time
                                            -10.931456   data arrival time
---------------------------------------------------------------------------------------------
                                            169.281662   slack (MET)




===========================================================================
report_checks --slack_max -0.01
============================================================================
======================= nom_tt_025C_1v80 Corner ===================================

No paths found.


===========================================================================
 report_check_types -max_slew -max_cap -max_fanout -violators
============================================================================
======================= nom_tt_025C_1v80 Corner ===================================



===========================================================================
report_parasitic_annotation -report_unannotated
============================================================================
Found 7 unannotated drivers.
 clkload0/Y
 clkload1/Y
 clkload2/Y
 clkload3/Y
 clkload4/Y
 clkload5/Y
 clkload6/Y
Found 0 partially unannotated drivers.

===========================================================================
max slew violation count 0
Writing metric design__max_slew_violation__count__corner:nom_tt_025C_1v80: 0
max fanout violation count 0
Writing metric design__max_fanout_violation__count__corner:nom_tt_025C_1v80: 0
max cap violation count 0
Writing metric design__max_cap_violation__count__corner:nom_tt_025C_1v80: 0
============================================================================

===========================================================================
check_setup -verbose -unconstrained_endpoints -multiple_clock -no_clock -no_input_delay -loops -generated_clocks
===========================================================================
Warning: There are 36 input ports missing set_input_delay.
  A_in[0]
  A_in[10]
  A_in[11]
  A_in[12]
  A_in[13]
  A_in[14]
  A_in[15]
  A_in[1]
  A_in[2]
  A_in[3]
  A_in[4]
  A_in[5]
  A_in[6]
  A_in[7]
  A_in[8]
  A_in[9]
  B_in[0]
  B_in[10]
  B_in[11]
  B_in[12]
  B_in[13]
  B_in[14]
  B_in[15]
  B_in[1]
  B_in[2]
  B_in[3]
  B_in[4]
  B_in[5]
  B_in[6]
  B_in[7]
  B_in[8]
  B_in[9]
  Op_Sel[0]
  Op_Sel[1]
  Start
  rst_n
Warning: There are 17 unconstrained endpoints.
  Done
  X_out[0]
  X_out[10]
  X_out[11]
  X_out[12]
  X_out[13]
  X_out[14]
  X_out[15]
  X_out[1]
  X_out[2]
  X_out[3]
  X_out[4]
  X_out[5]
  X_out[6]
  X_out[7]
  X_out[8]
  X_out[9]
