Clock: clk
Sources: clk 
Generated: no
Virtual: yes
Propagated: no
Period: 20.000000

===========================================================================
report_clock_properties
============================================================================
Clock                   Period          Waveform
----------------------------------------------------
clk                  20.000000    0.000000 10.000000

===========================================================================
report_clock_latency
============================================================================
Clock clk
rise -> rise
    min     max
0.000000 0.000000 source latency
0.435517         network latency _3222_/CLK
        0.459614 network latency _3295_/CLK
---------------
0.435517 0.459614 latency
        0.024097 skew

fall -> fall
    min     max
0.000000 0.000000 source latency
0.412621         network latency _3222_/CLK
        0.432123 network latency _3295_/CLK
---------------
0.412621 0.432123 latency
        0.019502 skew



===========================================================================
report_clock_min_period
============================================================================
clk period_min = 10.29 fmax = 97.22
