
===========================================================================
report_checks -unconstrained
===========================================================================
======================= nom_tt_025C_1v80 Corner ===================================

Startpoint: _3302_ (rising edge-triggered flip-flop clocked by clk)
Endpoint: _3238_ (rising edge-triggered flip-flop clocked by clk)
Path Group: clk
Path Type: max

Fanout         Cap        Slew       Delay        Time   Description
---------------------------------------------------------------------------------------------
                                  0.000000    0.000000   clock clk (rise edge)
                                  0.000000    0.000000   clock source latency
     2    0.042388    0.000000    0.000000    0.000000 ^ clk (in)
                                                         clk (net)
                      0.002245    0.001122    0.001122 ^ clkbuf_0_clk/A (sky130_fd_sc_hd__clkbuf_16)
    17    0.168277    0.180139    0.214514    0.215637 ^ clkbuf_0_clk/X (sky130_fd_sc_hd__clkbuf_16)
                                                         clknet_0_clk (net)
                      0.180686    0.008020    0.223657 ^ clkbuf_3_0__f_clk/A (sky130_fd_sc_hd__clkbuf_16)
    25    0.092921    0.109564    0.226415    0.450072 ^ clkbuf_3_0__f_clk/X (sky130_fd_sc_hd__clkbuf_16)
                                                         clknet_3_0__leaf_clk (net)
                      0.109688    0.003300    0.453372 ^ _3302_/CLK (sky130_fd_sc_hd__dfrtp_4)
     6    0.024971    0.085953    0.530761    0.984133 v _3302_/Q (sky130_fd_sc_hd__dfrtp_4)
                                                         B_reg[12] (net)
                      0.085955    0.001201    0.985334 v _1910_/C (sky130_fd_sc_hd__and3_1)
     3    0.007598    0.057914    0.216160    1.201494 v _1910_/X (sky130_fd_sc_hd__and3_1)
                                                         _1175_ (net)
                      0.057914    0.000203    1.201697 v _2300_/A (sky130_fd_sc_hd__or4_4)
     4    0.009495    0.093205    0.548104    1.749801 v _2300_/X (sky130_fd_sc_hd__or4_4)
                                                         _1553_ (net)
                      0.093205    0.000187    1.749989 v _2304_/A1 (sky130_fd_sc_hd__a21o_1)
     3    0.008001    0.055675    0.194055    1.944044 v _2304_/X (sky130_fd_sc_hd__a21o_1)
                                                         _1557_ (net)
                      0.055675    0.000219    1.944263 v _2307_/A2 (sky130_fd_sc_hd__a21oi_1)
     3    0.010847    0.254461    0.253845    2.198108 ^ _2307_/Y (sky130_fd_sc_hd__a21oi_1)
                                                         _1560_ (net)
                      0.254461    0.000164    2.198272 ^ _2311_/B (sky130_fd_sc_hd__xor2_1)
     3    0.010614    0.250220    0.274013    2.472286 ^ _2311_/X (sky130_fd_sc_hd__xor2_1)
                                                         _1564_ (net)
                      0.250221    0.000272    2.472558 ^ _2313_/A2 (sky130_fd_sc_hd__a21o_1)
     4    0.011016    0.103647    0.204710    2.677268 ^ _2313_/X (sky130_fd_sc_hd__a21o_1)
                                                         _1566_ (net)
                      0.103647    0.000279    2.677547 ^ _2318_/A1 (sky130_fd_sc_hd__a21oi_1)
     3    0.011437    0.097988    0.119363    2.796910 v _2318_/Y (sky130_fd_sc_hd__a21oi_1)
                                                         _1571_ (net)
                      0.097988    0.000190    2.797101 v _2321_/B (sky130_fd_sc_hd__or3_4)
     3    0.007351    0.070450    0.387474    3.184575 v _2321_/X (sky130_fd_sc_hd__or3_4)
                                                         _1574_ (net)
                      0.070450    0.000119    3.184694 v _2326_/A1 (sky130_fd_sc_hd__a21o_1)
     4    0.010380    0.063991    0.194598    3.379292 v _2326_/X (sky130_fd_sc_hd__a21o_1)
                                                         _1579_ (net)
                      0.063991    0.000267    3.379559 v _2327_/A2 (sky130_fd_sc_hd__a21oi_1)
     3    0.011785    0.272414    0.270340    3.649899 ^ _2327_/Y (sky130_fd_sc_hd__a21oi_1)
                                                         _1580_ (net)
                      0.272414    0.000262    3.650162 ^ _2331_/B (sky130_fd_sc_hd__xnor2_1)
     3    0.012849    0.313391    0.231303    3.881465 ^ _2331_/Y (sky130_fd_sc_hd__xnor2_1)
                                                         _1584_ (net)
                      0.313391    0.000280    3.881745 ^ _2334_/A2 (sky130_fd_sc_hd__a21o_1)
     5    0.015396    0.139939    0.241532    4.123277 ^ _2334_/X (sky130_fd_sc_hd__a21o_1)
                                                         _1587_ (net)
                      0.139939    0.000330    4.123607 ^ _2337_/A1 (sky130_fd_sc_hd__a21oi_1)
     3    0.011069    0.099669    0.129124    4.252731 v _2337_/Y (sky130_fd_sc_hd__a21oi_1)
                                                         _1590_ (net)
                      0.099669    0.000258    4.252989 v _2345_/B (sky130_fd_sc_hd__or3_4)
     3    0.008533    0.072317    0.391668    4.644657 v _2345_/X (sky130_fd_sc_hd__or3_4)
                                                         _1598_ (net)
                      0.072317    0.000192    4.644849 v _2347_/A1 (sky130_fd_sc_hd__a21o_1)
     4    0.011171    0.067131    0.198192    4.843042 v _2347_/X (sky130_fd_sc_hd__a21o_1)
                                                         _1600_ (net)
                      0.067131    0.000297    4.843339 v _2348_/A2 (sky130_fd_sc_hd__a21oi_1)
     3    0.014422    0.322910    0.308718    5.152056 ^ _2348_/Y (sky130_fd_sc_hd__a21oi_1)
                                                         _1601_ (net)
                      0.322912    0.000528    5.152584 ^ _2349_/B (sky130_fd_sc_hd__xnor2_1)
     3    0.012525    0.306939    0.234212    5.386796 ^ _2349_/Y (sky130_fd_sc_hd__xnor2_1)
                                                         _1602_ (net)
                      0.306939    0.000290    5.387085 ^ _2355_/A2 (sky130_fd_sc_hd__a21o_1)
     4    0.012993    0.120152    0.226505    5.613591 ^ _2355_/X (sky130_fd_sc_hd__a21o_1)
                                                         _0109_ (net)
                      0.120152    0.000360    5.613951 ^ _2360_/A1 (sky130_fd_sc_hd__a21oi_2)
     3    0.012252    0.067032    0.091379    5.705330 v _2360_/Y (sky130_fd_sc_hd__a21oi_2)
                                                         _0114_ (net)
                      0.067033    0.000381    5.705711 v _2364_/B (sky130_fd_sc_hd__or3_4)
     2    0.005879    0.068106    0.371677    6.077389 v _2364_/X (sky130_fd_sc_hd__or3_4)
                                                         _0118_ (net)
                      0.068106    0.000185    6.077574 v _2366_/A1 (sky130_fd_sc_hd__a21o_1)
     3    0.007069    0.051378    0.179488    6.257061 v _2366_/X (sky130_fd_sc_hd__a21o_1)
                                                         _0120_ (net)
                      0.051378    0.000201    6.257262 v rebuffer6/A (sky130_fd_sc_hd__buf_1)
     2    0.007496    0.051234    0.112245    6.369507 v rebuffer6/X (sky130_fd_sc_hd__buf_1)
                                                         net59 (net)
                      0.051234    0.000145    6.369652 v _2376_/A1 (sky130_fd_sc_hd__a21bo_1)
     1    0.004845    0.043277    0.174214    6.543866 v _2376_/X (sky130_fd_sc_hd__a21bo_1)
                                                         _0130_ (net)
                      0.043277    0.000144    6.544010 v _2377_/B (sky130_fd_sc_hd__xnor2_1)
     3    0.012204    0.300594    0.267594    6.811604 ^ _2377_/Y (sky130_fd_sc_hd__xnor2_1)
                                                         _0131_ (net)
                      0.300595    0.000375    6.811979 ^ _2378_/B1 (sky130_fd_sc_hd__a21o_1)
     4    0.010002    0.095076    0.165388    6.977367 ^ _2378_/X (sky130_fd_sc_hd__a21o_1)
                                                         _0132_ (net)
                      0.095076    0.000129    6.977496 ^ _2382_/A2 (sky130_fd_sc_hd__a21oi_1)
     3    0.012698    0.109607    0.126116    7.103611 v _2382_/Y (sky130_fd_sc_hd__a21oi_1)
                                                         _0136_ (net)
                      0.109607    0.000350    7.103962 v _2385_/B (sky130_fd_sc_hd__or3_4)
     3    0.008263    0.071924    0.394488    7.498450 v _2385_/X (sky130_fd_sc_hd__or3_4)
                                                         _0139_ (net)
                      0.071924    0.000182    7.498632 v _2387_/A1 (sky130_fd_sc_hd__a21o_1)
     4    0.012168    0.071118    0.201616    7.700248 v _2387_/X (sky130_fd_sc_hd__a21o_1)
                                                         _0141_ (net)
                      0.071118    0.000202    7.700449 v _2390_/A (sky130_fd_sc_hd__and3_1)
     3    0.010965    0.070890    0.187359    7.887808 v _2390_/X (sky130_fd_sc_hd__and3_1)
                                                         _0144_ (net)
                      0.070890    0.000219    7.888027 v _2392_/C (sky130_fd_sc_hd__or3_4)
     3    0.007162    0.070120    0.338939    8.226966 v _2392_/X (sky130_fd_sc_hd__or3_4)
                                                         _0146_ (net)
                      0.070120    0.000144    8.227110 v _2397_/A1 (sky130_fd_sc_hd__a21o_1)
     4    0.010622    0.064917    0.195345    8.422455 v _2397_/X (sky130_fd_sc_hd__a21o_1)
                                                         _0151_ (net)
                      0.064917    0.000149    8.422605 v _2406_/A (sky130_fd_sc_hd__and3_1)
     2    0.006435    0.052493    0.165238    8.587843 v _2406_/X (sky130_fd_sc_hd__and3_1)
                                                         _0160_ (net)
                      0.052493    0.000132    8.587975 v _2408_/C (sky130_fd_sc_hd__or3_4)
     3    0.007174    0.070173    0.332894    8.920869 v _2408_/X (sky130_fd_sc_hd__or3_4)
                                                         _0162_ (net)
                      0.070173    0.000158    8.921027 v _2410_/A1 (sky130_fd_sc_hd__a21o_1)
     3    0.007204    0.051994    0.180945    9.101972 v _2410_/X (sky130_fd_sc_hd__a21o_1)
                                                         _0164_ (net)
                      0.051994    0.000188    9.102160 v _2413_/A (sky130_fd_sc_hd__and3_1)
     2    0.005873    0.049969    0.156888    9.259048 v _2413_/X (sky130_fd_sc_hd__and3_1)
                                                         _0167_ (net)
                      0.049969    0.000135    9.259183 v _2415_/C (sky130_fd_sc_hd__or3_4)
     3    0.007110    0.070167    0.332032    9.591215 v _2415_/X (sky130_fd_sc_hd__or3_4)
                                                         _0169_ (net)
                      0.070167    0.000175    9.591391 v _2420_/A1 (sky130_fd_sc_hd__a21o_1)
     4    0.011430    0.068170    0.198220    9.789610 v _2420_/X (sky130_fd_sc_hd__a21o_1)
                                                         _0174_ (net)
                      0.068170    0.000210    9.789821 v _2428_/A1 (sky130_fd_sc_hd__a21bo_1)
     1    0.004315    0.041014    0.178538    9.968359 v _2428_/X (sky130_fd_sc_hd__a21bo_1)
                                                         _0180_ (net)
                      0.041014    0.000084    9.968443 v _2429_/B (sky130_fd_sc_hd__xor2_1)
     1    0.002619    0.069873    0.133539   10.101982 v _2429_/X (sky130_fd_sc_hd__xor2_1)
                                                         _0181_ (net)
                      0.069873    0.000055   10.102036 v _2430_/A1 (sky130_fd_sc_hd__mux2_4)
     1    0.002300    0.046673    0.257126   10.359162 v _2430_/X (sky130_fd_sc_hd__mux2_4)
                                                         _0025_ (net)
                      0.046673    0.000045   10.359208 v _3238_/D (sky130_fd_sc_hd__dfrtp_4)
                                             10.359208   data arrival time

                                 10.125000   10.125000   clock clk (rise edge)
                                  0.000000   10.125000   clock source latency
     2    0.042388    0.000000    0.000000   10.125000 ^ clk (in)
                                                         clk (net)
                      0.002245    0.001123   10.126122 ^ clkbuf_0_clk/A (sky130_fd_sc_hd__clkbuf_16)
    17    0.168277    0.180139    0.214514   10.340636 ^ clkbuf_0_clk/X (sky130_fd_sc_hd__clkbuf_16)
                                                         clknet_0_clk (net)
                      0.180650    0.007761   10.348397 ^ clkbuf_3_3__f_clk/A (sky130_fd_sc_hd__clkbuf_16)
    35    0.097361    0.114321    0.229036   10.577434 ^ clkbuf_3_3__f_clk/X (sky130_fd_sc_hd__clkbuf_16)
                                                         clknet_3_3__leaf_clk (net)
                      0.114577    0.003886   10.581319 ^ _3238_/CLK (sky130_fd_sc_hd__dfrtp_4)
                                 -0.100000   10.481319   clock uncertainty
                                  0.000000   10.481319   clock reconvergence pessimism
                                 -0.099080   10.382239   library setup time
                                             10.382239   data required time
---------------------------------------------------------------------------------------------
                                             10.382239   data required time
                                            -10.359208   data arrival time
---------------------------------------------------------------------------------------------
                                              0.023031   slack (MET)




===========================================================================
report_checks --slack_max -0.01
============================================================================
======================= nom_tt_025C_1v80 Corner ===================================

No paths found.


===========================================================================
 report_check_types -max_slew -max_cap -max_fanout -violators
============================================================================
======================= nom_tt_025C_1v80 Corner ===================================



===========================================================================
report_parasitic_annotation -report_unannotated
============================================================================
Found 7 unannotated drivers.
 clkload0/Y
 clkload1/Y
 clkload2/Y
 clkload3/Y
 clkload4/Y
 clkload5/Y
 clkload6/Y
Found 0 partially unannotated drivers.

===========================================================================
max slew violation count 0
max fanout violation count 0
max cap violation count 0
============================================================================

===========================================================================
check_setup -verbose -unconstrained_endpoints -multiple_clock -no_clock -no_input_delay -loops -generated_clocks
===========================================================================
Warning: There are 36 input ports missing set_input_delay.
  A_in[0]
  A_in[10]
  A_in[11]
  A_in[12]
  A_in[13]
  A_in[14]
  A_in[15]
  A_in[1]
  A_in[2]
  A_in[3]
  A_in[4]
  A_in[5]
  A_in[6]
  A_in[7]
  A_in[8]
  A_in[9]
  B_in[0]
  B_in[10]
  B_in[11]
  B_in[12]
  B_in[13]
  B_in[14]
  B_in[15]
  B_in[1]
  B_in[2]
  B_in[3]
  B_in[4]
  B_in[5]
  B_in[6]
  B_in[7]
  B_in[8]
  B_in[9]
  Op_Sel[0]
  Op_Sel[1]
  Start
  rst_n
Warning: There are 17 unconstrained endpoints.
  Done
  X_out[0]
  X_out[10]
  X_out[11]
  X_out[12]
  X_out[13]
  X_out[14]
  X_out[15]
  X_out[1]
  X_out[2]
  X_out[3]
  X_out[4]
  X_out[5]
  X_out[6]
  X_out[7]
  X_out[8]
  X_out[9]
