
===========================================================================
report_checks -unconstrained
===========================================================================
======================= nom_ss_100C_1v60 Corner ===================================

Startpoint: _3302_ (rising edge-triggered flip-flop clocked by clk)
Endpoint: _3238_ (rising edge-triggered flip-flop clocked by clk)
Path Group: clk
Path Type: max

Fanout         Cap        Slew       Delay        Time   Description
---------------------------------------------------------------------------------------------
                                  0.000000    0.000000   clock clk (rise edge)
                                  0.000000    0.000000   clock source latency
     2    0.041326    0.000000    0.000000    0.000000 ^ clk (in)
                                                         clk (net)
                      0.002164    0.001082    0.001082 ^ clkbuf_0_clk/A (sky130_fd_sc_hd__clkbuf_16)
    17    0.164677    0.267471    0.352197    0.353279 ^ clkbuf_0_clk/X (sky130_fd_sc_hd__clkbuf_16)
                                                         clknet_0_clk (net)
                      0.267875    0.008548    0.361827 ^ clkbuf_3_0__f_clk/A (sky130_fd_sc_hd__clkbuf_16)
    25    0.093142    0.166832    0.395950    0.757777 ^ clkbuf_3_0__f_clk/X (sky130_fd_sc_hd__clkbuf_16)
                                                         clknet_3_0__leaf_clk (net)
                      0.166908    0.003325    0.761101 ^ _3302_/CLK (sky130_fd_sc_hd__dfrtp_4)
     6    0.023891    0.162210    1.107735    1.868836 v _3302_/Q (sky130_fd_sc_hd__dfrtp_4)
                                                         B_reg[12] (net)
                      0.162210    0.001454    1.870290 v _1910_/C (sky130_fd_sc_hd__and3_1)
     3    0.006900    0.103973    0.443091    2.313381 v _1910_/X (sky130_fd_sc_hd__and3_1)
                                                         _1175_ (net)
                      0.103973    0.000188    2.313570 v _2300_/A (sky130_fd_sc_hd__or4_4)
     4    0.009532    0.172578    1.092152    3.405722 v _2300_/X (sky130_fd_sc_hd__or4_4)
                                                         _1553_ (net)
                      0.172578    0.000201    3.405922 v _2304_/A1 (sky130_fd_sc_hd__a21o_1)
     3    0.007641    0.097706    0.369024    3.774946 v _2304_/X (sky130_fd_sc_hd__a21o_1)
                                                         _1557_ (net)
                      0.097706    0.000185    3.775131 v _2307_/A2 (sky130_fd_sc_hd__a21oi_1)
     3    0.011169    0.421381    0.432728    4.207859 ^ _2307_/Y (sky130_fd_sc_hd__a21oi_1)
                                                         _1560_ (net)
                      0.421381    0.000182    4.208041 ^ _2311_/B (sky130_fd_sc_hd__xor2_1)
     3    0.011018    0.419672    0.536349    4.744390 ^ _2311_/X (sky130_fd_sc_hd__xor2_1)
                                                         _1564_ (net)
                      0.419672    0.000232    4.744622 ^ _2313_/A2 (sky130_fd_sc_hd__a21o_1)
     4    0.010504    0.160425    0.413032    5.157654 ^ _2313_/X (sky130_fd_sc_hd__a21o_1)
                                                         _1566_ (net)
                      0.160425    0.000259    5.157913 ^ _2318_/A1 (sky130_fd_sc_hd__a21oi_1)
     3    0.011025    0.208266    0.252224    5.410137 v _2318_/Y (sky130_fd_sc_hd__a21oi_1)
                                                         _1571_ (net)
                      0.208266    0.000248    5.410386 v _2321_/B (sky130_fd_sc_hd__or3_4)
     3    0.008790    0.132241    0.791995    6.202380 v _2321_/X (sky130_fd_sc_hd__or3_4)
                                                         _1574_ (net)
                      0.132241    0.000277    6.202657 v _2326_/A1 (sky130_fd_sc_hd__a21o_1)
     4    0.010634    0.121714    0.374200    6.576857 v _2326_/X (sky130_fd_sc_hd__a21o_1)
                                                         _1579_ (net)
                      0.121714    0.000263    6.577120 v _2328_/B (sky130_fd_sc_hd__and3_1)
     2    0.006120    0.097852    0.387752    6.964872 v _2328_/X (sky130_fd_sc_hd__and3_1)
                                                         _1581_ (net)
                      0.097852    0.000163    6.965035 v _2330_/A (sky130_fd_sc_hd__or3_4)
     3    0.006999    0.127869    0.774367    7.739402 v _2330_/X (sky130_fd_sc_hd__or3_4)
                                                         _1583_ (net)
                      0.127869    0.000169    7.739571 v _2334_/A1 (sky130_fd_sc_hd__a21o_1)
     3    0.007001    0.092632    0.344779    8.084351 v _2334_/X (sky130_fd_sc_hd__a21o_1)
                                                         _1587_ (net)
                      0.092632    0.000163    8.084514 v _2338_/A (sky130_fd_sc_hd__and3_1)
     2    0.005502    0.093066    0.327450    8.411963 v _2338_/X (sky130_fd_sc_hd__and3_1)
                                                         _1591_ (net)
                      0.093066    0.000152    8.412116 v _2345_/C (sky130_fd_sc_hd__or3_4)
     3    0.009031    0.132859    0.680870    9.092986 v _2345_/X (sky130_fd_sc_hd__or3_4)
                                                         _1598_ (net)
                      0.132859    0.000164    9.093150 v _2347_/A1 (sky130_fd_sc_hd__a21o_1)
     3    0.008613    0.105682    0.359159    9.452310 v _2347_/X (sky130_fd_sc_hd__a21o_1)
                                                         _1600_ (net)
                      0.105682    0.000242    9.452552 v _2348_/A2 (sky130_fd_sc_hd__a21oi_1)
     3    0.013241    0.486542    0.483960    9.936512 ^ _2348_/Y (sky130_fd_sc_hd__a21oi_1)
                                                         _1601_ (net)
                      0.486542    0.000386    9.936898 ^ _2349_/B (sky130_fd_sc_hd__xnor2_1)
     3    0.016717    0.641615    0.489810   10.426708 ^ _2349_/Y (sky130_fd_sc_hd__xnor2_1)
                                                         _1602_ (net)
                      0.641615    0.000358   10.427067 ^ _2355_/A2 (sky130_fd_sc_hd__a21o_1)
     4    0.009102    0.144331    0.473064   10.900131 ^ _2355_/X (sky130_fd_sc_hd__a21o_1)
                                                         _0109_ (net)
                      0.144331    0.000203   10.900333 ^ _2360_/A1 (sky130_fd_sc_hd__a21oi_1)
     3    0.012831    0.235255    0.265867   11.166201 v _2360_/Y (sky130_fd_sc_hd__a21oi_1)
                                                         _0114_ (net)
                      0.235255    0.000330   11.166532 v _2364_/B (sky130_fd_sc_hd__or3_4)
     3    0.007414    0.128778    0.795861   11.962392 v _2364_/X (sky130_fd_sc_hd__or3_4)
                                                         _0118_ (net)
                      0.128778    0.000204   11.962597 v _2366_/A1 (sky130_fd_sc_hd__a21o_1)
     4    0.011092    0.125515    0.376110   12.338706 v _2366_/X (sky130_fd_sc_hd__a21o_1)
                                                         _0120_ (net)
                      0.125515    0.000345   12.339051 v _2370_/A (sky130_fd_sc_hd__and3_1)
     2    0.006846    0.103531    0.354157   12.693208 v _2370_/X (sky130_fd_sc_hd__and3_1)
                                                         _0124_ (net)
                      0.103531    0.000194   12.693401 v _2372_/C (sky130_fd_sc_hd__or3_4)
     3    0.009580    0.134135    0.687122   13.380523 v _2372_/X (sky130_fd_sc_hd__or3_4)
                                                         _0126_ (net)
                      0.134135    0.000147   13.380671 v _2378_/A1 (sky130_fd_sc_hd__a21o_1)
     4    0.009997    0.116553    0.370213   13.750883 v _2378_/X (sky130_fd_sc_hd__a21o_1)
                                                         _0132_ (net)
                      0.116553    0.000216   13.751100 v _2383_/A (sky130_fd_sc_hd__and3_1)
     2    0.007960    0.112619    0.358932   14.110032 v _2383_/X (sky130_fd_sc_hd__and3_1)
                                                         _0137_ (net)
                      0.112619    0.000306   14.110338 v _2385_/C (sky130_fd_sc_hd__or3_4)
     3    0.008365    0.131091    0.684233   14.794571 v _2385_/X (sky130_fd_sc_hd__or3_4)
                                                         _0139_ (net)
                      0.131091    0.000187   14.794759 v _2387_/A1 (sky130_fd_sc_hd__a21o_1)
     4    0.012256    0.135089    0.386037   15.180796 v _2387_/X (sky130_fd_sc_hd__a21o_1)
                                                         _0141_ (net)
                      0.135089    0.000176   15.180971 v _2390_/A (sky130_fd_sc_hd__and3_1)
     3    0.011332    0.141428    0.395266   15.576238 v _2390_/X (sky130_fd_sc_hd__and3_1)
                                                         _0144_ (net)
                      0.141428    0.000343   15.576580 v _2392_/C (sky130_fd_sc_hd__or3_4)
     3    0.006871    0.127309    0.686670   16.263250 v _2392_/X (sky130_fd_sc_hd__or3_4)
                                                         _0146_ (net)
                      0.127309    0.000167   16.263418 v _2397_/A1 (sky130_fd_sc_hd__a21o_1)
     4    0.010770    0.122810    0.373120   16.636538 v _2397_/X (sky130_fd_sc_hd__a21o_1)
                                                         _0151_ (net)
                      0.122810    0.000204   16.636742 v _2406_/A (sky130_fd_sc_hd__and3_1)
     2    0.006528    0.101012    0.350267   16.987009 v _2406_/X (sky130_fd_sc_hd__and3_1)
                                                         _0160_ (net)
                      0.101012    0.000169   16.987179 v _2408_/C (sky130_fd_sc_hd__or3_4)
     3    0.008342    0.131109    0.680176   17.667355 v _2408_/X (sky130_fd_sc_hd__or3_4)
                                                         _0162_ (net)
                      0.131109    0.000163   17.667519 v _2410_/A1 (sky130_fd_sc_hd__a21o_1)
     3    0.007044    0.093045    0.346507   18.014025 v _2410_/X (sky130_fd_sc_hd__a21o_1)
                                                         _0164_ (net)
                      0.093045    0.000167   18.014191 v _2413_/A (sky130_fd_sc_hd__and3_1)
     2    0.006006    0.096941    0.331788   18.345980 v _2413_/X (sky130_fd_sc_hd__and3_1)
                                                         _0167_ (net)
                      0.096941    0.000103   18.346083 v _2415_/C (sky130_fd_sc_hd__or3_4)
     3    0.006852    0.127450    0.671456   19.017538 v _2415_/X (sky130_fd_sc_hd__or3_4)
                                                         _0169_ (net)
                      0.127451    0.000167   19.017706 v _2420_/A1 (sky130_fd_sc_hd__a21o_1)
     4    0.011755    0.130940    0.380679   19.398384 v _2420_/X (sky130_fd_sc_hd__a21o_1)
                                                         _0174_ (net)
                      0.130940    0.000165   19.398550 v _2428_/A1 (sky130_fd_sc_hd__a21bo_1)
     1    0.004388    0.075553    0.345651   19.744200 v _2428_/X (sky130_fd_sc_hd__a21bo_1)
                                                         _0180_ (net)
                      0.075553    0.000085   19.744286 v _2429_/B (sky130_fd_sc_hd__xor2_1)
     1    0.002605    0.122015    0.261863   20.006149 v _2429_/X (sky130_fd_sc_hd__xor2_1)
                                                         _0181_ (net)
                      0.122015    0.000053   20.006201 v _2430_/A1 (sky130_fd_sc_hd__mux2_4)
     1    0.002273    0.076857    0.483020   20.489222 v _2430_/X (sky130_fd_sc_hd__mux2_4)
                                                         _0025_ (net)
                      0.076857    0.000046   20.489267 v _3238_/D (sky130_fd_sc_hd__dfrtp_4)
                                             20.489267   data arrival time

                                 11.000000   11.000000   clock clk (rise edge)
                                  0.000000   11.000000   clock source latency
     2    0.041326    0.000000    0.000000   11.000000 ^ clk (in)
                                                         clk (net)
                      0.002164    0.001082   11.001082 ^ clkbuf_0_clk/A (sky130_fd_sc_hd__clkbuf_16)
    17    0.164677    0.267471    0.352197   11.353279 ^ clkbuf_0_clk/X (sky130_fd_sc_hd__clkbuf_16)
                                                         clknet_0_clk (net)
                      0.267849    0.008280   11.361560 ^ clkbuf_3_3__f_clk/A (sky130_fd_sc_hd__clkbuf_16)
    35    0.098782    0.174709    0.401833   11.763393 ^ clkbuf_3_3__f_clk/X (sky130_fd_sc_hd__clkbuf_16)
                                                         clknet_3_3__leaf_clk (net)
                      0.174746    0.002554   11.765946 ^ _3238_/CLK (sky130_fd_sc_hd__dfrtp_4)
                                 -0.100000   11.665947   clock uncertainty
                                  0.000000   11.665947   clock reconvergence pessimism
                                 -0.249795   11.416152   library setup time
                                             11.416152   data required time
---------------------------------------------------------------------------------------------
                                             11.416152   data required time
                                            -20.489267   data arrival time
---------------------------------------------------------------------------------------------
                                             -9.073116   slack (VIOLATED)




===========================================================================
report_checks --slack_max -0.01
============================================================================
======================= nom_ss_100C_1v60 Corner ===================================

Startpoint: _3302_ (rising edge-triggered flip-flop clocked by clk)
Endpoint: _3238_ (rising edge-triggered flip-flop clocked by clk)
Path Group: clk
Path Type: max

Fanout         Cap        Slew       Delay        Time   Description
---------------------------------------------------------------------------------------------
                                  0.000000    0.000000   clock clk (rise edge)
                                  0.000000    0.000000   clock source latency
     2    0.041326    0.000000    0.000000    0.000000 ^ clk (in)
                                                         clk (net)
                      0.002164    0.001082    0.001082 ^ clkbuf_0_clk/A (sky130_fd_sc_hd__clkbuf_16)
    17    0.164677    0.267471    0.352197    0.353279 ^ clkbuf_0_clk/X (sky130_fd_sc_hd__clkbuf_16)
                                                         clknet_0_clk (net)
                      0.267875    0.008548    0.361827 ^ clkbuf_3_0__f_clk/A (sky130_fd_sc_hd__clkbuf_16)
    25    0.093142    0.166832    0.395950    0.757777 ^ clkbuf_3_0__f_clk/X (sky130_fd_sc_hd__clkbuf_16)
                                                         clknet_3_0__leaf_clk (net)
                      0.166908    0.003325    0.761101 ^ _3302_/CLK (sky130_fd_sc_hd__dfrtp_4)
     6    0.023891    0.162210    1.107735    1.868836 v _3302_/Q (sky130_fd_sc_hd__dfrtp_4)
                                                         B_reg[12] (net)
                      0.162210    0.001454    1.870290 v _1910_/C (sky130_fd_sc_hd__and3_1)
     3    0.006900    0.103973    0.443091    2.313381 v _1910_/X (sky130_fd_sc_hd__and3_1)
                                                         _1175_ (net)
                      0.103973    0.000188    2.313570 v _2300_/A (sky130_fd_sc_hd__or4_4)
     4    0.009532    0.172578    1.092152    3.405722 v _2300_/X (sky130_fd_sc_hd__or4_4)
                                                         _1553_ (net)
                      0.172578    0.000201    3.405922 v _2304_/A1 (sky130_fd_sc_hd__a21o_1)
     3    0.007641    0.097706    0.369024    3.774946 v _2304_/X (sky130_fd_sc_hd__a21o_1)
                                                         _1557_ (net)
                      0.097706    0.000185    3.775131 v _2307_/A2 (sky130_fd_sc_hd__a21oi_1)
     3    0.011169    0.421381    0.432728    4.207859 ^ _2307_/Y (sky130_fd_sc_hd__a21oi_1)
                                                         _1560_ (net)
                      0.421381    0.000182    4.208041 ^ _2311_/B (sky130_fd_sc_hd__xor2_1)
     3    0.011018    0.419672    0.536349    4.744390 ^ _2311_/X (sky130_fd_sc_hd__xor2_1)
                                                         _1564_ (net)
                      0.419672    0.000232    4.744622 ^ _2313_/A2 (sky130_fd_sc_hd__a21o_1)
     4    0.010504    0.160425    0.413032    5.157654 ^ _2313_/X (sky130_fd_sc_hd__a21o_1)
                                                         _1566_ (net)
                      0.160425    0.000259    5.157913 ^ _2318_/A1 (sky130_fd_sc_hd__a21oi_1)
     3    0.011025    0.208266    0.252224    5.410137 v _2318_/Y (sky130_fd_sc_hd__a21oi_1)
                                                         _1571_ (net)
                      0.208266    0.000248    5.410386 v _2321_/B (sky130_fd_sc_hd__or3_4)
     3    0.008790    0.132241    0.791995    6.202380 v _2321_/X (sky130_fd_sc_hd__or3_4)
                                                         _1574_ (net)
                      0.132241    0.000277    6.202657 v _2326_/A1 (sky130_fd_sc_hd__a21o_1)
     4    0.010634    0.121714    0.374200    6.576857 v _2326_/X (sky130_fd_sc_hd__a21o_1)
                                                         _1579_ (net)
                      0.121714    0.000263    6.577120 v _2328_/B (sky130_fd_sc_hd__and3_1)
     2    0.006120    0.097852    0.387752    6.964872 v _2328_/X (sky130_fd_sc_hd__and3_1)
                                                         _1581_ (net)
                      0.097852    0.000163    6.965035 v _2330_/A (sky130_fd_sc_hd__or3_4)
     3    0.006999    0.127869    0.774367    7.739402 v _2330_/X (sky130_fd_sc_hd__or3_4)
                                                         _1583_ (net)
                      0.127869    0.000169    7.739571 v _2334_/A1 (sky130_fd_sc_hd__a21o_1)
     3    0.007001    0.092632    0.344779    8.084351 v _2334_/X (sky130_fd_sc_hd__a21o_1)
                                                         _1587_ (net)
                      0.092632    0.000163    8.084514 v _2338_/A (sky130_fd_sc_hd__and3_1)
     2    0.005502    0.093066    0.327450    8.411963 v _2338_/X (sky130_fd_sc_hd__and3_1)
                                                         _1591_ (net)
                      0.093066    0.000152    8.412116 v _2345_/C (sky130_fd_sc_hd__or3_4)
     3    0.009031    0.132859    0.680870    9.092986 v _2345_/X (sky130_fd_sc_hd__or3_4)
                                                         _1598_ (net)
                      0.132859    0.000164    9.093150 v _2347_/A1 (sky130_fd_sc_hd__a21o_1)
     3    0.008613    0.105682    0.359159    9.452310 v _2347_/X (sky130_fd_sc_hd__a21o_1)
                                                         _1600_ (net)
                      0.105682    0.000242    9.452552 v _2348_/A2 (sky130_fd_sc_hd__a21oi_1)
     3    0.013241    0.486542    0.483960    9.936512 ^ _2348_/Y (sky130_fd_sc_hd__a21oi_1)
                                                         _1601_ (net)
                      0.486542    0.000386    9.936898 ^ _2349_/B (sky130_fd_sc_hd__xnor2_1)
     3    0.016717    0.641615    0.489810   10.426708 ^ _2349_/Y (sky130_fd_sc_hd__xnor2_1)
                                                         _1602_ (net)
                      0.641615    0.000358   10.427067 ^ _2355_/A2 (sky130_fd_sc_hd__a21o_1)
     4    0.009102    0.144331    0.473064   10.900131 ^ _2355_/X (sky130_fd_sc_hd__a21o_1)
                                                         _0109_ (net)
                      0.144331    0.000203   10.900333 ^ _2360_/A1 (sky130_fd_sc_hd__a21oi_1)
     3    0.012831    0.235255    0.265867   11.166201 v _2360_/Y (sky130_fd_sc_hd__a21oi_1)
                                                         _0114_ (net)
                      0.235255    0.000330   11.166532 v _2364_/B (sky130_fd_sc_hd__or3_4)
     3    0.007414    0.128778    0.795861   11.962392 v _2364_/X (sky130_fd_sc_hd__or3_4)
                                                         _0118_ (net)
                      0.128778    0.000204   11.962597 v _2366_/A1 (sky130_fd_sc_hd__a21o_1)
     4    0.011092    0.125515    0.376110   12.338706 v _2366_/X (sky130_fd_sc_hd__a21o_1)
                                                         _0120_ (net)
                      0.125515    0.000345   12.339051 v _2370_/A (sky130_fd_sc_hd__and3_1)
     2    0.006846    0.103531    0.354157   12.693208 v _2370_/X (sky130_fd_sc_hd__and3_1)
                                                         _0124_ (net)
                      0.103531    0.000194   12.693401 v _2372_/C (sky130_fd_sc_hd__or3_4)
     3    0.009580    0.134135    0.687122   13.380523 v _2372_/X (sky130_fd_sc_hd__or3_4)
                                                         _0126_ (net)
                      0.134135    0.000147   13.380671 v _2378_/A1 (sky130_fd_sc_hd__a21o_1)
     4    0.009997    0.116553    0.370213   13.750883 v _2378_/X (sky130_fd_sc_hd__a21o_1)
                                                         _0132_ (net)
                      0.116553    0.000216   13.751100 v _2383_/A (sky130_fd_sc_hd__and3_1)
     2    0.007960    0.112619    0.358932   14.110032 v _2383_/X (sky130_fd_sc_hd__and3_1)
                                                         _0137_ (net)
                      0.112619    0.000306   14.110338 v _2385_/C (sky130_fd_sc_hd__or3_4)
     3    0.008365    0.131091    0.684233   14.794571 v _2385_/X (sky130_fd_sc_hd__or3_4)
                                                         _0139_ (net)
                      0.131091    0.000187   14.794759 v _2387_/A1 (sky130_fd_sc_hd__a21o_1)
     4    0.012256    0.135089    0.386037   15.180796 v _2387_/X (sky130_fd_sc_hd__a21o_1)
                                                         _0141_ (net)
                      0.135089    0.000176   15.180971 v _2390_/A (sky130_fd_sc_hd__and3_1)
     3    0.011332    0.141428    0.395266   15.576238 v _2390_/X (sky130_fd_sc_hd__and3_1)
                                                         _0144_ (net)
                      0.141428    0.000343   15.576580 v _2392_/C (sky130_fd_sc_hd__or3_4)
     3    0.006871    0.127309    0.686670   16.263250 v _2392_/X (sky130_fd_sc_hd__or3_4)
                                                         _0146_ (net)
                      0.127309    0.000167   16.263418 v _2397_/A1 (sky130_fd_sc_hd__a21o_1)
     4    0.010770    0.122810    0.373120   16.636538 v _2397_/X (sky130_fd_sc_hd__a21o_1)
                                                         _0151_ (net)
                      0.122810    0.000204   16.636742 v _2406_/A (sky130_fd_sc_hd__and3_1)
     2    0.006528    0.101012    0.350267   16.987009 v _2406_/X (sky130_fd_sc_hd__and3_1)
                                                         _0160_ (net)
                      0.101012    0.000169   16.987179 v _2408_/C (sky130_fd_sc_hd__or3_4)
     3    0.008342    0.131109    0.680176   17.667355 v _2408_/X (sky130_fd_sc_hd__or3_4)
                                                         _0162_ (net)
                      0.131109    0.000163   17.667519 v _2410_/A1 (sky130_fd_sc_hd__a21o_1)
     3    0.007044    0.093045    0.346507   18.014025 v _2410_/X (sky130_fd_sc_hd__a21o_1)
                                                         _0164_ (net)
                      0.093045    0.000167   18.014191 v _2413_/A (sky130_fd_sc_hd__and3_1)
     2    0.006006    0.096941    0.331788   18.345980 v _2413_/X (sky130_fd_sc_hd__and3_1)
                                                         _0167_ (net)
                      0.096941    0.000103   18.346083 v _2415_/C (sky130_fd_sc_hd__or3_4)
     3    0.006852    0.127450    0.671456   19.017538 v _2415_/X (sky130_fd_sc_hd__or3_4)
                                                         _0169_ (net)
                      0.127451    0.000167   19.017706 v _2420_/A1 (sky130_fd_sc_hd__a21o_1)
     4    0.011755    0.130940    0.380679   19.398384 v _2420_/X (sky130_fd_sc_hd__a21o_1)
                                                         _0174_ (net)
                      0.130940    0.000165   19.398550 v _2428_/A1 (sky130_fd_sc_hd__a21bo_1)
     1    0.004388    0.075553    0.345651   19.744200 v _2428_/X (sky130_fd_sc_hd__a21bo_1)
                                                         _0180_ (net)
                      0.075553    0.000085   19.744286 v _2429_/B (sky130_fd_sc_hd__xor2_1)
     1    0.002605    0.122015    0.261863   20.006149 v _2429_/X (sky130_fd_sc_hd__xor2_1)
                                                         _0181_ (net)
                      0.122015    0.000053   20.006201 v _2430_/A1 (sky130_fd_sc_hd__mux2_4)
     1    0.002273    0.076857    0.483020   20.489222 v _2430_/X (sky130_fd_sc_hd__mux2_4)
                                                         _0025_ (net)
                      0.076857    0.000046   20.489267 v _3238_/D (sky130_fd_sc_hd__dfrtp_4)
                                             20.489267   data arrival time

                                 11.000000   11.000000   clock clk (rise edge)
                                  0.000000   11.000000   clock source latency
     2    0.041326    0.000000    0.000000   11.000000 ^ clk (in)
                                                         clk (net)
                      0.002164    0.001082   11.001082 ^ clkbuf_0_clk/A (sky130_fd_sc_hd__clkbuf_16)
    17    0.164677    0.267471    0.352197   11.353279 ^ clkbuf_0_clk/X (sky130_fd_sc_hd__clkbuf_16)
                                                         clknet_0_clk (net)
                      0.267849    0.008280   11.361560 ^ clkbuf_3_3__f_clk/A (sky130_fd_sc_hd__clkbuf_16)
    35    0.098782    0.174709    0.401833   11.763393 ^ clkbuf_3_3__f_clk/X (sky130_fd_sc_hd__clkbuf_16)
                                                         clknet_3_3__leaf_clk (net)
                      0.174746    0.002554   11.765946 ^ _3238_/CLK (sky130_fd_sc_hd__dfrtp_4)
                                 -0.100000   11.665947   clock uncertainty
                                  0.000000   11.665947   clock reconvergence pessimism
                                 -0.249795   11.416152   library setup time
                                             11.416152   data required time
---------------------------------------------------------------------------------------------
                                             11.416152   data required time
                                            -20.489267   data arrival time
---------------------------------------------------------------------------------------------
                                             -9.073116   slack (VIOLATED)




===========================================================================
 report_check_types -max_slew -max_cap -max_fanout -violators
============================================================================
======================= nom_ss_100C_1v60 Corner ===================================



===========================================================================
report_parasitic_annotation -report_unannotated
============================================================================
Found 7 unannotated drivers.
 clkload0/Y
 clkload1/Y
 clkload2/Y
 clkload3/Y
 clkload4/Y
 clkload5/Y
 clkload6/Y
Found 0 partially unannotated drivers.

===========================================================================
max slew violation count 0
max fanout violation count 0
max cap violation count 0
============================================================================

===========================================================================
check_setup -verbose -unconstrained_endpoints -multiple_clock -no_clock -no_input_delay -loops -generated_clocks
===========================================================================
Warning: There are 36 input ports missing set_input_delay.
  A_in[0]
  A_in[10]
  A_in[11]
  A_in[12]
  A_in[13]
  A_in[14]
  A_in[15]
  A_in[1]
  A_in[2]
  A_in[3]
  A_in[4]
  A_in[5]
  A_in[6]
  A_in[7]
  A_in[8]
  A_in[9]
  B_in[0]
  B_in[10]
  B_in[11]
  B_in[12]
  B_in[13]
  B_in[14]
  B_in[15]
  B_in[1]
  B_in[2]
  B_in[3]
  B_in[4]
  B_in[5]
  B_in[6]
  B_in[7]
  B_in[8]
  B_in[9]
  Op_Sel[0]
  Op_Sel[1]
  Start
  rst_n
Warning: There are 17 unconstrained endpoints.
  Done
  X_out[0]
  X_out[10]
  X_out[11]
  X_out[12]
  X_out[13]
  X_out[14]
  X_out[15]
  X_out[1]
  X_out[2]
  X_out[3]
  X_out[4]
  X_out[5]
  X_out[6]
  X_out[7]
  X_out[8]
  X_out[9]
