
===========================================================================
report_checks -unconstrained
===========================================================================
======================= nom_ss_100C_1v60 Corner ===================================

Startpoint: _3302_ (rising edge-triggered flip-flop clocked by clk)
Endpoint: _3238_ (rising edge-triggered flip-flop clocked by clk)
Path Group: clk
Path Type: max

Fanout         Cap        Slew       Delay        Time   Description
---------------------------------------------------------------------------------------------
                                  0.000000    0.000000   clock clk (rise edge)
                                  0.000000    0.000000   clock source latency
     2    0.041787    0.000000    0.000000    0.000000 ^ clk (in)
                                                         clk (net)
                      0.002202    0.001101    0.001101 ^ clkbuf_0_clk/A (sky130_fd_sc_hd__clkbuf_16)
    17    0.168178    0.272454    0.355911    0.357012 ^ clkbuf_0_clk/X (sky130_fd_sc_hd__clkbuf_16)
                                                         clknet_0_clk (net)
                      0.272870    0.008776    0.365788 ^ clkbuf_3_0__f_clk/A (sky130_fd_sc_hd__clkbuf_16)
    25    0.095453    0.170111    0.400521    0.766309 ^ clkbuf_3_0__f_clk/X (sky130_fd_sc_hd__clkbuf_16)
                                                         clknet_3_0__leaf_clk (net)
                      0.170185    0.003319    0.769628 ^ _3302_/CLK (sky130_fd_sc_hd__dfrtp_4)
     6    0.022975    0.162961    1.104947    1.874575 v _3302_/Q (sky130_fd_sc_hd__dfrtp_4)
                                                         B_reg[12] (net)
                      0.163197    0.001381    1.875956 v _1910_/C (sky130_fd_sc_hd__and3_1)
     3    0.007012    0.104873    0.444532    2.320488 v _1910_/X (sky130_fd_sc_hd__and3_1)
                                                         _1175_ (net)
                      0.104873    0.000186    2.320674 v _2300_/A (sky130_fd_sc_hd__or4_4)
     4    0.009476    0.172391    1.092175    3.412849 v _2300_/X (sky130_fd_sc_hd__or4_4)
                                                         _1553_ (net)
                      0.172391    0.000204    3.413053 v _2304_/A1 (sky130_fd_sc_hd__a21o_1)
     3    0.007478    0.096435    0.367702    3.780755 v _2304_/X (sky130_fd_sc_hd__a21o_1)
                                                         _1557_ (net)
                      0.096435    0.000180    3.780935 v _2307_/A2 (sky130_fd_sc_hd__a21oi_1)
     3    0.011044    0.417499    0.429303    4.210238 ^ _2307_/Y (sky130_fd_sc_hd__a21oi_1)
                                                         _1560_ (net)
                      0.417499    0.000172    4.210410 ^ _2311_/B (sky130_fd_sc_hd__xor2_1)
     3    0.010665    0.409251    0.527498    4.737908 ^ _2311_/X (sky130_fd_sc_hd__xor2_1)
                                                         _1564_ (net)
                      0.409251    0.000385    4.738294 ^ _2313_/A2 (sky130_fd_sc_hd__a21o_1)
     4    0.010830    0.164452    0.412711    5.151005 ^ _2313_/X (sky130_fd_sc_hd__a21o_1)
                                                         _1566_ (net)
                      0.164452    0.000230    5.151234 ^ _2318_/A1 (sky130_fd_sc_hd__a21oi_1)
     3    0.013363    0.243299    0.280466    5.431700 v _2318_/Y (sky130_fd_sc_hd__a21oi_1)
                                                         _1571_ (net)
                      0.243299    0.000288    5.431988 v _2321_/B (sky130_fd_sc_hd__or3_4)
     2    0.006666    0.127031    0.795349    6.227336 v _2321_/X (sky130_fd_sc_hd__or3_4)
                                                         _1574_ (net)
                      0.127031    0.000192    6.227529 v _2326_/A1 (sky130_fd_sc_hd__a21o_1)
     4    0.009903    0.115747    0.366385    6.593914 v _2326_/X (sky130_fd_sc_hd__a21o_1)
                                                         _1579_ (net)
                      0.115747    0.000301    6.594214 v _2328_/B (sky130_fd_sc_hd__and3_1)
     2    0.005691    0.094520    0.381182    6.975397 v _2328_/X (sky130_fd_sc_hd__and3_1)
                                                         _1581_ (net)
                      0.094520    0.000188    6.975585 v _2330_/A (sky130_fd_sc_hd__or3_4)
     3    0.007103    0.128147    0.773535    7.749119 v _2330_/X (sky130_fd_sc_hd__or3_4)
                                                         _1583_ (net)
                      0.128147    0.000103    7.749222 v _2334_/A1 (sky130_fd_sc_hd__a21o_1)
     4    0.010142    0.117688    0.368712    8.117934 v _2334_/X (sky130_fd_sc_hd__a21o_1)
                                                         _1587_ (net)
                      0.117688    0.000225    8.118159 v rebuffer5/A (sky130_fd_sc_hd__dlygate4sd1_1)
     2    0.007256    0.097057    0.534063    8.652222 v rebuffer5/X (sky130_fd_sc_hd__dlygate4sd1_1)
                                                         net58 (net)
                      0.097057    0.000204    8.652426 v _2340_/B1 (sky130_fd_sc_hd__a22oi_2)
     2    0.010254    0.311117    0.287253    8.939678 ^ _2340_/Y (sky130_fd_sc_hd__a22oi_2)
                                                         _1593_ (net)
                      0.311117    0.000201    8.939879 ^ _2344_/A1 (sky130_fd_sc_hd__a22o_1)
     2    0.009260    0.170483    0.432239    9.372118 ^ _2344_/X (sky130_fd_sc_hd__a22o_1)
                                                         _1597_ (net)
                      0.170483    0.000299    9.372417 ^ _2347_/B1 (sky130_fd_sc_hd__a21o_1)
     4    0.014398    0.208424    0.289260    9.661678 ^ _2347_/X (sky130_fd_sc_hd__a21o_1)
                                                         _1600_ (net)
                      0.208424    0.000554    9.662232 ^ _2348_/A2 (sky130_fd_sc_hd__a21oi_2)
     3    0.013445    0.137547    0.215772    9.878004 v _2348_/Y (sky130_fd_sc_hd__a21oi_2)
                                                         _1601_ (net)
                      0.137547    0.000369    9.878373 v _2352_/B (sky130_fd_sc_hd__or3_4)
     3    0.008734    0.132040    0.763868   10.642241 v _2352_/X (sky130_fd_sc_hd__or3_4)
                                                         _0106_ (net)
                      0.132040    0.000283   10.642525 v _2355_/A1 (sky130_fd_sc_hd__a21o_1)
     4    0.010376    0.119620    0.372157   11.014682 v _2355_/X (sky130_fd_sc_hd__a21o_1)
                                                         _0109_ (net)
                      0.119620    0.000267   11.014949 v _2362_/A (sky130_fd_sc_hd__and3_1)
     2    0.005632    0.094065    0.341411   11.356360 v _2362_/X (sky130_fd_sc_hd__and3_1)
                                                         _0116_ (net)
                      0.094065    0.000147   11.356508 v _2364_/C (sky130_fd_sc_hd__or3_4)
     3    0.007067    0.127986    0.671534   12.028042 v _2364_/X (sky130_fd_sc_hd__or3_4)
                                                         _0118_ (net)
                      0.127986    0.000163   12.028206 v _2366_/A1 (sky130_fd_sc_hd__a21o_1)
     4    0.010721    0.122416    0.373026   12.401232 v _2366_/X (sky130_fd_sc_hd__a21o_1)
                                                         _0120_ (net)
                      0.122416    0.000227   12.401459 v _2370_/A (sky130_fd_sc_hd__and3_1)
     2    0.006812    0.103264    0.352407   12.753866 v _2370_/X (sky130_fd_sc_hd__and3_1)
                                                         _0124_ (net)
                      0.103264    0.000191   12.754057 v _2372_/C (sky130_fd_sc_hd__or3_4)
     3    0.009139    0.133056    0.684859   13.438916 v _2372_/X (sky130_fd_sc_hd__or3_4)
                                                         _0126_ (net)
                      0.133056    0.000211   13.439128 v _2378_/A1 (sky130_fd_sc_hd__a21o_1)
     4    0.010082    0.117193    0.370419   13.809546 v _2378_/X (sky130_fd_sc_hd__a21o_1)
                                                         _0132_ (net)
                      0.117193    0.000155   13.809702 v _2383_/A (sky130_fd_sc_hd__and3_1)
     2    0.007980    0.112776    0.359431   14.169133 v _2383_/X (sky130_fd_sc_hd__and3_1)
                                                         _0137_ (net)
                      0.112776    0.000239   14.169372 v _2385_/C (sky130_fd_sc_hd__or3_4)
     3    0.008298    0.130924    0.683955   14.853327 v _2385_/X (sky130_fd_sc_hd__or3_4)
                                                         _0139_ (net)
                      0.130924    0.000183   14.853510 v _2387_/A1 (sky130_fd_sc_hd__a21o_1)
     4    0.012576    0.137781    0.388341   15.241851 v _2387_/X (sky130_fd_sc_hd__a21o_1)
                                                         _0141_ (net)
                      0.137781    0.000188   15.242039 v _2390_/A (sky130_fd_sc_hd__and3_1)
     3    0.011865    0.146057    0.400973   15.643013 v _2390_/X (sky130_fd_sc_hd__and3_1)
                                                         _0144_ (net)
                      0.146057    0.000274   15.643286 v _2392_/C (sky130_fd_sc_hd__or3_4)
     3    0.006821    0.127197    0.688001   16.331287 v _2392_/X (sky130_fd_sc_hd__or3_4)
                                                         _0146_ (net)
                      0.127197    0.000137   16.331425 v _2397_/A1 (sky130_fd_sc_hd__a21o_1)
     4    0.010887    0.123778    0.373959   16.705383 v _2397_/X (sky130_fd_sc_hd__a21o_1)
                                                         _0151_ (net)
                      0.123778    0.000156   16.705540 v _2406_/A (sky130_fd_sc_hd__and3_1)
     2    0.006451    0.100403    0.350108   17.055647 v _2406_/X (sky130_fd_sc_hd__and3_1)
                                                         _0160_ (net)
                      0.100403    0.000107   17.055754 v _2408_/C (sky130_fd_sc_hd__or3_4)
     3    0.008636    0.131838    0.681419   17.737173 v _2408_/X (sky130_fd_sc_hd__or3_4)
                                                         _0162_ (net)
                      0.131838    0.000167   17.737339 v _2410_/A1 (sky130_fd_sc_hd__a21o_1)
     3    0.006820    0.091331    0.345120   18.082458 v _2410_/X (sky130_fd_sc_hd__a21o_1)
                                                         _0164_ (net)
                      0.091331    0.000195   18.082655 v _2413_/A (sky130_fd_sc_hd__and3_1)
     2    0.006216    0.098563    0.332683   18.415337 v _2413_/X (sky130_fd_sc_hd__and3_1)
                                                         _0167_ (net)
                      0.098563    0.000103   18.415440 v _2415_/C (sky130_fd_sc_hd__or3_4)
     3    0.007094    0.128082    0.673195   19.088634 v _2415_/X (sky130_fd_sc_hd__or3_4)
                                                         _0169_ (net)
                      0.128082    0.000176   19.088812 v _2420_/A1 (sky130_fd_sc_hd__a21o_1)
     4    0.012152    0.134265    0.383908   19.472719 v _2420_/X (sky130_fd_sc_hd__a21o_1)
                                                         _0174_ (net)
                      0.134265    0.000222   19.472940 v _2428_/A1 (sky130_fd_sc_hd__a21bo_1)
     1    0.004390    0.075567    0.347079   19.820021 v _2428_/X (sky130_fd_sc_hd__a21bo_1)
                                                         _0180_ (net)
                      0.075567    0.000085   19.820105 v _2429_/B (sky130_fd_sc_hd__xor2_1)
     1    0.002619    0.122946    0.262018   20.082123 v _2429_/X (sky130_fd_sc_hd__xor2_1)
                                                         _0181_ (net)
                      0.122946    0.000053   20.082176 v _2430_/A1 (sky130_fd_sc_hd__mux2_4)
     1    0.002286    0.076922    0.483466   20.565641 v _2430_/X (sky130_fd_sc_hd__mux2_4)
                                                         _0025_ (net)
                      0.076922    0.000046   20.565689 v _3238_/D (sky130_fd_sc_hd__dfrtp_4)
                                             20.565689   data arrival time

                                 14.000000   14.000000   clock clk (rise edge)
                                  0.000000   14.000000   clock source latency
     2    0.041787    0.000000    0.000000   14.000000 ^ clk (in)
                                                         clk (net)
                      0.002202    0.001101   14.001101 ^ clkbuf_0_clk/A (sky130_fd_sc_hd__clkbuf_16)
    17    0.168178    0.272454    0.355911   14.357012 ^ clkbuf_0_clk/X (sky130_fd_sc_hd__clkbuf_16)
                                                         clknet_0_clk (net)
                      0.272831    0.008360   14.365373 ^ clkbuf_3_3__f_clk/A (sky130_fd_sc_hd__clkbuf_16)
    35    0.101315    0.178296    0.406831   14.772203 ^ clkbuf_3_3__f_clk/X (sky130_fd_sc_hd__clkbuf_16)
                                                         clknet_3_3__leaf_clk (net)
                      0.178326    0.002376   14.774579 ^ _3238_/CLK (sky130_fd_sc_hd__dfrtp_4)
                                 -0.100000   14.674580   clock uncertainty
                                  0.000000   14.674580   clock reconvergence pessimism
                                 -0.248870   14.425709   library setup time
                                             14.425709   data required time
---------------------------------------------------------------------------------------------
                                             14.425709   data required time
                                            -20.565689   data arrival time
---------------------------------------------------------------------------------------------
                                             -6.139979   slack (VIOLATED)




===========================================================================
report_checks --slack_max -0.01
============================================================================
======================= nom_ss_100C_1v60 Corner ===================================

Startpoint: _3302_ (rising edge-triggered flip-flop clocked by clk)
Endpoint: _3238_ (rising edge-triggered flip-flop clocked by clk)
Path Group: clk
Path Type: max

Fanout         Cap        Slew       Delay        Time   Description
---------------------------------------------------------------------------------------------
                                  0.000000    0.000000   clock clk (rise edge)
                                  0.000000    0.000000   clock source latency
     2    0.041787    0.000000    0.000000    0.000000 ^ clk (in)
                                                         clk (net)
                      0.002202    0.001101    0.001101 ^ clkbuf_0_clk/A (sky130_fd_sc_hd__clkbuf_16)
    17    0.168178    0.272454    0.355911    0.357012 ^ clkbuf_0_clk/X (sky130_fd_sc_hd__clkbuf_16)
                                                         clknet_0_clk (net)
                      0.272870    0.008776    0.365788 ^ clkbuf_3_0__f_clk/A (sky130_fd_sc_hd__clkbuf_16)
    25    0.095453    0.170111    0.400521    0.766309 ^ clkbuf_3_0__f_clk/X (sky130_fd_sc_hd__clkbuf_16)
                                                         clknet_3_0__leaf_clk (net)
                      0.170185    0.003319    0.769628 ^ _3302_/CLK (sky130_fd_sc_hd__dfrtp_4)
     6    0.022975    0.162961    1.104947    1.874575 v _3302_/Q (sky130_fd_sc_hd__dfrtp_4)
                                                         B_reg[12] (net)
                      0.163197    0.001381    1.875956 v _1910_/C (sky130_fd_sc_hd__and3_1)
     3    0.007012    0.104873    0.444532    2.320488 v _1910_/X (sky130_fd_sc_hd__and3_1)
                                                         _1175_ (net)
                      0.104873    0.000186    2.320674 v _2300_/A (sky130_fd_sc_hd__or4_4)
     4    0.009476    0.172391    1.092175    3.412849 v _2300_/X (sky130_fd_sc_hd__or4_4)
                                                         _1553_ (net)
                      0.172391    0.000204    3.413053 v _2304_/A1 (sky130_fd_sc_hd__a21o_1)
     3    0.007478    0.096435    0.367702    3.780755 v _2304_/X (sky130_fd_sc_hd__a21o_1)
                                                         _1557_ (net)
                      0.096435    0.000180    3.780935 v _2307_/A2 (sky130_fd_sc_hd__a21oi_1)
     3    0.011044    0.417499    0.429303    4.210238 ^ _2307_/Y (sky130_fd_sc_hd__a21oi_1)
                                                         _1560_ (net)
                      0.417499    0.000172    4.210410 ^ _2311_/B (sky130_fd_sc_hd__xor2_1)
     3    0.010665    0.409251    0.527498    4.737908 ^ _2311_/X (sky130_fd_sc_hd__xor2_1)
                                                         _1564_ (net)
                      0.409251    0.000385    4.738294 ^ _2313_/A2 (sky130_fd_sc_hd__a21o_1)
     4    0.010830    0.164452    0.412711    5.151005 ^ _2313_/X (sky130_fd_sc_hd__a21o_1)
                                                         _1566_ (net)
                      0.164452    0.000230    5.151234 ^ _2318_/A1 (sky130_fd_sc_hd__a21oi_1)
     3    0.013363    0.243299    0.280466    5.431700 v _2318_/Y (sky130_fd_sc_hd__a21oi_1)
                                                         _1571_ (net)
                      0.243299    0.000288    5.431988 v _2321_/B (sky130_fd_sc_hd__or3_4)
     2    0.006666    0.127031    0.795349    6.227336 v _2321_/X (sky130_fd_sc_hd__or3_4)
                                                         _1574_ (net)
                      0.127031    0.000192    6.227529 v _2326_/A1 (sky130_fd_sc_hd__a21o_1)
     4    0.009903    0.115747    0.366385    6.593914 v _2326_/X (sky130_fd_sc_hd__a21o_1)
                                                         _1579_ (net)
                      0.115747    0.000301    6.594214 v _2328_/B (sky130_fd_sc_hd__and3_1)
     2    0.005691    0.094520    0.381182    6.975397 v _2328_/X (sky130_fd_sc_hd__and3_1)
                                                         _1581_ (net)
                      0.094520    0.000188    6.975585 v _2330_/A (sky130_fd_sc_hd__or3_4)
     3    0.007103    0.128147    0.773535    7.749119 v _2330_/X (sky130_fd_sc_hd__or3_4)
                                                         _1583_ (net)
                      0.128147    0.000103    7.749222 v _2334_/A1 (sky130_fd_sc_hd__a21o_1)
     4    0.010142    0.117688    0.368712    8.117934 v _2334_/X (sky130_fd_sc_hd__a21o_1)
                                                         _1587_ (net)
                      0.117688    0.000225    8.118159 v rebuffer5/A (sky130_fd_sc_hd__dlygate4sd1_1)
     2    0.007256    0.097057    0.534063    8.652222 v rebuffer5/X (sky130_fd_sc_hd__dlygate4sd1_1)
                                                         net58 (net)
                      0.097057    0.000204    8.652426 v _2340_/B1 (sky130_fd_sc_hd__a22oi_2)
     2    0.010254    0.311117    0.287253    8.939678 ^ _2340_/Y (sky130_fd_sc_hd__a22oi_2)
                                                         _1593_ (net)
                      0.311117    0.000201    8.939879 ^ _2344_/A1 (sky130_fd_sc_hd__a22o_1)
     2    0.009260    0.170483    0.432239    9.372118 ^ _2344_/X (sky130_fd_sc_hd__a22o_1)
                                                         _1597_ (net)
                      0.170483    0.000299    9.372417 ^ _2347_/B1 (sky130_fd_sc_hd__a21o_1)
     4    0.014398    0.208424    0.289260    9.661678 ^ _2347_/X (sky130_fd_sc_hd__a21o_1)
                                                         _1600_ (net)
                      0.208424    0.000554    9.662232 ^ _2348_/A2 (sky130_fd_sc_hd__a21oi_2)
     3    0.013445    0.137547    0.215772    9.878004 v _2348_/Y (sky130_fd_sc_hd__a21oi_2)
                                                         _1601_ (net)
                      0.137547    0.000369    9.878373 v _2352_/B (sky130_fd_sc_hd__or3_4)
     3    0.008734    0.132040    0.763868   10.642241 v _2352_/X (sky130_fd_sc_hd__or3_4)
                                                         _0106_ (net)
                      0.132040    0.000283   10.642525 v _2355_/A1 (sky130_fd_sc_hd__a21o_1)
     4    0.010376    0.119620    0.372157   11.014682 v _2355_/X (sky130_fd_sc_hd__a21o_1)
                                                         _0109_ (net)
                      0.119620    0.000267   11.014949 v _2362_/A (sky130_fd_sc_hd__and3_1)
     2    0.005632    0.094065    0.341411   11.356360 v _2362_/X (sky130_fd_sc_hd__and3_1)
                                                         _0116_ (net)
                      0.094065    0.000147   11.356508 v _2364_/C (sky130_fd_sc_hd__or3_4)
     3    0.007067    0.127986    0.671534   12.028042 v _2364_/X (sky130_fd_sc_hd__or3_4)
                                                         _0118_ (net)
                      0.127986    0.000163   12.028206 v _2366_/A1 (sky130_fd_sc_hd__a21o_1)
     4    0.010721    0.122416    0.373026   12.401232 v _2366_/X (sky130_fd_sc_hd__a21o_1)
                                                         _0120_ (net)
                      0.122416    0.000227   12.401459 v _2370_/A (sky130_fd_sc_hd__and3_1)
     2    0.006812    0.103264    0.352407   12.753866 v _2370_/X (sky130_fd_sc_hd__and3_1)
                                                         _0124_ (net)
                      0.103264    0.000191   12.754057 v _2372_/C (sky130_fd_sc_hd__or3_4)
     3    0.009139    0.133056    0.684859   13.438916 v _2372_/X (sky130_fd_sc_hd__or3_4)
                                                         _0126_ (net)
                      0.133056    0.000211   13.439128 v _2378_/A1 (sky130_fd_sc_hd__a21o_1)
     4    0.010082    0.117193    0.370419   13.809546 v _2378_/X (sky130_fd_sc_hd__a21o_1)
                                                         _0132_ (net)
                      0.117193    0.000155   13.809702 v _2383_/A (sky130_fd_sc_hd__and3_1)
     2    0.007980    0.112776    0.359431   14.169133 v _2383_/X (sky130_fd_sc_hd__and3_1)
                                                         _0137_ (net)
                      0.112776    0.000239   14.169372 v _2385_/C (sky130_fd_sc_hd__or3_4)
     3    0.008298    0.130924    0.683955   14.853327 v _2385_/X (sky130_fd_sc_hd__or3_4)
                                                         _0139_ (net)
                      0.130924    0.000183   14.853510 v _2387_/A1 (sky130_fd_sc_hd__a21o_1)
     4    0.012576    0.137781    0.388341   15.241851 v _2387_/X (sky130_fd_sc_hd__a21o_1)
                                                         _0141_ (net)
                      0.137781    0.000188   15.242039 v _2390_/A (sky130_fd_sc_hd__and3_1)
     3    0.011865    0.146057    0.400973   15.643013 v _2390_/X (sky130_fd_sc_hd__and3_1)
                                                         _0144_ (net)
                      0.146057    0.000274   15.643286 v _2392_/C (sky130_fd_sc_hd__or3_4)
     3    0.006821    0.127197    0.688001   16.331287 v _2392_/X (sky130_fd_sc_hd__or3_4)
                                                         _0146_ (net)
                      0.127197    0.000137   16.331425 v _2397_/A1 (sky130_fd_sc_hd__a21o_1)
     4    0.010887    0.123778    0.373959   16.705383 v _2397_/X (sky130_fd_sc_hd__a21o_1)
                                                         _0151_ (net)
                      0.123778    0.000156   16.705540 v _2406_/A (sky130_fd_sc_hd__and3_1)
     2    0.006451    0.100403    0.350108   17.055647 v _2406_/X (sky130_fd_sc_hd__and3_1)
                                                         _0160_ (net)
                      0.100403    0.000107   17.055754 v _2408_/C (sky130_fd_sc_hd__or3_4)
     3    0.008636    0.131838    0.681419   17.737173 v _2408_/X (sky130_fd_sc_hd__or3_4)
                                                         _0162_ (net)
                      0.131838    0.000167   17.737339 v _2410_/A1 (sky130_fd_sc_hd__a21o_1)
     3    0.006820    0.091331    0.345120   18.082458 v _2410_/X (sky130_fd_sc_hd__a21o_1)
                                                         _0164_ (net)
                      0.091331    0.000195   18.082655 v _2413_/A (sky130_fd_sc_hd__and3_1)
     2    0.006216    0.098563    0.332683   18.415337 v _2413_/X (sky130_fd_sc_hd__and3_1)
                                                         _0167_ (net)
                      0.098563    0.000103   18.415440 v _2415_/C (sky130_fd_sc_hd__or3_4)
     3    0.007094    0.128082    0.673195   19.088634 v _2415_/X (sky130_fd_sc_hd__or3_4)
                                                         _0169_ (net)
                      0.128082    0.000176   19.088812 v _2420_/A1 (sky130_fd_sc_hd__a21o_1)
     4    0.012152    0.134265    0.383908   19.472719 v _2420_/X (sky130_fd_sc_hd__a21o_1)
                                                         _0174_ (net)
                      0.134265    0.000222   19.472940 v _2428_/A1 (sky130_fd_sc_hd__a21bo_1)
     1    0.004390    0.075567    0.347079   19.820021 v _2428_/X (sky130_fd_sc_hd__a21bo_1)
                                                         _0180_ (net)
                      0.075567    0.000085   19.820105 v _2429_/B (sky130_fd_sc_hd__xor2_1)
     1    0.002619    0.122946    0.262018   20.082123 v _2429_/X (sky130_fd_sc_hd__xor2_1)
                                                         _0181_ (net)
                      0.122946    0.000053   20.082176 v _2430_/A1 (sky130_fd_sc_hd__mux2_4)
     1    0.002286    0.076922    0.483466   20.565641 v _2430_/X (sky130_fd_sc_hd__mux2_4)
                                                         _0025_ (net)
                      0.076922    0.000046   20.565689 v _3238_/D (sky130_fd_sc_hd__dfrtp_4)
                                             20.565689   data arrival time

                                 14.000000   14.000000   clock clk (rise edge)
                                  0.000000   14.000000   clock source latency
     2    0.041787    0.000000    0.000000   14.000000 ^ clk (in)
                                                         clk (net)
                      0.002202    0.001101   14.001101 ^ clkbuf_0_clk/A (sky130_fd_sc_hd__clkbuf_16)
    17    0.168178    0.272454    0.355911   14.357012 ^ clkbuf_0_clk/X (sky130_fd_sc_hd__clkbuf_16)
                                                         clknet_0_clk (net)
                      0.272831    0.008360   14.365373 ^ clkbuf_3_3__f_clk/A (sky130_fd_sc_hd__clkbuf_16)
    35    0.101315    0.178296    0.406831   14.772203 ^ clkbuf_3_3__f_clk/X (sky130_fd_sc_hd__clkbuf_16)
                                                         clknet_3_3__leaf_clk (net)
                      0.178326    0.002376   14.774579 ^ _3238_/CLK (sky130_fd_sc_hd__dfrtp_4)
                                 -0.100000   14.674580   clock uncertainty
                                  0.000000   14.674580   clock reconvergence pessimism
                                 -0.248870   14.425709   library setup time
                                             14.425709   data required time
---------------------------------------------------------------------------------------------
                                             14.425709   data required time
                                            -20.565689   data arrival time
---------------------------------------------------------------------------------------------
                                             -6.139979   slack (VIOLATED)




===========================================================================
 report_check_types -max_slew -max_cap -max_fanout -violators
============================================================================
======================= nom_ss_100C_1v60 Corner ===================================



===========================================================================
report_parasitic_annotation -report_unannotated
============================================================================
Found 7 unannotated drivers.
 clkload0/Y
 clkload1/Y
 clkload2/Y
 clkload3/Y
 clkload4/Y
 clkload5/Y
 clkload6/Y
Found 0 partially unannotated drivers.

===========================================================================
max slew violation count 0
max fanout violation count 0
max cap violation count 0
============================================================================

===========================================================================
check_setup -verbose -unconstrained_endpoints -multiple_clock -no_clock -no_input_delay -loops -generated_clocks
===========================================================================
Warning: There are 36 input ports missing set_input_delay.
  A_in[0]
  A_in[10]
  A_in[11]
  A_in[12]
  A_in[13]
  A_in[14]
  A_in[15]
  A_in[1]
  A_in[2]
  A_in[3]
  A_in[4]
  A_in[5]
  A_in[6]
  A_in[7]
  A_in[8]
  A_in[9]
  B_in[0]
  B_in[10]
  B_in[11]
  B_in[12]
  B_in[13]
  B_in[14]
  B_in[15]
  B_in[1]
  B_in[2]
  B_in[3]
  B_in[4]
  B_in[5]
  B_in[6]
  B_in[7]
  B_in[8]
  B_in[9]
  Op_Sel[0]
  Op_Sel[1]
  Start
  rst_n
Warning: There are 17 unconstrained endpoints.
  Done
  X_out[0]
  X_out[10]
  X_out[11]
  X_out[12]
  X_out[13]
  X_out[14]
  X_out[15]
  X_out[1]
  X_out[2]
  X_out[3]
  X_out[4]
  X_out[5]
  X_out[6]
  X_out[7]
  X_out[8]
  X_out[9]
