
===========================================================================
report_checks -unconstrained
===========================================================================
======================= nom_tt_025C_1v80 Corner ===================================

Startpoint: _3302_ (rising edge-triggered flip-flop clocked by clk)
Endpoint: _3238_ (rising edge-triggered flip-flop clocked by clk)
Path Group: clk
Path Type: max

Fanout         Cap        Slew       Delay        Time   Description
---------------------------------------------------------------------------------------------
                                  0.000000    0.000000   clock clk (rise edge)
                                  0.000000    0.000000   clock source latency
     2    0.041590    0.000000    0.000000    0.000000 ^ clk (in)
                                                         clk (net)
                      0.002185    0.001093    0.001093 ^ clkbuf_0_clk/A (sky130_fd_sc_hd__clkbuf_16)
    17    0.168210    0.180076    0.214440    0.215532 ^ clkbuf_0_clk/X (sky130_fd_sc_hd__clkbuf_16)
                                                         clknet_0_clk (net)
                      0.180647    0.008192    0.223724 ^ clkbuf_3_0__f_clk/A (sky130_fd_sc_hd__clkbuf_16)
    25    0.093091    0.109723    0.226535    0.450259 ^ clkbuf_3_0__f_clk/X (sky130_fd_sc_hd__clkbuf_16)
                                                         clknet_3_0__leaf_clk (net)
                      0.109846    0.003293    0.453553 ^ _3302_/CLK (sky130_fd_sc_hd__dfrtp_4)
     6    0.024150    0.085004    0.529339    0.982891 v _3302_/Q (sky130_fd_sc_hd__dfrtp_4)
                                                         B_reg[12] (net)
                      0.085016    0.001456    0.984347 v _1910_/C (sky130_fd_sc_hd__and3_1)
     3    0.007070    0.055424    0.213179    1.197526 v _1910_/X (sky130_fd_sc_hd__and3_1)
                                                         _1175_ (net)
                      0.055424    0.000164    1.197690 v _2300_/B (sky130_fd_sc_hd__or4_4)
     4    0.009396    0.093032    0.526230    1.723920 v _2300_/X (sky130_fd_sc_hd__or4_4)
                                                         _1553_ (net)
                      0.093032    0.000203    1.724122 v _2304_/A1 (sky130_fd_sc_hd__a21o_1)
     3    0.007532    0.053479    0.191884    1.916006 v _2304_/X (sky130_fd_sc_hd__a21o_1)
                                                         _1557_ (net)
                      0.053479    0.000178    1.916184 v _2307_/A2 (sky130_fd_sc_hd__a21oi_1)
     3    0.011151    0.260300    0.257261    2.173445 ^ _2307_/Y (sky130_fd_sc_hd__a21oi_1)
                                                         _1560_ (net)
                      0.260300    0.000182    2.173627 ^ _2311_/B (sky130_fd_sc_hd__xor2_1)
     3    0.010825    0.254081    0.277562    2.451189 ^ _2311_/X (sky130_fd_sc_hd__xor2_1)
                                                         _1564_ (net)
                      0.254081    0.000222    2.451411 ^ _2313_/A2 (sky130_fd_sc_hd__a21o_1)
     4    0.010531    0.099676    0.202702    2.654113 ^ _2313_/X (sky130_fd_sc_hd__a21o_1)
                                                         _1566_ (net)
                      0.099676    0.000260    2.654373 ^ _2318_/A1 (sky130_fd_sc_hd__a21oi_1)
     3    0.012030    0.101503    0.121014    2.775387 v _2318_/Y (sky130_fd_sc_hd__a21oi_1)
                                                         _1571_ (net)
                      0.101537    0.000295    2.775682 v _2321_/B (sky130_fd_sc_hd__or3_4)
     3    0.008895    0.072904    0.393427    3.169109 v _2321_/X (sky130_fd_sc_hd__or3_4)
                                                         _1574_ (net)
                      0.072904    0.000279    3.169388 v _2326_/A1 (sky130_fd_sc_hd__a21o_1)
     4    0.010913    0.066119    0.197468    3.366856 v _2326_/X (sky130_fd_sc_hd__a21o_1)
                                                         _1579_ (net)
                      0.066119    0.000346    3.367202 v _2327_/A2 (sky130_fd_sc_hd__a21oi_1)
     3    0.011760    0.271920    0.270833    3.638035 ^ _2327_/Y (sky130_fd_sc_hd__a21oi_1)
                                                         _1580_ (net)
                      0.271920    0.000255    3.638290 ^ _2331_/B (sky130_fd_sc_hd__xnor2_1)
     3    0.012464    0.305764    0.228213    3.866503 ^ _2331_/Y (sky130_fd_sc_hd__xnor2_1)
                                                         _1584_ (net)
                      0.305764    0.000315    3.866818 ^ _2334_/A2 (sky130_fd_sc_hd__a21o_1)
     5    0.016707    0.150717    0.248300    4.115118 ^ _2334_/X (sky130_fd_sc_hd__a21o_1)
                                                         _1587_ (net)
                      0.150717    0.000435    4.115553 ^ _2337_/A1 (sky130_fd_sc_hd__a21oi_1)
     3    0.011549    0.104518    0.134918    4.250471 v _2337_/Y (sky130_fd_sc_hd__a21oi_1)
                                                         _1590_ (net)
                      0.104518    0.000311    4.250782 v _2345_/B (sky130_fd_sc_hd__or3_4)
     3    0.008303    0.071969    0.392752    4.643533 v _2345_/X (sky130_fd_sc_hd__or3_4)
                                                         _1598_ (net)
                      0.071969    0.000159    4.643692 v _2347_/A1 (sky130_fd_sc_hd__a21o_1)
     4    0.011420    0.068145    0.198912    4.842604 v _2347_/X (sky130_fd_sc_hd__a21o_1)
                                                         _1600_ (net)
                      0.068146    0.000365    4.842969 v _2348_/A2 (sky130_fd_sc_hd__a21oi_1)
     3    0.013825    0.311436    0.300755    5.143724 ^ _2348_/Y (sky130_fd_sc_hd__a21oi_1)
                                                         _1601_ (net)
                      0.311437    0.000415    5.144139 ^ _2349_/B (sky130_fd_sc_hd__xnor2_1)
     3    0.011820    0.292747    0.227796    5.371934 ^ _2349_/Y (sky130_fd_sc_hd__xnor2_1)
                                                         _1602_ (net)
                      0.292748    0.000294    5.372228 ^ _2355_/A2 (sky130_fd_sc_hd__a21o_1)
     4    0.010532    0.099879    0.210214    5.582442 ^ _2355_/X (sky130_fd_sc_hd__a21o_1)
                                                         _0109_ (net)
                      0.099879    0.000311    5.582753 ^ _2360_/A1 (sky130_fd_sc_hd__a21oi_1)
     3    0.011407    0.099846    0.117827    5.700580 v _2360_/Y (sky130_fd_sc_hd__a21oi_1)
                                                         _0114_ (net)
                      0.099846    0.000321    5.700901 v _2364_/B (sky130_fd_sc_hd__or3_4)
     3    0.007703    0.071018    0.389205    6.090106 v _2364_/X (sky130_fd_sc_hd__or3_4)
                                                         _0118_ (net)
                      0.071018    0.000213    6.090319 v _2366_/A1 (sky130_fd_sc_hd__a21o_1)
     4    0.010186    0.063212    0.194144    6.284462 v _2366_/X (sky130_fd_sc_hd__a21o_1)
                                                         _0120_ (net)
                      0.063212    0.000218    6.284680 v _2370_/A (sky130_fd_sc_hd__and3_1)
     2    0.005998    0.050517    0.162435    6.447115 v _2370_/X (sky130_fd_sc_hd__and3_1)
                                                         _0124_ (net)
                      0.050517    0.000155    6.447269 v _2372_/C (sky130_fd_sc_hd__or3_4)
     3    0.008622    0.072438    0.336779    6.784048 v _2372_/X (sky130_fd_sc_hd__or3_4)
                                                         _0126_ (net)
                      0.072438    0.000106    6.784154 v _2378_/A1 (sky130_fd_sc_hd__a21o_1)
     3    0.008897    0.058736    0.189631    6.973784 v _2378_/X (sky130_fd_sc_hd__a21o_1)
                                                         _0132_ (net)
                      0.058736    0.000130    6.973915 v _2382_/A2 (sky130_fd_sc_hd__a21oi_2)
     3    0.013512    0.187251    0.210136    7.184051 ^ _2382_/Y (sky130_fd_sc_hd__a21oi_2)
                                                         _0136_ (net)
                      0.187252    0.000360    7.184410 ^ _2386_/B (sky130_fd_sc_hd__xnor2_1)
     3    0.011022    0.276730    0.202027    7.386437 ^ _2386_/Y (sky130_fd_sc_hd__xnor2_1)
                                                         _0140_ (net)
                      0.276730    0.000231    7.386668 ^ _2387_/A2 (sky130_fd_sc_hd__a21o_1)
     4    0.009492    0.091275    0.201576    7.588244 ^ _2387_/X (sky130_fd_sc_hd__a21o_1)
                                                         _0141_ (net)
                      0.091275    0.000208    7.588452 ^ rebuffer6/A (sky130_fd_sc_hd__dlymetal6s2s_1)
     1    0.009999    0.122069    0.159583    7.748035 ^ rebuffer6/X (sky130_fd_sc_hd__dlymetal6s2s_1)
                                                         net59 (net)
                      0.122069    0.000338    7.748373 ^ _2389_/A1 (sky130_fd_sc_hd__a21oi_4)
     4    0.019593    0.071398    0.089622    7.837995 v _2389_/Y (sky130_fd_sc_hd__a21oi_4)
                                                         _0143_ (net)
                      0.071400    0.000444    7.838439 v _2392_/B (sky130_fd_sc_hd__or3_4)
     3    0.006404    0.068928    0.374871    8.213309 v _2392_/X (sky130_fd_sc_hd__or3_4)
                                                         _0146_ (net)
                      0.068928    0.000161    8.213470 v _2397_/A1 (sky130_fd_sc_hd__a21o_1)
     4    0.010274    0.063517    0.193627    8.407098 v _2397_/X (sky130_fd_sc_hd__a21o_1)
                                                         _0151_ (net)
                      0.063517    0.000195    8.407292 v _2406_/A (sky130_fd_sc_hd__and3_1)
     2    0.006936    0.054813    0.166950    8.574242 v _2406_/X (sky130_fd_sc_hd__and3_1)
                                                         _0160_ (net)
                      0.054813    0.000195    8.574437 v _2408_/C (sky130_fd_sc_hd__or3_4)
     3    0.008410    0.072150    0.337370    8.911808 v _2408_/X (sky130_fd_sc_hd__or3_4)
                                                         _0162_ (net)
                      0.072150    0.000195    8.912002 v _2410_/A1 (sky130_fd_sc_hd__a21o_1)
     3    0.006361    0.048149    0.177976    9.089978 v _2410_/X (sky130_fd_sc_hd__a21o_1)
                                                         _0164_ (net)
                      0.048149    0.000118    9.090096 v _2413_/C (sky130_fd_sc_hd__and3_1)
     2    0.006081    0.050861    0.191634    9.281731 v _2413_/X (sky130_fd_sc_hd__and3_1)
                                                         _0167_ (net)
                      0.050861    0.000132    9.281862 v _2415_/C (sky130_fd_sc_hd__or3_4)
     3    0.006711    0.069520    0.331065    9.612927 v _2415_/X (sky130_fd_sc_hd__or3_4)
                                                         _0169_ (net)
                      0.069520    0.000144    9.613071 v _2420_/A1 (sky130_fd_sc_hd__a21o_1)
     4    0.012315    0.071724    0.201120    9.814192 v _2420_/X (sky130_fd_sc_hd__a21o_1)
                                                         _0174_ (net)
                      0.071724    0.000224    9.814415 v _2428_/A1 (sky130_fd_sc_hd__a21bo_1)
     1    0.004342    0.041115    0.180089    9.994504 v _2428_/X (sky130_fd_sc_hd__a21bo_1)
                                                         _0180_ (net)
                      0.041139    0.000084    9.994589 v _2429_/B (sky130_fd_sc_hd__xor2_1)
     1    0.002579    0.068724    0.133346   10.127934 v _2429_/X (sky130_fd_sc_hd__xor2_1)
                                                         _0181_ (net)
                      0.068724    0.000052   10.127987 v _2430_/A1 (sky130_fd_sc_hd__mux2_4)
     1    0.002254    0.046579    0.256533   10.384520 v _2430_/X (sky130_fd_sc_hd__mux2_4)
                                                         _0025_ (net)
                      0.046579    0.000044   10.384563 v _3238_/D (sky130_fd_sc_hd__dfrtp_4)
                                             10.384563   data arrival time

                                  5.000000    5.000000   clock clk (rise edge)
                                  0.000000    5.000000   clock source latency
     2    0.041590    0.000000    0.000000    5.000000 ^ clk (in)
                                                         clk (net)
                      0.002185    0.001092    5.001092 ^ clkbuf_0_clk/A (sky130_fd_sc_hd__clkbuf_16)
    17    0.168210    0.180076    0.214440    5.215533 ^ clkbuf_0_clk/X (sky130_fd_sc_hd__clkbuf_16)
                                                         clknet_0_clk (net)
                      0.180600    0.007862    5.223395 ^ clkbuf_3_3__f_clk/A (sky130_fd_sc_hd__clkbuf_16)
    35    0.098345    0.114703    0.230082    5.453476 ^ clkbuf_3_3__f_clk/X (sky130_fd_sc_hd__clkbuf_16)
                                                         clknet_3_3__leaf_clk (net)
                      0.114818    0.003271    5.456747 ^ _3238_/CLK (sky130_fd_sc_hd__dfrtp_4)
                                 -0.100000    5.356747   clock uncertainty
                                  0.000000    5.356747   clock reconvergence pessimism
                                 -0.098984    5.257763   library setup time
                                              5.257763   data required time
---------------------------------------------------------------------------------------------
                                              5.257763   data required time
                                            -10.384563   data arrival time
---------------------------------------------------------------------------------------------
                                             -5.126801   slack (VIOLATED)




===========================================================================
report_checks --slack_max -0.01
============================================================================
======================= nom_tt_025C_1v80 Corner ===================================

Startpoint: _3302_ (rising edge-triggered flip-flop clocked by clk)
Endpoint: _3238_ (rising edge-triggered flip-flop clocked by clk)
Path Group: clk
Path Type: max

Fanout         Cap        Slew       Delay        Time   Description
---------------------------------------------------------------------------------------------
                                  0.000000    0.000000   clock clk (rise edge)
                                  0.000000    0.000000   clock source latency
     2    0.041590    0.000000    0.000000    0.000000 ^ clk (in)
                                                         clk (net)
                      0.002185    0.001093    0.001093 ^ clkbuf_0_clk/A (sky130_fd_sc_hd__clkbuf_16)
    17    0.168210    0.180076    0.214440    0.215532 ^ clkbuf_0_clk/X (sky130_fd_sc_hd__clkbuf_16)
                                                         clknet_0_clk (net)
                      0.180647    0.008192    0.223724 ^ clkbuf_3_0__f_clk/A (sky130_fd_sc_hd__clkbuf_16)
    25    0.093091    0.109723    0.226535    0.450259 ^ clkbuf_3_0__f_clk/X (sky130_fd_sc_hd__clkbuf_16)
                                                         clknet_3_0__leaf_clk (net)
                      0.109846    0.003293    0.453553 ^ _3302_/CLK (sky130_fd_sc_hd__dfrtp_4)
     6    0.024150    0.085004    0.529339    0.982891 v _3302_/Q (sky130_fd_sc_hd__dfrtp_4)
                                                         B_reg[12] (net)
                      0.085016    0.001456    0.984347 v _1910_/C (sky130_fd_sc_hd__and3_1)
     3    0.007070    0.055424    0.213179    1.197526 v _1910_/X (sky130_fd_sc_hd__and3_1)
                                                         _1175_ (net)
                      0.055424    0.000164    1.197690 v _2300_/B (sky130_fd_sc_hd__or4_4)
     4    0.009396    0.093032    0.526230    1.723920 v _2300_/X (sky130_fd_sc_hd__or4_4)
                                                         _1553_ (net)
                      0.093032    0.000203    1.724122 v _2304_/A1 (sky130_fd_sc_hd__a21o_1)
     3    0.007532    0.053479    0.191884    1.916006 v _2304_/X (sky130_fd_sc_hd__a21o_1)
                                                         _1557_ (net)
                      0.053479    0.000178    1.916184 v _2307_/A2 (sky130_fd_sc_hd__a21oi_1)
     3    0.011151    0.260300    0.257261    2.173445 ^ _2307_/Y (sky130_fd_sc_hd__a21oi_1)
                                                         _1560_ (net)
                      0.260300    0.000182    2.173627 ^ _2311_/B (sky130_fd_sc_hd__xor2_1)
     3    0.010825    0.254081    0.277562    2.451189 ^ _2311_/X (sky130_fd_sc_hd__xor2_1)
                                                         _1564_ (net)
                      0.254081    0.000222    2.451411 ^ _2313_/A2 (sky130_fd_sc_hd__a21o_1)
     4    0.010531    0.099676    0.202702    2.654113 ^ _2313_/X (sky130_fd_sc_hd__a21o_1)
                                                         _1566_ (net)
                      0.099676    0.000260    2.654373 ^ _2318_/A1 (sky130_fd_sc_hd__a21oi_1)
     3    0.012030    0.101503    0.121014    2.775387 v _2318_/Y (sky130_fd_sc_hd__a21oi_1)
                                                         _1571_ (net)
                      0.101537    0.000295    2.775682 v _2321_/B (sky130_fd_sc_hd__or3_4)
     3    0.008895    0.072904    0.393427    3.169109 v _2321_/X (sky130_fd_sc_hd__or3_4)
                                                         _1574_ (net)
                      0.072904    0.000279    3.169388 v _2326_/A1 (sky130_fd_sc_hd__a21o_1)
     4    0.010913    0.066119    0.197468    3.366856 v _2326_/X (sky130_fd_sc_hd__a21o_1)
                                                         _1579_ (net)
                      0.066119    0.000346    3.367202 v _2327_/A2 (sky130_fd_sc_hd__a21oi_1)
     3    0.011760    0.271920    0.270833    3.638035 ^ _2327_/Y (sky130_fd_sc_hd__a21oi_1)
                                                         _1580_ (net)
                      0.271920    0.000255    3.638290 ^ _2331_/B (sky130_fd_sc_hd__xnor2_1)
     3    0.012464    0.305764    0.228213    3.866503 ^ _2331_/Y (sky130_fd_sc_hd__xnor2_1)
                                                         _1584_ (net)
                      0.305764    0.000315    3.866818 ^ _2334_/A2 (sky130_fd_sc_hd__a21o_1)
     5    0.016707    0.150717    0.248300    4.115118 ^ _2334_/X (sky130_fd_sc_hd__a21o_1)
                                                         _1587_ (net)
                      0.150717    0.000435    4.115553 ^ _2337_/A1 (sky130_fd_sc_hd__a21oi_1)
     3    0.011549    0.104518    0.134918    4.250471 v _2337_/Y (sky130_fd_sc_hd__a21oi_1)
                                                         _1590_ (net)
                      0.104518    0.000311    4.250782 v _2345_/B (sky130_fd_sc_hd__or3_4)
     3    0.008303    0.071969    0.392752    4.643533 v _2345_/X (sky130_fd_sc_hd__or3_4)
                                                         _1598_ (net)
                      0.071969    0.000159    4.643692 v _2347_/A1 (sky130_fd_sc_hd__a21o_1)
     4    0.011420    0.068145    0.198912    4.842604 v _2347_/X (sky130_fd_sc_hd__a21o_1)
                                                         _1600_ (net)
                      0.068146    0.000365    4.842969 v _2348_/A2 (sky130_fd_sc_hd__a21oi_1)
     3    0.013825    0.311436    0.300755    5.143724 ^ _2348_/Y (sky130_fd_sc_hd__a21oi_1)
                                                         _1601_ (net)
                      0.311437    0.000415    5.144139 ^ _2349_/B (sky130_fd_sc_hd__xnor2_1)
     3    0.011820    0.292747    0.227796    5.371934 ^ _2349_/Y (sky130_fd_sc_hd__xnor2_1)
                                                         _1602_ (net)
                      0.292748    0.000294    5.372228 ^ _2355_/A2 (sky130_fd_sc_hd__a21o_1)
     4    0.010532    0.099879    0.210214    5.582442 ^ _2355_/X (sky130_fd_sc_hd__a21o_1)
                                                         _0109_ (net)
                      0.099879    0.000311    5.582753 ^ _2360_/A1 (sky130_fd_sc_hd__a21oi_1)
     3    0.011407    0.099846    0.117827    5.700580 v _2360_/Y (sky130_fd_sc_hd__a21oi_1)
                                                         _0114_ (net)
                      0.099846    0.000321    5.700901 v _2364_/B (sky130_fd_sc_hd__or3_4)
     3    0.007703    0.071018    0.389205    6.090106 v _2364_/X (sky130_fd_sc_hd__or3_4)
                                                         _0118_ (net)
                      0.071018    0.000213    6.090319 v _2366_/A1 (sky130_fd_sc_hd__a21o_1)
     4    0.010186    0.063212    0.194144    6.284462 v _2366_/X (sky130_fd_sc_hd__a21o_1)
                                                         _0120_ (net)
                      0.063212    0.000218    6.284680 v _2370_/A (sky130_fd_sc_hd__and3_1)
     2    0.005998    0.050517    0.162435    6.447115 v _2370_/X (sky130_fd_sc_hd__and3_1)
                                                         _0124_ (net)
                      0.050517    0.000155    6.447269 v _2372_/C (sky130_fd_sc_hd__or3_4)
     3    0.008622    0.072438    0.336779    6.784048 v _2372_/X (sky130_fd_sc_hd__or3_4)
                                                         _0126_ (net)
                      0.072438    0.000106    6.784154 v _2378_/A1 (sky130_fd_sc_hd__a21o_1)
     3    0.008897    0.058736    0.189631    6.973784 v _2378_/X (sky130_fd_sc_hd__a21o_1)
                                                         _0132_ (net)
                      0.058736    0.000130    6.973915 v _2382_/A2 (sky130_fd_sc_hd__a21oi_2)
     3    0.013512    0.187251    0.210136    7.184051 ^ _2382_/Y (sky130_fd_sc_hd__a21oi_2)
                                                         _0136_ (net)
                      0.187252    0.000360    7.184410 ^ _2386_/B (sky130_fd_sc_hd__xnor2_1)
     3    0.011022    0.276730    0.202027    7.386437 ^ _2386_/Y (sky130_fd_sc_hd__xnor2_1)
                                                         _0140_ (net)
                      0.276730    0.000231    7.386668 ^ _2387_/A2 (sky130_fd_sc_hd__a21o_1)
     4    0.009492    0.091275    0.201576    7.588244 ^ _2387_/X (sky130_fd_sc_hd__a21o_1)
                                                         _0141_ (net)
                      0.091275    0.000208    7.588452 ^ rebuffer6/A (sky130_fd_sc_hd__dlymetal6s2s_1)
     1    0.009999    0.122069    0.159583    7.748035 ^ rebuffer6/X (sky130_fd_sc_hd__dlymetal6s2s_1)
                                                         net59 (net)
                      0.122069    0.000338    7.748373 ^ _2389_/A1 (sky130_fd_sc_hd__a21oi_4)
     4    0.019593    0.071398    0.089622    7.837995 v _2389_/Y (sky130_fd_sc_hd__a21oi_4)
                                                         _0143_ (net)
                      0.071400    0.000444    7.838439 v _2392_/B (sky130_fd_sc_hd__or3_4)
     3    0.006404    0.068928    0.374871    8.213309 v _2392_/X (sky130_fd_sc_hd__or3_4)
                                                         _0146_ (net)
                      0.068928    0.000161    8.213470 v _2397_/A1 (sky130_fd_sc_hd__a21o_1)
     4    0.010274    0.063517    0.193627    8.407098 v _2397_/X (sky130_fd_sc_hd__a21o_1)
                                                         _0151_ (net)
                      0.063517    0.000195    8.407292 v _2406_/A (sky130_fd_sc_hd__and3_1)
     2    0.006936    0.054813    0.166950    8.574242 v _2406_/X (sky130_fd_sc_hd__and3_1)
                                                         _0160_ (net)
                      0.054813    0.000195    8.574437 v _2408_/C (sky130_fd_sc_hd__or3_4)
     3    0.008410    0.072150    0.337370    8.911808 v _2408_/X (sky130_fd_sc_hd__or3_4)
                                                         _0162_ (net)
                      0.072150    0.000195    8.912002 v _2410_/A1 (sky130_fd_sc_hd__a21o_1)
     3    0.006361    0.048149    0.177976    9.089978 v _2410_/X (sky130_fd_sc_hd__a21o_1)
                                                         _0164_ (net)
                      0.048149    0.000118    9.090096 v _2413_/C (sky130_fd_sc_hd__and3_1)
     2    0.006081    0.050861    0.191634    9.281731 v _2413_/X (sky130_fd_sc_hd__and3_1)
                                                         _0167_ (net)
                      0.050861    0.000132    9.281862 v _2415_/C (sky130_fd_sc_hd__or3_4)
     3    0.006711    0.069520    0.331065    9.612927 v _2415_/X (sky130_fd_sc_hd__or3_4)
                                                         _0169_ (net)
                      0.069520    0.000144    9.613071 v _2420_/A1 (sky130_fd_sc_hd__a21o_1)
     4    0.012315    0.071724    0.201120    9.814192 v _2420_/X (sky130_fd_sc_hd__a21o_1)
                                                         _0174_ (net)
                      0.071724    0.000224    9.814415 v _2428_/A1 (sky130_fd_sc_hd__a21bo_1)
     1    0.004342    0.041115    0.180089    9.994504 v _2428_/X (sky130_fd_sc_hd__a21bo_1)
                                                         _0180_ (net)
                      0.041139    0.000084    9.994589 v _2429_/B (sky130_fd_sc_hd__xor2_1)
     1    0.002579    0.068724    0.133346   10.127934 v _2429_/X (sky130_fd_sc_hd__xor2_1)
                                                         _0181_ (net)
                      0.068724    0.000052   10.127987 v _2430_/A1 (sky130_fd_sc_hd__mux2_4)
     1    0.002254    0.046579    0.256533   10.384520 v _2430_/X (sky130_fd_sc_hd__mux2_4)
                                                         _0025_ (net)
                      0.046579    0.000044   10.384563 v _3238_/D (sky130_fd_sc_hd__dfrtp_4)
                                             10.384563   data arrival time

                                  5.000000    5.000000   clock clk (rise edge)
                                  0.000000    5.000000   clock source latency
     2    0.041590    0.000000    0.000000    5.000000 ^ clk (in)
                                                         clk (net)
                      0.002185    0.001092    5.001092 ^ clkbuf_0_clk/A (sky130_fd_sc_hd__clkbuf_16)
    17    0.168210    0.180076    0.214440    5.215533 ^ clkbuf_0_clk/X (sky130_fd_sc_hd__clkbuf_16)
                                                         clknet_0_clk (net)
                      0.180600    0.007862    5.223395 ^ clkbuf_3_3__f_clk/A (sky130_fd_sc_hd__clkbuf_16)
    35    0.098345    0.114703    0.230082    5.453476 ^ clkbuf_3_3__f_clk/X (sky130_fd_sc_hd__clkbuf_16)
                                                         clknet_3_3__leaf_clk (net)
                      0.114818    0.003271    5.456747 ^ _3238_/CLK (sky130_fd_sc_hd__dfrtp_4)
                                 -0.100000    5.356747   clock uncertainty
                                  0.000000    5.356747   clock reconvergence pessimism
                                 -0.098984    5.257763   library setup time
                                              5.257763   data required time
---------------------------------------------------------------------------------------------
                                              5.257763   data required time
                                            -10.384563   data arrival time
---------------------------------------------------------------------------------------------
                                             -5.126801   slack (VIOLATED)




===========================================================================
 report_check_types -max_slew -max_cap -max_fanout -violators
============================================================================
======================= nom_tt_025C_1v80 Corner ===================================



===========================================================================
report_parasitic_annotation -report_unannotated
============================================================================
Found 7 unannotated drivers.
 clkload0/Y
 clkload1/Y
 clkload2/Y
 clkload3/Y
 clkload4/Y
 clkload5/Y
 clkload6/Y
Found 0 partially unannotated drivers.

===========================================================================
max slew violation count 0
max fanout violation count 0
max cap violation count 0
============================================================================

===========================================================================
check_setup -verbose -unconstrained_endpoints -multiple_clock -no_clock -no_input_delay -loops -generated_clocks
===========================================================================
Warning: There are 36 input ports missing set_input_delay.
  A_in[0]
  A_in[10]
  A_in[11]
  A_in[12]
  A_in[13]
  A_in[14]
  A_in[15]
  A_in[1]
  A_in[2]
  A_in[3]
  A_in[4]
  A_in[5]
  A_in[6]
  A_in[7]
  A_in[8]
  A_in[9]
  B_in[0]
  B_in[10]
  B_in[11]
  B_in[12]
  B_in[13]
  B_in[14]
  B_in[15]
  B_in[1]
  B_in[2]
  B_in[3]
  B_in[4]
  B_in[5]
  B_in[6]
  B_in[7]
  B_in[8]
  B_in[9]
  Op_Sel[0]
  Op_Sel[1]
  Start
  rst_n
Warning: There are 17 unconstrained endpoints.
  Done
  X_out[0]
  X_out[10]
  X_out[11]
  X_out[12]
  X_out[13]
  X_out[14]
  X_out[15]
  X_out[1]
  X_out[2]
  X_out[3]
  X_out[4]
  X_out[5]
  X_out[6]
  X_out[7]
  X_out[8]
  X_out[9]
