Clock: clk
Sources: clk 
Generated: no
Virtual: yes
Propagated: no
Period: 5.000000

===========================================================================
report_clock_properties
============================================================================
Clock                   Period          Waveform
----------------------------------------------------
clk                   5.000000    0.000000  2.500000

===========================================================================
report_clock_latency
============================================================================
Clock clk
rise -> rise
    min     max
0.000000 0.000000 source latency
0.437664         network latency _3220_/CLK
        0.466142 network latency _3295_/CLK
---------------
0.437664 0.466142 latency
        0.028478 skew

fall -> fall
    min     max
0.000000 0.000000 source latency
0.414051         network latency _3220_/CLK
        0.436908 network latency _3295_/CLK
---------------
0.414051 0.436908 latency
        0.022857 skew



===========================================================================
report_clock_min_period
============================================================================
clk period_min = 10.13 fmax = 98.75
