Clock: clk
Sources: clk 
Generated: no
Virtual: yes
Propagated: no
Period: 13.000000

===========================================================================
report_clock_properties
============================================================================
Clock                   Period          Waveform
----------------------------------------------------
clk                  13.000000    0.000000  6.500000

===========================================================================
report_clock_latency
============================================================================
Clock clk
rise -> rise
    min     max
0.000000 0.000000 source latency
0.751169         network latency _3221_/CLK
        0.781819 network latency _3256_/CLK
---------------
0.751169 0.781819 latency
        0.030649 skew

fall -> fall
    min     max
0.000000 0.000000 source latency
0.720970         network latency _3221_/CLK
        0.744710 network latency _3256_/CLK
---------------
0.720970 0.744710 latency
        0.023740 skew



===========================================================================
report_clock_min_period
============================================================================
clk period_min = 20.23 fmax = 49.44
