
===========================================================================
report_checks -unconstrained
===========================================================================
======================= max_ff_n40C_1v95 Corner ===================================

Startpoint: _3302_ (rising edge-triggered flip-flop clocked by clk)
Endpoint: _3237_ (rising edge-triggered flip-flop clocked by clk)
Path Group: clk
Path Type: max

Fanout         Cap        Slew       Delay        Time   Description
---------------------------------------------------------------------------------------------
                                  0.000000    0.000000   clock clk (rise edge)
                                  0.000000    0.000000   clock source latency
     2    0.044418    0.000000    0.000000    0.000000 ^ clk (in)
                                                         clk (net)
                      0.003292    0.001646    0.001646 ^ clkbuf_0_clk/A (sky130_fd_sc_hd__clkbuf_16)
    17    0.169253    0.140408    0.152733    0.154379 ^ clkbuf_0_clk/X (sky130_fd_sc_hd__clkbuf_16)
                                                         clknet_0_clk (net)
                      0.142161    0.012504    0.166883 ^ clkbuf_3_0__f_clk/A (sky130_fd_sc_hd__clkbuf_16)
    25    0.094027    0.085476    0.152136    0.319019 ^ clkbuf_3_0__f_clk/X (sky130_fd_sc_hd__clkbuf_16)
                                                         clknet_3_0__leaf_clk (net)
                      0.086293    0.006641    0.325660 ^ _3302_/CLK (sky130_fd_sc_hd__dfrtp_4)
    15    0.050993    0.088523    0.360878    0.686539 v _3302_/Q (sky130_fd_sc_hd__dfrtp_4)
                                                         B_reg[12] (net)
                      0.088919    0.005066    0.691605 v _1910_/C (sky130_fd_sc_hd__and3_1)
     3    0.006345    0.037636    0.146472    0.838076 v _1910_/X (sky130_fd_sc_hd__and3_1)
                                                         _1175_ (net)
                      0.037636    0.000211    0.838287 v _2300_/B (sky130_fd_sc_hd__or4_1)
     4    0.010153    0.084928    0.323912    1.162199 v _2300_/X (sky130_fd_sc_hd__or4_1)
                                                         _1553_ (net)
                      0.084930    0.000575    1.162773 v _2304_/A2 (sky130_fd_sc_hd__a21o_1)
     3    0.007761    0.038698    0.145331    1.308105 v _2304_/X (sky130_fd_sc_hd__a21o_1)
                                                         _1557_ (net)
                      0.038703    0.000430    1.308535 v _2307_/A2 (sky130_fd_sc_hd__a21oi_1)
     3    0.010318    0.178179    0.172322    1.480857 ^ _2307_/Y (sky130_fd_sc_hd__a21oi_1)
                                                         _1560_ (net)
                      0.178180    0.000368    1.481225 ^ _2311_/B (sky130_fd_sc_hd__xor2_1)
     3    0.011190    0.188360    0.172625    1.653849 ^ _2311_/X (sky130_fd_sc_hd__xor2_1)
                                                         _1564_ (net)
                      0.188364    0.000724    1.654574 ^ _2313_/A2 (sky130_fd_sc_hd__a21o_1)
     4    0.011039    0.077857    0.121540    1.776114 ^ _2313_/X (sky130_fd_sc_hd__a21o_1)
                                                         _1566_ (net)
                      0.077860    0.000563    1.776677 ^ _2318_/A1 (sky130_fd_sc_hd__a21oi_1)
     3    0.011400    0.064994    0.070077    1.846754 v _2318_/Y (sky130_fd_sc_hd__a21oi_1)
                                                         _1571_ (net)
                      0.065003    0.000611    1.847365 v _2321_/B (sky130_fd_sc_hd__or3_1)
     3    0.009201    0.067932    0.235390    2.082755 v _2321_/X (sky130_fd_sc_hd__or3_1)
                                                         _1574_ (net)
                      0.067936    0.000592    2.083347 v _2326_/A1 (sky130_fd_sc_hd__a21o_1)
     4    0.011448    0.048310    0.134969    2.218316 v _2326_/X (sky130_fd_sc_hd__a21o_1)
                                                         _1579_ (net)
                      0.048330    0.000926    2.219242 v _2328_/C (sky130_fd_sc_hd__and3_1)
     2    0.004996    0.033832    0.125113    2.344355 v _2328_/X (sky130_fd_sc_hd__and3_1)
                                                         _1581_ (net)
                      0.033834    0.000302    2.344656 v _2330_/C (sky130_fd_sc_hd__or3_2)
     4    0.014566    0.077441    0.266446    2.611102 v _2330_/X (sky130_fd_sc_hd__or3_2)
                                                         _1583_ (net)
                      0.077459    0.001164    2.612267 v _2334_/A1 (sky130_fd_sc_hd__a21o_1)
     5    0.015867    0.060806    0.149153    2.761420 v _2334_/X (sky130_fd_sc_hd__a21o_1)
                                                         _1587_ (net)
                      0.060818    0.000859    2.762279 v _2338_/B (sky130_fd_sc_hd__and3_1)
     2    0.007367    0.040820    0.127638    2.889917 v _2338_/X (sky130_fd_sc_hd__and3_1)
                                                         _1591_ (net)
                      0.040827    0.000536    2.890454 v _2345_/C (sky130_fd_sc_hd__or3_1)
     3    0.008151    0.063336    0.199378    3.089832 v _2345_/X (sky130_fd_sc_hd__or3_1)
                                                         _1598_ (net)
                      0.063336    0.000304    3.090136 v _2347_/A1 (sky130_fd_sc_hd__a21o_1)
     4    0.011025    0.047137    0.132391    3.222527 v _2347_/X (sky130_fd_sc_hd__a21o_1)
                                                         _1600_ (net)
                      0.047146    0.000649    3.223175 v _2350_/C (sky130_fd_sc_hd__and3_1)
     2    0.006616    0.038518    0.130032    3.353208 v _2350_/X (sky130_fd_sc_hd__and3_1)
                                                         _1603_ (net)
                      0.038523    0.000428    3.353636 v _2352_/C (sky130_fd_sc_hd__or3_1)
     3    0.009328    0.068508    0.204222    3.557858 v _2352_/X (sky130_fd_sc_hd__or3_1)
                                                         _0106_ (net)
                      0.068512    0.000599    3.558457 v _2355_/A2 (sky130_fd_sc_hd__a21o_1)
     4    0.010925    0.046829    0.149564    3.708021 v _2355_/X (sky130_fd_sc_hd__a21o_1)
                                                         _0109_ (net)
                      0.046839    0.000655    3.708677 v _2362_/B (sky130_fd_sc_hd__and3_1)
     2    0.006470    0.038083    0.119096    3.827772 v _2362_/X (sky130_fd_sc_hd__and3_1)
                                                         _0116_ (net)
                      0.038087    0.000408    3.828181 v _2364_/C (sky130_fd_sc_hd__or3_1)
     3    0.008523    0.065000    0.200285    4.028465 v _2364_/X (sky130_fd_sc_hd__or3_1)
                                                         _0118_ (net)
                      0.065004    0.000529    4.028995 v _2366_/A2 (sky130_fd_sc_hd__a21o_1)
     4    0.010748    0.046410    0.147703    4.176697 v _2366_/X (sky130_fd_sc_hd__a21o_1)
                                                         _0120_ (net)
                      0.046424    0.000763    4.177460 v _2370_/B (sky130_fd_sc_hd__and3_1)
     2    0.005426    0.035007    0.115520    4.292980 v _2370_/X (sky130_fd_sc_hd__and3_1)
                                                         _0124_ (net)
                      0.035009    0.000290    4.293270 v _2372_/C (sky130_fd_sc_hd__or3_1)
     3    0.008757    0.065950    0.200637    4.493906 v _2372_/X (sky130_fd_sc_hd__or3_1)
                                                         _0126_ (net)
                      0.065950    0.000267    4.494174 v _2378_/A1 (sky130_fd_sc_hd__a21o_1)
     4    0.010517    0.046089    0.131986    4.626160 v _2378_/X (sky130_fd_sc_hd__a21o_1)
                                                         _0132_ (net)
                      0.046090    0.000345    4.626504 v _2383_/C (sky130_fd_sc_hd__and3_1)
     2    0.007144    0.040087    0.131440    4.757944 v _2383_/X (sky130_fd_sc_hd__and3_1)
                                                         _0137_ (net)
                      0.040089    0.000332    4.758276 v _2385_/C (sky130_fd_sc_hd__or3_1)
     3    0.007883    0.062329    0.197749    4.956025 v _2385_/X (sky130_fd_sc_hd__or3_1)
                                                         _0139_ (net)
                      0.062334    0.000588    4.956613 v _2387_/A1 (sky130_fd_sc_hd__a21o_1)
     4    0.012539    0.051365    0.135747    5.092360 v _2387_/X (sky130_fd_sc_hd__a21o_1)
                                                         _0141_ (net)
                      0.051366    0.000383    5.092743 v _2390_/B (sky130_fd_sc_hd__and3_1)
     3    0.010595    0.049443    0.134030    5.226772 v _2390_/X (sky130_fd_sc_hd__and3_1)
                                                         _0144_ (net)
                      0.049453    0.000714    5.227486 v _2392_/C (sky130_fd_sc_hd__or3_1)
     3    0.007211    0.059609    0.197156    5.424642 v _2392_/X (sky130_fd_sc_hd__or3_1)
                                                         _0146_ (net)
                      0.059611    0.000431    5.425073 v _2397_/A1 (sky130_fd_sc_hd__a21o_1)
     4    0.011487    0.048369    0.132169    5.557241 v _2397_/X (sky130_fd_sc_hd__a21o_1)
                                                         _0151_ (net)
                      0.048375    0.000536    5.557777 v _2406_/B (sky130_fd_sc_hd__and3_1)
     2    0.006044    0.036777    0.118304    5.676082 v _2406_/X (sky130_fd_sc_hd__and3_1)
                                                         _0160_ (net)
                      0.036780    0.000343    5.676425 v _2408_/C (sky130_fd_sc_hd__or3_1)
     3    0.008067    0.062997    0.197837    5.874262 v _2408_/X (sky130_fd_sc_hd__or3_1)
                                                         _0162_ (net)
                      0.062998    0.000377    5.874639 v _2410_/A2 (sky130_fd_sc_hd__a21o_1)
     3    0.007412    0.037635    0.136617    6.011257 v _2410_/X (sky130_fd_sc_hd__a21o_1)
                                                         _0164_ (net)
                      0.037638    0.000399    6.011656 v _2413_/C (sky130_fd_sc_hd__and3_1)
     2    0.005074    0.034049    0.121366    6.133021 v _2413_/X (sky130_fd_sc_hd__and3_1)
                                                         _0167_ (net)
                      0.034050    0.000168    6.133189 v _2415_/C (sky130_fd_sc_hd__or3_1)
     3    0.007681    0.061451    0.195200    6.328390 v _2415_/X (sky130_fd_sc_hd__or3_1)
                                                         _0169_ (net)
                      0.061453    0.000445    6.328835 v _2420_/A1 (sky130_fd_sc_hd__a21o_1)
     4    0.011751    0.049112    0.133462    6.462296 v _2420_/X (sky130_fd_sc_hd__a21o_1)
                                                         _0174_ (net)
                      0.049120    0.000649    6.462945 v _2423_/A1 (sky130_fd_sc_hd__a21o_1)
     2    0.008506    0.041099    0.119448    6.582393 v _2423_/X (sky130_fd_sc_hd__a21o_1)
                                                         _0177_ (net)
                      0.041108    0.000601    6.582994 v _2426_/B (sky130_fd_sc_hd__xnor2_1)
     1    0.003290    0.042681    0.080993    6.663987 v _2426_/Y (sky130_fd_sc_hd__xnor2_1)
                                                         _0179_ (net)
                      0.042681    0.000133    6.664120 v _2427_/A1 (sky130_fd_sc_hd__mux2_1)
     1    0.003102    0.039177    0.151349    6.815469 v _2427_/X (sky130_fd_sc_hd__mux2_1)
                                                         _0024_ (net)
                      0.039177    0.000202    6.815671 v _3237_/D (sky130_fd_sc_hd__dfrtp_4)
                                              6.815671   data arrival time

                                200.000000  200.000000   clock clk (rise edge)
                                  0.000000  200.000000   clock source latency
     2    0.044418    0.000000    0.000000  200.000000 ^ clk (in)
                                                         clk (net)
                      0.003292    0.001648  200.001648 ^ clkbuf_0_clk/A (sky130_fd_sc_hd__clkbuf_16)
    17    0.169253    0.140408    0.152724  200.154373 ^ clkbuf_0_clk/X (sky130_fd_sc_hd__clkbuf_16)
                                                         clknet_0_clk (net)
                      0.142071    0.012193  200.166565 ^ clkbuf_3_3__f_clk/A (sky130_fd_sc_hd__clkbuf_16)
    35    0.101507    0.091010    0.155509  200.322067 ^ clkbuf_3_3__f_clk/X (sky130_fd_sc_hd__clkbuf_16)
                                                         clknet_3_3__leaf_clk (net)
                      0.091458    0.005130  200.327194 ^ _3237_/CLK (sky130_fd_sc_hd__dfrtp_4)
                                 -0.100000  200.227203   clock uncertainty
                                  0.000000  200.227203   clock reconvergence pessimism
                                 -0.069471  200.157715   library setup time
                                            200.157715   data required time
---------------------------------------------------------------------------------------------
                                            200.157715   data required time
                                             -6.815671   data arrival time
---------------------------------------------------------------------------------------------
                                            193.342056   slack (MET)




===========================================================================
report_checks --slack_max -0.01
============================================================================
======================= max_ff_n40C_1v95 Corner ===================================

No paths found.


===========================================================================
 report_check_types -max_slew -max_cap -max_fanout -violators
============================================================================
======================= max_ff_n40C_1v95 Corner ===================================



===========================================================================
report_parasitic_annotation -report_unannotated
============================================================================
Found 7 unannotated drivers.
 clkload0/Y
 clkload1/Y
 clkload2/Y
 clkload3/Y
 clkload4/Y
 clkload5/Y
 clkload6/Y
Found 0 partially unannotated drivers.

===========================================================================
max slew violation count 0
max fanout violation count 0
max cap violation count 0
============================================================================

===========================================================================
check_setup -verbose -unconstrained_endpoints -multiple_clock -no_clock -no_input_delay -loops -generated_clocks
===========================================================================
Warning: There are 36 input ports missing set_input_delay.
  A_in[0]
  A_in[10]
  A_in[11]
  A_in[12]
  A_in[13]
  A_in[14]
  A_in[15]
  A_in[1]
  A_in[2]
  A_in[3]
  A_in[4]
  A_in[5]
  A_in[6]
  A_in[7]
  A_in[8]
  A_in[9]
  B_in[0]
  B_in[10]
  B_in[11]
  B_in[12]
  B_in[13]
  B_in[14]
  B_in[15]
  B_in[1]
  B_in[2]
  B_in[3]
  B_in[4]
  B_in[5]
  B_in[6]
  B_in[7]
  B_in[8]
  B_in[9]
  Op_Sel[0]
  Op_Sel[1]
  Start
  rst_n
Warning: There are 17 unconstrained endpoints.
  Done
  X_out[0]
  X_out[10]
  X_out[11]
  X_out[12]
  X_out[13]
  X_out[14]
  X_out[15]
  X_out[1]
  X_out[2]
  X_out[3]
  X_out[4]
  X_out[5]
  X_out[6]
  X_out[7]
  X_out[8]
  X_out[9]
