
===========================================================================
report_checks -unconstrained
===========================================================================
======================= nom_ss_100C_1v60 Corner ===================================

Startpoint: _3302_ (rising edge-triggered flip-flop clocked by clk)
Endpoint: _3238_ (rising edge-triggered flip-flop clocked by clk)
Path Group: clk
Path Type: max

Fanout         Cap        Slew       Delay        Time   Description
---------------------------------------------------------------------------------------------
                                  0.000000    0.000000   clock clk (rise edge)
                                  0.000000    0.000000   clock source latency
     2    0.041902    0.000000    0.000000    0.000000 ^ clk (in)
                                                         clk (net)
                      0.002346    0.001173    0.001173 ^ clkbuf_0_clk/A (sky130_fd_sc_hd__clkbuf_16)
    17    0.166672    0.270311    0.354367    0.355540 ^ clkbuf_0_clk/X (sky130_fd_sc_hd__clkbuf_16)
                                                         clknet_0_clk (net)
                      0.270659    0.008002    0.363541 ^ clkbuf_3_0__f_clk/A (sky130_fd_sc_hd__clkbuf_16)
    25    0.091200    0.164153    0.394865    0.758406 ^ clkbuf_3_0__f_clk/X (sky130_fd_sc_hd__clkbuf_16)
                                                         clknet_3_0__leaf_clk (net)
                      0.164277    0.004106    0.762512 ^ _3302_/CLK (sky130_fd_sc_hd__dfrtp_4)
    15    0.049923    0.218625    1.176374    1.938886 v _3302_/Q (sky130_fd_sc_hd__dfrtp_4)
                                                         B_reg[12] (net)
                      0.218653    0.002554    1.941440 v _1910_/C (sky130_fd_sc_hd__and3_1)
     3    0.005832    0.095570    0.462103    2.403543 v _1910_/X (sky130_fd_sc_hd__and3_1)
                                                         _1175_ (net)
                      0.095570    0.000091    2.403635 v _2300_/B (sky130_fd_sc_hd__or4_1)
     4    0.009705    0.259818    1.305010    3.708645 v _2300_/X (sky130_fd_sc_hd__or4_1)
                                                         _1553_ (net)
                      0.259818    0.000206    3.708851 v _2304_/A2 (sky130_fd_sc_hd__a21o_1)
     3    0.007570    0.097266    0.432944    4.141796 v _2304_/X (sky130_fd_sc_hd__a21o_1)
                                                         _1557_ (net)
                      0.097266    0.000169    4.141964 v _2308_/C (sky130_fd_sc_hd__and3_1)
     2    0.005312    0.091650    0.397382    4.539346 v _2308_/X (sky130_fd_sc_hd__and3_1)
                                                         _1561_ (net)
                      0.091650    0.000133    4.539479 v _2310_/C (sky130_fd_sc_hd__or3_1)
     3    0.007980    0.188575    0.800711    5.340189 v _2310_/X (sky130_fd_sc_hd__or3_1)
                                                         _1563_ (net)
                      0.188575    0.000200    5.340390 v _2313_/A1 (sky130_fd_sc_hd__a21o_1)
     4    0.011384    0.127878    0.404329    5.744719 v _2313_/X (sky130_fd_sc_hd__a21o_1)
                                                         _1566_ (net)
                      0.127878    0.000242    5.744961 v _2319_/B (sky130_fd_sc_hd__and3_1)
     2    0.005701    0.094608    0.387284    6.132245 v _2319_/X (sky130_fd_sc_hd__and3_1)
                                                         _1572_ (net)
                      0.094608    0.000109    6.132354 v _2321_/C (sky130_fd_sc_hd__or3_1)
     3    0.008607    0.195215    0.810219    6.942573 v _2321_/X (sky130_fd_sc_hd__or3_1)
                                                         _1574_ (net)
                      0.195215    0.000267    6.942840 v _2326_/A1 (sky130_fd_sc_hd__a21o_1)
     4    0.011069    0.125320    0.404755    7.347594 v _2326_/X (sky130_fd_sc_hd__a21o_1)
                                                         _1579_ (net)
                      0.125320    0.000354    7.347949 v _2328_/C (sky130_fd_sc_hd__and3_1)
     2    0.004891    0.088562    0.407746    7.755695 v _2328_/X (sky130_fd_sc_hd__and3_1)
                                                         _1581_ (net)
                      0.088562    0.000119    7.755814 v _2330_/C (sky130_fd_sc_hd__or3_2)
     4    0.014199    0.231922    1.096500    8.852314 v _2330_/X (sky130_fd_sc_hd__or3_2)
                                                         _1583_ (net)
                      0.231922    0.000486    8.852799 v _2334_/A1 (sky130_fd_sc_hd__a21o_1)
     5    0.015646    0.156884    0.452498    9.305297 v _2334_/X (sky130_fd_sc_hd__a21o_1)
                                                         _1587_ (net)
                      0.156884    0.000542    9.305839 v _2338_/B (sky130_fd_sc_hd__and3_1)
     2    0.006539    0.101115    0.408711    9.714550 v _2338_/X (sky130_fd_sc_hd__and3_1)
                                                         _1591_ (net)
                      0.101115    0.000158    9.714708 v _2345_/C (sky130_fd_sc_hd__or3_1)
     3    0.008282    0.191503    0.808142   10.522850 v _2345_/X (sky130_fd_sc_hd__or3_1)
                                                         _1598_ (net)
                      0.191503    0.000156   10.523006 v _2347_/A1 (sky130_fd_sc_hd__a21o_1)
     4    0.011434    0.128349    0.405943   10.928949 v _2347_/X (sky130_fd_sc_hd__a21o_1)
                                                         _1600_ (net)
                      0.128349    0.000343   10.929293 v _2350_/C (sky130_fd_sc_hd__and3_1)
     2    0.006612    0.101682    0.423809   11.353101 v _2350_/X (sky130_fd_sc_hd__and3_1)
                                                         _1603_ (net)
                      0.101682    0.000195   11.353295 v _2352_/C (sky130_fd_sc_hd__or3_1)
     3    0.009029    0.200057    0.818395   12.171691 v _2352_/X (sky130_fd_sc_hd__or3_1)
                                                         _0106_ (net)
                      0.200057    0.000249   12.171939 v _2355_/A2 (sky130_fd_sc_hd__a21o_1)
     4    0.010628    0.121685    0.433086   12.605025 v _2355_/X (sky130_fd_sc_hd__a21o_1)
                                                         _0109_ (net)
                      0.121685    0.000311   12.605336 v _2362_/B (sky130_fd_sc_hd__and3_1)
     2    0.006414    0.100125    0.390198   12.995534 v _2362_/X (sky130_fd_sc_hd__and3_1)
                                                         _0116_ (net)
                      0.100125    0.000210   12.995744 v _2364_/C (sky130_fd_sc_hd__or3_1)
     3    0.007532    0.184355    0.797604   13.793347 v _2364_/X (sky130_fd_sc_hd__or3_1)
                                                         _0118_ (net)
                      0.184355    0.000224   13.793571 v _2366_/A2 (sky130_fd_sc_hd__a21o_1)
     4    0.011155    0.126000    0.430587   14.224158 v _2366_/X (sky130_fd_sc_hd__a21o_1)
                                                         _0120_ (net)
                      0.126000    0.000252   14.224410 v _2370_/B (sky130_fd_sc_hd__and3_1)
     2    0.005748    0.094964    0.386771   14.611181 v _2370_/X (sky130_fd_sc_hd__and3_1)
                                                         _0124_ (net)
                      0.094964    0.000147   14.611328 v _2372_/C (sky130_fd_sc_hd__or3_1)
     3    0.009070    0.200422    0.816645   15.427972 v _2372_/X (sky130_fd_sc_hd__or3_1)
                                                         _0126_ (net)
                      0.200422    0.000144   15.428116 v _2378_/A1 (sky130_fd_sc_hd__a21o_1)
     4    0.010349    0.119413    0.401663   15.829779 v _2378_/X (sky130_fd_sc_hd__a21o_1)
                                                         _0132_ (net)
                      0.119413    0.000139   15.829917 v _2383_/C (sky130_fd_sc_hd__and3_1)
     2    0.006923    0.104151    0.422002   16.251919 v _2383_/X (sky130_fd_sc_hd__and3_1)
                                                         _0137_ (net)
                      0.104151    0.000178   16.252096 v _2385_/C (sky130_fd_sc_hd__or3_1)
     3    0.007663    0.185547    0.800789   17.052885 v _2385_/X (sky130_fd_sc_hd__or3_1)
                                                         _0139_ (net)
                      0.185547    0.000222   17.053108 v _2387_/A1 (sky130_fd_sc_hd__a21o_1)
     4    0.012563    0.137665    0.411978   17.465086 v _2387_/X (sky130_fd_sc_hd__a21o_1)
                                                         _0141_ (net)
                      0.137665    0.000188   17.465275 v _2390_/B (sky130_fd_sc_hd__and3_1)
     3    0.010262    0.132131    0.430401   17.895676 v _2390_/X (sky130_fd_sc_hd__and3_1)
                                                         _0144_ (net)
                      0.132131    0.000302   17.895977 v _2392_/C (sky130_fd_sc_hd__or3_1)
     3    0.006783    0.176816    0.798693   18.694670 v _2392_/X (sky130_fd_sc_hd__or3_1)
                                                         _0146_ (net)
                      0.176816    0.000163   18.694834 v _2397_/A1 (sky130_fd_sc_hd__a21o_1)
     4    0.011196    0.126312    0.397819   19.092651 v _2397_/X (sky130_fd_sc_hd__a21o_1)
                                                         _0151_ (net)
                      0.126312    0.000213   19.092865 v _2406_/B (sky130_fd_sc_hd__and3_1)
     2    0.005712    0.094696    0.386613   19.479479 v _2406_/X (sky130_fd_sc_hd__and3_1)
                                                         _0160_ (net)
                      0.094696    0.000140   19.479618 v _2408_/C (sky130_fd_sc_hd__or3_1)
     3    0.008212    0.191153    0.804942   20.284561 v _2408_/X (sky130_fd_sc_hd__or3_1)
                                                         _0162_ (net)
                      0.191153    0.000158   20.284718 v _2410_/A2 (sky130_fd_sc_hd__a21o_1)
     3    0.007070    0.093218    0.401984   20.686703 v _2410_/X (sky130_fd_sc_hd__a21o_1)
                                                         _0164_ (net)
                      0.093218    0.000171   20.686872 v _2413_/C (sky130_fd_sc_hd__and3_1)
     2    0.004905    0.088641    0.391930   21.078804 v _2413_/X (sky130_fd_sc_hd__and3_1)
                                                         _0167_ (net)
                      0.088641    0.000101   21.078905 v _2415_/C (sky130_fd_sc_hd__or3_1)
     3    0.006928    0.178479    0.785425   21.864330 v _2415_/X (sky130_fd_sc_hd__or3_1)
                                                         _0169_ (net)
                      0.178479    0.000171   21.864500 v _2420_/A1 (sky130_fd_sc_hd__a21o_1)
     4    0.012471    0.136891    0.408196   22.272696 v _2420_/X (sky130_fd_sc_hd__a21o_1)
                                                         _0174_ (net)
                      0.136891    0.000227   22.272924 v _2428_/A1 (sky130_fd_sc_hd__a21bo_1)
     1    0.004375    0.075438    0.348033   22.620956 v _2428_/X (sky130_fd_sc_hd__a21bo_1)
                                                         _0180_ (net)
                      0.075438    0.000085   22.621042 v _2429_/B (sky130_fd_sc_hd__xor2_1)
     1    0.002279    0.116785    0.258401   22.879442 v _2429_/X (sky130_fd_sc_hd__xor2_1)
                                                         _0181_ (net)
                      0.116785    0.000046   22.879490 v _2430_/A1 (sky130_fd_sc_hd__mux2_1)
     1    0.002302    0.105548    0.659007   23.538496 v _2430_/X (sky130_fd_sc_hd__mux2_1)
                                                         _0025_ (net)
                      0.105548    0.000044   23.538540 v _3238_/D (sky130_fd_sc_hd__dfrtp_4)
                                             23.538540   data arrival time

                                 40.000000   40.000000   clock clk (rise edge)
                                  0.000000   40.000000   clock source latency
     2    0.041902    0.000000    0.000000   40.000000 ^ clk (in)
                                                         clk (net)
                      0.002346    0.001172   40.001175 ^ clkbuf_0_clk/A (sky130_fd_sc_hd__clkbuf_16)
    17    0.166672    0.270311    0.354369   40.355541 ^ clkbuf_0_clk/X (sky130_fd_sc_hd__clkbuf_16)
                                                         clknet_0_clk (net)
                      0.270670    0.008118   40.363659 ^ clkbuf_3_3__f_clk/A (sky130_fd_sc_hd__clkbuf_16)
    35    0.096367    0.171371    0.400309   40.763969 ^ clkbuf_3_3__f_clk/X (sky130_fd_sc_hd__clkbuf_16)
                                                         clknet_3_3__leaf_clk (net)
                      0.171437    0.003176   40.767147 ^ _3238_/CLK (sky130_fd_sc_hd__dfrtp_4)
                                 -0.100000   40.667149   clock uncertainty
                                  0.000000   40.667149   clock reconvergence pessimism
                                 -0.262618   40.404530   library setup time
                                             40.404530   data required time
---------------------------------------------------------------------------------------------
                                             40.404530   data required time
                                            -23.538540   data arrival time
---------------------------------------------------------------------------------------------
                                             16.865990   slack (MET)




===========================================================================
report_checks --slack_max -0.01
============================================================================
======================= nom_ss_100C_1v60 Corner ===================================

No paths found.


===========================================================================
 report_check_types -max_slew -max_cap -max_fanout -violators
============================================================================
======================= nom_ss_100C_1v60 Corner ===================================



===========================================================================
report_parasitic_annotation -report_unannotated
============================================================================
Found 7 unannotated drivers.
 clkload0/Y
 clkload1/Y
 clkload2/Y
 clkload3/Y
 clkload4/Y
 clkload5/Y
 clkload6/X
Found 0 partially unannotated drivers.

===========================================================================
max slew violation count 0
max fanout violation count 0
max cap violation count 0
============================================================================

===========================================================================
check_setup -verbose -unconstrained_endpoints -multiple_clock -no_clock -no_input_delay -loops -generated_clocks
===========================================================================
Warning: There are 36 input ports missing set_input_delay.
  A_in[0]
  A_in[10]
  A_in[11]
  A_in[12]
  A_in[13]
  A_in[14]
  A_in[15]
  A_in[1]
  A_in[2]
  A_in[3]
  A_in[4]
  A_in[5]
  A_in[6]
  A_in[7]
  A_in[8]
  A_in[9]
  B_in[0]
  B_in[10]
  B_in[11]
  B_in[12]
  B_in[13]
  B_in[14]
  B_in[15]
  B_in[1]
  B_in[2]
  B_in[3]
  B_in[4]
  B_in[5]
  B_in[6]
  B_in[7]
  B_in[8]
  B_in[9]
  Op_Sel[0]
  Op_Sel[1]
  Start
  rst_n
Warning: There are 17 unconstrained endpoints.
  Done
  X_out[0]
  X_out[10]
  X_out[11]
  X_out[12]
  X_out[13]
  X_out[14]
  X_out[15]
  X_out[1]
  X_out[2]
  X_out[3]
  X_out[4]
  X_out[5]
  X_out[6]
  X_out[7]
  X_out[8]
  X_out[9]
