Clock: clk
Sources: clk 
Generated: no
Virtual: yes
Propagated: no
Period: 100.000000

===========================================================================
report_clock_properties
============================================================================
Clock                   Period          Waveform
----------------------------------------------------
clk                 100.000000    0.000000 50.000000

===========================================================================
report_clock_latency
============================================================================
Clock clk
rise -> rise
    min     max
0.000000 0.000000 source latency
0.305631         network latency _3221_/CLK
        0.324370 network latency _3253_/CLK
---------------
0.305631 0.324370 latency
        0.018740 skew

fall -> fall
    min     max
0.000000 0.000000 source latency
0.288487         network latency _3221_/CLK
        0.303157 network latency _3253_/CLK
---------------
0.288487 0.303157 latency
        0.014669 skew



===========================================================================
report_clock_min_period
============================================================================
clk period_min = 6.63 fmax = 150.78
