
===========================================================================
report_checks -unconstrained
===========================================================================
======================= nom_ff_n40C_1v95 Corner ===================================

Startpoint: _3302_ (rising edge-triggered flip-flop clocked by clk)
Endpoint: _3237_ (rising edge-triggered flip-flop clocked by clk)
Path Group: clk
Path Type: max

Fanout         Cap        Slew       Delay        Time   Description
---------------------------------------------------------------------------------------------
                                  0.000000    0.000000   clock clk (rise edge)
                                  0.000000    0.000000   clock source latency
     2    0.043679    0.000000    0.000000    0.000000 ^ clk (in)
                                                         clk (net)
                      0.002278    0.001139    0.001139 ^ clkbuf_0_clk/A (sky130_fd_sc_hd__clkbuf_16)
    17    0.163130    0.135499    0.152067    0.153206 ^ clkbuf_0_clk/X (sky130_fd_sc_hd__clkbuf_16)
                                                         clknet_0_clk (net)
                      0.136185    0.007734    0.160941 ^ clkbuf_3_0__f_clk/A (sky130_fd_sc_hd__clkbuf_16)
    25    0.095117    0.085726    0.153190    0.314130 ^ clkbuf_3_0__f_clk/X (sky130_fd_sc_hd__clkbuf_16)
                                                         clknet_3_0__leaf_clk (net)
                      0.085955    0.003144    0.317275 ^ _3302_/CLK (sky130_fd_sc_hd__dfrtp_4)
     6    0.023241    0.061213    0.331065    0.648340 v _3302_/Q (sky130_fd_sc_hd__dfrtp_4)
                                                         B_reg[12] (net)
                      0.061213    0.001297    0.649637 v _1910_/C (sky130_fd_sc_hd__and3_1)
     3    0.007576    0.041371    0.139009    0.788646 v _1910_/X (sky130_fd_sc_hd__and3_1)
                                                         _1175_ (net)
                      0.041371    0.000202    0.788848 v _2300_/A (sky130_fd_sc_hd__or4_4)
     4    0.009844    0.064912    0.329873    1.118720 v _2300_/X (sky130_fd_sc_hd__or4_4)
                                                         _1553_ (net)
                      0.064912    0.000209    1.118930 v _2304_/A1 (sky130_fd_sc_hd__a21o_1)
     3    0.008451    0.040755    0.125421    1.244351 v _2304_/X (sky130_fd_sc_hd__a21o_1)
                                                         _1557_ (net)
                      0.040755    0.000230    1.244581 v _2307_/A2 (sky130_fd_sc_hd__a21oi_1)
     3    0.010944    0.186804    0.179544    1.424125 ^ _2307_/Y (sky130_fd_sc_hd__a21oi_1)
                                                         _1560_ (net)
                      0.186804    0.000169    1.424294 ^ _2311_/B (sky130_fd_sc_hd__xor2_1)
     3    0.010390    0.177779    0.164934    1.589228 ^ _2311_/X (sky130_fd_sc_hd__xor2_1)
                                                         _1564_ (net)
                      0.177780    0.000252    1.589479 ^ _2313_/A2 (sky130_fd_sc_hd__a21o_1)
     4    0.010930    0.077108    0.120677    1.710156 ^ _2313_/X (sky130_fd_sc_hd__a21o_1)
                                                         _1566_ (net)
                      0.077108    0.000276    1.710433 ^ _2318_/A1 (sky130_fd_sc_hd__a21oi_1)
     3    0.011550    0.064415    0.070623    1.781056 v _2318_/Y (sky130_fd_sc_hd__a21oi_1)
                                                         _1571_ (net)
                      0.064425    0.000265    1.781321 v _2321_/B (sky130_fd_sc_hd__or3_4)
     3    0.007453    0.049181    0.232934    2.014255 v _2321_/X (sky130_fd_sc_hd__or3_4)
                                                         _1574_ (net)
                      0.049181    0.000132    2.014387 v _2326_/A1 (sky130_fd_sc_hd__a21o_1)
     4    0.009897    0.045210    0.123935    2.138322 v _2326_/X (sky130_fd_sc_hd__a21o_1)
                                                         _1579_ (net)
                      0.045210    0.000219    2.138541 v _2328_/A (sky130_fd_sc_hd__and3_1)
     2    0.006574    0.038321    0.105176    2.243716 v _2328_/X (sky130_fd_sc_hd__and3_1)
                                                         _1581_ (net)
                      0.038321    0.000187    2.243903 v _2330_/A (sky130_fd_sc_hd__or3_4)
     3    0.007351    0.049091    0.235906    2.479809 v _2330_/X (sky130_fd_sc_hd__or3_4)
                                                         _1583_ (net)
                      0.049091    0.000199    2.480008 v _2334_/A1 (sky130_fd_sc_hd__a21o_1)
     4    0.010719    0.046423    0.126377    2.606385 v _2334_/X (sky130_fd_sc_hd__a21o_1)
                                                         _1587_ (net)
                      0.046423    0.000263    2.606648 v _2338_/A (sky130_fd_sc_hd__and3_1)
     2    0.006065    0.036818    0.103999    2.710647 v _2338_/X (sky130_fd_sc_hd__and3_1)
                                                         _1591_ (net)
                      0.036818    0.000180    2.710827 v _2345_/C (sky130_fd_sc_hd__or3_4)
     3    0.008654    0.050498    0.201648    2.912475 v _2345_/X (sky130_fd_sc_hd__or3_4)
                                                         _1598_ (net)
                      0.050498    0.000196    2.912671 v _2347_/A1 (sky130_fd_sc_hd__a21o_1)
     4    0.010570    0.046126    0.126501    3.039173 v _2347_/X (sky130_fd_sc_hd__a21o_1)
                                                         _1600_ (net)
                      0.046127    0.000273    3.039445 v _2348_/A2 (sky130_fd_sc_hd__a21oi_1)
     3    0.013908    0.227975    0.211442    3.250888 ^ _2348_/Y (sky130_fd_sc_hd__a21oi_1)
                                                         _1601_ (net)
                      0.227976    0.000437    3.251324 ^ _2349_/B (sky130_fd_sc_hd__xnor2_1)
     3    0.015893    0.104419    0.113580    3.364904 v _2349_/Y (sky130_fd_sc_hd__xnor2_1)
                                                         _1602_ (net)
                      0.104419    0.000378    3.365282 v _2355_/A2 (sky130_fd_sc_hd__a21o_1)
     4    0.009242    0.043295    0.156859    3.522141 v _2355_/X (sky130_fd_sc_hd__a21o_1)
                                                         _0109_ (net)
                      0.043296    0.000237    3.522377 v _2362_/B (sky130_fd_sc_hd__and3_1)
     2    0.006593    0.038390    0.118257    3.640635 v _2362_/X (sky130_fd_sc_hd__and3_1)
                                                         _0116_ (net)
                      0.038390    0.000224    3.640859 v _2364_/C (sky130_fd_sc_hd__or3_4)
     3    0.007815    0.049583    0.200540    3.841399 v _2364_/X (sky130_fd_sc_hd__or3_4)
                                                         _0118_ (net)
                      0.049583    0.000211    3.841611 v _2366_/A1 (sky130_fd_sc_hd__a21o_1)
     4    0.011369    0.048093    0.128211    3.969822 v _2366_/X (sky130_fd_sc_hd__a21o_1)
                                                         _0120_ (net)
                      0.048095    0.000376    3.970198 v _2369_/A1 (sky130_fd_sc_hd__a21oi_1)
     3    0.012844    0.213034    0.185866    4.156065 ^ _2369_/Y (sky130_fd_sc_hd__a21oi_1)
                                                         _0123_ (net)
                      0.213035    0.000293    4.156357 ^ _2373_/B (sky130_fd_sc_hd__xnor2_1)
     4    0.012715    0.220463    0.134719    4.291077 ^ _2373_/Y (sky130_fd_sc_hd__xnor2_1)
                                                         _0127_ (net)
                      0.220463    0.000281    4.291357 ^ _2378_/A2 (sky130_fd_sc_hd__a21o_1)
     4    0.010939    0.077283    0.122856    4.414213 ^ _2378_/X (sky130_fd_sc_hd__a21o_1)
                                                         _0132_ (net)
                      0.077283    0.000192    4.414405 ^ _2382_/A2 (sky130_fd_sc_hd__a21oi_1)
     3    0.011407    0.068067    0.074160    4.488565 v _2382_/Y (sky130_fd_sc_hd__a21oi_1)
                                                         _0136_ (net)
                      0.068068    0.000255    4.488820 v _2385_/B (sky130_fd_sc_hd__or3_4)
     3    0.008492    0.050319    0.236118    4.724938 v _2385_/X (sky130_fd_sc_hd__or3_4)
                                                         _0139_ (net)
                      0.050319    0.000187    4.725124 v _2387_/A1 (sky130_fd_sc_hd__a21o_1)
     4    0.012814    0.052054    0.132085    4.857209 v _2387_/X (sky130_fd_sc_hd__a21o_1)
                                                         _0141_ (net)
                      0.052054    0.000221    4.857430 v _2390_/A (sky130_fd_sc_hd__and3_1)
     3    0.011437    0.051798    0.122525    4.979955 v _2390_/X (sky130_fd_sc_hd__and3_1)
                                                         _0144_ (net)
                      0.051798    0.000246    4.980202 v _2392_/C (sky130_fd_sc_hd__or3_4)
     3    0.007900    0.049683    0.204494    5.184696 v _2392_/X (sky130_fd_sc_hd__or3_4)
                                                         _0146_ (net)
                      0.049683    0.000156    5.184851 v _2397_/A1 (sky130_fd_sc_hd__a21o_1)
     4    0.010656    0.046247    0.126465    5.311316 v _2397_/X (sky130_fd_sc_hd__a21o_1)
                                                         _0151_ (net)
                      0.046247    0.000161    5.311477 v _2406_/A (sky130_fd_sc_hd__and3_1)
     2    0.006389    0.037774    0.104992    5.416469 v _2406_/X (sky130_fd_sc_hd__and3_1)
                                                         _0160_ (net)
                      0.037774    0.000107    5.416576 v _2408_/C (sky130_fd_sc_hd__or3_4)
     3    0.008611    0.050450    0.201840    5.618416 v _2408_/X (sky130_fd_sc_hd__or3_4)
                                                         _0162_ (net)
                      0.050450    0.000167    5.618583 v _2410_/A1 (sky130_fd_sc_hd__a21o_1)
     3    0.007016    0.036352    0.115678    5.734261 v _2410_/X (sky130_fd_sc_hd__a21o_1)
                                                         _0164_ (net)
                      0.036353    0.000203    5.734464 v _2413_/A (sky130_fd_sc_hd__and3_1)
     2    0.006113    0.036957    0.100378    5.834842 v _2413_/X (sky130_fd_sc_hd__and3_1)
                                                         _0167_ (net)
                      0.036957    0.000135    5.834977 v _2415_/C (sky130_fd_sc_hd__or3_4)
     3    0.006765    0.048417    0.198215    6.033192 v _2415_/X (sky130_fd_sc_hd__or3_4)
                                                         _0169_ (net)
                      0.048417    0.000143    6.033334 v _2420_/A1 (sky130_fd_sc_hd__a21o_1)
     3    0.008916    0.042228    0.120671    6.154005 v _2420_/X (sky130_fd_sc_hd__a21o_1)
                                                         _0174_ (net)
                      0.042229    0.000193    6.154198 v _2423_/A1 (sky130_fd_sc_hd__a21o_1)
     2    0.008741    0.041708    0.117682    6.271880 v _2423_/X (sky130_fd_sc_hd__a21o_1)
                                                         _0177_ (net)
                      0.041709    0.000272    6.272152 v _2426_/B (sky130_fd_sc_hd__xnor2_1)
     1    0.003284    0.040048    0.081222    6.353374 v _2426_/Y (sky130_fd_sc_hd__xnor2_1)
                                                         _0179_ (net)
                      0.040048    0.000076    6.353451 v _2427_/A1 (sky130_fd_sc_hd__mux2_4)
     1    0.003001    0.035682    0.144293    6.497744 v _2427_/X (sky130_fd_sc_hd__mux2_4)
                                                         _0024_ (net)
                      0.035682    0.000091    6.497836 v _3237_/D (sky130_fd_sc_hd__dfrtp_4)
                                              6.497836   data arrival time

                                 10.500000   10.500000   clock clk (rise edge)
                                  0.000000   10.500000   clock source latency
     2    0.043679    0.000000    0.000000   10.500000 ^ clk (in)
                                                         clk (net)
                      0.002278    0.001139   10.501139 ^ clkbuf_0_clk/A (sky130_fd_sc_hd__clkbuf_16)
    17    0.163130    0.135499    0.152068   10.653207 ^ clkbuf_0_clk/X (sky130_fd_sc_hd__clkbuf_16)
                                                         clknet_0_clk (net)
                      0.136091    0.007197   10.660403 ^ clkbuf_3_3__f_clk/A (sky130_fd_sc_hd__clkbuf_16)
    35    0.098430    0.088524    0.154717   10.815121 ^ clkbuf_3_3__f_clk/X (sky130_fd_sc_hd__clkbuf_16)
                                                         clknet_3_3__leaf_clk (net)
                      0.088674    0.002416   10.817536 ^ _3237_/CLK (sky130_fd_sc_hd__dfrtp_4)
                                 -0.100000   10.717537   clock uncertainty
                                  0.000000   10.717537   clock reconvergence pessimism
                                 -0.068489   10.649048   library setup time
                                             10.649048   data required time
---------------------------------------------------------------------------------------------
                                             10.649048   data required time
                                             -6.497836   data arrival time
---------------------------------------------------------------------------------------------
                                              4.151212   slack (MET)




===========================================================================
report_checks --slack_max -0.01
============================================================================
======================= nom_ff_n40C_1v95 Corner ===================================

No paths found.


===========================================================================
 report_check_types -max_slew -max_cap -max_fanout -violators
============================================================================
======================= nom_ff_n40C_1v95 Corner ===================================



===========================================================================
report_parasitic_annotation -report_unannotated
============================================================================
Found 7 unannotated drivers.
 clkload0/Y
 clkload1/Y
 clkload2/Y
 clkload3/Y
 clkload4/Y
 clkload5/Y
 clkload6/Y
Found 0 partially unannotated drivers.

===========================================================================
max slew violation count 0
max fanout violation count 0
max cap violation count 0
============================================================================

===========================================================================
check_setup -verbose -unconstrained_endpoints -multiple_clock -no_clock -no_input_delay -loops -generated_clocks
===========================================================================
Warning: There are 36 input ports missing set_input_delay.
  A_in[0]
  A_in[10]
  A_in[11]
  A_in[12]
  A_in[13]
  A_in[14]
  A_in[15]
  A_in[1]
  A_in[2]
  A_in[3]
  A_in[4]
  A_in[5]
  A_in[6]
  A_in[7]
  A_in[8]
  A_in[9]
  B_in[0]
  B_in[10]
  B_in[11]
  B_in[12]
  B_in[13]
  B_in[14]
  B_in[15]
  B_in[1]
  B_in[2]
  B_in[3]
  B_in[4]
  B_in[5]
  B_in[6]
  B_in[7]
  B_in[8]
  B_in[9]
  Op_Sel[0]
  Op_Sel[1]
  Start
  rst_n
Warning: There are 17 unconstrained endpoints.
  Done
  X_out[0]
  X_out[10]
  X_out[11]
  X_out[12]
  X_out[13]
  X_out[14]
  X_out[15]
  X_out[1]
  X_out[2]
  X_out[3]
  X_out[4]
  X_out[5]
  X_out[6]
  X_out[7]
  X_out[8]
  X_out[9]
