
===========================================================================
report_checks -unconstrained
===========================================================================
======================= min_tt_025C_1v80 Corner ===================================

Startpoint: _3302_ (rising edge-triggered flip-flop clocked by clk)
Endpoint: _3238_ (rising edge-triggered flip-flop clocked by clk)
Path Group: clk
Path Type: max

Fanout         Cap        Slew       Delay        Time   Description
---------------------------------------------------------------------------------------------
                                  0.000000    0.000000   clock clk (rise edge)
                                  0.000000    0.000000   clock source latency
     2    0.039354    0.000000    0.000000    0.000000 ^ clk (in)
                                                         clk (net)
                      0.001528    0.000764    0.000764 ^ clkbuf_0_clk/A (sky130_fd_sc_hd__clkbuf_16)
    17    0.155537    0.167653    0.207250    0.208014 ^ clkbuf_0_clk/X (sky130_fd_sc_hd__clkbuf_16)
                                                         clknet_0_clk (net)
                      0.167906    0.005279    0.213293 ^ clkbuf_3_0__f_clk/A (sky130_fd_sc_hd__clkbuf_16)
    25    0.088769    0.105708    0.220131    0.433424 ^ clkbuf_3_0__f_clk/X (sky130_fd_sc_hd__clkbuf_16)
                                                         clknet_3_0__leaf_clk (net)
                      0.105743    0.001862    0.435286 ^ _3302_/CLK (sky130_fd_sc_hd__dfrtp_4)
     6    0.022623    0.083184    0.525392    0.960678 v _3302_/Q (sky130_fd_sc_hd__dfrtp_4)
                                                         B_reg[12] (net)
                      0.083189    0.000915    0.961593 v _1910_/C (sky130_fd_sc_hd__and3_1)
     3    0.006768    0.053997    0.210904    1.172497 v _1910_/X (sky130_fd_sc_hd__and3_1)
                                                         _1175_ (net)
                      0.053997    0.000082    1.172580 v _2300_/A (sky130_fd_sc_hd__or4_4)
     4    0.009405    0.093016    0.546365    1.718945 v _2300_/X (sky130_fd_sc_hd__or4_4)
                                                         _1553_ (net)
                      0.093016    0.000064    1.719009 v _2304_/A1 (sky130_fd_sc_hd__a21o_1)
     3    0.007452    0.053077    0.191578    1.910587 v _2304_/X (sky130_fd_sc_hd__a21o_1)
                                                         _1557_ (net)
                      0.053077    0.000073    1.910660 v _2307_/A2 (sky130_fd_sc_hd__a21oi_1)
     3    0.011005    0.265151    0.255161    2.165822 ^ _2307_/Y (sky130_fd_sc_hd__a21oi_1)
                                                         _1560_ (net)
                      0.265151    0.000056    2.165878 ^ _2311_/B (sky130_fd_sc_hd__xor2_1)
     3    0.010825    0.254063    0.278265    2.444143 ^ _2311_/X (sky130_fd_sc_hd__xor2_1)
                                                         _1564_ (net)
                      0.254063    0.000085    2.444228 ^ _2313_/A2 (sky130_fd_sc_hd__a21o_1)
     4    0.010413    0.098687    0.202087    2.646315 ^ _2313_/X (sky130_fd_sc_hd__a21o_1)
                                                         _1566_ (net)
                      0.098687    0.000111    2.646425 ^ _2318_/A1 (sky130_fd_sc_hd__a21oi_1)
     3    0.010839    0.093901    0.114635    2.761060 v _2318_/Y (sky130_fd_sc_hd__a21oi_1)
                                                         _1571_ (net)
                      0.093901    0.000092    2.761153 v _2321_/B (sky130_fd_sc_hd__or3_4)
     3    0.008537    0.072299    0.389581    3.150733 v _2321_/X (sky130_fd_sc_hd__or3_4)
                                                         _1574_ (net)
                      0.072299    0.000144    3.150877 v _2326_/A1 (sky130_fd_sc_hd__a21o_1)
     4    0.010374    0.063923    0.195415    3.346292 v _2326_/X (sky130_fd_sc_hd__a21o_1)
                                                         _1579_ (net)
                      0.063923    0.000117    3.346409 v _2328_/B (sky130_fd_sc_hd__and3_1)
     2    0.005911    0.050123    0.182622    3.529031 v _2328_/X (sky130_fd_sc_hd__and3_1)
                                                         _1581_ (net)
                      0.050123    0.000061    3.529092 v _2330_/A (sky130_fd_sc_hd__or3_4)
     3    0.006925    0.069883    0.387547    3.916639 v _2330_/X (sky130_fd_sc_hd__or3_4)
                                                         _1583_ (net)
                      0.069883    0.000064    3.916703 v _2334_/A1 (sky130_fd_sc_hd__a21o_1)
     3    0.006895    0.050537    0.179504    4.096207 v _2334_/X (sky130_fd_sc_hd__a21o_1)
                                                         _1587_ (net)
                      0.050537    0.000070    4.096276 v _2337_/A1 (sky130_fd_sc_hd__a21oi_1)
     3    0.012356    0.283229    0.254167    4.350444 ^ _2337_/Y (sky130_fd_sc_hd__a21oi_1)
                                                         _1590_ (net)
                      0.283229    0.000102    4.350546 ^ _2346_/B (sky130_fd_sc_hd__xnor2_1)
     3    0.015146    0.135039    0.192169    4.542715 v _2346_/Y (sky130_fd_sc_hd__xnor2_1)
                                                         _1599_ (net)
                      0.135039    0.000103    4.542818 v _2347_/A2 (sky130_fd_sc_hd__a21o_1)
     3    0.008354    0.057359    0.232935    4.775753 v _2347_/X (sky130_fd_sc_hd__a21o_1)
                                                         _1600_ (net)
                      0.057359    0.000112    4.775865 v _2348_/A2 (sky130_fd_sc_hd__a21oi_1)
     3    0.013008    0.295950    0.285076    5.060941 ^ _2348_/Y (sky130_fd_sc_hd__a21oi_1)
                                                         _1601_ (net)
                      0.295950    0.000182    5.061122 ^ _2349_/B (sky130_fd_sc_hd__xnor2_1)
     3    0.016435    0.385720    0.261452    5.322574 ^ _2349_/Y (sky130_fd_sc_hd__xnor2_1)
                                                         _1602_ (net)
                      0.385720    0.000143    5.322717 ^ _2355_/A2 (sky130_fd_sc_hd__a21o_1)
     4    0.009188    0.089533    0.213799    5.536516 ^ _2355_/X (sky130_fd_sc_hd__a21o_1)
                                                         _0109_ (net)
                      0.089533    0.000079    5.536595 ^ _2360_/A1 (sky130_fd_sc_hd__a21oi_1)
     3    0.012427    0.104731    0.119646    5.656241 v _2360_/Y (sky130_fd_sc_hd__a21oi_1)
                                                         _0114_ (net)
                      0.104731    0.000146    5.656387 v _2364_/B (sky130_fd_sc_hd__or3_4)
     3    0.007289    0.070360    0.389763    6.046150 v _2364_/X (sky130_fd_sc_hd__or3_4)
                                                         _0118_ (net)
                      0.070360    0.000089    6.046239 v _2366_/A1 (sky130_fd_sc_hd__a21o_1)
     4    0.010809    0.065655    0.196153    6.242392 v _2366_/X (sky130_fd_sc_hd__a21o_1)
                                                         _0120_ (net)
                      0.065655    0.000161    6.242553 v _2369_/A1 (sky130_fd_sc_hd__a21oi_1)
     3    0.012233    0.288692    0.258614    6.501167 ^ _2369_/Y (sky130_fd_sc_hd__a21oi_1)
                                                         _0123_ (net)
                      0.288692    0.000057    6.501224 ^ _2373_/B (sky130_fd_sc_hd__xnor2_1)
     4    0.012628    0.308968    0.232117    6.733341 ^ _2373_/Y (sky130_fd_sc_hd__xnor2_1)
                                                         _0127_ (net)
                      0.308968    0.000119    6.733460 ^ _2378_/A2 (sky130_fd_sc_hd__a21o_1)
     4    0.010475    0.099459    0.211999    6.945459 ^ _2378_/X (sky130_fd_sc_hd__a21o_1)
                                                         _0132_ (net)
                      0.099459    0.000093    6.945552 ^ _2382_/A2 (sky130_fd_sc_hd__a21oi_1)
     3    0.012387    0.105350    0.126010    7.071562 v _2382_/Y (sky130_fd_sc_hd__a21oi_1)
                                                         _0136_ (net)
                      0.105350    0.000155    7.071718 v _2385_/B (sky130_fd_sc_hd__or3_4)
     3    0.008121    0.071673    0.392527    7.464244 v _2385_/X (sky130_fd_sc_hd__or3_4)
                                                         _0139_ (net)
                      0.071673    0.000071    7.464315 v _2387_/A1 (sky130_fd_sc_hd__a21o_1)
     4    0.012015    0.070454    0.201050    7.665365 v _2387_/X (sky130_fd_sc_hd__a21o_1)
                                                         _0141_ (net)
                      0.070454    0.000063    7.665429 v _2390_/A (sky130_fd_sc_hd__and3_1)
     3    0.010745    0.069974    0.186258    7.851686 v _2390_/X (sky130_fd_sc_hd__and3_1)
                                                         _0144_ (net)
                      0.069974    0.000162    7.851848 v _2392_/C (sky130_fd_sc_hd__or3_4)
     3    0.006781    0.069507    0.337499    8.189347 v _2392_/X (sky130_fd_sc_hd__or3_4)
                                                         _0146_ (net)
                      0.069507    0.000061    8.189408 v _2397_/A1 (sky130_fd_sc_hd__a21o_1)
     4    0.010505    0.064427    0.194749    8.384157 v _2397_/X (sky130_fd_sc_hd__a21o_1)
                                                         _0151_ (net)
                      0.064427    0.000072    8.384230 v _2406_/A (sky130_fd_sc_hd__and3_1)
     2    0.006223    0.051502    0.164074    8.548304 v _2406_/X (sky130_fd_sc_hd__and3_1)
                                                         _0160_ (net)
                      0.051502    0.000068    8.548372 v _2408_/C (sky130_fd_sc_hd__or3_4)
     3    0.008091    0.071598    0.335448    8.883821 v _2408_/X (sky130_fd_sc_hd__or3_4)
                                                         _0162_ (net)
                      0.071598    0.000054    8.883874 v _2410_/A1 (sky130_fd_sc_hd__a21o_1)
     3    0.006923    0.050669    0.180326    9.064200 v _2410_/X (sky130_fd_sc_hd__a21o_1)
                                                         _0164_ (net)
                      0.050669    0.000074    9.064274 v _2413_/A (sky130_fd_sc_hd__and3_1)
     2    0.005789    0.049568    0.155993    9.220267 v _2413_/X (sky130_fd_sc_hd__and3_1)
                                                         _0167_ (net)
                      0.049568    0.000036    9.220304 v _2415_/C (sky130_fd_sc_hd__or3_4)
     3    0.006767    0.069605    0.330908    9.551211 v _2415_/X (sky130_fd_sc_hd__or3_4)
                                                         _0169_ (net)
                      0.069605    0.000063    9.551274 v _2420_/A1 (sky130_fd_sc_hd__a21o_1)
     4    0.011384    0.067920    0.197955    9.749229 v _2420_/X (sky130_fd_sc_hd__a21o_1)
                                                         _0174_ (net)
                      0.067920    0.000038    9.749268 v _2428_/A1 (sky130_fd_sc_hd__a21bo_1)
     1    0.004305    0.040966    0.178426    9.927693 v _2428_/X (sky130_fd_sc_hd__a21bo_1)
                                                         _0180_ (net)
                      0.040966    0.000017    9.927711 v _2429_/B (sky130_fd_sc_hd__xor2_1)
     1    0.002513    0.068171    0.132918   10.060628 v _2429_/X (sky130_fd_sc_hd__xor2_1)
                                                         _0181_ (net)
                      0.068171    0.000014   10.060642 v _2430_/A1 (sky130_fd_sc_hd__mux2_4)
     1    0.002334    0.046729    0.256630   10.317272 v _2430_/X (sky130_fd_sc_hd__mux2_4)
                                                         _0025_ (net)
                      0.046729    0.000012   10.317285 v _3238_/D (sky130_fd_sc_hd__dfrtp_4)
                                             10.317285   data arrival time

                                 11.000000   11.000000   clock clk (rise edge)
                                  0.000000   11.000000   clock source latency
     2    0.039354    0.000000    0.000000   11.000000 ^ clk (in)
                                                         clk (net)
                      0.001528    0.000764   11.000764 ^ clkbuf_0_clk/A (sky130_fd_sc_hd__clkbuf_16)
    17    0.155537    0.167653    0.207250   11.208014 ^ clkbuf_0_clk/X (sky130_fd_sc_hd__clkbuf_16)
                                                         clknet_0_clk (net)
                      0.167887    0.005077   11.213091 ^ clkbuf_3_3__f_clk/A (sky130_fd_sc_hd__clkbuf_16)
    35    0.094179    0.110834    0.224081   11.437173 ^ clkbuf_3_3__f_clk/X (sky130_fd_sc_hd__clkbuf_16)
                                                         clknet_3_3__leaf_clk (net)
                      0.110845    0.001237   11.438410 ^ _3238_/CLK (sky130_fd_sc_hd__dfrtp_4)
                                 -0.100000   11.338409   clock uncertainty
                                  0.000000   11.338409   clock reconvergence pessimism
                                 -0.099958   11.238451   library setup time
                                             11.238451   data required time
---------------------------------------------------------------------------------------------
                                             11.238451   data required time
                                            -10.317285   data arrival time
---------------------------------------------------------------------------------------------
                                              0.921167   slack (MET)




===========================================================================
report_checks --slack_max -0.01
============================================================================
======================= min_tt_025C_1v80 Corner ===================================

No paths found.


===========================================================================
 report_check_types -max_slew -max_cap -max_fanout -violators
============================================================================
======================= min_tt_025C_1v80 Corner ===================================



===========================================================================
report_parasitic_annotation -report_unannotated
============================================================================
Found 7 unannotated drivers.
 clkload0/Y
 clkload1/Y
 clkload2/Y
 clkload3/Y
 clkload4/Y
 clkload5/Y
 clkload6/Y
Found 0 partially unannotated drivers.

===========================================================================
max slew violation count 0
max fanout violation count 0
max cap violation count 0
============================================================================

===========================================================================
check_setup -verbose -unconstrained_endpoints -multiple_clock -no_clock -no_input_delay -loops -generated_clocks
===========================================================================
Warning: There are 36 input ports missing set_input_delay.
  A_in[0]
  A_in[10]
  A_in[11]
  A_in[12]
  A_in[13]
  A_in[14]
  A_in[15]
  A_in[1]
  A_in[2]
  A_in[3]
  A_in[4]
  A_in[5]
  A_in[6]
  A_in[7]
  A_in[8]
  A_in[9]
  B_in[0]
  B_in[10]
  B_in[11]
  B_in[12]
  B_in[13]
  B_in[14]
  B_in[15]
  B_in[1]
  B_in[2]
  B_in[3]
  B_in[4]
  B_in[5]
  B_in[6]
  B_in[7]
  B_in[8]
  B_in[9]
  Op_Sel[0]
  Op_Sel[1]
  Start
  rst_n
Warning: There are 17 unconstrained endpoints.
  Done
  X_out[0]
  X_out[10]
  X_out[11]
  X_out[12]
  X_out[13]
  X_out[14]
  X_out[15]
  X_out[1]
  X_out[2]
  X_out[3]
  X_out[4]
  X_out[5]
  X_out[6]
  X_out[7]
  X_out[8]
  X_out[9]
