Clock: clk
Sources: clk 
Generated: no
Virtual: yes
Propagated: no
Period: 11.000000

===========================================================================
report_clock_properties
============================================================================
Clock                   Period          Waveform
----------------------------------------------------
clk                  11.000000    0.000000  5.500000

===========================================================================
report_clock_latency
============================================================================
Clock clk
rise -> rise
    min     max
0.000000 0.000000 source latency
0.421317         network latency _3221_/CLK
        0.447246 network latency _3295_/CLK
---------------
0.421317 0.447246 latency
        0.025929 skew

fall -> fall
    min     max
0.000000 0.000000 source latency
0.401990         network latency _3221_/CLK
        0.422479 network latency _3295_/CLK
---------------
0.401990 0.422479 latency
        0.020489 skew



===========================================================================
report_clock_min_period
============================================================================
clk period_min = 10.08 fmax = 99.22
