
===========================================================================
report_checks -unconstrained
===========================================================================
======================= nom_tt_025C_1v80 Corner ===================================

Startpoint: _3302_ (rising edge-triggered flip-flop clocked by clk)
Endpoint: _3237_ (rising edge-triggered flip-flop clocked by clk)
Path Group: clk
Path Type: max

Fanout         Cap        Slew       Delay        Time   Description
---------------------------------------------------------------------------------------------
                                  0.000000    0.000000   clock clk (rise edge)
                                  0.000000    0.000000   clock source latency
     2    0.039151    0.000000    0.000000    0.000000 ^ clk (in)
                                                         clk (net)
                      0.002100    0.001050    0.001050 ^ clkbuf_0_clk/A (sky130_fd_sc_hd__clkbuf_16)
    17    0.166990    0.178896    0.213642    0.214693 ^ clkbuf_0_clk/X (sky130_fd_sc_hd__clkbuf_16)
                                                         clknet_0_clk (net)
                      0.179449    0.008032    0.222725 ^ clkbuf_3_0__f_clk/A (sky130_fd_sc_hd__clkbuf_16)
    25    0.091931    0.108610    0.225423    0.448148 ^ clkbuf_3_0__f_clk/X (sky130_fd_sc_hd__clkbuf_16)
                                                         clknet_3_0__leaf_clk (net)
                      0.108720    0.003116    0.451264 ^ _3302_/CLK (sky130_fd_sc_hd__dfrtp_4)
     6    0.022919    0.083531    0.526875    0.978139 v _3302_/Q (sky130_fd_sc_hd__dfrtp_4)
                                                         B_reg[12] (net)
                      0.083567    0.001263    0.979402 v _1910_/C (sky130_fd_sc_hd__and3_1)
     3    0.007057    0.055359    0.212451    1.191853 v _1910_/X (sky130_fd_sc_hd__and3_1)
                                                         _1175_ (net)
                      0.055359    0.000164    1.192017 v _2300_/B (sky130_fd_sc_hd__or4_4)
     4    0.009396    0.093030    0.526207    1.718224 v _2300_/X (sky130_fd_sc_hd__or4_4)
                                                         _1553_ (net)
                      0.093030    0.000203    1.718426 v _2304_/A1 (sky130_fd_sc_hd__a21o_1)
     3    0.007532    0.053485    0.191883    1.910309 v _2304_/X (sky130_fd_sc_hd__a21o_1)
                                                         _1557_ (net)
                      0.053485    0.000178    1.910487 v _2307_/A2 (sky130_fd_sc_hd__a21oi_1)
     3    0.011197    0.261183    0.257913    2.168401 ^ _2307_/Y (sky130_fd_sc_hd__a21oi_1)
                                                         _1560_ (net)
                      0.261183    0.000183    2.168583 ^ _2311_/B (sky130_fd_sc_hd__xor2_1)
     3    0.010924    0.255875    0.278990    2.447573 ^ _2311_/X (sky130_fd_sc_hd__xor2_1)
                                                         _1564_ (net)
                      0.255875    0.000224    2.447798 ^ _2313_/A2 (sky130_fd_sc_hd__a21o_1)
     4    0.010529    0.099665    0.203084    2.650882 ^ _2313_/X (sky130_fd_sc_hd__a21o_1)
                                                         _1566_ (net)
                      0.099665    0.000259    2.651140 ^ _2318_/A1 (sky130_fd_sc_hd__a21oi_1)
     3    0.011362    0.097276    0.117576    2.768716 v _2318_/Y (sky130_fd_sc_hd__a21oi_1)
                                                         _1571_ (net)
                      0.097276    0.000262    2.768978 v _2321_/B (sky130_fd_sc_hd__or3_4)
     3    0.008737    0.072645    0.391380    3.160358 v _2321_/X (sky130_fd_sc_hd__or3_4)
                                                         _1574_ (net)
                      0.072645    0.000294    3.160653 v _2326_/A1 (sky130_fd_sc_hd__a21o_1)
     4    0.010719    0.065357    0.196673    3.357326 v _2326_/X (sky130_fd_sc_hd__a21o_1)
                                                         _1579_ (net)
                      0.065358    0.000334    3.357660 v _2328_/B (sky130_fd_sc_hd__and3_1)
     2    0.005464    0.048180    0.181046    3.538706 v _2328_/X (sky130_fd_sc_hd__and3_1)
                                                         _1581_ (net)
                      0.048180    0.000140    3.538846 v _2330_/C (sky130_fd_sc_hd__or3_4)
     3    0.007880    0.071297    0.333884    3.872730 v _2330_/X (sky130_fd_sc_hd__or3_4)
                                                         _1583_ (net)
                      0.071297    0.000219    3.872950 v _2334_/A1 (sky130_fd_sc_hd__a21o_1)
     3    0.008461    0.057754    0.187123    4.060073 v _2334_/X (sky130_fd_sc_hd__a21o_1)
                                                         _1587_ (net)
                      0.057754    0.000155    4.060227 v rebuffer8/A (sky130_fd_sc_hd__dlymetal6s2s_1)
     3    0.009681    0.065626    0.167806    4.228034 v rebuffer8/X (sky130_fd_sc_hd__dlymetal6s2s_1)
                                                         net61 (net)
                      0.065626    0.000143    4.228177 v _2343_/A1 (sky130_fd_sc_hd__a21bo_1)
     1    0.004207    0.040608    0.177002    4.405179 v _2343_/X (sky130_fd_sc_hd__a21bo_1)
                                                         _1596_ (net)
                      0.040608    0.000144    4.405323 v _2344_/B1 (sky130_fd_sc_hd__a22o_1)
     2    0.008186    0.064989    0.201989    4.607312 v _2344_/X (sky130_fd_sc_hd__a22o_1)
                                                         _1597_ (net)
                      0.064989    0.000281    4.607593 v _2347_/B1 (sky130_fd_sc_hd__a21o_1)
     4    0.010370    0.063964    0.190428    4.798020 v _2347_/X (sky130_fd_sc_hd__a21o_1)
                                                         _1600_ (net)
                      0.063964    0.000262    4.798282 v _2348_/A2 (sky130_fd_sc_hd__a21oi_1)
     3    0.013302    0.301526    0.291722    5.090004 ^ _2348_/Y (sky130_fd_sc_hd__a21oi_1)
                                                         _1601_ (net)
                      0.301527    0.000395    5.090399 ^ _2349_/B (sky130_fd_sc_hd__xnor2_1)
     3    0.017009    0.397423    0.266107    5.356506 ^ _2349_/Y (sky130_fd_sc_hd__xnor2_1)
                                                         _1602_ (net)
                      0.397423    0.000336    5.356842 ^ _2355_/A2 (sky130_fd_sc_hd__a21o_1)
     4    0.011611    0.109201    0.229547    5.586389 ^ _2355_/X (sky130_fd_sc_hd__a21o_1)
                                                         _0109_ (net)
                      0.109201    0.000295    5.586684 ^ _2360_/A1 (sky130_fd_sc_hd__a21oi_1)
     3    0.012195    0.105442    0.125105    5.711789 v _2360_/Y (sky130_fd_sc_hd__a21oi_1)
                                                         _0114_ (net)
                      0.105442    0.000317    5.712105 v _2364_/B (sky130_fd_sc_hd__or3_4)
     2    0.006360    0.068889    0.387179    6.099284 v _2364_/X (sky130_fd_sc_hd__or3_4)
                                                         _0118_ (net)
                      0.068889    0.000202    6.099486 v _2366_/A1 (sky130_fd_sc_hd__a21o_1)
     4    0.010988    0.066440    0.196110    6.295596 v _2366_/X (sky130_fd_sc_hd__a21o_1)
                                                         _0120_ (net)
                      0.066441    0.000310    6.295906 v _2369_/A1 (sky130_fd_sc_hd__a21oi_1)
     3    0.011176    0.260681    0.243975    6.539881 ^ _2369_/Y (sky130_fd_sc_hd__a21oi_1)
                                                         _0123_ (net)
                      0.260681    0.000254    6.540135 ^ _2373_/B (sky130_fd_sc_hd__xnor2_1)
     4    0.012626    0.308974    0.227526    6.767661 ^ _2373_/Y (sky130_fd_sc_hd__xnor2_1)
                                                         _0127_ (net)
                      0.308974    0.000173    6.767834 ^ _2378_/A2 (sky130_fd_sc_hd__a21o_1)
     4    0.011141    0.104954    0.215812    6.983646 ^ _2378_/X (sky130_fd_sc_hd__a21o_1)
                                                         _0132_ (net)
                      0.104954    0.000302    6.983947 ^ _2382_/A2 (sky130_fd_sc_hd__a21oi_1)
     3    0.012660    0.108438    0.129081    7.113028 v _2382_/Y (sky130_fd_sc_hd__a21oi_1)
                                                         _0136_ (net)
                      0.108438    0.000362    7.113390 v _2385_/B (sky130_fd_sc_hd__or3_4)
     3    0.008362    0.072077    0.394361    7.507751 v _2385_/X (sky130_fd_sc_hd__or3_4)
                                                         _0139_ (net)
                      0.072077    0.000187    7.507938 v _2387_/A1 (sky130_fd_sc_hd__a21o_1)
     4    0.012412    0.072093    0.202560    7.710498 v _2387_/X (sky130_fd_sc_hd__a21o_1)
                                                         _0141_ (net)
                      0.072093    0.000171    7.710669 v _2390_/A (sky130_fd_sc_hd__and3_1)
     3    0.010870    0.070533    0.187353    7.898022 v _2390_/X (sky130_fd_sc_hd__and3_1)
                                                         _0144_ (net)
                      0.070533    0.000325    7.898347 v _2392_/C (sky130_fd_sc_hd__or3_4)
     3    0.006933    0.069758    0.338124    8.236471 v _2392_/X (sky130_fd_sc_hd__or3_4)
                                                         _0146_ (net)
                      0.069758    0.000170    8.236641 v _2397_/A1 (sky130_fd_sc_hd__a21o_1)
     4    0.011248    0.067420    0.197430    8.434071 v _2397_/X (sky130_fd_sc_hd__a21o_1)
                                                         _0151_ (net)
                      0.067420    0.000213    8.434283 v _2406_/A (sky130_fd_sc_hd__and3_1)
     2    0.006352    0.052122    0.165940    8.600224 v _2406_/X (sky130_fd_sc_hd__and3_1)
                                                         _0160_ (net)
                      0.052122    0.000163    8.600387 v _2408_/C (sky130_fd_sc_hd__or3_4)
     3    0.008350    0.072017    0.336371    8.936757 v _2408_/X (sky130_fd_sc_hd__or3_4)
                                                         _0162_ (net)
                      0.072017    0.000158    8.936915 v _2410_/A1 (sky130_fd_sc_hd__a21o_1)
     3    0.007688    0.054221    0.183912    9.120828 v _2410_/X (sky130_fd_sc_hd__a21o_1)
                                                         _0164_ (net)
                      0.054221    0.000199    9.121027 v _2413_/C (sky130_fd_sc_hd__and3_1)
     2    0.006215    0.051473    0.194937    9.315964 v _2413_/X (sky130_fd_sc_hd__and3_1)
                                                         _0167_ (net)
                      0.051473    0.000137    9.316100 v _2415_/C (sky130_fd_sc_hd__or3_4)
     3    0.006597    0.069325    0.330879    9.646979 v _2415_/X (sky130_fd_sc_hd__or3_4)
                                                         _0169_ (net)
                      0.069325    0.000140    9.647120 v _2420_/A1 (sky130_fd_sc_hd__a21o_1)
     3    0.008769    0.058428    0.187725    9.834846 v _2420_/X (sky130_fd_sc_hd__a21o_1)
                                                         _0174_ (net)
                      0.058428    0.000190    9.835035 v _2423_/A1 (sky130_fd_sc_hd__a21o_1)
     2    0.008820    0.058573    0.183418   10.018453 v _2423_/X (sky130_fd_sc_hd__a21o_1)
                                                         _0177_ (net)
                      0.058573    0.000276   10.018729 v _2426_/B (sky130_fd_sc_hd__xnor2_1)
     1    0.003489    0.057655    0.126900   10.145630 v _2426_/Y (sky130_fd_sc_hd__xnor2_1)
                                                         _0179_ (net)
                      0.057655    0.000083   10.145712 v _2427_/A1 (sky130_fd_sc_hd__mux2_4)
     1    0.002864    0.047818    0.254730   10.400442 v _2427_/X (sky130_fd_sc_hd__mux2_4)
                                                         _0024_ (net)
                      0.047819    0.000088   10.400530 v _3237_/D (sky130_fd_sc_hd__dfrtp_4)
                                             10.400530   data arrival time

                                 10.375000   10.375000   clock clk (rise edge)
                                  0.000000   10.375000   clock source latency
     2    0.039151    0.000000    0.000000   10.375000 ^ clk (in)
                                                         clk (net)
                      0.002100    0.001050   10.376050 ^ clkbuf_0_clk/A (sky130_fd_sc_hd__clkbuf_16)
    17    0.166990    0.178896    0.213642   10.589692 ^ clkbuf_0_clk/X (sky130_fd_sc_hd__clkbuf_16)
                                                         clknet_0_clk (net)
                      0.179386    0.007578   10.597270 ^ clkbuf_3_3__f_clk/A (sky130_fd_sc_hd__clkbuf_16)
    35    0.098883    0.115210    0.229984   10.827254 ^ clkbuf_3_3__f_clk/X (sky130_fd_sc_hd__clkbuf_16)
                                                         clknet_3_3__leaf_clk (net)
                      0.115347    0.003551   10.830805 ^ _3237_/CLK (sky130_fd_sc_hd__dfrtp_4)
                                 -0.100000   10.730805   clock uncertainty
                                  0.000000   10.730805   clock reconvergence pessimism
                                 -0.099401   10.631404   library setup time
                                             10.631404   data required time
---------------------------------------------------------------------------------------------
                                             10.631404   data required time
                                            -10.400530   data arrival time
---------------------------------------------------------------------------------------------
                                              0.230874   slack (MET)




===========================================================================
report_checks --slack_max -0.01
============================================================================
======================= nom_tt_025C_1v80 Corner ===================================

No paths found.


===========================================================================
 report_check_types -max_slew -max_cap -max_fanout -violators
============================================================================
======================= nom_tt_025C_1v80 Corner ===================================



===========================================================================
report_parasitic_annotation -report_unannotated
============================================================================
Found 7 unannotated drivers.
 clkload0/Y
 clkload1/Y
 clkload2/Y
 clkload3/Y
 clkload4/Y
 clkload5/Y
 clkload6/Y
Found 0 partially unannotated drivers.

===========================================================================
max slew violation count 0
max fanout violation count 0
max cap violation count 0
============================================================================

===========================================================================
check_setup -verbose -unconstrained_endpoints -multiple_clock -no_clock -no_input_delay -loops -generated_clocks
===========================================================================
Warning: There are 36 input ports missing set_input_delay.
  A_in[0]
  A_in[10]
  A_in[11]
  A_in[12]
  A_in[13]
  A_in[14]
  A_in[15]
  A_in[1]
  A_in[2]
  A_in[3]
  A_in[4]
  A_in[5]
  A_in[6]
  A_in[7]
  A_in[8]
  A_in[9]
  B_in[0]
  B_in[10]
  B_in[11]
  B_in[12]
  B_in[13]
  B_in[14]
  B_in[15]
  B_in[1]
  B_in[2]
  B_in[3]
  B_in[4]
  B_in[5]
  B_in[6]
  B_in[7]
  B_in[8]
  B_in[9]
  Op_Sel[0]
  Op_Sel[1]
  Start
  rst_n
Warning: There are 17 unconstrained endpoints.
  Done
  X_out[0]
  X_out[10]
  X_out[11]
  X_out[12]
  X_out[13]
  X_out[14]
  X_out[15]
  X_out[1]
  X_out[2]
  X_out[3]
  X_out[4]
  X_out[5]
  X_out[6]
  X_out[7]
  X_out[8]
  X_out[9]
