
===========================================================================
report_checks -unconstrained
===========================================================================
======================= nom_ss_100C_1v60 Corner ===================================

Startpoint: _3302_ (rising edge-triggered flip-flop clocked by clk)
Endpoint: _3238_ (rising edge-triggered flip-flop clocked by clk)
Path Group: clk
Path Type: max

Fanout         Cap        Slew       Delay        Time   Description
---------------------------------------------------------------------------------------------
                                  0.000000    0.000000   clock clk (rise edge)
                                  0.000000    0.000000   clock source latency
     2    0.042599    0.000000    0.000000    0.000000 ^ clk (in)
                                                         clk (net)
                      0.002240    0.001120    0.001120 ^ clkbuf_0_clk/A (sky130_fd_sc_hd__clkbuf_16)
    17    0.166815    0.270492    0.354734    0.355854 ^ clkbuf_0_clk/X (sky130_fd_sc_hd__clkbuf_16)
                                                         clknet_0_clk (net)
                      0.270822    0.007791    0.363645 ^ clkbuf_3_0__f_clk/A (sky130_fd_sc_hd__clkbuf_16)
    25    0.091871    0.165094    0.395824    0.759470 ^ clkbuf_3_0__f_clk/X (sky130_fd_sc_hd__clkbuf_16)
                                                         clknet_3_0__leaf_clk (net)
                      0.165189    0.003638    0.763107 ^ _3302_/CLK (sky130_fd_sc_hd__dfrtp_4)
    15    0.051169    0.221612    1.179952    1.943059 v _3302_/Q (sky130_fd_sc_hd__dfrtp_4)
                                                         B_reg[12] (net)
                      0.221649    0.002897    1.945956 v _1910_/C (sky130_fd_sc_hd__and3_1)
     3    0.005842    0.095650    0.463681    2.409637 v _1910_/X (sky130_fd_sc_hd__and3_1)
                                                         _1175_ (net)
                      0.095650    0.000091    2.409729 v _2300_/B (sky130_fd_sc_hd__or4_1)
     4    0.009737    0.260226    1.305561    3.715290 v _2300_/X (sky130_fd_sc_hd__or4_1)
                                                         _1553_ (net)
                      0.260226    0.000209    3.715499 v _2304_/A2 (sky130_fd_sc_hd__a21o_1)
     3    0.007536    0.097006    0.432838    4.148337 v _2304_/X (sky130_fd_sc_hd__a21o_1)
                                                         _1557_ (net)
                      0.097006    0.000167    4.148503 v _2308_/C (sky130_fd_sc_hd__and3_1)
     2    0.005176    0.090599    0.396098    4.544601 v _2308_/X (sky130_fd_sc_hd__and3_1)
                                                         _1561_ (net)
                      0.090641    0.000126    4.544727 v _2310_/C (sky130_fd_sc_hd__or3_1)
     3    0.006791    0.176610    0.784270    5.328997 v _2310_/X (sky130_fd_sc_hd__or3_1)
                                                         _1563_ (net)
                      0.176610    0.000146    5.329143 v _2313_/A1 (sky130_fd_sc_hd__a21o_1)
     4    0.010237    0.118455    0.390455    5.719598 v _2313_/X (sky130_fd_sc_hd__a21o_1)
                                                         _1566_ (net)
                      0.118455    0.000214    5.719811 v _2319_/B (sky130_fd_sc_hd__and3_1)
     2    0.005645    0.094165    0.382146    6.101958 v _2319_/X (sky130_fd_sc_hd__and3_1)
                                                         _1572_ (net)
                      0.094165    0.000108    6.102066 v _2321_/C (sky130_fd_sc_hd__or3_1)
     3    0.008256    0.191378    0.805297    6.907362 v _2321_/X (sky130_fd_sc_hd__or3_1)
                                                         _1574_ (net)
                      0.191378    0.000269    6.907631 v _2326_/A1 (sky130_fd_sc_hd__a21o_1)
     4    0.011159    0.126024    0.403830    7.311461 v _2326_/X (sky130_fd_sc_hd__a21o_1)
                                                         _1579_ (net)
                      0.126024    0.000262    7.311724 v _2328_/C (sky130_fd_sc_hd__and3_1)
     2    0.004736    0.087462    0.406783    7.718507 v _2328_/X (sky130_fd_sc_hd__and3_1)
                                                         _1581_ (net)
                      0.087462    0.000116    7.718623 v _2330_/C (sky130_fd_sc_hd__or3_2)
     4    0.014190    0.231864    1.096044    8.814668 v _2330_/X (sky130_fd_sc_hd__or3_2)
                                                         _1583_ (net)
                      0.231864    0.000488    8.815155 v _2334_/A1 (sky130_fd_sc_hd__a21o_1)
     5    0.015346    0.154573    0.450704    9.265860 v _2334_/X (sky130_fd_sc_hd__a21o_1)
                                                         _1587_ (net)
                      0.154573    0.000350    9.266210 v _2338_/B (sky130_fd_sc_hd__and3_1)
     2    0.006503    0.100831    0.407264    9.673474 v _2338_/X (sky130_fd_sc_hd__and3_1)
                                                         _1591_ (net)
                      0.100831    0.000161    9.673635 v _2345_/C (sky130_fd_sc_hd__or3_1)
     3    0.008252    0.191194    0.807645   10.481279 v _2345_/X (sky130_fd_sc_hd__or3_1)
                                                         _1598_ (net)
                      0.191194    0.000157   10.481437 v _2347_/A1 (sky130_fd_sc_hd__a21o_1)
     4    0.011393    0.127978    0.405495   10.886931 v _2347_/X (sky130_fd_sc_hd__a21o_1)
                                                         _1600_ (net)
                      0.127978    0.000338   10.887270 v _2350_/C (sky130_fd_sc_hd__and3_1)
     2    0.006580    0.101428    0.423348   11.310617 v _2350_/X (sky130_fd_sc_hd__and3_1)
                                                         _1603_ (net)
                      0.101428    0.000194   11.310811 v _2352_/C (sky130_fd_sc_hd__or3_1)
     3    0.009351    0.203535    0.822650   12.133462 v _2352_/X (sky130_fd_sc_hd__or3_1)
                                                         _0106_ (net)
                      0.203535    0.000260   12.133722 v _2355_/A2 (sky130_fd_sc_hd__a21o_1)
     4    0.010545    0.121012    0.433892   12.567614 v _2355_/X (sky130_fd_sc_hd__a21o_1)
                                                         _0109_ (net)
                      0.121012    0.000329   12.567943 v _2362_/B (sky130_fd_sc_hd__and3_1)
     2    0.006008    0.096964    0.386467   12.954410 v _2362_/X (sky130_fd_sc_hd__and3_1)
                                                         _0116_ (net)
                      0.096964    0.000163   12.954573 v _2364_/C (sky130_fd_sc_hd__or3_1)
     3    0.007244    0.181355    0.792600   13.747172 v _2364_/X (sky130_fd_sc_hd__or3_1)
                                                         _0118_ (net)
                      0.181486    0.000210   13.747383 v _2366_/A2 (sky130_fd_sc_hd__a21o_1)
     4    0.011510    0.128938    0.432101   14.179484 v _2366_/X (sky130_fd_sc_hd__a21o_1)
                                                         _0120_ (net)
                      0.128938    0.000286   14.179770 v _2370_/B (sky130_fd_sc_hd__and3_1)
     2    0.005757    0.095031    0.388302   14.568072 v _2370_/X (sky130_fd_sc_hd__and3_1)
                                                         _0124_ (net)
                      0.095031    0.000146   14.568218 v _2372_/C (sky130_fd_sc_hd__or3_1)
     3    0.009054    0.200218    0.816443   15.384661 v _2372_/X (sky130_fd_sc_hd__or3_1)
                                                         _0126_ (net)
                      0.200218    0.000144   15.384805 v _2378_/A1 (sky130_fd_sc_hd__a21o_1)
     4    0.010608    0.121495    0.403503   15.788308 v _2378_/X (sky130_fd_sc_hd__a21o_1)
                                                         _0132_ (net)
                      0.121495    0.000208   15.788516 v _2383_/C (sky130_fd_sc_hd__and3_1)
     2    0.006721    0.102536    0.421347   16.209862 v _2383_/X (sky130_fd_sc_hd__and3_1)
                                                         _0137_ (net)
                      0.102536    0.000155   16.210016 v _2385_/C (sky130_fd_sc_hd__or3_1)
     3    0.007735    0.186274    0.801203   17.011219 v _2385_/X (sky130_fd_sc_hd__or3_1)
                                                         _0139_ (net)
                      0.186274    0.000226   17.011446 v _2387_/A1 (sky130_fd_sc_hd__a21o_1)
     4    0.012522    0.137309    0.411974   17.423420 v _2387_/X (sky130_fd_sc_hd__a21o_1)
                                                         _0141_ (net)
                      0.137309    0.000187   17.423607 v _2390_/B (sky130_fd_sc_hd__and3_1)
     3    0.010262    0.132131    0.430223   17.853828 v _2390_/X (sky130_fd_sc_hd__and3_1)
                                                         _0144_ (net)
                      0.132131    0.000302   17.854132 v _2392_/C (sky130_fd_sc_hd__or3_1)
     3    0.006696    0.175991    0.797517   18.651648 v _2392_/X (sky130_fd_sc_hd__or3_1)
                                                         _0146_ (net)
                      0.175991    0.000162   18.651810 v _2397_/A1 (sky130_fd_sc_hd__a21o_1)
     4    0.011108    0.125593    0.396799   19.048609 v _2397_/X (sky130_fd_sc_hd__a21o_1)
                                                         _0151_ (net)
                      0.125593    0.000211   19.048820 v _2406_/B (sky130_fd_sc_hd__and3_1)
     2    0.005465    0.092762    0.384176   19.432997 v _2406_/X (sky130_fd_sc_hd__and3_1)
                                                         _0160_ (net)
                      0.092812    0.000133   19.433130 v _2408_/C (sky130_fd_sc_hd__or3_1)
     3    0.008212    0.191111    0.804281   20.237410 v _2408_/X (sky130_fd_sc_hd__or3_1)
                                                         _0162_ (net)
                      0.191111    0.000158   20.237568 v _2410_/A2 (sky130_fd_sc_hd__a21o_1)
     3    0.006953    0.092316    0.401066   20.638634 v _2410_/X (sky130_fd_sc_hd__a21o_1)
                                                         _0164_ (net)
                      0.092316    0.000167   20.638802 v _2413_/C (sky130_fd_sc_hd__and3_1)
     2    0.004930    0.088816    0.391697   21.030499 v _2413_/X (sky130_fd_sc_hd__and3_1)
                                                         _0167_ (net)
                      0.088816    0.000078   21.030577 v _2415_/C (sky130_fd_sc_hd__or3_1)
     3    0.007183    0.180899    0.788930   21.819508 v _2415_/X (sky130_fd_sc_hd__or3_1)
                                                         _0169_ (net)
                      0.180899    0.000178   21.819685 v _2420_/A1 (sky130_fd_sc_hd__a21o_1)
     4    0.011118    0.125675    0.398991   22.218676 v _2420_/X (sky130_fd_sc_hd__a21o_1)
                                                         _0174_ (net)
                      0.125675    0.000160   22.218836 v _2428_/A1 (sky130_fd_sc_hd__a21bo_1)
     1    0.004375    0.075442    0.343288   22.562124 v _2428_/X (sky130_fd_sc_hd__a21bo_1)
                                                         _0180_ (net)
                      0.075442    0.000085   22.562208 v _2429_/B (sky130_fd_sc_hd__xor2_1)
     1    0.002275    0.119024    0.258357   22.820566 v _2429_/X (sky130_fd_sc_hd__xor2_1)
                                                         _0181_ (net)
                      0.119024    0.000048   22.820614 v _2430_/A1 (sky130_fd_sc_hd__mux2_1)
     1    0.002246    0.105006    0.658927   23.479540 v _2430_/X (sky130_fd_sc_hd__mux2_1)
                                                         _0025_ (net)
                      0.105006    0.000043   23.479584 v _3238_/D (sky130_fd_sc_hd__dfrtp_4)
                                             23.479584   data arrival time

                                120.000000  120.000000   clock clk (rise edge)
                                  0.000000  120.000000   clock source latency
     2    0.042599    0.000000    0.000000  120.000000 ^ clk (in)
                                                         clk (net)
                      0.002240    0.001123  120.001122 ^ clkbuf_0_clk/A (sky130_fd_sc_hd__clkbuf_16)
    17    0.166815    0.270492    0.354731  120.355850 ^ clkbuf_0_clk/X (sky130_fd_sc_hd__clkbuf_16)
                                                         clknet_0_clk (net)
                      0.270826    0.007844  120.363701 ^ clkbuf_3_3__f_clk/A (sky130_fd_sc_hd__clkbuf_16)
    35    0.101313    0.178278    0.405961  120.769661 ^ clkbuf_3_3__f_clk/X (sky130_fd_sc_hd__clkbuf_16)
                                                         clknet_3_3__leaf_clk (net)
                      0.178359    0.003510  120.773170 ^ _3238_/CLK (sky130_fd_sc_hd__dfrtp_4)
                                 -0.100000  120.673164   clock uncertainty
                                  0.000000  120.673164   clock reconvergence pessimism
                                 -0.260550  120.412613   library setup time
                                            120.412613   data required time
---------------------------------------------------------------------------------------------
                                            120.412613   data required time
                                            -23.479584   data arrival time
---------------------------------------------------------------------------------------------
                                             96.933022   slack (MET)




===========================================================================
report_checks --slack_max -0.01
============================================================================
======================= nom_ss_100C_1v60 Corner ===================================

No paths found.


===========================================================================
 report_check_types -max_slew -max_cap -max_fanout -violators
============================================================================
======================= nom_ss_100C_1v60 Corner ===================================



===========================================================================
report_parasitic_annotation -report_unannotated
============================================================================
Found 7 unannotated drivers.
 clkload0/Y
 clkload1/Y
 clkload2/Y
 clkload3/Y
 clkload4/Y
 clkload5/Y
 clkload6/Y
Found 0 partially unannotated drivers.

===========================================================================
max slew violation count 0
max fanout violation count 0
max cap violation count 0
============================================================================

===========================================================================
check_setup -verbose -unconstrained_endpoints -multiple_clock -no_clock -no_input_delay -loops -generated_clocks
===========================================================================
Warning: There are 36 input ports missing set_input_delay.
  A_in[0]
  A_in[10]
  A_in[11]
  A_in[12]
  A_in[13]
  A_in[14]
  A_in[15]
  A_in[1]
  A_in[2]
  A_in[3]
  A_in[4]
  A_in[5]
  A_in[6]
  A_in[7]
  A_in[8]
  A_in[9]
  B_in[0]
  B_in[10]
  B_in[11]
  B_in[12]
  B_in[13]
  B_in[14]
  B_in[15]
  B_in[1]
  B_in[2]
  B_in[3]
  B_in[4]
  B_in[5]
  B_in[6]
  B_in[7]
  B_in[8]
  B_in[9]
  Op_Sel[0]
  Op_Sel[1]
  Start
  rst_n
Warning: There are 17 unconstrained endpoints.
  Done
  X_out[0]
  X_out[10]
  X_out[11]
  X_out[12]
  X_out[13]
  X_out[14]
  X_out[15]
  X_out[1]
  X_out[2]
  X_out[3]
  X_out[4]
  X_out[5]
  X_out[6]
  X_out[7]
  X_out[8]
  X_out[9]
