Clock: clk
Sources: clk 
Generated: no
Virtual: yes
Propagated: no
Period: 120.000000

===========================================================================
report_clock_properties
============================================================================
Clock                   Period          Waveform
----------------------------------------------------
clk                 120.000000    0.000000 60.000000

===========================================================================
report_clock_latency
============================================================================
Clock clk
rise -> rise
    min     max
0.000000 0.000000 source latency
0.746156         network latency _3222_/CLK
        0.778653 network latency _3256_/CLK
---------------
0.746156 0.778653 latency
        0.032497 skew

fall -> fall
    min     max
0.000000 0.000000 source latency
0.717229         network latency _3222_/CLK
        0.742404 network latency _3298_/CLK
---------------
0.717229 0.742404 latency
        0.025175 skew



===========================================================================
report_clock_min_period
============================================================================
clk period_min = 23.07 fmax = 43.35
