Clock: clk
Sources: clk 
Generated: no
Virtual: yes
Propagated: no
Period: 5.000000

===========================================================================
report_clock_properties
============================================================================
Clock                   Period          Waveform
----------------------------------------------------
clk                   5.000000    0.000000  2.500000

===========================================================================
report_clock_latency
============================================================================
Clock clk
rise -> rise
    min     max
0.000000 0.000000 source latency
0.402337         network latency _3222_/CLK
        0.423979 network latency _3255_/CLK
---------------
0.402337 0.423979 latency
        0.021642 skew

fall -> fall
    min     max
0.000000 0.000000 source latency
0.388981         network latency _3222_/CLK
        0.405778 network latency _3255_/CLK
---------------
0.388981 0.405778 latency
        0.016797 skew



===========================================================================
report_clock_min_period
============================================================================
clk period_min = 10.14 fmax = 98.65
