
===========================================================================
Violator List
============================================================================
[setup reg-reg] _3302_/Q -> _3238_/D : -5.137187
[setup reg-reg] _3302_/Q -> _3237_/D : -5.128232
[setup reg-reg] _3302_/Q -> _3236_/D : -4.954457
[setup reg-reg] _3302_/Q -> _3239_/D : -4.764031
[setup reg-reg] _3289_/Q -> _3234_/D : -4.626991
[setup reg-reg] _3289_/Q -> _3232_/D : -4.456614
[setup reg-reg] _3289_/Q -> _3233_/D : -4.455478
[setup reg-reg] _3289_/Q -> _3235_/D : -4.244090
[setup reg-reg] _3256_/Q -> _3312_/D : -3.733116
[setup reg-reg] _3256_/Q -> _3311_/D : -3.647255
[setup reg-reg] _3256_/Q -> _3309_/D : -3.645789
[setup reg-reg] _3304_/Q -> _3228_/D : -3.640873
[setup reg-reg] _3256_/Q -> _3315_/D : -3.634031
[setup reg-reg] _3256_/Q -> _3308_/D : -3.553306
[setup reg-reg] _3256_/Q -> _3314_/D : -3.522612
[setup reg-reg] _3256_/Q -> _3310_/D : -3.505387
[setup reg-reg] _3286_/Q -> _3214_/D : -3.500556
[setup reg-reg] _3286_/Q -> _3213_/D : -3.480538
[setup reg-reg] _3256_/Q -> _3307_/D : -3.447883
[setup reg-reg] _3256_/Q -> _3313_/D : -3.422751
[setup reg-reg] _3304_/Q -> _3227_/D : -3.367054
[setup reg-reg] _3286_/Q -> _3212_/D : -3.306188
[setup reg-reg] _3289_/Q -> _3216_/D : -3.301640
[setup reg-reg] _3304_/Q -> _3229_/D : -3.288394
[setup reg-reg] _3256_/Q -> _3306_/D : -3.196350
[setup reg-reg] _3289_/Q -> _3215_/D : -3.133556
[setup reg-reg] _3302_/Q -> _3225_/D : -3.125307
[setup reg-reg] _3289_/Q -> _3217_/D : -3.082049
[setup reg-reg] _3302_/Q -> _3224_/D : -3.076880
[setup reg-reg] _3256_/Q -> _3316_/D : -2.978910
[setup reg-reg] _3302_/Q -> _3226_/D : -2.958838
[setup reg-reg] _3234_/Q -> _3257_/D : -1.906281
[setup reg-reg] _3234_/Q -> _3255_/D : -1.754997
[setup reg-reg] _3234_/Q -> _3256_/D : -1.644778
[setup reg-reg] _3234_/Q -> _3254_/D : -1.640687
[setup reg-reg] _3288_/Q -> _3218_/D : -1.227520
[setup reg-reg] _3288_/Q -> _3219_/D : -1.198728
[setup reg-reg] _3305_/Q -> _3231_/D : -0.642124
[setup reg-reg] _3305_/Q -> _3230_/D : -0.640275
Writing metric timing__hold_vio__count__corner:nom_tt_025C_1v80: 0
Writing metric timing__hold_r2r__ws__corner:nom_tt_025C_1v80: 0.265629
Writing metric timing__hold_r2r_vio__count__corner:nom_tt_025C_1v80: 0
Writing metric timing__setup_vio__count__corner:nom_tt_025C_1v80: 39
Writing metric timing__setup_r2r__ws__corner:nom_tt_025C_1v80: -5.137187
Writing metric timing__setup_r2r_vio__count__corner:nom_tt_025C_1v80: 39
