
===========================================================================
report_checks -unconstrained
===========================================================================
======================= nom_tt_025C_1v80 Corner ===================================

Startpoint: _3302_ (rising edge-triggered flip-flop clocked by clk)
Endpoint: _3238_ (rising edge-triggered flip-flop clocked by clk)
Path Group: clk
Path Type: max

Fanout         Cap        Slew       Delay        Time   Description
---------------------------------------------------------------------------------------------
                                  0.000000    0.000000   clock clk (rise edge)
                                  0.000000    0.000000   clock source latency
   110    0.355737    0.000000    0.000000    0.000000 ^ clk (in)
                                                         clk (net)
                      0.042168    0.021084    0.021084 ^ _3302_/CLK (sky130_fd_sc_hd__dfrtp_2)
    15    0.058432    0.159601    0.514510    0.535594 v _3302_/Q (sky130_fd_sc_hd__dfrtp_2)
                                                         B_reg[12] (net)
                      0.159601    0.000676    0.536269 v _1910_/C (sky130_fd_sc_hd__and3_2)
     3    0.004863    0.043922    0.263077    0.799346 v _1910_/X (sky130_fd_sc_hd__and3_2)
                                                         _1175_ (net)
                      0.043922    0.000007    0.799354 v _2300_/B (sky130_fd_sc_hd__or4_2)
     4    0.010173    0.132783    0.686414    1.485768 v _2300_/X (sky130_fd_sc_hd__or4_2)
                                                         _1553_ (net)
                      0.132783    0.000033    1.485801 v _2304_/A2 (sky130_fd_sc_hd__a21o_2)
     3    0.011362    0.055340    0.266981    1.752782 v _2304_/X (sky130_fd_sc_hd__a21o_2)
                                                         _1557_ (net)
                      0.055340    0.000031    1.752813 v _2308_/C (sky130_fd_sc_hd__and3_2)
     2    0.006131    0.045894    0.219154    1.971967 v _2308_/X (sky130_fd_sc_hd__and3_2)
                                                         _1561_ (net)
                      0.045894    0.000014    1.971981 v _2310_/C (sky130_fd_sc_hd__or3_2)
     3    0.005763    0.088639    0.421802    2.393782 v _2310_/X (sky130_fd_sc_hd__or3_2)
                                                         _1563_ (net)
                      0.088639    0.000011    2.393794 v _2313_/A1 (sky130_fd_sc_hd__a21o_2)
     4    0.015650    0.063222    0.238046    2.631840 v _2313_/X (sky130_fd_sc_hd__a21o_2)
                                                         _1566_ (net)
                      0.063222    0.000073    2.631912 v _2319_/B (sky130_fd_sc_hd__and3_2)
     2    0.006806    0.047228    0.211019    2.842931 v _2319_/X (sky130_fd_sc_hd__and3_2)
                                                         _1572_ (net)
                      0.047228    0.000016    2.842947 v _2321_/C (sky130_fd_sc_hd__or3_2)
     3    0.006085    0.087616    0.423900    3.266847 v _2321_/X (sky130_fd_sc_hd__or3_2)
                                                         _1574_ (net)
                      0.087616    0.000027    3.266874 v _2326_/A1 (sky130_fd_sc_hd__a21o_2)
     4    0.013619    0.059082    0.233149    3.500022 v _2326_/X (sky130_fd_sc_hd__a21o_2)
                                                         _1579_ (net)
                      0.059082    0.000050    3.500072 v _2328_/C (sky130_fd_sc_hd__and3_2)
     2    0.006527    0.046673    0.222189    3.722262 v _2328_/X (sky130_fd_sc_hd__and3_2)
                                                         _1581_ (net)
                      0.046673    0.000021    3.722283 v _2330_/C (sky130_fd_sc_hd__or3_2)
     4    0.011299    0.108057    0.452849    4.175132 v _2330_/X (sky130_fd_sc_hd__or3_2)
                                                         _1583_ (net)
                      0.108057    0.000027    4.175159 v _2334_/A1 (sky130_fd_sc_hd__a21o_2)
     5    0.014702    0.061372    0.243769    4.418928 v _2334_/X (sky130_fd_sc_hd__a21o_2)
                                                         _1587_ (net)
                      0.061372    0.000030    4.418958 v _2338_/B (sky130_fd_sc_hd__and3_2)
     2    0.006390    0.046363    0.208797    4.627755 v _2338_/X (sky130_fd_sc_hd__and3_2)
                                                         _1591_ (net)
                      0.046363    0.000015    4.627770 v _2345_/C (sky130_fd_sc_hd__or3_2)
     3    0.006615    0.091623    0.426659    5.054430 v _2345_/X (sky130_fd_sc_hd__or3_2)
                                                         _1598_ (net)
                      0.091623    0.000013    5.054442 v _2347_/A1 (sky130_fd_sc_hd__a21o_2)
     4    0.011029    0.054470    0.227601    5.282043 v _2347_/X (sky130_fd_sc_hd__a21o_2)
                                                         _1600_ (net)
                      0.054470    0.000053    5.282097 v _2350_/C (sky130_fd_sc_hd__and3_2)
     2    0.006858    0.047384    0.221212    5.503309 v _2350_/X (sky130_fd_sc_hd__and3_2)
                                                         _1603_ (net)
                      0.047384    0.000034    5.503343 v _2352_/C (sky130_fd_sc_hd__or3_2)
     3    0.007033    0.090366    0.429215    5.932558 v _2352_/X (sky130_fd_sc_hd__or3_2)
                                                         _0106_ (net)
                      0.090366    0.000039    5.932596 v _2355_/A2 (sky130_fd_sc_hd__a21o_2)
     4    0.010305    0.052413    0.247201    6.179797 v _2355_/X (sky130_fd_sc_hd__a21o_2)
                                                         _0109_ (net)
                      0.052413    0.000031    6.179828 v _2362_/B (sky130_fd_sc_hd__and3_2)
     2    0.006662    0.046947    0.205727    6.385555 v _2362_/X (sky130_fd_sc_hd__and3_2)
                                                         _0116_ (net)
                      0.046947    0.000028    6.385583 v _2364_/C (sky130_fd_sc_hd__or3_2)
     3    0.005958    0.087247    0.423131    6.808714 v _2364_/X (sky130_fd_sc_hd__or3_2)
                                                         _0118_ (net)
                      0.087247    0.000022    6.808736 v _2366_/A2 (sky130_fd_sc_hd__a21o_2)
     4    0.013330    0.058468    0.255028    7.063765 v _2366_/X (sky130_fd_sc_hd__a21o_2)
                                                         _0120_ (net)
                      0.058468    0.000051    7.063815 v _2370_/B (sky130_fd_sc_hd__and3_2)
     2    0.006441    0.046487    0.207678    7.271493 v _2370_/X (sky130_fd_sc_hd__and3_2)
                                                         _0124_ (net)
                      0.046487    0.000019    7.271512 v _2372_/C (sky130_fd_sc_hd__or3_2)
     3    0.007209    0.093709    0.430004    7.701515 v _2372_/X (sky130_fd_sc_hd__or3_2)
                                                         _0126_ (net)
                      0.093709    0.000002    7.701517 v _2378_/A1 (sky130_fd_sc_hd__a21o_2)
     4    0.010747    0.053684    0.227539    7.929056 v _2378_/X (sky130_fd_sc_hd__a21o_2)
                                                         _0132_ (net)
                      0.053684    0.000034    7.929090 v _2383_/C (sky130_fd_sc_hd__and3_2)
     2    0.006726    0.047105    0.220419    8.149508 v _2383_/X (sky130_fd_sc_hd__and3_2)
                                                         _0137_ (net)
                      0.047105    0.000017    8.149526 v _2385_/C (sky130_fd_sc_hd__or3_2)
     3    0.006371    0.090772    0.425474    8.575000 v _2385_/X (sky130_fd_sc_hd__or3_2)
                                                         _0139_ (net)
                      0.090772    0.000013    8.575013 v _2387_/A1 (sky130_fd_sc_hd__a21o_2)
     4    0.010442    0.052804    0.225376    8.800389 v _2387_/X (sky130_fd_sc_hd__a21o_2)
                                                         _0141_ (net)
                      0.052804    0.000037    8.800426 v _2390_/B (sky130_fd_sc_hd__and3_2)
     3    0.009775    0.054410    0.216405    9.016831 v _2390_/X (sky130_fd_sc_hd__and3_2)
                                                         _0144_ (net)
                      0.054410    0.000027    9.016858 v _2392_/C (sky130_fd_sc_hd__or3_2)
     3    0.005261    0.086940    0.421110    9.437968 v _2392_/X (sky130_fd_sc_hd__or3_2)
                                                         _0146_ (net)
                      0.086940    0.000002    9.437970 v _2397_/A1 (sky130_fd_sc_hd__a21o_2)
     4    0.013093    0.057993    0.231720    9.669690 v _2397_/X (sky130_fd_sc_hd__a21o_2)
                                                         _0151_ (net)
                      0.057993    0.000029    9.669720 v _2406_/B (sky130_fd_sc_hd__and3_2)
     2    0.006416    0.046435    0.207383    9.877102 v _2406_/X (sky130_fd_sc_hd__and3_2)
                                                         _0160_ (net)
                      0.046435    0.000003    9.877105 v _2408_/C (sky130_fd_sc_hd__or3_2)
     3    0.009666    0.102326    0.443688   10.320792 v _2408_/X (sky130_fd_sc_hd__or3_2)
                                                         _0162_ (net)
                      0.102326    0.000022   10.320815 v _2410_/A2 (sky130_fd_sc_hd__a21o_2)
     3    0.008245    0.046890    0.245080   10.565895 v _2410_/X (sky130_fd_sc_hd__a21o_2)
                                                         _0164_ (net)
                      0.046890    0.000028   10.565923 v _2413_/C (sky130_fd_sc_hd__and3_2)
     2    0.006385    0.046298    0.216341   10.782264 v _2413_/X (sky130_fd_sc_hd__and3_2)
                                                         _0167_ (net)
                      0.046298    0.000013   10.782277 v _2415_/C (sky130_fd_sc_hd__or3_2)
     3    0.005876    0.089030    0.422524   11.204801 v _2415_/X (sky130_fd_sc_hd__or3_2)
                                                         _0169_ (net)
                      0.089030    0.000018   11.204819 v _2420_/A1 (sky130_fd_sc_hd__a21o_2)
     4    0.012404    0.056608    0.230985   11.435803 v _2420_/X (sky130_fd_sc_hd__a21o_2)
                                                         _0174_ (net)
                      0.056608    0.000020   11.435823 v _2428_/A1 (sky130_fd_sc_hd__a21bo_2)
     1    0.008093    0.049051    0.208304   11.644127 v _2428_/X (sky130_fd_sc_hd__a21bo_2)
                                                         _0180_ (net)
                      0.049051    0.000009   11.644135 v _2429_/B (sky130_fd_sc_hd__xor2_2)
     1    0.002417    0.055537    0.133232   11.777368 v _2429_/X (sky130_fd_sc_hd__xor2_2)
                                                         _0181_ (net)
                      0.055537    0.000005   11.777373 v _2430_/A1 (sky130_fd_sc_hd__mux2_1)
     1    0.002265    0.053464    0.285454   12.062827 v _2430_/X (sky130_fd_sc_hd__mux2_1)
                                                         _0025_ (net)
                      0.053464    0.000004   12.062831 v _3238_/D (sky130_fd_sc_hd__dfrtp_2)
                                             12.062831   data arrival time

                                140.000000  140.000000   clock clk (rise edge)
                                  0.000000  140.000000   clock source latency
   110    0.355737    0.000000    0.000000  140.000000 ^ clk (in)
                                                         clk (net)
                      0.041067    0.020535  140.020538 ^ _3238_/CLK (sky130_fd_sc_hd__dfrtp_2)
                                 -0.100000  139.920532   clock uncertainty
                                  0.000000  139.920532   clock reconvergence pessimism
                                 -0.120119  139.800415   library setup time
                                            139.800415   data required time
---------------------------------------------------------------------------------------------
                                            139.800415   data required time
                                            -12.062831   data arrival time
---------------------------------------------------------------------------------------------
                                            127.737579   slack (MET)




===========================================================================
report_checks --slack_max -0.01
============================================================================
======================= nom_tt_025C_1v80 Corner ===================================

No paths found.


===========================================================================
 report_check_types -max_slew -max_cap -max_fanout -violators
============================================================================
======================= nom_tt_025C_1v80 Corner ===================================



===========================================================================
report_parasitic_annotation -report_unannotated
============================================================================
Found 0 unannotated drivers.
Found 0 partially unannotated drivers.

===========================================================================
max slew violation count 0
Writing metric design__max_slew_violation__count__corner:nom_tt_025C_1v80: 0
max fanout violation count 0
Writing metric design__max_fanout_violation__count__corner:nom_tt_025C_1v80: 0
max cap violation count 0
Writing metric design__max_cap_violation__count__corner:nom_tt_025C_1v80: 0
============================================================================

===========================================================================
check_setup -verbose -unconstrained_endpoints -multiple_clock -no_clock -no_input_delay -loops -generated_clocks
===========================================================================
Warning: There are 36 input ports missing set_input_delay.
  A_in[0]
  A_in[10]
  A_in[11]
  A_in[12]
  A_in[13]
  A_in[14]
  A_in[15]
  A_in[1]
  A_in[2]
  A_in[3]
  A_in[4]
  A_in[5]
  A_in[6]
  A_in[7]
  A_in[8]
  A_in[9]
  B_in[0]
  B_in[10]
  B_in[11]
  B_in[12]
  B_in[13]
  B_in[14]
  B_in[15]
  B_in[1]
  B_in[2]
  B_in[3]
  B_in[4]
  B_in[5]
  B_in[6]
  B_in[7]
  B_in[8]
  B_in[9]
  Op_Sel[0]
  Op_Sel[1]
  Start
  rst_n
Warning: There are 17 unconstrained endpoints.
  Done
  X_out[0]
  X_out[10]
  X_out[11]
  X_out[12]
  X_out[13]
  X_out[14]
  X_out[15]
  X_out[1]
  X_out[2]
  X_out[3]
  X_out[4]
  X_out[5]
  X_out[6]
  X_out[7]
  X_out[8]
  X_out[9]
