Reading OpenROAD database at '/work/runs/RUN_2026-03-17_13-50-57/39-openroad-repairantennas/1-diodeinsertion/rns_top_crt.odb'…
Reading library file at '/pdk/volare/sky130/versions/0fe599b2afb6708d281543108caf8310912f54af/sky130A/libs.ref/sky130_fd_sc_hd/lib/sky130_fd_sc_hd__tt_025C_1v80.lib'…
Reading design constraints file at 'designs/_shared/ll_policy/constraints.sdc'…
[INFO] No information on clock propagation in input SDC file-- propagating all clocks.
[INFO ORD-0030] Using 4 thread(s).
[INFO DRT-0149] Reading tech and libs.
[WARNING DRT-0349] LEF58_ENCLOSURE with no CUTCLASS is not supported. Skipping for layer mcon
[WARNING DRT-0349] LEF58_ENCLOSURE with no CUTCLASS is not supported. Skipping for layer mcon
[WARNING DRT-0349] LEF58_ENCLOSURE with no CUTCLASS is not supported. Skipping for layer via
[WARNING DRT-0349] LEF58_ENCLOSURE with no CUTCLASS is not supported. Skipping for layer via
[WARNING DRT-0349] LEF58_ENCLOSURE with no CUTCLASS is not supported. Skipping for layer via2
[WARNING DRT-0349] LEF58_ENCLOSURE with no CUTCLASS is not supported. Skipping for layer via2
[WARNING DRT-0349] LEF58_ENCLOSURE with no CUTCLASS is not supported. Skipping for layer via3
[WARNING DRT-0349] LEF58_ENCLOSURE with no CUTCLASS is not supported. Skipping for layer via3
[WARNING DRT-0349] LEF58_ENCLOSURE with no CUTCLASS is not supported. Skipping for layer via4
[WARNING DRT-0349] LEF58_ENCLOSURE with no CUTCLASS is not supported. Skipping for layer via4

Units:                1000
Number of layers:     13
Number of macros:     441
Number of vias:       29
Number of viarulegen: 25

[INFO DRT-0150] Reading design.
[WARNING DRT-0120] Large net net36 has 222 pins which may impact routing performance. Consider optimization.

Design:                   rns_top_crt
Die area:                 ( 0 0 ) ( 431270 441990 )
Number of track patterns: 12
Number of DEF vias:       0
Number of components:     5596
Number of terminals:      56
Number of snets:          2
Number of nets:           1947

[INFO DRT-0167] List of default vias:
  Layer via
    default via: M1M2_PR
  Layer via2
    default via: M2M3_PR
  Layer via3
    default via: M3M4_PR
  Layer via4
    default via: M4M5_PR
[INFO DRT-0162] Library cell analysis.
[INFO DRT-0163] Instance analysis.
[INFO DRT-0164] Number of unique instances = 338.
[INFO DRT-0168] Init region query.
[INFO DRT-0024]   Complete FR_MASTERSLICE.
[INFO DRT-0024]   Complete licon.
[INFO DRT-0024]   Complete li1.
[INFO DRT-0024]   Complete mcon.
[INFO DRT-0024]   Complete met1.
[INFO DRT-0024]   Complete via.
[INFO DRT-0024]   Complete met2.
[INFO DRT-0024]   Complete via2.
[INFO DRT-0024]   Complete met3.
[INFO DRT-0024]   Complete via3.
[INFO DRT-0024]   Complete met4.
[INFO DRT-0024]   Complete via4.
[INFO DRT-0024]   Complete met5.
[INFO DRT-0033] FR_MASTERSLICE shape region query size = 0.
[INFO DRT-0033] licon shape region query size = 0.
[INFO DRT-0033] li1 shape region query size = 77311.
[INFO DRT-0033] mcon shape region query size = 0.
[INFO DRT-0033] met1 shape region query size = 13690.
[INFO DRT-0033] via shape region query size = 2325.
[INFO DRT-0033] met2 shape region query size = 1414.
[INFO DRT-0033] via2 shape region query size = 1860.
[INFO DRT-0033] met3 shape region query size = 1430.
[INFO DRT-0033] via3 shape region query size = 1860.
[INFO DRT-0033] met4 shape region query size = 495.
[INFO DRT-0033] via4 shape region query size = 18.
[INFO DRT-0033] met5 shape region query size = 30.
[INFO DRT-0165] Start pin access.
[INFO DRT-0076]   Complete 1000 pins.
[INFO DRT-0078]   Complete 1259 pins.
[INFO DRT-0079]   Complete 100 unique inst patterns.
[INFO DRT-0079]   Complete 200 unique inst patterns.
[INFO DRT-0079]   Complete 300 unique inst patterns.
[INFO DRT-0081]   Complete 332 unique inst patterns.
[INFO DRT-0084]   Complete 1417 groups.
#scanned instances     = 5596
#unique  instances     = 338
#stdCellGenAp          = 9654
#stdCellValidPlanarAp  = 67
#stdCellValidViaAp     = 7359
#stdCellPinNoAp        = 0
#stdCellPinCnt         = 6699
#instTermValidViaApCnt = 0
#macroGenAp            = 0
#macroValidPlanarAp    = 0
#macroValidViaAp       = 0
#macroNoAp             = 0
[INFO DRT-0166] Complete pin access.
[INFO DRT-0267] cpu time = 00:00:45, elapsed time = 00:00:11, memory = 157.51 (MB), peak = 157.13 (MB)

[INFO DRT-0157] Number of guides:     14293

[INFO DRT-0169] Post process guides.
[INFO DRT-0176] GCELLGRID X 0 DO 62 STEP 6900 ;
[INFO DRT-0177] GCELLGRID Y 0 DO 64 STEP 6900 ;
[INFO DRT-0028]   Complete FR_MASTERSLICE.
[INFO DRT-0028]   Complete licon.
[INFO DRT-0028]   Complete li1.
[INFO DRT-0028]   Complete mcon.
[INFO DRT-0028]   Complete met1.
[INFO DRT-0028]   Complete via.
[INFO DRT-0028]   Complete met2.
[INFO DRT-0028]   Complete via2.
[INFO DRT-0028]   Complete met3.
[INFO DRT-0028]   Complete via3.
[INFO DRT-0028]   Complete met4.
[INFO DRT-0028]   Complete via4.
[INFO DRT-0028]   Complete met5.
[INFO DRT-0178] Init guide query.
[INFO DRT-0035]   Complete FR_MASTERSLICE (guide).
[INFO DRT-0035]   Complete licon (guide).
[INFO DRT-0035]   Complete li1 (guide).
[INFO DRT-0035]   Complete mcon (guide).
[INFO DRT-0035]   Complete met1 (guide).
[INFO DRT-0035]   Complete via (guide).
[INFO DRT-0035]   Complete met2 (guide).
[INFO DRT-0035]   Complete via2 (guide).
[INFO DRT-0035]   Complete met3 (guide).
[INFO DRT-0035]   Complete via3 (guide).
[INFO DRT-0035]   Complete met4 (guide).
[INFO DRT-0035]   Complete via4 (guide).
[INFO DRT-0035]   Complete met5 (guide).
[INFO DRT-0036] FR_MASTERSLICE guide region query size = 0.
[INFO DRT-0036] licon guide region query size = 0.
[INFO DRT-0036] li1 guide region query size = 5309.
[INFO DRT-0036] mcon guide region query size = 0.
[INFO DRT-0036] met1 guide region query size = 4022.
[INFO DRT-0036] via guide region query size = 0.
[INFO DRT-0036] met2 guide region query size = 1953.
[INFO DRT-0036] via2 guide region query size = 0.
[INFO DRT-0036] met3 guide region query size = 36.
[INFO DRT-0036] via3 guide region query size = 0.
[INFO DRT-0036] met4 guide region query size = 0.
[INFO DRT-0036] via4 guide region query size = 0.
[INFO DRT-0036] met5 guide region query size = 0.
[INFO DRT-0179] Init gr pin query.
[INFO DRT-0245] skipped writing guide updates to database.
[INFO DRT-0185] Post process initialize RPin region query.
[INFO DRT-0181] Start track assignment.
[INFO DRT-0184] Done with 7262 vertical wires in 2 frboxes and 4058 horizontal wires in 2 frboxes.
[INFO DRT-0186] Done with 385 vertical wires in 2 frboxes and 1110 horizontal wires in 2 frboxes.
[INFO DRT-0182] Complete track assignment.
[INFO DRT-0267] cpu time = 00:00:02, elapsed time = 00:00:00, memory = 180.42 (MB), peak = 180.01 (MB)
[INFO DRT-0187] Start routing data preparation.
[INFO DRT-0267] cpu time = 00:00:00, elapsed time = 00:00:00, memory = 180.48 (MB), peak = 180.13 (MB)
[INFO DRT-0194] Start detail routing.
[INFO DRT-0195] Start 0th optimization iteration.
    Completing 10% with 0 violations.
    elapsed time = 00:00:00, memory = 237.46 (MB).
    Completing 20% with 0 violations.
    elapsed time = 00:00:00, memory = 241.09 (MB).
    Completing 30% with 67 violations.
    elapsed time = 00:00:01, memory = 255.93 (MB).
    Completing 40% with 67 violations.
    elapsed time = 00:00:02, memory = 271.51 (MB).
    Completing 50% with 67 violations.
    elapsed time = 00:00:02, memory = 271.51 (MB).
    Completing 60% with 138 violations.
    elapsed time = 00:00:03, memory = 280.39 (MB).
    Completing 70% with 138 violations.
    elapsed time = 00:00:04, memory = 281.63 (MB).
    Completing 80% with 222 violations.
    elapsed time = 00:00:05, memory = 299.47 (MB).
    Completing 90% with 222 violations.
    elapsed time = 00:00:05, memory = 299.47 (MB).
    Completing 100% with 313 violations.
    elapsed time = 00:00:06, memory = 283.24 (MB).
[INFO DRT-0199]   Number of violations = 392.
Viol/Layer         li1   mcon   met1   met2   met3
Cut Spacing          0      1      0      0      0
Metal Spacing       19      0    101     10      2
Min Hole             0      0      4      0      0
Recheck              0      0     57     22      0
Short                0      0    176      0      0
[INFO DRT-0267] cpu time = 00:00:23, elapsed time = 00:00:07, memory = 621.79 (MB), peak = 621.47 (MB)
Total wire length = 47158 um.
Total wire length on LAYER li1 = 0 um.
Total wire length on LAYER met1 = 25415 um.
Total wire length on LAYER met2 = 21357 um.
Total wire length on LAYER met3 = 385 um.
Total wire length on LAYER met4 = 0 um.
Total wire length on LAYER met5 = 0 um.
Total number of vias = 14178.
Up-via summary (total 14178):

------------------------
 FR_MASTERSLICE        0
            li1     7452
           met1     6689
           met2       37
           met3        0
           met4        0
------------------------
                   14178


[INFO DRT-0195] Start 1st optimization iteration.
    Completing 10% with 392 violations.
    elapsed time = 00:00:00, memory = 626.79 (MB).
    Completing 20% with 392 violations.
    elapsed time = 00:00:01, memory = 638.28 (MB).
    Completing 30% with 358 violations.
    elapsed time = 00:00:01, memory = 647.01 (MB).
    Completing 40% with 358 violations.
    elapsed time = 00:00:01, memory = 647.01 (MB).
    Completing 50% with 358 violations.
    elapsed time = 00:00:02, memory = 647.01 (MB).
    Completing 60% with 309 violations.
    elapsed time = 00:00:03, memory = 647.01 (MB).
    Completing 70% with 309 violations.
    elapsed time = 00:00:03, memory = 647.01 (MB).
    Completing 80% with 218 violations.
    elapsed time = 00:00:04, memory = 647.44 (MB).
    Completing 90% with 218 violations.
    elapsed time = 00:00:04, memory = 647.44 (MB).
    Completing 100% with 167 violations.
    elapsed time = 00:00:05, memory = 649.62 (MB).
[INFO DRT-0199]   Number of violations = 167.
Viol/Layer        met1   met2
Metal Spacing       41      3
Short              123      0
[INFO DRT-0267] cpu time = 00:00:20, elapsed time = 00:00:05, memory = 649.99 (MB), peak = 649.55 (MB)
Total wire length = 46866 um.
Total wire length on LAYER li1 = 0 um.
Total wire length on LAYER met1 = 25322 um.
Total wire length on LAYER met2 = 21159 um.
Total wire length on LAYER met3 = 385 um.
Total wire length on LAYER met4 = 0 um.
Total wire length on LAYER met5 = 0 um.
Total number of vias = 14093.
Up-via summary (total 14093):

------------------------
 FR_MASTERSLICE        0
            li1     7445
           met1     6611
           met2       37
           met3        0
           met4        0
------------------------
                   14093


[INFO DRT-0195] Start 2nd optimization iteration.
    Completing 10% with 167 violations.
    elapsed time = 00:00:00, memory = 649.99 (MB).
    Completing 20% with 167 violations.
    elapsed time = 00:00:00, memory = 649.99 (MB).
    Completing 30% with 157 violations.
    elapsed time = 00:00:01, memory = 649.99 (MB).
    Completing 40% with 157 violations.
    elapsed time = 00:00:01, memory = 649.99 (MB).
    Completing 50% with 157 violations.
    elapsed time = 00:00:02, memory = 651.49 (MB).
    Completing 60% with 149 violations.
    elapsed time = 00:00:02, memory = 651.49 (MB).
    Completing 70% with 149 violations.
    elapsed time = 00:00:02, memory = 651.98 (MB).
    Completing 80% with 136 violations.
    elapsed time = 00:00:03, memory = 651.98 (MB).
    Completing 90% with 136 violations.
    elapsed time = 00:00:03, memory = 651.98 (MB).
    Completing 100% with 117 violations.
    elapsed time = 00:00:04, memory = 651.98 (MB).
[INFO DRT-0199]   Number of violations = 117.
Viol/Layer        met1    via
Metal Spacing       42      0
Min Hole             2      0
Short               72      1
[INFO DRT-0267] cpu time = 00:00:17, elapsed time = 00:00:04, memory = 652.22 (MB), peak = 651.80 (MB)
Total wire length = 46833 um.
Total wire length on LAYER li1 = 0 um.
Total wire length on LAYER met1 = 25265 um.
Total wire length on LAYER met2 = 21182 um.
Total wire length on LAYER met3 = 385 um.
Total wire length on LAYER met4 = 0 um.
Total wire length on LAYER met5 = 0 um.
Total number of vias = 14068.
Up-via summary (total 14068):

------------------------
 FR_MASTERSLICE        0
            li1     7445
           met1     6586
           met2       37
           met3        0
           met4        0
------------------------
                   14068


[INFO DRT-0195] Start 3rd optimization iteration.
    Completing 10% with 117 violations.
    elapsed time = 00:00:00, memory = 652.22 (MB).
    Completing 20% with 117 violations.
    elapsed time = 00:00:00, memory = 652.90 (MB).
    Completing 30% with 68 violations.
    elapsed time = 00:00:00, memory = 652.90 (MB).
    Completing 40% with 68 violations.
    elapsed time = 00:00:00, memory = 652.90 (MB).
    Completing 50% with 68 violations.
    elapsed time = 00:00:00, memory = 652.90 (MB).
    Completing 60% with 47 violations.
    elapsed time = 00:00:02, memory = 652.90 (MB).
    Completing 70% with 47 violations.
    elapsed time = 00:00:02, memory = 652.90 (MB).
    Completing 80% with 29 violations.
    elapsed time = 00:00:03, memory = 652.90 (MB).
    Completing 90% with 29 violations.
    elapsed time = 00:00:03, memory = 652.90 (MB).
    Completing 100% with 0 violations.
    elapsed time = 00:00:03, memory = 652.90 (MB).
[INFO DRT-0199]   Number of violations = 0.
[INFO DRT-0267] cpu time = 00:00:09, elapsed time = 00:00:03, memory = 652.90 (MB), peak = 652.55 (MB)
Total wire length = 46788 um.
Total wire length on LAYER li1 = 0 um.
Total wire length on LAYER met1 = 25137 um.
Total wire length on LAYER met2 = 21213 um.
Total wire length on LAYER met3 = 437 um.
Total wire length on LAYER met4 = 0 um.
Total wire length on LAYER met5 = 0 um.
Total number of vias = 14127.
Up-via summary (total 14127):

------------------------
 FR_MASTERSLICE        0
            li1     7445
           met1     6630
           met2       52
           met3        0
           met4        0
------------------------
                   14127


[INFO DRT-0198] Complete detail routing.
Total wire length = 46788 um.
Total wire length on LAYER li1 = 0 um.
Total wire length on LAYER met1 = 25137 um.
Total wire length on LAYER met2 = 21213 um.
Total wire length on LAYER met3 = 437 um.
Total wire length on LAYER met4 = 0 um.
Total wire length on LAYER met5 = 0 um.
Total number of vias = 14127.
Up-via summary (total 14127):

------------------------
 FR_MASTERSLICE        0
            li1     7445
           met1     6630
           met2       52
           met3        0
           met4        0
------------------------
                   14127


[INFO DRT-0267] cpu time = 00:01:10, elapsed time = 00:00:21, memory = 652.90 (MB), peak = 652.55 (MB)

[INFO DRT-0180] Post processing.
Setting global connections for newly added cells…
[INFO] Setting global connections...
Updating metrics…
Cell type report:                       Count       Area
  Fill cell                               308    1156.11
  Tap cell                               2496    3123.00
  Antenna cell                            875    2189.60
  Clock buffer                              9     225.22
  Timing Repair Buffer                    183    1363.81
  Inverter                                 59     226.47
  Clock inverter                            7      73.82
  Sequential cell                         110    2975.35
  Multi-Input combinational cell         1549   13013.73
  Total                                  5596   24347.10
Writing OpenROAD database to '/work/runs/RUN_2026-03-17_13-50-57/41-openroad-detailedrouting/rns_top_crt.odb'…
Writing netlist to '/work/runs/RUN_2026-03-17_13-50-57/41-openroad-detailedrouting/rns_top_crt.nl.v'…
Writing powered netlist to '/work/runs/RUN_2026-03-17_13-50-57/41-openroad-detailedrouting/rns_top_crt.pnl.v'…
Writing layout to '/work/runs/RUN_2026-03-17_13-50-57/41-openroad-detailedrouting/rns_top_crt.def'…
Writing timing constraints to '/work/runs/RUN_2026-03-17_13-50-57/41-openroad-detailedrouting/rns_top_crt.sdc'…
