
===========================================================================
report_checks -unconstrained
===========================================================================
======================= max_tt_025C_1v80 Corner ===================================

Startpoint: _3302_ (rising edge-triggered flip-flop clocked by clk)
Endpoint: _3237_ (rising edge-triggered flip-flop clocked by clk)
Path Group: clk
Path Type: max

Fanout         Cap        Slew       Delay        Time   Description
---------------------------------------------------------------------------------------------
                                  0.000000    0.000000   clock clk (rise edge)
                                  0.000000    0.000000   clock source latency
     2    0.040460    0.000000    0.000000    0.000000 ^ clk (in)
                                                         clk (net)
                      0.002940    0.001470    0.001470 ^ clkbuf_0_clk/A (sky130_fd_sc_hd__clkbuf_16)
    17    0.173602    0.185644    0.215470    0.216941 ^ clkbuf_0_clk/X (sky130_fd_sc_hd__clkbuf_16)
                                                         clknet_0_clk (net)
                      0.187122    0.013297    0.230237 ^ clkbuf_3_0__f_clk/A (sky130_fd_sc_hd__clkbuf_16)
    25    0.095244    0.112490    0.228814    0.459051 ^ clkbuf_3_0__f_clk/X (sky130_fd_sc_hd__clkbuf_16)
                                                         clknet_3_0__leaf_clk (net)
                      0.113058    0.006021    0.465072 ^ _3302_/CLK (sky130_fd_sc_hd__dfrtp_4)
     6    0.023727    0.084583    0.529547    0.994619 v _3302_/Q (sky130_fd_sc_hd__dfrtp_4)
                                                         B_reg[12] (net)
                      0.084641    0.002220    0.996840 v _1910_/C (sky130_fd_sc_hd__and3_1)
     3    0.007179    0.055998    0.213427    1.210267 v _1910_/X (sky130_fd_sc_hd__and3_1)
                                                         _1175_ (net)
                      0.055999    0.000384    1.210651 v _2300_/B (sky130_fd_sc_hd__or4_4)
     4    0.009557    0.093373    0.526918    1.737569 v _2300_/X (sky130_fd_sc_hd__or4_4)
                                                         _1553_ (net)
                      0.093373    0.000548    1.738117 v _2304_/A1 (sky130_fd_sc_hd__a21o_1)
     3    0.007674    0.054227    0.192534    1.930651 v _2304_/X (sky130_fd_sc_hd__a21o_1)
                                                         _1557_ (net)
                      0.054230    0.000425    1.931076 v _2307_/A2 (sky130_fd_sc_hd__a21oi_1)
     3    0.011343    0.264017    0.260119    2.191195 ^ _2307_/Y (sky130_fd_sc_hd__a21oi_1)
                                                         _1560_ (net)
                      0.264018    0.000405    2.191601 ^ _2311_/B (sky130_fd_sc_hd__xor2_1)
     3    0.011146    0.259980    0.282059    2.473660 ^ _2311_/X (sky130_fd_sc_hd__xor2_1)
                                                         _1564_ (net)
                      0.259982    0.000561    2.474221 ^ _2313_/A2 (sky130_fd_sc_hd__a21o_1)
     4    0.010729    0.101373    0.204969    2.679190 ^ _2313_/X (sky130_fd_sc_hd__a21o_1)
                                                         _1566_ (net)
                      0.101374    0.000610    2.679801 ^ _2318_/A1 (sky130_fd_sc_hd__a21oi_1)
     3    0.011629    0.099145    0.119313    2.799114 v _2318_/Y (sky130_fd_sc_hd__a21oi_1)
                                                         _1571_ (net)
                      0.099152    0.000662    2.799775 v _2321_/B (sky130_fd_sc_hd__or3_4)
     3    0.009034    0.073156    0.392891    3.192667 v _2321_/X (sky130_fd_sc_hd__or3_4)
                                                         _1574_ (net)
                      0.073156    0.000603    3.193270 v _2326_/A1 (sky130_fd_sc_hd__a21o_1)
     4    0.010951    0.066282    0.197441    3.390711 v _2326_/X (sky130_fd_sc_hd__a21o_1)
                                                         _1579_ (net)
                      0.066293    0.000876    3.391587 v _2328_/B (sky130_fd_sc_hd__and3_1)
     2    0.005585    0.048771    0.181950    3.573538 v _2328_/X (sky130_fd_sc_hd__and3_1)
                                                         _1581_ (net)
                      0.048773    0.000353    3.573891 v _2330_/C (sky130_fd_sc_hd__or3_4)
     3    0.008118    0.071724    0.334675    3.908566 v _2330_/X (sky130_fd_sc_hd__or3_4)
                                                         _1583_ (net)
                      0.071724    0.000546    3.909112 v _2334_/A1 (sky130_fd_sc_hd__a21o_1)
     3    0.008753    0.058518    0.188434    4.097546 v _2334_/X (sky130_fd_sc_hd__a21o_1)
                                                         _1587_ (net)
                      0.058520    0.000413    4.097959 v rebuffer8/A (sky130_fd_sc_hd__dlymetal6s2s_1)
     3    0.009820    0.066165    0.168568    4.266527 v rebuffer8/X (sky130_fd_sc_hd__dlymetal6s2s_1)
                                                         net61 (net)
                      0.066166    0.000364    4.266891 v _2343_/A1 (sky130_fd_sc_hd__a21bo_1)
     1    0.004429    0.041507    0.178190    4.445081 v _2343_/X (sky130_fd_sc_hd__a21bo_1)
                                                         _1596_ (net)
                      0.041532    0.000317    4.445398 v _2344_/B1 (sky130_fd_sc_hd__a22o_1)
     2    0.008451    0.065802    0.203521    4.648919 v _2344_/X (sky130_fd_sc_hd__a22o_1)
                                                         _1597_ (net)
                      0.065806    0.000598    4.649517 v _2347_/B1 (sky130_fd_sc_hd__a21o_1)
     4    0.010707    0.065372    0.191829    4.841346 v _2347_/X (sky130_fd_sc_hd__a21o_1)
                                                         _1600_ (net)
                      0.065376    0.000579    4.841925 v _2348_/A2 (sky130_fd_sc_hd__a21oi_1)
     3    0.013718    0.309498    0.297888    5.139812 ^ _2348_/Y (sky130_fd_sc_hd__a21oi_1)
                                                         _1601_ (net)
                      0.309502    0.000878    5.140690 ^ _2349_/B (sky130_fd_sc_hd__xnor2_1)
     3    0.017326    0.403960    0.268805    5.409495 ^ _2349_/Y (sky130_fd_sc_hd__xnor2_1)
                                                         _1602_ (net)
                      0.403962    0.000829    5.410324 ^ _2355_/A2 (sky130_fd_sc_hd__a21o_1)
     4    0.012052    0.112899    0.232733    5.643057 ^ _2355_/X (sky130_fd_sc_hd__a21o_1)
                                                         _0109_ (net)
                      0.112901    0.000698    5.643755 ^ _2360_/A1 (sky130_fd_sc_hd__a21oi_1)
     3    0.012564    0.108758    0.127984    5.771739 v _2360_/Y (sky130_fd_sc_hd__a21oi_1)
                                                         _0114_ (net)
                      0.108804    0.000777    5.772516 v _2364_/B (sky130_fd_sc_hd__or3_4)
     2    0.006620    0.069336    0.389149    6.161665 v _2364_/X (sky130_fd_sc_hd__or3_4)
                                                         _0118_ (net)
                      0.069337    0.000459    6.162124 v _2366_/A1 (sky130_fd_sc_hd__a21o_1)
     4    0.011256    0.067623    0.197005    6.359129 v _2366_/X (sky130_fd_sc_hd__a21o_1)
                                                         _0120_ (net)
                      0.067632    0.000804    6.359933 v _2369_/A1 (sky130_fd_sc_hd__a21oi_1)
     3    0.011352    0.264101    0.246668    6.606601 ^ _2369_/Y (sky130_fd_sc_hd__a21oi_1)
                                                         _0123_ (net)
                      0.264104    0.000655    6.607256 ^ _2373_/B (sky130_fd_sc_hd__xnor2_1)
     4    0.012920    0.314864    0.230195    6.837451 ^ _2373_/Y (sky130_fd_sc_hd__xnor2_1)
                                                         _0127_ (net)
                      0.314865    0.000391    6.837842 ^ _2378_/A2 (sky130_fd_sc_hd__a21o_1)
     4    0.011381    0.107012    0.217675    7.055518 ^ _2378_/X (sky130_fd_sc_hd__a21o_1)
                                                         _0132_ (net)
                      0.107015    0.000750    7.056267 ^ _2382_/A2 (sky130_fd_sc_hd__a21oi_1)
     3    0.012966    0.111153    0.131058    7.187325 v _2382_/Y (sky130_fd_sc_hd__a21oi_1)
                                                         _0136_ (net)
                      0.111201    0.000871    7.188197 v _2385_/B (sky130_fd_sc_hd__or3_4)
     3    0.008537    0.072394    0.395846    7.584042 v _2385_/X (sky130_fd_sc_hd__or3_4)
                                                         _0139_ (net)
                      0.072394    0.000443    7.584485 v _2387_/A1 (sky130_fd_sc_hd__a21o_1)
     4    0.012560    0.072776    0.203055    7.787540 v _2387_/X (sky130_fd_sc_hd__a21o_1)
                                                         _0141_ (net)
                      0.072776    0.000369    7.787910 v _2390_/A (sky130_fd_sc_hd__and3_1)
     3    0.011192    0.071852    0.188579    7.976489 v _2390_/X (sky130_fd_sc_hd__and3_1)
                                                         _0144_ (net)
                      0.071859    0.000766    7.977255 v _2392_/C (sky130_fd_sc_hd__or3_4)
     3    0.007077    0.070017    0.338950    8.316206 v _2392_/X (sky130_fd_sc_hd__or3_4)
                                                         _0146_ (net)
                      0.070017    0.000427    8.316633 v _2397_/A1 (sky130_fd_sc_hd__a21o_1)
     4    0.011441    0.068278    0.198042    8.514675 v _2397_/X (sky130_fd_sc_hd__a21o_1)
                                                         _0151_ (net)
                      0.068280    0.000525    8.515201 v _2406_/A (sky130_fd_sc_hd__and3_1)
     2    0.006595    0.053318    0.167320    8.682521 v _2406_/X (sky130_fd_sc_hd__and3_1)
                                                         _0160_ (net)
                      0.053320    0.000407    8.682927 v _2408_/C (sky130_fd_sc_hd__or3_4)
     3    0.008513    0.072313    0.337135    9.020062 v _2408_/X (sky130_fd_sc_hd__or3_4)
                                                         _0162_ (net)
                      0.072313    0.000395    9.020457 v _2410_/A1 (sky130_fd_sc_hd__a21o_1)
     3    0.007899    0.055314    0.184822    9.205279 v _2410_/X (sky130_fd_sc_hd__a21o_1)
                                                         _0164_ (net)
                      0.055318    0.000468    9.205748 v _2413_/C (sky130_fd_sc_hd__and3_1)
     2    0.006348    0.052147    0.195969    9.401717 v _2413_/X (sky130_fd_sc_hd__and3_1)
                                                         _0167_ (net)
                      0.052149    0.000341    9.402058 v _2415_/C (sky130_fd_sc_hd__or3_4)
     3    0.006685    0.069471    0.331295    9.733353 v _2415_/X (sky130_fd_sc_hd__or3_4)
                                                         _0169_ (net)
                      0.069471    0.000318    9.733671 v _2420_/A1 (sky130_fd_sc_hd__a21o_1)
     3    0.009035    0.059179    0.188798    9.922469 v _2420_/X (sky130_fd_sc_hd__a21o_1)
                                                         _0174_ (net)
                      0.059182    0.000480    9.922949 v _2423_/A1 (sky130_fd_sc_hd__a21o_1)
     2    0.008959    0.059018    0.184148   10.107097 v _2423_/X (sky130_fd_sc_hd__a21o_1)
                                                         _0177_ (net)
                      0.059024    0.000632   10.107729 v _2426_/B (sky130_fd_sc_hd__xnor2_1)
     1    0.003565    0.058812    0.127520   10.235250 v _2426_/Y (sky130_fd_sc_hd__xnor2_1)
                                                         _0179_ (net)
                      0.058812    0.000151   10.235400 v _2427_/A1 (sky130_fd_sc_hd__mux2_4)
     1    0.002962    0.048039    0.255505   10.490906 v _2427_/X (sky130_fd_sc_hd__mux2_4)
                                                         _0024_ (net)
                      0.048040    0.000194   10.491099 v _3237_/D (sky130_fd_sc_hd__dfrtp_4)
                                             10.491099   data arrival time

                                 10.375000   10.375000   clock clk (rise edge)
                                  0.000000   10.375000   clock source latency
     2    0.040460    0.000000    0.000000   10.375000 ^ clk (in)
                                                         clk (net)
                      0.002940    0.001470   10.376470 ^ clkbuf_0_clk/A (sky130_fd_sc_hd__clkbuf_16)
    17    0.173602    0.185644    0.215470   10.591940 ^ clkbuf_0_clk/X (sky130_fd_sc_hd__clkbuf_16)
                                                         clknet_0_clk (net)
                      0.186942    0.012488   10.604428 ^ clkbuf_3_3__f_clk/A (sky130_fd_sc_hd__clkbuf_16)
    35    0.102433    0.119647    0.232166   10.836595 ^ clkbuf_3_3__f_clk/X (sky130_fd_sc_hd__clkbuf_16)
                                                         clknet_3_3__leaf_clk (net)
                      0.120574    0.008479   10.845074 ^ _3237_/CLK (sky130_fd_sc_hd__dfrtp_4)
                                 -0.100000   10.745073   clock uncertainty
                                  0.000000   10.745073   clock reconvergence pessimism
                                 -0.098301   10.646772   library setup time
                                             10.646772   data required time
---------------------------------------------------------------------------------------------
                                             10.646772   data required time
                                            -10.491099   data arrival time
---------------------------------------------------------------------------------------------
                                              0.155674   slack (MET)




===========================================================================
report_checks --slack_max -0.01
============================================================================
======================= max_tt_025C_1v80 Corner ===================================

No paths found.


===========================================================================
 report_check_types -max_slew -max_cap -max_fanout -violators
============================================================================
======================= max_tt_025C_1v80 Corner ===================================



===========================================================================
report_parasitic_annotation -report_unannotated
============================================================================
Found 7 unannotated drivers.
 clkload0/Y
 clkload1/Y
 clkload2/Y
 clkload3/Y
 clkload4/Y
 clkload5/Y
 clkload6/Y
Found 0 partially unannotated drivers.

===========================================================================
max slew violation count 0
max fanout violation count 0
max cap violation count 0
============================================================================

===========================================================================
check_setup -verbose -unconstrained_endpoints -multiple_clock -no_clock -no_input_delay -loops -generated_clocks
===========================================================================
Warning: There are 36 input ports missing set_input_delay.
  A_in[0]
  A_in[10]
  A_in[11]
  A_in[12]
  A_in[13]
  A_in[14]
  A_in[15]
  A_in[1]
  A_in[2]
  A_in[3]
  A_in[4]
  A_in[5]
  A_in[6]
  A_in[7]
  A_in[8]
  A_in[9]
  B_in[0]
  B_in[10]
  B_in[11]
  B_in[12]
  B_in[13]
  B_in[14]
  B_in[15]
  B_in[1]
  B_in[2]
  B_in[3]
  B_in[4]
  B_in[5]
  B_in[6]
  B_in[7]
  B_in[8]
  B_in[9]
  Op_Sel[0]
  Op_Sel[1]
  Start
  rst_n
Warning: There are 17 unconstrained endpoints.
  Done
  X_out[0]
  X_out[10]
  X_out[11]
  X_out[12]
  X_out[13]
  X_out[14]
  X_out[15]
  X_out[1]
  X_out[2]
  X_out[3]
  X_out[4]
  X_out[5]
  X_out[6]
  X_out[7]
  X_out[8]
  X_out[9]
