Clock: clk
Sources: clk 
Generated: no
Virtual: yes
Propagated: no
Period: 10.375000

===========================================================================
report_clock_properties
============================================================================
Clock                   Period          Waveform
----------------------------------------------------
clk                  10.375000    0.000000  5.187500

===========================================================================
report_clock_latency
============================================================================
Clock clk
rise -> rise
    min     max
0.000000 0.000000 source latency
0.446165         network latency _3221_/CLK
        0.481768 network latency _3296_/CLK
---------------
0.446165 0.481768 latency
        0.035603 skew

fall -> fall
    min     max
0.000000 0.000000 source latency
0.421126         network latency _3221_/CLK
        0.450352 network latency _3296_/CLK
---------------
0.421126 0.450352 latency
        0.029226 skew



===========================================================================
report_clock_min_period
============================================================================
clk period_min = 10.22 fmax = 97.85
