Clock: clk
Sources: clk 
Generated: no
Virtual: yes
Propagated: no
Period: 14.000000

===========================================================================
report_clock_properties
============================================================================
Clock                   Period          Waveform
----------------------------------------------------
clk                  14.000000    0.000000  7.000000

===========================================================================
report_clock_latency
============================================================================
Clock clk
rise -> rise
    min     max
0.000000 0.000000 source latency
0.767180         network latency _3222_/CLK
        0.805094 network latency _3295_/CLK
---------------
0.767180 0.805094 latency
        0.037914 skew

fall -> fall
    min     max
0.000000 0.000000 source latency
0.733398         network latency _3222_/CLK
        0.764800 network latency _3295_/CLK
---------------
0.733398 0.764800 latency
        0.031402 skew



===========================================================================
report_clock_min_period
============================================================================
clk period_min = 20.26 fmax = 49.37
