Clock: clk
Sources: clk 
Generated: no
Virtual: yes
Propagated: no
Period: 5.000000

===========================================================================
report_clock_properties
============================================================================
Clock                   Period          Waveform
----------------------------------------------------
clk                   5.000000    0.000000  2.500000

===========================================================================
report_clock_latency
============================================================================
Clock clk
rise -> rise
    min     max
0.000000 0.000000 source latency
0.728978         network latency _3222_/CLK
        0.761557 network latency _3295_/CLK
---------------
0.728978 0.761557 latency
        0.032580 skew

fall -> fall
    min     max
0.000000 0.000000 source latency
0.703371         network latency _3222_/CLK
        0.728615 network latency _3295_/CLK
---------------
0.703371 0.728615 latency
        0.025244 skew



===========================================================================
report_clock_min_period
============================================================================
clk period_min = 20.00 fmax = 50.01
