Clock: clk
Sources: clk 
Generated: no
Virtual: yes
Propagated: no
Period: 5.000000

===========================================================================
report_clock_properties
============================================================================
Clock                   Period          Waveform
----------------------------------------------------
clk                   5.000000    0.000000  2.500000

===========================================================================
report_clock_latency
============================================================================
Clock clk
rise -> rise
    min     max
0.000000 0.000000 source latency
0.447471         network latency _3220_/CLK
        0.482715 network latency _3295_/CLK
---------------
0.447471 0.482715 latency
        0.035245 skew

fall -> fall
    min     max
0.000000 0.000000 source latency
0.421932         network latency _3220_/CLK
        0.450744 network latency _3295_/CLK
---------------
0.421932 0.450744 latency
        0.028811 skew



===========================================================================
report_clock_min_period
============================================================================
clk period_min = 10.20 fmax = 98.02
