
===========================================================================
report_checks -unconstrained
===========================================================================
======================= max_tt_025C_1v80 Corner ===================================

Startpoint: _3302_ (rising edge-triggered flip-flop clocked by clk)
Endpoint: _3238_ (rising edge-triggered flip-flop clocked by clk)
Path Group: clk
Path Type: max

Fanout         Cap        Slew       Delay        Time   Description
---------------------------------------------------------------------------------------------
                                  0.000000    0.000000   clock clk (rise edge)
                                  0.000000    0.000000   clock source latency
     2    0.040484    0.000000    0.000000    0.000000 ^ clk (in)
                                                         clk (net)
                      0.003014    0.001507    0.001507 ^ clkbuf_0_clk/A (sky130_fd_sc_hd__clkbuf_16)
    17    0.172184    0.184262    0.214667    0.216174 ^ clkbuf_0_clk/X (sky130_fd_sc_hd__clkbuf_16)
                                                         clknet_0_clk (net)
                      0.185722    0.013166    0.229339 ^ clkbuf_3_0__f_clk/A (sky130_fd_sc_hd__clkbuf_16)
    25    0.099848    0.116864    0.231601    0.460940 ^ clkbuf_3_0__f_clk/X (sky130_fd_sc_hd__clkbuf_16)
                                                         clknet_3_0__leaf_clk (net)
                      0.117592    0.007035    0.467975 ^ _3302_/CLK (sky130_fd_sc_hd__dfrtp_4)
    15    0.051182    0.125474    0.575919    1.043894 v _3302_/Q (sky130_fd_sc_hd__dfrtp_4)
                                                         B_reg[12] (net)
                      0.125889    0.006222    1.050116 v _1910_/C (sky130_fd_sc_hd__and3_1)
     3    0.006163    0.051325    0.227402    1.277518 v _1910_/X (sky130_fd_sc_hd__and3_1)
                                                         _1175_ (net)
                      0.051325    0.000204    1.277722 v _2300_/B (sky130_fd_sc_hd__or4_1)
     4    0.009781    0.127077    0.559917    1.837639 v _2300_/X (sky130_fd_sc_hd__or4_1)
                                                         _1553_ (net)
                      0.127078    0.000555    1.838194 v _2304_/A2 (sky130_fd_sc_hd__a21o_1)
     3    0.007730    0.054530    0.226986    2.065180 v _2304_/X (sky130_fd_sc_hd__a21o_1)
                                                         _1557_ (net)
                      0.054532    0.000405    2.065585 v _2308_/C (sky130_fd_sc_hd__and3_1)
     2    0.005556    0.048592    0.191778    2.257364 v _2308_/X (sky130_fd_sc_hd__and3_1)
                                                         _1561_ (net)
                      0.048593    0.000324    2.257687 v _2310_/C (sky130_fd_sc_hd__or3_1)
     3    0.006463    0.085348    0.331476    2.589163 v _2310_/X (sky130_fd_sc_hd__or3_1)
                                                         _1563_ (net)
                      0.085349    0.000376    2.589539 v _2313_/A1 (sky130_fd_sc_hd__a21o_1)
     4    0.011142    0.067090    0.203306    2.792845 v _2313_/X (sky130_fd_sc_hd__a21o_1)
                                                         _1566_ (net)
                      0.067094    0.000581    2.793426 v _2319_/B (sky130_fd_sc_hd__and3_1)
     2    0.006293    0.051905    0.185760    2.979186 v _2319_/X (sky130_fd_sc_hd__and3_1)
                                                         _1572_ (net)
                      0.051907    0.000371    2.979557 v _2321_/C (sky130_fd_sc_hd__or3_1)
     3    0.007365    0.090907    0.339150    3.318708 v _2321_/X (sky130_fd_sc_hd__or3_1)
                                                         _1574_ (net)
                      0.090907    0.000258    3.318966 v _2326_/A1 (sky130_fd_sc_hd__a21o_1)
     4    0.009993    0.062531    0.201480    3.520445 v _2326_/X (sky130_fd_sc_hd__a21o_1)
                                                         _1579_ (net)
                      0.062534    0.000531    3.520977 v _2328_/C (sky130_fd_sc_hd__and3_1)
     2    0.005409    0.047962    0.194700    3.715677 v _2328_/X (sky130_fd_sc_hd__and3_1)
                                                         _1581_ (net)
                      0.047964    0.000344    3.716021 v _2330_/C (sky130_fd_sc_hd__or3_2)
     4    0.014946    0.114737    0.468062    4.184083 v _2330_/X (sky130_fd_sc_hd__or3_2)
                                                         _1583_ (net)
                      0.114737    0.000819    4.184902 v _2334_/A1 (sky130_fd_sc_hd__a21o_1)
     5    0.016505    0.088992    0.234438    4.419341 v _2334_/X (sky130_fd_sc_hd__a21o_1)
                                                         _1587_ (net)
                      0.088997    0.000755    4.420096 v _2338_/B (sky130_fd_sc_hd__and3_1)
     2    0.005768    0.049591    0.193105    4.613201 v _2338_/X (sky130_fd_sc_hd__and3_1)
                                                         _1591_ (net)
                      0.049593    0.000378    4.613579 v _2345_/C (sky130_fd_sc_hd__or3_1)
     3    0.008787    0.097820    0.349476    4.963056 v _2345_/X (sky130_fd_sc_hd__or3_1)
                                                         _1598_ (net)
                      0.097820    0.000431    4.963487 v _2347_/A1 (sky130_fd_sc_hd__a21o_1)
     4    0.011245    0.067511    0.208785    5.172272 v _2347_/X (sky130_fd_sc_hd__a21o_1)
                                                         _1600_ (net)
                      0.067516    0.000646    5.172917 v _2350_/C (sky130_fd_sc_hd__and3_1)
     2    0.006064    0.050868    0.200161    5.373078 v _2350_/X (sky130_fd_sc_hd__and3_1)
                                                         _1603_ (net)
                      0.050869    0.000328    5.373406 v _2352_/C (sky130_fd_sc_hd__or3_1)
     3    0.010135    0.104019    0.357676    5.731081 v _2352_/X (sky130_fd_sc_hd__or3_1)
                                                         _0106_ (net)
                      0.104022    0.000639    5.731720 v _2355_/A2 (sky130_fd_sc_hd__a21o_1)
     4    0.011607    0.069011    0.233761    5.965482 v _2355_/X (sky130_fd_sc_hd__a21o_1)
                                                         _0109_ (net)
                      0.069023    0.000913    5.966394 v _2362_/B (sky130_fd_sc_hd__and3_1)
     2    0.007003    0.055235    0.190010    6.156404 v _2362_/X (sky130_fd_sc_hd__and3_1)
                                                         _0116_ (net)
                      0.055238    0.000458    6.156862 v _2364_/C (sky130_fd_sc_hd__or3_1)
     3    0.007886    0.094350    0.343984    6.500846 v _2364_/X (sky130_fd_sc_hd__or3_1)
                                                         _0118_ (net)
                      0.094351    0.000504    6.501350 v _2366_/A2 (sky130_fd_sc_hd__a21o_1)
     4    0.010304    0.063660    0.225288    6.726638 v _2366_/X (sky130_fd_sc_hd__a21o_1)
                                                         _0120_ (net)
                      0.063669    0.000780    6.727418 v _2370_/B (sky130_fd_sc_hd__and3_1)
     2    0.006421    0.052471    0.184874    6.912292 v _2370_/X (sky130_fd_sc_hd__and3_1)
                                                         _0124_ (net)
                      0.052472    0.000328    6.912621 v _2372_/C (sky130_fd_sc_hd__or3_1)
     3    0.009285    0.100448    0.353673    7.266294 v _2372_/X (sky130_fd_sc_hd__or3_1)
                                                         _0126_ (net)
                      0.100449    0.000475    7.266769 v _2378_/A1 (sky130_fd_sc_hd__a21o_1)
     4    0.010724    0.065403    0.208109    7.474878 v _2378_/X (sky130_fd_sc_hd__a21o_1)
                                                         _0132_ (net)
                      0.065404    0.000353    7.475230 v _2383_/C (sky130_fd_sc_hd__and3_1)
     2    0.007442    0.057325    0.205742    7.680973 v _2383_/X (sky130_fd_sc_hd__and3_1)
                                                         _0137_ (net)
                      0.057332    0.000649    7.681622 v _2385_/C (sky130_fd_sc_hd__or3_1)
     3    0.008356    0.096481    0.348357    8.029979 v _2385_/X (sky130_fd_sc_hd__or3_1)
                                                         _0139_ (net)
                      0.096481    0.000425    8.030404 v _2387_/A1 (sky130_fd_sc_hd__a21o_1)
     4    0.013075    0.074863    0.214812    8.245216 v _2387_/X (sky130_fd_sc_hd__a21o_1)
                                                         _0141_ (net)
                      0.074864    0.000440    8.245656 v _2390_/B (sky130_fd_sc_hd__and3_1)
     3    0.010163    0.067665    0.206724    8.452379 v _2390_/X (sky130_fd_sc_hd__and3_1)
                                                         _0144_ (net)
                      0.067666    0.000361    8.452741 v _2392_/C (sky130_fd_sc_hd__or3_1)
     3    0.007117    0.089437    0.342331    8.795072 v _2392_/X (sky130_fd_sc_hd__or3_1)
                                                         _0146_ (net)
                      0.089437    0.000370    8.795442 v _2397_/A1 (sky130_fd_sc_hd__a21o_1)
     4    0.011359    0.068007    0.205601    9.001042 v _2397_/X (sky130_fd_sc_hd__a21o_1)
                                                         _0151_ (net)
                      0.068016    0.000824    9.001867 v _2406_/B (sky130_fd_sc_hd__and3_1)
     2    0.005778    0.049572    0.183716    9.185583 v _2406_/X (sky130_fd_sc_hd__and3_1)
                                                         _0160_ (net)
                      0.049572    0.000186    9.185769 v _2408_/C (sky130_fd_sc_hd__or3_1)
     3    0.008163    0.095962    0.344690    9.530458 v _2408_/X (sky130_fd_sc_hd__or3_1)
                                                         _0162_ (net)
                      0.095962    0.000381    9.530840 v _2410_/A2 (sky130_fd_sc_hd__a21o_1)
     3    0.007528    0.053582    0.213916    9.744756 v _2410_/X (sky130_fd_sc_hd__a21o_1)
                                                         _0164_ (net)
                      0.053584    0.000406    9.745161 v _2413_/C (sky130_fd_sc_hd__and3_1)
     2    0.005555    0.048568    0.191376    9.936537 v _2413_/X (sky130_fd_sc_hd__and3_1)
                                                         _0167_ (net)
                      0.048568    0.000181    9.936718 v _2415_/C (sky130_fd_sc_hd__or3_1)
     3    0.007498    0.091754    0.339357   10.276075 v _2415_/X (sky130_fd_sc_hd__or3_1)
                                                         _0169_ (net)
                      0.091755    0.000436   10.276511 v _2420_/A1 (sky130_fd_sc_hd__a21o_1)
     4    0.011977    0.070485    0.208806   10.485318 v _2420_/X (sky130_fd_sc_hd__a21o_1)
                                                         _0174_ (net)
                      0.070488    0.000571   10.485888 v _2428_/A1 (sky130_fd_sc_hd__a21bo_1)
     1    0.004307    0.040978    0.179380   10.665269 v _2428_/X (sky130_fd_sc_hd__a21bo_1)
                                                         _0180_ (net)
                      0.040978    0.000201   10.665470 v _2429_/B (sky130_fd_sc_hd__xor2_1)
     1    0.002484    0.070193    0.132722   10.798192 v _2429_/X (sky130_fd_sc_hd__xor2_1)
                                                         _0181_ (net)
                      0.070193    0.000105   10.798297 v _2430_/A1 (sky130_fd_sc_hd__mux2_1)
     1    0.002419    0.052946    0.292124   11.090421 v _2430_/X (sky130_fd_sc_hd__mux2_1)
                                                         _0025_ (net)
                      0.052946    0.000107   11.090528 v _3238_/D (sky130_fd_sc_hd__dfrtp_4)
                                             11.090528   data arrival time

                                100.000000  100.000000   clock clk (rise edge)
                                  0.000000  100.000000   clock source latency
     2    0.040484    0.000000    0.000000  100.000000 ^ clk (in)
                                                         clk (net)
                      0.003014    0.001506  100.001503 ^ clkbuf_0_clk/A (sky130_fd_sc_hd__clkbuf_16)
    17    0.172184    0.184262    0.214669  100.216171 ^ clkbuf_0_clk/X (sky130_fd_sc_hd__clkbuf_16)
                                                         clknet_0_clk (net)
                      0.185544    0.012363  100.228539 ^ clkbuf_3_3__f_clk/A (sky130_fd_sc_hd__clkbuf_16)
    35    0.100570    0.117640    0.231594  100.460129 ^ clkbuf_3_3__f_clk/X (sky130_fd_sc_hd__clkbuf_16)
                                                         clknet_3_3__leaf_clk (net)
                      0.118113    0.005606  100.465736 ^ _3238_/CLK (sky130_fd_sc_hd__dfrtp_4)
                                 -0.100000  100.365738   clock uncertainty
                                  0.000000  100.365738   clock reconvergence pessimism
                                 -0.100996  100.264740   library setup time
                                            100.264740   data required time
---------------------------------------------------------------------------------------------
                                            100.264740   data required time
                                            -11.090528   data arrival time
---------------------------------------------------------------------------------------------
                                             89.174210   slack (MET)




===========================================================================
report_checks --slack_max -0.01
============================================================================
======================= max_tt_025C_1v80 Corner ===================================

No paths found.


===========================================================================
 report_check_types -max_slew -max_cap -max_fanout -violators
============================================================================
======================= max_tt_025C_1v80 Corner ===================================



===========================================================================
report_parasitic_annotation -report_unannotated
============================================================================
Found 7 unannotated drivers.
 clkload0/Y
 clkload1/Y
 clkload2/Y
 clkload3/Y
 clkload4/Y
 clkload5/Y
 clkload6/Y
Found 0 partially unannotated drivers.

===========================================================================
max slew violation count 0
max fanout violation count 0
max cap violation count 0
============================================================================

===========================================================================
check_setup -verbose -unconstrained_endpoints -multiple_clock -no_clock -no_input_delay -loops -generated_clocks
===========================================================================
Warning: There are 36 input ports missing set_input_delay.
  A_in[0]
  A_in[10]
  A_in[11]
  A_in[12]
  A_in[13]
  A_in[14]
  A_in[15]
  A_in[1]
  A_in[2]
  A_in[3]
  A_in[4]
  A_in[5]
  A_in[6]
  A_in[7]
  A_in[8]
  A_in[9]
  B_in[0]
  B_in[10]
  B_in[11]
  B_in[12]
  B_in[13]
  B_in[14]
  B_in[15]
  B_in[1]
  B_in[2]
  B_in[3]
  B_in[4]
  B_in[5]
  B_in[6]
  B_in[7]
  B_in[8]
  B_in[9]
  Op_Sel[0]
  Op_Sel[1]
  Start
  rst_n
Warning: There are 17 unconstrained endpoints.
  Done
  X_out[0]
  X_out[10]
  X_out[11]
  X_out[12]
  X_out[13]
  X_out[14]
  X_out[15]
  X_out[1]
  X_out[2]
  X_out[3]
  X_out[4]
  X_out[5]
  X_out[6]
  X_out[7]
  X_out[8]
  X_out[9]
