
===========================================================================
report_checks -unconstrained
===========================================================================
======================= min_ff_n40C_1v95 Corner ===================================

Startpoint: _3302_ (rising edge-triggered flip-flop clocked by clk)
Endpoint: _3237_ (rising edge-triggered flip-flop clocked by clk)
Path Group: clk
Path Type: max

Fanout         Cap        Slew       Delay        Time   Description
---------------------------------------------------------------------------------------------
                                  0.000000    0.000000   clock clk (rise edge)
                                  0.000000    0.000000   clock source latency
     2    0.041929    0.000000    0.000000    0.000000 ^ clk (in)
                                                         clk (net)
                      0.001621    0.000810    0.000810 ^ clkbuf_0_clk/A (sky130_fd_sc_hd__clkbuf_16)
    17    0.154985    0.129248    0.149222    0.150032 ^ clkbuf_0_clk/X (sky130_fd_sc_hd__clkbuf_16)
                                                         clknet_0_clk (net)
                      0.129543    0.004975    0.155007 ^ clkbuf_3_0__f_clk/A (sky130_fd_sc_hd__clkbuf_16)
    25    0.090672    0.082385    0.150531    0.305538 ^ clkbuf_3_0__f_clk/X (sky130_fd_sc_hd__clkbuf_16)
                                                         clknet_3_0__leaf_clk (net)
                      0.082486    0.001732    0.307270 ^ _3302_/CLK (sky130_fd_sc_hd__dfrtp_4)
     6    0.021994    0.060210    0.328889    0.636160 v _3302_/Q (sky130_fd_sc_hd__dfrtp_4)
                                                         B_reg[12] (net)
                      0.060210    0.000805    0.636964 v _1910_/C (sky130_fd_sc_hd__and3_1)
     3    0.007328    0.040572    0.137824    0.774788 v _1910_/X (sky130_fd_sc_hd__and3_1)
                                                         _1175_ (net)
                      0.040572    0.000083    0.774871 v _2300_/A (sky130_fd_sc_hd__or4_4)
     4    0.009643    0.064659    0.329230    1.104100 v _2300_/X (sky130_fd_sc_hd__or4_4)
                                                         _1553_ (net)
                      0.064659    0.000068    1.104168 v _2304_/A1 (sky130_fd_sc_hd__a21o_1)
     3    0.008178    0.039849    0.124576    1.228745 v _2304_/X (sky130_fd_sc_hd__a21o_1)
                                                         _1557_ (net)
                      0.039849    0.000099    1.228844 v _2307_/A2 (sky130_fd_sc_hd__a21oi_1)
     3    0.010802    0.190689    0.177880    1.406723 ^ _2307_/Y (sky130_fd_sc_hd__a21oi_1)
                                                         _1560_ (net)
                      0.190689    0.000046    1.406769 ^ _2311_/B (sky130_fd_sc_hd__xor2_1)
     3    0.010220    0.175529    0.163278    1.570047 ^ _2311_/X (sky130_fd_sc_hd__xor2_1)
                                                         _1564_ (net)
                      0.175529    0.000107    1.570154 ^ _2313_/A2 (sky130_fd_sc_hd__a21o_1)
     4    0.010724    0.075823    0.119726    1.689880 ^ _2313_/X (sky130_fd_sc_hd__a21o_1)
                                                         _1566_ (net)
                      0.075823    0.000121    1.690001 ^ _2318_/A1 (sky130_fd_sc_hd__a21oi_1)
     3    0.011283    0.063147    0.069546    1.759547 v _2318_/Y (sky130_fd_sc_hd__a21oi_1)
                                                         _1571_ (net)
                      0.063147    0.000104    1.759650 v _2321_/B (sky130_fd_sc_hd__or3_4)
     3    0.007257    0.048957    0.232141    1.991791 v _2321_/X (sky130_fd_sc_hd__or3_4)
                                                         _1574_ (net)
                      0.048957    0.000051    1.991842 v _2326_/A1 (sky130_fd_sc_hd__a21o_1)
     4    0.009752    0.044825    0.123507    2.115349 v _2326_/X (sky130_fd_sc_hd__a21o_1)
                                                         _1579_ (net)
                      0.044825    0.000086    2.115435 v _2328_/A (sky130_fd_sc_hd__and3_1)
     2    0.006333    0.037577    0.104319    2.219754 v _2328_/X (sky130_fd_sc_hd__and3_1)
                                                         _1581_ (net)
                      0.037577    0.000072    2.219826 v _2330_/A (sky130_fd_sc_hd__or3_4)
     3    0.007192    0.048912    0.235379    2.455205 v _2330_/X (sky130_fd_sc_hd__or3_4)
                                                         _1583_ (net)
                      0.048912    0.000083    2.455288 v _2334_/A1 (sky130_fd_sc_hd__a21o_1)
     4    0.010337    0.045752    0.125240    2.580528 v _2334_/X (sky130_fd_sc_hd__a21o_1)
                                                         _1587_ (net)
                      0.045752    0.000123    2.580651 v _2338_/A (sky130_fd_sc_hd__and3_1)
     2    0.005875    0.036243    0.103188    2.683839 v _2338_/X (sky130_fd_sc_hd__and3_1)
                                                         _1591_ (net)
                      0.036243    0.000072    2.683911 v _2345_/C (sky130_fd_sc_hd__or3_4)
     3    0.008408    0.050220    0.201056    2.884967 v _2345_/X (sky130_fd_sc_hd__or3_4)
                                                         _1598_ (net)
                      0.050220    0.000084    2.885051 v _2347_/A1 (sky130_fd_sc_hd__a21o_1)
     4    0.010232    0.045570    0.125455    3.010505 v _2347_/X (sky130_fd_sc_hd__a21o_1)
                                                         _1600_ (net)
                      0.045570    0.000124    3.010629 v _2348_/A2 (sky130_fd_sc_hd__a21oi_1)
     3    0.013498    0.222231    0.207202    3.217832 ^ _2348_/Y (sky130_fd_sc_hd__a21oi_1)
                                                         _1601_ (net)
                      0.222231    0.000208    3.218040 ^ _2349_/B (sky130_fd_sc_hd__xnor2_1)
     3    0.015573    0.101657    0.111412    3.329452 v _2349_/Y (sky130_fd_sc_hd__xnor2_1)
                                                         _1602_ (net)
                      0.101657    0.000165    3.329617 v _2355_/A2 (sky130_fd_sc_hd__a21o_1)
     4    0.009029    0.042554    0.155318    3.484935 v _2355_/X (sky130_fd_sc_hd__a21o_1)
                                                         _0109_ (net)
                      0.042554    0.000095    3.485030 v _2362_/B (sky130_fd_sc_hd__and3_1)
     2    0.006379    0.037723    0.117325    3.602355 v _2362_/X (sky130_fd_sc_hd__and3_1)
                                                         _0116_ (net)
                      0.037723    0.000096    3.602452 v _2364_/C (sky130_fd_sc_hd__or3_4)
     3    0.007599    0.049336    0.199977    3.802428 v _2364_/X (sky130_fd_sc_hd__or3_4)
                                                         _0118_ (net)
                      0.049336    0.000092    3.802520 v _2366_/A1 (sky130_fd_sc_hd__a21o_1)
     4    0.011075    0.047243    0.127515    3.930035 v _2366_/X (sky130_fd_sc_hd__a21o_1)
                                                         _0120_ (net)
                      0.047243    0.000165    3.930200 v _2369_/A1 (sky130_fd_sc_hd__a21oi_1)
     3    0.012516    0.208426    0.182412    4.112612 ^ _2369_/Y (sky130_fd_sc_hd__a21oi_1)
                                                         _0123_ (net)
                      0.208426    0.000107    4.112719 ^ _2373_/B (sky130_fd_sc_hd__xnor2_1)
     4    0.012454    0.216709    0.133316    4.246035 ^ _2373_/Y (sky130_fd_sc_hd__xnor2_1)
                                                         _0127_ (net)
                      0.216709    0.000095    4.246130 ^ _2378_/A2 (sky130_fd_sc_hd__a21o_1)
     4    0.010688    0.075740    0.121610    4.367741 ^ _2378_/X (sky130_fd_sc_hd__a21o_1)
                                                         _0132_ (net)
                      0.075740    0.000075    4.367815 ^ _2382_/A2 (sky130_fd_sc_hd__a21oi_1)
     3    0.011167    0.066624    0.073096    4.440912 v _2382_/Y (sky130_fd_sc_hd__a21oi_1)
                                                         _0136_ (net)
                      0.066645    0.000103    4.441015 v _2385_/B (sky130_fd_sc_hd__or3_4)
     3    0.008263    0.050059    0.235220    4.676235 v _2385_/X (sky130_fd_sc_hd__or3_4)
                                                         _0139_ (net)
                      0.050059    0.000071    4.676307 v _2387_/A1 (sky130_fd_sc_hd__a21o_1)
     4    0.012506    0.051163    0.131319    4.807626 v _2387_/X (sky130_fd_sc_hd__a21o_1)
                                                         _0141_ (net)
                      0.051163    0.000094    4.807720 v _2390_/A (sky130_fd_sc_hd__and3_1)
     3    0.010899    0.050261    0.120915    4.928635 v _2390_/X (sky130_fd_sc_hd__and3_1)
                                                         _0144_ (net)
                      0.050261    0.000096    4.928731 v _2392_/C (sky130_fd_sc_hd__or3_4)
     3    0.007661    0.049406    0.203643    5.132375 v _2392_/X (sky130_fd_sc_hd__or3_4)
                                                         _0146_ (net)
                      0.049406    0.000049    5.132424 v _2397_/A1 (sky130_fd_sc_hd__a21o_1)
     4    0.010435    0.045845    0.125770    5.258193 v _2397_/X (sky130_fd_sc_hd__a21o_1)
                                                         _0151_ (net)
                      0.045845    0.000060    5.258254 v _2406_/A (sky130_fd_sc_hd__and3_1)
     2    0.006184    0.037150    0.104228    5.362482 v _2406_/X (sky130_fd_sc_hd__and3_1)
                                                         _0160_ (net)
                      0.037150    0.000038    5.362520 v _2408_/C (sky130_fd_sc_hd__or3_4)
     3    0.008417    0.050229    0.201333    5.563853 v _2408_/X (sky130_fd_sc_hd__or3_4)
                                                         _0162_ (net)
                      0.050229    0.000056    5.563910 v _2410_/A1 (sky130_fd_sc_hd__a21o_1)
     3    0.006859    0.035841    0.115180    5.679090 v _2410_/X (sky130_fd_sc_hd__a21o_1)
                                                         _0164_ (net)
                      0.035841    0.000087    5.679176 v _2413_/A (sky130_fd_sc_hd__and3_1)
     2    0.005936    0.036424    0.099665    5.778841 v _2413_/X (sky130_fd_sc_hd__and3_1)
                                                         _0167_ (net)
                      0.036424    0.000048    5.778890 v _2415_/C (sky130_fd_sc_hd__or3_4)
     3    0.006654    0.048288    0.197873    5.976762 v _2415_/X (sky130_fd_sc_hd__or3_4)
                                                         _0169_ (net)
                      0.048288    0.000053    5.976816 v _2420_/A1 (sky130_fd_sc_hd__a21o_1)
     3    0.008627    0.041262    0.119827    6.096642 v _2420_/X (sky130_fd_sc_hd__a21o_1)
                                                         _0174_ (net)
                      0.041262    0.000069    6.096711 v _2423_/A1 (sky130_fd_sc_hd__a21o_1)
     2    0.008522    0.040956    0.116734    6.213446 v _2423_/X (sky130_fd_sc_hd__a21o_1)
                                                         _0177_ (net)
                      0.040956    0.000117    6.213563 v _2426_/B (sky130_fd_sc_hd__xnor2_1)
     1    0.003170    0.038905    0.080522    6.294085 v _2426_/Y (sky130_fd_sc_hd__xnor2_1)
                                                         _0179_ (net)
                      0.038905    0.000027    6.294111 v _2427_/A1 (sky130_fd_sc_hd__mux2_4)
     1    0.002901    0.035506    0.143703    6.437814 v _2427_/X (sky130_fd_sc_hd__mux2_4)
                                                         _0024_ (net)
                      0.035506    0.000033    6.437847 v _3237_/D (sky130_fd_sc_hd__dfrtp_4)
                                              6.437847   data arrival time

                                 10.500000   10.500000   clock clk (rise edge)
                                  0.000000   10.500000   clock source latency
     2    0.041929    0.000000    0.000000   10.500000 ^ clk (in)
                                                         clk (net)
                      0.001621    0.000810   10.500811 ^ clkbuf_0_clk/A (sky130_fd_sc_hd__clkbuf_16)
    17    0.154985    0.129248    0.149222   10.650032 ^ clkbuf_0_clk/X (sky130_fd_sc_hd__clkbuf_16)
                                                         clknet_0_clk (net)
                      0.129497    0.004579   10.654611 ^ clkbuf_3_3__f_clk/A (sky130_fd_sc_hd__clkbuf_16)
    35    0.094352    0.085075    0.152436   10.807047 ^ clkbuf_3_3__f_clk/X (sky130_fd_sc_hd__clkbuf_16)
                                                         clknet_3_3__leaf_clk (net)
                      0.085089    0.001143   10.808190 ^ _3237_/CLK (sky130_fd_sc_hd__dfrtp_4)
                                 -0.100000   10.708190   clock uncertainty
                                  0.000000   10.708190   clock reconvergence pessimism
                                 -0.068763   10.639427   library setup time
                                             10.639427   data required time
---------------------------------------------------------------------------------------------
                                             10.639427   data required time
                                             -6.437847   data arrival time
---------------------------------------------------------------------------------------------
                                              4.201581   slack (MET)




===========================================================================
report_checks --slack_max -0.01
============================================================================
======================= min_ff_n40C_1v95 Corner ===================================

No paths found.


===========================================================================
 report_check_types -max_slew -max_cap -max_fanout -violators
============================================================================
======================= min_ff_n40C_1v95 Corner ===================================



===========================================================================
report_parasitic_annotation -report_unannotated
============================================================================
Found 7 unannotated drivers.
 clkload0/Y
 clkload1/Y
 clkload2/Y
 clkload3/Y
 clkload4/Y
 clkload5/Y
 clkload6/Y
Found 0 partially unannotated drivers.

===========================================================================
max slew violation count 0
max fanout violation count 0
max cap violation count 0
============================================================================

===========================================================================
check_setup -verbose -unconstrained_endpoints -multiple_clock -no_clock -no_input_delay -loops -generated_clocks
===========================================================================
Warning: There are 36 input ports missing set_input_delay.
  A_in[0]
  A_in[10]
  A_in[11]
  A_in[12]
  A_in[13]
  A_in[14]
  A_in[15]
  A_in[1]
  A_in[2]
  A_in[3]
  A_in[4]
  A_in[5]
  A_in[6]
  A_in[7]
  A_in[8]
  A_in[9]
  B_in[0]
  B_in[10]
  B_in[11]
  B_in[12]
  B_in[13]
  B_in[14]
  B_in[15]
  B_in[1]
  B_in[2]
  B_in[3]
  B_in[4]
  B_in[5]
  B_in[6]
  B_in[7]
  B_in[8]
  B_in[9]
  Op_Sel[0]
  Op_Sel[1]
  Start
  rst_n
Warning: There are 17 unconstrained endpoints.
  Done
  X_out[0]
  X_out[10]
  X_out[11]
  X_out[12]
  X_out[13]
  X_out[14]
  X_out[15]
  X_out[1]
  X_out[2]
  X_out[3]
  X_out[4]
  X_out[5]
  X_out[6]
  X_out[7]
  X_out[8]
  X_out[9]
