
===========================================================================
report_checks -unconstrained
===========================================================================
======================= nom_tt_025C_1v80 Corner ===================================

Startpoint: _3302_ (rising edge-triggered flip-flop clocked by clk)
Endpoint: _3237_ (rising edge-triggered flip-flop clocked by clk)
Path Group: clk
Path Type: max

Fanout         Cap        Slew       Delay        Time   Description
---------------------------------------------------------------------------------------------
                                  0.000000    0.000000   clock clk (rise edge)
                                  0.000000    0.000000   clock source latency
     2    0.041219    0.000000    0.000000    0.000000 ^ clk (in)
                                                         clk (net)
                      0.002152    0.001076    0.001076 ^ clkbuf_0_clk/A (sky130_fd_sc_hd__clkbuf_16)
    17    0.163714    0.175772    0.211290    0.212366 ^ clkbuf_0_clk/X (sky130_fd_sc_hd__clkbuf_16)
                                                         clknet_0_clk (net)
                      0.176401    0.008485    0.220851 ^ clkbuf_3_0__f_clk/A (sky130_fd_sc_hd__clkbuf_16)
    25    0.092709    0.109316    0.224964    0.445815 ^ clkbuf_3_0__f_clk/X (sky130_fd_sc_hd__clkbuf_16)
                                                         clknet_3_0__leaf_clk (net)
                      0.109441    0.003307    0.449122 ^ _3302_/CLK (sky130_fd_sc_hd__dfrtp_4)
     6    0.023924    0.084733    0.528816    0.977938 v _3302_/Q (sky130_fd_sc_hd__dfrtp_4)
                                                         B_reg[12] (net)
                      0.084745    0.001457    0.979395 v _1910_/C (sky130_fd_sc_hd__and3_1)
     3    0.006958    0.054914    0.212490    1.191885 v _1910_/X (sky130_fd_sc_hd__and3_1)
                                                         _1175_ (net)
                      0.054914    0.000189    1.192075 v _2300_/A (sky130_fd_sc_hd__or4_4)
     4    0.009598    0.093385    0.547357    1.739432 v _2300_/X (sky130_fd_sc_hd__or4_4)
                                                         _1553_ (net)
                      0.093385    0.000201    1.739633 v _2304_/A1 (sky130_fd_sc_hd__a21o_1)
     3    0.007647    0.054011    0.192552    1.932185 v _2304_/X (sky130_fd_sc_hd__a21o_1)
                                                         _1557_ (net)
                      0.054011    0.000185    1.932370 v _2307_/A2 (sky130_fd_sc_hd__a21oi_1)
     3    0.011168    0.260618    0.257707    2.190077 ^ _2307_/Y (sky130_fd_sc_hd__a21oi_1)
                                                         _1560_ (net)
                      0.260618    0.000182    2.190259 ^ _2311_/B (sky130_fd_sc_hd__xor2_1)
     3    0.011095    0.259001    0.281216    2.471476 ^ _2311_/X (sky130_fd_sc_hd__xor2_1)
                                                         _1564_ (net)
                      0.259001    0.000234    2.471709 ^ _2313_/A2 (sky130_fd_sc_hd__a21o_1)
     4    0.010593    0.100209    0.204154    2.675863 ^ _2313_/X (sky130_fd_sc_hd__a21o_1)
                                                         _1566_ (net)
                      0.100209    0.000262    2.676125 ^ _2318_/A1 (sky130_fd_sc_hd__a21oi_1)
     3    0.011037    0.095249    0.116090    2.792215 v _2318_/Y (sky130_fd_sc_hd__a21oi_1)
                                                         _1571_ (net)
                      0.095249    0.000248    2.792463 v _2321_/B (sky130_fd_sc_hd__or3_4)
     3    0.008875    0.072849    0.391066    3.183529 v _2321_/X (sky130_fd_sc_hd__or3_4)
                                                         _1574_ (net)
                      0.072849    0.000279    3.183808 v _2326_/A1 (sky130_fd_sc_hd__a21o_1)
     4    0.010609    0.064890    0.196401    3.380209 v _2326_/X (sky130_fd_sc_hd__a21o_1)
                                                         _1579_ (net)
                      0.064890    0.000264    3.380473 v _2328_/B (sky130_fd_sc_hd__and3_1)
     2    0.006054    0.050794    0.183697    3.564170 v _2328_/X (sky130_fd_sc_hd__and3_1)
                                                         _1581_ (net)
                      0.050794    0.000161    3.564330 v _2330_/A (sky130_fd_sc_hd__or3_4)
     3    0.007093    0.070168    0.388290    3.952621 v _2330_/X (sky130_fd_sc_hd__or3_4)
                                                         _1583_ (net)
                      0.070168    0.000171    3.952791 v _2334_/A1 (sky130_fd_sc_hd__a21o_1)
     3    0.007007    0.051085    0.180062    4.132853 v _2334_/X (sky130_fd_sc_hd__a21o_1)
                                                         _1587_ (net)
                      0.051085    0.000176    4.133029 v _2337_/A1 (sky130_fd_sc_hd__a21oi_1)
     3    0.012658    0.289034    0.258499    4.391529 ^ _2337_/Y (sky130_fd_sc_hd__a21oi_1)
                                                         _1590_ (net)
                      0.289034    0.000287    4.391816 ^ _2346_/B (sky130_fd_sc_hd__xnor2_1)
     3    0.015423    0.137674    0.194702    4.586518 v _2346_/Y (sky130_fd_sc_hd__xnor2_1)
                                                         _1599_ (net)
                      0.137674    0.000287    4.586805 v _2347_/A2 (sky130_fd_sc_hd__a21o_1)
     3    0.008694    0.058355    0.235391    4.822196 v _2347_/X (sky130_fd_sc_hd__a21o_1)
                                                         _1600_ (net)
                      0.058355    0.000243    4.822440 v _2348_/A2 (sky130_fd_sc_hd__a21oi_1)
     3    0.013406    0.303538    0.290968    5.113408 ^ _2348_/Y (sky130_fd_sc_hd__a21oi_1)
                                                         _1601_ (net)
                      0.303539    0.000393    5.113801 ^ _2349_/B (sky130_fd_sc_hd__xnor2_1)
     3    0.016709    0.391325    0.264017    5.377818 ^ _2349_/Y (sky130_fd_sc_hd__xnor2_1)
                                                         _1602_ (net)
                      0.391325    0.000358    5.378175 ^ _2355_/A2 (sky130_fd_sc_hd__a21o_1)
     4    0.009378    0.090964    0.215601    5.593777 ^ _2355_/X (sky130_fd_sc_hd__a21o_1)
                                                         _0109_ (net)
                      0.090964    0.000207    5.593984 ^ _2360_/A1 (sky130_fd_sc_hd__a21oi_1)
     3    0.012843    0.108007    0.122170    5.716155 v _2360_/Y (sky130_fd_sc_hd__a21oi_1)
                                                         _0114_ (net)
                      0.108007    0.000330    5.716485 v _2364_/B (sky130_fd_sc_hd__or3_4)
     3    0.007499    0.070714    0.391573    6.108058 v _2364_/X (sky130_fd_sc_hd__or3_4)
                                                         _0118_ (net)
                      0.070714    0.000206    6.108264 v _2366_/A1 (sky130_fd_sc_hd__a21o_1)
     4    0.011070    0.066745    0.197118    6.305382 v _2366_/X (sky130_fd_sc_hd__a21o_1)
                                                         _0120_ (net)
                      0.066746    0.000366    6.305748 v _2369_/A1 (sky130_fd_sc_hd__a21oi_1)
     3    0.012507    0.286215    0.262719    6.568466 ^ _2369_/Y (sky130_fd_sc_hd__a21oi_1)
                                                         _0123_ (net)
                      0.286215    0.000195    6.568661 ^ _2373_/B (sky130_fd_sc_hd__xnor2_1)
     4    0.012925    0.314903    0.234066    6.802728 ^ _2373_/Y (sky130_fd_sc_hd__xnor2_1)
                                                         _0127_ (net)
                      0.314903    0.000292    6.803019 ^ _2378_/A2 (sky130_fd_sc_hd__a21o_1)
     4    0.010706    0.101409    0.214014    7.017033 ^ _2378_/X (sky130_fd_sc_hd__a21o_1)
                                                         _0132_ (net)
                      0.101409    0.000250    7.017283 ^ _2382_/A2 (sky130_fd_sc_hd__a21oi_1)
     3    0.012782    0.108562    0.128578    7.145862 v _2382_/Y (sky130_fd_sc_hd__a21oi_1)
                                                         _0136_ (net)
                      0.108562    0.000365    7.146226 v _2385_/B (sky130_fd_sc_hd__or3_4)
     3    0.008362    0.072078    0.394406    7.540632 v _2385_/X (sky130_fd_sc_hd__or3_4)
                                                         _0139_ (net)
                      0.072078    0.000187    7.540820 v _2387_/A1 (sky130_fd_sc_hd__a21o_1)
     4    0.012280    0.071566    0.202083    7.742903 v _2387_/X (sky130_fd_sc_hd__a21o_1)
                                                         _0141_ (net)
                      0.071566    0.000176    7.743078 v _2390_/A (sky130_fd_sc_hd__and3_1)
     3    0.011220    0.071981    0.188422    7.931500 v _2390_/X (sky130_fd_sc_hd__and3_1)
                                                         _0144_ (net)
                      0.071981    0.000339    7.931839 v _2392_/C (sky130_fd_sc_hd__or3_4)
     3    0.006956    0.069794    0.338677    8.270516 v _2392_/X (sky130_fd_sc_hd__or3_4)
                                                         _0146_ (net)
                      0.069794    0.000169    8.270685 v _2397_/A1 (sky130_fd_sc_hd__a21o_1)
     4    0.010748    0.065430    0.195661    8.466346 v _2397_/X (sky130_fd_sc_hd__a21o_1)
                                                         _0151_ (net)
                      0.065430    0.000205    8.466551 v _2406_/A (sky130_fd_sc_hd__and3_1)
     2    0.006461    0.052613    0.165593    8.632144 v _2406_/X (sky130_fd_sc_hd__and3_1)
                                                         _0160_ (net)
                      0.052613    0.000166    8.632310 v _2408_/C (sky130_fd_sc_hd__or3_4)
     3    0.008246    0.071860    0.336184    8.968493 v _2408_/X (sky130_fd_sc_hd__or3_4)
                                                         _0162_ (net)
                      0.071860    0.000161    8.968655 v _2410_/A1 (sky130_fd_sc_hd__a21o_1)
     3    0.007130    0.051653    0.181313    9.149967 v _2410_/X (sky130_fd_sc_hd__a21o_1)
                                                         _0164_ (net)
                      0.051653    0.000171    9.150138 v _2413_/A (sky130_fd_sc_hd__and3_1)
     2    0.005939    0.050262    0.157067    9.307205 v _2413_/X (sky130_fd_sc_hd__and3_1)
                                                         _0167_ (net)
                      0.050262    0.000101    9.307306 v _2415_/C (sky130_fd_sc_hd__or3_4)
     3    0.006937    0.069876    0.331585    9.638891 v _2415_/X (sky130_fd_sc_hd__or3_4)
                                                         _0169_ (net)
                      0.069876    0.000169    9.639060 v _2420_/A1 (sky130_fd_sc_hd__a21o_1)
     4    0.011631    0.068948    0.198874    9.837934 v _2420_/X (sky130_fd_sc_hd__a21o_1)
                                                         _0174_ (net)
                      0.068948    0.000206    9.838140 v _2423_/A1 (sky130_fd_sc_hd__a21o_1)
     2    0.008490    0.057828    0.186254   10.024393 v _2423_/X (sky130_fd_sc_hd__a21o_1)
                                                         _0177_ (net)
                      0.057828    0.000258   10.024652 v _2426_/B (sky130_fd_sc_hd__xnor2_1)
     1    0.003618    0.059525    0.127311   10.151962 v _2426_/Y (sky130_fd_sc_hd__xnor2_1)
                                                         _0179_ (net)
                      0.059525    0.000107   10.152070 v _2427_/A1 (sky130_fd_sc_hd__mux2_4)
     1    0.002837    0.047767    0.255317   10.407387 v _2427_/X (sky130_fd_sc_hd__mux2_4)
                                                         _0024_ (net)
                      0.047767    0.000086   10.407473 v _3237_/D (sky130_fd_sc_hd__dfrtp_4)
                                             10.407473   data arrival time

                                 11.000000   11.000000   clock clk (rise edge)
                                  0.000000   11.000000   clock source latency
     2    0.041219    0.000000    0.000000   11.000000 ^ clk (in)
                                                         clk (net)
                      0.002152    0.001076   11.001077 ^ clkbuf_0_clk/A (sky130_fd_sc_hd__clkbuf_16)
    17    0.163714    0.175772    0.211290   11.212366 ^ clkbuf_0_clk/X (sky130_fd_sc_hd__clkbuf_16)
                                                         clknet_0_clk (net)
                      0.176362    0.008224   11.220590 ^ clkbuf_3_3__f_clk/A (sky130_fd_sc_hd__clkbuf_16)
    35    0.098334    0.114634    0.228884   11.449474 ^ clkbuf_3_3__f_clk/X (sky130_fd_sc_hd__clkbuf_16)
                                                         clknet_3_3__leaf_clk (net)
                      0.114692    0.002420   11.451895 ^ _3237_/CLK (sky130_fd_sc_hd__dfrtp_4)
                                 -0.100000   11.351895   clock uncertainty
                                  0.000000   11.351895   clock reconvergence pessimism
                                 -0.099529   11.252365   library setup time
                                             11.252365   data required time
---------------------------------------------------------------------------------------------
                                             11.252365   data required time
                                            -10.407473   data arrival time
---------------------------------------------------------------------------------------------
                                              0.844893   slack (MET)




===========================================================================
report_checks --slack_max -0.01
============================================================================
======================= nom_tt_025C_1v80 Corner ===================================

No paths found.


===========================================================================
 report_check_types -max_slew -max_cap -max_fanout -violators
============================================================================
======================= nom_tt_025C_1v80 Corner ===================================



===========================================================================
report_parasitic_annotation -report_unannotated
============================================================================
Found 7 unannotated drivers.
 clkload0/Y
 clkload1/Y
 clkload2/Y
 clkload3/Y
 clkload4/Y
 clkload5/Y
 clkload6/Y
Found 0 partially unannotated drivers.

===========================================================================
max slew violation count 0
max fanout violation count 0
max cap violation count 0
============================================================================

===========================================================================
check_setup -verbose -unconstrained_endpoints -multiple_clock -no_clock -no_input_delay -loops -generated_clocks
===========================================================================
Warning: There are 36 input ports missing set_input_delay.
  A_in[0]
  A_in[10]
  A_in[11]
  A_in[12]
  A_in[13]
  A_in[14]
  A_in[15]
  A_in[1]
  A_in[2]
  A_in[3]
  A_in[4]
  A_in[5]
  A_in[6]
  A_in[7]
  A_in[8]
  A_in[9]
  B_in[0]
  B_in[10]
  B_in[11]
  B_in[12]
  B_in[13]
  B_in[14]
  B_in[15]
  B_in[1]
  B_in[2]
  B_in[3]
  B_in[4]
  B_in[5]
  B_in[6]
  B_in[7]
  B_in[8]
  B_in[9]
  Op_Sel[0]
  Op_Sel[1]
  Start
  rst_n
Warning: There are 17 unconstrained endpoints.
  Done
  X_out[0]
  X_out[10]
  X_out[11]
  X_out[12]
  X_out[13]
  X_out[14]
  X_out[15]
  X_out[1]
  X_out[2]
  X_out[3]
  X_out[4]
  X_out[5]
  X_out[6]
  X_out[7]
  X_out[8]
  X_out[9]
