
===========================================================================
report_checks -unconstrained
===========================================================================
======================= max_ff_n40C_1v95 Corner ===================================

Startpoint: _3302_ (rising edge-triggered flip-flop clocked by clk)
Endpoint: _3237_ (rising edge-triggered flip-flop clocked by clk)
Path Group: clk
Path Type: max

Fanout         Cap        Slew       Delay        Time   Description
---------------------------------------------------------------------------------------------
                                  0.000000    0.000000   clock clk (rise edge)
                                  0.000000    0.000000   clock source latency
     2    0.042110    0.000000    0.000000    0.000000 ^ clk (in)
                                                         clk (net)
                      0.003032    0.001516    0.001516 ^ clkbuf_0_clk/A (sky130_fd_sc_hd__clkbuf_16)
    17    0.172903    0.143242    0.153398    0.154914 ^ clkbuf_0_clk/X (sky130_fd_sc_hd__clkbuf_16)
                                                         clknet_0_clk (net)
                      0.145923    0.015550    0.170464 ^ clkbuf_3_0__f_clk/A (sky130_fd_sc_hd__clkbuf_16)
    25    0.098942    0.089160    0.155244    0.325707 ^ clkbuf_3_0__f_clk/X (sky130_fd_sc_hd__clkbuf_16)
                                                         clknet_3_0__leaf_clk (net)
                      0.089865    0.006318    0.332025 ^ _3302_/CLK (sky130_fd_sc_hd__dfrtp_4)
     6    0.026155    0.063513    0.335015    0.667041 v _3302_/Q (sky130_fd_sc_hd__dfrtp_4)
                                                         B_reg[12] (net)
                      0.063713    0.002535    0.669576 v _1910_/C (sky130_fd_sc_hd__and3_1)
     3    0.007559    0.041439    0.139811    0.809387 v _1910_/X (sky130_fd_sc_hd__and3_1)
                                                         _1175_ (net)
                      0.041445    0.000514    0.809901 v _2300_/A (sky130_fd_sc_hd__or4_4)
     4    0.009673    0.064756    0.329458    1.139359 v _2300_/X (sky130_fd_sc_hd__or4_4)
                                                         _1553_ (net)
                      0.064756    0.000548    1.139907 v _2304_/A1 (sky130_fd_sc_hd__a21o_1)
     3    0.007744    0.038628    0.123111    1.263018 v _2304_/X (sky130_fd_sc_hd__a21o_1)
                                                         _1557_ (net)
                      0.038633    0.000435    1.263453 v _2307_/A2 (sky130_fd_sc_hd__a21oi_1)
     3    0.010730    0.183891    0.176482    1.439934 ^ _2307_/Y (sky130_fd_sc_hd__a21oi_1)
                                                         _1560_ (net)
                      0.183892    0.000378    1.440313 ^ _2311_/B (sky130_fd_sc_hd__xor2_1)
     3    0.011875    0.197412    0.179041    1.619354 ^ _2311_/X (sky130_fd_sc_hd__xor2_1)
                                                         _1564_ (net)
                      0.197416    0.000777    1.620131 ^ _2313_/A2 (sky130_fd_sc_hd__a21o_1)
     4    0.011220    0.079024    0.122776    1.742906 ^ _2313_/X (sky130_fd_sc_hd__a21o_1)
                                                         _1566_ (net)
                      0.079027    0.000603    1.743509 ^ _2318_/A1 (sky130_fd_sc_hd__a21oi_1)
     3    0.011585    0.065919    0.070946    1.814455 v _2318_/Y (sky130_fd_sc_hd__a21oi_1)
                                                         _1571_ (net)
                      0.065928    0.000636    1.815091 v _2321_/B (sky130_fd_sc_hd__or3_4)
     2    0.007250    0.048979    0.233044    2.048135 v _2321_/X (sky130_fd_sc_hd__or3_4)
                                                         _1574_ (net)
                      0.048980    0.000441    2.048576 v _2326_/A1 (sky130_fd_sc_hd__a21o_1)
     4    0.011313    0.047940    0.127569    2.176144 v _2326_/X (sky130_fd_sc_hd__a21o_1)
                                                         _1579_ (net)
                      0.047961    0.000931    2.177075 v rebuffer9/A (sky130_fd_sc_hd__buf_1)
     1    0.002393    0.017163    0.061910    2.238985 v rebuffer9/X (sky130_fd_sc_hd__buf_1)
                                                         net62 (net)
                      0.017164    0.000111    2.239096 v _2327_/A2 (sky130_fd_sc_hd__a21oi_1)
     3    0.012146    0.203790    0.182544    2.421640 ^ _2327_/Y (sky130_fd_sc_hd__a21oi_1)
                                                         _1580_ (net)
                      0.203794    0.000697    2.422337 ^ _2331_/B (sky130_fd_sc_hd__xnor2_1)
     3    0.013473    0.231352    0.138630    2.560967 ^ _2331_/Y (sky130_fd_sc_hd__xnor2_1)
                                                         _1584_ (net)
                      0.231355    0.000690    2.561657 ^ _2334_/A2 (sky130_fd_sc_hd__a21o_1)
     3    0.007664    0.057738    0.108309    2.669966 ^ _2334_/X (sky130_fd_sc_hd__a21o_1)
                                                         _1587_ (net)
                      0.057740    0.000460    2.670426 ^ _2337_/A1 (sky130_fd_sc_hd__a21oi_1)
     3    0.011692    0.068310    0.066542    2.736968 v _2337_/Y (sky130_fd_sc_hd__a21oi_1)
                                                         _1590_ (net)
                      0.068323    0.000758    2.737726 v _2345_/B (sky130_fd_sc_hd__or3_4)
     3    0.008614    0.050467    0.236398    2.974124 v _2345_/X (sky130_fd_sc_hd__or3_4)
                                                         _1598_ (net)
                      0.050467    0.000330    2.974454 v _2347_/A1 (sky130_fd_sc_hd__a21o_1)
     4    0.012066    0.050011    0.130004    3.104458 v _2347_/X (sky130_fd_sc_hd__a21o_1)
                                                         _1600_ (net)
                      0.050031    0.000943    3.105401 v _2348_/A2 (sky130_fd_sc_hd__a21oi_1)
     3    0.014331    0.233848    0.216895    3.322296 ^ _2348_/Y (sky130_fd_sc_hd__a21oi_1)
                                                         _1601_ (net)
                      0.233853    0.000911    3.323207 ^ _2349_/B (sky130_fd_sc_hd__xnor2_1)
     3    0.011854    0.208207    0.129872    3.453079 ^ _2349_/Y (sky130_fd_sc_hd__xnor2_1)
                                                         _1602_ (net)
                      0.208210    0.000659    3.453738 ^ _2355_/A2 (sky130_fd_sc_hd__a21o_1)
     4    0.011677    0.081947    0.125262    3.579000 ^ _2355_/X (sky130_fd_sc_hd__a21o_1)
                                                         _0109_ (net)
                      0.081950    0.000644    3.579645 ^ _2360_/A1 (sky130_fd_sc_hd__a21oi_1)
     3    0.011540    0.067693    0.071371    3.651016 v _2360_/Y (sky130_fd_sc_hd__a21oi_1)
                                                         _0114_ (net)
                      0.067705    0.000737    3.651753 v _2364_/B (sky130_fd_sc_hd__or3_4)
     3    0.008707    0.050600    0.236285    3.888038 v _2364_/X (sky130_fd_sc_hd__or3_4)
                                                         _0118_ (net)
                      0.050600    0.000594    3.888633 v _2366_/A1 (sky130_fd_sc_hd__a21o_1)
     4    0.010925    0.046845    0.127368    4.016001 v _2366_/X (sky130_fd_sc_hd__a21o_1)
                                                         _0120_ (net)
                      0.046852    0.000579    4.016580 v _2370_/A (sky130_fd_sc_hd__and3_1)
     2    0.005409    0.034960    0.101972    4.118551 v _2370_/X (sky130_fd_sc_hd__and3_1)
                                                         _0124_ (net)
                      0.034963    0.000322    4.118874 v _2372_/C (sky130_fd_sc_hd__or3_4)
     3    0.009082    0.051006    0.201824    4.320698 v _2372_/X (sky130_fd_sc_hd__or3_4)
                                                         _0126_ (net)
                      0.051006    0.000536    4.321234 v _2378_/A1 (sky130_fd_sc_hd__a21o_1)
     4    0.010911    0.046824    0.127407    4.448641 v _2378_/X (sky130_fd_sc_hd__a21o_1)
                                                         _0132_ (net)
                      0.046835    0.000713    4.449354 v _2382_/A2 (sky130_fd_sc_hd__a21oi_1)
     3    0.013361    0.220379    0.205928    4.655282 ^ _2382_/Y (sky130_fd_sc_hd__a21oi_1)
                                                         _0136_ (net)
                      0.220384    0.000829    4.656111 ^ _2386_/B (sky130_fd_sc_hd__xnor2_1)
     3    0.011161    0.081920    0.089776    4.745887 v _2386_/Y (sky130_fd_sc_hd__xnor2_1)
                                                         _0140_ (net)
                      0.081924    0.000445    4.746332 v _2387_/A2 (sky130_fd_sc_hd__a21o_1)
     4    0.012983    0.052639    0.159272    4.905603 v _2387_/X (sky130_fd_sc_hd__a21o_1)
                                                         _0141_ (net)
                      0.052641    0.000400    4.906004 v _2390_/A (sky130_fd_sc_hd__and3_1)
     3    0.012770    0.055643    0.125985    5.031989 v _2390_/X (sky130_fd_sc_hd__and3_1)
                                                         _0144_ (net)
                      0.055647    0.000554    5.032543 v _2392_/C (sky130_fd_sc_hd__or3_4)
     3    0.007324    0.049097    0.204644    5.237187 v _2392_/X (sky130_fd_sc_hd__or3_4)
                                                         _0146_ (net)
                      0.049097    0.000413    5.237601 v _2397_/A1 (sky130_fd_sc_hd__a21o_1)
     4    0.011176    0.047523    0.127466    5.365067 v _2397_/X (sky130_fd_sc_hd__a21o_1)
                                                         _0151_ (net)
                      0.047528    0.000524    5.365591 v _2406_/A (sky130_fd_sc_hd__and3_1)
     2    0.006751    0.038935    0.106483    5.472074 v _2406_/X (sky130_fd_sc_hd__and3_1)
                                                         _0160_ (net)
                      0.038938    0.000388    5.472462 v _2408_/C (sky130_fd_sc_hd__or3_4)
     3    0.007514    0.049264    0.200114    5.672575 v _2408_/X (sky130_fd_sc_hd__or3_4)
                                                         _0162_ (net)
                      0.049264    0.000351    5.672926 v _2410_/A1 (sky130_fd_sc_hd__a21o_1)
     3    0.007811    0.038874    0.117484    5.790411 v _2410_/X (sky130_fd_sc_hd__a21o_1)
                                                         _0164_ (net)
                      0.038880    0.000472    5.790882 v _2412_/A2 (sky130_fd_sc_hd__a21oi_1)
     3    0.012154    0.203715    0.190795    5.981678 ^ _2412_/Y (sky130_fd_sc_hd__a21oi_1)
                                                         _0166_ (net)
                      0.203719    0.000699    5.982377 ^ _2416_/B (sky130_fd_sc_hd__xnor2_1)
     3    0.010920    0.078104    0.086966    6.069344 v _2416_/Y (sky130_fd_sc_hd__xnor2_1)
                                                         _0170_ (net)
                      0.078110    0.000608    6.069952 v _2420_/A2 (sky130_fd_sc_hd__a21o_1)
     4    0.012284    0.050588    0.156230    6.226182 v _2420_/X (sky130_fd_sc_hd__a21o_1)
                                                         _0174_ (net)
                      0.050596    0.000625    6.226806 v _2423_/A1 (sky130_fd_sc_hd__a21o_1)
     2    0.008898    0.042346    0.121203    6.348010 v _2423_/X (sky130_fd_sc_hd__a21o_1)
                                                         _0177_ (net)
                      0.042356    0.000630    6.348639 v _2426_/B (sky130_fd_sc_hd__xnor2_1)
     1    0.003426    0.040636    0.081978    6.430617 v _2426_/Y (sky130_fd_sc_hd__xnor2_1)
                                                         _0179_ (net)
                      0.040636    0.000146    6.430764 v _2427_/A1 (sky130_fd_sc_hd__mux2_4)
     1    0.003137    0.035885    0.144777    6.575540 v _2427_/X (sky130_fd_sc_hd__mux2_4)
                                                         _0024_ (net)
                      0.035886    0.000208    6.575748 v _3237_/D (sky130_fd_sc_hd__dfrtp_4)
                                              6.575748   data arrival time

                                 15.000000   15.000000   clock clk (rise edge)
                                  0.000000   15.000000   clock source latency
     2    0.042110    0.000000    0.000000   15.000000 ^ clk (in)
                                                         clk (net)
                      0.003032    0.001515   15.001515 ^ clkbuf_0_clk/A (sky130_fd_sc_hd__clkbuf_16)
    17    0.172903    0.143242    0.153399   15.154914 ^ clkbuf_0_clk/X (sky130_fd_sc_hd__clkbuf_16)
                                                         clknet_0_clk (net)
                      0.145741    0.015023   15.169937 ^ clkbuf_3_3__f_clk/A (sky130_fd_sc_hd__clkbuf_16)
    35    0.101736    0.091216    0.155355   15.325292 ^ clkbuf_3_3__f_clk/X (sky130_fd_sc_hd__clkbuf_16)
                                                         clknet_3_3__leaf_clk (net)
                      0.092123    0.007260   15.332552 ^ _3237_/CLK (sky130_fd_sc_hd__dfrtp_4)
                                 -0.100000   15.232552   clock uncertainty
                                  0.000000   15.232552   clock reconvergence pessimism
                                 -0.068237   15.164314   library setup time
                                             15.164314   data required time
---------------------------------------------------------------------------------------------
                                             15.164314   data required time
                                             -6.575748   data arrival time
---------------------------------------------------------------------------------------------
                                              8.588567   slack (MET)




===========================================================================
report_checks --slack_max -0.01
============================================================================
======================= max_ff_n40C_1v95 Corner ===================================

No paths found.


===========================================================================
 report_check_types -max_slew -max_cap -max_fanout -violators
============================================================================
======================= max_ff_n40C_1v95 Corner ===================================



===========================================================================
report_parasitic_annotation -report_unannotated
============================================================================
Found 7 unannotated drivers.
 clkload0/Y
 clkload1/Y
 clkload2/Y
 clkload3/Y
 clkload4/Y
 clkload5/Y
 clkload6/Y
Found 0 partially unannotated drivers.

===========================================================================
max slew violation count 0
max fanout violation count 0
max cap violation count 0
============================================================================

===========================================================================
check_setup -verbose -unconstrained_endpoints -multiple_clock -no_clock -no_input_delay -loops -generated_clocks
===========================================================================
Warning: There are 36 input ports missing set_input_delay.
  A_in[0]
  A_in[10]
  A_in[11]
  A_in[12]
  A_in[13]
  A_in[14]
  A_in[15]
  A_in[1]
  A_in[2]
  A_in[3]
  A_in[4]
  A_in[5]
  A_in[6]
  A_in[7]
  A_in[8]
  A_in[9]
  B_in[0]
  B_in[10]
  B_in[11]
  B_in[12]
  B_in[13]
  B_in[14]
  B_in[15]
  B_in[1]
  B_in[2]
  B_in[3]
  B_in[4]
  B_in[5]
  B_in[6]
  B_in[7]
  B_in[8]
  B_in[9]
  Op_Sel[0]
  Op_Sel[1]
  Start
  rst_n
Warning: There are 17 unconstrained endpoints.
  Done
  X_out[0]
  X_out[10]
  X_out[11]
  X_out[12]
  X_out[13]
  X_out[14]
  X_out[15]
  X_out[1]
  X_out[2]
  X_out[3]
  X_out[4]
  X_out[5]
  X_out[6]
  X_out[7]
  X_out[8]
  X_out[9]
