
===========================================================================
report_checks -unconstrained
===========================================================================
======================= nom_tt_025C_1v80 Corner ===================================

Startpoint: _3302_ (rising edge-triggered flip-flop clocked by clk)
Endpoint: _3238_ (rising edge-triggered flip-flop clocked by clk)
Path Group: clk
Path Type: max

Fanout         Cap        Slew       Delay        Time   Description
---------------------------------------------------------------------------------------------
                                  0.000000    0.000000   clock clk (rise edge)
                                  0.000000    0.000000   clock source latency
     2    0.030799    0.000000    0.000000    0.000000 ^ clk (in)
                                                         clk (net)
                      0.001910    0.000955    0.000955 ^ clkbuf_0_clk/A (sky130_fd_sc_hd__clkbuf_16)
    17    0.136418    0.149536    0.193090    0.194045 ^ clkbuf_0_clk/X (sky130_fd_sc_hd__clkbuf_16)
                                                         clknet_0_clk (net)
                      0.150133    0.007584    0.201629 ^ clkbuf_3_0__f_clk/A (sky130_fd_sc_hd__clkbuf_16)
    25    0.077299    0.094542    0.205451    0.407081 ^ clkbuf_3_0__f_clk/X (sky130_fd_sc_hd__clkbuf_16)
                                                         clknet_3_0__leaf_clk (net)
                      0.094802    0.003542    0.410623 ^ _3302_/CLK (sky130_fd_sc_hd__dfrtp_4)
    15    0.046964    0.117286    0.562505    0.973127 v _3302_/Q (sky130_fd_sc_hd__dfrtp_4)
                                                         B_reg[12] (net)
                      0.117342    0.002379    0.975506 v _1910_/C (sky130_fd_sc_hd__and3_1)
     3    0.006430    0.052502    0.224816    1.200323 v _1910_/X (sky130_fd_sc_hd__and3_1)
                                                         _1175_ (net)
                      0.052502    0.000112    1.200435 v _2300_/B (sky130_fd_sc_hd__or4_1)
     4    0.009632    0.126398    0.559341    1.759776 v _2300_/X (sky130_fd_sc_hd__or4_1)
                                                         _1553_ (net)
                      0.126398    0.000268    1.760044 v _2304_/A2 (sky130_fd_sc_hd__a21o_1)
     3    0.007598    0.053822    0.226254    1.986299 v _2304_/X (sky130_fd_sc_hd__a21o_1)
                                                         _1557_ (net)
                      0.053822    0.000163    1.986462 v _2307_/A2 (sky130_fd_sc_hd__a21oi_1)
     3    0.011122    0.259741    0.256938    2.243400 ^ _2307_/Y (sky130_fd_sc_hd__a21oi_1)
                                                         _1560_ (net)
                      0.259741    0.000256    2.243656 ^ _2311_/B (sky130_fd_sc_hd__xor2_1)
     3    0.010810    0.253799    0.277273    2.520929 ^ _2311_/X (sky130_fd_sc_hd__xor2_1)
                                                         _1564_ (net)
                      0.253800    0.000312    2.521240 ^ _2313_/A2 (sky130_fd_sc_hd__a21o_1)
     4    0.011843    0.110460    0.210369    2.731609 ^ _2313_/X (sky130_fd_sc_hd__a21o_1)
                                                         _1566_ (net)
                      0.110460    0.000340    2.731949 ^ _2318_/A1 (sky130_fd_sc_hd__a21oi_1)
     3    0.011964    0.101495    0.124357    2.856307 v _2318_/Y (sky130_fd_sc_hd__a21oi_1)
                                                         _1571_ (net)
                      0.101495    0.000224    2.856531 v _2321_/B (sky130_fd_sc_hd__or3_1)
     3    0.008440    0.096522    0.401766    3.258297 v _2321_/X (sky130_fd_sc_hd__or3_1)
                                                         _1574_ (net)
                      0.096522    0.000181    3.258478 v _2326_/A1 (sky130_fd_sc_hd__a21o_1)
     4    0.010893    0.066051    0.207136    3.465614 v _2326_/X (sky130_fd_sc_hd__a21o_1)
                                                         _1579_ (net)
                      0.066051    0.000293    3.465907 v _2328_/C (sky130_fd_sc_hd__and3_1)
     2    0.005438    0.048045    0.196535    3.662442 v _2328_/X (sky130_fd_sc_hd__and3_1)
                                                         _1581_ (net)
                      0.048045    0.000152    3.662594 v _2330_/C (sky130_fd_sc_hd__or3_2)
     4    0.013131    0.110730    0.461853    4.124447 v _2330_/X (sky130_fd_sc_hd__or3_2)
                                                         _1583_ (net)
                      0.110730    0.000375    4.124822 v _2334_/A1 (sky130_fd_sc_hd__a21o_1)
     5    0.014629    0.081116    0.226382    4.351204 v _2334_/X (sky130_fd_sc_hd__a21o_1)
                                                         _1587_ (net)
                      0.081116    0.000299    4.351504 v _2338_/B (sky130_fd_sc_hd__and3_1)
     2    0.005490    0.048301    0.188290    4.539793 v _2338_/X (sky130_fd_sc_hd__and3_1)
                                                         _1591_ (net)
                      0.048301    0.000156    4.539949 v _2345_/C (sky130_fd_sc_hd__or3_1)
     3    0.008124    0.095640    0.344227    4.884176 v _2345_/X (sky130_fd_sc_hd__or3_1)
                                                         _1598_ (net)
                      0.095640    0.000187    4.884363 v _2347_/A1 (sky130_fd_sc_hd__a21o_1)
     4    0.011085    0.066783    0.207506    5.091870 v _2347_/X (sky130_fd_sc_hd__a21o_1)
                                                         _1600_ (net)
                      0.066783    0.000268    5.092138 v _2350_/C (sky130_fd_sc_hd__and3_1)
     2    0.006295    0.051869    0.201029    5.293168 v _2350_/X (sky130_fd_sc_hd__and3_1)
                                                         _1603_ (net)
                      0.051869    0.000225    5.293393 v _2352_/C (sky130_fd_sc_hd__or3_1)
     3    0.008240    0.096129    0.345847    5.639239 v _2352_/X (sky130_fd_sc_hd__or3_1)
                                                         _0106_ (net)
                      0.096129    0.000247    5.639486 v _2355_/A2 (sky130_fd_sc_hd__a21o_1)
     4    0.010101    0.062851    0.225523    5.865009 v _2355_/X (sky130_fd_sc_hd__a21o_1)
                                                         _0109_ (net)
                      0.062851    0.000222    5.865232 v _2362_/B (sky130_fd_sc_hd__and3_1)
     2    0.006197    0.051423    0.183464    6.048696 v _2362_/X (sky130_fd_sc_hd__and3_1)
                                                         _0116_ (net)
                      0.051423    0.000175    6.048871 v _2364_/C (sky130_fd_sc_hd__or3_1)
     3    0.007993    0.094871    0.343900    6.392770 v _2364_/X (sky130_fd_sc_hd__or3_1)
                                                         _0118_ (net)
                      0.094871    0.000195    6.392966 v _2366_/A2 (sky130_fd_sc_hd__a21o_1)
     4    0.011079    0.066749    0.228541    6.621507 v _2366_/X (sky130_fd_sc_hd__a21o_1)
                                                         _0120_ (net)
                      0.066750    0.000286    6.621792 v _2370_/B (sky130_fd_sc_hd__and3_1)
     2    0.005252    0.047228    0.180671    6.802463 v _2370_/X (sky130_fd_sc_hd__and3_1)
                                                         _0124_ (net)
                      0.047228    0.000118    6.802581 v _2372_/C (sky130_fd_sc_hd__or3_1)
     3    0.008914    0.098413    0.350058    7.152639 v _2372_/X (sky130_fd_sc_hd__or3_1)
                                                         _0126_ (net)
                      0.098413    0.000135    7.152775 v _2378_/A1 (sky130_fd_sc_hd__a21o_1)
     4    0.010403    0.064085    0.206241    7.359015 v _2378_/X (sky130_fd_sc_hd__a21o_1)
                                                         _0132_ (net)
                      0.064085    0.000147    7.359163 v _2383_/C (sky130_fd_sc_hd__and3_1)
     2    0.005742    0.049360    0.197148    7.556311 v _2383_/X (sky130_fd_sc_hd__and3_1)
                                                         _0137_ (net)
                      0.049360    0.000139    7.556450 v _2385_/C (sky130_fd_sc_hd__or3_1)
     3    0.007982    0.094773    0.343328    7.899778 v _2385_/X (sky130_fd_sc_hd__or3_1)
                                                         _0139_ (net)
                      0.094773    0.000240    7.900018 v _2387_/A1 (sky130_fd_sc_hd__a21o_1)
     4    0.011535    0.068570    0.208776    8.108794 v _2387_/X (sky130_fd_sc_hd__a21o_1)
                                                         _0141_ (net)
                      0.068570    0.000194    8.108988 v _2390_/B (sky130_fd_sc_hd__and3_1)
     3    0.009159    0.063555    0.200168    8.309155 v _2390_/X (sky130_fd_sc_hd__and3_1)
                                                         _0144_ (net)
                      0.063555    0.000227    8.309382 v _2392_/C (sky130_fd_sc_hd__or3_1)
     3    0.007574    0.092203    0.344587    8.653970 v _2392_/X (sky130_fd_sc_hd__or3_1)
                                                         _0146_ (net)
                      0.092203    0.000132    8.654102 v _2397_/A1 (sky130_fd_sc_hd__a21o_1)
     4    0.011194    0.067194    0.206469    8.860571 v _2397_/X (sky130_fd_sc_hd__a21o_1)
                                                         _0151_ (net)
                      0.067194    0.000269    8.860840 v _2406_/B (sky130_fd_sc_hd__and3_1)
     2    0.005537    0.048468    0.182235    9.043075 v _2406_/X (sky130_fd_sc_hd__and3_1)
                                                         _0160_ (net)
                      0.048468    0.000121    9.043196 v _2408_/C (sky130_fd_sc_hd__or3_1)
     3    0.008231    0.095991    0.345104    9.388299 v _2408_/X (sky130_fd_sc_hd__or3_1)
                                                         _0162_ (net)
                      0.095991    0.000136    9.388435 v _2410_/A2 (sky130_fd_sc_hd__a21o_1)
     3    0.007187    0.051936    0.212451    9.600886 v _2410_/X (sky130_fd_sc_hd__a21o_1)
                                                         _0164_ (net)
                      0.051936    0.000247    9.601133 v _2413_/C (sky130_fd_sc_hd__and3_1)
     2    0.005348    0.047638    0.189688    9.790822 v _2413_/X (sky130_fd_sc_hd__and3_1)
                                                         _0167_ (net)
                      0.047638    0.000177    9.790998 v _2415_/C (sky130_fd_sc_hd__or3_1)
     3    0.007082    0.089042    0.336128   10.127127 v _2415_/X (sky130_fd_sc_hd__or3_1)
                                                         _0169_ (net)
                      0.089042    0.000147   10.127275 v _2420_/A1 (sky130_fd_sc_hd__a21o_1)
     4    0.011219    0.067300    0.205286   10.332561 v _2420_/X (sky130_fd_sc_hd__a21o_1)
                                                         _0174_ (net)
                      0.067300    0.000155   10.332716 v _2428_/A1 (sky130_fd_sc_hd__a21bo_1)
     1    0.004733    0.042705    0.180134   10.512851 v _2428_/X (sky130_fd_sc_hd__a21bo_1)
                                                         _0180_ (net)
                      0.042727    0.000110   10.512960 v _2429_/B (sky130_fd_sc_hd__xor2_1)
     1    0.002458    0.066787    0.133157   10.646117 v _2429_/X (sky130_fd_sc_hd__xor2_1)
                                                         _0181_ (net)
                      0.066787    0.000053   10.646171 v _2430_/A1 (sky130_fd_sc_hd__mux2_1)
     1    0.002554    0.053627    0.292186   10.938356 v _2430_/X (sky130_fd_sc_hd__mux2_1)
                                                         _0025_ (net)
                      0.053627    0.000055   10.938412 v _3238_/D (sky130_fd_sc_hd__dfrtp_4)
                                             10.938412   data arrival time

                                 40.000000   40.000000   clock clk (rise edge)
                                  0.000000   40.000000   clock source latency
     2    0.030799    0.000000    0.000000   40.000000 ^ clk (in)
                                                         clk (net)
                      0.001910    0.000956   40.000957 ^ clkbuf_0_clk/A (sky130_fd_sc_hd__clkbuf_16)
    17    0.136418    0.149536    0.193090   40.194046 ^ clkbuf_0_clk/X (sky130_fd_sc_hd__clkbuf_16)
                                                         clknet_0_clk (net)
                      0.150048    0.007038   40.201084 ^ clkbuf_3_3__f_clk/A (sky130_fd_sc_hd__clkbuf_16)
    35    0.085581    0.102322    0.211589   40.412674 ^ clkbuf_3_3__f_clk/X (sky130_fd_sc_hd__clkbuf_16)
                                                         clknet_3_3__leaf_clk (net)
                      0.102384    0.002323   40.414997 ^ _3238_/CLK (sky130_fd_sc_hd__dfrtp_4)
                                 -0.100000   40.314999   clock uncertainty
                                  0.000000   40.314999   clock reconvergence pessimism
                                 -0.104894   40.210106   library setup time
                                             40.210106   data required time
---------------------------------------------------------------------------------------------
                                             40.210106   data required time
                                            -10.938412   data arrival time
---------------------------------------------------------------------------------------------
                                             29.271694   slack (MET)




===========================================================================
report_checks --slack_max -0.01
============================================================================
======================= nom_tt_025C_1v80 Corner ===================================

No paths found.


===========================================================================
 report_check_types -max_slew -max_cap -max_fanout -violators
============================================================================
======================= nom_tt_025C_1v80 Corner ===================================



===========================================================================
report_parasitic_annotation -report_unannotated
============================================================================
Found 7 unannotated drivers.
 clkload0/Y
 clkload1/Y
 clkload2/Y
 clkload3/Y
 clkload4/Y
 clkload5/Y
 clkload6/X
Found 0 partially unannotated drivers.

===========================================================================
max slew violation count 0
Writing metric design__max_slew_violation__count__corner:nom_tt_025C_1v80: 0
max fanout violation count 0
Writing metric design__max_fanout_violation__count__corner:nom_tt_025C_1v80: 0
max cap violation count 0
Writing metric design__max_cap_violation__count__corner:nom_tt_025C_1v80: 0
============================================================================

===========================================================================
check_setup -verbose -unconstrained_endpoints -multiple_clock -no_clock -no_input_delay -loops -generated_clocks
===========================================================================
Warning: There are 36 input ports missing set_input_delay.
  A_in[0]
  A_in[10]
  A_in[11]
  A_in[12]
  A_in[13]
  A_in[14]
  A_in[15]
  A_in[1]
  A_in[2]
  A_in[3]
  A_in[4]
  A_in[5]
  A_in[6]
  A_in[7]
  A_in[8]
  A_in[9]
  B_in[0]
  B_in[10]
  B_in[11]
  B_in[12]
  B_in[13]
  B_in[14]
  B_in[15]
  B_in[1]
  B_in[2]
  B_in[3]
  B_in[4]
  B_in[5]
  B_in[6]
  B_in[7]
  B_in[8]
  B_in[9]
  Op_Sel[0]
  Op_Sel[1]
  Start
  rst_n
Warning: There are 17 unconstrained endpoints.
  Done
  X_out[0]
  X_out[10]
  X_out[11]
  X_out[12]
  X_out[13]
  X_out[14]
  X_out[15]
  X_out[1]
  X_out[2]
  X_out[3]
  X_out[4]
  X_out[5]
  X_out[6]
  X_out[7]
  X_out[8]
  X_out[9]
