Clock: clk
Sources: clk 
Generated: no
Virtual: yes
Propagated: no
Period: 40.000000

===========================================================================
report_clock_properties
============================================================================
Clock                   Period          Waveform
----------------------------------------------------
clk                  40.000000    0.000000 20.000000

===========================================================================
report_clock_latency
============================================================================
Clock clk
rise -> rise
    min     max
0.000000 0.000000 source latency
0.001715         network latency _3265_/CLK
        0.021902 network latency _3295_/CLK
---------------
0.001715 0.021902 latency
        0.020187 skew

fall -> fall
    min     max
0.000000 0.000000 source latency
0.001636         network latency _3265_/CLK
        0.020894 network latency _3295_/CLK
---------------
0.001636 0.020894 latency
        0.019257 skew



===========================================================================
report_clock_min_period
============================================================================
clk period_min = 12.26 fmax = 81.54
