
===========================================================================
report_checks -unconstrained
===========================================================================
======================= nom_tt_025C_1v80 Corner ===================================

Startpoint: _3287_ (rising edge-triggered flip-flop clocked by clk)
Endpoint: _3234_ (rising edge-triggered flip-flop clocked by clk)
Path Group: clk
Path Type: max

Fanout         Cap        Slew       Delay        Time   Description
---------------------------------------------------------------------------------------------
                                  0.000000    0.000000   clock clk (rise edge)
                                  0.000000    0.000000   clock source latency
     2    0.030799    0.000000    0.000000    0.000000 ^ clk (in)
                                                         clk (net)
                      0.001910    0.000955    0.000955 ^ clkbuf_0_clk/A (sky130_fd_sc_hd__clkbuf_16)
    17    0.135578    0.148435    0.192752    0.193707 ^ clkbuf_0_clk/X (sky130_fd_sc_hd__clkbuf_16)
                                                         clknet_0_clk (net)
                      0.148739    0.005440    0.199147 ^ clkbuf_3_5__f_clk/A (sky130_fd_sc_hd__clkbuf_16)
    35    0.082834    0.100178    0.208566    0.407713 ^ clkbuf_3_5__f_clk/X (sky130_fd_sc_hd__clkbuf_16)
                                                         clknet_3_5__leaf_clk (net)
                      0.100462    0.003830    0.411543 ^ _3287_/CLK (sky130_fd_sc_hd__dfrtp_4)
    39    0.081510    0.152786    0.604274    1.015817 v _3287_/Q (sky130_fd_sc_hd__dfrtp_4)
                                                         A_reg[13] (net)
                      0.153665    0.009826    1.025643 v _2154_/B1 (sky130_fd_sc_hd__a31o_1)
     2    0.006731    0.054641    0.242470    1.268112 v _2154_/X (sky130_fd_sc_hd__a31o_1)
                                                         _1411_ (net)
                      0.054641    0.000117    1.268229 v _2156_/B1 (sky130_fd_sc_hd__a32o_1)
     3    0.007574    0.062507    0.226245    1.494475 v _2156_/X (sky130_fd_sc_hd__a32o_1)
                                                         _1413_ (net)
                      0.062507    0.000182    1.494656 v _2158_/B1 (sky130_fd_sc_hd__a2bb2o_2)
     5    0.019581    0.083569    0.314488    1.809145 v _2158_/X (sky130_fd_sc_hd__a2bb2o_2)
                                                         _1415_ (net)
                      0.083573    0.000688    1.809833 v _2161_/A2 (sky130_fd_sc_hd__a21oi_1)
     2    0.005087    0.145562    0.183230    1.993063 ^ _2161_/Y (sky130_fd_sc_hd__a21oi_1)
                                                         _1418_ (net)
                      0.145562    0.000167    1.993230 ^ _2168_/A2_N (sky130_fd_sc_hd__a2bb2o_1)
     3    0.009102    0.079013    0.331998    2.325227 v _2168_/X (sky130_fd_sc_hd__a2bb2o_1)
                                                         _1425_ (net)
                      0.079013    0.000139    2.325366 v _2171_/A2 (sky130_fd_sc_hd__a21o_1)
     4    0.016709    0.089759    0.242644    2.568010 v _2171_/X (sky130_fd_sc_hd__a21o_1)
                                                         _1428_ (net)
                      0.089760    0.000466    2.568476 v _2177_/A2 (sky130_fd_sc_hd__a21oi_1)
     2    0.004817    0.140617    0.181824    2.750300 ^ _2177_/Y (sky130_fd_sc_hd__a21oi_1)
                                                         _1434_ (net)
                      0.140617    0.000131    2.750432 ^ _2179_/A2_N (sky130_fd_sc_hd__a2bb2o_1)
     3    0.008434    0.076515    0.327513    3.077945 v _2179_/X (sky130_fd_sc_hd__a2bb2o_1)
                                                         _1436_ (net)
                      0.076515    0.000156    3.078100 v _2183_/A2 (sky130_fd_sc_hd__a21o_1)
     5    0.019596    0.101772    0.252177    3.330277 v _2183_/X (sky130_fd_sc_hd__a21o_1)
                                                         _1440_ (net)
                      0.101774    0.000516    3.330793 v _2187_/A2 (sky130_fd_sc_hd__a21o_1)
     2    0.005261    0.043333    0.205785    3.536578 v _2187_/X (sky130_fd_sc_hd__a21o_1)
                                                         _1444_ (net)
                      0.043333    0.000092    3.536670 v _2190_/B2 (sky130_fd_sc_hd__a22o_1)
     3    0.010293    0.072990    0.230951    3.767621 v _2190_/X (sky130_fd_sc_hd__a22o_1)
                                                         _1447_ (net)
                      0.072990    0.000203    3.767823 v _2195_/A1 (sky130_fd_sc_hd__a22o_1)
     5    0.015259    0.094357    0.271319    4.039143 v _2195_/X (sky130_fd_sc_hd__a22o_1)
                                                         _1452_ (net)
                      0.094359    0.000633    4.039776 v _2198_/B (sky130_fd_sc_hd__xnor2_1)
     4    0.009986    0.095229    0.178698    4.218474 v _2198_/Y (sky130_fd_sc_hd__xnor2_1)
                                                         _1455_ (net)
                      0.095229    0.000212    4.218686 v _2202_/A2 (sky130_fd_sc_hd__a211o_1)
     4    0.010738    0.083191    0.349044    4.567729 v _2202_/X (sky130_fd_sc_hd__a211o_1)
                                                         _1459_ (net)
                      0.083191    0.000194    4.567923 v _2205_/A1 (sky130_fd_sc_hd__a21o_1)
     4    0.014323    0.079868    0.213906    4.781829 v _2205_/X (sky130_fd_sc_hd__a21o_1)
                                                         _1462_ (net)
                      0.079868    0.000340    4.782169 v _2212_/A2 (sky130_fd_sc_hd__a21oi_1)
     2    0.005461    0.152483    0.187141    4.969310 ^ _2212_/Y (sky130_fd_sc_hd__a21oi_1)
                                                         _1469_ (net)
                      0.152483    0.000146    4.969456 ^ _2214_/A2_N (sky130_fd_sc_hd__a2bb2o_1)
     3    0.007577    0.073606    0.323554    5.293010 v _2214_/X (sky130_fd_sc_hd__a2bb2o_1)
                                                         _1471_ (net)
                      0.073606    0.000110    5.293120 v _2217_/A2 (sky130_fd_sc_hd__a21bo_1)
     5    0.018861    0.100579    0.262312    5.555432 v _2217_/X (sky130_fd_sc_hd__a21bo_1)
                                                         _1474_ (net)
                      0.100580    0.000540    5.555972 v _2219_/A2 (sky130_fd_sc_hd__a21oi_1)
     2    0.004594    0.136593    0.182920    5.738892 ^ _2219_/Y (sky130_fd_sc_hd__a21oi_1)
                                                         _1476_ (net)
                      0.136593    0.000137    5.739029 ^ _2224_/A2_N (sky130_fd_sc_hd__a2bb2o_1)
     3    0.008956    0.078419    0.330246    6.069275 v _2224_/X (sky130_fd_sc_hd__a2bb2o_1)
                                                         _1481_ (net)
                      0.078419    0.000154    6.069429 v _2229_/A1 (sky130_fd_sc_hd__a21o_1)
     5    0.019464    0.101275    0.230103    6.299532 v _2229_/X (sky130_fd_sc_hd__a21o_1)
                                                         _1486_ (net)
                      0.101278    0.000664    6.300197 v _2232_/C (sky130_fd_sc_hd__and3_1)
     2    0.006301    0.051923    0.216811    6.517007 v _2232_/X (sky130_fd_sc_hd__and3_1)
                                                         _1489_ (net)
                      0.051923    0.000200    6.517208 v _2234_/B1 (sky130_fd_sc_hd__a211o_1)
     4    0.013906    0.096422    0.323269    6.840476 v _2234_/X (sky130_fd_sc_hd__a211o_1)
                                                         _1491_ (net)
                      0.096422    0.000412    6.840888 v _2239_/A1 (sky130_fd_sc_hd__a21o_1)
     5    0.015312    0.083951    0.222843    7.063731 v _2239_/X (sky130_fd_sc_hd__a21o_1)
                                                         _1496_ (net)
                      0.083953    0.000485    7.064215 v _2243_/B (sky130_fd_sc_hd__xor2_1)
     4    0.010334    0.102091    0.182779    7.246994 v _2243_/X (sky130_fd_sc_hd__xor2_1)
                                                         _1500_ (net)
                      0.102091    0.000217    7.247211 v _2247_/A2 (sky130_fd_sc_hd__a211o_1)
     4    0.014290    0.097971    0.367019    7.614230 v _2247_/X (sky130_fd_sc_hd__a211o_1)
                                                         _1504_ (net)
                      0.097971    0.000251    7.614482 v _2250_/A2 (sky130_fd_sc_hd__a21oi_2)
     4    0.012474    0.176683    0.218343    7.832824 ^ _2250_/Y (sky130_fd_sc_hd__a21oi_2)
                                                         _1507_ (net)
                      0.176684    0.000398    7.833222 ^ _2251_/B (sky130_fd_sc_hd__xnor2_1)
     4    0.011032    0.110932    0.137568    7.970790 v _2251_/Y (sky130_fd_sc_hd__xnor2_1)
                                                         _1508_ (net)
                      0.110932    0.000234    7.971024 v _2256_/A2 (sky130_fd_sc_hd__a22o_1)
     3    0.007896    0.064153    0.277368    8.248392 v _2256_/X (sky130_fd_sc_hd__a22o_1)
                                                         _1513_ (net)
                      0.064153    0.000116    8.248508 v _2262_/A1 (sky130_fd_sc_hd__a21o_1)
     4    0.013227    0.075428    0.202057    8.450566 v _2262_/X (sky130_fd_sc_hd__a21o_1)
                                                         _1519_ (net)
                      0.075430    0.000499    8.451065 v _2270_/B (sky130_fd_sc_hd__xnor2_1)
     4    0.011517    0.104573    0.178641    8.629706 v _2270_/Y (sky130_fd_sc_hd__xnor2_1)
                                                         _1527_ (net)
                      0.104573    0.000299    8.630006 v _2272_/B1 (sky130_fd_sc_hd__a2bb2o_1)
     3    0.008614    0.077079    0.330285    8.960291 v _2272_/X (sky130_fd_sc_hd__a2bb2o_1)
                                                         _1529_ (net)
                      0.077079    0.000122    8.960412 v _2273_/A2 (sky130_fd_sc_hd__a21o_1)
     4    0.018294    0.096384    0.247575    9.207988 v _2273_/X (sky130_fd_sc_hd__a21o_1)
                                                         _1530_ (net)
                      0.096390    0.000779    9.208766 v _2274_/B (sky130_fd_sc_hd__xor2_2)
     3    0.012734    0.195099    0.208045    9.416812 ^ _2274_/X (sky130_fd_sc_hd__xor2_2)
                                                         _1531_ (net)
                      0.195099    0.000264    9.417075 ^ _2278_/A2 (sky130_fd_sc_hd__a22o_1)
     3    0.009200    0.100609    0.211586    9.628662 ^ _2278_/X (sky130_fd_sc_hd__a22o_1)
                                                         _1535_ (net)
                      0.100609    0.000289    9.628950 ^ _2283_/A1 (sky130_fd_sc_hd__a21o_1)
     3    0.008220    0.080615    0.149776    9.778727 ^ _2283_/X (sky130_fd_sc_hd__a21o_1)
                                                         _1540_ (net)
                      0.080615    0.000228    9.778955 ^ _2290_/B1_N (sky130_fd_sc_hd__a21bo_1)
     1    0.004958    0.043655    0.211328    9.990283 v _2290_/X (sky130_fd_sc_hd__a21bo_1)
                                                         _1545_ (net)
                      0.043655    0.000168    9.990451 v _2291_/B (sky130_fd_sc_hd__xor2_1)
     1    0.009261    0.080335    0.163103   10.153554 v _2291_/X (sky130_fd_sc_hd__xor2_1)
                                                         _1546_ (net)
                      0.080372    0.000630   10.154183 v _2292_/A1 (sky130_fd_sc_hd__mux2_1)
     1    0.003210    0.057690    0.303220   10.457403 v _2292_/X (sky130_fd_sc_hd__mux2_1)
                                                         _0021_ (net)
                      0.057690    0.000106   10.457509 v _3234_/D (sky130_fd_sc_hd__dfrtp_4)
                                             10.457509   data arrival time

                                 20.000000   20.000000   clock clk (rise edge)
                                  0.000000   20.000000   clock source latency
     2    0.030799    0.000000    0.000000   20.000000 ^ clk (in)
                                                         clk (net)
                      0.001910    0.000956   20.000956 ^ clkbuf_0_clk/A (sky130_fd_sc_hd__clkbuf_16)
    17    0.135578    0.148435    0.192752   20.193708 ^ clkbuf_0_clk/X (sky130_fd_sc_hd__clkbuf_16)
                                                         clknet_0_clk (net)
                      0.148950    0.007024   20.200733 ^ clkbuf_3_3__f_clk/A (sky130_fd_sc_hd__clkbuf_16)
    35    0.089518    0.106009    0.214248   20.414980 ^ clkbuf_3_3__f_clk/X (sky130_fd_sc_hd__clkbuf_16)
                                                         clknet_3_3__leaf_clk (net)
                      0.106044    0.001865   20.416845 ^ _3234_/CLK (sky130_fd_sc_hd__dfrtp_4)
                                 -0.100000   20.316845   clock uncertainty
                                  0.000000   20.316845   clock reconvergence pessimism
                                 -0.105822   20.211023   library setup time
                                             20.211023   data required time
---------------------------------------------------------------------------------------------
                                             20.211023   data required time
                                            -10.457509   data arrival time
---------------------------------------------------------------------------------------------
                                              9.753514   slack (MET)




===========================================================================
report_checks --slack_max -0.01
============================================================================
======================= nom_tt_025C_1v80 Corner ===================================

No paths found.


===========================================================================
 report_check_types -max_slew -max_cap -max_fanout -violators
============================================================================
======================= nom_tt_025C_1v80 Corner ===================================



===========================================================================
report_parasitic_annotation -report_unannotated
============================================================================
Found 7 unannotated drivers.
 clkload0/Y
 clkload1/Y
 clkload2/Y
 clkload3/Y
 clkload4/Y
 clkload5/Y
 clkload6/Y
Found 0 partially unannotated drivers.

===========================================================================
max slew violation count 0
Writing metric design__max_slew_violation__count__corner:nom_tt_025C_1v80: 0
max fanout violation count 0
Writing metric design__max_fanout_violation__count__corner:nom_tt_025C_1v80: 0
max cap violation count 0
Writing metric design__max_cap_violation__count__corner:nom_tt_025C_1v80: 0
============================================================================

===========================================================================
check_setup -verbose -unconstrained_endpoints -multiple_clock -no_clock -no_input_delay -loops -generated_clocks
===========================================================================
Warning: There are 36 input ports missing set_input_delay.
  A_in[0]
  A_in[10]
  A_in[11]
  A_in[12]
  A_in[13]
  A_in[14]
  A_in[15]
  A_in[1]
  A_in[2]
  A_in[3]
  A_in[4]
  A_in[5]
  A_in[6]
  A_in[7]
  A_in[8]
  A_in[9]
  B_in[0]
  B_in[10]
  B_in[11]
  B_in[12]
  B_in[13]
  B_in[14]
  B_in[15]
  B_in[1]
  B_in[2]
  B_in[3]
  B_in[4]
  B_in[5]
  B_in[6]
  B_in[7]
  B_in[8]
  B_in[9]
  Op_Sel[0]
  Op_Sel[1]
  Start
  rst_n
Warning: There are 17 unconstrained endpoints.
  Done
  X_out[0]
  X_out[10]
  X_out[11]
  X_out[12]
  X_out[13]
  X_out[14]
  X_out[15]
  X_out[1]
  X_out[2]
  X_out[3]
  X_out[4]
  X_out[5]
  X_out[6]
  X_out[7]
  X_out[8]
  X_out[9]
