
===========================================================================
report_checks -unconstrained
===========================================================================
======================= nom_tt_025C_1v80 Corner ===================================

Startpoint: _3302_ (rising edge-triggered flip-flop clocked by clk)
Endpoint: _3238_ (rising edge-triggered flip-flop clocked by clk)
Path Group: clk
Path Type: max

Fanout         Cap        Slew       Delay        Time   Description
---------------------------------------------------------------------------------------------
                                  0.000000    0.000000   clock clk (rise edge)
                                  0.000000    0.000000   clock source latency
   110    0.356781    0.000000    0.000000    0.000000 ^ clk (in)
                                                         clk (net)
                      0.042734    0.021367    0.021367 ^ _3302_/CLK (sky130_fd_sc_hd__dfrtp_2)
    15    0.058441    0.159621    0.514732    0.536099 v _3302_/Q (sky130_fd_sc_hd__dfrtp_2)
                                                         B_reg[12] (net)
                      0.159622    0.000680    0.536779 v _1910_/C (sky130_fd_sc_hd__and3_2)
     3    0.004866    0.043929    0.263095    0.799874 v _1910_/X (sky130_fd_sc_hd__and3_2)
                                                         _1175_ (net)
                      0.043929    0.000007    0.799882 v _2300_/B (sky130_fd_sc_hd__or4_2)
     4    0.010171    0.132775    0.686403    1.486284 v _2300_/X (sky130_fd_sc_hd__or4_2)
                                                         _1553_ (net)
                      0.132775    0.000033    1.486317 v _2304_/A2 (sky130_fd_sc_hd__a21o_2)
     3    0.011370    0.055364    0.267005    1.753322 v _2304_/X (sky130_fd_sc_hd__a21o_2)
                                                         _1557_ (net)
                      0.055364    0.000032    1.753354 v _2308_/C (sky130_fd_sc_hd__and3_2)
     2    0.006142    0.045916    0.219203    1.972557 v _2308_/X (sky130_fd_sc_hd__and3_2)
                                                         _1561_ (net)
                      0.045916    0.000014    1.972571 v _2310_/C (sky130_fd_sc_hd__or3_2)
     3    0.005773    0.088673    0.421861    2.394432 v _2310_/X (sky130_fd_sc_hd__or3_2)
                                                         _1563_ (net)
                      0.088673    0.000012    2.394443 v _2313_/A1 (sky130_fd_sc_hd__a21o_2)
     4    0.015633    0.063186    0.238024    2.632467 v _2313_/X (sky130_fd_sc_hd__a21o_2)
                                                         _1566_ (net)
                      0.063186    0.000072    2.632539 v _2319_/B (sky130_fd_sc_hd__and3_2)
     2    0.006815    0.047249    0.211036    2.843574 v _2319_/X (sky130_fd_sc_hd__and3_2)
                                                         _1572_ (net)
                      0.047249    0.000016    2.843590 v _2321_/C (sky130_fd_sc_hd__or3_2)
     3    0.006098    0.087654    0.423979    3.267569 v _2321_/X (sky130_fd_sc_hd__or3_2)
                                                         _1574_ (net)
                      0.087654    0.000027    3.267596 v _2326_/A1 (sky130_fd_sc_hd__a21o_2)
     4    0.013631    0.059107    0.233191    3.500787 v _2326_/X (sky130_fd_sc_hd__a21o_2)
                                                         _1579_ (net)
                      0.059107    0.000051    3.500838 v _2328_/C (sky130_fd_sc_hd__and3_2)
     2    0.006537    0.046693    0.222235    3.723073 v _2328_/X (sky130_fd_sc_hd__and3_2)
                                                         _1581_ (net)
                      0.046693    0.000021    3.723094 v _2330_/C (sky130_fd_sc_hd__or3_2)
     4    0.011301    0.108063    0.452863    4.175958 v _2330_/X (sky130_fd_sc_hd__or3_2)
                                                         _1583_ (net)
                      0.108063    0.000026    4.175984 v _2334_/A1 (sky130_fd_sc_hd__a21o_2)
     5    0.014710    0.061390    0.243789    4.419773 v _2334_/X (sky130_fd_sc_hd__a21o_2)
                                                         _1587_ (net)
                      0.061390    0.000030    4.419803 v _2338_/B (sky130_fd_sc_hd__and3_2)
     2    0.006404    0.046390    0.208850    4.628654 v _2338_/X (sky130_fd_sc_hd__and3_2)
                                                         _1591_ (net)
                      0.046390    0.000016    4.628669 v _2345_/C (sky130_fd_sc_hd__or3_2)
     3    0.006629    0.091672    0.426744    5.055413 v _2345_/X (sky130_fd_sc_hd__or3_2)
                                                         _1598_ (net)
                      0.091672    0.000014    5.055427 v _2347_/A1 (sky130_fd_sc_hd__a21o_2)
     4    0.011036    0.054489    0.227642    5.283069 v _2347_/X (sky130_fd_sc_hd__a21o_2)
                                                         _1600_ (net)
                      0.054489    0.000054    5.283123 v _2350_/C (sky130_fd_sc_hd__and3_2)
     2    0.006872    0.047415    0.221270    5.504392 v _2350_/X (sky130_fd_sc_hd__and3_2)
                                                         _1603_ (net)
                      0.047415    0.000035    5.504427 v _2352_/C (sky130_fd_sc_hd__or3_2)
     3    0.007028    0.090352    0.429194    5.933621 v _2352_/X (sky130_fd_sc_hd__or3_2)
                                                         _0106_ (net)
                      0.090352    0.000039    5.933660 v _2355_/A2 (sky130_fd_sc_hd__a21o_2)
     4    0.010302    0.052405    0.247185    6.180845 v _2355_/X (sky130_fd_sc_hd__a21o_2)
                                                         _0109_ (net)
                      0.052405    0.000030    6.180876 v _2362_/B (sky130_fd_sc_hd__and3_2)
     2    0.006668    0.046959    0.205743    6.386619 v _2362_/X (sky130_fd_sc_hd__and3_2)
                                                         _0116_ (net)
                      0.046959    0.000028    6.386647 v _2364_/C (sky130_fd_sc_hd__or3_2)
     3    0.005962    0.087259    0.423156    6.809803 v _2364_/X (sky130_fd_sc_hd__or3_2)
                                                         _0118_ (net)
                      0.087259    0.000023    6.809826 v _2366_/A2 (sky130_fd_sc_hd__a21o_2)
     4    0.013320    0.058447    0.255009    7.064835 v _2366_/X (sky130_fd_sc_hd__a21o_2)
                                                         _0120_ (net)
                      0.058447    0.000050    7.064885 v _2370_/B (sky130_fd_sc_hd__and3_2)
     2    0.006446    0.046497    0.207685    7.272571 v _2370_/X (sky130_fd_sc_hd__and3_2)
                                                         _0124_ (net)
                      0.046497    0.000019    7.272589 v _2372_/C (sky130_fd_sc_hd__or3_2)
     3    0.007205    0.093694    0.429982    7.702571 v _2372_/X (sky130_fd_sc_hd__or3_2)
                                                         _0126_ (net)
                      0.093694    0.000002    7.702573 v _2378_/A1 (sky130_fd_sc_hd__a21o_2)
     4    0.010750    0.053693    0.227543    7.930116 v _2378_/X (sky130_fd_sc_hd__a21o_2)
                                                         _0132_ (net)
                      0.053693    0.000034    7.930150 v _2383_/C (sky130_fd_sc_hd__and3_2)
     2    0.006733    0.048812    0.220455    8.150605 v _2383_/X (sky130_fd_sc_hd__and3_2)
                                                         _0137_ (net)
                      0.048812    0.000017    8.150621 v _2385_/C (sky130_fd_sc_hd__or3_2)
     3    0.006367    0.090769    0.425853    8.576475 v _2385_/X (sky130_fd_sc_hd__or3_2)
                                                         _0139_ (net)
                      0.090769    0.000013    8.576488 v _2387_/A1 (sky130_fd_sc_hd__a21o_2)
     4    0.010443    0.052808    0.225378    8.801867 v _2387_/X (sky130_fd_sc_hd__a21o_2)
                                                         _0141_ (net)
                      0.052808    0.000037    8.801904 v _2390_/B (sky130_fd_sc_hd__and3_2)
     3    0.009773    0.054405    0.216399    9.018303 v _2390_/X (sky130_fd_sc_hd__and3_2)
                                                         _0144_ (net)
                      0.054405    0.000028    9.018331 v _2392_/C (sky130_fd_sc_hd__or3_2)
     3    0.005271    0.086977    0.421166    9.439497 v _2392_/X (sky130_fd_sc_hd__or3_2)
                                                         _0146_ (net)
                      0.086977    0.000002    9.439498 v _2397_/A1 (sky130_fd_sc_hd__a21o_2)
     4    0.013096    0.057984    0.231741    9.671239 v _2397_/X (sky130_fd_sc_hd__a21o_2)
                                                         _0151_ (net)
                      0.057984    0.000030    9.671269 v _2406_/B (sky130_fd_sc_hd__and3_2)
     2    0.006415    0.046434    0.207376    9.878646 v _2406_/X (sky130_fd_sc_hd__and3_2)
                                                         _0160_ (net)
                      0.046434    0.000003    9.878649 v _2408_/C (sky130_fd_sc_hd__or3_2)
     3    0.009672    0.102347    0.443720   10.322368 v _2408_/X (sky130_fd_sc_hd__or3_2)
                                                         _0162_ (net)
                      0.102347    0.000023   10.322392 v _2410_/A2 (sky130_fd_sc_hd__a21o_2)
     3    0.008255    0.046915    0.245121   10.567513 v _2410_/X (sky130_fd_sc_hd__a21o_2)
                                                         _0164_ (net)
                      0.046915    0.000028   10.567541 v _2413_/C (sky130_fd_sc_hd__and3_2)
     2    0.006395    0.046319    0.216386   10.783927 v _2413_/X (sky130_fd_sc_hd__and3_2)
                                                         _0167_ (net)
                      0.046319    0.000013   10.783940 v _2415_/C (sky130_fd_sc_hd__or3_2)
     3    0.005885    0.089063    0.422581   11.206521 v _2415_/X (sky130_fd_sc_hd__or3_2)
                                                         _0169_ (net)
                      0.089063    0.000018   11.206539 v _2420_/A1 (sky130_fd_sc_hd__a21o_2)
     4    0.012415    0.056629    0.231034   11.437573 v _2420_/X (sky130_fd_sc_hd__a21o_2)
                                                         _0174_ (net)
                      0.056629    0.000020   11.437593 v _2428_/A1 (sky130_fd_sc_hd__a21bo_2)
     1    0.008094    0.049052    0.208313   11.645905 v _2428_/X (sky130_fd_sc_hd__a21bo_2)
                                                         _0180_ (net)
                      0.049052    0.000009   11.645915 v _2429_/B (sky130_fd_sc_hd__xor2_2)
     1    0.002388    0.055426    0.133112   11.779027 v _2429_/X (sky130_fd_sc_hd__xor2_2)
                                                         _0181_ (net)
                      0.055426    0.000005   11.779033 v _2430_/A1 (sky130_fd_sc_hd__mux2_1)
     1    0.002268    0.053478    0.285439   12.064471 v _2430_/X (sky130_fd_sc_hd__mux2_1)
                                                         _0025_ (net)
                      0.053478    0.000004   12.064475 v _3238_/D (sky130_fd_sc_hd__dfrtp_2)
                                             12.064475   data arrival time

                                 15.000000   15.000000   clock clk (rise edge)
                                  0.000000   15.000000   clock source latency
   110    0.356781    0.000000    0.000000   15.000000 ^ clk (in)
                                                         clk (net)
                      0.041784    0.020892   15.020891 ^ _3238_/CLK (sky130_fd_sc_hd__dfrtp_2)
                                 -0.100000   14.920892   clock uncertainty
                                  0.000000   14.920892   clock reconvergence pessimism
                                 -0.119959   14.800933   library setup time
                                             14.800933   data required time
---------------------------------------------------------------------------------------------
                                             14.800933   data required time
                                            -12.064475   data arrival time
---------------------------------------------------------------------------------------------
                                              2.736457   slack (MET)




===========================================================================
report_checks --slack_max -0.01
============================================================================
======================= nom_tt_025C_1v80 Corner ===================================

No paths found.


===========================================================================
 report_check_types -max_slew -max_cap -max_fanout -violators
============================================================================
======================= nom_tt_025C_1v80 Corner ===================================



===========================================================================
report_parasitic_annotation -report_unannotated
============================================================================
Found 0 unannotated drivers.
Found 0 partially unannotated drivers.

===========================================================================
max slew violation count 0
Writing metric design__max_slew_violation__count__corner:nom_tt_025C_1v80: 0
max fanout violation count 0
Writing metric design__max_fanout_violation__count__corner:nom_tt_025C_1v80: 0
max cap violation count 0
Writing metric design__max_cap_violation__count__corner:nom_tt_025C_1v80: 0
============================================================================

===========================================================================
check_setup -verbose -unconstrained_endpoints -multiple_clock -no_clock -no_input_delay -loops -generated_clocks
===========================================================================
Warning: There are 36 input ports missing set_input_delay.
  A_in[0]
  A_in[10]
  A_in[11]
  A_in[12]
  A_in[13]
  A_in[14]
  A_in[15]
  A_in[1]
  A_in[2]
  A_in[3]
  A_in[4]
  A_in[5]
  A_in[6]
  A_in[7]
  A_in[8]
  A_in[9]
  B_in[0]
  B_in[10]
  B_in[11]
  B_in[12]
  B_in[13]
  B_in[14]
  B_in[15]
  B_in[1]
  B_in[2]
  B_in[3]
  B_in[4]
  B_in[5]
  B_in[6]
  B_in[7]
  B_in[8]
  B_in[9]
  Op_Sel[0]
  Op_Sel[1]
  Start
  rst_n
Warning: There are 17 unconstrained endpoints.
  Done
  X_out[0]
  X_out[10]
  X_out[11]
  X_out[12]
  X_out[13]
  X_out[14]
  X_out[15]
  X_out[1]
  X_out[2]
  X_out[3]
  X_out[4]
  X_out[5]
  X_out[6]
  X_out[7]
  X_out[8]
  X_out[9]
