Clock: clk
Sources: clk 
Generated: no
Virtual: yes
Propagated: no
Period: 15.000000

===========================================================================
report_clock_properties
============================================================================
Clock                   Period          Waveform
----------------------------------------------------
clk                  15.000000    0.000000  7.500000

===========================================================================
report_clock_latency
============================================================================
Clock clk
rise -> rise
    min     max
0.000000 0.000000 source latency
0.001704         network latency _3265_/CLK
        0.022121 network latency _3295_/CLK
---------------
0.001704 0.022121 latency
        0.020417 skew

fall -> fall
    min     max
0.000000 0.000000 source latency
0.001626         network latency _3265_/CLK
        0.021104 network latency _3295_/CLK
---------------
0.001626 0.021104 latency
        0.019478 skew



===========================================================================
report_clock_min_period
============================================================================
clk period_min = 12.26 fmax = 81.54
