
===========================================================================
report_checks -unconstrained
===========================================================================
======================= nom_ff_n40C_1v95 Corner ===================================

Startpoint: _3302_ (rising edge-triggered flip-flop clocked by clk)
Endpoint: _3237_ (rising edge-triggered flip-flop clocked by clk)
Path Group: clk
Path Type: max

Fanout         Cap        Slew       Delay        Time   Description
---------------------------------------------------------------------------------------------
                                  0.000000    0.000000   clock clk (rise edge)
                                  0.000000    0.000000   clock source latency
     2    0.041564    0.000000    0.000000    0.000000 ^ clk (in)
                                                         clk (net)
                      0.002183    0.001092    0.001092 ^ clkbuf_0_clk/A (sky130_fd_sc_hd__clkbuf_16)
    17    0.167907    0.139113    0.154299    0.155391 ^ clkbuf_0_clk/X (sky130_fd_sc_hd__clkbuf_16)
                                                         clknet_0_clk (net)
                      0.139858    0.008168    0.163559 ^ clkbuf_3_0__f_clk/A (sky130_fd_sc_hd__clkbuf_16)
    25    0.092845    0.084510    0.152382    0.315941 ^ clkbuf_3_0__f_clk/X (sky130_fd_sc_hd__clkbuf_16)
                                                         clknet_3_0__leaf_clk (net)
                      0.084710    0.003286    0.319227 ^ _3302_/CLK (sky130_fd_sc_hd__dfrtp_4)
     6    0.024518    0.062191    0.332133    0.651361 v _3302_/Q (sky130_fd_sc_hd__dfrtp_4)
                                                         B_reg[12] (net)
                      0.062191    0.001480    0.652840 v _1910_/C (sky130_fd_sc_hd__and3_1)
     3    0.007248    0.040350    0.138344    0.791184 v _1910_/X (sky130_fd_sc_hd__and3_1)
                                                         _1175_ (net)
                      0.040350    0.000167    0.791351 v _2300_/B (sky130_fd_sc_hd__or4_4)
     4    0.009590    0.064619    0.315526    1.106878 v _2300_/X (sky130_fd_sc_hd__or4_4)
                                                         _1553_ (net)
                      0.064619    0.000206    1.107084 v _2304_/A1 (sky130_fd_sc_hd__a21o_1)
     3    0.007619    0.038160    0.122813    1.229897 v _2304_/X (sky130_fd_sc_hd__a21o_1)
                                                         _1557_ (net)
                      0.038160    0.000181    1.230077 v _2307_/A2 (sky130_fd_sc_hd__a21oi_1)
     3    0.011143    0.189616    0.180590    1.410667 ^ _2307_/Y (sky130_fd_sc_hd__a21oi_1)
                                                         _1560_ (net)
                      0.189616    0.000182    1.410848 ^ _2311_/B (sky130_fd_sc_hd__xor2_1)
     3    0.010898    0.184482    0.169723    1.580572 ^ _2311_/X (sky130_fd_sc_hd__xor2_1)
                                                         _1564_ (net)
                      0.184482    0.000224    1.580795 ^ _2313_/A2 (sky130_fd_sc_hd__a21o_1)
     4    0.010680    0.075619    0.119881    1.700676 ^ _2313_/X (sky130_fd_sc_hd__a21o_1)
                                                         _1566_ (net)
                      0.075619    0.000264    1.700940 ^ _2318_/A1 (sky130_fd_sc_hd__a21oi_1)
     3    0.012003    0.066461    0.071782    1.772722 v _2318_/Y (sky130_fd_sc_hd__a21oi_1)
                                                         _1571_ (net)
                      0.066485    0.000294    1.773016 v _2321_/B (sky130_fd_sc_hd__or3_4)
     3    0.009106    0.050999    0.236655    2.009672 v _2321_/X (sky130_fd_sc_hd__or3_4)
                                                         _1574_ (net)
                      0.050999    0.000286    2.009957 v _2326_/A1 (sky130_fd_sc_hd__a21o_1)
     4    0.010995    0.047075    0.127868    2.137826 v _2326_/X (sky130_fd_sc_hd__a21o_1)
                                                         _1579_ (net)
                      0.047076    0.000349    2.138175 v _2327_/A2 (sky130_fd_sc_hd__a21oi_1)
     3    0.011774    0.198219    0.190262    2.328437 ^ _2327_/Y (sky130_fd_sc_hd__a21oi_1)
                                                         _1580_ (net)
                      0.198220    0.000255    2.328692 ^ _2331_/B (sky130_fd_sc_hd__xnor2_1)
     3    0.012476    0.217057    0.133151    2.461843 ^ _2331_/Y (sky130_fd_sc_hd__xnor2_1)
                                                         _1584_ (net)
                      0.217058    0.000315    2.462158 ^ _2334_/A2 (sky130_fd_sc_hd__a21o_1)
     5    0.017038    0.115712    0.149720    2.611879 ^ _2334_/X (sky130_fd_sc_hd__a21o_1)
                                                         _1587_ (net)
                      0.115712    0.000444    2.612323 ^ _2337_/A1 (sky130_fd_sc_hd__a21oi_1)
     3    0.011522    0.070824    0.079074    2.691397 v _2337_/Y (sky130_fd_sc_hd__a21oi_1)
                                                         _1590_ (net)
                      0.070826    0.000310    2.691707 v _2345_/B (sky130_fd_sc_hd__or3_4)
     3    0.008445    0.050264    0.237011    2.928719 v _2345_/X (sky130_fd_sc_hd__or3_4)
                                                         _1598_ (net)
                      0.050264    0.000161    2.928880 v _2347_/A1 (sky130_fd_sc_hd__a21o_1)
     4    0.011607    0.048749    0.129085    3.057965 v _2347_/X (sky130_fd_sc_hd__a21o_1)
                                                         _1600_ (net)
                      0.048751    0.000369    3.058335 v _2348_/A2 (sky130_fd_sc_hd__a21oi_1)
     3    0.013839    0.226941    0.211720    3.270055 ^ _2348_/Y (sky130_fd_sc_hd__a21oi_1)
                                                         _1601_ (net)
                      0.226942    0.000415    3.270469 ^ _2349_/B (sky130_fd_sc_hd__xnor2_1)
     3    0.011816    0.207636    0.129781    3.400250 ^ _2349_/Y (sky130_fd_sc_hd__xnor2_1)
                                                         _1602_ (net)
                      0.207636    0.000293    3.400544 ^ _2355_/A2 (sky130_fd_sc_hd__a21o_1)
     4    0.010806    0.076434    0.121568    3.522112 ^ _2355_/X (sky130_fd_sc_hd__a21o_1)
                                                         _0109_ (net)
                      0.076434    0.000319    3.522431 ^ _2360_/A1 (sky130_fd_sc_hd__a21oi_1)
     3    0.011380    0.066370    0.069855    3.592286 v _2360_/Y (sky130_fd_sc_hd__a21oi_1)
                                                         _0114_ (net)
                      0.066395    0.000320    3.592606 v _2364_/B (sky130_fd_sc_hd__or3_4)
     3    0.007920    0.049699    0.234470    3.827076 v _2364_/X (sky130_fd_sc_hd__or3_4)
                                                         _0118_ (net)
                      0.049699    0.000218    3.827295 v _2366_/A1 (sky130_fd_sc_hd__a21o_1)
     4    0.010303    0.045716    0.125370    3.952665 v _2366_/X (sky130_fd_sc_hd__a21o_1)
                                                         _0120_ (net)
                      0.045717    0.000221    3.952886 v _2370_/A (sky130_fd_sc_hd__and3_1)
     2    0.006003    0.036641    0.103556    4.056441 v _2370_/X (sky130_fd_sc_hd__and3_1)
                                                         _0124_ (net)
                      0.036641    0.000155    4.056596 v _2372_/C (sky130_fd_sc_hd__or3_4)
     3    0.008661    0.050504    0.201619    4.258215 v _2372_/X (sky130_fd_sc_hd__or3_4)
                                                         _0126_ (net)
                      0.050504    0.000106    4.258321 v _2378_/A1 (sky130_fd_sc_hd__a21o_1)
     3    0.009065    0.042678    0.121978    4.380299 v _2378_/X (sky130_fd_sc_hd__a21o_1)
                                                         _0132_ (net)
                      0.042678    0.000132    4.380431 v _2382_/A2 (sky130_fd_sc_hd__a21oi_2)
     3    0.013526    0.136336    0.146134    4.526565 ^ _2382_/Y (sky130_fd_sc_hd__a21oi_2)
                                                         _0136_ (net)
                      0.136336    0.000360    4.526925 ^ _2386_/B (sky130_fd_sc_hd__xnor2_1)
     3    0.010996    0.195979    0.124130    4.651055 ^ _2386_/Y (sky130_fd_sc_hd__xnor2_1)
                                                         _0140_ (net)
                      0.195979    0.000230    4.651285 ^ _2387_/A2 (sky130_fd_sc_hd__a21o_1)
     4    0.009875    0.070918    0.116792    4.768077 ^ _2387_/X (sky130_fd_sc_hd__a21o_1)
                                                         _0141_ (net)
                      0.070918    0.000217    4.768294 ^ rebuffer6/A (sky130_fd_sc_hd__dlymetal6s2s_1)
     1    0.010027    0.095492    0.109569    4.877863 ^ rebuffer6/X (sky130_fd_sc_hd__dlymetal6s2s_1)
                                                         net59 (net)
                      0.095492    0.000338    4.878202 ^ _2389_/A1 (sky130_fd_sc_hd__a21oi_4)
     4    0.019535    0.053430    0.051425    4.929626 v _2389_/Y (sky130_fd_sc_hd__a21oi_4)
                                                         _0143_ (net)
                      0.053434    0.000443    4.930070 v _2392_/B (sky130_fd_sc_hd__or3_4)
     3    0.006615    0.048256    0.227518    5.157588 v _2392_/X (sky130_fd_sc_hd__or3_4)
                                                         _0146_ (net)
                      0.048256    0.000165    5.157753 v _2397_/A1 (sky130_fd_sc_hd__a21o_1)
     4    0.010500    0.045960    0.125448    5.283201 v _2397_/X (sky130_fd_sc_hd__a21o_1)
                                                         _0151_ (net)
                      0.045960    0.000199    5.283401 v _2406_/A (sky130_fd_sc_hd__and3_1)
     2    0.006941    0.039446    0.106623    5.390023 v _2406_/X (sky130_fd_sc_hd__and3_1)
                                                         _0160_ (net)
                      0.039446    0.000195    5.390219 v _2408_/C (sky130_fd_sc_hd__or3_4)
     3    0.008446    0.050271    0.202003    5.592222 v _2408_/X (sky130_fd_sc_hd__or3_4)
                                                         _0162_ (net)
                      0.050271    0.000195    5.592416 v _2410_/A1 (sky130_fd_sc_hd__a21o_1)
     3    0.006542    0.034906    0.114214    5.706630 v _2410_/X (sky130_fd_sc_hd__a21o_1)
                                                         _0164_ (net)
                      0.034906    0.000123    5.706753 v _2413_/C (sky130_fd_sc_hd__and3_1)
     2    0.006086    0.036879    0.123759    5.830512 v _2413_/X (sky130_fd_sc_hd__and3_1)
                                                         _0167_ (net)
                      0.036879    0.000132    5.830644 v _2415_/C (sky130_fd_sc_hd__or3_4)
     3    0.006922    0.048592    0.198483    6.029126 v _2415_/X (sky130_fd_sc_hd__or3_4)
                                                         _0169_ (net)
                      0.048592    0.000147    6.029274 v _2420_/A1 (sky130_fd_sc_hd__a21o_1)
     4    0.012369    0.050834    0.130304    6.159577 v _2420_/X (sky130_fd_sc_hd__a21o_1)
                                                         _0174_ (net)
                      0.050834    0.000262    6.159840 v _2423_/A1 (sky130_fd_sc_hd__a21o_1)
     2    0.008677    0.041509    0.120846    6.280685 v _2423_/X (sky130_fd_sc_hd__a21o_1)
                                                         _0177_ (net)
                      0.041510    0.000270    6.280956 v _2426_/B (sky130_fd_sc_hd__xnor2_1)
     1    0.003286    0.039437    0.081149    6.362105 v _2426_/Y (sky130_fd_sc_hd__xnor2_1)
                                                         _0179_ (net)
                      0.039437    0.000077    6.362182 v _2427_/A1 (sky130_fd_sc_hd__mux2_4)
     1    0.002982    0.035665    0.144050    6.506232 v _2427_/X (sky130_fd_sc_hd__mux2_4)
                                                         _0024_ (net)
                      0.035665    0.000092    6.506324 v _3237_/D (sky130_fd_sc_hd__dfrtp_4)
                                              6.506324   data arrival time

                                  5.000000    5.000000   clock clk (rise edge)
                                  0.000000    5.000000   clock source latency
     2    0.041564    0.000000    0.000000    5.000000 ^ clk (in)
                                                         clk (net)
                      0.002183    0.001092    5.001091 ^ clkbuf_0_clk/A (sky130_fd_sc_hd__clkbuf_16)
    17    0.167907    0.139113    0.154300    5.155391 ^ clkbuf_0_clk/X (sky130_fd_sc_hd__clkbuf_16)
                                                         clknet_0_clk (net)
                      0.139798    0.007840    5.163231 ^ clkbuf_3_3__f_clk/A (sky130_fd_sc_hd__clkbuf_16)
    35    0.098256    0.088465    0.155034    5.318265 ^ clkbuf_3_3__f_clk/X (sky130_fd_sc_hd__clkbuf_16)
                                                         clknet_3_3__leaf_clk (net)
                      0.088680    0.003082    5.321348 ^ _3237_/CLK (sky130_fd_sc_hd__dfrtp_4)
                                 -0.100000    5.221347   clock uncertainty
                                  0.000000    5.221347   clock reconvergence pessimism
                                 -0.068482    5.152866   library setup time
                                              5.152866   data required time
---------------------------------------------------------------------------------------------
                                              5.152866   data required time
                                             -6.506324   data arrival time
---------------------------------------------------------------------------------------------
                                             -1.353458   slack (VIOLATED)




===========================================================================
report_checks --slack_max -0.01
============================================================================
======================= nom_ff_n40C_1v95 Corner ===================================

Startpoint: _3302_ (rising edge-triggered flip-flop clocked by clk)
Endpoint: _3237_ (rising edge-triggered flip-flop clocked by clk)
Path Group: clk
Path Type: max

Fanout         Cap        Slew       Delay        Time   Description
---------------------------------------------------------------------------------------------
                                  0.000000    0.000000   clock clk (rise edge)
                                  0.000000    0.000000   clock source latency
     2    0.041564    0.000000    0.000000    0.000000 ^ clk (in)
                                                         clk (net)
                      0.002183    0.001092    0.001092 ^ clkbuf_0_clk/A (sky130_fd_sc_hd__clkbuf_16)
    17    0.167907    0.139113    0.154299    0.155391 ^ clkbuf_0_clk/X (sky130_fd_sc_hd__clkbuf_16)
                                                         clknet_0_clk (net)
                      0.139858    0.008168    0.163559 ^ clkbuf_3_0__f_clk/A (sky130_fd_sc_hd__clkbuf_16)
    25    0.092845    0.084510    0.152382    0.315941 ^ clkbuf_3_0__f_clk/X (sky130_fd_sc_hd__clkbuf_16)
                                                         clknet_3_0__leaf_clk (net)
                      0.084710    0.003286    0.319227 ^ _3302_/CLK (sky130_fd_sc_hd__dfrtp_4)
     6    0.024518    0.062191    0.332133    0.651361 v _3302_/Q (sky130_fd_sc_hd__dfrtp_4)
                                                         B_reg[12] (net)
                      0.062191    0.001480    0.652840 v _1910_/C (sky130_fd_sc_hd__and3_1)
     3    0.007248    0.040350    0.138344    0.791184 v _1910_/X (sky130_fd_sc_hd__and3_1)
                                                         _1175_ (net)
                      0.040350    0.000167    0.791351 v _2300_/B (sky130_fd_sc_hd__or4_4)
     4    0.009590    0.064619    0.315526    1.106878 v _2300_/X (sky130_fd_sc_hd__or4_4)
                                                         _1553_ (net)
                      0.064619    0.000206    1.107084 v _2304_/A1 (sky130_fd_sc_hd__a21o_1)
     3    0.007619    0.038160    0.122813    1.229897 v _2304_/X (sky130_fd_sc_hd__a21o_1)
                                                         _1557_ (net)
                      0.038160    0.000181    1.230077 v _2307_/A2 (sky130_fd_sc_hd__a21oi_1)
     3    0.011143    0.189616    0.180590    1.410667 ^ _2307_/Y (sky130_fd_sc_hd__a21oi_1)
                                                         _1560_ (net)
                      0.189616    0.000182    1.410848 ^ _2311_/B (sky130_fd_sc_hd__xor2_1)
     3    0.010898    0.184482    0.169723    1.580572 ^ _2311_/X (sky130_fd_sc_hd__xor2_1)
                                                         _1564_ (net)
                      0.184482    0.000224    1.580795 ^ _2313_/A2 (sky130_fd_sc_hd__a21o_1)
     4    0.010680    0.075619    0.119881    1.700676 ^ _2313_/X (sky130_fd_sc_hd__a21o_1)
                                                         _1566_ (net)
                      0.075619    0.000264    1.700940 ^ _2318_/A1 (sky130_fd_sc_hd__a21oi_1)
     3    0.012003    0.066461    0.071782    1.772722 v _2318_/Y (sky130_fd_sc_hd__a21oi_1)
                                                         _1571_ (net)
                      0.066485    0.000294    1.773016 v _2321_/B (sky130_fd_sc_hd__or3_4)
     3    0.009106    0.050999    0.236655    2.009672 v _2321_/X (sky130_fd_sc_hd__or3_4)
                                                         _1574_ (net)
                      0.050999    0.000286    2.009957 v _2326_/A1 (sky130_fd_sc_hd__a21o_1)
     4    0.010995    0.047075    0.127868    2.137826 v _2326_/X (sky130_fd_sc_hd__a21o_1)
                                                         _1579_ (net)
                      0.047076    0.000349    2.138175 v _2327_/A2 (sky130_fd_sc_hd__a21oi_1)
     3    0.011774    0.198219    0.190262    2.328437 ^ _2327_/Y (sky130_fd_sc_hd__a21oi_1)
                                                         _1580_ (net)
                      0.198220    0.000255    2.328692 ^ _2331_/B (sky130_fd_sc_hd__xnor2_1)
     3    0.012476    0.217057    0.133151    2.461843 ^ _2331_/Y (sky130_fd_sc_hd__xnor2_1)
                                                         _1584_ (net)
                      0.217058    0.000315    2.462158 ^ _2334_/A2 (sky130_fd_sc_hd__a21o_1)
     5    0.017038    0.115712    0.149720    2.611879 ^ _2334_/X (sky130_fd_sc_hd__a21o_1)
                                                         _1587_ (net)
                      0.115712    0.000444    2.612323 ^ _2337_/A1 (sky130_fd_sc_hd__a21oi_1)
     3    0.011522    0.070824    0.079074    2.691397 v _2337_/Y (sky130_fd_sc_hd__a21oi_1)
                                                         _1590_ (net)
                      0.070826    0.000310    2.691707 v _2345_/B (sky130_fd_sc_hd__or3_4)
     3    0.008445    0.050264    0.237011    2.928719 v _2345_/X (sky130_fd_sc_hd__or3_4)
                                                         _1598_ (net)
                      0.050264    0.000161    2.928880 v _2347_/A1 (sky130_fd_sc_hd__a21o_1)
     4    0.011607    0.048749    0.129085    3.057965 v _2347_/X (sky130_fd_sc_hd__a21o_1)
                                                         _1600_ (net)
                      0.048751    0.000369    3.058335 v _2348_/A2 (sky130_fd_sc_hd__a21oi_1)
     3    0.013839    0.226941    0.211720    3.270055 ^ _2348_/Y (sky130_fd_sc_hd__a21oi_1)
                                                         _1601_ (net)
                      0.226942    0.000415    3.270469 ^ _2349_/B (sky130_fd_sc_hd__xnor2_1)
     3    0.011816    0.207636    0.129781    3.400250 ^ _2349_/Y (sky130_fd_sc_hd__xnor2_1)
                                                         _1602_ (net)
                      0.207636    0.000293    3.400544 ^ _2355_/A2 (sky130_fd_sc_hd__a21o_1)
     4    0.010806    0.076434    0.121568    3.522112 ^ _2355_/X (sky130_fd_sc_hd__a21o_1)
                                                         _0109_ (net)
                      0.076434    0.000319    3.522431 ^ _2360_/A1 (sky130_fd_sc_hd__a21oi_1)
     3    0.011380    0.066370    0.069855    3.592286 v _2360_/Y (sky130_fd_sc_hd__a21oi_1)
                                                         _0114_ (net)
                      0.066395    0.000320    3.592606 v _2364_/B (sky130_fd_sc_hd__or3_4)
     3    0.007920    0.049699    0.234470    3.827076 v _2364_/X (sky130_fd_sc_hd__or3_4)
                                                         _0118_ (net)
                      0.049699    0.000218    3.827295 v _2366_/A1 (sky130_fd_sc_hd__a21o_1)
     4    0.010303    0.045716    0.125370    3.952665 v _2366_/X (sky130_fd_sc_hd__a21o_1)
                                                         _0120_ (net)
                      0.045717    0.000221    3.952886 v _2370_/A (sky130_fd_sc_hd__and3_1)
     2    0.006003    0.036641    0.103556    4.056441 v _2370_/X (sky130_fd_sc_hd__and3_1)
                                                         _0124_ (net)
                      0.036641    0.000155    4.056596 v _2372_/C (sky130_fd_sc_hd__or3_4)
     3    0.008661    0.050504    0.201619    4.258215 v _2372_/X (sky130_fd_sc_hd__or3_4)
                                                         _0126_ (net)
                      0.050504    0.000106    4.258321 v _2378_/A1 (sky130_fd_sc_hd__a21o_1)
     3    0.009065    0.042678    0.121978    4.380299 v _2378_/X (sky130_fd_sc_hd__a21o_1)
                                                         _0132_ (net)
                      0.042678    0.000132    4.380431 v _2382_/A2 (sky130_fd_sc_hd__a21oi_2)
     3    0.013526    0.136336    0.146134    4.526565 ^ _2382_/Y (sky130_fd_sc_hd__a21oi_2)
                                                         _0136_ (net)
                      0.136336    0.000360    4.526925 ^ _2386_/B (sky130_fd_sc_hd__xnor2_1)
     3    0.010996    0.195979    0.124130    4.651055 ^ _2386_/Y (sky130_fd_sc_hd__xnor2_1)
                                                         _0140_ (net)
                      0.195979    0.000230    4.651285 ^ _2387_/A2 (sky130_fd_sc_hd__a21o_1)
     4    0.009875    0.070918    0.116792    4.768077 ^ _2387_/X (sky130_fd_sc_hd__a21o_1)
                                                         _0141_ (net)
                      0.070918    0.000217    4.768294 ^ rebuffer6/A (sky130_fd_sc_hd__dlymetal6s2s_1)
     1    0.010027    0.095492    0.109569    4.877863 ^ rebuffer6/X (sky130_fd_sc_hd__dlymetal6s2s_1)
                                                         net59 (net)
                      0.095492    0.000338    4.878202 ^ _2389_/A1 (sky130_fd_sc_hd__a21oi_4)
     4    0.019535    0.053430    0.051425    4.929626 v _2389_/Y (sky130_fd_sc_hd__a21oi_4)
                                                         _0143_ (net)
                      0.053434    0.000443    4.930070 v _2392_/B (sky130_fd_sc_hd__or3_4)
     3    0.006615    0.048256    0.227518    5.157588 v _2392_/X (sky130_fd_sc_hd__or3_4)
                                                         _0146_ (net)
                      0.048256    0.000165    5.157753 v _2397_/A1 (sky130_fd_sc_hd__a21o_1)
     4    0.010500    0.045960    0.125448    5.283201 v _2397_/X (sky130_fd_sc_hd__a21o_1)
                                                         _0151_ (net)
                      0.045960    0.000199    5.283401 v _2406_/A (sky130_fd_sc_hd__and3_1)
     2    0.006941    0.039446    0.106623    5.390023 v _2406_/X (sky130_fd_sc_hd__and3_1)
                                                         _0160_ (net)
                      0.039446    0.000195    5.390219 v _2408_/C (sky130_fd_sc_hd__or3_4)
     3    0.008446    0.050271    0.202003    5.592222 v _2408_/X (sky130_fd_sc_hd__or3_4)
                                                         _0162_ (net)
                      0.050271    0.000195    5.592416 v _2410_/A1 (sky130_fd_sc_hd__a21o_1)
     3    0.006542    0.034906    0.114214    5.706630 v _2410_/X (sky130_fd_sc_hd__a21o_1)
                                                         _0164_ (net)
                      0.034906    0.000123    5.706753 v _2413_/C (sky130_fd_sc_hd__and3_1)
     2    0.006086    0.036879    0.123759    5.830512 v _2413_/X (sky130_fd_sc_hd__and3_1)
                                                         _0167_ (net)
                      0.036879    0.000132    5.830644 v _2415_/C (sky130_fd_sc_hd__or3_4)
     3    0.006922    0.048592    0.198483    6.029126 v _2415_/X (sky130_fd_sc_hd__or3_4)
                                                         _0169_ (net)
                      0.048592    0.000147    6.029274 v _2420_/A1 (sky130_fd_sc_hd__a21o_1)
     4    0.012369    0.050834    0.130304    6.159577 v _2420_/X (sky130_fd_sc_hd__a21o_1)
                                                         _0174_ (net)
                      0.050834    0.000262    6.159840 v _2423_/A1 (sky130_fd_sc_hd__a21o_1)
     2    0.008677    0.041509    0.120846    6.280685 v _2423_/X (sky130_fd_sc_hd__a21o_1)
                                                         _0177_ (net)
                      0.041510    0.000270    6.280956 v _2426_/B (sky130_fd_sc_hd__xnor2_1)
     1    0.003286    0.039437    0.081149    6.362105 v _2426_/Y (sky130_fd_sc_hd__xnor2_1)
                                                         _0179_ (net)
                      0.039437    0.000077    6.362182 v _2427_/A1 (sky130_fd_sc_hd__mux2_4)
     1    0.002982    0.035665    0.144050    6.506232 v _2427_/X (sky130_fd_sc_hd__mux2_4)
                                                         _0024_ (net)
                      0.035665    0.000092    6.506324 v _3237_/D (sky130_fd_sc_hd__dfrtp_4)
                                              6.506324   data arrival time

                                  5.000000    5.000000   clock clk (rise edge)
                                  0.000000    5.000000   clock source latency
     2    0.041564    0.000000    0.000000    5.000000 ^ clk (in)
                                                         clk (net)
                      0.002183    0.001092    5.001091 ^ clkbuf_0_clk/A (sky130_fd_sc_hd__clkbuf_16)
    17    0.167907    0.139113    0.154300    5.155391 ^ clkbuf_0_clk/X (sky130_fd_sc_hd__clkbuf_16)
                                                         clknet_0_clk (net)
                      0.139798    0.007840    5.163231 ^ clkbuf_3_3__f_clk/A (sky130_fd_sc_hd__clkbuf_16)
    35    0.098256    0.088465    0.155034    5.318265 ^ clkbuf_3_3__f_clk/X (sky130_fd_sc_hd__clkbuf_16)
                                                         clknet_3_3__leaf_clk (net)
                      0.088680    0.003082    5.321348 ^ _3237_/CLK (sky130_fd_sc_hd__dfrtp_4)
                                 -0.100000    5.221347   clock uncertainty
                                  0.000000    5.221347   clock reconvergence pessimism
                                 -0.068482    5.152866   library setup time
                                              5.152866   data required time
---------------------------------------------------------------------------------------------
                                              5.152866   data required time
                                             -6.506324   data arrival time
---------------------------------------------------------------------------------------------
                                             -1.353458   slack (VIOLATED)




===========================================================================
 report_check_types -max_slew -max_cap -max_fanout -violators
============================================================================
======================= nom_ff_n40C_1v95 Corner ===================================



===========================================================================
report_parasitic_annotation -report_unannotated
============================================================================
Found 7 unannotated drivers.
 clkload0/Y
 clkload1/Y
 clkload2/Y
 clkload3/Y
 clkload4/Y
 clkload5/Y
 clkload6/Y
Found 0 partially unannotated drivers.

===========================================================================
max slew violation count 0
max fanout violation count 0
max cap violation count 0
============================================================================

===========================================================================
check_setup -verbose -unconstrained_endpoints -multiple_clock -no_clock -no_input_delay -loops -generated_clocks
===========================================================================
Warning: There are 36 input ports missing set_input_delay.
  A_in[0]
  A_in[10]
  A_in[11]
  A_in[12]
  A_in[13]
  A_in[14]
  A_in[15]
  A_in[1]
  A_in[2]
  A_in[3]
  A_in[4]
  A_in[5]
  A_in[6]
  A_in[7]
  A_in[8]
  A_in[9]
  B_in[0]
  B_in[10]
  B_in[11]
  B_in[12]
  B_in[13]
  B_in[14]
  B_in[15]
  B_in[1]
  B_in[2]
  B_in[3]
  B_in[4]
  B_in[5]
  B_in[6]
  B_in[7]
  B_in[8]
  B_in[9]
  Op_Sel[0]
  Op_Sel[1]
  Start
  rst_n
Warning: There are 17 unconstrained endpoints.
  Done
  X_out[0]
  X_out[10]
  X_out[11]
  X_out[12]
  X_out[13]
  X_out[14]
  X_out[15]
  X_out[1]
  X_out[2]
  X_out[3]
  X_out[4]
  X_out[5]
  X_out[6]
  X_out[7]
  X_out[8]
  X_out[9]
