
===========================================================================
report_checks -unconstrained
===========================================================================
======================= nom_tt_025C_1v80 Corner ===================================

Startpoint: _3302_ (rising edge-triggered flip-flop clocked by clk)
Endpoint: _3238_ (rising edge-triggered flip-flop clocked by clk)
Path Group: clk
Path Type: max

Fanout         Cap        Slew       Delay        Time   Description
---------------------------------------------------------------------------------------------
                                  0.000000    0.000000   clock clk (rise edge)
                                  0.000000    0.000000   clock source latency
   110    0.355895    0.000000    0.000000    0.000000 ^ clk (in)
                                                         clk (net)
                      0.042205    0.021103    0.021103 ^ _3302_/CLK (sky130_fd_sc_hd__dfrtp_2)
    15    0.058443    0.159625    0.514545    0.535647 v _3302_/Q (sky130_fd_sc_hd__dfrtp_2)
                                                         B_reg[12] (net)
                      0.159626    0.000675    0.536322 v _1910_/C (sky130_fd_sc_hd__and3_2)
     3    0.004875    0.043951    0.263127    0.799450 v _1910_/X (sky130_fd_sc_hd__and3_2)
                                                         _1175_ (net)
                      0.043951    0.000007    0.799457 v _2300_/B (sky130_fd_sc_hd__or4_2)
     4    0.010194    0.132872    0.686560    1.486017 v _2300_/X (sky130_fd_sc_hd__or4_2)
                                                         _1553_ (net)
                      0.132872    0.000035    1.486052 v _2304_/A2 (sky130_fd_sc_hd__a21o_2)
     3    0.011367    0.055355    0.267030    1.753082 v _2304_/X (sky130_fd_sc_hd__a21o_2)
                                                         _1557_ (net)
                      0.055355    0.000032    1.753113 v _2308_/C (sky130_fd_sc_hd__and3_2)
     2    0.006136    0.045905    0.219180    1.972293 v _2308_/X (sky130_fd_sc_hd__and3_2)
                                                         _1561_ (net)
                      0.045905    0.000013    1.972306 v _2310_/C (sky130_fd_sc_hd__or3_2)
     3    0.005774    0.088678    0.421867    2.394173 v _2310_/X (sky130_fd_sc_hd__or3_2)
                                                         _1563_ (net)
                      0.088678    0.000012    2.394185 v _2313_/A1 (sky130_fd_sc_hd__a21o_2)
     4    0.015647    0.063216    0.238056    2.632241 v _2313_/X (sky130_fd_sc_hd__a21o_2)
                                                         _1566_ (net)
                      0.063216    0.000073    2.632314 v _2319_/B (sky130_fd_sc_hd__and3_2)
     2    0.006816    0.047250    0.211051    2.843365 v _2319_/X (sky130_fd_sc_hd__and3_2)
                                                         _1572_ (net)
                      0.047250    0.000016    2.843381 v _2321_/C (sky130_fd_sc_hd__or3_2)
     3    0.006098    0.087653    0.423977    3.267358 v _2321_/X (sky130_fd_sc_hd__or3_2)
                                                         _1574_ (net)
                      0.087653    0.000027    3.267385 v _2326_/A1 (sky130_fd_sc_hd__a21o_2)
     4    0.013618    0.059081    0.233163    3.500548 v _2326_/X (sky130_fd_sc_hd__a21o_2)
                                                         _1579_ (net)
                      0.059081    0.000050    3.500598 v _2328_/C (sky130_fd_sc_hd__and3_2)
     2    0.006534    0.046687    0.222212    3.722810 v _2328_/X (sky130_fd_sc_hd__and3_2)
                                                         _1581_ (net)
                      0.046687    0.000021    3.722831 v _2330_/C (sky130_fd_sc_hd__or3_2)
     4    0.011303    0.108071    0.452874    4.175705 v _2330_/X (sky130_fd_sc_hd__or3_2)
                                                         _1583_ (net)
                      0.108071    0.000027    4.175732 v _2334_/A1 (sky130_fd_sc_hd__a21o_2)
     5    0.014706    0.061380    0.243783    4.419516 v _2334_/X (sky130_fd_sc_hd__a21o_2)
                                                         _1587_ (net)
                      0.061380    0.000030    4.419545 v _2338_/B (sky130_fd_sc_hd__and3_2)
     2    0.006400    0.046383    0.208834    4.628380 v _2338_/X (sky130_fd_sc_hd__and3_2)
                                                         _1591_ (net)
                      0.046383    0.000015    4.628395 v _2345_/C (sky130_fd_sc_hd__or3_2)
     3    0.006616    0.091627    0.426671    5.055066 v _2345_/X (sky130_fd_sc_hd__or3_2)
                                                         _1598_ (net)
                      0.091627    0.000013    5.055079 v _2347_/A1 (sky130_fd_sc_hd__a21o_2)
     4    0.011029    0.054471    0.227604    5.282683 v _2347_/X (sky130_fd_sc_hd__a21o_2)
                                                         _1600_ (net)
                      0.054471    0.000054    5.282737 v _2350_/C (sky130_fd_sc_hd__and3_2)
     2    0.006869    0.047409    0.221252    5.503989 v _2350_/X (sky130_fd_sc_hd__and3_2)
                                                         _1603_ (net)
                      0.047409    0.000034    5.504023 v _2352_/C (sky130_fd_sc_hd__or3_2)
     3    0.007040    0.090389    0.429264    5.933287 v _2352_/X (sky130_fd_sc_hd__or3_2)
                                                         _0106_ (net)
                      0.090389    0.000039    5.933326 v _2355_/A2 (sky130_fd_sc_hd__a21o_2)
     4    0.010307    0.052419    0.247216    6.180542 v _2355_/X (sky130_fd_sc_hd__a21o_2)
                                                         _0109_ (net)
                      0.052419    0.000031    6.180573 v _2362_/B (sky130_fd_sc_hd__and3_2)
     2    0.006669    0.046961    0.205752    6.386325 v _2362_/X (sky130_fd_sc_hd__and3_2)
                                                         _0116_ (net)
                      0.046961    0.000028    6.386353 v _2364_/C (sky130_fd_sc_hd__or3_2)
     3    0.005967    0.087272    0.423182    6.809535 v _2364_/X (sky130_fd_sc_hd__or3_2)
                                                         _0118_ (net)
                      0.087272    0.000023    6.809557 v _2366_/A2 (sky130_fd_sc_hd__a21o_2)
     4    0.013337    0.058481    0.255053    7.064611 v _2366_/X (sky130_fd_sc_hd__a21o_2)
                                                         _0120_ (net)
                      0.058481    0.000051    7.064662 v _2370_/B (sky130_fd_sc_hd__and3_2)
     2    0.006451    0.046507    0.207717    7.272379 v _2370_/X (sky130_fd_sc_hd__and3_2)
                                                         _0124_ (net)
                      0.046507    0.000019    7.272398 v _2372_/C (sky130_fd_sc_hd__or3_2)
     3    0.007212    0.093719    0.430023    7.702420 v _2372_/X (sky130_fd_sc_hd__or3_2)
                                                         _0126_ (net)
                      0.093719    0.000002    7.702422 v _2378_/A1 (sky130_fd_sc_hd__a21o_2)
     4    0.010751    0.053697    0.227558    7.929980 v _2378_/X (sky130_fd_sc_hd__a21o_2)
                                                         _0132_ (net)
                      0.053697    0.000034    7.930013 v _2383_/C (sky130_fd_sc_hd__and3_2)
     2    0.006740    0.047134    0.220473    8.150487 v _2383_/X (sky130_fd_sc_hd__and3_2)
                                                         _0137_ (net)
                      0.047134    0.000017    8.150503 v _2385_/C (sky130_fd_sc_hd__or3_2)
     3    0.006382    0.090812    0.425544    8.576048 v _2385_/X (sky130_fd_sc_hd__or3_2)
                                                         _0139_ (net)
                      0.090812    0.000014    8.576062 v _2387_/A1 (sky130_fd_sc_hd__a21o_2)
     4    0.010452    0.052833    0.225424    8.801486 v _2387_/X (sky130_fd_sc_hd__a21o_2)
                                                         _0141_ (net)
                      0.052833    0.000037    8.801523 v _2390_/B (sky130_fd_sc_hd__and3_2)
     3    0.009787    0.054440    0.216456    9.017980 v _2390_/X (sky130_fd_sc_hd__and3_2)
                                                         _0144_ (net)
                      0.054440    0.000027    9.018006 v _2392_/C (sky130_fd_sc_hd__or3_2)
     3    0.005263    0.086947    0.421130    9.439136 v _2392_/X (sky130_fd_sc_hd__or3_2)
                                                         _0146_ (net)
                      0.086947    0.000002    9.439137 v _2397_/A1 (sky130_fd_sc_hd__a21o_2)
     4    0.013092    0.057990    0.231720    9.670857 v _2397_/X (sky130_fd_sc_hd__a21o_2)
                                                         _0151_ (net)
                      0.057990    0.000029    9.670887 v _2406_/B (sky130_fd_sc_hd__and3_2)
     2    0.006425    0.046453    0.207412    9.878299 v _2406_/X (sky130_fd_sc_hd__and3_2)
                                                         _0160_ (net)
                      0.046453    0.000003    9.878301 v _2408_/C (sky130_fd_sc_hd__or3_2)
     3    0.009686    0.102397    0.443804   10.322105 v _2408_/X (sky130_fd_sc_hd__or3_2)
                                                         _0162_ (net)
                      0.102397    0.000023   10.322128 v _2410_/A2 (sky130_fd_sc_hd__a21o_2)
     3    0.008248    0.046897    0.245117   10.567245 v _2410_/X (sky130_fd_sc_hd__a21o_2)
                                                         _0164_ (net)
                      0.046897    0.000028   10.567273 v _2413_/C (sky130_fd_sc_hd__and3_2)
     2    0.006395    0.046318    0.216376   10.783649 v _2413_/X (sky130_fd_sc_hd__and3_2)
                                                         _0167_ (net)
                      0.046318    0.000013   10.783663 v _2415_/C (sky130_fd_sc_hd__or3_2)
     3    0.005893    0.089090    0.422623   11.206286 v _2415_/X (sky130_fd_sc_hd__or3_2)
                                                         _0169_ (net)
                      0.089090    0.000019   11.206305 v _2420_/A1 (sky130_fd_sc_hd__a21o_2)
     4    0.012405    0.056609    0.231010   11.437315 v _2420_/X (sky130_fd_sc_hd__a21o_2)
                                                         _0174_ (net)
                      0.056609    0.000020   11.437334 v _2428_/A1 (sky130_fd_sc_hd__a21bo_2)
     1    0.008093    0.049050    0.208304   11.645638 v _2428_/X (sky130_fd_sc_hd__a21bo_2)
                                                         _0180_ (net)
                      0.049050    0.000009   11.645646 v _2429_/B (sky130_fd_sc_hd__xor2_2)
     1    0.002399    0.055463    0.133155   11.778801 v _2429_/X (sky130_fd_sc_hd__xor2_2)
                                                         _0181_ (net)
                      0.055463    0.000005   11.778807 v _2430_/A1 (sky130_fd_sc_hd__mux2_1)
     1    0.002262    0.053447    0.285401   12.064208 v _2430_/X (sky130_fd_sc_hd__mux2_1)
                                                         _0025_ (net)
                      0.053447    0.000004   12.064211 v _3238_/D (sky130_fd_sc_hd__dfrtp_2)
                                             12.064211   data arrival time

                                 20.000000   20.000000   clock clk (rise edge)
                                  0.000000   20.000000   clock source latency
   110    0.355895    0.000000    0.000000   20.000000 ^ clk (in)
                                                         clk (net)
                      0.041073    0.020536   20.020536 ^ _3238_/CLK (sky130_fd_sc_hd__dfrtp_2)
                                 -0.100000   19.920536   clock uncertainty
                                  0.000000   19.920536   clock reconvergence pessimism
                                 -0.120110   19.800426   library setup time
                                             19.800426   data required time
---------------------------------------------------------------------------------------------
                                             19.800426   data required time
                                            -12.064211   data arrival time
---------------------------------------------------------------------------------------------
                                              7.736216   slack (MET)




===========================================================================
report_checks --slack_max -0.01
============================================================================
======================= nom_tt_025C_1v80 Corner ===================================

No paths found.


===========================================================================
 report_check_types -max_slew -max_cap -max_fanout -violators
============================================================================
======================= nom_tt_025C_1v80 Corner ===================================



===========================================================================
report_parasitic_annotation -report_unannotated
============================================================================
Found 0 unannotated drivers.
Found 0 partially unannotated drivers.

===========================================================================
max slew violation count 0
Writing metric design__max_slew_violation__count__corner:nom_tt_025C_1v80: 0
max fanout violation count 0
Writing metric design__max_fanout_violation__count__corner:nom_tt_025C_1v80: 0
max cap violation count 0
Writing metric design__max_cap_violation__count__corner:nom_tt_025C_1v80: 0
============================================================================

===========================================================================
check_setup -verbose -unconstrained_endpoints -multiple_clock -no_clock -no_input_delay -loops -generated_clocks
===========================================================================
Warning: There are 36 input ports missing set_input_delay.
  A_in[0]
  A_in[10]
  A_in[11]
  A_in[12]
  A_in[13]
  A_in[14]
  A_in[15]
  A_in[1]
  A_in[2]
  A_in[3]
  A_in[4]
  A_in[5]
  A_in[6]
  A_in[7]
  A_in[8]
  A_in[9]
  B_in[0]
  B_in[10]
  B_in[11]
  B_in[12]
  B_in[13]
  B_in[14]
  B_in[15]
  B_in[1]
  B_in[2]
  B_in[3]
  B_in[4]
  B_in[5]
  B_in[6]
  B_in[7]
  B_in[8]
  B_in[9]
  Op_Sel[0]
  Op_Sel[1]
  Start
  rst_n
Warning: There are 17 unconstrained endpoints.
  Done
  X_out[0]
  X_out[10]
  X_out[11]
  X_out[12]
  X_out[13]
  X_out[14]
  X_out[15]
  X_out[1]
  X_out[2]
  X_out[3]
  X_out[4]
  X_out[5]
  X_out[6]
  X_out[7]
  X_out[8]
  X_out[9]
