Clock: clk
Sources: clk 
Generated: no
Virtual: yes
Propagated: no
Period: 10.375000

===========================================================================
report_clock_properties
============================================================================
Clock                   Period          Waveform
----------------------------------------------------
clk                  10.375000    0.000000  5.187500

===========================================================================
report_clock_latency
============================================================================
Clock clk
rise -> rise
    min     max
0.000000 0.000000 source latency
0.001774         network latency _3265_/CLK
        0.021971 network latency _3295_/CLK
---------------
0.001774 0.021971 latency
        0.020198 skew

fall -> fall
    min     max
0.000000 0.000000 source latency
0.001692         network latency _3265_/CLK
        0.020961 network latency _3295_/CLK
---------------
0.001692 0.020961 latency
        0.019269 skew



===========================================================================
report_clock_min_period
============================================================================
clk period_min = 12.26 fmax = 81.53
