
===========================================================================
report_checks -unconstrained
===========================================================================
======================= nom_ss_100C_1v60 Corner ===================================

Startpoint: _3302_ (rising edge-triggered flip-flop clocked by clk)
Endpoint: _3238_ (rising edge-triggered flip-flop clocked by clk)
Path Group: clk
Path Type: max

Fanout         Cap        Slew       Delay        Time   Description
---------------------------------------------------------------------------------------------
                                  0.000000    0.000000   clock clk (rise edge)
                                  0.000000    0.000000   clock source latency
     2    0.043812    0.000000    0.000000    0.000000 ^ clk (in)
                                                         clk (net)
                      0.002291    0.001145    0.001145 ^ clkbuf_0_clk/A (sky130_fd_sc_hd__clkbuf_16)
    17    0.164396    0.267047    0.352300    0.353446 ^ clkbuf_0_clk/X (sky130_fd_sc_hd__clkbuf_16)
                                                         clknet_0_clk (net)
                      0.267383    0.007814    0.361259 ^ clkbuf_3_0__f_clk/A (sky130_fd_sc_hd__clkbuf_16)
    25    0.095796    0.170526    0.398694    0.759953 ^ clkbuf_3_0__f_clk/X (sky130_fd_sc_hd__clkbuf_16)
                                                         clknet_3_0__leaf_clk (net)
                      0.170592    0.003168    0.763121 ^ _3302_/CLK (sky130_fd_sc_hd__dfrtp_4)
     6    0.022840    0.162460    1.104546    1.867667 v _3302_/Q (sky130_fd_sc_hd__dfrtp_4)
                                                         B_reg[12] (net)
                      0.162460    0.001271    1.868939 v _1910_/C (sky130_fd_sc_hd__and3_1)
     3    0.007333    0.107456    0.446879    2.315817 v _1910_/X (sky130_fd_sc_hd__and3_1)
                                                         _1175_ (net)
                      0.107456    0.000197    2.316014 v _2300_/A (sky130_fd_sc_hd__or4_4)
     4    0.009584    0.172700    1.093843    3.409857 v _2300_/X (sky130_fd_sc_hd__or4_4)
                                                         _1553_ (net)
                      0.172700    0.000204    3.410062 v _2304_/A1 (sky130_fd_sc_hd__a21o_1)
     3    0.008361    0.103387    0.374515    3.784576 v _2304_/X (sky130_fd_sc_hd__a21o_1)
                                                         _1557_ (net)
                      0.103387    0.000228    3.784805 v _2307_/A2 (sky130_fd_sc_hd__a21oi_1)
     3    0.010953    0.414657    0.430160    4.214964 ^ _2307_/Y (sky130_fd_sc_hd__a21oi_1)
                                                         _1560_ (net)
                      0.414657    0.000170    4.215134 ^ _2311_/B (sky130_fd_sc_hd__xor2_1)
     3    0.010240    0.396709    0.517418    4.732552 ^ _2311_/X (sky130_fd_sc_hd__xor2_1)
                                                         _1564_ (net)
                      0.396709    0.000247    4.732800 ^ _2313_/A2 (sky130_fd_sc_hd__a21o_1)
     4    0.010692    0.162664    0.407095    5.139894 ^ _2313_/X (sky130_fd_sc_hd__a21o_1)
                                                         _1566_ (net)
                      0.162664    0.000270    5.140164 ^ _2318_/A1 (sky130_fd_sc_hd__a21oi_1)
     3    0.011565    0.216348    0.259308    5.399472 v _2318_/Y (sky130_fd_sc_hd__a21oi_1)
                                                         _1571_ (net)
                      0.216348    0.000266    5.399738 v _2321_/B (sky130_fd_sc_hd__or3_4)
     3    0.007157    0.128161    0.787182    6.186920 v _2321_/X (sky130_fd_sc_hd__or3_4)
                                                         _1574_ (net)
                      0.128161    0.000127    6.187047 v _2326_/A1 (sky130_fd_sc_hd__a21o_1)
     4    0.009817    0.115030    0.366251    6.553298 v _2326_/X (sky130_fd_sc_hd__a21o_1)
                                                         _1579_ (net)
                      0.115030    0.000215    6.553513 v _2328_/A (sky130_fd_sc_hd__and3_1)
     2    0.006621    0.101758    0.347299    6.900812 v _2328_/X (sky130_fd_sc_hd__and3_1)
                                                         _1581_ (net)
                      0.101758    0.000188    6.901000 v _2330_/A (sky130_fd_sc_hd__or3_4)
     3    0.007017    0.127885    0.776034    7.677034 v _2330_/X (sky130_fd_sc_hd__or3_4)
                                                         _1583_ (net)
                      0.127885    0.000192    7.677226 v _2334_/A1 (sky130_fd_sc_hd__a21o_1)
     4    0.010250    0.118769    0.369392    8.046618 v _2334_/X (sky130_fd_sc_hd__a21o_1)
                                                         _1587_ (net)
                      0.118769    0.000250    8.046867 v _2338_/A (sky130_fd_sc_hd__and3_1)
     2    0.006127    0.097898    0.345048    8.391915 v _2338_/X (sky130_fd_sc_hd__and3_1)
                                                         _1591_ (net)
                      0.097898    0.000182    8.392097 v _2345_/C (sky130_fd_sc_hd__or3_4)
     3    0.008515    0.131558    0.679972    9.072068 v _2345_/X (sky130_fd_sc_hd__or3_4)
                                                         _1598_ (net)
                      0.131558    0.000193    9.072262 v _2347_/A1 (sky130_fd_sc_hd__a21o_1)
     4    0.010131    0.117638    0.370105    9.442367 v _2347_/X (sky130_fd_sc_hd__a21o_1)
                                                         _1600_ (net)
                      0.117638    0.000265    9.442631 v _2348_/A2 (sky130_fd_sc_hd__a21oi_1)
     3    0.013729    0.500954    0.500354    9.942985 ^ _2348_/Y (sky130_fd_sc_hd__a21oi_1)
                                                         _1601_ (net)
                      0.500954    0.000429    9.943414 ^ _2349_/B (sky130_fd_sc_hd__xnor2_1)
     3    0.017007    0.651387    0.497515   10.440928 ^ _2349_/Y (sky130_fd_sc_hd__xnor2_1)
                                                         _1602_ (net)
                      0.651387    0.000405   10.441334 ^ _2355_/A2 (sky130_fd_sc_hd__a21o_1)
     4    0.009183    0.145416    0.476088   10.917421 ^ _2355_/X (sky130_fd_sc_hd__a21o_1)
                                                         _0109_ (net)
                      0.145416    0.000218   10.917640 ^ _2360_/A1 (sky130_fd_sc_hd__a21oi_1)
     3    0.011613    0.216964    0.252471   11.170111 v _2360_/Y (sky130_fd_sc_hd__a21oi_1)
                                                         _0114_ (net)
                      0.216964    0.000335   11.170445 v _2364_/B (sky130_fd_sc_hd__or3_4)
     3    0.007513    0.129056    0.789162   11.959607 v _2364_/X (sky130_fd_sc_hd__or3_4)
                                                         _0118_ (net)
                      0.129056    0.000204   11.959811 v _2366_/A1 (sky130_fd_sc_hd__a21o_1)
     4    0.011274    0.127018    0.377604   12.337415 v _2366_/X (sky130_fd_sc_hd__a21o_1)
                                                         _0120_ (net)
                      0.127018    0.000352   12.337767 v _2370_/A (sky130_fd_sc_hd__and3_1)
     2    0.006970    0.104527    0.355888   12.693654 v _2370_/X (sky130_fd_sc_hd__and3_1)
                                                         _0124_ (net)
                      0.104527    0.000203   12.693857 v _2372_/C (sky130_fd_sc_hd__or3_4)
     3    0.009125    0.133014    0.685222   13.379079 v _2372_/X (sky130_fd_sc_hd__or3_4)
                                                         _0126_ (net)
                      0.133014    0.000210   13.379289 v _2378_/A1 (sky130_fd_sc_hd__a21o_1)
     4    0.009995    0.116486    0.369740   13.749028 v _2378_/X (sky130_fd_sc_hd__a21o_1)
                                                         _0132_ (net)
                      0.116486    0.000159   13.749187 v _2383_/A (sky130_fd_sc_hd__and3_1)
     2    0.007493    0.108766    0.355116   14.104303 v _2383_/X (sky130_fd_sc_hd__and3_1)
                                                         _0137_ (net)
                      0.108766    0.000223   14.104526 v _2385_/C (sky130_fd_sc_hd__or3_4)
     3    0.008353    0.131086    0.682865   14.787392 v _2385_/X (sky130_fd_sc_hd__or3_4)
                                                         _0139_ (net)
                      0.131086    0.000184   14.787575 v _2387_/A1 (sky130_fd_sc_hd__a21o_1)
     4    0.012568    0.137696    0.388392   15.175967 v _2387_/X (sky130_fd_sc_hd__a21o_1)
                                                         _0141_ (net)
                      0.137696    0.000215   15.176183 v _2390_/A (sky130_fd_sc_hd__and3_1)
     3    0.011527    0.143096    0.398149   15.574331 v _2390_/X (sky130_fd_sc_hd__and3_1)
                                                         _0144_ (net)
                      0.143096    0.000249   15.574580 v _2392_/C (sky130_fd_sc_hd__or3_4)
     3    0.007604    0.129143    0.690839   16.265419 v _2392_/X (sky130_fd_sc_hd__or3_4)
                                                         _0146_ (net)
                      0.129143    0.000151   16.265572 v _2397_/A1 (sky130_fd_sc_hd__a21o_1)
     4    0.010561    0.121100    0.372335   16.637905 v _2397_/X (sky130_fd_sc_hd__a21o_1)
                                                         _0151_ (net)
                      0.121100    0.000158   16.638063 v _2406_/A (sky130_fd_sc_hd__and3_1)
     2    0.006451    0.100399    0.348825   16.986889 v _2406_/X (sky130_fd_sc_hd__and3_1)
                                                         _0160_ (net)
                      0.100399    0.000108   16.986998 v _2408_/C (sky130_fd_sc_hd__or3_4)
     3    0.008671    0.131923    0.681586   17.668583 v _2408_/X (sky130_fd_sc_hd__or3_4)
                                                         _0162_ (net)
                      0.131923    0.000169   17.668753 v _2410_/A1 (sky130_fd_sc_hd__a21o_1)
     3    0.006752    0.090804    0.344636   18.013388 v _2410_/X (sky130_fd_sc_hd__a21o_1)
                                                         _0164_ (net)
                      0.090804    0.000194   18.013582 v _2413_/A (sky130_fd_sc_hd__and3_1)
     2    0.006175    0.098244    0.332083   18.345665 v _2413_/X (sky130_fd_sc_hd__and3_1)
                                                         _0167_ (net)
                      0.098244    0.000137   18.345802 v _2415_/C (sky130_fd_sc_hd__or3_4)
     3    0.006469    0.126166    0.669711   19.015512 v _2415_/X (sky130_fd_sc_hd__or3_4)
                                                         _0169_ (net)
                      0.126166    0.000139   19.015652 v _2420_/A1 (sky130_fd_sc_hd__a21o_1)
     3    0.008775    0.106657    0.357499   19.373150 v _2420_/X (sky130_fd_sc_hd__a21o_1)
                                                         _0174_ (net)
                      0.106657    0.000167   19.373318 v _2428_/A1 (sky130_fd_sc_hd__a21bo_1)
     1    0.004415    0.075807    0.335675   19.708992 v _2428_/X (sky130_fd_sc_hd__a21bo_1)
                                                         _0180_ (net)
                      0.075807    0.000085   19.709078 v _2429_/B (sky130_fd_sc_hd__xor2_1)
     1    0.002597    0.120472    0.261860   19.970938 v _2429_/X (sky130_fd_sc_hd__xor2_1)
                                                         _0181_ (net)
                      0.120472    0.000053   19.970991 v _2430_/A1 (sky130_fd_sc_hd__mux2_4)
     1    0.002169    0.076324    0.481776   20.452766 v _2430_/X (sky130_fd_sc_hd__mux2_4)
                                                         _0025_ (net)
                      0.076324    0.000043   20.452810 v _3238_/D (sky130_fd_sc_hd__dfrtp_4)
                                             20.452810   data arrival time

                                 10.500000   10.500000   clock clk (rise edge)
                                  0.000000   10.500000   clock source latency
     2    0.043812    0.000000    0.000000   10.500000 ^ clk (in)
                                                         clk (net)
                      0.002291    0.001146   10.501146 ^ clkbuf_0_clk/A (sky130_fd_sc_hd__clkbuf_16)
    17    0.164396    0.267047    0.352300   10.853446 ^ clkbuf_0_clk/X (sky130_fd_sc_hd__clkbuf_16)
                                                         clknet_0_clk (net)
                      0.267337    0.007268   10.860714 ^ clkbuf_3_3__f_clk/A (sky130_fd_sc_hd__clkbuf_16)
    35    0.098967    0.174962    0.401827   11.262541 ^ clkbuf_3_3__f_clk/X (sky130_fd_sc_hd__clkbuf_16)
                                                         clknet_3_3__leaf_clk (net)
                      0.174999    0.002559   11.265100 ^ _3238_/CLK (sky130_fd_sc_hd__dfrtp_4)
                                 -0.100000   11.165099   clock uncertainty
                                  0.000000   11.165099   clock reconvergence pessimism
                                 -0.249505   10.915594   library setup time
                                             10.915594   data required time
---------------------------------------------------------------------------------------------
                                             10.915594   data required time
                                            -20.452810   data arrival time
---------------------------------------------------------------------------------------------
                                             -9.537216   slack (VIOLATED)




===========================================================================
report_checks --slack_max -0.01
============================================================================
======================= nom_ss_100C_1v60 Corner ===================================

Startpoint: _3302_ (rising edge-triggered flip-flop clocked by clk)
Endpoint: _3238_ (rising edge-triggered flip-flop clocked by clk)
Path Group: clk
Path Type: max

Fanout         Cap        Slew       Delay        Time   Description
---------------------------------------------------------------------------------------------
                                  0.000000    0.000000   clock clk (rise edge)
                                  0.000000    0.000000   clock source latency
     2    0.043812    0.000000    0.000000    0.000000 ^ clk (in)
                                                         clk (net)
                      0.002291    0.001145    0.001145 ^ clkbuf_0_clk/A (sky130_fd_sc_hd__clkbuf_16)
    17    0.164396    0.267047    0.352300    0.353446 ^ clkbuf_0_clk/X (sky130_fd_sc_hd__clkbuf_16)
                                                         clknet_0_clk (net)
                      0.267383    0.007814    0.361259 ^ clkbuf_3_0__f_clk/A (sky130_fd_sc_hd__clkbuf_16)
    25    0.095796    0.170526    0.398694    0.759953 ^ clkbuf_3_0__f_clk/X (sky130_fd_sc_hd__clkbuf_16)
                                                         clknet_3_0__leaf_clk (net)
                      0.170592    0.003168    0.763121 ^ _3302_/CLK (sky130_fd_sc_hd__dfrtp_4)
     6    0.022840    0.162460    1.104546    1.867667 v _3302_/Q (sky130_fd_sc_hd__dfrtp_4)
                                                         B_reg[12] (net)
                      0.162460    0.001271    1.868939 v _1910_/C (sky130_fd_sc_hd__and3_1)
     3    0.007333    0.107456    0.446879    2.315817 v _1910_/X (sky130_fd_sc_hd__and3_1)
                                                         _1175_ (net)
                      0.107456    0.000197    2.316014 v _2300_/A (sky130_fd_sc_hd__or4_4)
     4    0.009584    0.172700    1.093843    3.409857 v _2300_/X (sky130_fd_sc_hd__or4_4)
                                                         _1553_ (net)
                      0.172700    0.000204    3.410062 v _2304_/A1 (sky130_fd_sc_hd__a21o_1)
     3    0.008361    0.103387    0.374515    3.784576 v _2304_/X (sky130_fd_sc_hd__a21o_1)
                                                         _1557_ (net)
                      0.103387    0.000228    3.784805 v _2307_/A2 (sky130_fd_sc_hd__a21oi_1)
     3    0.010953    0.414657    0.430160    4.214964 ^ _2307_/Y (sky130_fd_sc_hd__a21oi_1)
                                                         _1560_ (net)
                      0.414657    0.000170    4.215134 ^ _2311_/B (sky130_fd_sc_hd__xor2_1)
     3    0.010240    0.396709    0.517418    4.732552 ^ _2311_/X (sky130_fd_sc_hd__xor2_1)
                                                         _1564_ (net)
                      0.396709    0.000247    4.732800 ^ _2313_/A2 (sky130_fd_sc_hd__a21o_1)
     4    0.010692    0.162664    0.407095    5.139894 ^ _2313_/X (sky130_fd_sc_hd__a21o_1)
                                                         _1566_ (net)
                      0.162664    0.000270    5.140164 ^ _2318_/A1 (sky130_fd_sc_hd__a21oi_1)
     3    0.011565    0.216348    0.259308    5.399472 v _2318_/Y (sky130_fd_sc_hd__a21oi_1)
                                                         _1571_ (net)
                      0.216348    0.000266    5.399738 v _2321_/B (sky130_fd_sc_hd__or3_4)
     3    0.007157    0.128161    0.787182    6.186920 v _2321_/X (sky130_fd_sc_hd__or3_4)
                                                         _1574_ (net)
                      0.128161    0.000127    6.187047 v _2326_/A1 (sky130_fd_sc_hd__a21o_1)
     4    0.009817    0.115030    0.366251    6.553298 v _2326_/X (sky130_fd_sc_hd__a21o_1)
                                                         _1579_ (net)
                      0.115030    0.000215    6.553513 v _2328_/A (sky130_fd_sc_hd__and3_1)
     2    0.006621    0.101758    0.347299    6.900812 v _2328_/X (sky130_fd_sc_hd__and3_1)
                                                         _1581_ (net)
                      0.101758    0.000188    6.901000 v _2330_/A (sky130_fd_sc_hd__or3_4)
     3    0.007017    0.127885    0.776034    7.677034 v _2330_/X (sky130_fd_sc_hd__or3_4)
                                                         _1583_ (net)
                      0.127885    0.000192    7.677226 v _2334_/A1 (sky130_fd_sc_hd__a21o_1)
     4    0.010250    0.118769    0.369392    8.046618 v _2334_/X (sky130_fd_sc_hd__a21o_1)
                                                         _1587_ (net)
                      0.118769    0.000250    8.046867 v _2338_/A (sky130_fd_sc_hd__and3_1)
     2    0.006127    0.097898    0.345048    8.391915 v _2338_/X (sky130_fd_sc_hd__and3_1)
                                                         _1591_ (net)
                      0.097898    0.000182    8.392097 v _2345_/C (sky130_fd_sc_hd__or3_4)
     3    0.008515    0.131558    0.679972    9.072068 v _2345_/X (sky130_fd_sc_hd__or3_4)
                                                         _1598_ (net)
                      0.131558    0.000193    9.072262 v _2347_/A1 (sky130_fd_sc_hd__a21o_1)
     4    0.010131    0.117638    0.370105    9.442367 v _2347_/X (sky130_fd_sc_hd__a21o_1)
                                                         _1600_ (net)
                      0.117638    0.000265    9.442631 v _2348_/A2 (sky130_fd_sc_hd__a21oi_1)
     3    0.013729    0.500954    0.500354    9.942985 ^ _2348_/Y (sky130_fd_sc_hd__a21oi_1)
                                                         _1601_ (net)
                      0.500954    0.000429    9.943414 ^ _2349_/B (sky130_fd_sc_hd__xnor2_1)
     3    0.017007    0.651387    0.497515   10.440928 ^ _2349_/Y (sky130_fd_sc_hd__xnor2_1)
                                                         _1602_ (net)
                      0.651387    0.000405   10.441334 ^ _2355_/A2 (sky130_fd_sc_hd__a21o_1)
     4    0.009183    0.145416    0.476088   10.917421 ^ _2355_/X (sky130_fd_sc_hd__a21o_1)
                                                         _0109_ (net)
                      0.145416    0.000218   10.917640 ^ _2360_/A1 (sky130_fd_sc_hd__a21oi_1)
     3    0.011613    0.216964    0.252471   11.170111 v _2360_/Y (sky130_fd_sc_hd__a21oi_1)
                                                         _0114_ (net)
                      0.216964    0.000335   11.170445 v _2364_/B (sky130_fd_sc_hd__or3_4)
     3    0.007513    0.129056    0.789162   11.959607 v _2364_/X (sky130_fd_sc_hd__or3_4)
                                                         _0118_ (net)
                      0.129056    0.000204   11.959811 v _2366_/A1 (sky130_fd_sc_hd__a21o_1)
     4    0.011274    0.127018    0.377604   12.337415 v _2366_/X (sky130_fd_sc_hd__a21o_1)
                                                         _0120_ (net)
                      0.127018    0.000352   12.337767 v _2370_/A (sky130_fd_sc_hd__and3_1)
     2    0.006970    0.104527    0.355888   12.693654 v _2370_/X (sky130_fd_sc_hd__and3_1)
                                                         _0124_ (net)
                      0.104527    0.000203   12.693857 v _2372_/C (sky130_fd_sc_hd__or3_4)
     3    0.009125    0.133014    0.685222   13.379079 v _2372_/X (sky130_fd_sc_hd__or3_4)
                                                         _0126_ (net)
                      0.133014    0.000210   13.379289 v _2378_/A1 (sky130_fd_sc_hd__a21o_1)
     4    0.009995    0.116486    0.369740   13.749028 v _2378_/X (sky130_fd_sc_hd__a21o_1)
                                                         _0132_ (net)
                      0.116486    0.000159   13.749187 v _2383_/A (sky130_fd_sc_hd__and3_1)
     2    0.007493    0.108766    0.355116   14.104303 v _2383_/X (sky130_fd_sc_hd__and3_1)
                                                         _0137_ (net)
                      0.108766    0.000223   14.104526 v _2385_/C (sky130_fd_sc_hd__or3_4)
     3    0.008353    0.131086    0.682865   14.787392 v _2385_/X (sky130_fd_sc_hd__or3_4)
                                                         _0139_ (net)
                      0.131086    0.000184   14.787575 v _2387_/A1 (sky130_fd_sc_hd__a21o_1)
     4    0.012568    0.137696    0.388392   15.175967 v _2387_/X (sky130_fd_sc_hd__a21o_1)
                                                         _0141_ (net)
                      0.137696    0.000215   15.176183 v _2390_/A (sky130_fd_sc_hd__and3_1)
     3    0.011527    0.143096    0.398149   15.574331 v _2390_/X (sky130_fd_sc_hd__and3_1)
                                                         _0144_ (net)
                      0.143096    0.000249   15.574580 v _2392_/C (sky130_fd_sc_hd__or3_4)
     3    0.007604    0.129143    0.690839   16.265419 v _2392_/X (sky130_fd_sc_hd__or3_4)
                                                         _0146_ (net)
                      0.129143    0.000151   16.265572 v _2397_/A1 (sky130_fd_sc_hd__a21o_1)
     4    0.010561    0.121100    0.372335   16.637905 v _2397_/X (sky130_fd_sc_hd__a21o_1)
                                                         _0151_ (net)
                      0.121100    0.000158   16.638063 v _2406_/A (sky130_fd_sc_hd__and3_1)
     2    0.006451    0.100399    0.348825   16.986889 v _2406_/X (sky130_fd_sc_hd__and3_1)
                                                         _0160_ (net)
                      0.100399    0.000108   16.986998 v _2408_/C (sky130_fd_sc_hd__or3_4)
     3    0.008671    0.131923    0.681586   17.668583 v _2408_/X (sky130_fd_sc_hd__or3_4)
                                                         _0162_ (net)
                      0.131923    0.000169   17.668753 v _2410_/A1 (sky130_fd_sc_hd__a21o_1)
     3    0.006752    0.090804    0.344636   18.013388 v _2410_/X (sky130_fd_sc_hd__a21o_1)
                                                         _0164_ (net)
                      0.090804    0.000194   18.013582 v _2413_/A (sky130_fd_sc_hd__and3_1)
     2    0.006175    0.098244    0.332083   18.345665 v _2413_/X (sky130_fd_sc_hd__and3_1)
                                                         _0167_ (net)
                      0.098244    0.000137   18.345802 v _2415_/C (sky130_fd_sc_hd__or3_4)
     3    0.006469    0.126166    0.669711   19.015512 v _2415_/X (sky130_fd_sc_hd__or3_4)
                                                         _0169_ (net)
                      0.126166    0.000139   19.015652 v _2420_/A1 (sky130_fd_sc_hd__a21o_1)
     3    0.008775    0.106657    0.357499   19.373150 v _2420_/X (sky130_fd_sc_hd__a21o_1)
                                                         _0174_ (net)
                      0.106657    0.000167   19.373318 v _2428_/A1 (sky130_fd_sc_hd__a21bo_1)
     1    0.004415    0.075807    0.335675   19.708992 v _2428_/X (sky130_fd_sc_hd__a21bo_1)
                                                         _0180_ (net)
                      0.075807    0.000085   19.709078 v _2429_/B (sky130_fd_sc_hd__xor2_1)
     1    0.002597    0.120472    0.261860   19.970938 v _2429_/X (sky130_fd_sc_hd__xor2_1)
                                                         _0181_ (net)
                      0.120472    0.000053   19.970991 v _2430_/A1 (sky130_fd_sc_hd__mux2_4)
     1    0.002169    0.076324    0.481776   20.452766 v _2430_/X (sky130_fd_sc_hd__mux2_4)
                                                         _0025_ (net)
                      0.076324    0.000043   20.452810 v _3238_/D (sky130_fd_sc_hd__dfrtp_4)
                                             20.452810   data arrival time

                                 10.500000   10.500000   clock clk (rise edge)
                                  0.000000   10.500000   clock source latency
     2    0.043812    0.000000    0.000000   10.500000 ^ clk (in)
                                                         clk (net)
                      0.002291    0.001146   10.501146 ^ clkbuf_0_clk/A (sky130_fd_sc_hd__clkbuf_16)
    17    0.164396    0.267047    0.352300   10.853446 ^ clkbuf_0_clk/X (sky130_fd_sc_hd__clkbuf_16)
                                                         clknet_0_clk (net)
                      0.267337    0.007268   10.860714 ^ clkbuf_3_3__f_clk/A (sky130_fd_sc_hd__clkbuf_16)
    35    0.098967    0.174962    0.401827   11.262541 ^ clkbuf_3_3__f_clk/X (sky130_fd_sc_hd__clkbuf_16)
                                                         clknet_3_3__leaf_clk (net)
                      0.174999    0.002559   11.265100 ^ _3238_/CLK (sky130_fd_sc_hd__dfrtp_4)
                                 -0.100000   11.165099   clock uncertainty
                                  0.000000   11.165099   clock reconvergence pessimism
                                 -0.249505   10.915594   library setup time
                                             10.915594   data required time
---------------------------------------------------------------------------------------------
                                             10.915594   data required time
                                            -20.452810   data arrival time
---------------------------------------------------------------------------------------------
                                             -9.537216   slack (VIOLATED)




===========================================================================
 report_check_types -max_slew -max_cap -max_fanout -violators
============================================================================
======================= nom_ss_100C_1v60 Corner ===================================



===========================================================================
report_parasitic_annotation -report_unannotated
============================================================================
Found 7 unannotated drivers.
 clkload0/Y
 clkload1/Y
 clkload2/Y
 clkload3/Y
 clkload4/Y
 clkload5/Y
 clkload6/Y
Found 0 partially unannotated drivers.

===========================================================================
max slew violation count 0
max fanout violation count 0
max cap violation count 0
============================================================================

===========================================================================
check_setup -verbose -unconstrained_endpoints -multiple_clock -no_clock -no_input_delay -loops -generated_clocks
===========================================================================
Warning: There are 36 input ports missing set_input_delay.
  A_in[0]
  A_in[10]
  A_in[11]
  A_in[12]
  A_in[13]
  A_in[14]
  A_in[15]
  A_in[1]
  A_in[2]
  A_in[3]
  A_in[4]
  A_in[5]
  A_in[6]
  A_in[7]
  A_in[8]
  A_in[9]
  B_in[0]
  B_in[10]
  B_in[11]
  B_in[12]
  B_in[13]
  B_in[14]
  B_in[15]
  B_in[1]
  B_in[2]
  B_in[3]
  B_in[4]
  B_in[5]
  B_in[6]
  B_in[7]
  B_in[8]
  B_in[9]
  Op_Sel[0]
  Op_Sel[1]
  Start
  rst_n
Warning: There are 17 unconstrained endpoints.
  Done
  X_out[0]
  X_out[10]
  X_out[11]
  X_out[12]
  X_out[13]
  X_out[14]
  X_out[15]
  X_out[1]
  X_out[2]
  X_out[3]
  X_out[4]
  X_out[5]
  X_out[6]
  X_out[7]
  X_out[8]
  X_out[9]
