Clock: clk
Sources: clk 
Generated: no
Virtual: yes
Propagated: no
Period: 10.500000

===========================================================================
report_clock_properties
============================================================================
Clock                   Period          Waveform
----------------------------------------------------
clk                  10.500000    0.000000  5.250000

===========================================================================
report_clock_latency
============================================================================
Clock clk
rise -> rise
    min     max
0.000000 0.000000 source latency
0.741370         network latency _3222_/CLK
        0.773714 network latency _3256_/CLK
---------------
0.741370 0.773714 latency
        0.032345 skew

fall -> fall
    min     max
0.000000 0.000000 source latency
0.713564         network latency _3222_/CLK
        0.738337 network latency _3256_/CLK
---------------
0.713564 0.738337 latency
        0.024772 skew



===========================================================================
report_clock_min_period
============================================================================
clk period_min = 20.04 fmax = 49.91
