Clock: clk
Sources: clk 
Generated: no
Virtual: yes
Propagated: no
Period: 10.000000

===========================================================================
report_clock_properties
============================================================================
Clock                   Period          Waveform
----------------------------------------------------
clk                  10.000000    0.000000  5.000000

===========================================================================
report_clock_latency
============================================================================
Clock clk
rise -> rise
    min     max
0.000000 0.000000 source latency
0.729498         network latency _3220_/CLK
        0.754034 network latency _3256_/CLK
---------------
0.729498 0.754034 latency
        0.024536 skew

fall -> fall
    min     max
0.000000 0.000000 source latency
0.703754         network latency _3220_/CLK
        0.722314 network latency _3256_/CLK
---------------
0.703754 0.722314 latency
        0.018560 skew



===========================================================================
report_clock_min_period
============================================================================
clk period_min = 19.94 fmax = 50.14
