
===========================================================================
report_checks -unconstrained
===========================================================================
======================= min_ss_100C_1v60 Corner ===================================

Startpoint: _3302_ (rising edge-triggered flip-flop clocked by clk)
Endpoint: _3238_ (rising edge-triggered flip-flop clocked by clk)
Path Group: clk
Path Type: max

Fanout         Cap        Slew       Delay        Time   Description
---------------------------------------------------------------------------------------------
                                  0.000000    0.000000   clock clk (rise edge)
                                  0.000000    0.000000   clock source latency
     2    0.037396    0.000000    0.000000    0.000000 ^ clk (in)
                                                         clk (net)
                      0.001538    0.000769    0.000769 ^ clkbuf_0_clk/A (sky130_fd_sc_hd__clkbuf_16)
    17    0.157801    0.257470    0.346510    0.347279 ^ clkbuf_0_clk/X (sky130_fd_sc_hd__clkbuf_16)
                                                         clknet_0_clk (net)
                      0.257708    0.005130    0.352409 ^ clkbuf_3_0__f_clk/A (sky130_fd_sc_hd__clkbuf_16)
    25    0.092381    0.165919    0.391540    0.743949 ^ clkbuf_3_0__f_clk/X (sky130_fd_sc_hd__clkbuf_16)
                                                         clknet_3_0__leaf_clk (net)
                      0.165953    0.002367    0.746316 ^ _3302_/CLK (sky130_fd_sc_hd__dfrtp_4)
    15    0.048148    0.214222    1.172886    1.919202 v _3302_/Q (sky130_fd_sc_hd__dfrtp_4)
                                                         B_reg[12] (net)
                      0.214231    0.001678    1.920880 v _1910_/C (sky130_fd_sc_hd__and3_1)
     3    0.005730    0.094792    0.459075    2.379956 v _1910_/X (sky130_fd_sc_hd__and3_1)
                                                         _1175_ (net)
                      0.094792    0.000034    2.379990 v _2300_/B (sky130_fd_sc_hd__or4_1)
     4    0.009347    0.262482    1.298905    3.678895 v _2300_/X (sky130_fd_sc_hd__or4_1)
                                                         _1553_ (net)
                      0.262482    0.000067    3.678962 v _2304_/A2 (sky130_fd_sc_hd__a21o_1)
     3    0.007423    0.096110    0.432857    4.111819 v _2304_/X (sky130_fd_sc_hd__a21o_1)
                                                         _1557_ (net)
                      0.096110    0.000068    4.111887 v _2308_/C (sky130_fd_sc_hd__and3_1)
     2    0.005199    0.090763    0.395878    4.507764 v _2308_/X (sky130_fd_sc_hd__and3_1)
                                                         _1561_ (net)
                      0.090763    0.000053    4.507817 v _2310_/C (sky130_fd_sc_hd__or3_1)
     3    0.006195    0.177325    0.776298    5.284115 v _2310_/X (sky130_fd_sc_hd__or3_1)
                                                         _1563_ (net)
                      0.177325    0.000043    5.284158 v _2313_/A1 (sky130_fd_sc_hd__a21o_1)
     4    0.010660    0.121869    0.394050    5.678208 v _2313_/X (sky130_fd_sc_hd__a21o_1)
                                                         _1566_ (net)
                      0.121869    0.000120    5.678328 v _2319_/B (sky130_fd_sc_hd__and3_1)
     2    0.005794    0.095294    0.385135    6.063463 v _2319_/X (sky130_fd_sc_hd__and3_1)
                                                         _1572_ (net)
                      0.095294    0.000071    6.063534 v _2321_/C (sky130_fd_sc_hd__or3_1)
     3    0.006908    0.184395    0.787559    6.851094 v _2321_/X (sky130_fd_sc_hd__or3_1)
                                                         _1574_ (net)
                      0.184395    0.000040    6.851134 v _2326_/A1 (sky130_fd_sc_hd__a21o_1)
     4    0.009702    0.114060    0.389855    7.240989 v _2326_/X (sky130_fd_sc_hd__a21o_1)
                                                         _1579_ (net)
                      0.114060    0.000082    7.241071 v _2328_/C (sky130_fd_sc_hd__and3_1)
     2    0.005084    0.089934    0.403820    7.644891 v _2328_/X (sky130_fd_sc_hd__and3_1)
                                                         _1581_ (net)
                      0.089934    0.000052    7.644943 v _2330_/C (sky130_fd_sc_hd__or3_2)
     4    0.014171    0.231564    1.096858    8.741800 v _2330_/X (sky130_fd_sc_hd__or3_2)
                                                         _1583_ (net)
                      0.231564    0.000129    8.741929 v _2334_/A1 (sky130_fd_sc_hd__a21o_1)
     5    0.015580    0.156356    0.452157    9.194086 v _2334_/X (sky130_fd_sc_hd__a21o_1)
                                                         _1587_ (net)
                      0.156356    0.000147    9.194232 v _2338_/B (sky130_fd_sc_hd__and3_1)
     2    0.005339    0.091856    0.398397    9.592629 v _2338_/X (sky130_fd_sc_hd__and3_1)
                                                         _1591_ (net)
                      0.091856    0.000060    9.592690 v _2345_/C (sky130_fd_sc_hd__or3_1)
     3    0.008325    0.198191    0.805564   10.398253 v _2345_/X (sky130_fd_sc_hd__or3_1)
                                                         _1598_ (net)
                      0.198191    0.000080   10.398334 v _2347_/A1 (sky130_fd_sc_hd__a21o_1)
     4    0.010562    0.121110    0.402346   10.800679 v _2347_/X (sky130_fd_sc_hd__a21o_1)
                                                         _1600_ (net)
                      0.121110    0.000143   10.800822 v _2350_/C (sky130_fd_sc_hd__and3_1)
     2    0.005588    0.093727    0.411591   11.212413 v _2350_/X (sky130_fd_sc_hd__and3_1)
                                                         _1603_ (net)
                      0.093727    0.000053   11.212466 v _2352_/C (sky130_fd_sc_hd__or3_1)
     3    0.009380    0.203898    0.820441   12.032907 v _2352_/X (sky130_fd_sc_hd__or3_1)
                                                         _0106_ (net)
                      0.203898    0.000115   12.033021 v _2355_/A2 (sky130_fd_sc_hd__a21o_1)
     4    0.010855    0.123485    0.436543   12.469564 v _2355_/X (sky130_fd_sc_hd__a21o_1)
                                                         _0109_ (net)
                      0.123485    0.000171   12.469736 v _2362_/B (sky130_fd_sc_hd__and3_1)
     2    0.006316    0.099342    0.390318   12.860054 v _2362_/X (sky130_fd_sc_hd__and3_1)
                                                         _0116_ (net)
                      0.099342    0.000094   12.860148 v _2364_/C (sky130_fd_sc_hd__or3_1)
     3    0.007353    0.182581    0.794963   13.655111 v _2364_/X (sky130_fd_sc_hd__or3_1)
                                                         _0118_ (net)
                      0.182581    0.000099   13.655210 v _2366_/A2 (sky130_fd_sc_hd__a21o_1)
     4    0.009973    0.116278    0.420827   14.076037 v _2366_/X (sky130_fd_sc_hd__a21o_1)
                                                         _0120_ (net)
                      0.116278    0.000123   14.076160 v _2370_/B (sky130_fd_sc_hd__and3_1)
     2    0.005864    0.095835    0.382959   14.459120 v _2370_/X (sky130_fd_sc_hd__and3_1)
                                                         _0124_ (net)
                      0.095835    0.000069   14.459188 v _2372_/C (sky130_fd_sc_hd__or3_1)
     3    0.008924    0.198789    0.815027   15.274216 v _2372_/X (sky130_fd_sc_hd__or3_1)
                                                         _0126_ (net)
                      0.198789    0.000091   15.274306 v _2378_/A1 (sky130_fd_sc_hd__a21o_1)
     4    0.010120    0.117430    0.399275   15.673582 v _2378_/X (sky130_fd_sc_hd__a21o_1)
                                                         _0132_ (net)
                      0.117430    0.000069   15.673652 v _2383_/C (sky130_fd_sc_hd__and3_1)
     2    0.006731    0.102599    0.419430   16.093081 v _2383_/X (sky130_fd_sc_hd__and3_1)
                                                         _0137_ (net)
                      0.102599    0.000114   16.093195 v _2385_/C (sky130_fd_sc_hd__or3_1)
     3    0.008009    0.195609    0.805036   16.898232 v _2385_/X (sky130_fd_sc_hd__or3_1)
                                                         _0139_ (net)
                      0.195609    0.000068   16.898298 v _2387_/A1 (sky130_fd_sc_hd__a21o_1)
     4    0.012524    0.137260    0.416165   17.314463 v _2387_/X (sky130_fd_sc_hd__a21o_1)
                                                         _0141_ (net)
                      0.137260    0.000087   17.314550 v _2390_/B (sky130_fd_sc_hd__and3_1)
     3    0.009408    0.124707    0.423183   17.737734 v _2390_/X (sky130_fd_sc_hd__and3_1)
                                                         _0144_ (net)
                      0.124707    0.000064   17.737797 v _2392_/C (sky130_fd_sc_hd__or3_1)
     3    0.006727    0.182130    0.795401   18.533199 v _2392_/X (sky130_fd_sc_hd__or3_1)
                                                         _0146_ (net)
                      0.182130    0.000046   18.533245 v _2397_/A1 (sky130_fd_sc_hd__a21o_1)
     4    0.010780    0.122862    0.397025   18.930269 v _2397_/X (sky130_fd_sc_hd__a21o_1)
                                                         _0151_ (net)
                      0.122862    0.000142   18.930412 v _2406_/B (sky130_fd_sc_hd__and3_1)
     2    0.005315    0.091646    0.381601   19.312012 v _2406_/X (sky130_fd_sc_hd__and3_1)
                                                         _0160_ (net)
                      0.091646    0.000028   19.312040 v _2408_/C (sky130_fd_sc_hd__or3_1)
     3    0.007960    0.195098    0.800545   20.112585 v _2408_/X (sky130_fd_sc_hd__or3_1)
                                                         _0162_ (net)
                      0.195098    0.000050   20.112637 v _2410_/A2 (sky130_fd_sc_hd__a21o_1)
     3    0.007013    0.092748    0.403254   20.515890 v _2410_/X (sky130_fd_sc_hd__a21o_1)
                                                         _0164_ (net)
                      0.092748    0.000075   20.515965 v _2413_/C (sky130_fd_sc_hd__and3_1)
     2    0.005192    0.090757    0.394156   20.910120 v _2413_/X (sky130_fd_sc_hd__and3_1)
                                                         _0167_ (net)
                      0.090757    0.000030   20.910151 v _2415_/C (sky130_fd_sc_hd__or3_1)
     3    0.007029    0.179436    0.787578   21.697729 v _2415_/X (sky130_fd_sc_hd__or3_1)
                                                         _0169_ (net)
                      0.179436    0.000071   21.697800 v _2420_/A1 (sky130_fd_sc_hd__a21o_1)
     4    0.011608    0.129663    0.402162   22.099962 v _2420_/X (sky130_fd_sc_hd__a21o_1)
                                                         _0174_ (net)
                      0.129663    0.000068   22.100029 v _2428_/A1 (sky130_fd_sc_hd__a21bo_1)
     1    0.004365    0.078143    0.344921   22.444950 v _2428_/X (sky130_fd_sc_hd__a21bo_1)
                                                         _0180_ (net)
                      0.078143    0.000018   22.444967 v _2429_/B (sky130_fd_sc_hd__xor2_1)
     1    0.002351    0.122130    0.260036   22.705004 v _2429_/X (sky130_fd_sc_hd__xor2_1)
                                                         _0181_ (net)
                      0.122130    0.000014   22.705017 v _2430_/A1 (sky130_fd_sc_hd__mux2_1)
     1    0.002216    0.107035    0.659643   23.364660 v _2430_/X (sky130_fd_sc_hd__mux2_1)
                                                         _0025_ (net)
                      0.107035    0.000011   23.364672 v _3238_/D (sky130_fd_sc_hd__dfrtp_4)
                                             23.364672   data arrival time

                                100.000000  100.000000   clock clk (rise edge)
                                  0.000000  100.000000   clock source latency
     2    0.037396    0.000000    0.000000  100.000000 ^ clk (in)
                                                         clk (net)
                      0.001538    0.000767  100.000763 ^ clkbuf_0_clk/A (sky130_fd_sc_hd__clkbuf_16)
    17    0.157801    0.257470    0.346510  100.347275 ^ clkbuf_0_clk/X (sky130_fd_sc_hd__clkbuf_16)
                                                         clknet_0_clk (net)
                      0.257689    0.004796  100.352074 ^ clkbuf_3_3__f_clk/A (sky130_fd_sc_hd__clkbuf_16)
    35    0.093753    0.167838    0.393058  100.745132 ^ clkbuf_3_3__f_clk/X (sky130_fd_sc_hd__clkbuf_16)
                                                         clknet_3_3__leaf_clk (net)
                      0.167845    0.001357  100.746483 ^ _3238_/CLK (sky130_fd_sc_hd__dfrtp_4)
                                 -0.100000  100.646484   clock uncertainty
                                  0.000000  100.646484   clock reconvergence pessimism
                                 -0.264192  100.382294   library setup time
                                            100.382294   data required time
---------------------------------------------------------------------------------------------
                                            100.382294   data required time
                                            -23.364672   data arrival time
---------------------------------------------------------------------------------------------
                                             77.017616   slack (MET)




===========================================================================
report_checks --slack_max -0.01
============================================================================
======================= min_ss_100C_1v60 Corner ===================================

No paths found.


===========================================================================
 report_check_types -max_slew -max_cap -max_fanout -violators
============================================================================
======================= min_ss_100C_1v60 Corner ===================================



===========================================================================
report_parasitic_annotation -report_unannotated
============================================================================
Found 7 unannotated drivers.
 clkload0/Y
 clkload1/Y
 clkload2/Y
 clkload3/Y
 clkload4/Y
 clkload5/Y
 clkload6/Y
Found 0 partially unannotated drivers.

===========================================================================
max slew violation count 0
max fanout violation count 0
max cap violation count 0
============================================================================

===========================================================================
check_setup -verbose -unconstrained_endpoints -multiple_clock -no_clock -no_input_delay -loops -generated_clocks
===========================================================================
Warning: There are 36 input ports missing set_input_delay.
  A_in[0]
  A_in[10]
  A_in[11]
  A_in[12]
  A_in[13]
  A_in[14]
  A_in[15]
  A_in[1]
  A_in[2]
  A_in[3]
  A_in[4]
  A_in[5]
  A_in[6]
  A_in[7]
  A_in[8]
  A_in[9]
  B_in[0]
  B_in[10]
  B_in[11]
  B_in[12]
  B_in[13]
  B_in[14]
  B_in[15]
  B_in[1]
  B_in[2]
  B_in[3]
  B_in[4]
  B_in[5]
  B_in[6]
  B_in[7]
  B_in[8]
  B_in[9]
  Op_Sel[0]
  Op_Sel[1]
  Start
  rst_n
Warning: There are 17 unconstrained endpoints.
  Done
  X_out[0]
  X_out[10]
  X_out[11]
  X_out[12]
  X_out[13]
  X_out[14]
  X_out[15]
  X_out[1]
  X_out[2]
  X_out[3]
  X_out[4]
  X_out[5]
  X_out[6]
  X_out[7]
  X_out[8]
  X_out[9]
