Clock: clk
Sources: clk 
Generated: no
Virtual: yes
Propagated: no
Period: 11.000000

===========================================================================
report_clock_properties
============================================================================
Clock                   Period          Waveform
----------------------------------------------------
clk                  11.000000    0.000000  5.500000

===========================================================================
report_clock_latency
============================================================================
Clock clk
rise -> rise
    min     max
0.000000 0.000000 source latency
0.369556         network latency _3222_/CLK
        0.379589 network latency _3256_/CLK
---------------
0.369556 0.379589 latency
        0.010033 skew

fall -> fall
    min     max
0.000000 0.000000 source latency
0.365521         network latency _3222_/CLK
        0.373092 network latency _3256_/CLK
---------------
0.365521 0.373092 latency
        0.007571 skew



===========================================================================
report_clock_min_period
============================================================================
clk period_min = 10.44 fmax = 95.75
