
===========================================================================
report_checks -unconstrained
===========================================================================
======================= nom_tt_025C_1v80 Corner ===================================

Startpoint: _3303_ (rising edge-triggered flip-flop clocked by clk)
Endpoint: _3238_ (rising edge-triggered flip-flop clocked by clk)
Path Group: clk
Path Type: max

Fanout         Cap        Slew       Delay        Time   Description
---------------------------------------------------------------------------------------------
                                  0.000000    0.000000   clock clk (rise edge)
                                  0.000000    0.000000   clock source latency
     1    0.028987    0.000000    0.000000    0.000000 ^ clk (in)
                                                         clk (net)
                      0.002441    0.001221    0.001221 ^ clkbuf_0_clk/A (sky130_fd_sc_hd__clkbuf_16)
     8    0.118910    0.132024    0.184483    0.185703 ^ clkbuf_0_clk/X (sky130_fd_sc_hd__clkbuf_16)
                                                         clknet_0_clk (net)
                      0.132103    0.001476    0.187180 ^ clkbuf_3_0__f_clk/A (sky130_fd_sc_hd__clkbuf_16)
    12    0.059626    0.077895    0.187901    0.375081 ^ clkbuf_3_0__f_clk/X (sky130_fd_sc_hd__clkbuf_16)
                                                         clknet_3_0__leaf_clk (net)
                      0.077897    0.000527    0.375608 ^ _3303_/CLK (sky130_fd_sc_hd__dfrtp_4)
     8    0.019072    0.087373    0.444842    0.820450 ^ _3303_/Q (sky130_fd_sc_hd__dfrtp_4)
                                                         B_reg[13] (net)
                      0.087373    0.000202    0.820652 ^ rebuffer19/A (sky130_fd_sc_hd__dlygate4sd3_1)
     1    0.003296    0.059686    0.552043    1.372695 ^ rebuffer19/X (sky130_fd_sc_hd__dlygate4sd3_1)
                                                         net72 (net)
                      0.059686    0.000015    1.372710 ^ _1909_/A (sky130_fd_sc_hd__nand2_1)
     3    0.008119    0.066586    0.076750    1.449460 v _1909_/Y (sky130_fd_sc_hd__nand2_1)
                                                         _1174_ (net)
                      0.066586    0.000015    1.449475 v _2303_/A2 (sky130_fd_sc_hd__a21bo_1)
     2    0.005089    0.044136    0.204095    1.653570 v _2303_/X (sky130_fd_sc_hd__a21bo_1)
                                                         _1556_ (net)
                      0.044136    0.000023    1.653593 v _2304_/B1 (sky130_fd_sc_hd__a21o_1)
     3    0.006739    0.051053    0.166928    1.820521 v _2304_/X (sky130_fd_sc_hd__a21o_1)
                                                         _1557_ (net)
                      0.051053    0.000017    1.820537 v _2308_/C (sky130_fd_sc_hd__and3_1)
     2    0.005176    0.048573    0.188551    2.009088 v _2308_/X (sky130_fd_sc_hd__and3_1)
                                                         _1561_ (net)
                      0.048573    0.000010    2.009098 v _2310_/C (sky130_fd_sc_hd__or3_4)
     3    0.005950    0.068928    0.328172    2.337270 v _2310_/X (sky130_fd_sc_hd__or3_4)
                                                         _1563_ (net)
                      0.068928    0.000012    2.337281 v _2313_/A1 (sky130_fd_sc_hd__a21o_1)
     4    0.009250    0.059655    0.189867    2.527149 v _2313_/X (sky130_fd_sc_hd__a21o_1)
                                                         _1566_ (net)
                      0.059655    0.000034    2.527183 v _2319_/A (sky130_fd_sc_hd__and3_1)
     2    0.005446    0.049756    0.158306    2.685488 v _2319_/X (sky130_fd_sc_hd__and3_1)
                                                         _1572_ (net)
                      0.049756    0.000009    2.685497 v _2321_/C (sky130_fd_sc_hd__or3_4)
     3    0.007264    0.070291    0.332471    3.017968 v _2321_/X (sky130_fd_sc_hd__or3_4)
                                                         _1574_ (net)
                      0.070291    0.000045    3.018013 v _2326_/A1 (sky130_fd_sc_hd__a21o_1)
     4    0.009704    0.061268    0.192226    3.210239 v _2326_/X (sky130_fd_sc_hd__a21o_1)
                                                         _1579_ (net)
                      0.061268    0.000040    3.210279 v _2328_/C (sky130_fd_sc_hd__and3_1)
     2    0.005011    0.047865    0.192347    3.402626 v _2328_/X (sky130_fd_sc_hd__and3_1)
                                                         _1581_ (net)
                      0.047865    0.000014    3.402640 v _2330_/C (sky130_fd_sc_hd__or3_4)
     4    0.012242    0.078137    0.347109    3.749748 v _2330_/X (sky130_fd_sc_hd__or3_4)
                                                         _1583_ (net)
                      0.078137    0.000053    3.749801 v _2334_/A1 (sky130_fd_sc_hd__a21o_1)
     5    0.013393    0.077648    0.208709    3.958510 v _2334_/X (sky130_fd_sc_hd__a21o_1)
                                                         _1587_ (net)
                      0.077648    0.000030    3.958540 v _2338_/A (sky130_fd_sc_hd__and3_1)
     2    0.005635    0.048888    0.167192    4.125732 v _2338_/X (sky130_fd_sc_hd__and3_1)
                                                         _1591_ (net)
                      0.048888    0.000020    4.125752 v _2345_/C (sky130_fd_sc_hd__or3_4)
     3    0.007307    0.070364    0.332380    4.458132 v _2345_/X (sky130_fd_sc_hd__or3_4)
                                                         _1598_ (net)
                      0.070364    0.000020    4.458152 v _2347_/A1 (sky130_fd_sc_hd__a21o_1)
     4    0.009395    0.060094    0.191120    4.649272 v _2347_/X (sky130_fd_sc_hd__a21o_1)
                                                         _1600_ (net)
                      0.060094    0.000046    4.649318 v _2350_/B (sky130_fd_sc_hd__and3_1)
     2    0.005746    0.049356    0.180100    4.829417 v _2350_/X (sky130_fd_sc_hd__and3_1)
                                                         _1603_ (net)
                      0.049356    0.000031    4.829449 v _2352_/C (sky130_fd_sc_hd__or3_4)
     3    0.007963    0.071549    0.334491    5.163939 v _2352_/X (sky130_fd_sc_hd__or3_4)
                                                         _0106_ (net)
                      0.071549    0.000045    5.163984 v _2355_/A1 (sky130_fd_sc_hd__a21o_1)
     4    0.008968    0.058858    0.189662    5.353646 v _2355_/X (sky130_fd_sc_hd__a21o_1)
                                                         _0109_ (net)
                      0.058858    0.000032    5.353678 v _2362_/A (sky130_fd_sc_hd__and3_1)
     2    0.005548    0.048489    0.158425    5.512104 v _2362_/X (sky130_fd_sc_hd__and3_1)
                                                         _0116_ (net)
                      0.048489    0.000029    5.512132 v _2364_/C (sky130_fd_sc_hd__or3_4)
     3    0.006726    0.069557    0.330505    5.842637 v _2364_/X (sky130_fd_sc_hd__or3_4)
                                                         _0118_ (net)
                      0.069557    0.000032    5.842669 v _2366_/A1 (sky130_fd_sc_hd__a21o_1)
     4    0.009338    0.061879    0.190544    6.033214 v _2366_/X (sky130_fd_sc_hd__a21o_1)
                                                         _0120_ (net)
                      0.061879    0.000020    6.033234 v _2370_/A (sky130_fd_sc_hd__and3_1)
     2    0.005602    0.048722    0.160035    6.193269 v _2370_/X (sky130_fd_sc_hd__and3_1)
                                                         _0124_ (net)
                      0.048722    0.000020    6.193289 v _2372_/C (sky130_fd_sc_hd__or3_4)
     3    0.007912    0.071436    0.334175    6.527464 v _2372_/X (sky130_fd_sc_hd__or3_4)
                                                         _0126_ (net)
                      0.071436    0.000014    6.527478 v _2378_/A1 (sky130_fd_sc_hd__a21o_1)
     4    0.008972    0.060370    0.189653    6.717132 v _2378_/X (sky130_fd_sc_hd__a21o_1)
                                                         _0132_ (net)
                      0.060370    0.000017    6.717148 v _2383_/A (sky130_fd_sc_hd__and3_1)
     2    0.005910    0.050069    0.160814    6.877963 v _2383_/X (sky130_fd_sc_hd__and3_1)
                                                         _0137_ (net)
                      0.050069    0.000023    6.877985 v _2385_/C (sky130_fd_sc_hd__or3_4)
     3    0.007317    0.070469    0.332722    7.210708 v _2385_/X (sky130_fd_sc_hd__or3_4)
                                                         _0139_ (net)
                      0.070469    0.000023    7.210731 v _2387_/A1 (sky130_fd_sc_hd__a21o_1)
     4    0.010950    0.068182    0.196787    7.407517 v _2387_/X (sky130_fd_sc_hd__a21o_1)
                                                         _0141_ (net)
                      0.068182    0.000016    7.407534 v _2390_/A (sky130_fd_sc_hd__and3_1)
     3    0.009053    0.063092    0.178977    7.586510 v _2390_/X (sky130_fd_sc_hd__and3_1)
                                                         _0144_ (net)
                      0.063092    0.000044    7.586555 v _2392_/C (sky130_fd_sc_hd__or3_4)
     3    0.006033    0.069139    0.332944    7.919499 v _2392_/X (sky130_fd_sc_hd__or3_4)
                                                         _0146_ (net)
                      0.069139    0.000007    7.919506 v _2397_/A1 (sky130_fd_sc_hd__a21o_1)
     4    0.009364    0.061979    0.190492    8.109999 v _2397_/X (sky130_fd_sc_hd__a21o_1)
                                                         _0151_ (net)
                      0.061979    0.000015    8.110013 v _2406_/A (sky130_fd_sc_hd__and3_1)
     2    0.005285    0.049057    0.158582    8.268596 v _2406_/X (sky130_fd_sc_hd__and3_1)
                                                         _0160_ (net)
                      0.049057    0.000012    8.268607 v _2408_/C (sky130_fd_sc_hd__or3_4)
     3    0.007646    0.072241    0.333460    8.602068 v _2408_/X (sky130_fd_sc_hd__or3_4)
                                                         _0162_ (net)
                      0.072241    0.000012    8.602079 v _2410_/A1 (sky130_fd_sc_hd__a21o_1)
     3    0.006065    0.046813    0.176717    8.778796 v _2410_/X (sky130_fd_sc_hd__a21o_1)
                                                         _0164_ (net)
                      0.046813    0.000020    8.778817 v _2413_/C (sky130_fd_sc_hd__and3_1)
     2    0.005278    0.049001    0.187215    8.966032 v _2413_/X (sky130_fd_sc_hd__and3_1)
                                                         _0167_ (net)
                      0.049001    0.000012    8.966044 v _2415_/C (sky130_fd_sc_hd__or3_4)
     3    0.006127    0.068593    0.328821    9.294865 v _2415_/X (sky130_fd_sc_hd__or3_4)
                                                         _0169_ (net)
                      0.068593    0.000015    9.294880 v _2420_/A1 (sky130_fd_sc_hd__a21o_1)
     4    0.010197    0.065255    0.193313    9.488193 v _2420_/X (sky130_fd_sc_hd__a21o_1)
                                                         _0174_ (net)
                      0.065255    0.000004    9.488197 v _2428_/A1 (sky130_fd_sc_hd__a21bo_1)
     1    0.004302    0.042466    0.177353    9.665550 v _2428_/X (sky130_fd_sc_hd__a21bo_1)
                                                         _0180_ (net)
                      0.042466    0.000003    9.665553 v _2429_/B (sky130_fd_sc_hd__xor2_1)
     1    0.002194    0.064432    0.131535    9.797088 v _2429_/X (sky130_fd_sc_hd__xor2_1)
                                                         _0181_ (net)
                      0.064432    0.000004    9.797091 v _2430_/A1 (sky130_fd_sc_hd__mux2_1)
     1    0.002172    0.053136    0.287769   10.084861 v _2430_/X (sky130_fd_sc_hd__mux2_1)
                                                         _0025_ (net)
                      0.053136    0.000002   10.084862 v _3238_/D (sky130_fd_sc_hd__dfrtp_4)
                                             10.084862   data arrival time

                                 20.000000   20.000000   clock clk (rise edge)
                                  0.000000   20.000000   clock source latency
     1    0.028987    0.000000    0.000000   20.000000 ^ clk (in)
                                                         clk (net)
                      0.002441    0.001220   20.001221 ^ clkbuf_0_clk/A (sky130_fd_sc_hd__clkbuf_16)
     8    0.118910    0.132024    0.184484   20.185705 ^ clkbuf_0_clk/X (sky130_fd_sc_hd__clkbuf_16)
                                                         clknet_0_clk (net)
                      0.132123    0.001981   20.187685 ^ clkbuf_3_3__f_clk/A (sky130_fd_sc_hd__clkbuf_16)
    17    0.060135    0.078352    0.188352   20.376038 ^ clkbuf_3_3__f_clk/X (sky130_fd_sc_hd__clkbuf_16)
                                                         clknet_3_3__leaf_clk (net)
                      0.078352    0.000282   20.376320 ^ _3238_/CLK (sky130_fd_sc_hd__dfrtp_4)
                                 -0.100000   20.276320   clock uncertainty
                                  0.000000   20.276320   clock reconvergence pessimism
                                 -0.110185   20.166134   library setup time
                                             20.166134   data required time
---------------------------------------------------------------------------------------------
                                             20.166134   data required time
                                            -10.084862   data arrival time
---------------------------------------------------------------------------------------------
                                             10.081272   slack (MET)




===========================================================================
report_checks --slack_max -0.01
============================================================================
======================= nom_tt_025C_1v80 Corner ===================================

No paths found.


===========================================================================
 report_check_types -max_slew -max_cap -max_fanout -violators
============================================================================
======================= nom_tt_025C_1v80 Corner ===================================



===========================================================================
report_parasitic_annotation -report_unannotated
============================================================================
Found 7 unannotated drivers.
 clkload0/Y
 clkload1/Y
 clkload2/Y
 clkload3/Y
 clkload4/Y
 clkload5/Y
 clkload6/Y
Found 0 partially unannotated drivers.

===========================================================================
max slew violation count 0
Writing metric design__max_slew_violation__count__corner:nom_tt_025C_1v80: 0
max fanout violation count 0
Writing metric design__max_fanout_violation__count__corner:nom_tt_025C_1v80: 0
max cap violation count 0
Writing metric design__max_cap_violation__count__corner:nom_tt_025C_1v80: 0
============================================================================

===========================================================================
check_setup -verbose -unconstrained_endpoints -multiple_clock -no_clock -no_input_delay -loops -generated_clocks
===========================================================================
Warning: There are 36 input ports missing set_input_delay.
  A_in[0]
  A_in[10]
  A_in[11]
  A_in[12]
  A_in[13]
  A_in[14]
  A_in[15]
  A_in[1]
  A_in[2]
  A_in[3]
  A_in[4]
  A_in[5]
  A_in[6]
  A_in[7]
  A_in[8]
  A_in[9]
  B_in[0]
  B_in[10]
  B_in[11]
  B_in[12]
  B_in[13]
  B_in[14]
  B_in[15]
  B_in[1]
  B_in[2]
  B_in[3]
  B_in[4]
  B_in[5]
  B_in[6]
  B_in[7]
  B_in[8]
  B_in[9]
  Op_Sel[0]
  Op_Sel[1]
  Start
  rst_n
Warning: There are 17 unconstrained endpoints.
  Done
  X_out[0]
  X_out[10]
  X_out[11]
  X_out[12]
  X_out[13]
  X_out[14]
  X_out[15]
  X_out[1]
  X_out[2]
  X_out[3]
  X_out[4]
  X_out[5]
  X_out[6]
  X_out[7]
  X_out[8]
  X_out[9]
