Clock: clk
Sources: clk 
Generated: no
Virtual: yes
Propagated: no
Period: 20.000000

===========================================================================
report_clock_properties
============================================================================
Clock                   Period          Waveform
----------------------------------------------------
clk                  20.000000    0.000000 10.000000

===========================================================================
report_clock_latency
============================================================================
Clock clk
rise -> rise
    min     max
0.000000 0.000000 source latency
0.369417         network latency _3222_/CLK
        0.379661 network latency _3256_/CLK
---------------
0.369417 0.379661 latency
        0.010244 skew

fall -> fall
    min     max
0.000000 0.000000 source latency
0.365421         network latency _3222_/CLK
        0.373147 network latency _3256_/CLK
---------------
0.365421 0.373147 latency
        0.007726 skew



===========================================================================
report_clock_min_period
============================================================================
clk period_min = 9.92 fmax = 100.82
