Clock: clk
Sources: clk 
Generated: no
Virtual: yes
Propagated: no
Period: 14.000000

===========================================================================
report_clock_properties
============================================================================
Clock                   Period          Waveform
----------------------------------------------------
clk                  14.000000    0.000000  7.000000

===========================================================================
report_clock_latency
============================================================================
Clock clk
rise -> rise
    min     max
0.000000 0.000000 source latency
0.732071         network latency _3222_/CLK
        0.757382 network latency _3295_/CLK
---------------
0.732071 0.757382 latency
        0.025311 skew

fall -> fall
    min     max
0.000000 0.000000 source latency
0.705677         network latency _3222_/CLK
        0.725504 network latency _3295_/CLK
---------------
0.705677 0.725504 latency
        0.019827 skew



===========================================================================
report_clock_min_period
============================================================================
clk period_min = 20.02 fmax = 49.94
