Clock: clk
Sources: clk 
Generated: no
Virtual: yes
Propagated: no
Period: 11.000000

===========================================================================
report_clock_properties
============================================================================
Clock                   Period          Waveform
----------------------------------------------------
clk                  11.000000    0.000000  5.500000

===========================================================================
report_clock_latency
============================================================================
Clock clk
rise -> rise
    min     max
0.000000 0.000000 source latency
0.308851         network latency _3221_/CLK
        0.341978 network latency _3298_/CLK
---------------
0.308851 0.341978 latency
        0.033127 skew

fall -> fall
    min     max
0.000000 0.000000 source latency
0.292079         network latency _3221_/CLK
        0.320017 network latency _3298_/CLK
---------------
0.292079 0.320017 latency
        0.027939 skew



===========================================================================
report_clock_min_period
============================================================================
clk period_min = 6.43 fmax = 155.50
