
===========================================================================
report_checks -unconstrained
===========================================================================
======================= nom_tt_025C_1v80 Corner ===================================

Startpoint: _3302_ (rising edge-triggered flip-flop clocked by clk)
Endpoint: _3238_ (rising edge-triggered flip-flop clocked by clk)
Path Group: clk
Path Type: max

Fanout         Cap        Slew       Delay        Time   Description
---------------------------------------------------------------------------------------------
                                  0.000000    0.000000   clock clk (rise edge)
                                  0.000000    0.000000   clock source latency
     2    0.030799    0.000000    0.000000    0.000000 ^ clk (in)
                                                         clk (net)
                      0.001910    0.000955    0.000955 ^ clkbuf_0_clk/A (sky130_fd_sc_hd__clkbuf_16)
    17    0.135603    0.148459    0.192769    0.193723 ^ clkbuf_0_clk/X (sky130_fd_sc_hd__clkbuf_16)
                                                         clknet_0_clk (net)
                      0.149059    0.007572    0.201296 ^ clkbuf_3_0__f_clk/A (sky130_fd_sc_hd__clkbuf_16)
    25    0.081696    0.098653    0.208509    0.409804 ^ clkbuf_3_0__f_clk/X (sky130_fd_sc_hd__clkbuf_16)
                                                         clknet_3_0__leaf_clk (net)
                      0.098740    0.002629    0.412433 ^ _3302_/CLK (sky130_fd_sc_hd__dfrtp_4)
     6    0.020095    0.080519    0.518347    0.930781 v _3302_/Q (sky130_fd_sc_hd__dfrtp_4)
                                                         B_reg[12] (net)
                      0.080519    0.001124    0.931905 v _1910_/C (sky130_fd_sc_hd__and3_1)
     3    0.007671    0.058238    0.214056    1.145961 v _1910_/X (sky130_fd_sc_hd__and3_1)
                                                         _1175_ (net)
                      0.058238    0.000194    1.146155 v _2300_/A (sky130_fd_sc_hd__or4_4)
     4    0.009765    0.093689    0.549188    1.695343 v _2300_/X (sky130_fd_sc_hd__or4_4)
                                                         _1553_ (net)
                      0.093689    0.000223    1.695567 v _2304_/A1 (sky130_fd_sc_hd__a21o_1)
     3    0.008073    0.056044    0.194539    1.890106 v _2304_/X (sky130_fd_sc_hd__a21o_1)
                                                         _1557_ (net)
                      0.056045    0.000274    1.890379 v _2307_/A2 (sky130_fd_sc_hd__a21oi_1)
     3    0.012109    0.278694    0.271762    2.162142 ^ _2307_/Y (sky130_fd_sc_hd__a21oi_1)
                                                         _1560_ (net)
                      0.278694    0.000274    2.162416 ^ _2311_/B (sky130_fd_sc_hd__xor2_1)
     3    0.011012    0.257485    0.282311    2.444727 ^ _2311_/X (sky130_fd_sc_hd__xor2_1)
                                                         _1564_ (net)
                      0.257486    0.000386    2.445113 ^ _2313_/A2 (sky130_fd_sc_hd__a21o_1)
     4    0.011442    0.107184    0.208804    2.653917 ^ _2313_/X (sky130_fd_sc_hd__a21o_1)
                                                         _1566_ (net)
                      0.107184    0.000355    2.654272 ^ _2318_/A1 (sky130_fd_sc_hd__a21oi_1)
     3    0.011402    0.097866    0.120343    2.774615 v _2318_/Y (sky130_fd_sc_hd__a21oi_1)
                                                         _1571_ (net)
                      0.097866    0.000322    2.774936 v _2321_/B (sky130_fd_sc_hd__or3_4)
     3    0.007633    0.070900    0.388276    3.163212 v _2321_/X (sky130_fd_sc_hd__or3_4)
                                                         _1574_ (net)
                      0.070900    0.000172    3.163384 v _2326_/A1 (sky130_fd_sc_hd__a21o_1)
     4    0.010787    0.065624    0.196200    3.359584 v _2326_/X (sky130_fd_sc_hd__a21o_1)
                                                         _1579_ (net)
                      0.065625    0.000332    3.359915 v _2327_/A2 (sky130_fd_sc_hd__a21oi_1)
     3    0.012873    0.293339    0.286268    3.646183 ^ _2327_/Y (sky130_fd_sc_hd__a21oi_1)
                                                         _1580_ (net)
                      0.293341    0.000474    3.646657 ^ _2331_/B (sky130_fd_sc_hd__xnor2_1)
     3    0.011331    0.282900    0.222459    3.869117 ^ _2331_/Y (sky130_fd_sc_hd__xnor2_1)
                                                         _1584_ (net)
                      0.282901    0.000380    3.869496 ^ _2334_/A2 (sky130_fd_sc_hd__a21o_1)
     5    0.016724    0.150786    0.245552    4.115048 ^ _2334_/X (sky130_fd_sc_hd__a21o_1)
                                                         _1587_ (net)
                      0.150786    0.000495    4.115543 ^ _2337_/A1 (sky130_fd_sc_hd__a21oi_1)
     3    0.012155    0.108196    0.138223    4.253767 v _2337_/Y (sky130_fd_sc_hd__a21oi_1)
                                                         _1590_ (net)
                      0.108196    0.000384    4.254150 v _2345_/B (sky130_fd_sc_hd__or3_4)
     3    0.007823    0.071225    0.392633    4.646783 v _2345_/X (sky130_fd_sc_hd__or3_4)
                                                         _1598_ (net)
                      0.071225    0.000167    4.646951 v _2347_/A1 (sky130_fd_sc_hd__a21o_1)
     4    0.010470    0.064346    0.195254    4.842205 v _2347_/X (sky130_fd_sc_hd__a21o_1)
                                                         _1600_ (net)
                      0.064346    0.000274    4.842479 v _2350_/B (sky130_fd_sc_hd__and3_1)
     2    0.006446    0.052566    0.185330    5.027808 v _2350_/X (sky130_fd_sc_hd__and3_1)
                                                         _1603_ (net)
                      0.052566    0.000244    5.028052 v _2352_/C (sky130_fd_sc_hd__or3_4)
     3    0.009128    0.073320    0.338822    5.366874 v _2352_/X (sky130_fd_sc_hd__or3_4)
                                                         _0106_ (net)
                      0.073320    0.000300    5.367174 v _2355_/A1 (sky130_fd_sc_hd__a21o_1)
     4    0.011770    0.069541    0.200728    5.567902 v _2355_/X (sky130_fd_sc_hd__a21o_1)
                                                         _0109_ (net)
                      0.069541    0.000358    5.568260 v _2360_/A1 (sky130_fd_sc_hd__a21oi_2)
     3    0.012578    0.177749    0.197226    5.765486 ^ _2360_/Y (sky130_fd_sc_hd__a21oi_2)
                                                         _0114_ (net)
                      0.177751    0.000404    5.765890 ^ _2361_/B (sky130_fd_sc_hd__xnor2_1)
     3    0.010958    0.275464    0.199830    5.965721 ^ _2361_/Y (sky130_fd_sc_hd__xnor2_1)
                                                         _0115_ (net)
                      0.275464    0.000217    5.965938 ^ _2366_/A2 (sky130_fd_sc_hd__a21o_1)
     3    0.008135    0.080958    0.192890    6.158828 ^ _2366_/X (sky130_fd_sc_hd__a21o_1)
                                                         _0120_ (net)
                      0.080958    0.000230    6.159058 ^ rebuffer6/A (sky130_fd_sc_hd__buf_1)
     2    0.008369    0.106244    0.135259    6.294316 ^ rebuffer6/X (sky130_fd_sc_hd__buf_1)
                                                         net59 (net)
                      0.106244    0.000198    6.294514 ^ _2369_/A1 (sky130_fd_sc_hd__a21oi_2)
     3    0.015576    0.073593    0.095338    6.389852 v _2369_/Y (sky130_fd_sc_hd__a21oi_2)
                                                         _0123_ (net)
                      0.073594    0.000485    6.390337 v _2372_/B (sky130_fd_sc_hd__or3_4)
     3    0.008836    0.072808    0.383054    6.773390 v _2372_/X (sky130_fd_sc_hd__or3_4)
                                                         _0126_ (net)
                      0.072808    0.000162    6.773551 v _2378_/A1 (sky130_fd_sc_hd__a21o_1)
     4    0.010064    0.062684    0.194478    6.968029 v _2378_/X (sky130_fd_sc_hd__a21o_1)
                                                         _0132_ (net)
                      0.062684    0.000152    6.968182 v _2383_/A (sky130_fd_sc_hd__and3_1)
     2    0.006443    0.052519    0.164299    7.132481 v _2383_/X (sky130_fd_sc_hd__and3_1)
                                                         _0137_ (net)
                      0.052519    0.000168    7.132649 v _2385_/C (sky130_fd_sc_hd__or3_4)
     3    0.008692    0.072575    0.337492    7.470141 v _2385_/X (sky130_fd_sc_hd__or3_4)
                                                         _0139_ (net)
                      0.072575    0.000272    7.470413 v _2387_/A1 (sky130_fd_sc_hd__a21o_1)
     4    0.012354    0.071863    0.202551    7.672964 v _2387_/X (sky130_fd_sc_hd__a21o_1)
                                                         _0141_ (net)
                      0.071863    0.000227    7.673191 v _2390_/A (sky130_fd_sc_hd__and3_1)
     3    0.009776    0.066036    0.183234    7.856425 v _2390_/X (sky130_fd_sc_hd__and3_1)
                                                         _0144_ (net)
                      0.066036    0.000200    7.856625 v _2392_/C (sky130_fd_sc_hd__or3_4)
     3    0.007237    0.070255    0.337560    8.194185 v _2392_/X (sky130_fd_sc_hd__or3_4)
                                                         _0146_ (net)
                      0.070255    0.000125    8.194310 v _2397_/A1 (sky130_fd_sc_hd__a21o_1)
     4    0.010147    0.063028    0.193724    8.388035 v _2397_/X (sky130_fd_sc_hd__a21o_1)
                                                         _0151_ (net)
                      0.063028    0.000153    8.388187 v _2406_/A (sky130_fd_sc_hd__and3_1)
     2    0.005971    0.050387    0.162226    8.550413 v _2406_/X (sky130_fd_sc_hd__and3_1)
                                                         _0160_ (net)
                      0.050387    0.000112    8.550525 v _2408_/C (sky130_fd_sc_hd__or3_4)
     3    0.007243    0.070274    0.332555    8.883080 v _2408_/X (sky130_fd_sc_hd__or3_4)
                                                         _0162_ (net)
                      0.070274    0.000114    8.883194 v _2410_/A1 (sky130_fd_sc_hd__a21o_1)
     3    0.007351    0.052688    0.181624    9.064817 v _2410_/X (sky130_fd_sc_hd__a21o_1)
                                                         _0164_ (net)
                      0.052688    0.000250    9.065068 v _2413_/A (sky130_fd_sc_hd__and3_1)
     2    0.006045    0.050730    0.157983    9.223051 v _2413_/X (sky130_fd_sc_hd__and3_1)
                                                         _0167_ (net)
                      0.050730    0.000126    9.223177 v _2415_/C (sky130_fd_sc_hd__or3_4)
     3    0.007618    0.071005    0.333757    9.556934 v _2415_/X (sky130_fd_sc_hd__or3_4)
                                                         _0169_ (net)
                      0.071005    0.000256    9.557190 v _2420_/A1 (sky130_fd_sc_hd__a21o_1)
     4    0.012152    0.071041    0.201193    9.758383 v _2420_/X (sky130_fd_sc_hd__a21o_1)
                                                         _0174_ (net)
                      0.071041    0.000166    9.758549 v _2428_/A1 (sky130_fd_sc_hd__a21bo_1)
     1    0.004733    0.042754    0.181633    9.940183 v _2428_/X (sky130_fd_sc_hd__a21bo_1)
                                                         _0180_ (net)
                      0.042754    0.000110    9.940292 v _2429_/B (sky130_fd_sc_hd__xor2_1)
     1    0.002778    0.068585    0.134936   10.075228 v _2429_/X (sky130_fd_sc_hd__xor2_1)
                                                         _0181_ (net)
                      0.068585    0.000061   10.075290 v _2430_/A1 (sky130_fd_sc_hd__mux2_4)
     1    0.003123    0.048331    0.259716   10.335005 v _2430_/X (sky130_fd_sc_hd__mux2_4)
                                                         _0025_ (net)
                      0.048331    0.000078   10.335083 v _3238_/D (sky130_fd_sc_hd__dfrtp_4)
                                             10.335083   data arrival time

                                 10.125000   10.125000   clock clk (rise edge)
                                  0.000000   10.125000   clock source latency
     2    0.030799    0.000000    0.000000   10.125000 ^ clk (in)
                                                         clk (net)
                      0.001910    0.000955   10.125955 ^ clkbuf_0_clk/A (sky130_fd_sc_hd__clkbuf_16)
    17    0.135603    0.148459    0.192768   10.318723 ^ clkbuf_0_clk/X (sky130_fd_sc_hd__clkbuf_16)
                                                         clknet_0_clk (net)
                      0.148973    0.007026   10.325749 ^ clkbuf_3_3__f_clk/A (sky130_fd_sc_hd__clkbuf_16)
    35    0.089903    0.106380    0.214397   10.540147 ^ clkbuf_3_3__f_clk/X (sky130_fd_sc_hd__clkbuf_16)
                                                         clknet_3_3__leaf_clk (net)
                      0.106432    0.002203   10.542350 ^ _3238_/CLK (sky130_fd_sc_hd__dfrtp_4)
                                 -0.100000   10.442349   clock uncertainty
                                  0.000000   10.442349   clock reconvergence pessimism
                                 -0.101665   10.340685   library setup time
                                             10.340685   data required time
---------------------------------------------------------------------------------------------
                                             10.340685   data required time
                                            -10.335083   data arrival time
---------------------------------------------------------------------------------------------
                                              0.005602   slack (MET)




===========================================================================
report_checks --slack_max -0.01
============================================================================
======================= nom_tt_025C_1v80 Corner ===================================

No paths found.


===========================================================================
 report_check_types -max_slew -max_cap -max_fanout -violators
============================================================================
======================= nom_tt_025C_1v80 Corner ===================================



===========================================================================
report_parasitic_annotation -report_unannotated
============================================================================
Found 7 unannotated drivers.
 clkload0/Y
 clkload1/Y
 clkload2/Y
 clkload3/Y
 clkload4/Y
 clkload5/Y
 clkload6/Y
Found 0 partially unannotated drivers.

===========================================================================
max slew violation count 0
Writing metric design__max_slew_violation__count__corner:nom_tt_025C_1v80: 0
max fanout violation count 0
Writing metric design__max_fanout_violation__count__corner:nom_tt_025C_1v80: 0
max cap violation count 0
Writing metric design__max_cap_violation__count__corner:nom_tt_025C_1v80: 0
============================================================================

===========================================================================
check_setup -verbose -unconstrained_endpoints -multiple_clock -no_clock -no_input_delay -loops -generated_clocks
===========================================================================
Warning: There are 36 input ports missing set_input_delay.
  A_in[0]
  A_in[10]
  A_in[11]
  A_in[12]
  A_in[13]
  A_in[14]
  A_in[15]
  A_in[1]
  A_in[2]
  A_in[3]
  A_in[4]
  A_in[5]
  A_in[6]
  A_in[7]
  A_in[8]
  A_in[9]
  B_in[0]
  B_in[10]
  B_in[11]
  B_in[12]
  B_in[13]
  B_in[14]
  B_in[15]
  B_in[1]
  B_in[2]
  B_in[3]
  B_in[4]
  B_in[5]
  B_in[6]
  B_in[7]
  B_in[8]
  B_in[9]
  Op_Sel[0]
  Op_Sel[1]
  Start
  rst_n
Warning: There are 17 unconstrained endpoints.
  Done
  X_out[0]
  X_out[10]
  X_out[11]
  X_out[12]
  X_out[13]
  X_out[14]
  X_out[15]
  X_out[1]
  X_out[2]
  X_out[3]
  X_out[4]
  X_out[5]
  X_out[6]
  X_out[7]
  X_out[8]
  X_out[9]
