Clock: clk
Sources: clk 
Generated: no
Virtual: yes
Propagated: no
Period: 15.000000

===========================================================================
report_clock_properties
============================================================================
Clock                   Period          Waveform
----------------------------------------------------
clk                  15.000000    0.000000  7.500000

===========================================================================
report_clock_latency
============================================================================
Clock clk
rise -> rise
    min     max
0.000000 0.000000 source latency
0.404725         network latency _3221_/CLK
        0.422089 network latency _3255_/CLK
---------------
0.404725 0.422089 latency
        0.017364 skew

fall -> fall
    min     max
0.000000 0.000000 source latency
0.390841         network latency _3221_/CLK
        0.404595 network latency _3295_/CLK
---------------
0.390841 0.404595 latency
        0.013754 skew



===========================================================================
report_clock_min_period
============================================================================
clk period_min = 10.13 fmax = 98.73
