VCD info: dumpfile mrc_rtl_precheck.vcd opened for output.
[216000] TEST                     MRC_ADD_10_7 | X_out=17 exp=17 err=0 exp_err=0 corr=0 exp_corr=0 valid=1 exp_valid=1
  -> PASS
[376000] TEST                  MRC_ADD_123_321 | X_out=444 exp=444 err=0 exp_err=0 corr=0 exp_corr=0 valid=1 exp_valid=1
  -> PASS
[536000] TEST                   MRC_SUB_200_50 | X_out=150 exp=150 err=0 exp_err=0 corr=0 exp_corr=0 valid=1 exp_valid=1
  -> PASS
[696000] TEST                  MRC_SUB_400_123 | X_out=277 exp=277 err=0 exp_err=0 corr=0 exp_corr=0 valid=1 exp_valid=1
  -> PASS
[856000] TEST                     MRC_SUB_WRAP | X_out=-150 exp=-150 err=0 exp_err=0 corr=0 exp_corr=0 valid=1 exp_valid=1
  -> PASS
[1016000] TEST              MRC_SUB_NEG_123_400 | X_out=-277 exp=-277 err=0 exp_err=0 corr=0 exp_corr=0 valid=1 exp_valid=1
  -> PASS
[1176000] TEST                    MRC_MUL_11_17 | X_out=187 exp=187 err=0 exp_err=0 corr=0 exp_corr=0 valid=1 exp_valid=1
  -> PASS
[1336000] TEST                    MRC_MUL_14_20 | X_out=280 exp=280 err=0 exp_err=0 corr=0 exp_corr=0 valid=1 exp_valid=1
  -> PASS
[1496000] TEST                     MRC_MUL_9_21 | X_out=189 exp=189 err=0 exp_err=0 corr=0 exp_corr=0 valid=1 exp_valid=1
  -> PASS
[1656000] TEST             MRC_ADD_WRAP_INVALID | X_out=145 exp=145 err=1 exp_err=1 corr=0 exp_corr=0 valid=0 exp_valid=0
  -> PASS
[1816000] TEST             MRC_MUL_WRAP_INVALID | X_out=445 exp=445 err=1 exp_err=1 corr=0 exp_corr=0 valid=0 exp_valid=0
  -> PASS
[1976000] TEST              MRC_ADD_RED13_FAULT | X_out=17 exp=17 forced_r13=5 err=1 corr=1 valid=1
  -> PASS
[2136000] TEST              MRC_MUL_RED13_FAULT | X_out=280 exp=280 forced_r13=-5 err=1 corr=1 valid=1
  -> PASS
[2296000] TEST              MRC_SUB_RED17_FAULT | X_out=150 exp=150 forced_r17=-2 err=1 corr=1 valid=1
  -> PASS
[2456000] TEST              MRC_ADD_RED17_FAULT | X_out=444 exp=444 forced_r17=3 err=1 corr=1 valid=1
  -> PASS
[2616000] TEST          MRC_ADD_BASE_FAULT_CORR | X_out=17 exp=17 orig_r3=-5 forced_r3=0 err=1 corr=1 valid=1
  -> PASS
[2776000] TEST         MRC_ADD2_BASE_FAULT_CORR | X_out=444 exp=444 orig_r3=4 forced_r3=0 err=1 corr=1 valid=1
  -> PASS
[2936000] TEST          MRC_SUB_BASE_FAULT_CORR | X_out=277 exp=277 orig_r3=2 forced_r3=0 err=1 corr=1 valid=1
  -> PASS
[3096000] TEST      MRC_SUB_NEG_BASE_FAULT_CORR | X_out=-277 exp=-277 orig_r3=-2 forced_r3=0 err=1 corr=1 valid=1
  -> PASS
[3256000] TEST          MRC_MUL_BASE_FAULT_CORR | X_out=187 exp=187 orig_r3=0 forced_r3=1 err=1 corr=1 valid=1
  -> PASS
[3416000] TEST         MRC_MUL2_BASE_FAULT_CORR | X_out=280 exp=280 orig_r3=5 forced_r3=0 err=1 corr=1 valid=1
  -> PASS
MRC RRNS correction-stage tests completed.
/home/runner/work/Variant-ASIC-Explorer/Variant-ASIC-Explorer/designs/rrns_mrc/tb/tb_rrns_top_mrc.v:247: $finish called at 3440000 (1ps)
