Reading OpenROAD database at '/work/runs/RUN_2026-03-17_13-44-03/39-openroad-repairantennas/1-diodeinsertion/rns_top_crt.odb'…
Reading library file at '/pdk/volare/sky130/versions/0fe599b2afb6708d281543108caf8310912f54af/sky130A/libs.ref/sky130_fd_sc_hd/lib/sky130_fd_sc_hd__tt_025C_1v80.lib'…
Reading design constraints file at 'designs/_shared/ll_policy/constraints.sdc'…
[INFO] No information on clock propagation in input SDC file-- propagating all clocks.
[INFO ORD-0030] Using 4 thread(s).
[INFO DRT-0149] Reading tech and libs.
[WARNING DRT-0349] LEF58_ENCLOSURE with no CUTCLASS is not supported. Skipping for layer mcon
[WARNING DRT-0349] LEF58_ENCLOSURE with no CUTCLASS is not supported. Skipping for layer mcon
[WARNING DRT-0349] LEF58_ENCLOSURE with no CUTCLASS is not supported. Skipping for layer via
[WARNING DRT-0349] LEF58_ENCLOSURE with no CUTCLASS is not supported. Skipping for layer via
[WARNING DRT-0349] LEF58_ENCLOSURE with no CUTCLASS is not supported. Skipping for layer via2
[WARNING DRT-0349] LEF58_ENCLOSURE with no CUTCLASS is not supported. Skipping for layer via2
[WARNING DRT-0349] LEF58_ENCLOSURE with no CUTCLASS is not supported. Skipping for layer via3
[WARNING DRT-0349] LEF58_ENCLOSURE with no CUTCLASS is not supported. Skipping for layer via3
[WARNING DRT-0349] LEF58_ENCLOSURE with no CUTCLASS is not supported. Skipping for layer via4
[WARNING DRT-0349] LEF58_ENCLOSURE with no CUTCLASS is not supported. Skipping for layer via4

Units:                1000
Number of layers:     13
Number of macros:     441
Number of vias:       29
Number of viarulegen: 25

[INFO DRT-0150] Reading design.
[WARNING DRT-0120] Large net net36 has 224 pins which may impact routing performance. Consider optimization.

Design:                   rns_top_crt
Die area:                 ( 0 0 ) ( 431270 441990 )
Number of track patterns: 12
Number of DEF vias:       0
Number of components:     5494
Number of terminals:      56
Number of snets:          2
Number of nets:           1817

[INFO DRT-0167] List of default vias:
  Layer via
    default via: M1M2_PR
  Layer via2
    default via: M2M3_PR
  Layer via3
    default via: M3M4_PR
  Layer via4
    default via: M4M5_PR
[INFO DRT-0162] Library cell analysis.
[INFO DRT-0163] Instance analysis.
[INFO DRT-0164] Number of unique instances = 247.
[INFO DRT-0168] Init region query.
[INFO DRT-0024]   Complete FR_MASTERSLICE.
[INFO DRT-0024]   Complete licon.
[INFO DRT-0024]   Complete li1.
[INFO DRT-0024]   Complete mcon.
[INFO DRT-0024]   Complete met1.
[INFO DRT-0024]   Complete via.
[INFO DRT-0024]   Complete met2.
[INFO DRT-0024]   Complete via2.
[INFO DRT-0024]   Complete met3.
[INFO DRT-0024]   Complete via3.
[INFO DRT-0024]   Complete met4.
[INFO DRT-0024]   Complete via4.
[INFO DRT-0024]   Complete met5.
[INFO DRT-0033] FR_MASTERSLICE shape region query size = 0.
[INFO DRT-0033] licon shape region query size = 0.
[INFO DRT-0033] li1 shape region query size = 69899.
[INFO DRT-0033] mcon shape region query size = 0.
[INFO DRT-0033] met1 shape region query size = 13221.
[INFO DRT-0033] via shape region query size = 2325.
[INFO DRT-0033] met2 shape region query size = 1414.
[INFO DRT-0033] via2 shape region query size = 1860.
[INFO DRT-0033] met3 shape region query size = 1430.
[INFO DRT-0033] via3 shape region query size = 1860.
[INFO DRT-0033] met4 shape region query size = 495.
[INFO DRT-0033] via4 shape region query size = 18.
[INFO DRT-0033] met5 shape region query size = 30.
[INFO DRT-0165] Start pin access.
[INFO DRT-0078]   Complete 957 pins.
[INFO DRT-0079]   Complete 100 unique inst patterns.
[INFO DRT-0079]   Complete 200 unique inst patterns.
[INFO DRT-0081]   Complete 241 unique inst patterns.
[INFO DRT-0084]   Complete 1359 groups.
#scanned instances     = 5494
#unique  instances     = 247
#stdCellGenAp          = 7351
#stdCellValidPlanarAp  = 60
#stdCellValidViaAp     = 5738
#stdCellPinNoAp        = 0
#stdCellPinCnt         = 6439
#instTermValidViaApCnt = 0
#macroGenAp            = 0
#macroValidPlanarAp    = 0
#macroValidViaAp       = 0
#macroNoAp             = 0
[INFO DRT-0166] Complete pin access.
[INFO DRT-0267] cpu time = 00:00:40, elapsed time = 00:00:10, memory = 158.59 (MB), peak = 158.39 (MB)

[INFO DRT-0157] Number of guides:     13569

[INFO DRT-0169] Post process guides.
[INFO DRT-0176] GCELLGRID X 0 DO 62 STEP 6900 ;
[INFO DRT-0177] GCELLGRID Y 0 DO 64 STEP 6900 ;
[INFO DRT-0028]   Complete FR_MASTERSLICE.
[INFO DRT-0028]   Complete licon.
[INFO DRT-0028]   Complete li1.
[INFO DRT-0028]   Complete mcon.
[INFO DRT-0028]   Complete met1.
[INFO DRT-0028]   Complete via.
[INFO DRT-0028]   Complete met2.
[INFO DRT-0028]   Complete via2.
[INFO DRT-0028]   Complete met3.
[INFO DRT-0028]   Complete via3.
[INFO DRT-0028]   Complete met4.
[INFO DRT-0028]   Complete via4.
[INFO DRT-0028]   Complete met5.
[INFO DRT-0178] Init guide query.
[INFO DRT-0035]   Complete FR_MASTERSLICE (guide).
[INFO DRT-0035]   Complete licon (guide).
[INFO DRT-0035]   Complete li1 (guide).
[INFO DRT-0035]   Complete mcon (guide).
[INFO DRT-0035]   Complete met1 (guide).
[INFO DRT-0035]   Complete via (guide).
[INFO DRT-0035]   Complete met2 (guide).
[INFO DRT-0035]   Complete via2 (guide).
[INFO DRT-0035]   Complete met3 (guide).
[INFO DRT-0035]   Complete via3 (guide).
[INFO DRT-0035]   Complete met4 (guide).
[INFO DRT-0035]   Complete via4 (guide).
[INFO DRT-0035]   Complete met5 (guide).
[INFO DRT-0036] FR_MASTERSLICE guide region query size = 0.
[INFO DRT-0036] licon guide region query size = 0.
[INFO DRT-0036] li1 guide region query size = 5020.
[INFO DRT-0036] mcon guide region query size = 0.
[INFO DRT-0036] met1 guide region query size = 3825.
[INFO DRT-0036] via guide region query size = 0.
[INFO DRT-0036] met2 guide region query size = 1877.
[INFO DRT-0036] via2 guide region query size = 0.
[INFO DRT-0036] met3 guide region query size = 35.
[INFO DRT-0036] via3 guide region query size = 0.
[INFO DRT-0036] met4 guide region query size = 0.
[INFO DRT-0036] via4 guide region query size = 0.
[INFO DRT-0036] met5 guide region query size = 0.
[INFO DRT-0179] Init gr pin query.
[INFO DRT-0245] skipped writing guide updates to database.
[INFO DRT-0185] Post process initialize RPin region query.
[INFO DRT-0181] Start track assignment.
[INFO DRT-0184] Done with 6897 vertical wires in 2 frboxes and 3860 horizontal wires in 2 frboxes.
[INFO DRT-0186] Done with 368 vertical wires in 2 frboxes and 1035 horizontal wires in 2 frboxes.
[INFO DRT-0182] Complete track assignment.
[INFO DRT-0267] cpu time = 00:00:02, elapsed time = 00:00:00, memory = 200.16 (MB), peak = 199.89 (MB)
[INFO DRT-0187] Start routing data preparation.
[INFO DRT-0267] cpu time = 00:00:00, elapsed time = 00:00:00, memory = 200.16 (MB), peak = 199.89 (MB)
[INFO DRT-0194] Start detail routing.
[INFO DRT-0195] Start 0th optimization iteration.
    Completing 10% with 0 violations.
    elapsed time = 00:00:00, memory = 235.32 (MB).
    Completing 20% with 0 violations.
    elapsed time = 00:00:00, memory = 256.24 (MB).
    Completing 30% with 80 violations.
    elapsed time = 00:00:01, memory = 237.93 (MB).
    Completing 40% with 80 violations.
    elapsed time = 00:00:02, memory = 279.50 (MB).
    Completing 50% with 80 violations.
    elapsed time = 00:00:02, memory = 281.46 (MB).
    Completing 60% with 137 violations.
    elapsed time = 00:00:03, memory = 290.36 (MB).
    Completing 70% with 137 violations.
    elapsed time = 00:00:03, memory = 290.36 (MB).
    Completing 80% with 218 violations.
    elapsed time = 00:00:04, memory = 308.61 (MB).
    Completing 90% with 218 violations.
    elapsed time = 00:00:05, memory = 309.48 (MB).
    Completing 100% with 312 violations.
    elapsed time = 00:00:06, memory = 292.18 (MB).
[INFO DRT-0199]   Number of violations = 403.
Viol/Layer         li1   met1   met2   met3
Metal Spacing       12    111     11      2
Min Hole             0     10      0      0
Recheck              0     73     18      0
Short                0    164      2      0
[INFO DRT-0267] cpu time = 00:00:22, elapsed time = 00:00:06, memory = 627.04 (MB), peak = 626.91 (MB)
Total wire length = 45136 um.
Total wire length on LAYER li1 = 0 um.
Total wire length on LAYER met1 = 24211 um.
Total wire length on LAYER met2 = 20588 um.
Total wire length on LAYER met3 = 337 um.
Total wire length on LAYER met4 = 0 um.
Total wire length on LAYER met5 = 0 um.
Total number of vias = 13602.
Up-via summary (total 13602):

------------------------
 FR_MASTERSLICE        0
            li1     7233
           met1     6334
           met2       35
           met3        0
           met4        0
------------------------
                   13602


[INFO DRT-0195] Start 1st optimization iteration.
    Completing 10% with 403 violations.
    elapsed time = 00:00:00, memory = 629.68 (MB).
    Completing 20% with 403 violations.
    elapsed time = 00:00:01, memory = 630.54 (MB).
    Completing 30% with 329 violations.
    elapsed time = 00:00:02, memory = 633.40 (MB).
    Completing 40% with 329 violations.
    elapsed time = 00:00:02, memory = 633.40 (MB).
    Completing 50% with 329 violations.
    elapsed time = 00:00:03, memory = 633.40 (MB).
    Completing 60% with 263 violations.
    elapsed time = 00:00:04, memory = 633.40 (MB).
    Completing 70% with 263 violations.
    elapsed time = 00:00:04, memory = 633.40 (MB).
    Completing 80% with 188 violations.
    elapsed time = 00:00:05, memory = 633.40 (MB).
    Completing 90% with 188 violations.
    elapsed time = 00:00:05, memory = 640.00 (MB).
    Completing 100% with 135 violations.
    elapsed time = 00:00:06, memory = 642.18 (MB).
[INFO DRT-0199]   Number of violations = 135.
Viol/Layer        met1   met2
Metal Spacing       26      4
Min Hole             2      0
Short              100      3
[INFO DRT-0267] cpu time = 00:00:23, elapsed time = 00:00:06, memory = 642.50 (MB), peak = 642.11 (MB)
Total wire length = 44851 um.
Total wire length on LAYER li1 = 0 um.
Total wire length on LAYER met1 = 24068 um.
Total wire length on LAYER met2 = 20446 um.
Total wire length on LAYER met3 = 336 um.
Total wire length on LAYER met4 = 0 um.
Total wire length on LAYER met5 = 0 um.
Total number of vias = 13568.
Up-via summary (total 13568):

------------------------
 FR_MASTERSLICE        0
            li1     7227
           met1     6306
           met2       35
           met3        0
           met4        0
------------------------
                   13568


[INFO DRT-0195] Start 2nd optimization iteration.
    Completing 10% with 135 violations.
    elapsed time = 00:00:00, memory = 642.50 (MB).
    Completing 20% with 135 violations.
    elapsed time = 00:00:00, memory = 642.50 (MB).
    Completing 30% with 103 violations.
    elapsed time = 00:00:01, memory = 642.50 (MB).
    Completing 40% with 103 violations.
    elapsed time = 00:00:01, memory = 642.50 (MB).
    Completing 50% with 103 violations.
    elapsed time = 00:00:04, memory = 642.77 (MB).
    Completing 60% with 83 violations.
    elapsed time = 00:00:05, memory = 642.77 (MB).
    Completing 70% with 83 violations.
    elapsed time = 00:00:05, memory = 642.77 (MB).
    Completing 80% with 74 violations.
    elapsed time = 00:00:05, memory = 642.77 (MB).
    Completing 90% with 74 violations.
    elapsed time = 00:00:06, memory = 642.77 (MB).
    Completing 100% with 74 violations.
    elapsed time = 00:00:06, memory = 642.77 (MB).
[INFO DRT-0199]   Number of violations = 74.
Viol/Layer        met1   met2
Metal Spacing       15      1
Min Hole             1      0
Short               56      1
[INFO DRT-0267] cpu time = 00:00:17, elapsed time = 00:00:07, memory = 642.77 (MB), peak = 642.36 (MB)
Total wire length = 44780 um.
Total wire length on LAYER li1 = 0 um.
Total wire length on LAYER met1 = 24065 um.
Total wire length on LAYER met2 = 20379 um.
Total wire length on LAYER met3 = 336 um.
Total wire length on LAYER met4 = 0 um.
Total wire length on LAYER met5 = 0 um.
Total number of vias = 13539.
Up-via summary (total 13539):

------------------------
 FR_MASTERSLICE        0
            li1     7227
           met1     6277
           met2       35
           met3        0
           met4        0
------------------------
                   13539


[INFO DRT-0195] Start 3rd optimization iteration.
    Completing 10% with 74 violations.
    elapsed time = 00:00:00, memory = 642.77 (MB).
    Completing 20% with 74 violations.
    elapsed time = 00:00:00, memory = 643.89 (MB).
    Completing 30% with 37 violations.
    elapsed time = 00:00:00, memory = 643.89 (MB).
    Completing 40% with 37 violations.
    elapsed time = 00:00:00, memory = 643.89 (MB).
    Completing 50% with 37 violations.
    elapsed time = 00:00:01, memory = 644.55 (MB).
    Completing 60% with 29 violations.
    elapsed time = 00:00:01, memory = 644.55 (MB).
    Completing 70% with 29 violations.
    elapsed time = 00:00:01, memory = 644.55 (MB).
    Completing 80% with 8 violations.
    elapsed time = 00:00:01, memory = 644.55 (MB).
    Completing 90% with 8 violations.
    elapsed time = 00:00:01, memory = 644.55 (MB).
    Completing 100% with 0 violations.
    elapsed time = 00:00:02, memory = 644.55 (MB).
[INFO DRT-0199]   Number of violations = 5.
Viol/Layer        met1   met2
Recheck              4      1
[INFO DRT-0267] cpu time = 00:00:07, elapsed time = 00:00:02, memory = 644.55 (MB), peak = 644.24 (MB)
Total wire length = 44722 um.
Total wire length on LAYER li1 = 0 um.
Total wire length on LAYER met1 = 23883 um.
Total wire length on LAYER met2 = 20431 um.
Total wire length on LAYER met3 = 407 um.
Total wire length on LAYER met4 = 0 um.
Total wire length on LAYER met5 = 0 um.
Total number of vias = 13581.
Up-via summary (total 13581):

------------------------
 FR_MASTERSLICE        0
            li1     7227
           met1     6304
           met2       50
           met3        0
           met4        0
------------------------
                   13581


[INFO DRT-0195] Start 4th optimization iteration.
    Completing 10% with 5 violations.
    elapsed time = 00:00:00, memory = 644.55 (MB).
    Completing 20% with 5 violations.
    elapsed time = 00:00:00, memory = 644.55 (MB).
    Completing 30% with 5 violations.
    elapsed time = 00:00:00, memory = 644.55 (MB).
    Completing 40% with 5 violations.
    elapsed time = 00:00:00, memory = 644.55 (MB).
    Completing 50% with 5 violations.
    elapsed time = 00:00:00, memory = 644.55 (MB).
    Completing 60% with 0 violations.
    elapsed time = 00:00:00, memory = 644.55 (MB).
    Completing 70% with 0 violations.
    elapsed time = 00:00:00, memory = 644.55 (MB).
    Completing 80% with 0 violations.
    elapsed time = 00:00:00, memory = 644.55 (MB).
    Completing 90% with 0 violations.
    elapsed time = 00:00:00, memory = 644.55 (MB).
    Completing 100% with 0 violations.
    elapsed time = 00:00:00, memory = 644.55 (MB).
[INFO DRT-0199]   Number of violations = 0.
[INFO DRT-0267] cpu time = 00:00:00, elapsed time = 00:00:00, memory = 644.55 (MB), peak = 644.24 (MB)
Total wire length = 44722 um.
Total wire length on LAYER li1 = 0 um.
Total wire length on LAYER met1 = 23883 um.
Total wire length on LAYER met2 = 20431 um.
Total wire length on LAYER met3 = 407 um.
Total wire length on LAYER met4 = 0 um.
Total wire length on LAYER met5 = 0 um.
Total number of vias = 13581.
Up-via summary (total 13581):

------------------------
 FR_MASTERSLICE        0
            li1     7227
           met1     6304
           met2       50
           met3        0
           met4        0
------------------------
                   13581


[INFO DRT-0198] Complete detail routing.
Total wire length = 44722 um.
Total wire length on LAYER li1 = 0 um.
Total wire length on LAYER met1 = 23883 um.
Total wire length on LAYER met2 = 20431 um.
Total wire length on LAYER met3 = 407 um.
Total wire length on LAYER met4 = 0 um.
Total wire length on LAYER met5 = 0 um.
Total number of vias = 13581.
Up-via summary (total 13581):

------------------------
 FR_MASTERSLICE        0
            li1     7227
           met1     6304
           met2       50
           met3        0
           met4        0
------------------------
                   13581


[INFO DRT-0267] cpu time = 00:01:11, elapsed time = 00:00:22, memory = 644.55 (MB), peak = 644.24 (MB)

[INFO DRT-0180] Post processing.
Setting global connections for newly added cells…
[INFO] Setting global connections...
Updating metrics…
Cell type report:                       Count       Area
  Fill cell                               308    1156.11
  Tap cell                               2496    3123.00
  Antenna cell                            903    2259.67
  Clock buffer                              9     225.22
  Timing Repair Buffer                     53     237.73
  Inverter                                 59     226.47
  Clock inverter                            7      73.82
  Sequential cell                         110    2975.35
  Multi-Input combinational cell         1549   11195.74
  Total                                  5494   21473.09
Writing OpenROAD database to '/work/runs/RUN_2026-03-17_13-44-03/41-openroad-detailedrouting/rns_top_crt.odb'…
Writing netlist to '/work/runs/RUN_2026-03-17_13-44-03/41-openroad-detailedrouting/rns_top_crt.nl.v'…
Writing powered netlist to '/work/runs/RUN_2026-03-17_13-44-03/41-openroad-detailedrouting/rns_top_crt.pnl.v'…
Writing layout to '/work/runs/RUN_2026-03-17_13-44-03/41-openroad-detailedrouting/rns_top_crt.def'…
Writing timing constraints to '/work/runs/RUN_2026-03-17_13-44-03/41-openroad-detailedrouting/rns_top_crt.sdc'…
