Clock: clk
Sources: clk 
Generated: no
Virtual: yes
Propagated: no
Period: 10.500000

===========================================================================
report_clock_properties
============================================================================
Clock                   Period          Waveform
----------------------------------------------------
clk                  10.500000    0.000000  5.250000

===========================================================================
report_clock_latency
============================================================================
Clock clk
rise -> rise
    min     max
0.000000 0.000000 source latency
0.001750         network latency _3265_/CLK
        0.021974 network latency _3295_/CLK
---------------
0.001750 0.021974 latency
        0.020225 skew

fall -> fall
    min     max
0.000000 0.000000 source latency
0.001669         network latency _3265_/CLK
        0.020964 network latency _3295_/CLK
---------------
0.001669 0.020964 latency
        0.019295 skew



===========================================================================
report_clock_min_period
============================================================================
clk period_min = 12.26 fmax = 81.58
