
===========================================================================
report_checks -unconstrained
===========================================================================
======================= nom_tt_025C_1v80 Corner ===================================

Startpoint: _3302_ (rising edge-triggered flip-flop clocked by clk)
Endpoint: _3238_ (rising edge-triggered flip-flop clocked by clk)
Path Group: clk
Path Type: max

Fanout         Cap        Slew       Delay        Time   Description
---------------------------------------------------------------------------------------------
                                  0.000000    0.000000   clock clk (rise edge)
                                  0.000000    0.000000   clock source latency
     2    0.042452    0.000000    0.000000    0.000000 ^ clk (in)
                                                         clk (net)
                      0.002256    0.001128    0.001128 ^ clkbuf_0_clk/A (sky130_fd_sc_hd__clkbuf_16)
    17    0.163068    0.175112    0.211140    0.212268 ^ clkbuf_0_clk/X (sky130_fd_sc_hd__clkbuf_16)
                                                         clknet_0_clk (net)
                      0.175618    0.007609    0.219877 ^ clkbuf_3_0__f_clk/A (sky130_fd_sc_hd__clkbuf_16)
    25    0.091237    0.107915    0.223669    0.443546 ^ clkbuf_3_0__f_clk/X (sky130_fd_sc_hd__clkbuf_16)
                                                         clknet_3_0__leaf_clk (net)
                      0.108168    0.003723    0.447270 ^ _3302_/CLK (sky130_fd_sc_hd__dfrtp_4)
    15    0.049194    0.120651    0.571446    1.018715 v _3302_/Q (sky130_fd_sc_hd__dfrtp_4)
                                                         B_reg[12] (net)
                      0.120702    0.002305    1.021021 v _1910_/C (sky130_fd_sc_hd__and3_1)
     3    0.005978    0.050457    0.224136    1.245156 v _1910_/X (sky130_fd_sc_hd__and3_1)
                                                         _1175_ (net)
                      0.050457    0.000094    1.245250 v _2300_/B (sky130_fd_sc_hd__or4_1)
     4    0.009808    0.127155    0.560067    1.805317 v _2300_/X (sky130_fd_sc_hd__or4_1)
                                                         _1553_ (net)
                      0.127155    0.000210    1.805528 v _2304_/A2 (sky130_fd_sc_hd__a21o_1)
     3    0.007532    0.053518    0.226224    2.031752 v _2304_/X (sky130_fd_sc_hd__a21o_1)
                                                         _1557_ (net)
                      0.053518    0.000167    2.031919 v _2308_/C (sky130_fd_sc_hd__and3_1)
     2    0.005189    0.046954    0.189623    2.221543 v _2308_/X (sky130_fd_sc_hd__and3_1)
                                                         _1561_ (net)
                      0.046954    0.000126    2.221669 v _2310_/C (sky130_fd_sc_hd__or3_1)
     3    0.006797    0.087258    0.333799    2.555468 v _2310_/X (sky130_fd_sc_hd__or3_1)
                                                         _1563_ (net)
                      0.087258    0.000166    2.555634 v _2313_/A1 (sky130_fd_sc_hd__a21o_1)
     4    0.010251    0.063475    0.201082    2.756716 v _2313_/X (sky130_fd_sc_hd__a21o_1)
                                                         _1566_ (net)
                      0.063475    0.000215    2.756931 v _2319_/B (sky130_fd_sc_hd__and3_1)
     2    0.005717    0.049269    0.181421    2.938351 v _2319_/X (sky130_fd_sc_hd__and3_1)
                                                         _1572_ (net)
                      0.049269    0.000110    2.938461 v _2321_/C (sky130_fd_sc_hd__or3_1)
     3    0.008804    0.097857    0.349612    3.288073 v _2321_/X (sky130_fd_sc_hd__or3_1)
                                                         _1574_ (net)
                      0.097857    0.000272    3.288346 v _2326_/A1 (sky130_fd_sc_hd__a21o_1)
     4    0.011258    0.067490    0.208982    3.497328 v _2326_/X (sky130_fd_sc_hd__a21o_1)
                                                         _1579_ (net)
                      0.067491    0.000336    3.497664 v _2328_/C (sky130_fd_sc_hd__and3_1)
     2    0.004601    0.044476    0.193129    3.690793 v _2328_/X (sky130_fd_sc_hd__and3_1)
                                                         _1581_ (net)
                      0.044476    0.000113    3.690906 v _2330_/C (sky130_fd_sc_hd__or3_2)
     4    0.014056    0.112745    0.464280    4.155186 v _2330_/X (sky130_fd_sc_hd__or3_2)
                                                         _1583_ (net)
                      0.112745    0.000482    4.155668 v _2334_/A1 (sky130_fd_sc_hd__a21o_1)
     5    0.015344    0.084075    0.229718    4.385386 v _2334_/X (sky130_fd_sc_hd__a21o_1)
                                                         _1587_ (net)
                      0.084076    0.000349    4.385736 v _2338_/B (sky130_fd_sc_hd__and3_1)
     2    0.006483    0.052750    0.194466    4.580202 v _2338_/X (sky130_fd_sc_hd__and3_1)
                                                         _1591_ (net)
                      0.052750    0.000158    4.580360 v _2345_/C (sky130_fd_sc_hd__or3_1)
     3    0.008248    0.096110    0.346175    4.926535 v _2345_/X (sky130_fd_sc_hd__or3_1)
                                                         _1598_ (net)
                      0.096110    0.000157    4.926692 v _2347_/A1 (sky130_fd_sc_hd__a21o_1)
     4    0.011656    0.069087    0.209699    5.136391 v _2347_/X (sky130_fd_sc_hd__a21o_1)
                                                         _1600_ (net)
                      0.069087    0.000351    5.136742 v _2350_/C (sky130_fd_sc_hd__and3_1)
     2    0.006861    0.054462    0.204842    5.341584 v _2350_/X (sky130_fd_sc_hd__and3_1)
                                                         _1603_ (net)
                      0.054462    0.000203    5.341787 v _2352_/C (sky130_fd_sc_hd__or3_1)
     3    0.009302    0.100536    0.354403    5.696190 v _2352_/X (sky130_fd_sc_hd__or3_1)
                                                         _0106_ (net)
                      0.100536    0.000258    5.696449 v _2355_/A2 (sky130_fd_sc_hd__a21o_1)
     4    0.010700    0.065249    0.229393    5.925842 v _2355_/X (sky130_fd_sc_hd__a21o_1)
                                                         _0109_ (net)
                      0.065250    0.000319    5.926161 v _2362_/B (sky130_fd_sc_hd__and3_1)
     2    0.005766    0.049497    0.182468    6.108629 v _2362_/X (sky130_fd_sc_hd__and3_1)
                                                         _0116_ (net)
                      0.049497    0.000153    6.108782 v _2364_/C (sky130_fd_sc_hd__or3_1)
     3    0.007429    0.091235    0.339145    6.447927 v _2364_/X (sky130_fd_sc_hd__or3_1)
                                                         _0118_ (net)
                      0.091235    0.000218    6.448145 v _2366_/A2 (sky130_fd_sc_hd__a21o_1)
     4    0.010844    0.065791    0.226282    6.674427 v _2366_/X (sky130_fd_sc_hd__a21o_1)
                                                         _0120_ (net)
                      0.065791    0.000230    6.674657 v _2370_/B (sky130_fd_sc_hd__and3_1)
     2    0.005637    0.048912    0.182107    6.856764 v _2370_/X (sky130_fd_sc_hd__and3_1)
                                                         _0124_ (net)
                      0.048912    0.000142    6.856906 v _2372_/C (sky130_fd_sc_hd__or3_1)
     3    0.009179    0.099928    0.352416    7.209322 v _2372_/X (sky130_fd_sc_hd__or3_1)
                                                         _0126_ (net)
                      0.099928    0.000138    7.209460 v _2378_/A1 (sky130_fd_sc_hd__a21o_1)
     4    0.010657    0.065103    0.207741    7.417201 v _2378_/X (sky130_fd_sc_hd__a21o_1)
                                                         _0132_ (net)
                      0.065103    0.000241    7.417441 v _2383_/C (sky130_fd_sc_hd__and3_1)
     2    0.007382    0.056873    0.205580    7.623022 v _2383_/X (sky130_fd_sc_hd__and3_1)
                                                         _0137_ (net)
                      0.056873    0.000203    7.623225 v _2385_/C (sky130_fd_sc_hd__or3_1)
     3    0.008179    0.095982    0.346978    7.970203 v _2385_/X (sky130_fd_sc_hd__or3_1)
                                                         _0139_ (net)
                      0.095982    0.000179    7.970382 v _2387_/A1 (sky130_fd_sc_hd__a21o_1)
     4    0.012464    0.072311    0.212577    8.182959 v _2387_/X (sky130_fd_sc_hd__a21o_1)
                                                         _0141_ (net)
                      0.072311    0.000186    8.183145 v _2390_/B (sky130_fd_sc_hd__and3_1)
     3    0.010239    0.067945    0.205920    8.389064 v _2390_/X (sky130_fd_sc_hd__and3_1)
                                                         _0144_ (net)
                      0.067945    0.000302    8.389366 v _2392_/C (sky130_fd_sc_hd__or3_1)
     3    0.006781    0.087260    0.339998    8.729364 v _2392_/X (sky130_fd_sc_hd__or3_1)
                                                         _0146_ (net)
                      0.087260    0.000163    8.729527 v _2397_/A1 (sky130_fd_sc_hd__a21o_1)
     4    0.011071    0.066714    0.204015    8.933541 v _2397_/X (sky130_fd_sc_hd__a21o_1)
                                                         _0151_ (net)
                      0.066714    0.000212    8.933754 v _2406_/B (sky130_fd_sc_hd__and3_1)
     2    0.005729    0.049324    0.182957    9.116711 v _2406_/X (sky130_fd_sc_hd__and3_1)
                                                         _0160_ (net)
                      0.049324    0.000140    9.116851 v _2408_/C (sky130_fd_sc_hd__or3_1)
     3    0.008121    0.095626    0.344444    9.461295 v _2408_/X (sky130_fd_sc_hd__or3_1)
                                                         _0162_ (net)
                      0.095626    0.000155    9.461451 v _2410_/A2 (sky130_fd_sc_hd__a21o_1)
     3    0.007037    0.051225    0.211640    9.673091 v _2410_/X (sky130_fd_sc_hd__a21o_1)
                                                         _0164_ (net)
                      0.051225    0.000170    9.673261 v _2413_/C (sky130_fd_sc_hd__and3_1)
     2    0.004872    0.045597    0.187077    9.860337 v _2413_/X (sky130_fd_sc_hd__and3_1)
                                                         _0167_ (net)
                      0.045597    0.000115    9.860454 v _2415_/C (sky130_fd_sc_hd__or3_1)
     3    0.007056    0.088856    0.335482   10.195935 v _2415_/X (sky130_fd_sc_hd__or3_1)
                                                         _0169_ (net)
                      0.088856    0.000163   10.196098 v _2420_/A1 (sky130_fd_sc_hd__a21o_1)
     4    0.011488    0.068382    0.206150   10.402248 v _2420_/X (sky130_fd_sc_hd__a21o_1)
                                                         _0174_ (net)
                      0.068382    0.000164   10.402412 v _2428_/A1 (sky130_fd_sc_hd__a21bo_1)
     1    0.004302    0.040937    0.178565   10.580977 v _2428_/X (sky130_fd_sc_hd__a21bo_1)
                                                         _0180_ (net)
                      0.040937    0.000083   10.581060 v _2429_/B (sky130_fd_sc_hd__xor2_1)
     1    0.002513    0.068443    0.132894   10.713955 v _2429_/X (sky130_fd_sc_hd__xor2_1)
                                                         _0181_ (net)
                      0.068443    0.000054   10.714008 v _2430_/A1 (sky130_fd_sc_hd__mux2_1)
     1    0.002448    0.053081    0.291789   11.005797 v _2430_/X (sky130_fd_sc_hd__mux2_1)
                                                         _0025_ (net)
                      0.053081    0.000048   11.005845 v _3238_/D (sky130_fd_sc_hd__dfrtp_4)
                                             11.005845   data arrival time

                                140.000000  140.000000   clock clk (rise edge)
                                  0.000000  140.000000   clock source latency
     2    0.042452    0.000000    0.000000  140.000000 ^ clk (in)
                                                         clk (net)
                      0.002256    0.001123  140.001129 ^ clkbuf_0_clk/A (sky130_fd_sc_hd__clkbuf_16)
    17    0.163068    0.175112    0.211145  140.212265 ^ clkbuf_0_clk/X (sky130_fd_sc_hd__clkbuf_16)
                                                         clknet_0_clk (net)
                      0.175612    0.007574  140.219849 ^ clkbuf_3_3__f_clk/A (sky130_fd_sc_hd__clkbuf_16)
    35    0.099351    0.115574    0.229520  140.449356 ^ clkbuf_3_3__f_clk/X (sky130_fd_sc_hd__clkbuf_16)
                                                         clknet_3_3__leaf_clk (net)
                      0.115660    0.002871  140.452240 ^ _3238_/CLK (sky130_fd_sc_hd__dfrtp_4)
                                 -0.100000  140.352234   clock uncertainty
                                  0.000000  140.352234   clock reconvergence pessimism
                                 -0.101616  140.250610   library setup time
                                            140.250610   data required time
---------------------------------------------------------------------------------------------
                                            140.250610   data required time
                                            -11.005845   data arrival time
---------------------------------------------------------------------------------------------
                                            129.244766   slack (MET)




===========================================================================
report_checks --slack_max -0.01
============================================================================
======================= nom_tt_025C_1v80 Corner ===================================

No paths found.


===========================================================================
 report_check_types -max_slew -max_cap -max_fanout -violators
============================================================================
======================= nom_tt_025C_1v80 Corner ===================================



===========================================================================
report_parasitic_annotation -report_unannotated
============================================================================
Found 7 unannotated drivers.
 clkload0/Y
 clkload1/Y
 clkload2/Y
 clkload3/Y
 clkload4/Y
 clkload5/Y
 clkload6/Y
Found 0 partially unannotated drivers.

===========================================================================
max slew violation count 0
max fanout violation count 0
max cap violation count 0
============================================================================

===========================================================================
check_setup -verbose -unconstrained_endpoints -multiple_clock -no_clock -no_input_delay -loops -generated_clocks
===========================================================================
Warning: There are 36 input ports missing set_input_delay.
  A_in[0]
  A_in[10]
  A_in[11]
  A_in[12]
  A_in[13]
  A_in[14]
  A_in[15]
  A_in[1]
  A_in[2]
  A_in[3]
  A_in[4]
  A_in[5]
  A_in[6]
  A_in[7]
  A_in[8]
  A_in[9]
  B_in[0]
  B_in[10]
  B_in[11]
  B_in[12]
  B_in[13]
  B_in[14]
  B_in[15]
  B_in[1]
  B_in[2]
  B_in[3]
  B_in[4]
  B_in[5]
  B_in[6]
  B_in[7]
  B_in[8]
  B_in[9]
  Op_Sel[0]
  Op_Sel[1]
  Start
  rst_n
Warning: There are 17 unconstrained endpoints.
  Done
  X_out[0]
  X_out[10]
  X_out[11]
  X_out[12]
  X_out[13]
  X_out[14]
  X_out[15]
  X_out[1]
  X_out[2]
  X_out[3]
  X_out[4]
  X_out[5]
  X_out[6]
  X_out[7]
  X_out[8]
  X_out[9]
