Clock: clk
Sources: clk 
Generated: no
Virtual: yes
Propagated: no
Period: 140.000000

===========================================================================
report_clock_properties
============================================================================
Clock                   Period          Waveform
----------------------------------------------------
clk                 140.000000    0.000000 70.000000

===========================================================================
report_clock_latency
============================================================================
Clock clk
rise -> rise
    min     max
0.000000 0.000000 source latency
0.434429         network latency _3222_/CLK
        0.458406 network latency _3298_/CLK
---------------
0.434429 0.458406 latency
        0.023977 skew

fall -> fall
    min     max
0.000000 0.000000 source latency
0.411902         network latency _3222_/CLK
        0.431285 network latency _3298_/CLK
---------------
0.411902 0.431285 latency
        0.019384 skew



===========================================================================
report_clock_min_period
============================================================================
clk period_min = 10.76 fmax = 92.98
