Clock: clk
Sources: clk 
Generated: no
Virtual: yes
Propagated: no
Period: 10.375000

===========================================================================
report_clock_properties
============================================================================
Clock                   Period          Waveform
----------------------------------------------------
clk                  10.375000    0.000000  5.187500

===========================================================================
report_clock_latency
============================================================================
Clock clk
rise -> rise
    min     max
0.000000 0.000000 source latency
0.436222         network latency _3221_/CLK
        0.465716 network latency _3296_/CLK
---------------
0.436222 0.465716 latency
        0.029494 skew

fall -> fall
    min     max
0.000000 0.000000 source latency
0.413048         network latency _3221_/CLK
        0.436473 network latency _3296_/CLK
---------------
0.413048 0.436473 latency
        0.023425 skew



===========================================================================
report_clock_min_period
============================================================================
clk period_min = 10.14 fmax = 98.58
