Clock: clk
Sources: clk 
Generated: no
Virtual: yes
Propagated: no
Period: 5.000000

===========================================================================
report_clock_properties
============================================================================
Clock                   Period          Waveform
----------------------------------------------------
clk                   5.000000    0.000000  2.500000

===========================================================================
report_clock_latency
============================================================================
Clock clk
rise -> rise
    min     max
0.000000 0.000000 source latency
0.298019         network latency _3222_/CLK
        0.317736 network latency _3295_/CLK
---------------
0.298019 0.317736 latency
        0.019716 skew

fall -> fall
    min     max
0.000000 0.000000 source latency
0.282318         network latency _3222_/CLK
        0.297984 network latency _3295_/CLK
---------------
0.282318 0.297984 latency
        0.015666 skew



===========================================================================
report_clock_min_period
============================================================================
clk period_min = 6.31 fmax = 158.58
