
===========================================================================
report_checks -unconstrained
===========================================================================
======================= max_ff_n40C_1v95 Corner ===================================

Startpoint: _3303_ (rising edge-triggered flip-flop clocked by clk)
Endpoint: _3237_ (rising edge-triggered flip-flop clocked by clk)
Path Group: clk
Path Type: max

Fanout         Cap        Slew       Delay        Time   Description
---------------------------------------------------------------------------------------------
                                  0.000000    0.000000   clock clk (rise edge)
                                  0.000000    0.000000   clock source latency
     2    0.043500    0.000000    0.000000    0.000000 ^ clk (in)
                                                         clk (net)
                      0.003134    0.001567    0.001567 ^ clkbuf_0_clk/A (sky130_fd_sc_hd__clkbuf_16)
    17    0.171317    0.141971    0.153718    0.155286 ^ clkbuf_0_clk/X (sky130_fd_sc_hd__clkbuf_16)
                                                         clknet_0_clk (net)
                      0.143758    0.012698    0.167983 ^ clkbuf_3_0__f_clk/A (sky130_fd_sc_hd__clkbuf_16)
    25    0.094980    0.086177    0.152228    0.320211 ^ clkbuf_3_0__f_clk/X (sky130_fd_sc_hd__clkbuf_16)
                                                         clknet_3_0__leaf_clk (net)
                      0.087414    0.008186    0.328397 ^ _3303_/CLK (sky130_fd_sc_hd__dfrtp_4)
     8    0.025771    0.072899    0.297189    0.625586 ^ _3303_/Q (sky130_fd_sc_hd__dfrtp_4)
                                                         B_reg[13] (net)
                      0.072989    0.002221    0.627806 ^ rebuffer19/A (sky130_fd_sc_hd__dlygate4sd3_1)
     1    0.004248    0.047162    0.387326    1.015132 ^ rebuffer19/X (sky130_fd_sc_hd__dlygate4sd3_1)
                                                         net72 (net)
                      0.047162    0.000306    1.015438 ^ _1909_/A (sky130_fd_sc_hd__nand2_1)
     3    0.010259    0.049020    0.052540    1.067978 v _1909_/Y (sky130_fd_sc_hd__nand2_1)
                                                         _1174_ (net)
                      0.049031    0.000594    1.068572 v _2303_/A2 (sky130_fd_sc_hd__a21bo_1)
     2    0.006897    0.037439    0.138580    1.207152 v _2303_/X (sky130_fd_sc_hd__a21bo_1)
                                                         _1556_ (net)
                      0.037442    0.000375    1.207528 v _2304_/B1 (sky130_fd_sc_hd__a21o_1)
     3    0.008080    0.039663    0.084873    1.292401 v _2304_/X (sky130_fd_sc_hd__a21o_1)
                                                         _1557_ (net)
                      0.039668    0.000454    1.292855 v _2307_/A2 (sky130_fd_sc_hd__a21oi_1)
     3    0.010990    0.187487    0.179498    1.472353 ^ _2307_/Y (sky130_fd_sc_hd__a21oi_1)
                                                         _1560_ (net)
                      0.187488    0.000385    1.472738 ^ _2311_/B (sky130_fd_sc_hd__xor2_1)
     3    0.011473    0.192110    0.175088    1.647826 ^ _2311_/X (sky130_fd_sc_hd__xor2_1)
                                                         _1564_ (net)
                      0.192114    0.000737    1.648563 ^ _2313_/A2 (sky130_fd_sc_hd__a21o_1)
     4    0.011217    0.078986    0.122501    1.771064 ^ _2313_/X (sky130_fd_sc_hd__a21o_1)
                                                         _1566_ (net)
                      0.078989    0.000600    1.771664 ^ _2318_/A1 (sky130_fd_sc_hd__a21oi_1)
     3    0.011976    0.067571    0.072221    1.843885 v _2318_/Y (sky130_fd_sc_hd__a21oi_1)
                                                         _1571_ (net)
                      0.067581    0.000660    1.844545 v _2321_/B (sky130_fd_sc_hd__or3_4)
     3    0.009323    0.051263    0.237376    2.081921 v _2321_/X (sky130_fd_sc_hd__or3_4)
                                                         _1574_ (net)
                      0.051263    0.000582    2.082502 v _2326_/A1 (sky130_fd_sc_hd__a21o_1)
     4    0.011607    0.048749    0.129170    2.211673 v _2326_/X (sky130_fd_sc_hd__a21o_1)
                                                         _1579_ (net)
                      0.048767    0.000885    2.212557 v _2328_/C (sky130_fd_sc_hd__and3_1)
     2    0.005843    0.036204    0.128081    2.340638 v _2328_/X (sky130_fd_sc_hd__and3_1)
                                                         _1581_ (net)
                      0.036207    0.000368    2.341006 v _2330_/C (sky130_fd_sc_hd__or3_4)
     4    0.014685    0.057107    0.212286    2.553292 v _2330_/X (sky130_fd_sc_hd__or3_4)
                                                         _1583_ (net)
                      0.057146    0.000745    2.554036 v _2334_/A1 (sky130_fd_sc_hd__a21o_1)
     5    0.016843    0.063595    0.143989    2.698026 v _2334_/X (sky130_fd_sc_hd__a21o_1)
                                                         _1587_ (net)
                      0.063611    0.000974    2.699000 v _2338_/A (sky130_fd_sc_hd__and3_1)
     2    0.007270    0.040501    0.114437    2.813437 v _2338_/X (sky130_fd_sc_hd__and3_1)
                                                         _1591_ (net)
                      0.040505    0.000412    2.813848 v _2345_/C (sky130_fd_sc_hd__or3_4)
     3    0.008505    0.050346    0.202386    3.016234 v _2345_/X (sky130_fd_sc_hd__or3_4)
                                                         _1598_ (net)
                      0.050346    0.000330    3.016564 v _2347_/A1 (sky130_fd_sc_hd__a21o_1)
     4    0.012096    0.050092    0.130025    3.146590 v _2347_/X (sky130_fd_sc_hd__a21o_1)
                                                         _1600_ (net)
                      0.050113    0.000952    3.147542 v _2348_/A2 (sky130_fd_sc_hd__a21oi_1)
     3    0.014323    0.233738    0.216846    3.364388 ^ _2348_/Y (sky130_fd_sc_hd__a21oi_1)
                                                         _1601_ (net)
                      0.233743    0.000914    3.365302 ^ _2349_/B (sky130_fd_sc_hd__xnor2_1)
     3    0.012132    0.212188    0.131349    3.496651 ^ _2349_/Y (sky130_fd_sc_hd__xnor2_1)
                                                         _1602_ (net)
                      0.212192    0.000742    3.497393 ^ _2355_/A2 (sky130_fd_sc_hd__a21o_1)
     4    0.011669    0.081903    0.125423    3.622816 ^ _2355_/X (sky130_fd_sc_hd__a21o_1)
                                                         _0109_ (net)
                      0.081906    0.000645    3.623461 ^ _2360_/A1 (sky130_fd_sc_hd__a21oi_1)
     3    0.011727    0.068547    0.071975    3.695436 v _2360_/Y (sky130_fd_sc_hd__a21oi_1)
                                                         _0114_ (net)
                      0.068560    0.000750    3.696186 v _2364_/B (sky130_fd_sc_hd__or3_4)
     3    0.008668    0.050550    0.236528    3.932714 v _2364_/X (sky130_fd_sc_hd__or3_4)
                                                         _0118_ (net)
                      0.050550    0.000544    3.933259 v _2366_/A1 (sky130_fd_sc_hd__a21o_1)
     4    0.010877    0.046708    0.127206    4.060465 v _2366_/X (sky130_fd_sc_hd__a21o_1)
                                                         _0120_ (net)
                      0.046719    0.000690    4.061155 v _2369_/A1 (sky130_fd_sc_hd__a21oi_1)
     3    0.012974    0.214903    0.186374    4.247529 ^ _2369_/Y (sky130_fd_sc_hd__a21oi_1)
                                                         _0123_ (net)
                      0.214906    0.000718    4.248247 ^ _2373_/B (sky130_fd_sc_hd__xnor2_1)
     4    0.013291    0.228719    0.137857    4.386104 ^ _2373_/Y (sky130_fd_sc_hd__xnor2_1)
                                                         _0127_ (net)
                      0.228722    0.000696    4.386800 ^ _2378_/A2 (sky130_fd_sc_hd__a21o_1)
     4    0.011438    0.080495    0.125203    4.512003 ^ _2378_/X (sky130_fd_sc_hd__a21o_1)
                                                         _0132_ (net)
                      0.080499    0.000673    4.512677 ^ _2382_/A2 (sky130_fd_sc_hd__a21oi_1)
     3    0.013214    0.075104    0.080657    4.593333 v _2382_/Y (sky130_fd_sc_hd__a21oi_1)
                                                         _0136_ (net)
                      0.075115    0.000719    4.594053 v _2385_/B (sky130_fd_sc_hd__or3_4)
     3    0.008619    0.050475    0.238792    4.832845 v _2385_/X (sky130_fd_sc_hd__or3_4)
                                                         _0139_ (net)
                      0.050475    0.000447    4.833292 v _2387_/A1 (sky130_fd_sc_hd__a21o_1)
     4    0.012941    0.052481    0.132298    4.965590 v _2387_/X (sky130_fd_sc_hd__a21o_1)
                                                         _0141_ (net)
                      0.052482    0.000385    4.965975 v _2390_/A (sky130_fd_sc_hd__and3_1)
     3    0.011526    0.052054    0.122580    5.088555 v _2390_/X (sky130_fd_sc_hd__and3_1)
                                                         _0144_ (net)
                      0.052066    0.000792    5.089347 v _2392_/C (sky130_fd_sc_hd__or3_4)
     3    0.007266    0.049023    0.203362    5.292709 v _2392_/X (sky130_fd_sc_hd__or3_4)
                                                         _0146_ (net)
                      0.049023    0.000436    5.293145 v _2397_/A1 (sky130_fd_sc_hd__a21o_1)
     4    0.011061    0.047208    0.127167    5.420312 v _2397_/X (sky130_fd_sc_hd__a21o_1)
                                                         _0151_ (net)
                      0.047213    0.000514    5.420826 v _2406_/A (sky130_fd_sc_hd__and3_1)
     2    0.006739    0.038884    0.106350    5.527177 v _2406_/X (sky130_fd_sc_hd__and3_1)
                                                         _0160_ (net)
                      0.038887    0.000403    5.527580 v _2408_/C (sky130_fd_sc_hd__or3_4)
     3    0.008583    0.050444    0.202049    5.729630 v _2408_/X (sky130_fd_sc_hd__or3_4)
                                                         _0162_ (net)
                      0.050444    0.000402    5.730031 v _2410_/A1 (sky130_fd_sc_hd__a21o_1)
     3    0.007619    0.038275    0.117363    5.847395 v _2410_/X (sky130_fd_sc_hd__a21o_1)
                                                         _0164_ (net)
                      0.038279    0.000415    5.847809 v _2413_/C (sky130_fd_sc_hd__and3_1)
     2    0.006223    0.037296    0.125394    5.973204 v _2413_/X (sky130_fd_sc_hd__and3_1)
                                                         _0167_ (net)
                      0.037298    0.000335    5.973539 v _2415_/C (sky130_fd_sc_hd__or3_4)
     3    0.006945    0.048630    0.198617    6.172156 v _2415_/X (sky130_fd_sc_hd__or3_4)
                                                         _0169_ (net)
                      0.048630    0.000329    6.172484 v _2420_/A1 (sky130_fd_sc_hd__a21o_1)
     4    0.011647    0.048834    0.128347    6.300831 v _2420_/X (sky130_fd_sc_hd__a21o_1)
                                                         _0174_ (net)
                      0.048845    0.000711    6.301542 v _2423_/A1 (sky130_fd_sc_hd__a21o_1)
     2    0.008683    0.041662    0.119872    6.421413 v _2423_/X (sky130_fd_sc_hd__a21o_1)
                                                         _0177_ (net)
                      0.041671    0.000612    6.422025 v _2426_/B (sky130_fd_sc_hd__xnor2_1)
     1    0.003303    0.040709    0.081266    6.503291 v _2426_/Y (sky130_fd_sc_hd__xnor2_1)
                                                         _0179_ (net)
                      0.040709    0.000133    6.503424 v _2427_/A1 (sky130_fd_sc_hd__mux2_1)
     1    0.003091    0.039129    0.150732    6.654156 v _2427_/X (sky130_fd_sc_hd__mux2_1)
                                                         _0024_ (net)
                      0.039129    0.000202    6.654358 v _3237_/D (sky130_fd_sc_hd__dfrtp_4)
                                              6.654358   data arrival time

                                 20.000000   20.000000   clock clk (rise edge)
                                  0.000000   20.000000   clock source latency
     2    0.043500    0.000000    0.000000   20.000000 ^ clk (in)
                                                         clk (net)
                      0.003134    0.001567   20.001568 ^ clkbuf_0_clk/A (sky130_fd_sc_hd__clkbuf_16)
    17    0.171317    0.141971    0.153719   20.155287 ^ clkbuf_0_clk/X (sky130_fd_sc_hd__clkbuf_16)
                                                         clknet_0_clk (net)
                      0.143613    0.012188   20.167473 ^ clkbuf_3_3__f_clk/A (sky130_fd_sc_hd__clkbuf_16)
    35    0.102654    0.091885    0.156435   20.323908 ^ clkbuf_3_3__f_clk/X (sky130_fd_sc_hd__clkbuf_16)
                                                         clknet_3_3__leaf_clk (net)
                      0.092373    0.005381   20.329288 ^ _3237_/CLK (sky130_fd_sc_hd__dfrtp_4)
                                 -0.100000   20.229288   clock uncertainty
                                  0.000000   20.229288   clock reconvergence pessimism
                                 -0.069367   20.159922   library setup time
                                             20.159922   data required time
---------------------------------------------------------------------------------------------
                                             20.159922   data required time
                                             -6.654358   data arrival time
---------------------------------------------------------------------------------------------
                                             13.505564   slack (MET)




===========================================================================
report_checks --slack_max -0.01
============================================================================
======================= max_ff_n40C_1v95 Corner ===================================

No paths found.


===========================================================================
 report_check_types -max_slew -max_cap -max_fanout -violators
============================================================================
======================= max_ff_n40C_1v95 Corner ===================================



===========================================================================
report_parasitic_annotation -report_unannotated
============================================================================
Found 7 unannotated drivers.
 clkload0/Y
 clkload1/Y
 clkload2/Y
 clkload3/Y
 clkload4/Y
 clkload5/Y
 clkload6/Y
Found 0 partially unannotated drivers.

===========================================================================
max slew violation count 0
max fanout violation count 0
max cap violation count 0
============================================================================

===========================================================================
check_setup -verbose -unconstrained_endpoints -multiple_clock -no_clock -no_input_delay -loops -generated_clocks
===========================================================================
Warning: There are 36 input ports missing set_input_delay.
  A_in[0]
  A_in[10]
  A_in[11]
  A_in[12]
  A_in[13]
  A_in[14]
  A_in[15]
  A_in[1]
  A_in[2]
  A_in[3]
  A_in[4]
  A_in[5]
  A_in[6]
  A_in[7]
  A_in[8]
  A_in[9]
  B_in[0]
  B_in[10]
  B_in[11]
  B_in[12]
  B_in[13]
  B_in[14]
  B_in[15]
  B_in[1]
  B_in[2]
  B_in[3]
  B_in[4]
  B_in[5]
  B_in[6]
  B_in[7]
  B_in[8]
  B_in[9]
  Op_Sel[0]
  Op_Sel[1]
  Start
  rst_n
Warning: There are 17 unconstrained endpoints.
  Done
  X_out[0]
  X_out[10]
  X_out[11]
  X_out[12]
  X_out[13]
  X_out[14]
  X_out[15]
  X_out[1]
  X_out[2]
  X_out[3]
  X_out[4]
  X_out[5]
  X_out[6]
  X_out[7]
  X_out[8]
  X_out[9]
