
===========================================================================
report_checks -unconstrained
===========================================================================
======================= nom_tt_025C_1v80 Corner ===================================

Startpoint: _3302_ (rising edge-triggered flip-flop clocked by clk)
Endpoint: _3238_ (rising edge-triggered flip-flop clocked by clk)
Path Group: clk
Path Type: max

Fanout         Cap        Slew       Delay        Time   Description
---------------------------------------------------------------------------------------------
                                  0.000000    0.000000   clock clk (rise edge)
                                  0.000000    0.000000   clock source latency
   110    0.356068    0.000000    0.000000    0.000000 ^ clk (in)
                                                         clk (net)
                      0.043083    0.021542    0.021542 ^ _3302_/CLK (sky130_fd_sc_hd__dfrtp_2)
    15    0.058423    0.159582    0.514831    0.536373 v _3302_/Q (sky130_fd_sc_hd__dfrtp_2)
                                                         B_reg[12] (net)
                      0.159582    0.000674    0.537046 v _1910_/C (sky130_fd_sc_hd__and3_2)
     3    0.004919    0.044061    0.263257    0.800303 v _1910_/X (sky130_fd_sc_hd__and3_2)
                                                         _1175_ (net)
                      0.044061    0.000008    0.800311 v _2300_/B (sky130_fd_sc_hd__or4_2)
     4    0.010093    0.132438    0.685902    1.486213 v _2300_/X (sky130_fd_sc_hd__or4_2)
                                                         _1553_ (net)
                      0.132438    0.000028    1.486241 v _2304_/A2 (sky130_fd_sc_hd__a21o_2)
     3    0.011349    0.055303    0.266814    1.753054 v _2304_/X (sky130_fd_sc_hd__a21o_2)
                                                         _1557_ (net)
                      0.055303    0.000031    1.753085 v _2308_/C (sky130_fd_sc_hd__and3_2)
     2    0.006098    0.045827    0.219025    1.972110 v _2308_/X (sky130_fd_sc_hd__and3_2)
                                                         _1561_ (net)
                      0.045827    0.000018    1.972128 v _2310_/C (sky130_fd_sc_hd__or3_2)
     3    0.005593    0.088047    0.420838    2.392966 v _2310_/X (sky130_fd_sc_hd__or3_2)
                                                         _1563_ (net)
                      0.088047    0.000005    2.392971 v _2313_/A1 (sky130_fd_sc_hd__a21o_2)
     4    0.015626    0.063168    0.237754    2.630725 v _2313_/X (sky130_fd_sc_hd__a21o_2)
                                                         _1566_ (net)
                      0.063168    0.000073    2.630798 v _2319_/B (sky130_fd_sc_hd__and3_2)
     2    0.006721    0.047047    0.210713    2.841511 v _2319_/X (sky130_fd_sc_hd__and3_2)
                                                         _1572_ (net)
                      0.047047    0.000021    2.841532 v _2321_/C (sky130_fd_sc_hd__or3_2)
     3    0.005609    0.088104    0.421216    3.262748 v _2321_/X (sky130_fd_sc_hd__or3_2)
                                                         _1574_ (net)
                      0.088104    0.000007    3.262755 v _2326_/A1 (sky130_fd_sc_hd__a21o_2)
     4    0.013638    0.059125    0.233383    3.496138 v _2326_/X (sky130_fd_sc_hd__a21o_2)
                                                         _1579_ (net)
                      0.059125    0.000057    3.496195 v _2328_/C (sky130_fd_sc_hd__and3_2)
     2    0.006436    0.046489    0.221899    3.718094 v _2328_/X (sky130_fd_sc_hd__and3_2)
                                                         _1581_ (net)
                      0.046489    0.000021    3.718115 v _2330_/C (sky130_fd_sc_hd__or3_2)
     4    0.011082    0.107295    0.451597    4.169712 v _2330_/X (sky130_fd_sc_hd__or3_2)
                                                         _1583_ (net)
                      0.107295    0.000027    4.169739 v _2334_/A1 (sky130_fd_sc_hd__a21o_2)
     5    0.014623    0.061203    0.243290    4.413029 v _2334_/X (sky130_fd_sc_hd__a21o_2)
                                                         _1587_ (net)
                      0.061203    0.000034    4.413064 v _2338_/B (sky130_fd_sc_hd__and3_2)
     2    0.006483    0.046544    0.209034    4.622097 v _2338_/X (sky130_fd_sc_hd__and3_2)
                                                         _1591_ (net)
                      0.046544    0.000018    4.622115 v _2345_/C (sky130_fd_sc_hd__or3_2)
     3    0.006672    0.091825    0.427021    5.049136 v _2345_/X (sky130_fd_sc_hd__or3_2)
                                                         _1598_ (net)
                      0.091825    0.000018    5.049155 v _2347_/A1 (sky130_fd_sc_hd__a21o_2)
     4    0.011060    0.054557    0.227780    5.276934 v _2347_/X (sky130_fd_sc_hd__a21o_2)
                                                         _1600_ (net)
                      0.054557    0.000069    5.277003 v _2350_/C (sky130_fd_sc_hd__and3_2)
     2    0.007017    0.047725    0.221791    5.498795 v _2350_/X (sky130_fd_sc_hd__and3_2)
                                                         _1603_ (net)
                      0.047725    0.000040    5.498834 v _2352_/C (sky130_fd_sc_hd__or3_2)
     3    0.007039    0.090387    0.429332    5.928166 v _2352_/X (sky130_fd_sc_hd__or3_2)
                                                         _0106_ (net)
                      0.090387    0.000040    5.928205 v _2355_/A2 (sky130_fd_sc_hd__a21o_2)
     4    0.010326    0.052475    0.247277    6.175483 v _2355_/X (sky130_fd_sc_hd__a21o_2)
                                                         _0109_ (net)
                      0.052475    0.000039    6.175521 v _2362_/B (sky130_fd_sc_hd__and3_2)
     2    0.006937    0.047533    0.206683    6.382204 v _2362_/X (sky130_fd_sc_hd__and3_2)
                                                         _0116_ (net)
                      0.047533    0.000033    6.382237 v _2364_/C (sky130_fd_sc_hd__or3_2)
     3    0.006169    0.087861    0.424440    6.806677 v _2364_/X (sky130_fd_sc_hd__or3_2)
                                                         _0118_ (net)
                      0.087861    0.000029    6.806706 v _2366_/A2 (sky130_fd_sc_hd__a21o_2)
     4    0.013039    0.057875    0.254615    7.061321 v _2366_/X (sky130_fd_sc_hd__a21o_2)
                                                         _0120_ (net)
                      0.057875    0.000034    7.061355 v _2370_/B (sky130_fd_sc_hd__and3_2)
     2    0.006455    0.046515    0.207463    7.268818 v _2370_/X (sky130_fd_sc_hd__and3_2)
                                                         _0124_ (net)
                      0.046515    0.000019    7.268837 v _2372_/C (sky130_fd_sc_hd__or3_2)
     3    0.007193    0.093654    0.429922    7.698759 v _2372_/X (sky130_fd_sc_hd__or3_2)
                                                         _0126_ (net)
                      0.093654    0.000003    7.698762 v _2378_/A1 (sky130_fd_sc_hd__a21o_2)
     4    0.010743    0.053679    0.227508    7.926270 v _2378_/X (sky130_fd_sc_hd__a21o_2)
                                                         _0132_ (net)
                      0.053679    0.000033    7.926302 v _2383_/C (sky130_fd_sc_hd__and3_2)
     2    0.006755    0.047166    0.220515    8.146817 v _2383_/X (sky130_fd_sc_hd__and3_2)
                                                         _0137_ (net)
                      0.047166    0.000018    8.146835 v _2385_/C (sky130_fd_sc_hd__or3_2)
     3    0.006391    0.090843    0.425600    8.572435 v _2385_/X (sky130_fd_sc_hd__or3_2)
                                                         _0139_ (net)
                      0.090843    0.000014    8.572450 v _2387_/A1 (sky130_fd_sc_hd__a21o_2)
     4    0.010459    0.052852    0.225459    8.797909 v _2387_/X (sky130_fd_sc_hd__a21o_2)
                                                         _0141_ (net)
                      0.052852    0.000037    8.797946 v _2390_/B (sky130_fd_sc_hd__and3_2)
     3    0.009797    0.054467    0.216499    9.014444 v _2390_/X (sky130_fd_sc_hd__and3_2)
                                                         _0144_ (net)
                      0.054467    0.000028    9.014473 v _2392_/C (sky130_fd_sc_hd__or3_2)
     3    0.005273    0.086983    0.421196    9.435669 v _2392_/X (sky130_fd_sc_hd__or3_2)
                                                         _0146_ (net)
                      0.086983    0.000002    9.435671 v _2397_/A1 (sky130_fd_sc_hd__a21o_2)
     4    0.013083    0.057958    0.231716    9.667387 v _2397_/X (sky130_fd_sc_hd__a21o_2)
                                                         _0151_ (net)
                      0.057958    0.000028    9.667416 v _2406_/B (sky130_fd_sc_hd__and3_2)
     2    0.006418    0.046439    0.207374    9.874789 v _2406_/X (sky130_fd_sc_hd__and3_2)
                                                         _0160_ (net)
                      0.046439    0.000003    9.874792 v _2408_/C (sky130_fd_sc_hd__or3_2)
     3    0.009697    0.102438    0.443865   10.318657 v _2408_/X (sky130_fd_sc_hd__or3_2)
                                                         _0162_ (net)
                      0.102438    0.000023   10.318681 v _2410_/A2 (sky130_fd_sc_hd__a21o_2)
     3    0.008253    0.046910    0.245149   10.563829 v _2410_/X (sky130_fd_sc_hd__a21o_2)
                                                         _0164_ (net)
                      0.046910    0.000028   10.563858 v _2413_/C (sky130_fd_sc_hd__and3_2)
     2    0.006394    0.046317    0.216380   10.780237 v _2413_/X (sky130_fd_sc_hd__and3_2)
                                                         _0167_ (net)
                      0.046317    0.000014   10.780252 v _2415_/C (sky130_fd_sc_hd__or3_2)
     3    0.005884    0.089059    0.422575   11.202826 v _2415_/X (sky130_fd_sc_hd__or3_2)
                                                         _0169_ (net)
                      0.089059    0.000019   11.202846 v _2420_/A1 (sky130_fd_sc_hd__a21o_2)
     4    0.012400    0.056596    0.230982   11.433827 v _2420_/X (sky130_fd_sc_hd__a21o_2)
                                                         _0174_ (net)
                      0.056596    0.000020   11.433847 v _2428_/A1 (sky130_fd_sc_hd__a21bo_2)
     1    0.008087    0.049036    0.208280   11.642127 v _2428_/X (sky130_fd_sc_hd__a21bo_2)
                                                         _0180_ (net)
                      0.049036    0.000008   11.642135 v _2429_/B (sky130_fd_sc_hd__xor2_2)
     1    0.002408    0.055500    0.133188   11.775322 v _2429_/X (sky130_fd_sc_hd__xor2_2)
                                                         _0181_ (net)
                      0.055500    0.000005   11.775328 v _2430_/A1 (sky130_fd_sc_hd__mux2_1)
     1    0.002261    0.053439    0.285401   12.060729 v _2430_/X (sky130_fd_sc_hd__mux2_1)
                                                         _0025_ (net)
                      0.053439    0.000003   12.060732 v _3238_/D (sky130_fd_sc_hd__dfrtp_2)
                                             12.060732   data arrival time

                                 10.125000   10.125000   clock clk (rise edge)
                                  0.000000   10.125000   clock source latency
   110    0.356068    0.000000    0.000000   10.125000 ^ clk (in)
                                                         clk (net)
                      0.042047    0.021024   10.146024 ^ _3238_/CLK (sky130_fd_sc_hd__dfrtp_2)
                                 -0.100000   10.046024   clock uncertainty
                                  0.000000   10.046024   clock reconvergence pessimism
                                 -0.119881    9.926143   library setup time
                                              9.926143   data required time
---------------------------------------------------------------------------------------------
                                              9.926143   data required time
                                            -12.060732   data arrival time
---------------------------------------------------------------------------------------------
                                             -2.134588   slack (VIOLATED)




===========================================================================
report_checks --slack_max -0.01
============================================================================
======================= nom_tt_025C_1v80 Corner ===================================

Startpoint: _3302_ (rising edge-triggered flip-flop clocked by clk)
Endpoint: _3238_ (rising edge-triggered flip-flop clocked by clk)
Path Group: clk
Path Type: max

Fanout         Cap        Slew       Delay        Time   Description
---------------------------------------------------------------------------------------------
                                  0.000000    0.000000   clock clk (rise edge)
                                  0.000000    0.000000   clock source latency
   110    0.356068    0.000000    0.000000    0.000000 ^ clk (in)
                                                         clk (net)
                      0.043083    0.021542    0.021542 ^ _3302_/CLK (sky130_fd_sc_hd__dfrtp_2)
    15    0.058423    0.159582    0.514831    0.536373 v _3302_/Q (sky130_fd_sc_hd__dfrtp_2)
                                                         B_reg[12] (net)
                      0.159582    0.000674    0.537046 v _1910_/C (sky130_fd_sc_hd__and3_2)
     3    0.004919    0.044061    0.263257    0.800303 v _1910_/X (sky130_fd_sc_hd__and3_2)
                                                         _1175_ (net)
                      0.044061    0.000008    0.800311 v _2300_/B (sky130_fd_sc_hd__or4_2)
     4    0.010093    0.132438    0.685902    1.486213 v _2300_/X (sky130_fd_sc_hd__or4_2)
                                                         _1553_ (net)
                      0.132438    0.000028    1.486241 v _2304_/A2 (sky130_fd_sc_hd__a21o_2)
     3    0.011349    0.055303    0.266814    1.753054 v _2304_/X (sky130_fd_sc_hd__a21o_2)
                                                         _1557_ (net)
                      0.055303    0.000031    1.753085 v _2308_/C (sky130_fd_sc_hd__and3_2)
     2    0.006098    0.045827    0.219025    1.972110 v _2308_/X (sky130_fd_sc_hd__and3_2)
                                                         _1561_ (net)
                      0.045827    0.000018    1.972128 v _2310_/C (sky130_fd_sc_hd__or3_2)
     3    0.005593    0.088047    0.420838    2.392966 v _2310_/X (sky130_fd_sc_hd__or3_2)
                                                         _1563_ (net)
                      0.088047    0.000005    2.392971 v _2313_/A1 (sky130_fd_sc_hd__a21o_2)
     4    0.015626    0.063168    0.237754    2.630725 v _2313_/X (sky130_fd_sc_hd__a21o_2)
                                                         _1566_ (net)
                      0.063168    0.000073    2.630798 v _2319_/B (sky130_fd_sc_hd__and3_2)
     2    0.006721    0.047047    0.210713    2.841511 v _2319_/X (sky130_fd_sc_hd__and3_2)
                                                         _1572_ (net)
                      0.047047    0.000021    2.841532 v _2321_/C (sky130_fd_sc_hd__or3_2)
     3    0.005609    0.088104    0.421216    3.262748 v _2321_/X (sky130_fd_sc_hd__or3_2)
                                                         _1574_ (net)
                      0.088104    0.000007    3.262755 v _2326_/A1 (sky130_fd_sc_hd__a21o_2)
     4    0.013638    0.059125    0.233383    3.496138 v _2326_/X (sky130_fd_sc_hd__a21o_2)
                                                         _1579_ (net)
                      0.059125    0.000057    3.496195 v _2328_/C (sky130_fd_sc_hd__and3_2)
     2    0.006436    0.046489    0.221899    3.718094 v _2328_/X (sky130_fd_sc_hd__and3_2)
                                                         _1581_ (net)
                      0.046489    0.000021    3.718115 v _2330_/C (sky130_fd_sc_hd__or3_2)
     4    0.011082    0.107295    0.451597    4.169712 v _2330_/X (sky130_fd_sc_hd__or3_2)
                                                         _1583_ (net)
                      0.107295    0.000027    4.169739 v _2334_/A1 (sky130_fd_sc_hd__a21o_2)
     5    0.014623    0.061203    0.243290    4.413029 v _2334_/X (sky130_fd_sc_hd__a21o_2)
                                                         _1587_ (net)
                      0.061203    0.000034    4.413064 v _2338_/B (sky130_fd_sc_hd__and3_2)
     2    0.006483    0.046544    0.209034    4.622097 v _2338_/X (sky130_fd_sc_hd__and3_2)
                                                         _1591_ (net)
                      0.046544    0.000018    4.622115 v _2345_/C (sky130_fd_sc_hd__or3_2)
     3    0.006672    0.091825    0.427021    5.049136 v _2345_/X (sky130_fd_sc_hd__or3_2)
                                                         _1598_ (net)
                      0.091825    0.000018    5.049155 v _2347_/A1 (sky130_fd_sc_hd__a21o_2)
     4    0.011060    0.054557    0.227780    5.276934 v _2347_/X (sky130_fd_sc_hd__a21o_2)
                                                         _1600_ (net)
                      0.054557    0.000069    5.277003 v _2350_/C (sky130_fd_sc_hd__and3_2)
     2    0.007017    0.047725    0.221791    5.498795 v _2350_/X (sky130_fd_sc_hd__and3_2)
                                                         _1603_ (net)
                      0.047725    0.000040    5.498834 v _2352_/C (sky130_fd_sc_hd__or3_2)
     3    0.007039    0.090387    0.429332    5.928166 v _2352_/X (sky130_fd_sc_hd__or3_2)
                                                         _0106_ (net)
                      0.090387    0.000040    5.928205 v _2355_/A2 (sky130_fd_sc_hd__a21o_2)
     4    0.010326    0.052475    0.247277    6.175483 v _2355_/X (sky130_fd_sc_hd__a21o_2)
                                                         _0109_ (net)
                      0.052475    0.000039    6.175521 v _2362_/B (sky130_fd_sc_hd__and3_2)
     2    0.006937    0.047533    0.206683    6.382204 v _2362_/X (sky130_fd_sc_hd__and3_2)
                                                         _0116_ (net)
                      0.047533    0.000033    6.382237 v _2364_/C (sky130_fd_sc_hd__or3_2)
     3    0.006169    0.087861    0.424440    6.806677 v _2364_/X (sky130_fd_sc_hd__or3_2)
                                                         _0118_ (net)
                      0.087861    0.000029    6.806706 v _2366_/A2 (sky130_fd_sc_hd__a21o_2)
     4    0.013039    0.057875    0.254615    7.061321 v _2366_/X (sky130_fd_sc_hd__a21o_2)
                                                         _0120_ (net)
                      0.057875    0.000034    7.061355 v _2370_/B (sky130_fd_sc_hd__and3_2)
     2    0.006455    0.046515    0.207463    7.268818 v _2370_/X (sky130_fd_sc_hd__and3_2)
                                                         _0124_ (net)
                      0.046515    0.000019    7.268837 v _2372_/C (sky130_fd_sc_hd__or3_2)
     3    0.007193    0.093654    0.429922    7.698759 v _2372_/X (sky130_fd_sc_hd__or3_2)
                                                         _0126_ (net)
                      0.093654    0.000003    7.698762 v _2378_/A1 (sky130_fd_sc_hd__a21o_2)
     4    0.010743    0.053679    0.227508    7.926270 v _2378_/X (sky130_fd_sc_hd__a21o_2)
                                                         _0132_ (net)
                      0.053679    0.000033    7.926302 v _2383_/C (sky130_fd_sc_hd__and3_2)
     2    0.006755    0.047166    0.220515    8.146817 v _2383_/X (sky130_fd_sc_hd__and3_2)
                                                         _0137_ (net)
                      0.047166    0.000018    8.146835 v _2385_/C (sky130_fd_sc_hd__or3_2)
     3    0.006391    0.090843    0.425600    8.572435 v _2385_/X (sky130_fd_sc_hd__or3_2)
                                                         _0139_ (net)
                      0.090843    0.000014    8.572450 v _2387_/A1 (sky130_fd_sc_hd__a21o_2)
     4    0.010459    0.052852    0.225459    8.797909 v _2387_/X (sky130_fd_sc_hd__a21o_2)
                                                         _0141_ (net)
                      0.052852    0.000037    8.797946 v _2390_/B (sky130_fd_sc_hd__and3_2)
     3    0.009797    0.054467    0.216499    9.014444 v _2390_/X (sky130_fd_sc_hd__and3_2)
                                                         _0144_ (net)
                      0.054467    0.000028    9.014473 v _2392_/C (sky130_fd_sc_hd__or3_2)
     3    0.005273    0.086983    0.421196    9.435669 v _2392_/X (sky130_fd_sc_hd__or3_2)
                                                         _0146_ (net)
                      0.086983    0.000002    9.435671 v _2397_/A1 (sky130_fd_sc_hd__a21o_2)
     4    0.013083    0.057958    0.231716    9.667387 v _2397_/X (sky130_fd_sc_hd__a21o_2)
                                                         _0151_ (net)
                      0.057958    0.000028    9.667416 v _2406_/B (sky130_fd_sc_hd__and3_2)
     2    0.006418    0.046439    0.207374    9.874789 v _2406_/X (sky130_fd_sc_hd__and3_2)
                                                         _0160_ (net)
                      0.046439    0.000003    9.874792 v _2408_/C (sky130_fd_sc_hd__or3_2)
     3    0.009697    0.102438    0.443865   10.318657 v _2408_/X (sky130_fd_sc_hd__or3_2)
                                                         _0162_ (net)
                      0.102438    0.000023   10.318681 v _2410_/A2 (sky130_fd_sc_hd__a21o_2)
     3    0.008253    0.046910    0.245149   10.563829 v _2410_/X (sky130_fd_sc_hd__a21o_2)
                                                         _0164_ (net)
                      0.046910    0.000028   10.563858 v _2413_/C (sky130_fd_sc_hd__and3_2)
     2    0.006394    0.046317    0.216380   10.780237 v _2413_/X (sky130_fd_sc_hd__and3_2)
                                                         _0167_ (net)
                      0.046317    0.000014   10.780252 v _2415_/C (sky130_fd_sc_hd__or3_2)
     3    0.005884    0.089059    0.422575   11.202826 v _2415_/X (sky130_fd_sc_hd__or3_2)
                                                         _0169_ (net)
                      0.089059    0.000019   11.202846 v _2420_/A1 (sky130_fd_sc_hd__a21o_2)
     4    0.012400    0.056596    0.230982   11.433827 v _2420_/X (sky130_fd_sc_hd__a21o_2)
                                                         _0174_ (net)
                      0.056596    0.000020   11.433847 v _2428_/A1 (sky130_fd_sc_hd__a21bo_2)
     1    0.008087    0.049036    0.208280   11.642127 v _2428_/X (sky130_fd_sc_hd__a21bo_2)
                                                         _0180_ (net)
                      0.049036    0.000008   11.642135 v _2429_/B (sky130_fd_sc_hd__xor2_2)
     1    0.002408    0.055500    0.133188   11.775322 v _2429_/X (sky130_fd_sc_hd__xor2_2)
                                                         _0181_ (net)
                      0.055500    0.000005   11.775328 v _2430_/A1 (sky130_fd_sc_hd__mux2_1)
     1    0.002261    0.053439    0.285401   12.060729 v _2430_/X (sky130_fd_sc_hd__mux2_1)
                                                         _0025_ (net)
                      0.053439    0.000003   12.060732 v _3238_/D (sky130_fd_sc_hd__dfrtp_2)
                                             12.060732   data arrival time

                                 10.125000   10.125000   clock clk (rise edge)
                                  0.000000   10.125000   clock source latency
   110    0.356068    0.000000    0.000000   10.125000 ^ clk (in)
                                                         clk (net)
                      0.042047    0.021024   10.146024 ^ _3238_/CLK (sky130_fd_sc_hd__dfrtp_2)
                                 -0.100000   10.046024   clock uncertainty
                                  0.000000   10.046024   clock reconvergence pessimism
                                 -0.119881    9.926143   library setup time
                                              9.926143   data required time
---------------------------------------------------------------------------------------------
                                              9.926143   data required time
                                            -12.060732   data arrival time
---------------------------------------------------------------------------------------------
                                             -2.134588   slack (VIOLATED)




===========================================================================
 report_check_types -max_slew -max_cap -max_fanout -violators
============================================================================
======================= nom_tt_025C_1v80 Corner ===================================



===========================================================================
report_parasitic_annotation -report_unannotated
============================================================================
Found 0 unannotated drivers.
Found 0 partially unannotated drivers.

===========================================================================
max slew violation count 0
Writing metric design__max_slew_violation__count__corner:nom_tt_025C_1v80: 0
max fanout violation count 0
Writing metric design__max_fanout_violation__count__corner:nom_tt_025C_1v80: 0
max cap violation count 0
Writing metric design__max_cap_violation__count__corner:nom_tt_025C_1v80: 0
============================================================================

===========================================================================
check_setup -verbose -unconstrained_endpoints -multiple_clock -no_clock -no_input_delay -loops -generated_clocks
===========================================================================
Warning: There are 36 input ports missing set_input_delay.
  A_in[0]
  A_in[10]
  A_in[11]
  A_in[12]
  A_in[13]
  A_in[14]
  A_in[15]
  A_in[1]
  A_in[2]
  A_in[3]
  A_in[4]
  A_in[5]
  A_in[6]
  A_in[7]
  A_in[8]
  A_in[9]
  B_in[0]
  B_in[10]
  B_in[11]
  B_in[12]
  B_in[13]
  B_in[14]
  B_in[15]
  B_in[1]
  B_in[2]
  B_in[3]
  B_in[4]
  B_in[5]
  B_in[6]
  B_in[7]
  B_in[8]
  B_in[9]
  Op_Sel[0]
  Op_Sel[1]
  Start
  rst_n
Warning: There are 17 unconstrained endpoints.
  Done
  X_out[0]
  X_out[10]
  X_out[11]
  X_out[12]
  X_out[13]
  X_out[14]
  X_out[15]
  X_out[1]
  X_out[2]
  X_out[3]
  X_out[4]
  X_out[5]
  X_out[6]
  X_out[7]
  X_out[8]
  X_out[9]
