Clock: clk
Sources: clk 
Generated: no
Virtual: yes
Propagated: no
Period: 14.000000

===========================================================================
report_clock_properties
============================================================================
Clock                   Period          Waveform
----------------------------------------------------
clk                  14.000000    0.000000  7.000000

===========================================================================
report_clock_latency
============================================================================
Clock clk
rise -> rise
    min     max
0.000000 0.000000 source latency
0.315133         network latency _3222_/CLK
        0.341657 network latency _3295_/CLK
---------------
0.315133 0.341657 latency
        0.026524 skew

fall -> fall
    min     max
0.000000 0.000000 source latency
0.296907         network latency _3222_/CLK
        0.320149 network latency _3295_/CLK
---------------
0.296907 0.320149 latency
        0.023242 skew



===========================================================================
report_clock_min_period
============================================================================
clk period_min = 6.43 fmax = 155.58
