
===========================================================================
report_checks -unconstrained
===========================================================================
======================= nom_ff_n40C_1v95 Corner ===================================

Startpoint: _3302_ (rising edge-triggered flip-flop clocked by clk)
Endpoint: _3237_ (rising edge-triggered flip-flop clocked by clk)
Path Group: clk
Path Type: max

Fanout         Cap        Slew       Delay        Time   Description
---------------------------------------------------------------------------------------------
                                  0.000000    0.000000   clock clk (rise edge)
                                  0.000000    0.000000   clock source latency
     2    0.043143    0.000000    0.000000    0.000000 ^ clk (in)
                                                         clk (net)
                      0.002231    0.001115    0.001115 ^ clkbuf_0_clk/A (sky130_fd_sc_hd__clkbuf_16)
    17    0.164904    0.136839    0.152874    0.153990 ^ clkbuf_0_clk/X (sky130_fd_sc_hd__clkbuf_16)
                                                         clknet_0_clk (net)
                      0.137528    0.007795    0.161784 ^ clkbuf_3_0__f_clk/A (sky130_fd_sc_hd__clkbuf_16)
    25    0.092691    0.084355    0.151968    0.313752 ^ clkbuf_3_0__f_clk/X (sky130_fd_sc_hd__clkbuf_16)
                                                         clknet_3_0__leaf_clk (net)
                      0.084638    0.003890    0.317642 ^ _3302_/CLK (sky130_fd_sc_hd__dfrtp_4)
    15    0.050352    0.086942    0.361099    0.678742 v _3302_/Q (sky130_fd_sc_hd__dfrtp_4)
                                                         B_reg[12] (net)
                      0.087041    0.002620    0.681362 v _1910_/C (sky130_fd_sc_hd__and3_1)
     3    0.006213    0.037213    0.145315    0.826677 v _1910_/X (sky130_fd_sc_hd__and3_1)
                                                         _1175_ (net)
                      0.037213    0.000098    0.826774 v _2300_/B (sky130_fd_sc_hd__or4_1)
     4    0.009963    0.084308    0.322965    1.149739 v _2300_/X (sky130_fd_sc_hd__or4_1)
                                                         _1553_ (net)
                      0.084308    0.000210    1.149949 v _2304_/A2 (sky130_fd_sc_hd__a21o_1)
     3    0.007727    0.038511    0.145136    1.295085 v _2304_/X (sky130_fd_sc_hd__a21o_1)
                                                         _1557_ (net)
                      0.038511    0.000175    1.295260 v _2308_/C (sky130_fd_sc_hd__and3_1)
     2    0.005240    0.034488    0.122292    1.417551 v _2308_/X (sky130_fd_sc_hd__and3_1)
                                                         _1561_ (net)
                      0.034488    0.000127    1.417679 v _2310_/C (sky130_fd_sc_hd__or3_1)
     3    0.008257    0.063731    0.198217    1.615896 v _2310_/X (sky130_fd_sc_hd__or3_1)
                                                         _1563_ (net)
                      0.063731    0.000209    1.616104 v _2313_/A1 (sky130_fd_sc_hd__a21o_1)
     4    0.010799    0.046526    0.132161    1.748266 v _2313_/X (sky130_fd_sc_hd__a21o_1)
                                                         _1566_ (net)
                      0.046526    0.000201    1.748466 v _2319_/B (sky130_fd_sc_hd__and3_1)
     2    0.005739    0.035893    0.116679    1.865145 v _2319_/X (sky130_fd_sc_hd__and3_1)
                                                         _1572_ (net)
                      0.035893    0.000111    1.865256 v _2321_/C (sky130_fd_sc_hd__or3_1)
     3    0.009014    0.066992    0.202198    2.067455 v _2321_/X (sky130_fd_sc_hd__or3_1)
                                                         _1574_ (net)
                      0.066992    0.000279    2.067734 v _2326_/A1 (sky130_fd_sc_hd__a21o_1)
     4    0.011305    0.047918    0.134561    2.202295 v _2326_/X (sky130_fd_sc_hd__a21o_1)
                                                         _1579_ (net)
                      0.047919    0.000339    2.202634 v _2328_/C (sky130_fd_sc_hd__and3_1)
     2    0.004860    0.033452    0.124583    2.327216 v _2328_/X (sky130_fd_sc_hd__and3_1)
                                                         _1581_ (net)
                      0.033453    0.000121    2.327337 v _2330_/C (sky130_fd_sc_hd__or3_2)
     4    0.014287    0.076795    0.265821    2.593158 v _2330_/X (sky130_fd_sc_hd__or3_2)
                                                         _1583_ (net)
                      0.076812    0.000489    2.593646 v _2334_/A1 (sky130_fd_sc_hd__a21o_1)
     5    0.016277    0.061809    0.150250    2.743896 v _2334_/X (sky130_fd_sc_hd__a21o_1)
                                                         _1587_ (net)
                      0.061810    0.000354    2.744251 v _2338_/B (sky130_fd_sc_hd__and3_1)
     2    0.007538    0.041266    0.128773    2.873024 v _2338_/X (sky130_fd_sc_hd__and3_1)
                                                         _1591_ (net)
                      0.041267    0.000264    2.873288 v _2345_/C (sky130_fd_sc_hd__or3_1)
     3    0.008348    0.064110    0.200534    3.073822 v _2345_/X (sky130_fd_sc_hd__or3_1)
                                                         _1598_ (net)
                      0.064110    0.000156    3.073978 v _2347_/A1 (sky130_fd_sc_hd__a21o_1)
     4    0.011628    0.048803    0.134302    3.208280 v _2347_/X (sky130_fd_sc_hd__a21o_1)
                                                         _1600_ (net)
                      0.048805    0.000347    3.208627 v _2350_/C (sky130_fd_sc_hd__and3_1)
     2    0.006919    0.039373    0.131769    3.340396 v _2350_/X (sky130_fd_sc_hd__and3_1)
                                                         _1603_ (net)
                      0.039374    0.000205    3.340602 v _2352_/C (sky130_fd_sc_hd__or3_1)
     3    0.009346    0.068457    0.204720    3.545321 v _2352_/X (sky130_fd_sc_hd__or3_1)
                                                         _0106_ (net)
                      0.068457    0.000258    3.545579 v _2355_/A2 (sky130_fd_sc_hd__a21o_1)
     4    0.010604    0.046178    0.148733    3.694312 v _2355_/X (sky130_fd_sc_hd__a21o_1)
                                                         _0109_ (net)
                      0.046180    0.000302    3.694614 v _2362_/B (sky130_fd_sc_hd__and3_1)
     2    0.005906    0.036359    0.117103    3.811717 v _2362_/X (sky130_fd_sc_hd__and3_1)
                                                         _0116_ (net)
                      0.036360    0.000159    3.811876 v _2364_/C (sky130_fd_sc_hd__or3_1)
     3    0.007612    0.061126    0.195615    4.007491 v _2364_/X (sky130_fd_sc_hd__or3_1)
                                                         _0118_ (net)
                      0.061126    0.000220    4.007711 v _2366_/A2 (sky130_fd_sc_hd__a21o_1)
     4    0.011657    0.048850    0.149009    4.156721 v _2366_/X (sky130_fd_sc_hd__a21o_1)
                                                         _0120_ (net)
                      0.048851    0.000306    4.157026 v _2370_/B (sky130_fd_sc_hd__and3_1)
     2    0.005813    0.036091    0.117834    4.274860 v _2370_/X (sky130_fd_sc_hd__and3_1)
                                                         _0124_ (net)
                      0.036091    0.000149    4.275009 v _2372_/C (sky130_fd_sc_hd__or3_1)
     3    0.009024    0.067009    0.202347    4.477355 v _2372_/X (sky130_fd_sc_hd__or3_1)
                                                         _0126_ (net)
                      0.067009    0.000143    4.477499 v _2378_/A1 (sky130_fd_sc_hd__a21o_1)
     4    0.010851    0.046667    0.133507    4.611005 v _2378_/X (sky130_fd_sc_hd__a21o_1)
                                                         _0132_ (net)
                      0.046667    0.000215    4.611221 v _2383_/C (sky130_fd_sc_hd__and3_1)
     2    0.007250    0.040364    0.132091    4.743312 v _2383_/X (sky130_fd_sc_hd__and3_1)
                                                         _0137_ (net)
                      0.040364    0.000197    4.743508 v _2385_/C (sky130_fd_sc_hd__or3_1)
     3    0.008300    0.063912    0.200048    4.943557 v _2385_/X (sky130_fd_sc_hd__or3_1)
                                                         _0139_ (net)
                      0.063912    0.000183    4.943740 v _2387_/A1 (sky130_fd_sc_hd__a21o_1)
     4    0.012708    0.051762    0.136891    5.080631 v _2387_/X (sky130_fd_sc_hd__a21o_1)
                                                         _0141_ (net)
                      0.051762    0.000191    5.080822 v _2390_/B (sky130_fd_sc_hd__and3_1)
     3    0.010333    0.048677    0.133757    5.214579 v _2390_/X (sky130_fd_sc_hd__and3_1)
                                                         _0144_ (net)
                      0.048678    0.000306    5.214885 v _2392_/C (sky130_fd_sc_hd__or3_1)
     3    0.006992    0.058676    0.196031    5.410915 v _2392_/X (sky130_fd_sc_hd__or3_1)
                                                         _0146_ (net)
                      0.058676    0.000167    5.411082 v _2397_/A1 (sky130_fd_sc_hd__a21o_1)
     4    0.011171    0.047521    0.131235    5.542317 v _2397_/X (sky130_fd_sc_hd__a21o_1)
                                                         _0151_ (net)
                      0.047521    0.000215    5.542532 v _2406_/B (sky130_fd_sc_hd__and3_1)
     2    0.005806    0.036079    0.117291    5.659823 v _2406_/X (sky130_fd_sc_hd__and3_1)
                                                         _0160_ (net)
                      0.036079    0.000143    5.659967 v _2408_/C (sky130_fd_sc_hd__or3_1)
     3    0.008147    0.063250    0.198149    5.858116 v _2408_/X (sky130_fd_sc_hd__or3_1)
                                                         _0162_ (net)
                      0.063250    0.000156    5.858272 v _2410_/A2 (sky130_fd_sc_hd__a21o_1)
     3    0.007340    0.037329    0.136615    5.994887 v _2410_/X (sky130_fd_sc_hd__a21o_1)
                                                         _0164_ (net)
                      0.037329    0.000179    5.995066 v _2413_/C (sky130_fd_sc_hd__and3_1)
     2    0.005075    0.034043    0.121297    6.116364 v _2413_/X (sky130_fd_sc_hd__and3_1)
                                                         _0167_ (net)
                      0.034043    0.000105    6.116469 v _2415_/C (sky130_fd_sc_hd__or3_1)
     3    0.007088    0.058991    0.192505    6.308973 v _2415_/X (sky130_fd_sc_hd__or3_1)
                                                         _0169_ (net)
                      0.058991    0.000163    6.309136 v _2420_/A1 (sky130_fd_sc_hd__a21o_1)
     4    0.011499    0.048425    0.132135    6.441271 v _2420_/X (sky130_fd_sc_hd__a21o_1)
                                                         _0174_ (net)
                      0.048425    0.000261    6.441533 v _2423_/A1 (sky130_fd_sc_hd__a21o_1)
     2    0.008355    0.040494    0.118930    6.560462 v _2423_/X (sky130_fd_sc_hd__a21o_1)
                                                         _0177_ (net)
                      0.040494    0.000255    6.560717 v _2426_/B (sky130_fd_sc_hd__xnor2_1)
     1    0.003205    0.039270    0.080454    6.641171 v _2426_/Y (sky130_fd_sc_hd__xnor2_1)
                                                         _0179_ (net)
                      0.039270    0.000072    6.641243 v _2427_/A1 (sky130_fd_sc_hd__mux2_1)
     1    0.003000    0.038733    0.149814    6.791058 v _2427_/X (sky130_fd_sc_hd__mux2_1)
                                                         _0024_ (net)
                      0.038733    0.000090    6.791148 v _3237_/D (sky130_fd_sc_hd__dfrtp_4)
                                              6.791148   data arrival time

                                 60.000000   60.000000   clock clk (rise edge)
                                  0.000000   60.000000   clock source latency
     2    0.043143    0.000000    0.000000   60.000000 ^ clk (in)
                                                         clk (net)
                      0.002231    0.001116   60.001114 ^ clkbuf_0_clk/A (sky130_fd_sc_hd__clkbuf_16)
    17    0.164904    0.136839    0.152873   60.153988 ^ clkbuf_0_clk/X (sky130_fd_sc_hd__clkbuf_16)
                                                         clknet_0_clk (net)
                      0.137483    0.007546   60.161533 ^ clkbuf_3_3__f_clk/A (sky130_fd_sc_hd__clkbuf_16)
    35    0.097357    0.087398    0.154621   60.316154 ^ clkbuf_3_3__f_clk/X (sky130_fd_sc_hd__clkbuf_16)
                                                         clknet_3_3__leaf_clk (net)
                      0.087556    0.002586   60.318741 ^ _3237_/CLK (sky130_fd_sc_hd__dfrtp_4)
                                 -0.100000   60.218739   clock uncertainty
                                  0.000000   60.218739   clock reconvergence pessimism
                                 -0.069679   60.149063   library setup time
                                             60.149063   data required time
---------------------------------------------------------------------------------------------
                                             60.149063   data required time
                                             -6.791148   data arrival time
---------------------------------------------------------------------------------------------
                                             53.357918   slack (MET)




===========================================================================
report_checks --slack_max -0.01
============================================================================
======================= nom_ff_n40C_1v95 Corner ===================================

No paths found.


===========================================================================
 report_check_types -max_slew -max_cap -max_fanout -violators
============================================================================
======================= nom_ff_n40C_1v95 Corner ===================================



===========================================================================
report_parasitic_annotation -report_unannotated
============================================================================
Found 7 unannotated drivers.
 clkload0/Y
 clkload1/Y
 clkload2/Y
 clkload3/Y
 clkload4/Y
 clkload5/Y
 clkload6/Y
Found 0 partially unannotated drivers.

===========================================================================
max slew violation count 0
max fanout violation count 0
max cap violation count 0
============================================================================

===========================================================================
check_setup -verbose -unconstrained_endpoints -multiple_clock -no_clock -no_input_delay -loops -generated_clocks
===========================================================================
Warning: There are 36 input ports missing set_input_delay.
  A_in[0]
  A_in[10]
  A_in[11]
  A_in[12]
  A_in[13]
  A_in[14]
  A_in[15]
  A_in[1]
  A_in[2]
  A_in[3]
  A_in[4]
  A_in[5]
  A_in[6]
  A_in[7]
  A_in[8]
  A_in[9]
  B_in[0]
  B_in[10]
  B_in[11]
  B_in[12]
  B_in[13]
  B_in[14]
  B_in[15]
  B_in[1]
  B_in[2]
  B_in[3]
  B_in[4]
  B_in[5]
  B_in[6]
  B_in[7]
  B_in[8]
  B_in[9]
  Op_Sel[0]
  Op_Sel[1]
  Start
  rst_n
Warning: There are 17 unconstrained endpoints.
  Done
  X_out[0]
  X_out[10]
  X_out[11]
  X_out[12]
  X_out[13]
  X_out[14]
  X_out[15]
  X_out[1]
  X_out[2]
  X_out[3]
  X_out[4]
  X_out[5]
  X_out[6]
  X_out[7]
  X_out[8]
  X_out[9]
