
===========================================================================
report_checks -unconstrained
===========================================================================
======================= nom_tt_025C_1v80 Corner ===================================

Startpoint: _3302_ (rising edge-triggered flip-flop clocked by clk)
Endpoint: _3238_ (rising edge-triggered flip-flop clocked by clk)
Path Group: clk
Path Type: max

Fanout         Cap        Slew       Delay        Time   Description
---------------------------------------------------------------------------------------------
                                  0.000000    0.000000   clock clk (rise edge)
                                  0.000000    0.000000   clock source latency
     1    0.028987    0.000000    0.000000    0.000000 ^ clk (in)
                                                         clk (net)
                      0.002441    0.001221    0.001221 ^ clkbuf_0_clk/A (sky130_fd_sc_hd__clkbuf_16)
     8    0.118930    0.132043    0.184496    0.185716 ^ clkbuf_0_clk/X (sky130_fd_sc_hd__clkbuf_16)
                                                         clknet_0_clk (net)
                      0.132122    0.001477    0.187193 ^ clkbuf_3_0__f_clk/A (sky130_fd_sc_hd__clkbuf_16)
    12    0.059309    0.077602    0.187674    0.374867 ^ clkbuf_3_0__f_clk/X (sky130_fd_sc_hd__clkbuf_16)
                                                         clknet_3_0__leaf_clk (net)
                      0.077605    0.000575    0.375442 ^ _3302_/CLK (sky130_fd_sc_hd__dfrtp_4)
     6    0.017201    0.077398    0.505730    0.881171 v _3302_/Q (sky130_fd_sc_hd__dfrtp_4)
                                                         B_reg[12] (net)
                      0.077398    0.000270    0.881441 v _1910_/C (sky130_fd_sc_hd__and3_1)
     3    0.006168    0.052896    0.205366    1.086807 v _1910_/X (sky130_fd_sc_hd__and3_1)
                                                         _1175_ (net)
                      0.052896    0.000017    1.086824 v _2300_/A (sky130_fd_sc_hd__or4_4)
     4    0.008737    0.093581    0.543580    1.630405 v _2300_/X (sky130_fd_sc_hd__or4_4)
                                                         _1553_ (net)
                      0.093581    0.000008    1.630413 v _2304_/A1 (sky130_fd_sc_hd__a21o_1)
     3    0.006855    0.050366    0.189115    1.819528 v _2304_/X (sky130_fd_sc_hd__a21o_1)
                                                         _1557_ (net)
                      0.050366    0.000022    1.819550 v _2307_/A2 (sky130_fd_sc_hd__a21oi_1)
     3    0.010171    0.249009    0.242187    2.061737 ^ _2307_/Y (sky130_fd_sc_hd__a21oi_1)
                                                         _1560_ (net)
                      0.249009    0.000013    2.061750 ^ _2311_/B (sky130_fd_sc_hd__xor2_1)
     3    0.009503    0.238054    0.258554    2.320304 ^ _2311_/X (sky130_fd_sc_hd__xor2_1)
                                                         _1564_ (net)
                      0.238054    0.000028    2.320332 ^ _2313_/A2 (sky130_fd_sc_hd__a21o_1)
     4    0.009756    0.093203    0.194697    2.515029 ^ _2313_/X (sky130_fd_sc_hd__a21o_1)
                                                         _1566_ (net)
                      0.093203    0.000044    2.515073 ^ _2318_/A1 (sky130_fd_sc_hd__a21oi_1)
     3    0.010381    0.093621    0.110419    2.625492 v _2318_/Y (sky130_fd_sc_hd__a21oi_1)
                                                         _1571_ (net)
                      0.093621    0.000027    2.625518 v _2321_/B (sky130_fd_sc_hd__or3_4)
     3    0.006320    0.068798    0.382769    3.008287 v _2321_/X (sky130_fd_sc_hd__or3_4)
                                                         _1574_ (net)
                      0.068798    0.000012    3.008300 v _2326_/A1 (sky130_fd_sc_hd__a21o_1)
     4    0.009208    0.059509    0.189625    3.197925 v _2326_/X (sky130_fd_sc_hd__a21o_1)
                                                         _1579_ (net)
                      0.059509    0.000028    3.197953 v _2328_/A (sky130_fd_sc_hd__and3_1)
     2    0.005503    0.048296    0.158508    3.356461 v _2328_/X (sky130_fd_sc_hd__and3_1)
                                                         _1581_ (net)
                      0.048296    0.000019    3.356480 v _2330_/A (sky130_fd_sc_hd__or3_4)
     3    0.006436    0.069085    0.385373    3.741853 v _2330_/X (sky130_fd_sc_hd__or3_4)
                                                         _1583_ (net)
                      0.069085    0.000023    3.741876 v _2334_/A1 (sky130_fd_sc_hd__a21o_1)
     4    0.008655    0.058104    0.187204    3.929079 v _2334_/X (sky130_fd_sc_hd__a21o_1)
                                                         _1587_ (net)
                      0.058104    0.000036    3.929115 v rebuffer10/A (sky130_fd_sc_hd__dlymetal6s2s_1)
     2    0.006922    0.056435    0.156841    4.085956 v rebuffer10/X (sky130_fd_sc_hd__dlymetal6s2s_1)
                                                         net63 (net)
                      0.056435    0.000018    4.085973 v _2343_/A1 (sky130_fd_sc_hd__a21bo_1)
     1    0.003486    0.037713    0.169843    4.255816 v _2343_/X (sky130_fd_sc_hd__a21bo_1)
                                                         _1596_ (net)
                      0.037713    0.000020    4.255836 v _2344_/B1 (sky130_fd_sc_hd__a22o_1)
     2    0.005608    0.052877    0.187407    4.443243 v _2344_/X (sky130_fd_sc_hd__a22o_1)
                                                         _1597_ (net)
                      0.052877    0.000028    4.443270 v _2347_/B1 (sky130_fd_sc_hd__a21o_1)
     4    0.008814    0.058467    0.179444    4.622714 v _2347_/X (sky130_fd_sc_hd__a21o_1)
                                                         _1600_ (net)
                      0.058467    0.000041    4.622755 v _2348_/A2 (sky130_fd_sc_hd__a21oi_1)
     3    0.011426    0.273241    0.263241    4.885997 ^ _2348_/Y (sky130_fd_sc_hd__a21oi_1)
                                                         _1601_ (net)
                      0.273241    0.000081    4.886078 ^ _2349_/B (sky130_fd_sc_hd__xnor2_1)
     3    0.015353    0.373005    0.250570    5.136648 ^ _2349_/Y (sky130_fd_sc_hd__xnor2_1)
                                                         _1602_ (net)
                      0.373005    0.000055    5.136703 ^ _2355_/A2 (sky130_fd_sc_hd__a21o_1)
     4    0.008468    0.086365    0.207776    5.344479 ^ _2355_/X (sky130_fd_sc_hd__a21o_1)
                                                         _0109_ (net)
                      0.086365    0.000024    5.344503 ^ _2360_/A1 (sky130_fd_sc_hd__a21oi_1)
     3    0.010510    0.091413    0.108682    5.453185 v _2360_/Y (sky130_fd_sc_hd__a21oi_1)
                                                         _0114_ (net)
                      0.091413    0.000059    5.453244 v _2364_/B (sky130_fd_sc_hd__or3_4)
     3    0.006581    0.069302    0.382753    5.835996 v _2364_/X (sky130_fd_sc_hd__or3_4)
                                                         _0118_ (net)
                      0.069302    0.000028    5.836024 v _2366_/A1 (sky130_fd_sc_hd__a21o_1)
     4    0.009830    0.061757    0.192271    6.028295 v _2366_/X (sky130_fd_sc_hd__a21o_1)
                                                         _0120_ (net)
                      0.061757    0.000034    6.028329 v _2370_/A (sky130_fd_sc_hd__and3_1)
     2    0.005682    0.049071    0.160354    6.188683 v _2370_/X (sky130_fd_sc_hd__and3_1)
                                                         _0124_ (net)
                      0.049071    0.000022    6.188705 v _2372_/C (sky130_fd_sc_hd__or3_4)
     3    0.008009    0.071567    0.334562    6.523267 v _2372_/X (sky130_fd_sc_hd__or3_4)
                                                         _0126_ (net)
                      0.071567    0.000026    6.523293 v _2378_/A1 (sky130_fd_sc_hd__a21o_1)
     4    0.008877    0.059971    0.189273    6.712566 v _2378_/X (sky130_fd_sc_hd__a21o_1)
                                                         _0132_ (net)
                      0.059971    0.000019    6.712585 v _2383_/A (sky130_fd_sc_hd__and3_1)
     2    0.005870    0.049895    0.160450    6.873035 v _2383_/X (sky130_fd_sc_hd__and3_1)
                                                         _0137_ (net)
                      0.049895    0.000022    6.873057 v _2385_/C (sky130_fd_sc_hd__or3_4)
     3    0.007317    0.070425    0.332677    7.205734 v _2385_/X (sky130_fd_sc_hd__or3_4)
                                                         _0139_ (net)
                      0.070425    0.000024    7.205757 v _2387_/A1 (sky130_fd_sc_hd__a21o_1)
     4    0.011122    0.068850    0.197386    7.403143 v _2387_/X (sky130_fd_sc_hd__a21o_1)
                                                         _0141_ (net)
                      0.068850    0.000025    7.403168 v _2390_/A (sky130_fd_sc_hd__and3_1)
     3    0.008538    0.061174    0.177016    7.580184 v _2390_/X (sky130_fd_sc_hd__and3_1)
                                                         _0144_ (net)
                      0.061174    0.000027    7.580211 v _2392_/C (sky130_fd_sc_hd__or3_4)
     3    0.006564    0.069245    0.333916    7.914126 v _2392_/X (sky130_fd_sc_hd__or3_4)
                                                         _0146_ (net)
                      0.069245    0.000008    7.914135 v _2397_/A1 (sky130_fd_sc_hd__a21o_1)
     4    0.009317    0.061783    0.190323    8.104458 v _2397_/X (sky130_fd_sc_hd__a21o_1)
                                                         _0151_ (net)
                      0.061783    0.000016    8.104474 v _2406_/A (sky130_fd_sc_hd__and3_1)
     2    0.005291    0.049085    0.158527    8.263000 v _2406_/X (sky130_fd_sc_hd__and3_1)
                                                         _0160_ (net)
                      0.049085    0.000009    8.263009 v _2408_/C (sky130_fd_sc_hd__or3_4)
     3    0.007646    0.072176    0.333467    8.596477 v _2408_/X (sky130_fd_sc_hd__or3_4)
                                                         _0162_ (net)
                      0.072176    0.000012    8.596488 v _2410_/A1 (sky130_fd_sc_hd__a21o_1)
     3    0.006037    0.046690    0.176565    8.773053 v _2410_/X (sky130_fd_sc_hd__a21o_1)
                                                         _0164_ (net)
                      0.046690    0.000019    8.773071 v _2413_/A (sky130_fd_sc_hd__and3_1)
     2    0.005278    0.049029    0.151953    8.925025 v _2413_/X (sky130_fd_sc_hd__and3_1)
                                                         _0167_ (net)
                      0.049029    0.000012    8.925037 v _2415_/C (sky130_fd_sc_hd__or3_4)
     3    0.006127    0.068599    0.328828    9.253864 v _2415_/X (sky130_fd_sc_hd__or3_4)
                                                         _0169_ (net)
                      0.068599    0.000015    9.253880 v _2420_/A1 (sky130_fd_sc_hd__a21o_1)
     3    0.007285    0.053302    0.180790    9.434670 v _2420_/X (sky130_fd_sc_hd__a21o_1)
                                                         _0174_ (net)
                      0.053302    0.000004    9.434674 v _2428_/A1 (sky130_fd_sc_hd__a21bo_1)
     1    0.004302    0.042466    0.172565    9.607240 v _2428_/X (sky130_fd_sc_hd__a21bo_1)
                                                         _0180_ (net)
                      0.042466    0.000003    9.607243 v _2429_/B (sky130_fd_sc_hd__xor2_1)
     1    0.002422    0.065966    0.132876    9.740118 v _2429_/X (sky130_fd_sc_hd__xor2_1)
                                                         _0181_ (net)
                      0.065966    0.000003    9.740121 v _2430_/A1 (sky130_fd_sc_hd__mux2_4)
     1    0.002230    0.046632    0.255433    9.995554 v _2430_/X (sky130_fd_sc_hd__mux2_4)
                                                         _0025_ (net)
                      0.046632    0.000003    9.995557 v _3238_/D (sky130_fd_sc_hd__dfrtp_4)
                                              9.995557   data arrival time

                                 10.500000   10.500000   clock clk (rise edge)
                                  0.000000   10.500000   clock source latency
     1    0.028987    0.000000    0.000000   10.500000 ^ clk (in)
                                                         clk (net)
                      0.002441    0.001220   10.501221 ^ clkbuf_0_clk/A (sky130_fd_sc_hd__clkbuf_16)
     8    0.118930    0.132043    0.184496   10.685717 ^ clkbuf_0_clk/X (sky130_fd_sc_hd__clkbuf_16)
                                                         clknet_0_clk (net)
                      0.132142    0.001982   10.687699 ^ clkbuf_3_3__f_clk/A (sky130_fd_sc_hd__clkbuf_16)
    17    0.060135    0.078352    0.188359   10.876058 ^ clkbuf_3_3__f_clk/X (sky130_fd_sc_hd__clkbuf_16)
                                                         clknet_3_3__leaf_clk (net)
                      0.078352    0.000281   10.876338 ^ _3238_/CLK (sky130_fd_sc_hd__dfrtp_4)
                                 -0.100000   10.776339   clock uncertainty
                                  0.000000   10.776339   clock reconvergence pessimism
                                 -0.107353   10.668986   library setup time
                                             10.668986   data required time
---------------------------------------------------------------------------------------------
                                             10.668986   data required time
                                             -9.995557   data arrival time
---------------------------------------------------------------------------------------------
                                              0.673429   slack (MET)




===========================================================================
report_checks --slack_max -0.01
============================================================================
======================= nom_tt_025C_1v80 Corner ===================================

No paths found.


===========================================================================
 report_check_types -max_slew -max_cap -max_fanout -violators
============================================================================
======================= nom_tt_025C_1v80 Corner ===================================



===========================================================================
report_parasitic_annotation -report_unannotated
============================================================================
Found 7 unannotated drivers.
 clkload0/Y
 clkload1/Y
 clkload2/Y
 clkload3/Y
 clkload4/Y
 clkload5/Y
 clkload6/Y
Found 0 partially unannotated drivers.

===========================================================================
max slew violation count 0
Writing metric design__max_slew_violation__count__corner:nom_tt_025C_1v80: 0
max fanout violation count 0
Writing metric design__max_fanout_violation__count__corner:nom_tt_025C_1v80: 0
max cap violation count 0
Writing metric design__max_cap_violation__count__corner:nom_tt_025C_1v80: 0
============================================================================

===========================================================================
check_setup -verbose -unconstrained_endpoints -multiple_clock -no_clock -no_input_delay -loops -generated_clocks
===========================================================================
Warning: There are 36 input ports missing set_input_delay.
  A_in[0]
  A_in[10]
  A_in[11]
  A_in[12]
  A_in[13]
  A_in[14]
  A_in[15]
  A_in[1]
  A_in[2]
  A_in[3]
  A_in[4]
  A_in[5]
  A_in[6]
  A_in[7]
  A_in[8]
  A_in[9]
  B_in[0]
  B_in[10]
  B_in[11]
  B_in[12]
  B_in[13]
  B_in[14]
  B_in[15]
  B_in[1]
  B_in[2]
  B_in[3]
  B_in[4]
  B_in[5]
  B_in[6]
  B_in[7]
  B_in[8]
  B_in[9]
  Op_Sel[0]
  Op_Sel[1]
  Start
  rst_n
Warning: There are 17 unconstrained endpoints.
  Done
  X_out[0]
  X_out[10]
  X_out[11]
  X_out[12]
  X_out[13]
  X_out[14]
  X_out[15]
  X_out[1]
  X_out[2]
  X_out[3]
  X_out[4]
  X_out[5]
  X_out[6]
  X_out[7]
  X_out[8]
  X_out[9]
