
===========================================================================
report_checks -unconstrained
===========================================================================
======================= nom_tt_025C_1v80 Corner ===================================

Startpoint: _3302_ (rising edge-triggered flip-flop clocked by clk)
Endpoint: _3238_ (rising edge-triggered flip-flop clocked by clk)
Path Group: clk
Path Type: max

Fanout         Cap        Slew       Delay        Time   Description
---------------------------------------------------------------------------------------------
                                  0.000000    0.000000   clock clk (rise edge)
                                  0.000000    0.000000   clock source latency
   110    0.355775    0.000000    0.000000    0.000000 ^ clk (in)
                                                         clk (net)
                      0.042584    0.021292    0.021292 ^ _3302_/CLK (sky130_fd_sc_hd__dfrtp_2)
    15    0.058436    0.159610    0.514670    0.535962 v _3302_/Q (sky130_fd_sc_hd__dfrtp_2)
                                                         B_reg[12] (net)
                      0.159611    0.000678    0.536640 v _1910_/C (sky130_fd_sc_hd__and3_2)
     3    0.004883    0.043972    0.263149    0.799789 v _1910_/X (sky130_fd_sc_hd__and3_2)
                                                         _1175_ (net)
                      0.043972    0.000007    0.799796 v _2300_/B (sky130_fd_sc_hd__or4_2)
     4    0.010196    0.132881    0.686578    1.486375 v _2300_/X (sky130_fd_sc_hd__or4_2)
                                                         _1553_ (net)
                      0.132881    0.000035    1.486409 v _2304_/A2 (sky130_fd_sc_hd__a21o_2)
     3    0.011366    0.055352    0.267030    1.753439 v _2304_/X (sky130_fd_sc_hd__a21o_2)
                                                         _1557_ (net)
                      0.055352    0.000032    1.753471 v _2308_/C (sky130_fd_sc_hd__and3_2)
     2    0.006135    0.045902    0.219174    1.972645 v _2308_/X (sky130_fd_sc_hd__and3_2)
                                                         _1561_ (net)
                      0.045902    0.000013    1.972658 v _2310_/C (sky130_fd_sc_hd__or3_2)
     3    0.005775    0.088680    0.421869    2.394528 v _2310_/X (sky130_fd_sc_hd__or3_2)
                                                         _1563_ (net)
                      0.088680    0.000012    2.394539 v _2313_/A1 (sky130_fd_sc_hd__a21o_2)
     4    0.015647    0.063215    0.238056    2.632595 v _2313_/X (sky130_fd_sc_hd__a21o_2)
                                                         _1566_ (net)
                      0.063215    0.000073    2.632668 v _2319_/B (sky130_fd_sc_hd__and3_2)
     2    0.006808    0.047234    0.211025    2.843693 v _2319_/X (sky130_fd_sc_hd__and3_2)
                                                         _1572_ (net)
                      0.047234    0.000016    2.843709 v _2321_/C (sky130_fd_sc_hd__or3_2)
     3    0.006092    0.087636    0.423940    3.267648 v _2321_/X (sky130_fd_sc_hd__or3_2)
                                                         _1574_ (net)
                      0.087636    0.000027    3.267676 v _2326_/A1 (sky130_fd_sc_hd__a21o_2)
     4    0.013622    0.059088    0.233164    3.500839 v _2326_/X (sky130_fd_sc_hd__a21o_2)
                                                         _1579_ (net)
                      0.059088    0.000050    3.500890 v _2328_/C (sky130_fd_sc_hd__and3_2)
     2    0.006534    0.046686    0.222214    3.723104 v _2328_/X (sky130_fd_sc_hd__and3_2)
                                                         _1581_ (net)
                      0.046686    0.000021    3.723125 v _2330_/C (sky130_fd_sc_hd__or3_2)
     4    0.011306    0.108082    0.452892    4.176016 v _2330_/X (sky130_fd_sc_hd__or3_2)
                                                         _1583_ (net)
                      0.108082    0.000027    4.176044 v _2334_/A1 (sky130_fd_sc_hd__a21o_2)
     5    0.014704    0.061376    0.243783    4.419827 v _2334_/X (sky130_fd_sc_hd__a21o_2)
                                                         _1587_ (net)
                      0.061376    0.000030    4.419857 v _2338_/B (sky130_fd_sc_hd__and3_2)
     2    0.006400    0.046382    0.208831    4.628687 v _2338_/X (sky130_fd_sc_hd__and3_2)
                                                         _1591_ (net)
                      0.046382    0.000015    4.628703 v _2345_/C (sky130_fd_sc_hd__or3_2)
     3    0.006615    0.091624    0.426665    5.055368 v _2345_/X (sky130_fd_sc_hd__or3_2)
                                                         _1598_ (net)
                      0.091624    0.000013    5.055381 v _2347_/A1 (sky130_fd_sc_hd__a21o_2)
     4    0.011030    0.054473    0.227605    5.282986 v _2347_/X (sky130_fd_sc_hd__a21o_2)
                                                         _1600_ (net)
                      0.054473    0.000053    5.283039 v _2350_/C (sky130_fd_sc_hd__and3_2)
     2    0.006868    0.047405    0.221247    5.504286 v _2350_/X (sky130_fd_sc_hd__and3_2)
                                                         _1603_ (net)
                      0.047405    0.000034    5.504320 v _2352_/C (sky130_fd_sc_hd__or3_2)
     3    0.007041    0.090391    0.429269    5.933589 v _2352_/X (sky130_fd_sc_hd__or3_2)
                                                         _0106_ (net)
                      0.090391    0.000039    5.933628 v _2355_/A2 (sky130_fd_sc_hd__a21o_2)
     4    0.010306    0.052416    0.247214    6.180842 v _2355_/X (sky130_fd_sc_hd__a21o_2)
                                                         _0109_ (net)
                      0.052416    0.000031    6.180873 v _2362_/B (sky130_fd_sc_hd__and3_2)
     2    0.006672    0.046967    0.205761    6.386634 v _2362_/X (sky130_fd_sc_hd__and3_2)
                                                         _0116_ (net)
                      0.046967    0.000028    6.386662 v _2364_/C (sky130_fd_sc_hd__or3_2)
     3    0.005963    0.087261    0.423163    6.809825 v _2364_/X (sky130_fd_sc_hd__or3_2)
                                                         _0118_ (net)
                      0.087261    0.000022    6.809847 v _2366_/A2 (sky130_fd_sc_hd__a21o_2)
     4    0.013337    0.058482    0.255050    7.064897 v _2366_/X (sky130_fd_sc_hd__a21o_2)
                                                         _0120_ (net)
                      0.058482    0.000051    7.064948 v _2370_/B (sky130_fd_sc_hd__and3_2)
     2    0.006442    0.046489    0.207688    7.272635 v _2370_/X (sky130_fd_sc_hd__and3_2)
                                                         _0124_ (net)
                      0.046489    0.000019    7.272654 v _2372_/C (sky130_fd_sc_hd__or3_2)
     3    0.007214    0.093728    0.430033    7.702688 v _2372_/X (sky130_fd_sc_hd__or3_2)
                                                         _0126_ (net)
                      0.093728    0.000002    7.702689 v _2378_/A1 (sky130_fd_sc_hd__a21o_2)
     4    0.010745    0.053680    0.227542    7.930232 v _2378_/X (sky130_fd_sc_hd__a21o_2)
                                                         _0132_ (net)
                      0.053680    0.000034    7.930265 v _2383_/C (sky130_fd_sc_hd__and3_2)
     2    0.006734    0.047123    0.220447    8.150712 v _2383_/X (sky130_fd_sc_hd__and3_2)
                                                         _0137_ (net)
                      0.047123    0.000017    8.150729 v _2385_/C (sky130_fd_sc_hd__or3_2)
     3    0.006376    0.090788    0.425504    8.576233 v _2385_/X (sky130_fd_sc_hd__or3_2)
                                                         _0139_ (net)
                      0.090788    0.000013    8.576246 v _2387_/A1 (sky130_fd_sc_hd__a21o_2)
     4    0.010446    0.052815    0.225395    8.801641 v _2387_/X (sky130_fd_sc_hd__a21o_2)
                                                         _0141_ (net)
                      0.052815    0.000037    8.801679 v _2390_/B (sky130_fd_sc_hd__and3_2)
     3    0.009777    0.054414    0.216415    9.018094 v _2390_/X (sky130_fd_sc_hd__and3_2)
                                                         _0144_ (net)
                      0.054414    0.000026    9.018120 v _2392_/C (sky130_fd_sc_hd__or3_2)
     3    0.005267    0.086962    0.421146    9.439265 v _2392_/X (sky130_fd_sc_hd__or3_2)
                                                         _0146_ (net)
                      0.086962    0.000002    9.439267 v _2397_/A1 (sky130_fd_sc_hd__a21o_2)
     4    0.013095    0.057997    0.231733    9.671000 v _2397_/X (sky130_fd_sc_hd__a21o_2)
                                                         _0151_ (net)
                      0.057997    0.000030    9.671030 v _2406_/B (sky130_fd_sc_hd__and3_2)
     2    0.006427    0.046457    0.207422    9.878452 v _2406_/X (sky130_fd_sc_hd__and3_2)
                                                         _0160_ (net)
                      0.046457    0.000003    9.878455 v _2408_/C (sky130_fd_sc_hd__or3_2)
     3    0.009676    0.102362    0.443750   10.322205 v _2408_/X (sky130_fd_sc_hd__or3_2)
                                                         _0162_ (net)
                      0.102362    0.000023   10.322227 v _2410_/A2 (sky130_fd_sc_hd__a21o_2)
     3    0.008244    0.046886    0.245089   10.567317 v _2410_/X (sky130_fd_sc_hd__a21o_2)
                                                         _0164_ (net)
                      0.046886    0.000028   10.567345 v _2413_/C (sky130_fd_sc_hd__and3_2)
     2    0.006391    0.046309    0.216357   10.783701 v _2413_/X (sky130_fd_sc_hd__and3_2)
                                                         _0167_ (net)
                      0.046309    0.000013   10.783714 v _2415_/C (sky130_fd_sc_hd__or3_2)
     3    0.005886    0.089067    0.422585   11.206300 v _2415_/X (sky130_fd_sc_hd__or3_2)
                                                         _0169_ (net)
                      0.089067    0.000018   11.206317 v _2420_/A1 (sky130_fd_sc_hd__a21o_2)
     4    0.012400    0.056597    0.230987   11.437304 v _2420_/X (sky130_fd_sc_hd__a21o_2)
                                                         _0174_ (net)
                      0.056597    0.000020   11.437324 v _2428_/A1 (sky130_fd_sc_hd__a21bo_2)
     1    0.008092    0.049047    0.208295   11.645618 v _2428_/X (sky130_fd_sc_hd__a21bo_2)
                                                         _0180_ (net)
                      0.049047    0.000009   11.645627 v _2429_/B (sky130_fd_sc_hd__xor2_2)
     1    0.002414    0.055530    0.133219   11.778846 v _2429_/X (sky130_fd_sc_hd__xor2_2)
                                                         _0181_ (net)
                      0.055530    0.000005   11.778852 v _2430_/A1 (sky130_fd_sc_hd__mux2_1)
     1    0.002258    0.053422    0.285386   12.064237 v _2430_/X (sky130_fd_sc_hd__mux2_1)
                                                         _0025_ (net)
                      0.053422    0.000003   12.064240 v _3238_/D (sky130_fd_sc_hd__dfrtp_2)
                                             12.064240   data arrival time

                                120.000000  120.000000   clock clk (rise edge)
                                  0.000000  120.000000   clock source latency
   110    0.355775    0.000000    0.000000  120.000000 ^ clk (in)
                                                         clk (net)
                      0.041468    0.020734  120.020729 ^ _3238_/CLK (sky130_fd_sc_hd__dfrtp_2)
                                 -0.100000  119.920731   clock uncertainty
                                  0.000000  119.920731   clock reconvergence pessimism
                                 -0.120008  119.800720   library setup time
                                            119.800720   data required time
---------------------------------------------------------------------------------------------
                                            119.800720   data required time
                                            -12.064240   data arrival time
---------------------------------------------------------------------------------------------
                                            107.736481   slack (MET)




===========================================================================
report_checks --slack_max -0.01
============================================================================
======================= nom_tt_025C_1v80 Corner ===================================

No paths found.


===========================================================================
 report_check_types -max_slew -max_cap -max_fanout -violators
============================================================================
======================= nom_tt_025C_1v80 Corner ===================================



===========================================================================
report_parasitic_annotation -report_unannotated
============================================================================
Found 0 unannotated drivers.
Found 0 partially unannotated drivers.

===========================================================================
max slew violation count 0
Writing metric design__max_slew_violation__count__corner:nom_tt_025C_1v80: 0
max fanout violation count 0
Writing metric design__max_fanout_violation__count__corner:nom_tt_025C_1v80: 0
max cap violation count 0
Writing metric design__max_cap_violation__count__corner:nom_tt_025C_1v80: 0
============================================================================

===========================================================================
check_setup -verbose -unconstrained_endpoints -multiple_clock -no_clock -no_input_delay -loops -generated_clocks
===========================================================================
Warning: There are 36 input ports missing set_input_delay.
  A_in[0]
  A_in[10]
  A_in[11]
  A_in[12]
  A_in[13]
  A_in[14]
  A_in[15]
  A_in[1]
  A_in[2]
  A_in[3]
  A_in[4]
  A_in[5]
  A_in[6]
  A_in[7]
  A_in[8]
  A_in[9]
  B_in[0]
  B_in[10]
  B_in[11]
  B_in[12]
  B_in[13]
  B_in[14]
  B_in[15]
  B_in[1]
  B_in[2]
  B_in[3]
  B_in[4]
  B_in[5]
  B_in[6]
  B_in[7]
  B_in[8]
  B_in[9]
  Op_Sel[0]
  Op_Sel[1]
  Start
  rst_n
Warning: There are 17 unconstrained endpoints.
  Done
  X_out[0]
  X_out[10]
  X_out[11]
  X_out[12]
  X_out[13]
  X_out[14]
  X_out[15]
  X_out[1]
  X_out[2]
  X_out[3]
  X_out[4]
  X_out[5]
  X_out[6]
  X_out[7]
  X_out[8]
  X_out[9]
