[INFO PSM-0040] All shapes on net VPWR are connected.
########## IR report #################
Net              : VPWR
Corner           : nom_tt_025C_1v80
Supply voltage   : 1.80e+00 V
Worstcase voltage: 1.76e+00 V
Average voltage  : 1.80e+00 V
Average IR drop  : 1.13e-03 V
Worstcase IR drop: 3.70e-02 V
Percentage drop  : 2.06 %
######################################
[INFO PSM-0040] All shapes on net VGND are connected.
########## IR report #################
Net              : VGND
Corner           : nom_tt_025C_1v80
Supply voltage   : 0.00e+00 V
Worstcase voltage: 3.97e-02 V
Average voltage  : 1.10e-03 V
Average IR drop  : 1.10e-03 V
Worstcase IR drop: 3.97e-02 V
Percentage drop  : 2.21 %
######################################
