[INFO PSM-0040] All shapes on net VPWR are connected.
########## IR report #################
Net              : VPWR
Corner           : nom_tt_025C_1v80
Supply voltage   : 1.80e+00 V
Worstcase voltage: 1.76e+00 V
Average voltage  : 1.80e+00 V
Average IR drop  : 1.12e-03 V
Worstcase IR drop: 3.95e-02 V
Percentage drop  : 2.19 %
######################################
[INFO PSM-0040] All shapes on net VGND are connected.
########## IR report #################
Net              : VGND
Corner           : nom_tt_025C_1v80
Supply voltage   : 0.00e+00 V
Worstcase voltage: 4.08e-02 V
Average voltage  : 1.10e-03 V
Average IR drop  : 1.10e-03 V
Worstcase IR drop: 4.08e-02 V
Percentage drop  : 2.27 %
######################################
