                                                                        Cells by Master                                                                         
┏━━━━━━━━━━━━━━━━━━━━━━━━━━━━━━━━━━━━━━━━━━━━━━━━━━━━━━━━━━━━━━━━━━━━━━━━━━━━━━━━━━━━━━━━━━━━━━━━━━━━━━━━━━━━━━━━━━━━━━━━━━━━━━━━━━┳━━━━━━━━━━━━━━━━━━━━━━━━━━━┓
┃ Cell                                                                                                                             ┃ Count                     ┃
┡━━━━━━━━━━━━━━━━━━━━━━━━━━━━━━━━━━━━━━━━━━━━━━━━━━━━━━━━━━━━━━━━━━━━━━━━━━━━━━━━━━━━━━━━━━━━━━━━━━━━━━━━━━━━━━━━━━━━━━━━━━━━━━━━━━╇━━━━━━━━━━━━━━━━━━━━━━━━━━━┩
│ sky130_ef_sc_hd__decap_12                                                                                                        │ 8396                      │
│ sky130_fd_sc_hd__a211o_1                                                                                                         │ 6                         │
│ sky130_fd_sc_hd__a211o_4                                                                                                         │ 2                         │
│ sky130_fd_sc_hd__a211oi_1                                                                                                        │ 4                         │
│ sky130_fd_sc_hd__a211oi_2                                                                                                        │ 1                         │
│ sky130_fd_sc_hd__a21bo_1                                                                                                         │ 25                        │
│ sky130_fd_sc_hd__a21bo_4                                                                                                         │ 5                         │
│ sky130_fd_sc_hd__a21boi_1                                                                                                        │ 8                         │
│ sky130_fd_sc_hd__a21boi_2                                                                                                        │ 3                         │
│ sky130_fd_sc_hd__a21boi_4                                                                                                        │ 1                         │
│ sky130_fd_sc_hd__a21o_1                                                                                                          │ 67                        │
│ sky130_fd_sc_hd__a21o_2                                                                                                          │ 1                         │
│ sky130_fd_sc_hd__a21o_4                                                                                                          │ 5                         │
│ sky130_fd_sc_hd__a21oi_1                                                                                                         │ 64                        │
│ sky130_fd_sc_hd__a21oi_2                                                                                                         │ 25                        │
│ sky130_fd_sc_hd__a21oi_4                                                                                                         │ 15                        │
│ sky130_fd_sc_hd__a221o_1                                                                                                         │ 2                         │
│ sky130_fd_sc_hd__a221oi_4                                                                                                        │ 1                         │
│ sky130_fd_sc_hd__a22o_1                                                                                                          │ 34                        │
│ sky130_fd_sc_hd__a22o_4                                                                                                          │ 3                         │
│ sky130_fd_sc_hd__a22oi_1                                                                                                         │ 3                         │
│ sky130_fd_sc_hd__a22oi_2                                                                                                         │ 2                         │
│ sky130_fd_sc_hd__a2bb2o_1                                                                                                        │ 7                         │
│ sky130_fd_sc_hd__a2bb2o_2                                                                                                        │ 1                         │
│ sky130_fd_sc_hd__a2bb2o_4                                                                                                        │ 9                         │
│ sky130_fd_sc_hd__a311o_1                                                                                                         │ 7                         │
│ sky130_fd_sc_hd__a311oi_1                                                                                                        │ 1                         │
│ sky130_fd_sc_hd__a31o_1                                                                                                          │ 46                        │
│ sky130_fd_sc_hd__a31o_4                                                                                                          │ 2                         │
│ sky130_fd_sc_hd__a31oi_1                                                                                                         │ 1                         │
│ sky130_fd_sc_hd__a31oi_4                                                                                                         │ 2                         │
│ sky130_fd_sc_hd__a32o_1                                                                                                          │ 9                         │
│ sky130_fd_sc_hd__a32o_2                                                                                                          │ 1                         │
│ sky130_fd_sc_hd__a41o_1                                                                                                          │ 2                         │
│ sky130_fd_sc_hd__and2_1                                                                                                          │ 56                        │
│ sky130_fd_sc_hd__and2_4                                                                                                          │ 19                        │
│ sky130_fd_sc_hd__and2b_1                                                                                                         │ 20                        │
│ sky130_fd_sc_hd__and2b_4                                                                                                         │ 1                         │
│ sky130_fd_sc_hd__and3_1                                                                                                          │ 60                        │
│ sky130_fd_sc_hd__and3_4                                                                                                          │ 2                         │
│ sky130_fd_sc_hd__and3b_1                                                                                                         │ 6                         │
│ sky130_fd_sc_hd__and3b_2                                                                                                         │ 1                         │
│ sky130_fd_sc_hd__and3b_4                                                                                                         │ 1                         │
│ sky130_fd_sc_hd__and4_1                                                                                                          │ 5                         │
│ sky130_fd_sc_hd__and4_4                                                                                                          │ 1                         │
│ sky130_fd_sc_hd__and4b_1                                                                                                         │ 2                         │
│ sky130_fd_sc_hd__buf_1                                                                                                           │ 35                        │
│ sky130_fd_sc_hd__buf_2                                                                                                           │ 3                         │
│ sky130_fd_sc_hd__buf_4                                                                                                           │ 3                         │
│ sky130_fd_sc_hd__buf_6                                                                                                           │ 12                        │
│ sky130_fd_sc_hd__buf_8                                                                                                           │ 4                         │
│ sky130_fd_sc_hd__clkbuf_1                                                                                                        │ 35                        │
│ sky130_fd_sc_hd__clkbuf_16                                                                                                       │ 11                        │
│ sky130_fd_sc_hd__clkbuf_2                                                                                                        │ 10                        │
│ sky130_fd_sc_hd__clkinv_4                                                                                                        │ 1                         │
│ sky130_fd_sc_hd__clkinvlp_4                                                                                                      │ 2                         │
│ sky130_fd_sc_hd__decap_3                                                                                                         │ 633                       │
│ sky130_fd_sc_hd__decap_4                                                                                                         │ 449                       │
│ sky130_fd_sc_hd__decap_6                                                                                                         │ 1739                      │
│ sky130_fd_sc_hd__decap_8                                                                                                         │ 465                       │
│ sky130_fd_sc_hd__dfrtp_1                                                                                                         │ 44                        │
│ sky130_fd_sc_hd__dfrtp_2                                                                                                         │ 9                         │
│ sky130_fd_sc_hd__dfrtp_4                                                                                                         │ 57                        │
│ sky130_fd_sc_hd__diode_2                                                                                                         │ 907                       │
│ sky130_fd_sc_hd__dlygate4sd1_1                                                                                                   │ 55                        │
│ sky130_fd_sc_hd__dlygate4sd3_1                                                                                                   │ 3                         │
│ sky130_fd_sc_hd__dlymetal6s2s_1                                                                                                  │ 30                        │
│ sky130_fd_sc_hd__dlymetal6s4s_1                                                                                                  │ 6                         │
│ sky130_fd_sc_hd__fill_1                                                                                                          │ 2362                      │
│ sky130_fd_sc_hd__fill_2                                                                                                          │ 362                       │
│ sky130_fd_sc_hd__inv_12                                                                                                          │ 1                         │
│ sky130_fd_sc_hd__inv_2                                                                                                           │ 57                        │
│ sky130_fd_sc_hd__inv_4                                                                                                           │ 1                         │
│ sky130_fd_sc_hd__inv_6                                                                                                           │ 1                         │
│ sky130_fd_sc_hd__inv_8                                                                                                           │ 3                         │
│ sky130_fd_sc_hd__mux2_1                                                                                                          │ 74                        │
│ sky130_fd_sc_hd__mux2_2                                                                                                          │ 9                         │
│ sky130_fd_sc_hd__mux2_4                                                                                                          │ 25                        │
│ sky130_fd_sc_hd__nand2_1                                                                                                         │ 134                       │
│ sky130_fd_sc_hd__nand2_2                                                                                                         │ 17                        │
│ sky130_fd_sc_hd__nand2_4                                                                                                         │ 4                         │
│ sky130_fd_sc_hd__nand2_8                                                                                                         │ 2                         │
│ sky130_fd_sc_hd__nand2b_1                                                                                                        │ 19                        │
│ sky130_fd_sc_hd__nand2b_4                                                                                                        │ 4                         │
│ sky130_fd_sc_hd__nand3_1                                                                                                         │ 17                        │
│ sky130_fd_sc_hd__nand3_2                                                                                                         │ 1                         │
│ sky130_fd_sc_hd__nand3_4                                                                                                         │ 2                         │
│ sky130_fd_sc_hd__nand4_2                                                                                                         │ 1                         │
│ sky130_fd_sc_hd__nand4_4                                                                                                         │ 1                         │
│ sky130_fd_sc_hd__nor2_1                                                                                                          │ 99                        │
│ sky130_fd_sc_hd__nor2_2                                                                                                          │ 14                        │
│ sky130_fd_sc_hd__nor2_4                                                                                                          │ 14                        │
│ sky130_fd_sc_hd__nor2_8                                                                                                          │ 3                         │
│ sky130_fd_sc_hd__nor3_1                                                                                                          │ 2                         │
│ sky130_fd_sc_hd__nor3b_1                                                                                                         │ 1                         │
│ sky130_fd_sc_hd__nor4_2                                                                                                          │ 1                         │
│ sky130_fd_sc_hd__o2111a_1                                                                                                        │ 1                         │
│ sky130_fd_sc_hd__o211a_1                                                                                                         │ 13                        │
│ sky130_fd_sc_hd__o211a_4                                                                                                         │ 1                         │
│ sky130_fd_sc_hd__o211ai_1                                                                                                        │ 5                         │
│ sky130_fd_sc_hd__o211ai_2                                                                                                        │ 1                         │
│ sky130_fd_sc_hd__o21a_1                                                                                                          │ 50                        │
│ sky130_fd_sc_hd__o21a_2                                                                                                          │ 1                         │
│ sky130_fd_sc_hd__o21ai_1                                                                                                         │ 49                        │
│ sky130_fd_sc_hd__o21ai_2                                                                                                         │ 17                        │
│ sky130_fd_sc_hd__o21ai_4                                                                                                         │ 4                         │
│ sky130_fd_sc_hd__o21ba_1                                                                                                         │ 14                        │
│ sky130_fd_sc_hd__o21ba_4                                                                                                         │ 11                        │
│ sky130_fd_sc_hd__o21bai_1                                                                                                        │ 2                         │
│ sky130_fd_sc_hd__o21bai_2                                                                                                        │ 1                         │
│ sky130_fd_sc_hd__o21bai_4                                                                                                        │ 1                         │
│ sky130_fd_sc_hd__o221a_1                                                                                                         │ 2                         │
│ sky130_fd_sc_hd__o22a_1                                                                                                          │ 10                        │
│ sky130_fd_sc_hd__o22ai_1                                                                                                         │ 1                         │
│ sky130_fd_sc_hd__o22ai_2                                                                                                         │ 2                         │
│ sky130_fd_sc_hd__o22ai_4                                                                                                         │ 1                         │
│ sky130_fd_sc_hd__o2bb2a_1                                                                                                        │ 6                         │
│ sky130_fd_sc_hd__o2bb2a_2                                                                                                        │ 3                         │
│ sky130_fd_sc_hd__o2bb2a_4                                                                                                        │ 3                         │
│ sky130_fd_sc_hd__o2bb2ai_1                                                                                                       │ 1                         │
│ sky130_fd_sc_hd__o311a_4                                                                                                         │ 1                         │
│ sky130_fd_sc_hd__o31a_1                                                                                                          │ 7                         │
│ sky130_fd_sc_hd__o31ai_1                                                                                                         │ 1                         │
│ sky130_fd_sc_hd__o31ai_2                                                                                                         │ 1                         │
│ sky130_fd_sc_hd__o31ai_4                                                                                                         │ 1                         │
│ sky130_fd_sc_hd__o32a_1                                                                                                          │ 1                         │
│ sky130_fd_sc_hd__o32a_4                                                                                                          │ 1                         │
│ sky130_fd_sc_hd__or2_1                                                                                                           │ 69                        │
│ sky130_fd_sc_hd__or2_2                                                                                                           │ 1                         │
│ sky130_fd_sc_hd__or2_4                                                                                                           │ 40                        │
│ sky130_fd_sc_hd__or3_1                                                                                                           │ 12                        │
│ sky130_fd_sc_hd__or3_4                                                                                                           │ 25                        │
│ sky130_fd_sc_hd__or3b_1                                                                                                          │ 7                         │
│ sky130_fd_sc_hd__or3b_4                                                                                                          │ 8                         │
│ sky130_fd_sc_hd__or4_1                                                                                                           │ 1                         │
│ sky130_fd_sc_hd__or4_4                                                                                                           │ 2                         │
│ sky130_fd_sc_hd__or4b_1                                                                                                          │ 1                         │
│ sky130_fd_sc_hd__or4b_4                                                                                                          │ 1                         │
│ sky130_fd_sc_hd__or4bb_1                                                                                                         │ 1                         │
│ sky130_fd_sc_hd__tapvpwrvgnd_1                                                                                                   │ 2496                      │
│ sky130_fd_sc_hd__xnor2_1                                                                                                         │ 79                        │
│ sky130_fd_sc_hd__xnor2_2                                                                                                         │ 45                        │
│ sky130_fd_sc_hd__xnor2_4                                                                                                         │ 13                        │
│ sky130_fd_sc_hd__xor2_1                                                                                                          │ 31                        │
│ sky130_fd_sc_hd__xor2_2                                                                                                          │ 16                        │
│ sky130_fd_sc_hd__xor2_4                                                                                                          │ 1                         │
└──────────────────────────────────────────────────────────────────────────────────────────────────────────────────────────────────┴───────────────────────────┘
