
===========================================================================
report_checks -unconstrained
===========================================================================
======================= min_tt_025C_1v80 Corner ===================================

Startpoint: _3302_ (rising edge-triggered flip-flop clocked by clk)
Endpoint: _3237_ (rising edge-triggered flip-flop clocked by clk)
Path Group: clk
Path Type: max

Fanout         Cap        Slew       Delay        Time   Description
---------------------------------------------------------------------------------------------
                                  0.000000    0.000000   clock clk (rise edge)
                                  0.000000    0.000000   clock source latency
     2    0.038812    0.000000    0.000000    0.000000 ^ clk (in)
                                                         clk (net)
                      0.001588    0.000794    0.000794 ^ clkbuf_0_clk/A (sky130_fd_sc_hd__clkbuf_16)
    17    0.155918    0.168000    0.207637    0.208431 ^ clkbuf_0_clk/X (sky130_fd_sc_hd__clkbuf_16)
                                                         clknet_0_clk (net)
                      0.168218    0.004912    0.213342 ^ clkbuf_3_0__f_clk/A (sky130_fd_sc_hd__clkbuf_16)
    25    0.088766    0.105715    0.220174    0.433517 ^ clkbuf_3_0__f_clk/X (sky130_fd_sc_hd__clkbuf_16)
                                                         clknet_3_0__leaf_clk (net)
                      0.105776    0.002368    0.435884 ^ _3302_/CLK (sky130_fd_sc_hd__dfrtp_4)
    15    0.049688    0.121037    0.571885    1.007769 v _3302_/Q (sky130_fd_sc_hd__dfrtp_4)
                                                         B_reg[12] (net)
                      0.121058    0.001544    1.009313 v _1910_/C (sky130_fd_sc_hd__and3_1)
     3    0.005863    0.049925    0.223767    1.233080 v _1910_/X (sky130_fd_sc_hd__and3_1)
                                                         _1175_ (net)
                      0.049925    0.000035    1.233115 v _2300_/B (sky130_fd_sc_hd__or4_1)
     4    0.009417    0.125452    0.557576    1.790691 v _2300_/X (sky130_fd_sc_hd__or4_1)
                                                         _1553_ (net)
                      0.125452    0.000067    1.790758 v _2304_/A2 (sky130_fd_sc_hd__a21o_1)
     3    0.007423    0.052962    0.225167    2.015925 v _2304_/X (sky130_fd_sc_hd__a21o_1)
                                                         _1557_ (net)
                      0.052962    0.000068    2.015993 v _2308_/C (sky130_fd_sc_hd__and3_1)
     2    0.004995    0.046107    0.188463    2.204456 v _2308_/X (sky130_fd_sc_hd__and3_1)
                                                         _1561_ (net)
                      0.046107    0.000049    2.204505 v _2310_/C (sky130_fd_sc_hd__or3_1)
     3    0.007777    0.093322    0.341147    2.545652 v _2310_/X (sky130_fd_sc_hd__or3_1)
                                                         _1563_ (net)
                      0.093322    0.000081    2.545733 v _2313_/A1 (sky130_fd_sc_hd__a21o_1)
     4    0.011054    0.066621    0.206521    2.752254 v _2313_/X (sky130_fd_sc_hd__a21o_1)
                                                         _1566_ (net)
                      0.066621    0.000099    2.752352 v _2319_/B (sky130_fd_sc_hd__and3_1)
     2    0.005443    0.048041    0.181560    2.933913 v _2319_/X (sky130_fd_sc_hd__and3_1)
                                                         _1572_ (net)
                      0.048041    0.000035    2.933948 v _2321_/C (sky130_fd_sc_hd__or3_1)
     3    0.008376    0.096304    0.346130    3.280078 v _2321_/X (sky130_fd_sc_hd__or3_1)
                                                         _1574_ (net)
                      0.096304    0.000137    3.280216 v _2326_/A1 (sky130_fd_sc_hd__a21o_1)
     4    0.010669    0.065086    0.206373    3.486589 v _2326_/X (sky130_fd_sc_hd__a21o_1)
                                                         _1579_ (net)
                      0.065086    0.000097    3.486686 v _2328_/C (sky130_fd_sc_hd__and3_1)
     2    0.005331    0.047555    0.195627    3.682312 v _2328_/X (sky130_fd_sc_hd__and3_1)
                                                         _1581_ (net)
                      0.047555    0.000063    3.682375 v _2330_/C (sky130_fd_sc_hd__or3_2)
     4    0.012965    0.110336    0.461263    4.143639 v _2330_/X (sky130_fd_sc_hd__or3_2)
                                                         _1583_ (net)
                      0.110336    0.000066    4.143704 v _2334_/A1 (sky130_fd_sc_hd__a21o_1)
     5    0.015441    0.084411    0.229182    4.372887 v _2334_/X (sky130_fd_sc_hd__a21o_1)
                                                         _1587_ (net)
                      0.084411    0.000233    4.373119 v _2338_/B (sky130_fd_sc_hd__and3_1)
     2    0.006504    0.052808    0.194777    4.567896 v _2338_/X (sky130_fd_sc_hd__and3_1)
                                                         _1591_ (net)
                      0.052808    0.000064    4.567960 v _2345_/C (sky130_fd_sc_hd__or3_1)
     3    0.007843    0.093856    0.343142    4.911102 v _2345_/X (sky130_fd_sc_hd__or3_1)
                                                         _1598_ (net)
                      0.093856    0.000055    4.911158 v _2347_/A1 (sky130_fd_sc_hd__a21o_1)
     4    0.011436    0.068149    0.208103    5.119261 v _2347_/X (sky130_fd_sc_hd__a21o_1)
                                                         _1600_ (net)
                      0.068149    0.000135    5.119396 v _2350_/C (sky130_fd_sc_hd__and3_1)
     2    0.006094    0.050923    0.200733    5.320129 v _2350_/X (sky130_fd_sc_hd__and3_1)
                                                         _1603_ (net)
                      0.050923    0.000086    5.320215 v _2352_/C (sky130_fd_sc_hd__or3_1)
     3    0.009031    0.099063    0.351785    5.671999 v _2352_/X (sky130_fd_sc_hd__or3_1)
                                                         _0106_ (net)
                      0.099063    0.000150    5.672150 v _2355_/A2 (sky130_fd_sc_hd__a21o_1)
     4    0.010517    0.064472    0.228263    5.900413 v _2355_/X (sky130_fd_sc_hd__a21o_1)
                                                         _0109_ (net)
                      0.064472    0.000111    5.900523 v _2362_/B (sky130_fd_sc_hd__and3_1)
     2    0.005885    0.050000    0.182738    6.083261 v _2362_/X (sky130_fd_sc_hd__and3_1)
                                                         _0116_ (net)
                      0.050000    0.000072    6.083333 v _2364_/C (sky130_fd_sc_hd__or3_1)
     3    0.007638    0.092516    0.340926    6.424260 v _2364_/X (sky130_fd_sc_hd__or3_1)
                                                         _0118_ (net)
                      0.092516    0.000099    6.424359 v _2366_/A2 (sky130_fd_sc_hd__a21o_1)
     4    0.010210    0.063244    0.224563    6.648922 v _2366_/X (sky130_fd_sc_hd__a21o_1)
                                                         _0120_ (net)
                      0.063244    0.000083    6.649005 v _2370_/B (sky130_fd_sc_hd__and3_1)
     2    0.004964    0.045989    0.177711    6.826717 v _2370_/X (sky130_fd_sc_hd__and3_1)
                                                         _0124_ (net)
                      0.045989    0.000032    6.826748 v _2372_/C (sky130_fd_sc_hd__or3_1)
     3    0.008779    0.097725    0.348809    7.175558 v _2372_/X (sky130_fd_sc_hd__or3_1)
                                                         _0126_ (net)
                      0.097725    0.000027    7.175584 v _2378_/A1 (sky130_fd_sc_hd__a21o_1)
     4    0.009701    0.061293    0.203502    7.379086 v _2378_/X (sky130_fd_sc_hd__a21o_1)
                                                         _0132_ (net)
                      0.061293    0.000066    7.379152 v _2383_/C (sky130_fd_sc_hd__and3_1)
     2    0.006518    0.052829    0.199690    7.578843 v _2383_/X (sky130_fd_sc_hd__and3_1)
                                                         _0137_ (net)
                      0.052829    0.000069    7.578912 v _2385_/C (sky130_fd_sc_hd__or3_1)
     3    0.007522    0.091820    0.340671    7.919582 v _2385_/X (sky130_fd_sc_hd__or3_1)
                                                         _0139_ (net)
                      0.091820    0.000085    7.919668 v _2387_/A1 (sky130_fd_sc_hd__a21o_1)
     4    0.012197    0.071191    0.209999    8.129667 v _2387_/X (sky130_fd_sc_hd__a21o_1)
                                                         _0141_ (net)
                      0.071191    0.000071    8.129738 v _2390_/B (sky130_fd_sc_hd__and3_1)
     3    0.009843    0.066295    0.204000    8.333738 v _2390_/X (sky130_fd_sc_hd__and3_1)
                                                         _0144_ (net)
                      0.066295    0.000146    8.333884 v _2392_/C (sky130_fd_sc_hd__or3_1)
     3    0.006704    0.086750    0.338909    8.672793 v _2392_/X (sky130_fd_sc_hd__or3_1)
                                                         _0146_ (net)
                      0.086750    0.000059    8.672852 v _2397_/A1 (sky130_fd_sc_hd__a21o_1)
     4    0.010872    0.065878    0.203170    8.876022 v _2397_/X (sky130_fd_sc_hd__a21o_1)
                                                         _0151_ (net)
                      0.065878    0.000075    8.876097 v _2406_/B (sky130_fd_sc_hd__and3_1)
     2    0.005505    0.048315    0.181530    9.057627 v _2406_/X (sky130_fd_sc_hd__and3_1)
                                                         _0160_ (net)
                      0.048315    0.000057    9.057684 v _2408_/C (sky130_fd_sc_hd__or3_1)
     3    0.007884    0.094029    0.342477    9.400161 v _2408_/X (sky130_fd_sc_hd__or3_1)
                                                         _0162_ (net)
                      0.094029    0.000050    9.400210 v _2410_/A2 (sky130_fd_sc_hd__a21o_1)
     3    0.006764    0.049948    0.209795    9.610005 v _2410_/X (sky130_fd_sc_hd__a21o_1)
                                                         _0164_ (net)
                      0.049948    0.000071    9.610077 v _2413_/C (sky130_fd_sc_hd__and3_1)
     2    0.004835    0.045422    0.186382    9.796458 v _2413_/X (sky130_fd_sc_hd__and3_1)
                                                         _0167_ (net)
                      0.045422    0.000037    9.796495 v _2415_/C (sky130_fd_sc_hd__or3_1)
     3    0.006903    0.087880    0.334316   10.130811 v _2415_/X (sky130_fd_sc_hd__or3_1)
                                                         _0169_ (net)
                      0.087880    0.000072   10.130883 v _2420_/A1 (sky130_fd_sc_hd__a21o_1)
     4    0.012318    0.071673    0.208803   10.339685 v _2420_/X (sky130_fd_sc_hd__a21o_1)
                                                         _0174_ (net)
                      0.071673    0.000100   10.339787 v _2423_/A1 (sky130_fd_sc_hd__a21o_1)
     2    0.008584    0.057973    0.187900   10.527686 v _2423_/X (sky130_fd_sc_hd__a21o_1)
                                                         _0177_ (net)
                      0.057973    0.000119   10.527805 v _2426_/B (sky130_fd_sc_hd__xnor2_1)
     1    0.002933    0.052898    0.123469   10.651275 v _2426_/Y (sky130_fd_sc_hd__xnor2_1)
                                                         _0179_ (net)
                      0.052898    0.000023   10.651298 v _2427_/A1 (sky130_fd_sc_hd__mux2_1)
     1    0.002795    0.054990    0.289494   10.940792 v _2427_/X (sky130_fd_sc_hd__mux2_1)
                                                         _0024_ (net)
                      0.054990    0.000031   10.940823 v _3237_/D (sky130_fd_sc_hd__dfrtp_4)
                                             10.940823   data arrival time

                                 80.000000   80.000000   clock clk (rise edge)
                                  0.000000   80.000000   clock source latency
     2    0.038812    0.000000    0.000000   80.000000 ^ clk (in)
                                                         clk (net)
                      0.001588    0.000796   80.000801 ^ clkbuf_0_clk/A (sky130_fd_sc_hd__clkbuf_16)
    17    0.155918    0.168000    0.207635   80.208435 ^ clkbuf_0_clk/X (sky130_fd_sc_hd__clkbuf_16)
                                                         clknet_0_clk (net)
                      0.168201    0.004711   80.213142 ^ clkbuf_3_3__f_clk/A (sky130_fd_sc_hd__clkbuf_16)
    35    0.093857    0.110517    0.223999   80.437141 ^ clkbuf_3_3__f_clk/X (sky130_fd_sc_hd__clkbuf_16)
                                                         clknet_3_3__leaf_clk (net)
                      0.110529    0.001251   80.438393 ^ _3237_/CLK (sky130_fd_sc_hd__dfrtp_4)
                                 -0.100000   80.338394   clock uncertainty
                                  0.000000   80.338394   clock reconvergence pessimism
                                 -0.103621   80.234772   library setup time
                                             80.234772   data required time
---------------------------------------------------------------------------------------------
                                             80.234772   data required time
                                            -10.940823   data arrival time
---------------------------------------------------------------------------------------------
                                             69.293945   slack (MET)




===========================================================================
report_checks --slack_max -0.01
============================================================================
======================= min_tt_025C_1v80 Corner ===================================

No paths found.


===========================================================================
 report_check_types -max_slew -max_cap -max_fanout -violators
============================================================================
======================= min_tt_025C_1v80 Corner ===================================



===========================================================================
report_parasitic_annotation -report_unannotated
============================================================================
Found 7 unannotated drivers.
 clkload0/Y
 clkload1/Y
 clkload2/Y
 clkload3/Y
 clkload4/Y
 clkload5/Y
 clkload6/Y
Found 0 partially unannotated drivers.

===========================================================================
max slew violation count 0
max fanout violation count 0
max cap violation count 0
============================================================================

===========================================================================
check_setup -verbose -unconstrained_endpoints -multiple_clock -no_clock -no_input_delay -loops -generated_clocks
===========================================================================
Warning: There are 36 input ports missing set_input_delay.
  A_in[0]
  A_in[10]
  A_in[11]
  A_in[12]
  A_in[13]
  A_in[14]
  A_in[15]
  A_in[1]
  A_in[2]
  A_in[3]
  A_in[4]
  A_in[5]
  A_in[6]
  A_in[7]
  A_in[8]
  A_in[9]
  B_in[0]
  B_in[10]
  B_in[11]
  B_in[12]
  B_in[13]
  B_in[14]
  B_in[15]
  B_in[1]
  B_in[2]
  B_in[3]
  B_in[4]
  B_in[5]
  B_in[6]
  B_in[7]
  B_in[8]
  B_in[9]
  Op_Sel[0]
  Op_Sel[1]
  Start
  rst_n
Warning: There are 17 unconstrained endpoints.
  Done
  X_out[0]
  X_out[10]
  X_out[11]
  X_out[12]
  X_out[13]
  X_out[14]
  X_out[15]
  X_out[1]
  X_out[2]
  X_out[3]
  X_out[4]
  X_out[5]
  X_out[6]
  X_out[7]
  X_out[8]
  X_out[9]
