Clock: clk
Sources: clk 
Generated: no
Virtual: yes
Propagated: no
Period: 80.000000

===========================================================================
report_clock_properties
============================================================================
Clock                   Period          Waveform
----------------------------------------------------
clk                  80.000000    0.000000 40.000000

===========================================================================
report_clock_latency
============================================================================
Clock clk
rise -> rise
    min     max
0.000000 0.000000 source latency
0.424885         network latency _3222_/CLK
        0.443865 network latency _3256_/CLK
---------------
0.424885 0.443865 latency
        0.018979 skew

fall -> fall
    min     max
0.000000 0.000000 source latency
0.404622         network latency _3222_/CLK
        0.419426 network latency _3296_/CLK
---------------
0.404622 0.419426 latency
        0.014804 skew



===========================================================================
report_clock_min_period
============================================================================
clk period_min = 10.71 fmax = 93.41
