
===========================================================================
report_checks -unconstrained
===========================================================================
======================= nom_ss_100C_1v60 Corner ===================================

Startpoint: _3302_ (rising edge-triggered flip-flop clocked by clk)
Endpoint: _3228_ (rising edge-triggered flip-flop clocked by clk)
Path Group: clk
Path Type: max

Fanout         Cap        Slew       Delay        Time   Description
---------------------------------------------------------------------------------------------
                                  0.000000    0.000000   clock clk (rise edge)
                                  0.000000    0.000000   clock source latency
     2    0.042509    0.000000    0.000000    0.000000 ^ clk (in)
                                                         clk (net)
                      0.002275    0.001137    0.001137 ^ clkbuf_0_clk/A (sky130_fd_sc_hd__clkbuf_16)
    17    0.165729    0.268938    0.353719    0.354857 ^ clkbuf_0_clk/X (sky130_fd_sc_hd__clkbuf_16)
                                                         clknet_0_clk (net)
                      0.269261    0.007681    0.362537 ^ clkbuf_3_0__f_clk/A (sky130_fd_sc_hd__clkbuf_16)
    25    0.092492    0.165934    0.395671    0.758209 ^ clkbuf_3_0__f_clk/X (sky130_fd_sc_hd__clkbuf_16)
                                                         clknet_3_0__leaf_clk (net)
                      0.166068    0.004270    0.762478 ^ _3302_/CLK (sky130_fd_sc_hd__dfrtp_4)
     6    0.020819    0.155690    1.093200    1.855678 v _3302_/Q (sky130_fd_sc_hd__dfrtp_4)
                                                         B_reg[12] (net)
                      0.155690    0.000289    1.855967 v rebuffer15/A (sky130_fd_sc_hd__dlygate4sd1_1)
     1    0.001737    0.052626    0.501721    2.357688 v rebuffer15/X (sky130_fd_sc_hd__dlygate4sd1_1)
                                                         net68 (net)
                      0.052626    0.000034    2.357722 v rebuffer14/A (sky130_fd_sc_hd__dlygate4sd1_1)
     1    0.002425    0.057532    0.460300    2.818022 v rebuffer14/X (sky130_fd_sc_hd__dlygate4sd1_1)
                                                         net67 (net)
                      0.058082    0.000071    2.818094 v rebuffer13/A (sky130_fd_sc_hd__dlygate4sd1_1)
     1    0.001905    0.054091    0.457102    3.275195 v rebuffer13/X (sky130_fd_sc_hd__dlygate4sd1_1)
                                                         net66 (net)
                      0.054091    0.000053    3.275248 v rebuffer12/A (sky130_fd_sc_hd__dlygate4sd1_1)
     1    0.002114    0.055478    0.457606    3.732855 v rebuffer12/X (sky130_fd_sc_hd__dlygate4sd1_1)
                                                         net65 (net)
                      0.055478    0.000059    3.732913 v rebuffer11/A (sky130_fd_sc_hd__dlygate4sd1_1)
     1    0.001709    0.052578    0.453883    4.186796 v rebuffer11/X (sky130_fd_sc_hd__dlygate4sd1_1)
                                                         net64 (net)
                      0.052578    0.000033    4.186829 v rebuffer10/A (sky130_fd_sc_hd__dlygate4sd1_1)
     1    0.002496    0.058638    0.461050    4.647879 v rebuffer10/X (sky130_fd_sc_hd__dlygate4sd1_1)
                                                         net63 (net)
                      0.058638    0.000072    4.647952 v rebuffer9/A (sky130_fd_sc_hd__dlygate4sd1_1)
     1    0.004343    0.074231    0.483408    5.131360 v rebuffer9/X (sky130_fd_sc_hd__dlygate4sd1_1)
                                                         net62 (net)
                      0.074231    0.000153    5.131513 v rebuffer8/A (sky130_fd_sc_hd__dlygate4sd1_1)
     1    0.003315    0.065339    0.479143    5.610656 v rebuffer8/X (sky130_fd_sc_hd__dlygate4sd1_1)
                                                         net61 (net)
                      0.065339    0.000103    5.610760 v split4/A (sky130_fd_sc_hd__buf_1)
     4    0.023503    0.269960    0.326447    5.937207 v split4/X (sky130_fd_sc_hd__buf_1)
                                                         net57 (net)
                      0.269960    0.000830    5.938037 v _2000_/A (sky130_fd_sc_hd__or2_1)
     2    0.005271    0.120365    0.608320    6.546358 v _2000_/X (sky130_fd_sc_hd__or2_1)
                                                         _1262_ (net)
                      0.120365    0.000133    6.546491 v _2002_/B2 (sky130_fd_sc_hd__a2bb2o_1)
     3    0.008619    0.151946    0.618861    7.165351 v _2002_/X (sky130_fd_sc_hd__a2bb2o_1)
                                                         _1264_ (net)
                      0.151946    0.000209    7.165561 v _2005_/A1 (sky130_fd_sc_hd__a21o_1)
     3    0.009732    0.114414    0.375922    7.541482 v _2005_/X (sky130_fd_sc_hd__a21o_1)
                                                         _1267_ (net)
                      0.114414    0.000190    7.541672 v _2007_/B (sky130_fd_sc_hd__and3_1)
     4    0.010561    0.134644    0.421484    7.963157 v _2007_/X (sky130_fd_sc_hd__and3_1)
                                                         _1269_ (net)
                      0.134644    0.000234    7.963390 v _2011_/A1 (sky130_fd_sc_hd__o21ba_1)
     3    0.010954    0.133949    0.429090    8.392480 v _2011_/X (sky130_fd_sc_hd__o21ba_1)
                                                         _1273_ (net)
                      0.133949    0.000282    8.392761 v _2017_/B (sky130_fd_sc_hd__xnor2_1)
     3    0.009098    0.183216    0.305559    8.698320 v _2017_/Y (sky130_fd_sc_hd__xnor2_1)
                                                         _1279_ (net)
                      0.183216    0.000210    8.698531 v _2019_/B1 (sky130_fd_sc_hd__o2bb2a_1)
     2    0.005835    0.133412    0.712324    9.410854 v _2019_/X (sky130_fd_sc_hd__o2bb2a_1)
                                                         _1281_ (net)
                      0.133412    0.000149    9.411004 v _2020_/A2 (sky130_fd_sc_hd__o21a_1)
     1    0.002417    0.061613    0.327495    9.738500 v _2020_/X (sky130_fd_sc_hd__o21a_1)
                                                         _1282_ (net)
                      0.061613    0.000073    9.738572 v _2024_/B (sky130_fd_sc_hd__or3b_1)
     4    0.009594    0.208153    0.899258   10.637830 v _2024_/X (sky130_fd_sc_hd__or3b_1)
                                                         _1286_ (net)
                      0.208153    0.000211   10.638041 v _2028_/A2 (sky130_fd_sc_hd__a21bo_1)
     3    0.014877    0.153624    0.490759   11.128799 v _2028_/X (sky130_fd_sc_hd__a21bo_1)
                                                         _1290_ (net)
                      0.153624    0.000439   11.129238 v _2031_/B (sky130_fd_sc_hd__xnor2_2)
     3    0.011649    0.159868    0.317441   11.446679 v _2031_/Y (sky130_fd_sc_hd__xnor2_2)
                                                         _1293_ (net)
                      0.159868    0.000221   11.446900 v _2036_/A2 (sky130_fd_sc_hd__a22o_1)
     1    0.005781    0.096703    0.477254   11.924154 v _2036_/X (sky130_fd_sc_hd__a22o_1)
                                                         _1298_ (net)
                      0.096767    0.000194   11.924348 v _2037_/A2 (sky130_fd_sc_hd__a21oi_2)
     3    0.011975    0.279745    0.335657   12.260005 ^ _2037_/Y (sky130_fd_sc_hd__a21oi_2)
                                                         _1299_ (net)
                      0.279745    0.000274   12.260280 ^ _2039_/C1 (sky130_fd_sc_hd__a311o_1)
     3    0.010364    0.208015    0.360322   12.620602 ^ _2039_/X (sky130_fd_sc_hd__a311o_1)
                                                         _1301_ (net)
                      0.208015    0.000279   12.620881 ^ _2044_/A1 (sky130_fd_sc_hd__a21oi_2)
     3    0.010192    0.122397    0.191717   12.812597 v _2044_/Y (sky130_fd_sc_hd__a21oi_2)
                                                         _1306_ (net)
                      0.122397    0.000283   12.812881 v _2047_/C (sky130_fd_sc_hd__or3_1)
     2    0.004995    0.160347    0.771062   13.583943 v _2047_/X (sky130_fd_sc_hd__or3_1)
                                                         _1309_ (net)
                      0.160347    0.000124   13.584067 v _2050_/B1 (sky130_fd_sc_hd__a2bb2o_2)
     2    0.012795    0.126937    0.608207   14.192274 v _2050_/X (sky130_fd_sc_hd__a2bb2o_2)
                                                         _1312_ (net)
                      0.126937    0.000412   14.192686 v _2052_/A2 (sky130_fd_sc_hd__a21oi_4)
     3    0.015538    0.249377    0.328744   14.521431 ^ _2052_/Y (sky130_fd_sc_hd__a21oi_4)
                                                         _1314_ (net)
                      0.249377    0.000298   14.521729 ^ _2056_/B (sky130_fd_sc_hd__xor2_2)
     2    0.009238    0.245892    0.351334   14.873062 ^ _2056_/X (sky130_fd_sc_hd__xor2_2)
                                                         _1318_ (net)
                      0.245892    0.000304   14.873366 ^ _2060_/A2 (sky130_fd_sc_hd__a21boi_2)
     2    0.012477    0.131879    0.222399   15.095765 v _2060_/Y (sky130_fd_sc_hd__a21boi_2)
                                                         _1322_ (net)
                      0.131880    0.000570   15.096335 v _2063_/B (sky130_fd_sc_hd__or2_1)
     1    0.008689    0.148640    0.547244   15.643579 v _2063_/X (sky130_fd_sc_hd__or2_1)
                                                         _1325_ (net)
                      0.148640    0.000181   15.643761 v _2067_/B (sky130_fd_sc_hd__xnor2_2)
     1    0.006483    0.216083    0.258783   15.902544 ^ _2067_/Y (sky130_fd_sc_hd__xnor2_2)
                                                         _1329_ (net)
                      0.216083    0.000218   15.902762 ^ _2068_/A2 (sky130_fd_sc_hd__a21oi_2)
     2    0.007538    0.101930    0.184940   16.087702 v _2068_/Y (sky130_fd_sc_hd__a21oi_2)
                                                         _1330_ (net)
                      0.101930    0.000147   16.087851 v _2069_/B (sky130_fd_sc_hd__or2_1)
     1    0.003100    0.099296    0.471852   16.559702 v _2069_/X (sky130_fd_sc_hd__or2_1)
                                                         _1331_ (net)
                      0.099296    0.000068   16.559769 v _2072_/B1 (sky130_fd_sc_hd__a22o_1)
     2    0.013160    0.154535    0.431742   16.991510 v _2072_/X (sky130_fd_sc_hd__a22o_1)
                                                         _1334_ (net)
                      0.154535    0.000355   16.991867 v _2074_/A2 (sky130_fd_sc_hd__a21oi_4)
     3    0.014579    0.234684    0.333479   17.325346 ^ _2074_/Y (sky130_fd_sc_hd__a21oi_4)
                                                         _1336_ (net)
                      0.234685    0.000691   17.326036 ^ _2077_/B (sky130_fd_sc_hd__xnor2_1)
     2    0.008722    0.377514    0.324114   17.650150 ^ _2077_/Y (sky130_fd_sc_hd__xnor2_1)
                                                         _1339_ (net)
                      0.377514    0.000195   17.650345 ^ _2078_/B (sky130_fd_sc_hd__nor2_1)
     2    0.006040    0.111923    0.203874   17.854219 v _2078_/Y (sky130_fd_sc_hd__nor2_1)
                                                         _1340_ (net)
                      0.111923    0.000076   17.854296 v _2079_/B (sky130_fd_sc_hd__or2_1)
     1    0.005309    0.120392    0.504670   18.358967 v _2079_/X (sky130_fd_sc_hd__or2_1)
                                                         _1341_ (net)
                      0.120392    0.000121   18.359087 v _2082_/A1 (sky130_fd_sc_hd__a21oi_2)
     2    0.008543    0.228741    0.279851   18.638939 ^ _2082_/Y (sky130_fd_sc_hd__a21oi_2)
                                                         _1344_ (net)
                      0.228741    0.000194   18.639132 ^ _2083_/B1 (sky130_fd_sc_hd__a31o_1)
     2    0.011322    0.200236    0.323819   18.962952 ^ _2083_/X (sky130_fd_sc_hd__a31o_1)
                                                         _1345_ (net)
                      0.200236    0.000291   18.963242 ^ _2084_/B (sky130_fd_sc_hd__nor2_1)
     3    0.007815    0.097158    0.160332   19.123575 v _2084_/Y (sky130_fd_sc_hd__nor2_1)
                                                         _1346_ (net)
                      0.097158    0.000188   19.123762 v _2087_/A1 (sky130_fd_sc_hd__o21a_1)
     2    0.006238    0.095095    0.378696   19.502459 v _2087_/X (sky130_fd_sc_hd__o21a_1)
                                                         _1349_ (net)
                      0.095095    0.000144   19.502604 v _2088_/B (sky130_fd_sc_hd__or2_1)
     2    0.007040    0.134019    0.515440   20.018044 v _2088_/X (sky130_fd_sc_hd__or2_1)
                                                         _1350_ (net)
                      0.134019    0.000133   20.018177 v _2091_/B (sky130_fd_sc_hd__xnor2_1)
     1    0.010632    0.206796    0.323166   20.341341 v _2091_/Y (sky130_fd_sc_hd__xnor2_1)
                                                         _1352_ (net)
                      0.206796    0.000687   20.342030 v _2092_/A1 (sky130_fd_sc_hd__mux2_1)
     1    0.002097    0.103430    0.691164   21.033194 v _2092_/X (sky130_fd_sc_hd__mux2_1)
                                                         _0015_ (net)
                      0.103430    0.000059   21.033253 v _3228_/D (sky130_fd_sc_hd__dfrtp_4)
                                             21.033253   data arrival time

                                 20.000000   20.000000   clock clk (rise edge)
                                  0.000000   20.000000   clock source latency
     2    0.042509    0.000000    0.000000   20.000000 ^ clk (in)
                                                         clk (net)
                      0.002275    0.001137   20.001137 ^ clkbuf_0_clk/A (sky130_fd_sc_hd__clkbuf_16)
    17    0.165729    0.268938    0.353721   20.354858 ^ clkbuf_0_clk/X (sky130_fd_sc_hd__clkbuf_16)
                                                         clknet_0_clk (net)
                      0.269150    0.006256   20.361115 ^ clkbuf_3_1__f_clk/A (sky130_fd_sc_hd__clkbuf_16)
    19    0.087274    0.158685    0.390166   20.751280 ^ clkbuf_3_1__f_clk/X (sky130_fd_sc_hd__clkbuf_16)
                                                         clknet_3_1__leaf_clk (net)
                      0.158722    0.002403   20.753683 ^ _3228_/CLK (sky130_fd_sc_hd__dfrtp_4)
                                 -0.100000   20.653685   clock uncertainty
                                  0.000000   20.653685   clock reconvergence pessimism
                                 -0.265118   20.388567   library setup time
                                             20.388567   data required time
---------------------------------------------------------------------------------------------
                                             20.388567   data required time
                                            -21.033253   data arrival time
---------------------------------------------------------------------------------------------
                                             -0.644686   slack (VIOLATED)




===========================================================================
report_checks --slack_max -0.01
============================================================================
======================= nom_ss_100C_1v60 Corner ===================================

Startpoint: _3302_ (rising edge-triggered flip-flop clocked by clk)
Endpoint: _3228_ (rising edge-triggered flip-flop clocked by clk)
Path Group: clk
Path Type: max

Fanout         Cap        Slew       Delay        Time   Description
---------------------------------------------------------------------------------------------
                                  0.000000    0.000000   clock clk (rise edge)
                                  0.000000    0.000000   clock source latency
     2    0.042509    0.000000    0.000000    0.000000 ^ clk (in)
                                                         clk (net)
                      0.002275    0.001137    0.001137 ^ clkbuf_0_clk/A (sky130_fd_sc_hd__clkbuf_16)
    17    0.165729    0.268938    0.353719    0.354857 ^ clkbuf_0_clk/X (sky130_fd_sc_hd__clkbuf_16)
                                                         clknet_0_clk (net)
                      0.269261    0.007681    0.362537 ^ clkbuf_3_0__f_clk/A (sky130_fd_sc_hd__clkbuf_16)
    25    0.092492    0.165934    0.395671    0.758209 ^ clkbuf_3_0__f_clk/X (sky130_fd_sc_hd__clkbuf_16)
                                                         clknet_3_0__leaf_clk (net)
                      0.166068    0.004270    0.762478 ^ _3302_/CLK (sky130_fd_sc_hd__dfrtp_4)
     6    0.020819    0.155690    1.093200    1.855678 v _3302_/Q (sky130_fd_sc_hd__dfrtp_4)
                                                         B_reg[12] (net)
                      0.155690    0.000289    1.855967 v rebuffer15/A (sky130_fd_sc_hd__dlygate4sd1_1)
     1    0.001737    0.052626    0.501721    2.357688 v rebuffer15/X (sky130_fd_sc_hd__dlygate4sd1_1)
                                                         net68 (net)
                      0.052626    0.000034    2.357722 v rebuffer14/A (sky130_fd_sc_hd__dlygate4sd1_1)
     1    0.002425    0.057532    0.460300    2.818022 v rebuffer14/X (sky130_fd_sc_hd__dlygate4sd1_1)
                                                         net67 (net)
                      0.058082    0.000071    2.818094 v rebuffer13/A (sky130_fd_sc_hd__dlygate4sd1_1)
     1    0.001905    0.054091    0.457102    3.275195 v rebuffer13/X (sky130_fd_sc_hd__dlygate4sd1_1)
                                                         net66 (net)
                      0.054091    0.000053    3.275248 v rebuffer12/A (sky130_fd_sc_hd__dlygate4sd1_1)
     1    0.002114    0.055478    0.457606    3.732855 v rebuffer12/X (sky130_fd_sc_hd__dlygate4sd1_1)
                                                         net65 (net)
                      0.055478    0.000059    3.732913 v rebuffer11/A (sky130_fd_sc_hd__dlygate4sd1_1)
     1    0.001709    0.052578    0.453883    4.186796 v rebuffer11/X (sky130_fd_sc_hd__dlygate4sd1_1)
                                                         net64 (net)
                      0.052578    0.000033    4.186829 v rebuffer10/A (sky130_fd_sc_hd__dlygate4sd1_1)
     1    0.002496    0.058638    0.461050    4.647879 v rebuffer10/X (sky130_fd_sc_hd__dlygate4sd1_1)
                                                         net63 (net)
                      0.058638    0.000072    4.647952 v rebuffer9/A (sky130_fd_sc_hd__dlygate4sd1_1)
     1    0.004343    0.074231    0.483408    5.131360 v rebuffer9/X (sky130_fd_sc_hd__dlygate4sd1_1)
                                                         net62 (net)
                      0.074231    0.000153    5.131513 v rebuffer8/A (sky130_fd_sc_hd__dlygate4sd1_1)
     1    0.003315    0.065339    0.479143    5.610656 v rebuffer8/X (sky130_fd_sc_hd__dlygate4sd1_1)
                                                         net61 (net)
                      0.065339    0.000103    5.610760 v split4/A (sky130_fd_sc_hd__buf_1)
     4    0.023503    0.269960    0.326447    5.937207 v split4/X (sky130_fd_sc_hd__buf_1)
                                                         net57 (net)
                      0.269960    0.000830    5.938037 v _2000_/A (sky130_fd_sc_hd__or2_1)
     2    0.005271    0.120365    0.608320    6.546358 v _2000_/X (sky130_fd_sc_hd__or2_1)
                                                         _1262_ (net)
                      0.120365    0.000133    6.546491 v _2002_/B2 (sky130_fd_sc_hd__a2bb2o_1)
     3    0.008619    0.151946    0.618861    7.165351 v _2002_/X (sky130_fd_sc_hd__a2bb2o_1)
                                                         _1264_ (net)
                      0.151946    0.000209    7.165561 v _2005_/A1 (sky130_fd_sc_hd__a21o_1)
     3    0.009732    0.114414    0.375922    7.541482 v _2005_/X (sky130_fd_sc_hd__a21o_1)
                                                         _1267_ (net)
                      0.114414    0.000190    7.541672 v _2007_/B (sky130_fd_sc_hd__and3_1)
     4    0.010561    0.134644    0.421484    7.963157 v _2007_/X (sky130_fd_sc_hd__and3_1)
                                                         _1269_ (net)
                      0.134644    0.000234    7.963390 v _2011_/A1 (sky130_fd_sc_hd__o21ba_1)
     3    0.010954    0.133949    0.429090    8.392480 v _2011_/X (sky130_fd_sc_hd__o21ba_1)
                                                         _1273_ (net)
                      0.133949    0.000282    8.392761 v _2017_/B (sky130_fd_sc_hd__xnor2_1)
     3    0.009098    0.183216    0.305559    8.698320 v _2017_/Y (sky130_fd_sc_hd__xnor2_1)
                                                         _1279_ (net)
                      0.183216    0.000210    8.698531 v _2019_/B1 (sky130_fd_sc_hd__o2bb2a_1)
     2    0.005835    0.133412    0.712324    9.410854 v _2019_/X (sky130_fd_sc_hd__o2bb2a_1)
                                                         _1281_ (net)
                      0.133412    0.000149    9.411004 v _2020_/A2 (sky130_fd_sc_hd__o21a_1)
     1    0.002417    0.061613    0.327495    9.738500 v _2020_/X (sky130_fd_sc_hd__o21a_1)
                                                         _1282_ (net)
                      0.061613    0.000073    9.738572 v _2024_/B (sky130_fd_sc_hd__or3b_1)
     4    0.009594    0.208153    0.899258   10.637830 v _2024_/X (sky130_fd_sc_hd__or3b_1)
                                                         _1286_ (net)
                      0.208153    0.000211   10.638041 v _2028_/A2 (sky130_fd_sc_hd__a21bo_1)
     3    0.014877    0.153624    0.490759   11.128799 v _2028_/X (sky130_fd_sc_hd__a21bo_1)
                                                         _1290_ (net)
                      0.153624    0.000439   11.129238 v _2031_/B (sky130_fd_sc_hd__xnor2_2)
     3    0.011649    0.159868    0.317441   11.446679 v _2031_/Y (sky130_fd_sc_hd__xnor2_2)
                                                         _1293_ (net)
                      0.159868    0.000221   11.446900 v _2036_/A2 (sky130_fd_sc_hd__a22o_1)
     1    0.005781    0.096703    0.477254   11.924154 v _2036_/X (sky130_fd_sc_hd__a22o_1)
                                                         _1298_ (net)
                      0.096767    0.000194   11.924348 v _2037_/A2 (sky130_fd_sc_hd__a21oi_2)
     3    0.011975    0.279745    0.335657   12.260005 ^ _2037_/Y (sky130_fd_sc_hd__a21oi_2)
                                                         _1299_ (net)
                      0.279745    0.000274   12.260280 ^ _2039_/C1 (sky130_fd_sc_hd__a311o_1)
     3    0.010364    0.208015    0.360322   12.620602 ^ _2039_/X (sky130_fd_sc_hd__a311o_1)
                                                         _1301_ (net)
                      0.208015    0.000279   12.620881 ^ _2044_/A1 (sky130_fd_sc_hd__a21oi_2)
     3    0.010192    0.122397    0.191717   12.812597 v _2044_/Y (sky130_fd_sc_hd__a21oi_2)
                                                         _1306_ (net)
                      0.122397    0.000283   12.812881 v _2047_/C (sky130_fd_sc_hd__or3_1)
     2    0.004995    0.160347    0.771062   13.583943 v _2047_/X (sky130_fd_sc_hd__or3_1)
                                                         _1309_ (net)
                      0.160347    0.000124   13.584067 v _2050_/B1 (sky130_fd_sc_hd__a2bb2o_2)
     2    0.012795    0.126937    0.608207   14.192274 v _2050_/X (sky130_fd_sc_hd__a2bb2o_2)
                                                         _1312_ (net)
                      0.126937    0.000412   14.192686 v _2052_/A2 (sky130_fd_sc_hd__a21oi_4)
     3    0.015538    0.249377    0.328744   14.521431 ^ _2052_/Y (sky130_fd_sc_hd__a21oi_4)
                                                         _1314_ (net)
                      0.249377    0.000298   14.521729 ^ _2056_/B (sky130_fd_sc_hd__xor2_2)
     2    0.009238    0.245892    0.351334   14.873062 ^ _2056_/X (sky130_fd_sc_hd__xor2_2)
                                                         _1318_ (net)
                      0.245892    0.000304   14.873366 ^ _2060_/A2 (sky130_fd_sc_hd__a21boi_2)
     2    0.012477    0.131879    0.222399   15.095765 v _2060_/Y (sky130_fd_sc_hd__a21boi_2)
                                                         _1322_ (net)
                      0.131880    0.000570   15.096335 v _2063_/B (sky130_fd_sc_hd__or2_1)
     1    0.008689    0.148640    0.547244   15.643579 v _2063_/X (sky130_fd_sc_hd__or2_1)
                                                         _1325_ (net)
                      0.148640    0.000181   15.643761 v _2067_/B (sky130_fd_sc_hd__xnor2_2)
     1    0.006483    0.216083    0.258783   15.902544 ^ _2067_/Y (sky130_fd_sc_hd__xnor2_2)
                                                         _1329_ (net)
                      0.216083    0.000218   15.902762 ^ _2068_/A2 (sky130_fd_sc_hd__a21oi_2)
     2    0.007538    0.101930    0.184940   16.087702 v _2068_/Y (sky130_fd_sc_hd__a21oi_2)
                                                         _1330_ (net)
                      0.101930    0.000147   16.087851 v _2069_/B (sky130_fd_sc_hd__or2_1)
     1    0.003100    0.099296    0.471852   16.559702 v _2069_/X (sky130_fd_sc_hd__or2_1)
                                                         _1331_ (net)
                      0.099296    0.000068   16.559769 v _2072_/B1 (sky130_fd_sc_hd__a22o_1)
     2    0.013160    0.154535    0.431742   16.991510 v _2072_/X (sky130_fd_sc_hd__a22o_1)
                                                         _1334_ (net)
                      0.154535    0.000355   16.991867 v _2074_/A2 (sky130_fd_sc_hd__a21oi_4)
     3    0.014579    0.234684    0.333479   17.325346 ^ _2074_/Y (sky130_fd_sc_hd__a21oi_4)
                                                         _1336_ (net)
                      0.234685    0.000691   17.326036 ^ _2077_/B (sky130_fd_sc_hd__xnor2_1)
     2    0.008722    0.377514    0.324114   17.650150 ^ _2077_/Y (sky130_fd_sc_hd__xnor2_1)
                                                         _1339_ (net)
                      0.377514    0.000195   17.650345 ^ _2078_/B (sky130_fd_sc_hd__nor2_1)
     2    0.006040    0.111923    0.203874   17.854219 v _2078_/Y (sky130_fd_sc_hd__nor2_1)
                                                         _1340_ (net)
                      0.111923    0.000076   17.854296 v _2079_/B (sky130_fd_sc_hd__or2_1)
     1    0.005309    0.120392    0.504670   18.358967 v _2079_/X (sky130_fd_sc_hd__or2_1)
                                                         _1341_ (net)
                      0.120392    0.000121   18.359087 v _2082_/A1 (sky130_fd_sc_hd__a21oi_2)
     2    0.008543    0.228741    0.279851   18.638939 ^ _2082_/Y (sky130_fd_sc_hd__a21oi_2)
                                                         _1344_ (net)
                      0.228741    0.000194   18.639132 ^ _2083_/B1 (sky130_fd_sc_hd__a31o_1)
     2    0.011322    0.200236    0.323819   18.962952 ^ _2083_/X (sky130_fd_sc_hd__a31o_1)
                                                         _1345_ (net)
                      0.200236    0.000291   18.963242 ^ _2084_/B (sky130_fd_sc_hd__nor2_1)
     3    0.007815    0.097158    0.160332   19.123575 v _2084_/Y (sky130_fd_sc_hd__nor2_1)
                                                         _1346_ (net)
                      0.097158    0.000188   19.123762 v _2087_/A1 (sky130_fd_sc_hd__o21a_1)
     2    0.006238    0.095095    0.378696   19.502459 v _2087_/X (sky130_fd_sc_hd__o21a_1)
                                                         _1349_ (net)
                      0.095095    0.000144   19.502604 v _2088_/B (sky130_fd_sc_hd__or2_1)
     2    0.007040    0.134019    0.515440   20.018044 v _2088_/X (sky130_fd_sc_hd__or2_1)
                                                         _1350_ (net)
                      0.134019    0.000133   20.018177 v _2091_/B (sky130_fd_sc_hd__xnor2_1)
     1    0.010632    0.206796    0.323166   20.341341 v _2091_/Y (sky130_fd_sc_hd__xnor2_1)
                                                         _1352_ (net)
                      0.206796    0.000687   20.342030 v _2092_/A1 (sky130_fd_sc_hd__mux2_1)
     1    0.002097    0.103430    0.691164   21.033194 v _2092_/X (sky130_fd_sc_hd__mux2_1)
                                                         _0015_ (net)
                      0.103430    0.000059   21.033253 v _3228_/D (sky130_fd_sc_hd__dfrtp_4)
                                             21.033253   data arrival time

                                 20.000000   20.000000   clock clk (rise edge)
                                  0.000000   20.000000   clock source latency
     2    0.042509    0.000000    0.000000   20.000000 ^ clk (in)
                                                         clk (net)
                      0.002275    0.001137   20.001137 ^ clkbuf_0_clk/A (sky130_fd_sc_hd__clkbuf_16)
    17    0.165729    0.268938    0.353721   20.354858 ^ clkbuf_0_clk/X (sky130_fd_sc_hd__clkbuf_16)
                                                         clknet_0_clk (net)
                      0.269150    0.006256   20.361115 ^ clkbuf_3_1__f_clk/A (sky130_fd_sc_hd__clkbuf_16)
    19    0.087274    0.158685    0.390166   20.751280 ^ clkbuf_3_1__f_clk/X (sky130_fd_sc_hd__clkbuf_16)
                                                         clknet_3_1__leaf_clk (net)
                      0.158722    0.002403   20.753683 ^ _3228_/CLK (sky130_fd_sc_hd__dfrtp_4)
                                 -0.100000   20.653685   clock uncertainty
                                  0.000000   20.653685   clock reconvergence pessimism
                                 -0.265118   20.388567   library setup time
                                             20.388567   data required time
---------------------------------------------------------------------------------------------
                                             20.388567   data required time
                                            -21.033253   data arrival time
---------------------------------------------------------------------------------------------
                                             -0.644686   slack (VIOLATED)




===========================================================================
 report_check_types -max_slew -max_cap -max_fanout -violators
============================================================================
======================= nom_ss_100C_1v60 Corner ===================================



===========================================================================
report_parasitic_annotation -report_unannotated
============================================================================
Found 7 unannotated drivers.
 clkload0/Y
 clkload1/Y
 clkload2/Y
 clkload3/Y
 clkload4/Y
 clkload5/Y
 clkload6/Y
Found 0 partially unannotated drivers.

===========================================================================
max slew violation count 0
max fanout violation count 0
max cap violation count 0
============================================================================

===========================================================================
check_setup -verbose -unconstrained_endpoints -multiple_clock -no_clock -no_input_delay -loops -generated_clocks
===========================================================================
Warning: There are 36 input ports missing set_input_delay.
  A_in[0]
  A_in[10]
  A_in[11]
  A_in[12]
  A_in[13]
  A_in[14]
  A_in[15]
  A_in[1]
  A_in[2]
  A_in[3]
  A_in[4]
  A_in[5]
  A_in[6]
  A_in[7]
  A_in[8]
  A_in[9]
  B_in[0]
  B_in[10]
  B_in[11]
  B_in[12]
  B_in[13]
  B_in[14]
  B_in[15]
  B_in[1]
  B_in[2]
  B_in[3]
  B_in[4]
  B_in[5]
  B_in[6]
  B_in[7]
  B_in[8]
  B_in[9]
  Op_Sel[0]
  Op_Sel[1]
  Start
  rst_n
Warning: There are 17 unconstrained endpoints.
  Done
  X_out[0]
  X_out[10]
  X_out[11]
  X_out[12]
  X_out[13]
  X_out[14]
  X_out[15]
  X_out[1]
  X_out[2]
  X_out[3]
  X_out[4]
  X_out[5]
  X_out[6]
  X_out[7]
  X_out[8]
  X_out[9]
