Clock: clk
Sources: clk 
Generated: no
Virtual: yes
Propagated: no
Period: 20.000000

===========================================================================
report_clock_properties
============================================================================
Clock                   Period          Waveform
----------------------------------------------------
clk                  20.000000    0.000000 10.000000

===========================================================================
report_clock_latency
============================================================================
Clock clk
rise -> rise
    min     max
0.000000 0.000000 source latency
0.743770         network latency _3222_/CLK
        0.775398 network latency _3295_/CLK
---------------
0.743770 0.775398 latency
        0.031629 skew

fall -> fall
    min     max
0.000000 0.000000 source latency
0.715374         network latency _3222_/CLK
        0.740346 network latency _3295_/CLK
---------------
0.715374 0.740346 latency
        0.024972 skew



===========================================================================
report_clock_min_period
============================================================================
clk period_min = 20.64 fmax = 48.44
