
===========================================================================
report_checks -unconstrained
===========================================================================
======================= nom_ff_n40C_1v95 Corner ===================================

Startpoint: _3302_ (rising edge-triggered flip-flop clocked by clk)
Endpoint: _3237_ (rising edge-triggered flip-flop clocked by clk)
Path Group: clk
Path Type: max

Fanout         Cap        Slew       Delay        Time   Description
---------------------------------------------------------------------------------------------
                                  0.000000    0.000000   clock clk (rise edge)
                                  0.000000    0.000000   clock source latency
     2    0.041559    0.000000    0.000000    0.000000 ^ clk (in)
                                                         clk (net)
                      0.002180    0.001090    0.001090 ^ clkbuf_0_clk/A (sky130_fd_sc_hd__clkbuf_16)
    17    0.162706    0.135182    0.151813    0.152903 ^ clkbuf_0_clk/X (sky130_fd_sc_hd__clkbuf_16)
                                                         clknet_0_clk (net)
                      0.135844    0.007592    0.160494 ^ clkbuf_3_0__f_clk/A (sky130_fd_sc_hd__clkbuf_16)
    25    0.094098    0.085309    0.152545    0.313039 ^ clkbuf_3_0__f_clk/X (sky130_fd_sc_hd__clkbuf_16)
                                                         clknet_3_0__leaf_clk (net)
                      0.085555    0.003271    0.316310 ^ _3302_/CLK (sky130_fd_sc_hd__dfrtp_4)
     6    0.024402    0.062095    0.332269    0.648579 v _3302_/Q (sky130_fd_sc_hd__dfrtp_4)
                                                         B_reg[12] (net)
                      0.062095    0.001347    0.649926 v _1910_/C (sky130_fd_sc_hd__and3_1)
     3    0.007219    0.040267    0.138194    0.788120 v _1910_/X (sky130_fd_sc_hd__and3_1)
                                                         _1175_ (net)
                      0.040267    0.000178    0.788298 v _2300_/A (sky130_fd_sc_hd__or4_4)
     4    0.009787    0.064839    0.329392    1.117690 v _2300_/X (sky130_fd_sc_hd__or4_4)
                                                         _1553_ (net)
                      0.064839    0.000205    1.117895 v _2304_/A1 (sky130_fd_sc_hd__a21o_1)
     3    0.007664    0.038296    0.123030    1.240924 v _2304_/X (sky130_fd_sc_hd__a21o_1)
                                                         _1557_ (net)
                      0.038296    0.000184    1.241108 v _2307_/A2 (sky130_fd_sc_hd__a21oi_1)
     3    0.010943    0.186832    0.178607    1.419716 ^ _2307_/Y (sky130_fd_sc_hd__a21oi_1)
                                                         _1560_ (net)
                      0.186832    0.000172    1.419887 ^ _2311_/B (sky130_fd_sc_hd__xor2_1)
     3    0.010780    0.182932    0.168629    1.588516 ^ _2311_/X (sky130_fd_sc_hd__xor2_1)
                                                         _1564_ (net)
                      0.182933    0.000387    1.588903 ^ _2313_/A2 (sky130_fd_sc_hd__a21o_1)
     4    0.011044    0.077836    0.121472    1.710375 ^ _2313_/X (sky130_fd_sc_hd__a21o_1)
                                                         _1566_ (net)
                      0.077836    0.000235    1.710610 ^ _2318_/A1 (sky130_fd_sc_hd__a21oi_1)
     3    0.013049    0.070785    0.075745    1.786355 v _2318_/Y (sky130_fd_sc_hd__a21oi_1)
                                                         _1571_ (net)
                      0.070787    0.000282    1.786637 v _2321_/B (sky130_fd_sc_hd__or3_4)
     3    0.009057    0.050943    0.238087    2.024725 v _2321_/X (sky130_fd_sc_hd__or3_4)
                                                         _1574_ (net)
                      0.050943    0.000284    2.025009 v _2326_/A1 (sky130_fd_sc_hd__a21o_1)
     4    0.010870    0.046726    0.127573    2.152582 v _2326_/X (sky130_fd_sc_hd__a21o_1)
                                                         _1579_ (net)
                      0.046727    0.000294    2.152876 v _2328_/B (sky130_fd_sc_hd__and3_1)
     2    0.006415    0.037858    0.118988    2.271864 v _2328_/X (sky130_fd_sc_hd__and3_1)
                                                         _1581_ (net)
                      0.037859    0.000203    2.272067 v _2330_/A (sky130_fd_sc_hd__or3_4)
     3    0.007656    0.049415    0.236321    2.508388 v _2330_/X (sky130_fd_sc_hd__or3_4)
                                                         _1583_ (net)
                      0.049415    0.000137    2.508525 v _2334_/A1 (sky130_fd_sc_hd__a21o_1)
     3    0.010311    0.045745    0.125270    2.633796 v _2334_/X (sky130_fd_sc_hd__a21o_1)
                                                         _1587_ (net)
                      0.045746    0.000244    2.634039 v _2338_/A (sky130_fd_sc_hd__and3_1)
     2    0.005685    0.035713    0.102533    2.736573 v _2338_/X (sky130_fd_sc_hd__and3_1)
                                                         _1591_ (net)
                      0.035714    0.000163    2.736736 v _2345_/C (sky130_fd_sc_hd__or3_4)
     3    0.008672    0.050525    0.201374    2.938110 v _2345_/X (sky130_fd_sc_hd__or3_4)
                                                         _1598_ (net)
                      0.050525    0.000158    2.938268 v _2347_/A1 (sky130_fd_sc_hd__a21o_1)
     4    0.010370    0.045800    0.125901    3.064169 v _2347_/X (sky130_fd_sc_hd__a21o_1)
                                                         _1600_ (net)
                      0.045801    0.000276    3.064445 v _2350_/C (sky130_fd_sc_hd__and3_1)
     2    0.006890    0.039281    0.130540    3.194985 v _2350_/X (sky130_fd_sc_hd__and3_1)
                                                         _1603_ (net)
                      0.039282    0.000228    3.195212 v _2352_/C (sky130_fd_sc_hd__or3_4)
     2    0.007225    0.048936    0.199706    3.394918 v _2352_/X (sky130_fd_sc_hd__or3_4)
                                                         _0106_ (net)
                      0.048937    0.000198    3.395116 v _2355_/A1 (sky130_fd_sc_hd__a21o_1)
     4    0.012056    0.049975    0.129617    3.524733 v _2355_/X (sky130_fd_sc_hd__a21o_1)
                                                         _0109_ (net)
                      0.049978    0.000426    3.525159 v _2360_/A1 (sky130_fd_sc_hd__a21oi_2)
     3    0.012765    0.130723    0.138684    3.663843 ^ _2360_/Y (sky130_fd_sc_hd__a21oi_2)
                                                         _0114_ (net)
                      0.130723    0.000480    3.664323 ^ _2361_/B (sky130_fd_sc_hd__xnor2_1)
     3    0.015897    0.265996    0.151810    3.816133 ^ _2361_/Y (sky130_fd_sc_hd__xnor2_1)
                                                         _0115_ (net)
                      0.265997    0.000359    3.816492 ^ _2366_/A2 (sky130_fd_sc_hd__a21o_1)
     3    0.008405    0.062392    0.113516    3.930008 ^ _2366_/X (sky130_fd_sc_hd__a21o_1)
                                                         _0120_ (net)
                      0.062392    0.000188    3.930197 ^ rebuffer11/A (sky130_fd_sc_hd__clkbuf_2)
     2    0.012810    0.058864    0.095828    4.026025 ^ rebuffer11/X (sky130_fd_sc_hd__clkbuf_2)
                                                         net64 (net)
                      0.058866    0.000395    4.026420 ^ _2369_/A1 (sky130_fd_sc_hd__a21oi_4)
     3    0.015785    0.037781    0.042537    4.068957 v _2369_/Y (sky130_fd_sc_hd__a21oi_4)
                                                         _0123_ (net)
                      0.037782    0.000374    4.069331 v _2372_/B (sky130_fd_sc_hd__or3_4)
     3    0.009132    0.050997    0.226936    4.296267 v _2372_/X (sky130_fd_sc_hd__or3_4)
                                                         _0126_ (net)
                      0.050997    0.000209    4.296476 v _2378_/A1 (sky130_fd_sc_hd__a21o_1)
     4    0.010304    0.045673    0.125916    4.422392 v _2378_/X (sky130_fd_sc_hd__a21o_1)
                                                         _0132_ (net)
                      0.045673    0.000167    4.422559 v _2383_/A (sky130_fd_sc_hd__and3_1)
     2    0.007431    0.040941    0.108097    4.530656 v _2383_/X (sky130_fd_sc_hd__and3_1)
                                                         _0137_ (net)
                      0.040941    0.000220    4.530876 v _2385_/C (sky130_fd_sc_hd__or3_4)
     3    0.008492    0.050319    0.202518    4.733394 v _2385_/X (sky130_fd_sc_hd__or3_4)
                                                         _0139_ (net)
                      0.050319    0.000187    4.733581 v _2387_/A1 (sky130_fd_sc_hd__a21o_1)
     4    0.012814    0.052054    0.132085    4.865665 v _2387_/X (sky130_fd_sc_hd__a21o_1)
                                                         _0141_ (net)
                      0.052054    0.000221    4.865887 v _2390_/A (sky130_fd_sc_hd__and3_1)
     3    0.010772    0.049931    0.120842    4.986728 v _2390_/X (sky130_fd_sc_hd__and3_1)
                                                         _0144_ (net)
                      0.049931    0.000226    4.986955 v _2392_/C (sky130_fd_sc_hd__or3_4)
     3    0.007286    0.049003    0.202840    5.189795 v _2392_/X (sky130_fd_sc_hd__or3_4)
                                                         _0146_ (net)
                      0.049003    0.000147    5.189941 v _2397_/A1 (sky130_fd_sc_hd__a21o_1)
     4    0.011276    0.047803    0.127836    5.317777 v _2397_/X (sky130_fd_sc_hd__a21o_1)
                                                         _0151_ (net)
                      0.047803    0.000154    5.317931 v _2406_/A (sky130_fd_sc_hd__and3_1)
     2    0.006158    0.037094    0.104835    5.422766 v _2406_/X (sky130_fd_sc_hd__and3_1)
                                                         _0160_ (net)
                      0.037094    0.000101    5.422867 v _2408_/C (sky130_fd_sc_hd__or3_4)
     3    0.008610    0.050453    0.201638    5.624505 v _2408_/X (sky130_fd_sc_hd__or3_4)
                                                         _0162_ (net)
                      0.050453    0.000195    5.624700 v _2410_/A1 (sky130_fd_sc_hd__a21o_1)
     3    0.007660    0.038314    0.117640    5.742340 v _2410_/X (sky130_fd_sc_hd__a21o_1)
                                                         _0164_ (net)
                      0.038314    0.000207    5.742547 v _2412_/A2 (sky130_fd_sc_hd__a21oi_1)
     3    0.011919    0.200404    0.188451    5.930998 ^ _2412_/Y (sky130_fd_sc_hd__a21oi_1)
                                                         _0166_ (net)
                      0.200404    0.000282    5.931281 ^ _2416_/B (sky130_fd_sc_hd__xnor2_1)
     3    0.010671    0.076348    0.085755    6.017036 v _2416_/Y (sky130_fd_sc_hd__xnor2_1)
                                                         _0170_ (net)
                      0.076349    0.000266    6.017302 v _2420_/A2 (sky130_fd_sc_hd__a21o_1)
     4    0.012047    0.049943    0.155247    6.172549 v _2420_/X (sky130_fd_sc_hd__a21o_1)
                                                         _0174_ (net)
                      0.049943    0.000254    6.172803 v _2423_/A1 (sky130_fd_sc_hd__a21o_1)
     2    0.008612    0.041302    0.120301    6.293105 v _2423_/X (sky130_fd_sc_hd__a21o_1)
                                                         _0177_ (net)
                      0.041303    0.000268    6.293372 v _2426_/B (sky130_fd_sc_hd__xnor2_1)
     1    0.003390    0.039650    0.081440    6.374813 v _2426_/Y (sky130_fd_sc_hd__xnor2_1)
                                                         _0179_ (net)
                      0.039650    0.000080    6.374893 v _2427_/A1 (sky130_fd_sc_hd__mux2_4)
     1    0.003146    0.035865    0.144488    6.519381 v _2427_/X (sky130_fd_sc_hd__mux2_4)
                                                         _0024_ (net)
                      0.035865    0.000097    6.519477 v _3237_/D (sky130_fd_sc_hd__dfrtp_4)
                                              6.519477   data arrival time

                                 12.000000   12.000000   clock clk (rise edge)
                                  0.000000   12.000000   clock source latency
     2    0.041559    0.000000    0.000000   12.000000 ^ clk (in)
                                                         clk (net)
                      0.002180    0.001090   12.001089 ^ clkbuf_0_clk/A (sky130_fd_sc_hd__clkbuf_16)
    17    0.162706    0.135182    0.151813   12.152903 ^ clkbuf_0_clk/X (sky130_fd_sc_hd__clkbuf_16)
                                                         clknet_0_clk (net)
                      0.135763    0.007126   12.160028 ^ clkbuf_3_3__f_clk/A (sky130_fd_sc_hd__clkbuf_16)
    35    0.100376    0.090003    0.155698   12.315725 ^ clkbuf_3_3__f_clk/X (sky130_fd_sc_hd__clkbuf_16)
                                                         clknet_3_3__leaf_clk (net)
                      0.090108    0.002492   12.318218 ^ _3237_/CLK (sky130_fd_sc_hd__dfrtp_4)
                                 -0.100000   12.218218   clock uncertainty
                                  0.000000   12.218218   clock reconvergence pessimism
                                 -0.068419   12.149798   library setup time
                                             12.149798   data required time
---------------------------------------------------------------------------------------------
                                             12.149798   data required time
                                             -6.519477   data arrival time
---------------------------------------------------------------------------------------------
                                              5.630321   slack (MET)




===========================================================================
report_checks --slack_max -0.01
============================================================================
======================= nom_ff_n40C_1v95 Corner ===================================

No paths found.


===========================================================================
 report_check_types -max_slew -max_cap -max_fanout -violators
============================================================================
======================= nom_ff_n40C_1v95 Corner ===================================



===========================================================================
report_parasitic_annotation -report_unannotated
============================================================================
Found 7 unannotated drivers.
 clkload0/Y
 clkload1/Y
 clkload2/Y
 clkload3/Y
 clkload4/Y
 clkload5/Y
 clkload6/Y
Found 0 partially unannotated drivers.

===========================================================================
max slew violation count 0
max fanout violation count 0
max cap violation count 0
============================================================================

===========================================================================
check_setup -verbose -unconstrained_endpoints -multiple_clock -no_clock -no_input_delay -loops -generated_clocks
===========================================================================
Warning: There are 36 input ports missing set_input_delay.
  A_in[0]
  A_in[10]
  A_in[11]
  A_in[12]
  A_in[13]
  A_in[14]
  A_in[15]
  A_in[1]
  A_in[2]
  A_in[3]
  A_in[4]
  A_in[5]
  A_in[6]
  A_in[7]
  A_in[8]
  A_in[9]
  B_in[0]
  B_in[10]
  B_in[11]
  B_in[12]
  B_in[13]
  B_in[14]
  B_in[15]
  B_in[1]
  B_in[2]
  B_in[3]
  B_in[4]
  B_in[5]
  B_in[6]
  B_in[7]
  B_in[8]
  B_in[9]
  Op_Sel[0]
  Op_Sel[1]
  Start
  rst_n
Warning: There are 17 unconstrained endpoints.
  Done
  X_out[0]
  X_out[10]
  X_out[11]
  X_out[12]
  X_out[13]
  X_out[14]
  X_out[15]
  X_out[1]
  X_out[2]
  X_out[3]
  X_out[4]
  X_out[5]
  X_out[6]
  X_out[7]
  X_out[8]
  X_out[9]
