
===========================================================================
report_checks -unconstrained
===========================================================================
======================= nom_ss_100C_1v60 Corner ===================================

Startpoint: _3302_ (rising edge-triggered flip-flop clocked by clk)
Endpoint: _3238_ (rising edge-triggered flip-flop clocked by clk)
Path Group: clk
Path Type: max

Fanout         Cap        Slew       Delay        Time   Description
---------------------------------------------------------------------------------------------
                                  0.000000    0.000000   clock clk (rise edge)
                                  0.000000    0.000000   clock source latency
     2    0.041973    0.000000    0.000000    0.000000 ^ clk (in)
                                                         clk (net)
                      0.002246    0.001123    0.001123 ^ clkbuf_0_clk/A (sky130_fd_sc_hd__clkbuf_16)
    17    0.165235    0.268245    0.353066    0.354189 ^ clkbuf_0_clk/X (sky130_fd_sc_hd__clkbuf_16)
                                                         clknet_0_clk (net)
                      0.268572    0.007727    0.361916 ^ clkbuf_3_0__f_clk/A (sky130_fd_sc_hd__clkbuf_16)
    25    0.091804    0.164971    0.394817    0.756733 ^ clkbuf_3_0__f_clk/X (sky130_fd_sc_hd__clkbuf_16)
                                                         clknet_3_0__leaf_clk (net)
                      0.165073    0.003755    0.760488 ^ _3302_/CLK (sky130_fd_sc_hd__dfrtp_4)
    15    0.049097    0.216601    1.174709    1.935197 v _3302_/Q (sky130_fd_sc_hd__dfrtp_4)
                                                         B_reg[12] (net)
                      0.216622    0.002300    1.937497 v _1910_/C (sky130_fd_sc_hd__and3_1)
     3    0.005842    0.095709    0.461183    2.398680 v _1910_/X (sky130_fd_sc_hd__and3_1)
                                                         _1175_ (net)
                      0.095709    0.000091    2.398772 v _2300_/B (sky130_fd_sc_hd__or4_1)
     4    0.009737    0.260225    1.305581    3.704353 v _2300_/X (sky130_fd_sc_hd__or4_1)
                                                         _1553_ (net)
                      0.260225    0.000209    3.704562 v _2304_/A2 (sky130_fd_sc_hd__a21o_1)
     3    0.007535    0.097002    0.432833    4.137395 v _2304_/X (sky130_fd_sc_hd__a21o_1)
                                                         _1557_ (net)
                      0.097002    0.000167    4.137561 v _2308_/C (sky130_fd_sc_hd__and3_1)
     2    0.005326    0.091751    0.397366    4.534928 v _2308_/X (sky130_fd_sc_hd__and3_1)
                                                         _1561_ (net)
                      0.091751    0.000133    4.535061 v _2310_/C (sky130_fd_sc_hd__or3_1)
     3    0.006708    0.175805    0.783539    5.318600 v _2310_/X (sky130_fd_sc_hd__or3_1)
                                                         _1563_ (net)
                      0.175805    0.000165    5.318765 v _2313_/A1 (sky130_fd_sc_hd__a21o_1)
     4    0.010264    0.118669    0.390311    5.709075 v _2313_/X (sky130_fd_sc_hd__a21o_1)
                                                         _1566_ (net)
                      0.118669    0.000214    5.709290 v _2319_/B (sky130_fd_sc_hd__and3_1)
     2    0.005700    0.094599    0.382710    6.092000 v _2319_/X (sky130_fd_sc_hd__and3_1)
                                                         _1572_ (net)
                      0.094599    0.000109    6.092109 v _2321_/C (sky130_fd_sc_hd__or3_1)
     3    0.008719    0.196401    0.811731    6.903841 v _2321_/X (sky130_fd_sc_hd__or3_1)
                                                         _1574_ (net)
                      0.196401    0.000270    6.904110 v _2326_/A1 (sky130_fd_sc_hd__a21o_1)
     4    0.011287    0.127113    0.406927    7.311037 v _2326_/X (sky130_fd_sc_hd__a21o_1)
                                                         _1579_ (net)
                      0.127113    0.000336    7.311373 v _2328_/C (sky130_fd_sc_hd__and3_1)
     2    0.004626    0.086686    0.406397    7.717770 v _2328_/X (sky130_fd_sc_hd__and3_1)
                                                         _1581_ (net)
                      0.086686    0.000114    7.717884 v _2330_/C (sky130_fd_sc_hd__or3_2)
     4    0.014224    0.232099    1.096135    8.814018 v _2330_/X (sky130_fd_sc_hd__or3_2)
                                                         _1583_ (net)
                      0.232099    0.000488    8.814507 v _2334_/A1 (sky130_fd_sc_hd__a21o_1)
     5    0.016006    0.159617    0.454844    9.269351 v _2334_/X (sky130_fd_sc_hd__a21o_1)
                                                         _1587_ (net)
                      0.159617    0.000346    9.269697 v _2338_/B (sky130_fd_sc_hd__and3_1)
     2    0.006436    0.100305    0.409198    9.678895 v _2338_/X (sky130_fd_sc_hd__and3_1)
                                                         _1591_ (net)
                      0.100305    0.000158    9.679053 v _2345_/C (sky130_fd_sc_hd__or3_1)
     3    0.008252    0.191195    0.807460   10.486513 v _2345_/X (sky130_fd_sc_hd__or3_1)
                                                         _1598_ (net)
                      0.191195    0.000157   10.486670 v _2347_/A1 (sky130_fd_sc_hd__a21o_1)
     4    0.011393    0.127983    0.405495   10.892166 v _2347_/X (sky130_fd_sc_hd__a21o_1)
                                                         _1600_ (net)
                      0.127983    0.000338   10.892504 v _2350_/C (sky130_fd_sc_hd__and3_1)
     2    0.006844    0.103529    0.425584   11.318089 v _2350_/X (sky130_fd_sc_hd__and3_1)
                                                         _1603_ (net)
                      0.103529    0.000202   11.318290 v _2352_/C (sky130_fd_sc_hd__or3_1)
     3    0.009295    0.202927    0.822637   12.140926 v _2352_/X (sky130_fd_sc_hd__or3_1)
                                                         _0106_ (net)
                      0.202927    0.000258   12.141186 v _2355_/A2 (sky130_fd_sc_hd__a21o_1)
     4    0.010398    0.119808    0.432508   12.573693 v _2355_/X (sky130_fd_sc_hd__a21o_1)
                                                         _0109_ (net)
                      0.119808    0.000329   12.574022 v _2362_/B (sky130_fd_sc_hd__and3_1)
     2    0.006025    0.097093    0.386011   12.960033 v _2362_/X (sky130_fd_sc_hd__and3_1)
                                                         _0116_ (net)
                      0.097093    0.000163   12.960196 v _2364_/C (sky130_fd_sc_hd__or3_1)
     3    0.007505    0.184086    0.796169   13.756366 v _2364_/X (sky130_fd_sc_hd__or3_1)
                                                         _0118_ (net)
                      0.184086    0.000220   13.756586 v _2366_/A2 (sky130_fd_sc_hd__a21o_1)
     4    0.010386    0.119707    0.424524   14.181111 v _2366_/X (sky130_fd_sc_hd__a21o_1)
                                                         _0120_ (net)
                      0.119707    0.000287   14.181397 v _2370_/B (sky130_fd_sc_hd__and3_1)
     2    0.004527    0.086001    0.373385   14.554783 v _2370_/X (sky130_fd_sc_hd__and3_1)
                                                         _0124_ (net)
                      0.086001    0.000083   14.554866 v _2372_/C (sky130_fd_sc_hd__or3_1)
     3    0.008833    0.197852    0.810291   15.365157 v _2372_/X (sky130_fd_sc_hd__or3_1)
                                                         _0126_ (net)
                      0.197852    0.000185   15.365341 v _2378_/A1 (sky130_fd_sc_hd__a21o_1)
     4    0.010794    0.123049    0.403883   15.769224 v _2378_/X (sky130_fd_sc_hd__a21o_1)
                                                         _0132_ (net)
                      0.123049    0.000236   15.769461 v _2383_/C (sky130_fd_sc_hd__and3_1)
     2    0.007303    0.107216    0.427029   16.196489 v _2383_/X (sky130_fd_sc_hd__and3_1)
                                                         _0137_ (net)
                      0.107216    0.000206   16.196695 v _2385_/C (sky130_fd_sc_hd__or3_1)
     3    0.008182    0.190879    0.808928   17.005625 v _2385_/X (sky130_fd_sc_hd__or3_1)
                                                         _0139_ (net)
                      0.190879    0.000179   17.005804 v _2387_/A1 (sky130_fd_sc_hd__a21o_1)
     4    0.012446    0.136687    0.413399   17.419203 v _2387_/X (sky130_fd_sc_hd__a21o_1)
                                                         _0141_ (net)
                      0.136687    0.000185   17.419388 v _2390_/B (sky130_fd_sc_hd__and3_1)
     3    0.010267    0.132166    0.429953   17.849340 v _2390_/X (sky130_fd_sc_hd__and3_1)
                                                         _0144_ (net)
                      0.132166    0.000302   17.849642 v _2392_/C (sky130_fd_sc_hd__or3_1)
     3    0.006696    0.175986    0.797529   18.647171 v _2392_/X (sky130_fd_sc_hd__or3_1)
                                                         _0146_ (net)
                      0.175986    0.000162   18.647333 v _2397_/A1 (sky130_fd_sc_hd__a21o_1)
     4    0.011099    0.125518    0.396728   19.044062 v _2397_/X (sky130_fd_sc_hd__a21o_1)
                                                         _0151_ (net)
                      0.125518    0.000211   19.044273 v _2406_/B (sky130_fd_sc_hd__and3_1)
     2    0.005712    0.094696    0.386221   19.430492 v _2406_/X (sky130_fd_sc_hd__and3_1)
                                                         _0160_ (net)
                      0.094696    0.000140   19.430634 v _2408_/C (sky130_fd_sc_hd__or3_1)
     3    0.008212    0.191111    0.804942   20.235575 v _2408_/X (sky130_fd_sc_hd__or3_1)
                                                         _0162_ (net)
                      0.191111    0.000158   20.235733 v _2410_/A2 (sky130_fd_sc_hd__a21o_1)
     3    0.007044    0.093021    0.401771   20.637505 v _2410_/X (sky130_fd_sc_hd__a21o_1)
                                                         _0164_ (net)
                      0.093021    0.000169   20.637674 v _2413_/C (sky130_fd_sc_hd__and3_1)
     2    0.004733    0.087414    0.390370   21.028044 v _2413_/X (sky130_fd_sc_hd__and3_1)
                                                         _0167_ (net)
                      0.087414    0.000112   21.028156 v _2415_/C (sky130_fd_sc_hd__or3_1)
     3    0.006917    0.178354    0.784857   21.813013 v _2415_/X (sky130_fd_sc_hd__or3_1)
                                                         _0169_ (net)
                      0.178354    0.000162   21.813173 v _2420_/A1 (sky130_fd_sc_hd__a21o_1)
     4    0.011882    0.132013    0.403650   22.216825 v _2420_/X (sky130_fd_sc_hd__a21o_1)
                                                         _0174_ (net)
                      0.132013    0.000218   22.217043 v _2428_/A1 (sky130_fd_sc_hd__a21bo_1)
     1    0.004375    0.075438    0.345969   22.563011 v _2428_/X (sky130_fd_sc_hd__a21bo_1)
                                                         _0180_ (net)
                      0.075438    0.000085   22.563097 v _2429_/B (sky130_fd_sc_hd__xor2_1)
     1    0.002279    0.117622    0.258401   22.821499 v _2429_/X (sky130_fd_sc_hd__xor2_1)
                                                         _0181_ (net)
                      0.117622    0.000046   22.821545 v _2430_/A1 (sky130_fd_sc_hd__mux2_1)
     1    0.002254    0.105101    0.658506   23.480051 v _2430_/X (sky130_fd_sc_hd__mux2_1)
                                                         _0025_ (net)
                      0.105101    0.000043   23.480093 v _3238_/D (sky130_fd_sc_hd__dfrtp_4)
                                             23.480093   data arrival time

                                180.000000  180.000000   clock clk (rise edge)
                                  0.000000  180.000000   clock source latency
     2    0.041973    0.000000    0.000000  180.000000 ^ clk (in)
                                                         clk (net)
                      0.002246    0.001123  180.001129 ^ clkbuf_0_clk/A (sky130_fd_sc_hd__clkbuf_16)
    17    0.165235    0.268245    0.353069  180.354202 ^ clkbuf_0_clk/X (sky130_fd_sc_hd__clkbuf_16)
                                                         clknet_0_clk (net)
                      0.268572    0.007731  180.361923 ^ clkbuf_3_3__f_clk/A (sky130_fd_sc_hd__clkbuf_16)
    35    0.099976    0.176384    0.403531  180.765457 ^ clkbuf_3_3__f_clk/X (sky130_fd_sc_hd__clkbuf_16)
                                                         clknet_3_3__leaf_clk (net)
                      0.176434    0.002871  180.768326 ^ _3238_/CLK (sky130_fd_sc_hd__dfrtp_4)
                                 -0.100000  180.668335   clock uncertainty
                                  0.000000  180.668335   clock reconvergence pessimism
                                 -0.261102  180.407227   library setup time
                                            180.407227   data required time
---------------------------------------------------------------------------------------------
                                            180.407227   data required time
                                            -23.480093   data arrival time
---------------------------------------------------------------------------------------------
                                            156.927139   slack (MET)




===========================================================================
report_checks --slack_max -0.01
============================================================================
======================= nom_ss_100C_1v60 Corner ===================================

No paths found.


===========================================================================
 report_check_types -max_slew -max_cap -max_fanout -violators
============================================================================
======================= nom_ss_100C_1v60 Corner ===================================



===========================================================================
report_parasitic_annotation -report_unannotated
============================================================================
Found 7 unannotated drivers.
 clkload0/Y
 clkload1/Y
 clkload2/Y
 clkload3/Y
 clkload4/Y
 clkload5/Y
 clkload6/Y
Found 0 partially unannotated drivers.

===========================================================================
max slew violation count 0
max fanout violation count 0
max cap violation count 0
============================================================================

===========================================================================
check_setup -verbose -unconstrained_endpoints -multiple_clock -no_clock -no_input_delay -loops -generated_clocks
===========================================================================
Warning: There are 36 input ports missing set_input_delay.
  A_in[0]
  A_in[10]
  A_in[11]
  A_in[12]
  A_in[13]
  A_in[14]
  A_in[15]
  A_in[1]
  A_in[2]
  A_in[3]
  A_in[4]
  A_in[5]
  A_in[6]
  A_in[7]
  A_in[8]
  A_in[9]
  B_in[0]
  B_in[10]
  B_in[11]
  B_in[12]
  B_in[13]
  B_in[14]
  B_in[15]
  B_in[1]
  B_in[2]
  B_in[3]
  B_in[4]
  B_in[5]
  B_in[6]
  B_in[7]
  B_in[8]
  B_in[9]
  Op_Sel[0]
  Op_Sel[1]
  Start
  rst_n
Warning: There are 17 unconstrained endpoints.
  Done
  X_out[0]
  X_out[10]
  X_out[11]
  X_out[12]
  X_out[13]
  X_out[14]
  X_out[15]
  X_out[1]
  X_out[2]
  X_out[3]
  X_out[4]
  X_out[5]
  X_out[6]
  X_out[7]
  X_out[8]
  X_out[9]
