Clock: clk
Sources: clk 
Generated: no
Virtual: yes
Propagated: no
Period: 40.000000

===========================================================================
report_clock_properties
============================================================================
Clock                   Period          Waveform
----------------------------------------------------
clk                  40.000000    0.000000 20.000000

===========================================================================
report_clock_latency
============================================================================
Clock clk
rise -> rise
    min     max
0.000000 0.000000 source latency
0.451814         network latency _3235_/CLK
        0.472848 network latency _3298_/CLK
---------------
0.451814 0.472848 latency
        0.021034 skew

fall -> fall
    min     max
0.000000 0.000000 source latency
0.425953         network latency _3235_/CLK
        0.443883 network latency _3298_/CLK
---------------
0.425953 0.443883 latency
        0.017931 skew



===========================================================================
report_clock_min_period
============================================================================
clk period_min = 10.85 fmax = 92.14
