Clock: clk
Sources: clk 
Generated: no
Virtual: yes
Propagated: no
Period: 20.000000

===========================================================================
report_clock_properties
============================================================================
Clock                   Period          Waveform
----------------------------------------------------
clk                  20.000000    0.000000 10.000000

===========================================================================
report_clock_latency
============================================================================
Clock clk
rise -> rise
    min     max
0.000000 0.000000 source latency
0.304950         network latency _3222_/CLK
        0.324950 network latency _3295_/CLK
---------------
0.304950 0.324950 latency
        0.019999 skew

fall -> fall
    min     max
0.000000 0.000000 source latency
0.288048         network latency _3222_/CLK
        0.304393 network latency _3295_/CLK
---------------
0.288048 0.304393 latency
        0.016345 skew



===========================================================================
report_clock_min_period
============================================================================
clk period_min = 6.44 fmax = 155.31
