
===========================================================================
report_checks -unconstrained
===========================================================================
======================= nom_tt_025C_1v80 Corner ===================================

Startpoint: _3302_ (rising edge-triggered flip-flop clocked by clk)
Endpoint: _3238_ (rising edge-triggered flip-flop clocked by clk)
Path Group: clk
Path Type: max

Fanout         Cap        Slew       Delay        Time   Description
---------------------------------------------------------------------------------------------
                                  0.000000    0.000000   clock clk (rise edge)
                                  0.000000    0.000000   clock source latency
     1    0.028987    0.000000    0.000000    0.000000 ^ clk (in)
                                                         clk (net)
                      0.002441    0.001221    0.001221 ^ clkbuf_0_clk/A (sky130_fd_sc_hd__clkbuf_16)
     8    0.118910    0.132024    0.184483    0.185703 ^ clkbuf_0_clk/X (sky130_fd_sc_hd__clkbuf_16)
                                                         clknet_0_clk (net)
                      0.132103    0.001478    0.187181 ^ clkbuf_3_0__f_clk/A (sky130_fd_sc_hd__clkbuf_16)
    12    0.059349    0.077638    0.187697    0.374878 ^ clkbuf_3_0__f_clk/X (sky130_fd_sc_hd__clkbuf_16)
                                                         clknet_3_0__leaf_clk (net)
                      0.077641    0.000576    0.375454 ^ _3302_/CLK (sky130_fd_sc_hd__dfrtp_4)
     6    0.017161    0.077356    0.505674    0.881128 v _3302_/Q (sky130_fd_sc_hd__dfrtp_4)
                                                         B_reg[12] (net)
                      0.077356    0.000271    0.881398 v _1910_/C (sky130_fd_sc_hd__and3_1)
     3    0.005850    0.051516    0.203789    1.085188 v _1910_/X (sky130_fd_sc_hd__and3_1)
                                                         _1175_ (net)
                      0.051516    0.000011    1.085199 v _2300_/B (sky130_fd_sc_hd__or4_4)
     4    0.008579    0.093235    0.522002    1.607200 v _2300_/X (sky130_fd_sc_hd__or4_4)
                                                         _1553_ (net)
                      0.093235    0.000011    1.607212 v _2304_/A1 (sky130_fd_sc_hd__a21o_1)
     3    0.006700    0.050888    0.188275    1.795486 v _2304_/X (sky130_fd_sc_hd__a21o_1)
                                                         _1557_ (net)
                      0.050888    0.000016    1.795502 v _2308_/C (sky130_fd_sc_hd__and3_1)
     2    0.005331    0.047527    0.189226    1.984728 v _2308_/X (sky130_fd_sc_hd__and3_1)
                                                         _1561_ (net)
                      0.047527    0.000013    1.984742 v _2310_/C (sky130_fd_sc_hd__or3_4)
     3    0.006061    0.069138    0.328233    2.312974 v _2310_/X (sky130_fd_sc_hd__or3_4)
                                                         _1563_ (net)
                      0.069138    0.000004    2.312978 v _2313_/A1 (sky130_fd_sc_hd__a21o_1)
     4    0.009308    0.059829    0.190212    2.503190 v _2313_/X (sky130_fd_sc_hd__a21o_1)
                                                         _1566_ (net)
                      0.059829    0.000039    2.503229 v _2319_/A (sky130_fd_sc_hd__and3_1)
     2    0.005446    0.049755    0.158384    2.661613 v _2319_/X (sky130_fd_sc_hd__and3_1)
                                                         _1572_ (net)
                      0.049755    0.000009    2.661622 v _2321_/C (sky130_fd_sc_hd__or3_4)
     3    0.007264    0.070291    0.332471    2.994092 v _2321_/X (sky130_fd_sc_hd__or3_4)
                                                         _1574_ (net)
                      0.070291    0.000045    2.994137 v _2326_/A1 (sky130_fd_sc_hd__a21o_1)
     4    0.009836    0.061784    0.192699    3.186836 v _2326_/X (sky130_fd_sc_hd__a21o_1)
                                                         _1579_ (net)
                      0.061784    0.000043    3.186878 v _2328_/B (sky130_fd_sc_hd__and3_1)
     2    0.005011    0.047881    0.177298    3.364177 v _2328_/X (sky130_fd_sc_hd__and3_1)
                                                         _1581_ (net)
                      0.047881    0.000014    3.364191 v _2330_/C (sky130_fd_sc_hd__or3_4)
     3    0.006778    0.069528    0.330505    3.694695 v _2330_/X (sky130_fd_sc_hd__or3_4)
                                                         _1583_ (net)
                      0.069528    0.000022    3.694717 v _2334_/A1 (sky130_fd_sc_hd__a21o_1)
     3    0.006413    0.048348    0.177188    3.871905 v _2334_/X (sky130_fd_sc_hd__a21o_1)
                                                         _1587_ (net)
                      0.048348    0.000010    3.871915 v rebuffer8/A (sky130_fd_sc_hd__dlymetal6s2s_1)
     3    0.008717    0.063959    0.160185    4.032100 v rebuffer8/X (sky130_fd_sc_hd__dlymetal6s2s_1)
                                                         net61 (net)
                      0.063959    0.000004    4.032104 v _2343_/A1 (sky130_fd_sc_hd__a21bo_1)
     1    0.003407    0.037305    0.172356    4.204460 v _2343_/X (sky130_fd_sc_hd__a21bo_1)
                                                         _1596_ (net)
                      0.037305    0.000018    4.204478 v _2344_/B1 (sky130_fd_sc_hd__a22o_1)
     2    0.006281    0.056070    0.190890    4.395367 v _2344_/X (sky130_fd_sc_hd__a22o_1)
                                                         _1597_ (net)
                      0.056070    0.000045    4.395412 v _2347_/B1 (sky130_fd_sc_hd__a21o_1)
     4    0.008470    0.057679    0.179073    4.574485 v _2347_/X (sky130_fd_sc_hd__a21o_1)
                                                         _1600_ (net)
                      0.057679    0.000044    4.574529 v _2348_/A2 (sky130_fd_sc_hd__a21oi_1)
     3    0.011328    0.271358    0.261547    4.836077 ^ _2348_/Y (sky130_fd_sc_hd__a21oi_1)
                                                         _1601_ (net)
                      0.271358    0.000080    4.836157 ^ _2349_/B (sky130_fd_sc_hd__xnor2_1)
     3    0.015613    0.378285    0.252185    5.088341 ^ _2349_/Y (sky130_fd_sc_hd__xnor2_1)
                                                         _1602_ (net)
                      0.378285    0.000034    5.088375 ^ _2355_/A2 (sky130_fd_sc_hd__a21o_1)
     4    0.009283    0.092728    0.213513    5.301888 ^ _2355_/X (sky130_fd_sc_hd__a21o_1)
                                                         _0109_ (net)
                      0.092728    0.000036    5.301924 ^ _2360_/A1 (sky130_fd_sc_hd__a21oi_1)
     3    0.010493    0.091408    0.110804    5.412728 v _2360_/Y (sky130_fd_sc_hd__a21oi_1)
                                                         _0114_ (net)
                      0.091408    0.000046    5.412774 v _2364_/B (sky130_fd_sc_hd__or3_4)
     2    0.005149    0.066974    0.378397    5.791171 v _2364_/X (sky130_fd_sc_hd__or3_4)
                                                         _0118_ (net)
                      0.066974    0.000030    5.791201 v _2366_/A1 (sky130_fd_sc_hd__a21o_1)
     4    0.009406    0.060123    0.189774    5.980975 v _2366_/X (sky130_fd_sc_hd__a21o_1)
                                                         _0120_ (net)
                      0.060123    0.000028    5.981003 v _2370_/A (sky130_fd_sc_hd__and3_1)
     2    0.005008    0.047856    0.156446    6.137450 v _2370_/X (sky130_fd_sc_hd__and3_1)
                                                         _0124_ (net)
                      0.047856    0.000008    6.137458 v _2372_/C (sky130_fd_sc_hd__or3_4)
     3    0.007765    0.072459    0.333504    6.470962 v _2372_/X (sky130_fd_sc_hd__or3_4)
                                                         _0126_ (net)
                      0.072459    0.000006    6.470968 v _2378_/A1 (sky130_fd_sc_hd__a21o_1)
     4    0.008991    0.058917    0.190139    6.661108 v _2378_/X (sky130_fd_sc_hd__a21o_1)
                                                         _0132_ (net)
                      0.058917    0.000027    6.661134 v _2383_/A (sky130_fd_sc_hd__and3_1)
     2    0.005910    0.050071    0.160168    6.821302 v _2383_/X (sky130_fd_sc_hd__and3_1)
                                                         _0137_ (net)
                      0.050071    0.000023    6.821325 v _2385_/C (sky130_fd_sc_hd__or3_4)
     3    0.007317    0.070454    0.332723    7.154048 v _2385_/X (sky130_fd_sc_hd__or3_4)
                                                         _0139_ (net)
                      0.070454    0.000024    7.154072 v _2387_/A1 (sky130_fd_sc_hd__a21o_1)
     4    0.010910    0.068028    0.196638    7.350710 v _2387_/X (sky130_fd_sc_hd__a21o_1)
                                                         _0141_ (net)
                      0.068028    0.000015    7.350725 v _2390_/A (sky130_fd_sc_hd__and3_1)
     3    0.009053    0.063092    0.178908    7.529633 v _2390_/X (sky130_fd_sc_hd__and3_1)
                                                         _0144_ (net)
                      0.063092    0.000044    7.529677 v _2392_/C (sky130_fd_sc_hd__or3_4)
     3    0.006033    0.069127    0.332944    7.862622 v _2392_/X (sky130_fd_sc_hd__or3_4)
                                                         _0146_ (net)
                      0.069127    0.000007    7.862629 v _2397_/A1 (sky130_fd_sc_hd__a21o_1)
     4    0.009364    0.061978    0.190487    8.053116 v _2397_/X (sky130_fd_sc_hd__a21o_1)
                                                         _0151_ (net)
                      0.061978    0.000015    8.053131 v _2406_/A (sky130_fd_sc_hd__and3_1)
     2    0.005245    0.048885    0.158394    8.211525 v _2406_/X (sky130_fd_sc_hd__and3_1)
                                                         _0160_ (net)
                      0.048885    0.000011    8.211535 v _2408_/C (sky130_fd_sc_hd__or3_4)
     3    0.007484    0.070687    0.332921    8.544456 v _2408_/X (sky130_fd_sc_hd__or3_4)
                                                         _0162_ (net)
                      0.070687    0.000012    8.544469 v _2410_/A1 (sky130_fd_sc_hd__a21o_1)
     3    0.006177    0.047309    0.176587    8.721055 v _2410_/X (sky130_fd_sc_hd__a21o_1)
                                                         _0164_ (net)
                      0.047309    0.000024    8.721079 v _2413_/C (sky130_fd_sc_hd__and3_1)
     2    0.005278    0.049003    0.187429    8.908508 v _2413_/X (sky130_fd_sc_hd__and3_1)
                                                         _0167_ (net)
                      0.049003    0.000012    8.908521 v _2415_/C (sky130_fd_sc_hd__or3_4)
     3    0.006127    0.068599    0.328821    9.237341 v _2415_/X (sky130_fd_sc_hd__or3_4)
                                                         _0169_ (net)
                      0.068599    0.000015    9.237356 v _2420_/A1 (sky130_fd_sc_hd__a21o_1)
     3    0.007285    0.053302    0.180790    9.418146 v _2420_/X (sky130_fd_sc_hd__a21o_1)
                                                         _0174_ (net)
                      0.053302    0.000004    9.418151 v _2428_/A1 (sky130_fd_sc_hd__a21bo_1)
     1    0.004302    0.042466    0.172565    9.590716 v _2428_/X (sky130_fd_sc_hd__a21bo_1)
                                                         _0180_ (net)
                      0.042466    0.000003    9.590718 v _2429_/B (sky130_fd_sc_hd__xor2_1)
     1    0.002422    0.065966    0.132876    9.723595 v _2429_/X (sky130_fd_sc_hd__xor2_1)
                                                         _0181_ (net)
                      0.065966    0.000003    9.723598 v _2430_/A1 (sky130_fd_sc_hd__mux2_4)
     1    0.002230    0.046645    0.255433    9.979031 v _2430_/X (sky130_fd_sc_hd__mux2_4)
                                                         _0025_ (net)
                      0.046645    0.000003    9.979033 v _3238_/D (sky130_fd_sc_hd__dfrtp_4)
                                              9.979033   data arrival time

                                 10.375000   10.375000   clock clk (rise edge)
                                  0.000000   10.375000   clock source latency
     1    0.028987    0.000000    0.000000   10.375000 ^ clk (in)
                                                         clk (net)
                      0.002441    0.001220   10.376220 ^ clkbuf_0_clk/A (sky130_fd_sc_hd__clkbuf_16)
     8    0.118910    0.132024    0.184483   10.560703 ^ clkbuf_0_clk/X (sky130_fd_sc_hd__clkbuf_16)
                                                         clknet_0_clk (net)
                      0.132123    0.001982   10.562684 ^ clkbuf_3_3__f_clk/A (sky130_fd_sc_hd__clkbuf_16)
    17    0.060135    0.078352    0.188352   10.751037 ^ clkbuf_3_3__f_clk/X (sky130_fd_sc_hd__clkbuf_16)
                                                         clknet_3_3__leaf_clk (net)
                      0.078352    0.000282   10.751318 ^ _3238_/CLK (sky130_fd_sc_hd__dfrtp_4)
                                 -0.100000   10.651319   clock uncertainty
                                  0.000000   10.651319   clock reconvergence pessimism
                                 -0.107358   10.543960   library setup time
                                             10.543960   data required time
---------------------------------------------------------------------------------------------
                                             10.543960   data required time
                                             -9.979033   data arrival time
---------------------------------------------------------------------------------------------
                                              0.564927   slack (MET)




===========================================================================
report_checks --slack_max -0.01
============================================================================
======================= nom_tt_025C_1v80 Corner ===================================

No paths found.


===========================================================================
 report_check_types -max_slew -max_cap -max_fanout -violators
============================================================================
======================= nom_tt_025C_1v80 Corner ===================================



===========================================================================
report_parasitic_annotation -report_unannotated
============================================================================
Found 7 unannotated drivers.
 clkload0/Y
 clkload1/Y
 clkload2/Y
 clkload3/Y
 clkload4/Y
 clkload5/Y
 clkload6/Y
Found 0 partially unannotated drivers.

===========================================================================
max slew violation count 0
Writing metric design__max_slew_violation__count__corner:nom_tt_025C_1v80: 0
max fanout violation count 0
Writing metric design__max_fanout_violation__count__corner:nom_tt_025C_1v80: 0
max cap violation count 0
Writing metric design__max_cap_violation__count__corner:nom_tt_025C_1v80: 0
============================================================================

===========================================================================
check_setup -verbose -unconstrained_endpoints -multiple_clock -no_clock -no_input_delay -loops -generated_clocks
===========================================================================
Warning: There are 36 input ports missing set_input_delay.
  A_in[0]
  A_in[10]
  A_in[11]
  A_in[12]
  A_in[13]
  A_in[14]
  A_in[15]
  A_in[1]
  A_in[2]
  A_in[3]
  A_in[4]
  A_in[5]
  A_in[6]
  A_in[7]
  A_in[8]
  A_in[9]
  B_in[0]
  B_in[10]
  B_in[11]
  B_in[12]
  B_in[13]
  B_in[14]
  B_in[15]
  B_in[1]
  B_in[2]
  B_in[3]
  B_in[4]
  B_in[5]
  B_in[6]
  B_in[7]
  B_in[8]
  B_in[9]
  Op_Sel[0]
  Op_Sel[1]
  Start
  rst_n
Warning: There are 17 unconstrained endpoints.
  Done
  X_out[0]
  X_out[10]
  X_out[11]
  X_out[12]
  X_out[13]
  X_out[14]
  X_out[15]
  X_out[1]
  X_out[2]
  X_out[3]
  X_out[4]
  X_out[5]
  X_out[6]
  X_out[7]
  X_out[8]
  X_out[9]
