Clock: clk
Sources: clk 
Generated: no
Virtual: yes
Propagated: no
Period: 10.375000

===========================================================================
report_clock_properties
============================================================================
Clock                   Period          Waveform
----------------------------------------------------
clk                  10.375000    0.000000  5.187500

===========================================================================
report_clock_latency
============================================================================
Clock clk
rise -> rise
    min     max
0.000000 0.000000 source latency
0.370385         network latency _3222_/CLK
        0.379596 network latency _3256_/CLK
---------------
0.370385 0.379596 latency
        0.009212 skew

fall -> fall
    min     max
0.000000 0.000000 source latency
0.366131         network latency _3318_/CLK
        0.373098 network latency _3256_/CLK
---------------
0.366131 0.373098 latency
        0.006968 skew



===========================================================================
report_clock_min_period
============================================================================
clk period_min = 9.81 fmax = 101.94
