
===========================================================================
report_checks -unconstrained
===========================================================================
======================= max_tt_025C_1v80 Corner ===================================

Startpoint: _3302_ (rising edge-triggered flip-flop clocked by clk)
Endpoint: _3237_ (rising edge-triggered flip-flop clocked by clk)
Path Group: clk
Path Type: max

Fanout         Cap        Slew       Delay        Time   Description
---------------------------------------------------------------------------------------------
                                  0.000000    0.000000   clock clk (rise edge)
                                  0.000000    0.000000   clock source latency
     2    0.044266    0.000000    0.000000    0.000000 ^ clk (in)
                                                         clk (net)
                      0.003104    0.001552    0.001552 ^ clkbuf_0_clk/A (sky130_fd_sc_hd__clkbuf_16)
    17    0.172138    0.184215    0.214636    0.216189 ^ clkbuf_0_clk/X (sky130_fd_sc_hd__clkbuf_16)
                                                         clknet_0_clk (net)
                      0.185645    0.013031    0.229220 ^ clkbuf_3_0__f_clk/A (sky130_fd_sc_hd__clkbuf_16)
    25    0.096246    0.113428    0.229017    0.458237 ^ clkbuf_3_0__f_clk/X (sky130_fd_sc_hd__clkbuf_16)
                                                         clknet_3_0__leaf_clk (net)
                      0.114150    0.006874    0.465111 ^ _3302_/CLK (sky130_fd_sc_hd__dfrtp_4)
    15    0.051143    0.125015    0.575256    1.040368 v _3302_/Q (sky130_fd_sc_hd__dfrtp_4)
                                                         B_reg[12] (net)
                      0.125284    0.005062    1.045430 v _1910_/C (sky130_fd_sc_hd__and3_1)
     3    0.006069    0.050909    0.226646    1.272076 v _1910_/X (sky130_fd_sc_hd__and3_1)
                                                         _1175_ (net)
                      0.050909    0.000201    1.272277 v _2300_/B (sky130_fd_sc_hd__or4_1)
     4    0.009939    0.127763    0.560826    1.833103 v _2300_/X (sky130_fd_sc_hd__or4_1)
                                                         _1553_ (net)
                      0.127764    0.000562    1.833665 v _2304_/A2 (sky130_fd_sc_hd__a21o_1)
     3    0.007787    0.054798    0.227494    2.061159 v _2304_/X (sky130_fd_sc_hd__a21o_1)
                                                         _1557_ (net)
                      0.054800    0.000409    2.061567 v _2308_/C (sky130_fd_sc_hd__and3_1)
     2    0.005285    0.047404    0.190586    2.252153 v _2308_/X (sky130_fd_sc_hd__and3_1)
                                                         _1561_ (net)
                      0.047405    0.000308    2.252461 v _2310_/C (sky130_fd_sc_hd__or3_1)
     3    0.008300    0.096241    0.345209    2.597670 v _2310_/X (sky130_fd_sc_hd__or3_1)
                                                         _1563_ (net)
                      0.096242    0.000490    2.598160 v _2313_/A1 (sky130_fd_sc_hd__a21o_1)
     4    0.010885    0.066046    0.206909    2.805069 v _2313_/X (sky130_fd_sc_hd__a21o_1)
                                                         _1566_ (net)
                      0.066048    0.000474    2.805543 v _2319_/B (sky130_fd_sc_hd__and3_1)
     2    0.005838    0.049873    0.183056    2.988599 v _2319_/X (sky130_fd_sc_hd__and3_1)
                                                         _1572_ (net)
                      0.049874    0.000283    2.988882 v _2321_/C (sky130_fd_sc_hd__or3_1)
     3    0.009081    0.099313    0.351709    3.340591 v _2321_/X (sky130_fd_sc_hd__or3_1)
                                                         _1574_ (net)
                      0.099315    0.000584    3.341175 v _2326_/A1 (sky130_fd_sc_hd__a21o_1)
     4    0.011505    0.068622    0.210159    3.551334 v _2326_/X (sky130_fd_sc_hd__a21o_1)
                                                         _1579_ (net)
                      0.068632    0.000874    3.552208 v _2328_/C (sky130_fd_sc_hd__and3_1)
     2    0.004955    0.045972    0.195288    3.747496 v _2328_/X (sky130_fd_sc_hd__and3_1)
                                                         _1581_ (net)
                      0.045973    0.000301    3.747797 v _2330_/C (sky130_fd_sc_hd__or3_2)
     4    0.014509    0.113807    0.465980    4.213777 v _2330_/X (sky130_fd_sc_hd__or3_2)
                                                         _1583_ (net)
                      0.113807    0.001162    4.214939 v _2334_/A1 (sky130_fd_sc_hd__a21o_1)
     5    0.016374    0.088513    0.233468    4.448407 v _2334_/X (sky130_fd_sc_hd__a21o_1)
                                                         _1587_ (net)
                      0.088519    0.000805    4.449212 v _2338_/B (sky130_fd_sc_hd__and3_1)
     2    0.007886    0.059427    0.203076    4.652288 v _2338_/X (sky130_fd_sc_hd__and3_1)
                                                         _1591_ (net)
                      0.059433    0.000621    4.652909 v _2345_/C (sky130_fd_sc_hd__or3_1)
     3    0.008347    0.096435    0.349030    5.001939 v _2345_/X (sky130_fd_sc_hd__or3_1)
                                                         _1598_ (net)
                      0.096435    0.000318    5.002258 v _2347_/A1 (sky130_fd_sc_hd__a21o_1)
     4    0.011827    0.069906    0.210157    5.212415 v _2347_/X (sky130_fd_sc_hd__a21o_1)
                                                         _1600_ (net)
                      0.069917    0.000886    5.213301 v _2350_/C (sky130_fd_sc_hd__and3_1)
     2    0.007163    0.055953    0.206550    5.419850 v _2350_/X (sky130_fd_sc_hd__and3_1)
                                                         _1603_ (net)
                      0.055956    0.000457    5.420308 v _2352_/C (sky130_fd_sc_hd__or3_1)
     3    0.009512    0.101433    0.355866    5.776175 v _2352_/X (sky130_fd_sc_hd__or3_1)
                                                         _0106_ (net)
                      0.101436    0.000601    5.776776 v _2355_/A2 (sky130_fd_sc_hd__a21o_1)
     4    0.010726    0.065464    0.229591    6.006367 v _2355_/X (sky130_fd_sc_hd__a21o_1)
                                                         _0109_ (net)
                      0.065473    0.000783    6.007150 v _2362_/B (sky130_fd_sc_hd__and3_1)
     2    0.006115    0.051122    0.184157    6.191307 v _2362_/X (sky130_fd_sc_hd__and3_1)
                                                         _0116_ (net)
                      0.051124    0.000364    6.191671 v _2364_/C (sky130_fd_sc_hd__or3_1)
     3    0.007626    0.092652    0.340837    6.532508 v _2364_/X (sky130_fd_sc_hd__or3_1)
                                                         _0118_ (net)
                      0.092653    0.000511    6.533019 v _2366_/A2 (sky130_fd_sc_hd__a21o_1)
     4    0.011917    0.070205    0.230486    6.763505 v _2366_/X (sky130_fd_sc_hd__a21o_1)
                                                         _0120_ (net)
                      0.070211    0.000688    6.764193 v _2370_/B (sky130_fd_sc_hd__and3_1)
     2    0.005908    0.050151    0.185350    6.949543 v _2370_/X (sky130_fd_sc_hd__and3_1)
                                                         _0124_ (net)
                      0.050151    0.000300    6.949842 v _2372_/C (sky130_fd_sc_hd__or3_1)
     3    0.009186    0.099967    0.352634    7.302476 v _2372_/X (sky130_fd_sc_hd__or3_1)
                                                         _0126_ (net)
                      0.099967    0.000306    7.302783 v _2378_/A1 (sky130_fd_sc_hd__a21o_1)
     4    0.010938    0.066301    0.208561    7.511344 v _2378_/X (sky130_fd_sc_hd__a21o_1)
                                                         _0132_ (net)
                      0.066305    0.000558    7.511901 v _2383_/C (sky130_fd_sc_hd__and3_1)
     2    0.007422    0.057148    0.206187    7.718089 v _2383_/X (sky130_fd_sc_hd__and3_1)
                                                         _0137_ (net)
                      0.057150    0.000438    7.718526 v _2385_/C (sky130_fd_sc_hd__or3_1)
     3    0.008301    0.096344    0.347872    8.066399 v _2385_/X (sky130_fd_sc_hd__or3_1)
                                                         _0139_ (net)
                      0.096344    0.000423    8.066821 v _2387_/A1 (sky130_fd_sc_hd__a21o_1)
     4    0.012706    0.073379    0.213410    8.280231 v _2387_/X (sky130_fd_sc_hd__a21o_1)
                                                         _0141_ (net)
                      0.073380    0.000390    8.280621 v _2390_/B (sky130_fd_sc_hd__and3_1)
     3    0.010541    0.069168    0.207293    8.487914 v _2390_/X (sky130_fd_sc_hd__and3_1)
                                                         _0144_ (net)
                      0.069174    0.000709    8.488623 v _2392_/C (sky130_fd_sc_hd__or3_1)
     3    0.006906    0.088122    0.341229    8.829852 v _2392_/X (sky130_fd_sc_hd__or3_1)
                                                         _0146_ (net)
                      0.088122    0.000416    8.830268 v _2397_/A1 (sky130_fd_sc_hd__a21o_1)
     4    0.011296    0.067693    0.204993    9.035261 v _2397_/X (sky130_fd_sc_hd__a21o_1)
                                                         _0151_ (net)
                      0.067695    0.000525    9.035786 v _2406_/B (sky130_fd_sc_hd__and3_1)
     2    0.005976    0.050478    0.184490    9.220276 v _2406_/X (sky130_fd_sc_hd__and3_1)
                                                         _0160_ (net)
                      0.050479    0.000338    9.220613 v _2408_/C (sky130_fd_sc_hd__or3_1)
     3    0.008265    0.096196    0.345668    9.566281 v _2408_/X (sky130_fd_sc_hd__or3_1)
                                                         _0162_ (net)
                      0.096196    0.000387    9.566669 v _2410_/A2 (sky130_fd_sc_hd__a21o_1)
     3    0.007363    0.052816    0.213238    9.779907 v _2410_/X (sky130_fd_sc_hd__a21o_1)
                                                         _0164_ (net)
                      0.052818    0.000397    9.780304 v _2413_/C (sky130_fd_sc_hd__and3_1)
     2    0.005118    0.046647    0.188892    9.969196 v _2413_/X (sky130_fd_sc_hd__and3_1)
                                                         _0167_ (net)
                      0.046647    0.000257    9.969453 v _2415_/C (sky130_fd_sc_hd__or3_1)
     3    0.006989    0.088501    0.335122   10.304575 v _2415_/X (sky130_fd_sc_hd__or3_1)
                                                         _0169_ (net)
                      0.088501    0.000345   10.304920 v _2420_/A1 (sky130_fd_sc_hd__a21o_1)
     4    0.011650    0.069136    0.206365   10.511285 v _2420_/X (sky130_fd_sc_hd__a21o_1)
                                                         _0174_ (net)
                      0.069141    0.000647   10.511932 v _2423_/A1 (sky130_fd_sc_hd__a21o_1)
     2    0.008539    0.058080    0.186331   10.698263 v _2423_/X (sky130_fd_sc_hd__a21o_1)
                                                         _0177_ (net)
                      0.058086    0.000606   10.698869 v _2426_/B (sky130_fd_sc_hd__xnor2_1)
     1    0.003199    0.055556    0.125019   10.823888 v _2426_/Y (sky130_fd_sc_hd__xnor2_1)
                                                         _0179_ (net)
                      0.055556    0.000128   10.824016 v _2427_/A1 (sky130_fd_sc_hd__mux2_1)
     1    0.002983    0.056169    0.292133   11.116148 v _2427_/X (sky130_fd_sc_hd__mux2_1)
                                                         _0024_ (net)
                      0.056169    0.000192   11.116341 v _3237_/D (sky130_fd_sc_hd__dfrtp_4)
                                             11.116341   data arrival time

                                 60.000000   60.000000   clock clk (rise edge)
                                  0.000000   60.000000   clock source latency
     2    0.044266    0.000000    0.000000   60.000000 ^ clk (in)
                                                         clk (net)
                      0.003104    0.001549   60.001549 ^ clkbuf_0_clk/A (sky130_fd_sc_hd__clkbuf_16)
    17    0.172138    0.184215    0.214641   60.216190 ^ clkbuf_0_clk/X (sky130_fd_sc_hd__clkbuf_16)
                                                         clknet_0_clk (net)
                      0.185520    0.012463   60.228653 ^ clkbuf_3_3__f_clk/A (sky130_fd_sc_hd__clkbuf_16)
    35    0.100452    0.117535    0.231601   60.460255 ^ clkbuf_3_3__f_clk/X (sky130_fd_sc_hd__clkbuf_16)
                                                         clknet_3_3__leaf_clk (net)
                      0.118081    0.006111   60.466366 ^ _3237_/CLK (sky130_fd_sc_hd__dfrtp_4)
                                 -0.100000   60.366364   clock uncertainty
                                  0.000000   60.366364   clock reconvergence pessimism
                                 -0.102403   60.263958   library setup time
                                             60.263958   data required time
---------------------------------------------------------------------------------------------
                                             60.263958   data required time
                                            -11.116341   data arrival time
---------------------------------------------------------------------------------------------
                                             49.147617   slack (MET)




===========================================================================
report_checks --slack_max -0.01
============================================================================
======================= max_tt_025C_1v80 Corner ===================================

No paths found.


===========================================================================
 report_check_types -max_slew -max_cap -max_fanout -violators
============================================================================
======================= max_tt_025C_1v80 Corner ===================================



===========================================================================
report_parasitic_annotation -report_unannotated
============================================================================
Found 7 unannotated drivers.
 clkload0/Y
 clkload1/Y
 clkload2/Y
 clkload3/Y
 clkload4/Y
 clkload5/Y
 clkload6/Y
Found 0 partially unannotated drivers.

===========================================================================
max slew violation count 0
max fanout violation count 0
max cap violation count 0
============================================================================

===========================================================================
check_setup -verbose -unconstrained_endpoints -multiple_clock -no_clock -no_input_delay -loops -generated_clocks
===========================================================================
Warning: There are 36 input ports missing set_input_delay.
  A_in[0]
  A_in[10]
  A_in[11]
  A_in[12]
  A_in[13]
  A_in[14]
  A_in[15]
  A_in[1]
  A_in[2]
  A_in[3]
  A_in[4]
  A_in[5]
  A_in[6]
  A_in[7]
  A_in[8]
  A_in[9]
  B_in[0]
  B_in[10]
  B_in[11]
  B_in[12]
  B_in[13]
  B_in[14]
  B_in[15]
  B_in[1]
  B_in[2]
  B_in[3]
  B_in[4]
  B_in[5]
  B_in[6]
  B_in[7]
  B_in[8]
  B_in[9]
  Op_Sel[0]
  Op_Sel[1]
  Start
  rst_n
Warning: There are 17 unconstrained endpoints.
  Done
  X_out[0]
  X_out[10]
  X_out[11]
  X_out[12]
  X_out[13]
  X_out[14]
  X_out[15]
  X_out[1]
  X_out[2]
  X_out[3]
  X_out[4]
  X_out[5]
  X_out[6]
  X_out[7]
  X_out[8]
  X_out[9]
