Clock: clk
Sources: clk 
Generated: no
Virtual: yes
Propagated: no
Period: 60.000000

===========================================================================
report_clock_properties
============================================================================
Clock                   Period          Waveform
----------------------------------------------------
clk                  60.000000    0.000000 30.000000

===========================================================================
report_clock_latency
============================================================================
Clock clk
rise -> rise
    min     max
0.000000 0.000000 source latency
0.447799         network latency _3222_/CLK
        0.478824 network latency _3295_/CLK
---------------
0.447799 0.478824 latency
        0.031025 skew

fall -> fall
    min     max
0.000000 0.000000 source latency
0.422514         network latency _3222_/CLK
        0.448171 network latency _3295_/CLK
---------------
0.422514 0.448171 latency
        0.025658 skew



===========================================================================
report_clock_min_period
============================================================================
clk period_min = 10.85 fmax = 92.15
