
===========================================================================
report_checks -unconstrained
===========================================================================
======================= max_ss_100C_1v60 Corner ===================================

Startpoint: _3302_ (rising edge-triggered flip-flop clocked by clk)
Endpoint: _3238_ (rising edge-triggered flip-flop clocked by clk)
Path Group: clk
Path Type: max

Fanout         Cap        Slew       Delay        Time   Description
---------------------------------------------------------------------------------------------
                                  0.000000    0.000000   clock clk (rise edge)
                                  0.000000    0.000000   clock source latency
     2    0.042982    0.000000    0.000000    0.000000 ^ clk (in)
                                                         clk (net)
                      0.003069    0.001535    0.001535 ^ clkbuf_0_clk/A (sky130_fd_sc_hd__clkbuf_16)
    17    0.173714    0.282815    0.358431    0.359966 ^ clkbuf_0_clk/X (sky130_fd_sc_hd__clkbuf_16)
                                                         clknet_0_clk (net)
                      0.284170    0.015931    0.375897 ^ clkbuf_3_0__f_clk/A (sky130_fd_sc_hd__clkbuf_16)
    25    0.095385    0.170836    0.403593    0.779490 ^ clkbuf_3_0__f_clk/X (sky130_fd_sc_hd__clkbuf_16)
                                                         clknet_3_0__leaf_clk (net)
                      0.171114    0.006067    0.785557 ^ _3302_/CLK (sky130_fd_sc_hd__dfrtp_4)
     6    0.024587    0.165710    1.112580    1.898138 v _3302_/Q (sky130_fd_sc_hd__dfrtp_4)
                                                         B_reg[12] (net)
                      0.165710    0.002246    1.900384 v _1910_/C (sky130_fd_sc_hd__and3_1)
     3    0.007457    0.108543    0.449418    2.349802 v _1910_/X (sky130_fd_sc_hd__and3_1)
                                                         _1175_ (net)
                      0.108543    0.000476    2.350277 v _2300_/A (sky130_fd_sc_hd__or4_4)
     4    0.009690    0.173084    1.094819    3.445097 v _2300_/X (sky130_fd_sc_hd__or4_4)
                                                         _1553_ (net)
                      0.173084    0.000549    3.445646 v _2304_/A1 (sky130_fd_sc_hd__a21o_1)
     3    0.008465    0.104307    0.375302    3.820949 v _2304_/X (sky130_fd_sc_hd__a21o_1)
                                                         _1557_ (net)
                      0.104308    0.000492    3.821440 v _2308_/A (sky130_fd_sc_hd__and3_1)
     2    0.005756    0.095003    0.335022    4.156462 v _2308_/X (sky130_fd_sc_hd__and3_1)
                                                         _1561_ (net)
                      0.095003    0.000361    4.156823 v _2310_/C (sky130_fd_sc_hd__or3_4)
     3    0.006804    0.127329    0.670545    4.827368 v _2310_/X (sky130_fd_sc_hd__or3_4)
                                                         _1563_ (net)
                      0.127329    0.000226    4.827594 v _2313_/A1 (sky130_fd_sc_hd__a21o_1)
     4    0.010251    0.118726    0.368958    5.196551 v _2313_/X (sky130_fd_sc_hd__a21o_1)
                                                         _1566_ (net)
                      0.118727    0.000567    5.197118 v _2319_/A (sky130_fd_sc_hd__and3_1)
     2    0.007174    0.106240    0.353453    5.550571 v _2319_/X (sky130_fd_sc_hd__and3_1)
                                                         _1572_ (net)
                      0.106241    0.000525    5.551096 v _2321_/C (sky130_fd_sc_hd__or3_4)
     3    0.007349    0.128634    0.677038    6.228135 v _2321_/X (sky130_fd_sc_hd__or3_4)
                                                         _1574_ (net)
                      0.128634    0.000250    6.228384 v _2326_/A1 (sky130_fd_sc_hd__a21o_1)
     4    0.010481    0.120594    0.371261    6.599646 v _2326_/X (sky130_fd_sc_hd__a21o_1)
                                                         _1579_ (net)
                      0.120595    0.000577    6.600222 v _2328_/A (sky130_fd_sc_hd__and3_1)
     2    0.007057    0.105293    0.353402    6.953624 v _2328_/X (sky130_fd_sc_hd__and3_1)
                                                         _1581_ (net)
                      0.105293    0.000456    6.954080 v _2330_/A (sky130_fd_sc_hd__or3_4)
     3    0.007165    0.128252    0.778144    7.732224 v _2330_/X (sky130_fd_sc_hd__or3_4)
                                                         _1583_ (net)
                      0.128253    0.000460    7.732684 v _2334_/A1 (sky130_fd_sc_hd__a21o_1)
     4    0.011064    0.125621    0.375485    8.108169 v _2334_/X (sky130_fd_sc_hd__a21o_1)
                                                         _1587_ (net)
                      0.125621    0.000564    8.108732 v rebuffer11/A (sky130_fd_sc_hd__dlymetal6s2s_1)
     2    0.007761    0.111582    0.342697    8.451429 v rebuffer11/X (sky130_fd_sc_hd__dlymetal6s2s_1)
                                                         net64 (net)
                      0.111582    0.000436    8.451865 v _2343_/A1 (sky130_fd_sc_hd__a21bo_1)
     1    0.004849    0.079412    0.341661    8.793526 v _2343_/X (sky130_fd_sc_hd__a21bo_1)
                                                         _1596_ (net)
                      0.079412    0.000342    8.793868 v _2344_/B1 (sky130_fd_sc_hd__a22o_1)
     2    0.006763    0.104685    0.368320    9.162189 v _2344_/X (sky130_fd_sc_hd__a22o_1)
                                                         _1597_ (net)
                      0.104685    0.000460    9.162648 v _2347_/B1 (sky130_fd_sc_hd__a21o_1)
     4    0.010552    0.121198    0.352448    9.515097 v _2347_/X (sky130_fd_sc_hd__a21o_1)
                                                         _1600_ (net)
                      0.121199    0.000606    9.515702 v _2348_/A2 (sky130_fd_sc_hd__a21oi_1)
     3    0.012916    0.475615    0.482830    9.998532 ^ _2348_/Y (sky130_fd_sc_hd__a21oi_1)
                                                         _1601_ (net)
                      0.475617    0.000836    9.999368 ^ _2349_/B (sky130_fd_sc_hd__xnor2_1)
     3    0.016680    0.640446    0.485505   10.484873 ^ _2349_/Y (sky130_fd_sc_hd__xnor2_1)
                                                         _1602_ (net)
                      0.640448    0.000901   10.485773 ^ _2355_/A2 (sky130_fd_sc_hd__a21o_1)
     4    0.008975    0.142818    0.471369   10.957142 ^ _2355_/X (sky130_fd_sc_hd__a21o_1)
                                                         _0109_ (net)
                      0.142818    0.000512   10.957655 ^ _2360_/A1 (sky130_fd_sc_hd__a21oi_1)
     3    0.012508    0.231451    0.261321   11.218975 v _2360_/Y (sky130_fd_sc_hd__a21oi_1)
                                                         _0114_ (net)
                      0.231451    0.000756   11.219731 v _2364_/B (sky130_fd_sc_hd__or3_4)
     3    0.007613    0.129302    0.795297   12.015028 v _2364_/X (sky130_fd_sc_hd__or3_4)
                                                         _0118_ (net)
                      0.129302    0.000470   12.015498 v _2366_/A1 (sky130_fd_sc_hd__a21o_1)
     4    0.010063    0.117273    0.368241   12.383739 v _2366_/X (sky130_fd_sc_hd__a21o_1)
                                                         _0120_ (net)
                      0.117277    0.000862   12.384602 v _2369_/A1 (sky130_fd_sc_hd__a21oi_1)
     3    0.014416    0.522684    0.492752   12.877353 ^ _2369_/Y (sky130_fd_sc_hd__a21oi_1)
                                                         _0123_ (net)
                      0.522686    0.000814   12.878167 ^ _2373_/B (sky130_fd_sc_hd__xnor2_1)
     4    0.012369    0.497805    0.455395   13.333562 ^ _2373_/Y (sky130_fd_sc_hd__xnor2_1)
                                                         _0127_ (net)
                      0.497806    0.000542   13.334104 ^ _2378_/A2 (sky130_fd_sc_hd__a21o_1)
     4    0.011714    0.176104    0.450942   13.785047 ^ _2378_/X (sky130_fd_sc_hd__a21o_1)
                                                         _0132_ (net)
                      0.176105    0.000844   13.785891 ^ _2382_/A2 (sky130_fd_sc_hd__a21oi_1)
     3    0.012501    0.230786    0.282879   14.068769 v _2382_/Y (sky130_fd_sc_hd__a21oi_1)
                                                         _0136_ (net)
                      0.230786    0.000666   14.069435 v _2385_/B (sky130_fd_sc_hd__or3_4)
     3    0.008505    0.131473    0.799419   14.868855 v _2385_/X (sky130_fd_sc_hd__or3_4)
                                                         _0139_ (net)
                      0.131473    0.000447   14.869301 v _2387_/A1 (sky130_fd_sc_hd__a21o_1)
     4    0.012903    0.140206    0.390898   15.260199 v _2387_/X (sky130_fd_sc_hd__a21o_1)
                                                         _0141_ (net)
                      0.140206    0.000430   15.260629 v _2390_/A (sky130_fd_sc_hd__and3_1)
     3    0.010983    0.138501    0.394655   15.655284 v _2390_/X (sky130_fd_sc_hd__and3_1)
                                                         _0144_ (net)
                      0.138501    0.000563   15.655847 v _2392_/C (sky130_fd_sc_hd__or3_4)
     3    0.006889    0.127361    0.685723   16.341570 v _2392_/X (sky130_fd_sc_hd__or3_4)
                                                         _0146_ (net)
                      0.127361    0.000393   16.341963 v _2397_/A1 (sky130_fd_sc_hd__a21o_1)
     4    0.010486    0.120587    0.370809   16.712772 v _2397_/X (sky130_fd_sc_hd__a21o_1)
                                                         _0151_ (net)
                      0.120588    0.000499   16.713272 v _2406_/A (sky130_fd_sc_hd__and3_1)
     2    0.006444    0.100395    0.348404   17.061676 v _2406_/X (sky130_fd_sc_hd__and3_1)
                                                         _0160_ (net)
                      0.100395    0.000369   17.062044 v _2408_/C (sky130_fd_sc_hd__or3_4)
     3    0.008930    0.132610    0.682768   17.744812 v _2408_/X (sky130_fd_sc_hd__or3_4)
                                                         _0162_ (net)
                      0.132610    0.000515   17.745327 v _2410_/A1 (sky130_fd_sc_hd__a21o_1)
     3    0.007514    0.096765    0.350587   18.095915 v _2410_/X (sky130_fd_sc_hd__a21o_1)
                                                         _0164_ (net)
                      0.096765    0.000414   18.096329 v _2413_/A (sky130_fd_sc_hd__and3_1)
     2    0.006303    0.099289    0.335875   18.432203 v _2413_/X (sky130_fd_sc_hd__and3_1)
                                                         _0167_ (net)
                      0.099289    0.000341   18.432545 v _2415_/C (sky130_fd_sc_hd__or3_4)
     3    0.006557    0.126707    0.670733   19.103277 v _2415_/X (sky130_fd_sc_hd__or3_4)
                                                         _0169_ (net)
                      0.126708    0.000316   19.103594 v _2420_/A1 (sky130_fd_sc_hd__a21o_1)
     3    0.009041    0.108894    0.359568   19.463161 v _2420_/X (sky130_fd_sc_hd__a21o_1)
                                                         _0174_ (net)
                      0.108894    0.000453   19.463615 v _2428_/A1 (sky130_fd_sc_hd__a21bo_1)
     1    0.004418    0.075831    0.336582   19.800198 v _2428_/X (sky130_fd_sc_hd__a21bo_1)
                                                         _0180_ (net)
                      0.075831    0.000206   19.800404 v _2429_/B (sky130_fd_sc_hd__xor2_1)
     1    0.002618    0.121277    0.262064   20.062468 v _2429_/X (sky130_fd_sc_hd__xor2_1)
                                                         _0181_ (net)
                      0.121277    0.000121   20.062588 v _2430_/A1 (sky130_fd_sc_hd__mux2_4)
     1    0.002221    0.076476    0.482402   20.544991 v _2430_/X (sky130_fd_sc_hd__mux2_4)
                                                         _0025_ (net)
                      0.076476    0.000101   20.545092 v _3238_/D (sky130_fd_sc_hd__dfrtp_4)
                                             20.545092   data arrival time

                                 10.250000   10.250000   clock clk (rise edge)
                                  0.000000   10.250000   clock source latency
     2    0.042982    0.000000    0.000000   10.250000 ^ clk (in)
                                                         clk (net)
                      0.003069    0.001535   10.251535 ^ clkbuf_0_clk/A (sky130_fd_sc_hd__clkbuf_16)
    17    0.173714    0.282815    0.358431   10.609965 ^ clkbuf_0_clk/X (sky130_fd_sc_hd__clkbuf_16)
                                                         clknet_0_clk (net)
                      0.283979    0.014811   10.624777 ^ clkbuf_3_3__f_clk/A (sky130_fd_sc_hd__clkbuf_16)
    35    0.101187    0.178996    0.409722   11.034499 ^ clkbuf_3_3__f_clk/X (sky130_fd_sc_hd__clkbuf_16)
                                                         clknet_3_3__leaf_clk (net)
                      0.179110    0.004220   11.038718 ^ _3238_/CLK (sky130_fd_sc_hd__dfrtp_4)
                                 -0.100000   10.938719   clock uncertainty
                                  0.000000   10.938719   clock reconvergence pessimism
                                 -0.248476   10.690243   library setup time
                                             10.690243   data required time
---------------------------------------------------------------------------------------------
                                             10.690243   data required time
                                            -20.545092   data arrival time
---------------------------------------------------------------------------------------------
                                             -9.854849   slack (VIOLATED)




===========================================================================
report_checks --slack_max -0.01
============================================================================
======================= max_ss_100C_1v60 Corner ===================================

Startpoint: _3302_ (rising edge-triggered flip-flop clocked by clk)
Endpoint: _3238_ (rising edge-triggered flip-flop clocked by clk)
Path Group: clk
Path Type: max

Fanout         Cap        Slew       Delay        Time   Description
---------------------------------------------------------------------------------------------
                                  0.000000    0.000000   clock clk (rise edge)
                                  0.000000    0.000000   clock source latency
     2    0.042982    0.000000    0.000000    0.000000 ^ clk (in)
                                                         clk (net)
                      0.003069    0.001535    0.001535 ^ clkbuf_0_clk/A (sky130_fd_sc_hd__clkbuf_16)
    17    0.173714    0.282815    0.358431    0.359966 ^ clkbuf_0_clk/X (sky130_fd_sc_hd__clkbuf_16)
                                                         clknet_0_clk (net)
                      0.284170    0.015931    0.375897 ^ clkbuf_3_0__f_clk/A (sky130_fd_sc_hd__clkbuf_16)
    25    0.095385    0.170836    0.403593    0.779490 ^ clkbuf_3_0__f_clk/X (sky130_fd_sc_hd__clkbuf_16)
                                                         clknet_3_0__leaf_clk (net)
                      0.171114    0.006067    0.785557 ^ _3302_/CLK (sky130_fd_sc_hd__dfrtp_4)
     6    0.024587    0.165710    1.112580    1.898138 v _3302_/Q (sky130_fd_sc_hd__dfrtp_4)
                                                         B_reg[12] (net)
                      0.165710    0.002246    1.900384 v _1910_/C (sky130_fd_sc_hd__and3_1)
     3    0.007457    0.108543    0.449418    2.349802 v _1910_/X (sky130_fd_sc_hd__and3_1)
                                                         _1175_ (net)
                      0.108543    0.000476    2.350277 v _2300_/A (sky130_fd_sc_hd__or4_4)
     4    0.009690    0.173084    1.094819    3.445097 v _2300_/X (sky130_fd_sc_hd__or4_4)
                                                         _1553_ (net)
                      0.173084    0.000549    3.445646 v _2304_/A1 (sky130_fd_sc_hd__a21o_1)
     3    0.008465    0.104307    0.375302    3.820949 v _2304_/X (sky130_fd_sc_hd__a21o_1)
                                                         _1557_ (net)
                      0.104308    0.000492    3.821440 v _2308_/A (sky130_fd_sc_hd__and3_1)
     2    0.005756    0.095003    0.335022    4.156462 v _2308_/X (sky130_fd_sc_hd__and3_1)
                                                         _1561_ (net)
                      0.095003    0.000361    4.156823 v _2310_/C (sky130_fd_sc_hd__or3_4)
     3    0.006804    0.127329    0.670545    4.827368 v _2310_/X (sky130_fd_sc_hd__or3_4)
                                                         _1563_ (net)
                      0.127329    0.000226    4.827594 v _2313_/A1 (sky130_fd_sc_hd__a21o_1)
     4    0.010251    0.118726    0.368958    5.196551 v _2313_/X (sky130_fd_sc_hd__a21o_1)
                                                         _1566_ (net)
                      0.118727    0.000567    5.197118 v _2319_/A (sky130_fd_sc_hd__and3_1)
     2    0.007174    0.106240    0.353453    5.550571 v _2319_/X (sky130_fd_sc_hd__and3_1)
                                                         _1572_ (net)
                      0.106241    0.000525    5.551096 v _2321_/C (sky130_fd_sc_hd__or3_4)
     3    0.007349    0.128634    0.677038    6.228135 v _2321_/X (sky130_fd_sc_hd__or3_4)
                                                         _1574_ (net)
                      0.128634    0.000250    6.228384 v _2326_/A1 (sky130_fd_sc_hd__a21o_1)
     4    0.010481    0.120594    0.371261    6.599646 v _2326_/X (sky130_fd_sc_hd__a21o_1)
                                                         _1579_ (net)
                      0.120595    0.000577    6.600222 v _2328_/A (sky130_fd_sc_hd__and3_1)
     2    0.007057    0.105293    0.353402    6.953624 v _2328_/X (sky130_fd_sc_hd__and3_1)
                                                         _1581_ (net)
                      0.105293    0.000456    6.954080 v _2330_/A (sky130_fd_sc_hd__or3_4)
     3    0.007165    0.128252    0.778144    7.732224 v _2330_/X (sky130_fd_sc_hd__or3_4)
                                                         _1583_ (net)
                      0.128253    0.000460    7.732684 v _2334_/A1 (sky130_fd_sc_hd__a21o_1)
     4    0.011064    0.125621    0.375485    8.108169 v _2334_/X (sky130_fd_sc_hd__a21o_1)
                                                         _1587_ (net)
                      0.125621    0.000564    8.108732 v rebuffer11/A (sky130_fd_sc_hd__dlymetal6s2s_1)
     2    0.007761    0.111582    0.342697    8.451429 v rebuffer11/X (sky130_fd_sc_hd__dlymetal6s2s_1)
                                                         net64 (net)
                      0.111582    0.000436    8.451865 v _2343_/A1 (sky130_fd_sc_hd__a21bo_1)
     1    0.004849    0.079412    0.341661    8.793526 v _2343_/X (sky130_fd_sc_hd__a21bo_1)
                                                         _1596_ (net)
                      0.079412    0.000342    8.793868 v _2344_/B1 (sky130_fd_sc_hd__a22o_1)
     2    0.006763    0.104685    0.368320    9.162189 v _2344_/X (sky130_fd_sc_hd__a22o_1)
                                                         _1597_ (net)
                      0.104685    0.000460    9.162648 v _2347_/B1 (sky130_fd_sc_hd__a21o_1)
     4    0.010552    0.121198    0.352448    9.515097 v _2347_/X (sky130_fd_sc_hd__a21o_1)
                                                         _1600_ (net)
                      0.121199    0.000606    9.515702 v _2348_/A2 (sky130_fd_sc_hd__a21oi_1)
     3    0.012916    0.475615    0.482830    9.998532 ^ _2348_/Y (sky130_fd_sc_hd__a21oi_1)
                                                         _1601_ (net)
                      0.475617    0.000836    9.999368 ^ _2349_/B (sky130_fd_sc_hd__xnor2_1)
     3    0.016680    0.640446    0.485505   10.484873 ^ _2349_/Y (sky130_fd_sc_hd__xnor2_1)
                                                         _1602_ (net)
                      0.640448    0.000901   10.485773 ^ _2355_/A2 (sky130_fd_sc_hd__a21o_1)
     4    0.008975    0.142818    0.471369   10.957142 ^ _2355_/X (sky130_fd_sc_hd__a21o_1)
                                                         _0109_ (net)
                      0.142818    0.000512   10.957655 ^ _2360_/A1 (sky130_fd_sc_hd__a21oi_1)
     3    0.012508    0.231451    0.261321   11.218975 v _2360_/Y (sky130_fd_sc_hd__a21oi_1)
                                                         _0114_ (net)
                      0.231451    0.000756   11.219731 v _2364_/B (sky130_fd_sc_hd__or3_4)
     3    0.007613    0.129302    0.795297   12.015028 v _2364_/X (sky130_fd_sc_hd__or3_4)
                                                         _0118_ (net)
                      0.129302    0.000470   12.015498 v _2366_/A1 (sky130_fd_sc_hd__a21o_1)
     4    0.010063    0.117273    0.368241   12.383739 v _2366_/X (sky130_fd_sc_hd__a21o_1)
                                                         _0120_ (net)
                      0.117277    0.000862   12.384602 v _2369_/A1 (sky130_fd_sc_hd__a21oi_1)
     3    0.014416    0.522684    0.492752   12.877353 ^ _2369_/Y (sky130_fd_sc_hd__a21oi_1)
                                                         _0123_ (net)
                      0.522686    0.000814   12.878167 ^ _2373_/B (sky130_fd_sc_hd__xnor2_1)
     4    0.012369    0.497805    0.455395   13.333562 ^ _2373_/Y (sky130_fd_sc_hd__xnor2_1)
                                                         _0127_ (net)
                      0.497806    0.000542   13.334104 ^ _2378_/A2 (sky130_fd_sc_hd__a21o_1)
     4    0.011714    0.176104    0.450942   13.785047 ^ _2378_/X (sky130_fd_sc_hd__a21o_1)
                                                         _0132_ (net)
                      0.176105    0.000844   13.785891 ^ _2382_/A2 (sky130_fd_sc_hd__a21oi_1)
     3    0.012501    0.230786    0.282879   14.068769 v _2382_/Y (sky130_fd_sc_hd__a21oi_1)
                                                         _0136_ (net)
                      0.230786    0.000666   14.069435 v _2385_/B (sky130_fd_sc_hd__or3_4)
     3    0.008505    0.131473    0.799419   14.868855 v _2385_/X (sky130_fd_sc_hd__or3_4)
                                                         _0139_ (net)
                      0.131473    0.000447   14.869301 v _2387_/A1 (sky130_fd_sc_hd__a21o_1)
     4    0.012903    0.140206    0.390898   15.260199 v _2387_/X (sky130_fd_sc_hd__a21o_1)
                                                         _0141_ (net)
                      0.140206    0.000430   15.260629 v _2390_/A (sky130_fd_sc_hd__and3_1)
     3    0.010983    0.138501    0.394655   15.655284 v _2390_/X (sky130_fd_sc_hd__and3_1)
                                                         _0144_ (net)
                      0.138501    0.000563   15.655847 v _2392_/C (sky130_fd_sc_hd__or3_4)
     3    0.006889    0.127361    0.685723   16.341570 v _2392_/X (sky130_fd_sc_hd__or3_4)
                                                         _0146_ (net)
                      0.127361    0.000393   16.341963 v _2397_/A1 (sky130_fd_sc_hd__a21o_1)
     4    0.010486    0.120587    0.370809   16.712772 v _2397_/X (sky130_fd_sc_hd__a21o_1)
                                                         _0151_ (net)
                      0.120588    0.000499   16.713272 v _2406_/A (sky130_fd_sc_hd__and3_1)
     2    0.006444    0.100395    0.348404   17.061676 v _2406_/X (sky130_fd_sc_hd__and3_1)
                                                         _0160_ (net)
                      0.100395    0.000369   17.062044 v _2408_/C (sky130_fd_sc_hd__or3_4)
     3    0.008930    0.132610    0.682768   17.744812 v _2408_/X (sky130_fd_sc_hd__or3_4)
                                                         _0162_ (net)
                      0.132610    0.000515   17.745327 v _2410_/A1 (sky130_fd_sc_hd__a21o_1)
     3    0.007514    0.096765    0.350587   18.095915 v _2410_/X (sky130_fd_sc_hd__a21o_1)
                                                         _0164_ (net)
                      0.096765    0.000414   18.096329 v _2413_/A (sky130_fd_sc_hd__and3_1)
     2    0.006303    0.099289    0.335875   18.432203 v _2413_/X (sky130_fd_sc_hd__and3_1)
                                                         _0167_ (net)
                      0.099289    0.000341   18.432545 v _2415_/C (sky130_fd_sc_hd__or3_4)
     3    0.006557    0.126707    0.670733   19.103277 v _2415_/X (sky130_fd_sc_hd__or3_4)
                                                         _0169_ (net)
                      0.126708    0.000316   19.103594 v _2420_/A1 (sky130_fd_sc_hd__a21o_1)
     3    0.009041    0.108894    0.359568   19.463161 v _2420_/X (sky130_fd_sc_hd__a21o_1)
                                                         _0174_ (net)
                      0.108894    0.000453   19.463615 v _2428_/A1 (sky130_fd_sc_hd__a21bo_1)
     1    0.004418    0.075831    0.336582   19.800198 v _2428_/X (sky130_fd_sc_hd__a21bo_1)
                                                         _0180_ (net)
                      0.075831    0.000206   19.800404 v _2429_/B (sky130_fd_sc_hd__xor2_1)
     1    0.002618    0.121277    0.262064   20.062468 v _2429_/X (sky130_fd_sc_hd__xor2_1)
                                                         _0181_ (net)
                      0.121277    0.000121   20.062588 v _2430_/A1 (sky130_fd_sc_hd__mux2_4)
     1    0.002221    0.076476    0.482402   20.544991 v _2430_/X (sky130_fd_sc_hd__mux2_4)
                                                         _0025_ (net)
                      0.076476    0.000101   20.545092 v _3238_/D (sky130_fd_sc_hd__dfrtp_4)
                                             20.545092   data arrival time

                                 10.250000   10.250000   clock clk (rise edge)
                                  0.000000   10.250000   clock source latency
     2    0.042982    0.000000    0.000000   10.250000 ^ clk (in)
                                                         clk (net)
                      0.003069    0.001535   10.251535 ^ clkbuf_0_clk/A (sky130_fd_sc_hd__clkbuf_16)
    17    0.173714    0.282815    0.358431   10.609965 ^ clkbuf_0_clk/X (sky130_fd_sc_hd__clkbuf_16)
                                                         clknet_0_clk (net)
                      0.283979    0.014811   10.624777 ^ clkbuf_3_3__f_clk/A (sky130_fd_sc_hd__clkbuf_16)
    35    0.101187    0.178996    0.409722   11.034499 ^ clkbuf_3_3__f_clk/X (sky130_fd_sc_hd__clkbuf_16)
                                                         clknet_3_3__leaf_clk (net)
                      0.179110    0.004220   11.038718 ^ _3238_/CLK (sky130_fd_sc_hd__dfrtp_4)
                                 -0.100000   10.938719   clock uncertainty
                                  0.000000   10.938719   clock reconvergence pessimism
                                 -0.248476   10.690243   library setup time
                                             10.690243   data required time
---------------------------------------------------------------------------------------------
                                             10.690243   data required time
                                            -20.545092   data arrival time
---------------------------------------------------------------------------------------------
                                             -9.854849   slack (VIOLATED)




===========================================================================
 report_check_types -max_slew -max_cap -max_fanout -violators
============================================================================
======================= max_ss_100C_1v60 Corner ===================================



===========================================================================
report_parasitic_annotation -report_unannotated
============================================================================
Found 7 unannotated drivers.
 clkload0/Y
 clkload1/Y
 clkload2/Y
 clkload3/Y
 clkload4/Y
 clkload5/Y
 clkload6/Y
Found 0 partially unannotated drivers.

===========================================================================
max slew violation count 0
max fanout violation count 0
max cap violation count 0
============================================================================

===========================================================================
check_setup -verbose -unconstrained_endpoints -multiple_clock -no_clock -no_input_delay -loops -generated_clocks
===========================================================================
Warning: There are 36 input ports missing set_input_delay.
  A_in[0]
  A_in[10]
  A_in[11]
  A_in[12]
  A_in[13]
  A_in[14]
  A_in[15]
  A_in[1]
  A_in[2]
  A_in[3]
  A_in[4]
  A_in[5]
  A_in[6]
  A_in[7]
  A_in[8]
  A_in[9]
  B_in[0]
  B_in[10]
  B_in[11]
  B_in[12]
  B_in[13]
  B_in[14]
  B_in[15]
  B_in[1]
  B_in[2]
  B_in[3]
  B_in[4]
  B_in[5]
  B_in[6]
  B_in[7]
  B_in[8]
  B_in[9]
  Op_Sel[0]
  Op_Sel[1]
  Start
  rst_n
Warning: There are 17 unconstrained endpoints.
  Done
  X_out[0]
  X_out[10]
  X_out[11]
  X_out[12]
  X_out[13]
  X_out[14]
  X_out[15]
  X_out[1]
  X_out[2]
  X_out[3]
  X_out[4]
  X_out[5]
  X_out[6]
  X_out[7]
  X_out[8]
  X_out[9]
