Clock: clk
Sources: clk 
Generated: no
Virtual: yes
Propagated: no
Period: 20.000000

===========================================================================
report_clock_properties
============================================================================
Clock                   Period          Waveform
----------------------------------------------------
clk                  20.000000    0.000000 10.000000

===========================================================================
report_clock_latency
============================================================================
Clock clk
rise -> rise
    min     max
0.000000 0.000000 source latency
0.403210         network latency _3222_/CLK
        0.423054 network latency _3255_/CLK
---------------
0.403210 0.423054 latency
        0.019843 skew

fall -> fall
    min     max
0.000000 0.000000 source latency
0.389637         network latency _3222_/CLK
        0.405107 network latency _3255_/CLK
---------------
0.389637 0.405107 latency
        0.015470 skew



===========================================================================
report_clock_min_period
============================================================================
clk period_min = 10.25 fmax = 97.59
