
===========================================================================
report_checks -unconstrained
===========================================================================
======================= max_ff_n40C_1v95 Corner ===================================

Startpoint: _3302_ (rising edge-triggered flip-flop clocked by clk)
Endpoint: _3237_ (rising edge-triggered flip-flop clocked by clk)
Path Group: clk
Path Type: max

Fanout         Cap        Slew       Delay        Time   Description
---------------------------------------------------------------------------------------------
                                  0.000000    0.000000   clock clk (rise edge)
                                  0.000000    0.000000   clock source latency
     2    0.044000    0.000000    0.000000    0.000000 ^ clk (in)
                                                         clk (net)
                      0.003154    0.001577    0.001577 ^ clkbuf_0_clk/A (sky130_fd_sc_hd__clkbuf_16)
    17    0.169581    0.140658    0.152810    0.154388 ^ clkbuf_0_clk/X (sky130_fd_sc_hd__clkbuf_16)
                                                         clknet_0_clk (net)
                      0.142448    0.012646    0.167033 ^ clkbuf_3_0__f_clk/A (sky130_fd_sc_hd__clkbuf_16)
    25    0.094086    0.085525    0.152215    0.319248 ^ clkbuf_3_0__f_clk/X (sky130_fd_sc_hd__clkbuf_16)
                                                         clknet_3_0__leaf_clk (net)
                      0.086327    0.006581    0.325829 ^ _3302_/CLK (sky130_fd_sc_hd__dfrtp_4)
    15    0.051137    0.088361    0.361527    0.687356 v _3302_/Q (sky130_fd_sc_hd__dfrtp_4)
                                                         B_reg[12] (net)
                      0.088642    0.004309    0.691665 v _1910_/C (sky130_fd_sc_hd__and3_1)
     3    0.006345    0.037636    0.146355    0.838020 v _1910_/X (sky130_fd_sc_hd__and3_1)
                                                         _1175_ (net)
                      0.037636    0.000211    0.838231 v _2300_/B (sky130_fd_sc_hd__or4_1)
     4    0.010153    0.084928    0.323912    1.162143 v _2300_/X (sky130_fd_sc_hd__or4_1)
                                                         _1553_ (net)
                      0.084930    0.000575    1.162718 v _2304_/A2 (sky130_fd_sc_hd__a21o_1)
     3    0.007761    0.038698    0.145331    1.308049 v _2304_/X (sky130_fd_sc_hd__a21o_1)
                                                         _1557_ (net)
                      0.038703    0.000430    1.308479 v _2307_/A2 (sky130_fd_sc_hd__a21oi_1)
     3    0.010299    0.177919    0.172133    1.480612 ^ _2307_/Y (sky130_fd_sc_hd__a21oi_1)
                                                         _1560_ (net)
                      0.177921    0.000367    1.480979 ^ _2311_/B (sky130_fd_sc_hd__xor2_1)
     3    0.011190    0.188360    0.172632    1.653611 ^ _2311_/X (sky130_fd_sc_hd__xor2_1)
                                                         _1564_ (net)
                      0.188364    0.000724    1.654336 ^ _2313_/A2 (sky130_fd_sc_hd__a21o_1)
     4    0.011039    0.077857    0.121540    1.775876 ^ _2313_/X (sky130_fd_sc_hd__a21o_1)
                                                         _1566_ (net)
                      0.077860    0.000563    1.776439 ^ _2318_/A1 (sky130_fd_sc_hd__a21oi_1)
     3    0.011400    0.064971    0.070077    1.846516 v _2318_/Y (sky130_fd_sc_hd__a21oi_1)
                                                         _1571_ (net)
                      0.064980    0.000611    1.847127 v _2321_/B (sky130_fd_sc_hd__or3_1)
     3    0.009294    0.068347    0.235825    2.082952 v _2321_/X (sky130_fd_sc_hd__or3_1)
                                                         _1574_ (net)
                      0.068351    0.000598    2.083549 v _2326_/A1 (sky130_fd_sc_hd__a21o_1)
     4    0.011672    0.048923    0.135659    2.219209 v _2326_/X (sky130_fd_sc_hd__a21o_1)
                                                         _1579_ (net)
                      0.048941    0.000890    2.220098 v _2328_/C (sky130_fd_sc_hd__and3_1)
     2    0.004820    0.033356    0.124765    2.344863 v _2328_/X (sky130_fd_sc_hd__and3_1)
                                                         _1581_ (net)
                      0.033359    0.000293    2.345156 v _2330_/C (sky130_fd_sc_hd__or3_2)
     4    0.014569    0.077450    0.266333    2.611489 v _2330_/X (sky130_fd_sc_hd__or3_2)
                                                         _1583_ (net)
                      0.077468    0.001165    2.612654 v _2334_/A1 (sky130_fd_sc_hd__a21o_1)
     5    0.015973    0.061108    0.149410    2.762064 v _2334_/X (sky130_fd_sc_hd__a21o_1)
                                                         _1587_ (net)
                      0.061121    0.000868    2.762932 v _2338_/B (sky130_fd_sc_hd__and3_1)
     2    0.006825    0.039132    0.126023    2.888954 v _2338_/X (sky130_fd_sc_hd__and3_1)
                                                         _1591_ (net)
                      0.039134    0.000376    2.889330 v _2345_/C (sky130_fd_sc_hd__or3_1)
     3    0.008511    0.064865    0.200636    3.089966 v _2345_/X (sky130_fd_sc_hd__or3_1)
                                                         _1598_ (net)
                      0.064866    0.000329    3.090295 v _2347_/A1 (sky130_fd_sc_hd__a21o_1)
     4    0.012345    0.050778    0.136031    3.226326 v _2347_/X (sky130_fd_sc_hd__a21o_1)
                                                         _1600_ (net)
                      0.050798    0.000936    3.227262 v _2350_/C (sky130_fd_sc_hd__and3_1)
     2    0.007270    0.040529    0.133562    3.360823 v _2350_/X (sky130_fd_sc_hd__and3_1)
                                                         _1603_ (net)
                      0.040534    0.000465    3.361289 v _2352_/C (sky130_fd_sc_hd__or3_1)
     3    0.009768    0.069665    0.206839    3.568128 v _2352_/X (sky130_fd_sc_hd__or3_1)
                                                         _0106_ (net)
                      0.069669    0.000617    3.568744 v _2355_/A2 (sky130_fd_sc_hd__a21o_1)
     4    0.011208    0.047628    0.150597    3.719342 v _2355_/X (sky130_fd_sc_hd__a21o_1)
                                                         _0109_ (net)
                      0.047644    0.000827    3.720169 v _2362_/B (sky130_fd_sc_hd__and3_1)
     2    0.006136    0.037037    0.118327    3.838496 v _2362_/X (sky130_fd_sc_hd__and3_1)
                                                         _0116_ (net)
                      0.037040    0.000364    3.838860 v _2364_/C (sky130_fd_sc_hd__or3_1)
     3    0.007827    0.062113    0.196661    4.035522 v _2364_/X (sky130_fd_sc_hd__or3_1)
                                                         _0118_ (net)
                      0.062116    0.000525    4.036047 v _2366_/A2 (sky130_fd_sc_hd__a21o_1)
     4    0.011213    0.047608    0.148100    4.184146 v _2366_/X (sky130_fd_sc_hd__a21o_1)
                                                         _0120_ (net)
                      0.047614    0.000555    4.184700 v _2370_/B (sky130_fd_sc_hd__and3_1)
     2    0.005980    0.036601    0.117854    4.302555 v _2370_/X (sky130_fd_sc_hd__and3_1)
                                                         _0124_ (net)
                      0.036603    0.000303    4.302858 v _2372_/C (sky130_fd_sc_hd__or3_1)
     3    0.009432    0.068890    0.204289    4.507148 v _2372_/X (sky130_fd_sc_hd__or3_1)
                                                         _0126_ (net)
                      0.068890    0.000303    4.507451 v _2378_/A1 (sky130_fd_sc_hd__a21o_1)
     4    0.011139    0.047458    0.134702    4.642153 v _2378_/X (sky130_fd_sc_hd__a21o_1)
                                                         _0132_ (net)
                      0.047466    0.000632    4.642786 v _2383_/C (sky130_fd_sc_hd__and3_1)
     2    0.007730    0.041934    0.133851    4.776637 v _2383_/X (sky130_fd_sc_hd__and3_1)
                                                         _0137_ (net)
                      0.041938    0.000467    4.777104 v _2385_/C (sky130_fd_sc_hd__or3_1)
     3    0.008448    0.064630    0.201064    4.978168 v _2385_/X (sky130_fd_sc_hd__or3_1)
                                                         _0139_ (net)
                      0.064631    0.000428    4.978595 v _2387_/A1 (sky130_fd_sc_hd__a21o_1)
     4    0.012854    0.052248    0.137331    5.115926 v _2387_/X (sky130_fd_sc_hd__a21o_1)
                                                         _0141_ (net)
                      0.052249    0.000394    5.116320 v _2390_/B (sky130_fd_sc_hd__and3_1)
     3    0.010635    0.049546    0.134468    5.250787 v _2390_/X (sky130_fd_sc_hd__and3_1)
                                                         _0144_ (net)
                      0.049557    0.000716    5.251503 v _2392_/C (sky130_fd_sc_hd__or3_1)
     3    0.007117    0.059237    0.196739    5.448242 v _2392_/X (sky130_fd_sc_hd__or3_1)
                                                         _0146_ (net)
                      0.059239    0.000426    5.448668 v _2397_/A1 (sky130_fd_sc_hd__a21o_1)
     4    0.011396    0.048123    0.131814    5.580482 v _2397_/X (sky130_fd_sc_hd__a21o_1)
                                                         _0151_ (net)
                      0.048128    0.000532    5.581015 v _2406_/B (sky130_fd_sc_hd__and3_1)
     2    0.006053    0.036802    0.118238    5.699252 v _2406_/X (sky130_fd_sc_hd__and3_1)
                                                         _0160_ (net)
                      0.036805    0.000344    5.699596 v _2408_/C (sky130_fd_sc_hd__or3_1)
     3    0.008291    0.063949    0.198912    5.898509 v _2408_/X (sky130_fd_sc_hd__or3_1)
                                                         _0162_ (net)
                      0.063950    0.000397    5.898905 v _2410_/A2 (sky130_fd_sc_hd__a21o_1)
     3    0.007402    0.037602    0.136918    6.035823 v _2410_/X (sky130_fd_sc_hd__a21o_1)
                                                         _0164_ (net)
                      0.037605    0.000399    6.036222 v _2413_/C (sky130_fd_sc_hd__and3_1)
     2    0.005059    0.034019    0.121268    6.157490 v _2413_/X (sky130_fd_sc_hd__and3_1)
                                                         _0167_ (net)
                      0.034021    0.000299    6.157789 v _2415_/C (sky130_fd_sc_hd__or3_1)
     3    0.007364    0.060139    0.193741    6.351530 v _2415_/X (sky130_fd_sc_hd__or3_1)
                                                         _0169_ (net)
                      0.060140    0.000360    6.351890 v _2420_/A1 (sky130_fd_sc_hd__a21o_1)
     4    0.011738    0.049071    0.132945    6.484835 v _2420_/X (sky130_fd_sc_hd__a21o_1)
                                                         _0174_ (net)
                      0.049080    0.000648    6.485484 v _2423_/A1 (sky130_fd_sc_hd__a21o_1)
     2    0.008385    0.040720    0.119068    6.604551 v _2423_/X (sky130_fd_sc_hd__a21o_1)
                                                         _0177_ (net)
                      0.040730    0.000597    6.605148 v _2426_/B (sky130_fd_sc_hd__xnor2_1)
     1    0.003315    0.042791    0.080932    6.686080 v _2426_/Y (sky130_fd_sc_hd__xnor2_1)
                                                         _0179_ (net)
                      0.042791    0.000134    6.686214 v _2427_/A1 (sky130_fd_sc_hd__mux2_1)
     1    0.003093    0.039137    0.151324    6.837538 v _2427_/X (sky130_fd_sc_hd__mux2_1)
                                                         _0024_ (net)
                      0.039137    0.000201    6.837739 v _3237_/D (sky130_fd_sc_hd__dfrtp_4)
                                              6.837739   data arrival time

                                140.000000  140.000000   clock clk (rise edge)
                                  0.000000  140.000000   clock source latency
     2    0.044000    0.000000    0.000000  140.000000 ^ clk (in)
                                                         clk (net)
                      0.003154    0.001577  140.001572 ^ clkbuf_0_clk/A (sky130_fd_sc_hd__clkbuf_16)
    17    0.169581    0.140658    0.152809  140.154388 ^ clkbuf_0_clk/X (sky130_fd_sc_hd__clkbuf_16)
                                                         clknet_0_clk (net)
                      0.142365    0.012363  140.166748 ^ clkbuf_3_3__f_clk/A (sky130_fd_sc_hd__clkbuf_16)
    35    0.102597    0.091818    0.156078  140.322830 ^ clkbuf_3_3__f_clk/X (sky130_fd_sc_hd__clkbuf_16)
                                                         clknet_3_3__leaf_clk (net)
                      0.092417    0.005940  140.328766 ^ _3237_/CLK (sky130_fd_sc_hd__dfrtp_4)
                                 -0.100000  140.228775   clock uncertainty
                                  0.000000  140.228775   clock reconvergence pessimism
                                 -0.069366  140.159409   library setup time
                                            140.159409   data required time
---------------------------------------------------------------------------------------------
                                            140.159409   data required time
                                             -6.837739   data arrival time
---------------------------------------------------------------------------------------------
                                            133.321671   slack (MET)




===========================================================================
report_checks --slack_max -0.01
============================================================================
======================= max_ff_n40C_1v95 Corner ===================================

No paths found.


===========================================================================
 report_check_types -max_slew -max_cap -max_fanout -violators
============================================================================
======================= max_ff_n40C_1v95 Corner ===================================



===========================================================================
report_parasitic_annotation -report_unannotated
============================================================================
Found 7 unannotated drivers.
 clkload0/Y
 clkload1/Y
 clkload2/Y
 clkload3/Y
 clkload4/Y
 clkload5/Y
 clkload6/Y
Found 0 partially unannotated drivers.

===========================================================================
max slew violation count 0
max fanout violation count 0
max cap violation count 0
============================================================================

===========================================================================
check_setup -verbose -unconstrained_endpoints -multiple_clock -no_clock -no_input_delay -loops -generated_clocks
===========================================================================
Warning: There are 36 input ports missing set_input_delay.
  A_in[0]
  A_in[10]
  A_in[11]
  A_in[12]
  A_in[13]
  A_in[14]
  A_in[15]
  A_in[1]
  A_in[2]
  A_in[3]
  A_in[4]
  A_in[5]
  A_in[6]
  A_in[7]
  A_in[8]
  A_in[9]
  B_in[0]
  B_in[10]
  B_in[11]
  B_in[12]
  B_in[13]
  B_in[14]
  B_in[15]
  B_in[1]
  B_in[2]
  B_in[3]
  B_in[4]
  B_in[5]
  B_in[6]
  B_in[7]
  B_in[8]
  B_in[9]
  Op_Sel[0]
  Op_Sel[1]
  Start
  rst_n
Warning: There are 17 unconstrained endpoints.
  Done
  X_out[0]
  X_out[10]
  X_out[11]
  X_out[12]
  X_out[13]
  X_out[14]
  X_out[15]
  X_out[1]
  X_out[2]
  X_out[3]
  X_out[4]
  X_out[5]
  X_out[6]
  X_out[7]
  X_out[8]
  X_out[9]
