Clock: clk
Sources: clk 
Generated: no
Virtual: yes
Propagated: no
Period: 140.000000

===========================================================================
report_clock_properties
============================================================================
Clock                   Period          Waveform
----------------------------------------------------
clk                 140.000000    0.000000 70.000000

===========================================================================
report_clock_latency
============================================================================
Clock clk
rise -> rise
    min     max
0.000000 0.000000 source latency
0.311746         network latency _3222_/CLK
        0.337062 network latency _3298_/CLK
---------------
0.311746 0.337062 latency
        0.025316 skew

fall -> fall
    min     max
0.000000 0.000000 source latency
0.294406         network latency _3222_/CLK
        0.315865 network latency _3298_/CLK
---------------
0.294406 0.315865 latency
        0.021458 skew



===========================================================================
report_clock_min_period
============================================================================
clk period_min = 6.68 fmax = 149.74
