Clock: clk
Sources: clk 
Generated: no
Virtual: yes
Propagated: no
Period: 11.000000

===========================================================================
report_clock_properties
============================================================================
Clock                   Period          Waveform
----------------------------------------------------
clk                  11.000000    0.000000  5.500000

===========================================================================
report_clock_latency
============================================================================
Clock clk
rise -> rise
    min     max
0.000000 0.000000 source latency
0.295046         network latency _3221_/CLK
        0.315993 network latency _3295_/CLK
---------------
0.295046 0.315993 latency
        0.020946 skew

fall -> fall
    min     max
0.000000 0.000000 source latency
0.280016         network latency _3221_/CLK
        0.296523 network latency _3295_/CLK
---------------
0.280016 0.296523 latency
        0.016507 skew



===========================================================================
report_clock_min_period
============================================================================
clk period_min = 6.32 fmax = 158.22
