Clock: clk
Sources: clk 
Generated: no
Virtual: yes
Propagated: no
Period: 40.000000

===========================================================================
report_clock_properties
============================================================================
Clock                   Period          Waveform
----------------------------------------------------
clk                  40.000000    0.000000 20.000000

===========================================================================
report_clock_latency
============================================================================
Clock clk
rise -> rise
    min     max
0.000000 0.000000 source latency
0.404866         network latency _3235_/CLK
        0.418264 network latency _3215_/CLK
---------------
0.404866 0.418264 latency
        0.013398 skew

fall -> fall
    min     max
0.000000 0.000000 source latency
0.391065         network latency _3235_/CLK
        0.401652 network latency _3295_/CLK
---------------
0.391065 0.401652 latency
        0.010587 skew



===========================================================================
report_clock_min_period
============================================================================
clk period_min = 10.73 fmax = 93.21
