Clock: clk
Sources: clk 
Generated: no
Virtual: yes
Propagated: no
Period: 60.000000

===========================================================================
report_clock_properties
============================================================================
Clock                   Period          Waveform
----------------------------------------------------
clk                  60.000000    0.000000 30.000000

===========================================================================
report_clock_latency
============================================================================
Clock clk
rise -> rise
    min     max
0.000000 0.000000 source latency
0.001725         network latency _3265_/CLK
        0.022342 network latency _3295_/CLK
---------------
0.001725 0.022342 latency
        0.020617 skew

fall -> fall
    min     max
0.000000 0.000000 source latency
0.001645         network latency _3265_/CLK
        0.021316 network latency _3295_/CLK
---------------
0.001645 0.021316 latency
        0.019671 skew



===========================================================================
report_clock_min_period
============================================================================
clk period_min = 12.26 fmax = 81.54
