
===========================================================================
report_checks -unconstrained
===========================================================================
======================= max_ss_100C_1v60 Corner ===================================

Startpoint: _3302_ (rising edge-triggered flip-flop clocked by clk)
Endpoint: _3238_ (rising edge-triggered flip-flop clocked by clk)
Path Group: clk
Path Type: max

Fanout         Cap        Slew       Delay        Time   Description
---------------------------------------------------------------------------------------------
                                  0.000000    0.000000   clock clk (rise edge)
                                  0.000000    0.000000   clock source latency
     2    0.041281    0.000000    0.000000    0.000000 ^ clk (in)
                                                         clk (net)
                      0.002971    0.001485    0.001485 ^ clkbuf_0_clk/A (sky130_fd_sc_hd__clkbuf_16)
    17    0.173389    0.281695    0.359196    0.360682 ^ clkbuf_0_clk/X (sky130_fd_sc_hd__clkbuf_16)
                                                         clknet_0_clk (net)
                      0.282598    0.013055    0.373737 ^ clkbuf_3_0__f_clk/A (sky130_fd_sc_hd__clkbuf_16)
    25    0.095598    0.171121    0.403160    0.776896 ^ clkbuf_3_0__f_clk/X (sky130_fd_sc_hd__clkbuf_16)
                                                         clknet_3_0__leaf_clk (net)
                      0.171398    0.006054    0.782951 ^ _3302_/CLK (sky130_fd_sc_hd__dfrtp_4)
     6    0.025037    0.166591    1.113741    1.896692 v _3302_/Q (sky130_fd_sc_hd__dfrtp_4)
                                                         B_reg[12] (net)
                      0.166591    0.002905    1.899597 v _1910_/C (sky130_fd_sc_hd__and3_1)
     3    0.007855    0.111831    0.453161    2.352758 v _1910_/X (sky130_fd_sc_hd__and3_1)
                                                         _1175_ (net)
                      0.111833    0.000633    2.353390 v _2300_/A (sky130_fd_sc_hd__or4_4)
     4    0.009727    0.173153    1.096343    3.449733 v _2300_/X (sky130_fd_sc_hd__or4_4)
                                                         _1553_ (net)
                      0.173153    0.000552    3.450284 v _2304_/A1 (sky130_fd_sc_hd__a21o_1)
     3    0.008603    0.105414    0.376376    3.826660 v _2304_/X (sky130_fd_sc_hd__a21o_1)
                                                         _1557_ (net)
                      0.105415    0.000501    3.827162 v _2308_/A (sky130_fd_sc_hd__and3_1)
     2    0.005734    0.094837    0.335369    4.162530 v _2308_/X (sky130_fd_sc_hd__and3_1)
                                                         _1561_ (net)
                      0.094837    0.000361    4.162891 v _2310_/C (sky130_fd_sc_hd__or3_4)
     3    0.006592    0.126794    0.669446    4.832337 v _2310_/X (sky130_fd_sc_hd__or3_4)
                                                         _1563_ (net)
                      0.126795    0.000223    4.832561 v _2313_/A1 (sky130_fd_sc_hd__a21o_1)
     4    0.010647    0.121970    0.371712    5.204273 v _2313_/X (sky130_fd_sc_hd__a21o_1)
                                                         _1566_ (net)
                      0.121971    0.000584    5.204857 v _2319_/A (sky130_fd_sc_hd__and3_1)
     2    0.007691    0.110455    0.359228    5.564086 v _2319_/X (sky130_fd_sc_hd__and3_1)
                                                         _1572_ (net)
                      0.110455    0.000485    5.564570 v _2321_/C (sky130_fd_sc_hd__or3_4)
     3    0.007540    0.129083    0.679407    6.243977 v _2321_/X (sky130_fd_sc_hd__or3_4)
                                                         _1574_ (net)
                      0.129083    0.000258    6.244235 v _2326_/A1 (sky130_fd_sc_hd__a21o_1)
     4    0.010249    0.118689    0.369710    6.613944 v _2326_/X (sky130_fd_sc_hd__a21o_1)
                                                         _1579_ (net)
                      0.118690    0.000556    6.614501 v _2328_/A (sky130_fd_sc_hd__and3_1)
     2    0.007402    0.108096    0.355301    6.969802 v _2328_/X (sky130_fd_sc_hd__and3_1)
                                                         _1581_ (net)
                      0.108096    0.000483    6.970285 v _2330_/A (sky130_fd_sc_hd__or3_4)
     3    0.007165    0.128231    0.779280    7.749565 v _2330_/X (sky130_fd_sc_hd__or3_4)
                                                         _1583_ (net)
                      0.128231    0.000460    7.750025 v _2334_/A1 (sky130_fd_sc_hd__a21o_1)
     4    0.011063    0.125623    0.375475    8.125500 v _2334_/X (sky130_fd_sc_hd__a21o_1)
                                                         _1587_ (net)
                      0.125624    0.000563    8.126062 v rebuffer14/A (sky130_fd_sc_hd__dlymetal6s2s_1)
     2    0.007773    0.111671    0.342784    8.468847 v rebuffer14/X (sky130_fd_sc_hd__dlymetal6s2s_1)
                                                         net67 (net)
                      0.111671    0.000437    8.469284 v _2343_/A1 (sky130_fd_sc_hd__a21bo_1)
     1    0.004838    0.079328    0.341608    8.810892 v _2343_/X (sky130_fd_sc_hd__a21bo_1)
                                                         _1596_ (net)
                      0.079328    0.000338    8.811231 v _2344_/B1 (sky130_fd_sc_hd__a22o_1)
     2    0.006791    0.104915    0.368541    9.179771 v _2344_/X (sky130_fd_sc_hd__a22o_1)
                                                         _1597_ (net)
                      0.104915    0.000456    9.180226 v _2347_/B1 (sky130_fd_sc_hd__a21o_1)
     4    0.011080    0.125550    0.356590    9.536817 v _2347_/X (sky130_fd_sc_hd__a21o_1)
                                                         _1600_ (net)
                      0.125551    0.000639    9.537457 v _2350_/B (sky130_fd_sc_hd__and3_1)
     2    0.006429    0.100281    0.392139    9.929595 v _2350_/X (sky130_fd_sc_hd__and3_1)
                                                         _1603_ (net)
                      0.100282    0.000449    9.930044 v _2352_/C (sky130_fd_sc_hd__or3_4)
     3    0.008893    0.132515    0.682557   10.612602 v _2352_/X (sky130_fd_sc_hd__or3_4)
                                                         _0106_ (net)
                      0.132515    0.000530   10.613132 v _2355_/A1 (sky130_fd_sc_hd__a21o_1)
     4    0.010281    0.119090    0.371315   10.984447 v _2355_/X (sky130_fd_sc_hd__a21o_1)
                                                         _0109_ (net)
                      0.119093    0.000826   10.985273 v _2360_/A1 (sky130_fd_sc_hd__a21oi_1)
     3    0.012499    0.462914    0.449051   11.434324 ^ _2360_/Y (sky130_fd_sc_hd__a21oi_1)
                                                         _0114_ (net)
                      0.462917    0.001038   11.435362 ^ _2361_/B (sky130_fd_sc_hd__xnor2_1)
     3    0.016090    0.620778    0.474992   11.910354 ^ _2361_/Y (sky130_fd_sc_hd__xnor2_1)
                                                         _0115_ (net)
                      0.620780    0.001078   11.911432 ^ _2366_/A2 (sky130_fd_sc_hd__a21o_1)
     4    0.010072    0.156221    0.476579   12.388011 ^ _2366_/X (sky130_fd_sc_hd__a21o_1)
                                                         _0120_ (net)
                      0.156221    0.000553   12.388564 ^ _2369_/A1 (sky130_fd_sc_hd__a21oi_1)
     3    0.012757    0.234274    0.269839   12.658403 v _2369_/Y (sky130_fd_sc_hd__a21oi_1)
                                                         _0123_ (net)
                      0.234277    0.000715   12.659119 v _2372_/B (sky130_fd_sc_hd__or3_4)
     3    0.008946    0.132605    0.802970   13.462089 v _2372_/X (sky130_fd_sc_hd__or3_4)
                                                         _0126_ (net)
                      0.132605    0.000292   13.462381 v _2378_/A1 (sky130_fd_sc_hd__a21o_1)
     3    0.006841    0.091608    0.345577   13.807958 v _2378_/X (sky130_fd_sc_hd__a21o_1)
                                                         _0132_ (net)
                      0.091608    0.000203   13.808161 v _2383_/C (sky130_fd_sc_hd__and3_1)
     2    0.007348    0.107645    0.411652   14.219813 v _2383_/X (sky130_fd_sc_hd__and3_1)
                                                         _0137_ (net)
                      0.107645    0.000441   14.220255 v _2385_/C (sky130_fd_sc_hd__or3_4)
     3    0.008572    0.131661    0.683515   14.903769 v _2385_/X (sky130_fd_sc_hd__or3_4)
                                                         _0139_ (net)
                      0.131661    0.000442   14.904212 v _2387_/A1 (sky130_fd_sc_hd__a21o_1)
     4    0.012701    0.139021    0.389294   15.293506 v _2387_/X (sky130_fd_sc_hd__a21o_1)
                                                         _0141_ (net)
                      0.139023    0.000716   15.294222 v _2390_/A (sky130_fd_sc_hd__and3_1)
     3    0.011138    0.140034    0.395058   15.689280 v _2390_/X (sky130_fd_sc_hd__and3_1)
                                                         _0144_ (net)
                      0.140039    0.001005   15.690285 v _2392_/C (sky130_fd_sc_hd__or3_4)
     3    0.007101    0.127871    0.687281   16.377567 v _2392_/X (sky130_fd_sc_hd__or3_4)
                                                         _0146_ (net)
                      0.127871    0.000425   16.377991 v _2397_/A1 (sky130_fd_sc_hd__a21o_1)
     4    0.011245    0.126854    0.376748   16.754738 v _2397_/X (sky130_fd_sc_hd__a21o_1)
                                                         _0151_ (net)
                      0.126855    0.000513   16.755251 v _2406_/A (sky130_fd_sc_hd__and3_1)
     2    0.006936    0.104310    0.355419   17.110670 v _2406_/X (sky130_fd_sc_hd__and3_1)
                                                         _0160_ (net)
                      0.104310    0.000417   17.111088 v _2408_/C (sky130_fd_sc_hd__or3_4)
     3    0.008656    0.131909    0.682755   17.793844 v _2408_/X (sky130_fd_sc_hd__or3_4)
                                                         _0162_ (net)
                      0.131909    0.000512   17.794355 v _2410_/A1 (sky130_fd_sc_hd__a21o_1)
     3    0.007477    0.096463    0.350006   18.144361 v _2410_/X (sky130_fd_sc_hd__a21o_1)
                                                         _0164_ (net)
                      0.096463    0.000407   18.144768 v _2413_/A (sky130_fd_sc_hd__and3_1)
     2    0.006303    0.099291    0.335731   18.480499 v _2413_/X (sky130_fd_sc_hd__and3_1)
                                                         _0167_ (net)
                      0.099291    0.000341   18.480841 v _2415_/C (sky130_fd_sc_hd__or3_4)
     3    0.006557    0.126711    0.670733   19.151573 v _2415_/X (sky130_fd_sc_hd__or3_4)
                                                         _0169_ (net)
                      0.126712    0.000316   19.151890 v _2420_/A1 (sky130_fd_sc_hd__a21o_1)
     3    0.009041    0.108894    0.359570   19.511459 v _2420_/X (sky130_fd_sc_hd__a21o_1)
                                                         _0174_ (net)
                      0.108894    0.000453   19.511913 v _2428_/A1 (sky130_fd_sc_hd__a21bo_1)
     1    0.004418    0.075831    0.336582   19.848495 v _2428_/X (sky130_fd_sc_hd__a21bo_1)
                                                         _0180_ (net)
                      0.075831    0.000206   19.848701 v _2429_/B (sky130_fd_sc_hd__xor2_1)
     1    0.002618    0.121277    0.262064   20.110765 v _2429_/X (sky130_fd_sc_hd__xor2_1)
                                                         _0181_ (net)
                      0.121277    0.000121   20.110886 v _2430_/A1 (sky130_fd_sc_hd__mux2_4)
     1    0.002251    0.076605    0.482592   20.593477 v _2430_/X (sky130_fd_sc_hd__mux2_4)
                                                         _0025_ (net)
                      0.076605    0.000103   20.593580 v _3238_/D (sky130_fd_sc_hd__dfrtp_4)
                                             20.593580   data arrival time

                                 10.000000   10.000000   clock clk (rise edge)
                                  0.000000   10.000000   clock source latency
     2    0.041281    0.000000    0.000000   10.000000 ^ clk (in)
                                                         clk (net)
                      0.002971    0.001485   10.001485 ^ clkbuf_0_clk/A (sky130_fd_sc_hd__clkbuf_16)
    17    0.173389    0.281695    0.359197   10.360682 ^ clkbuf_0_clk/X (sky130_fd_sc_hd__clkbuf_16)
                                                         clknet_0_clk (net)
                      0.282503    0.012376   10.373058 ^ clkbuf_3_3__f_clk/A (sky130_fd_sc_hd__clkbuf_16)
    35    0.103826    0.182850    0.410663   10.783721 ^ clkbuf_3_3__f_clk/X (sky130_fd_sc_hd__clkbuf_16)
                                                         clknet_3_3__leaf_clk (net)
                      0.183237    0.005747   10.789468 ^ _3238_/CLK (sky130_fd_sc_hd__dfrtp_4)
                                 -0.100000   10.689467   clock uncertainty
                                  0.000000   10.689467   clock reconvergence pessimism
                                 -0.247433   10.442035   library setup time
                                             10.442035   data required time
---------------------------------------------------------------------------------------------
                                             10.442035   data required time
                                            -20.593580   data arrival time
---------------------------------------------------------------------------------------------
                                            -10.151546   slack (VIOLATED)




===========================================================================
report_checks --slack_max -0.01
============================================================================
======================= max_ss_100C_1v60 Corner ===================================

Startpoint: _3302_ (rising edge-triggered flip-flop clocked by clk)
Endpoint: _3238_ (rising edge-triggered flip-flop clocked by clk)
Path Group: clk
Path Type: max

Fanout         Cap        Slew       Delay        Time   Description
---------------------------------------------------------------------------------------------
                                  0.000000    0.000000   clock clk (rise edge)
                                  0.000000    0.000000   clock source latency
     2    0.041281    0.000000    0.000000    0.000000 ^ clk (in)
                                                         clk (net)
                      0.002971    0.001485    0.001485 ^ clkbuf_0_clk/A (sky130_fd_sc_hd__clkbuf_16)
    17    0.173389    0.281695    0.359196    0.360682 ^ clkbuf_0_clk/X (sky130_fd_sc_hd__clkbuf_16)
                                                         clknet_0_clk (net)
                      0.282598    0.013055    0.373737 ^ clkbuf_3_0__f_clk/A (sky130_fd_sc_hd__clkbuf_16)
    25    0.095598    0.171121    0.403160    0.776896 ^ clkbuf_3_0__f_clk/X (sky130_fd_sc_hd__clkbuf_16)
                                                         clknet_3_0__leaf_clk (net)
                      0.171398    0.006054    0.782951 ^ _3302_/CLK (sky130_fd_sc_hd__dfrtp_4)
     6    0.025037    0.166591    1.113741    1.896692 v _3302_/Q (sky130_fd_sc_hd__dfrtp_4)
                                                         B_reg[12] (net)
                      0.166591    0.002905    1.899597 v _1910_/C (sky130_fd_sc_hd__and3_1)
     3    0.007855    0.111831    0.453161    2.352758 v _1910_/X (sky130_fd_sc_hd__and3_1)
                                                         _1175_ (net)
                      0.111833    0.000633    2.353390 v _2300_/A (sky130_fd_sc_hd__or4_4)
     4    0.009727    0.173153    1.096343    3.449733 v _2300_/X (sky130_fd_sc_hd__or4_4)
                                                         _1553_ (net)
                      0.173153    0.000552    3.450284 v _2304_/A1 (sky130_fd_sc_hd__a21o_1)
     3    0.008603    0.105414    0.376376    3.826660 v _2304_/X (sky130_fd_sc_hd__a21o_1)
                                                         _1557_ (net)
                      0.105415    0.000501    3.827162 v _2308_/A (sky130_fd_sc_hd__and3_1)
     2    0.005734    0.094837    0.335369    4.162530 v _2308_/X (sky130_fd_sc_hd__and3_1)
                                                         _1561_ (net)
                      0.094837    0.000361    4.162891 v _2310_/C (sky130_fd_sc_hd__or3_4)
     3    0.006592    0.126794    0.669446    4.832337 v _2310_/X (sky130_fd_sc_hd__or3_4)
                                                         _1563_ (net)
                      0.126795    0.000223    4.832561 v _2313_/A1 (sky130_fd_sc_hd__a21o_1)
     4    0.010647    0.121970    0.371712    5.204273 v _2313_/X (sky130_fd_sc_hd__a21o_1)
                                                         _1566_ (net)
                      0.121971    0.000584    5.204857 v _2319_/A (sky130_fd_sc_hd__and3_1)
     2    0.007691    0.110455    0.359228    5.564086 v _2319_/X (sky130_fd_sc_hd__and3_1)
                                                         _1572_ (net)
                      0.110455    0.000485    5.564570 v _2321_/C (sky130_fd_sc_hd__or3_4)
     3    0.007540    0.129083    0.679407    6.243977 v _2321_/X (sky130_fd_sc_hd__or3_4)
                                                         _1574_ (net)
                      0.129083    0.000258    6.244235 v _2326_/A1 (sky130_fd_sc_hd__a21o_1)
     4    0.010249    0.118689    0.369710    6.613944 v _2326_/X (sky130_fd_sc_hd__a21o_1)
                                                         _1579_ (net)
                      0.118690    0.000556    6.614501 v _2328_/A (sky130_fd_sc_hd__and3_1)
     2    0.007402    0.108096    0.355301    6.969802 v _2328_/X (sky130_fd_sc_hd__and3_1)
                                                         _1581_ (net)
                      0.108096    0.000483    6.970285 v _2330_/A (sky130_fd_sc_hd__or3_4)
     3    0.007165    0.128231    0.779280    7.749565 v _2330_/X (sky130_fd_sc_hd__or3_4)
                                                         _1583_ (net)
                      0.128231    0.000460    7.750025 v _2334_/A1 (sky130_fd_sc_hd__a21o_1)
     4    0.011063    0.125623    0.375475    8.125500 v _2334_/X (sky130_fd_sc_hd__a21o_1)
                                                         _1587_ (net)
                      0.125624    0.000563    8.126062 v rebuffer14/A (sky130_fd_sc_hd__dlymetal6s2s_1)
     2    0.007773    0.111671    0.342784    8.468847 v rebuffer14/X (sky130_fd_sc_hd__dlymetal6s2s_1)
                                                         net67 (net)
                      0.111671    0.000437    8.469284 v _2343_/A1 (sky130_fd_sc_hd__a21bo_1)
     1    0.004838    0.079328    0.341608    8.810892 v _2343_/X (sky130_fd_sc_hd__a21bo_1)
                                                         _1596_ (net)
                      0.079328    0.000338    8.811231 v _2344_/B1 (sky130_fd_sc_hd__a22o_1)
     2    0.006791    0.104915    0.368541    9.179771 v _2344_/X (sky130_fd_sc_hd__a22o_1)
                                                         _1597_ (net)
                      0.104915    0.000456    9.180226 v _2347_/B1 (sky130_fd_sc_hd__a21o_1)
     4    0.011080    0.125550    0.356590    9.536817 v _2347_/X (sky130_fd_sc_hd__a21o_1)
                                                         _1600_ (net)
                      0.125551    0.000639    9.537457 v _2350_/B (sky130_fd_sc_hd__and3_1)
     2    0.006429    0.100281    0.392139    9.929595 v _2350_/X (sky130_fd_sc_hd__and3_1)
                                                         _1603_ (net)
                      0.100282    0.000449    9.930044 v _2352_/C (sky130_fd_sc_hd__or3_4)
     3    0.008893    0.132515    0.682557   10.612602 v _2352_/X (sky130_fd_sc_hd__or3_4)
                                                         _0106_ (net)
                      0.132515    0.000530   10.613132 v _2355_/A1 (sky130_fd_sc_hd__a21o_1)
     4    0.010281    0.119090    0.371315   10.984447 v _2355_/X (sky130_fd_sc_hd__a21o_1)
                                                         _0109_ (net)
                      0.119093    0.000826   10.985273 v _2360_/A1 (sky130_fd_sc_hd__a21oi_1)
     3    0.012499    0.462914    0.449051   11.434324 ^ _2360_/Y (sky130_fd_sc_hd__a21oi_1)
                                                         _0114_ (net)
                      0.462917    0.001038   11.435362 ^ _2361_/B (sky130_fd_sc_hd__xnor2_1)
     3    0.016090    0.620778    0.474992   11.910354 ^ _2361_/Y (sky130_fd_sc_hd__xnor2_1)
                                                         _0115_ (net)
                      0.620780    0.001078   11.911432 ^ _2366_/A2 (sky130_fd_sc_hd__a21o_1)
     4    0.010072    0.156221    0.476579   12.388011 ^ _2366_/X (sky130_fd_sc_hd__a21o_1)
                                                         _0120_ (net)
                      0.156221    0.000553   12.388564 ^ _2369_/A1 (sky130_fd_sc_hd__a21oi_1)
     3    0.012757    0.234274    0.269839   12.658403 v _2369_/Y (sky130_fd_sc_hd__a21oi_1)
                                                         _0123_ (net)
                      0.234277    0.000715   12.659119 v _2372_/B (sky130_fd_sc_hd__or3_4)
     3    0.008946    0.132605    0.802970   13.462089 v _2372_/X (sky130_fd_sc_hd__or3_4)
                                                         _0126_ (net)
                      0.132605    0.000292   13.462381 v _2378_/A1 (sky130_fd_sc_hd__a21o_1)
     3    0.006841    0.091608    0.345577   13.807958 v _2378_/X (sky130_fd_sc_hd__a21o_1)
                                                         _0132_ (net)
                      0.091608    0.000203   13.808161 v _2383_/C (sky130_fd_sc_hd__and3_1)
     2    0.007348    0.107645    0.411652   14.219813 v _2383_/X (sky130_fd_sc_hd__and3_1)
                                                         _0137_ (net)
                      0.107645    0.000441   14.220255 v _2385_/C (sky130_fd_sc_hd__or3_4)
     3    0.008572    0.131661    0.683515   14.903769 v _2385_/X (sky130_fd_sc_hd__or3_4)
                                                         _0139_ (net)
                      0.131661    0.000442   14.904212 v _2387_/A1 (sky130_fd_sc_hd__a21o_1)
     4    0.012701    0.139021    0.389294   15.293506 v _2387_/X (sky130_fd_sc_hd__a21o_1)
                                                         _0141_ (net)
                      0.139023    0.000716   15.294222 v _2390_/A (sky130_fd_sc_hd__and3_1)
     3    0.011138    0.140034    0.395058   15.689280 v _2390_/X (sky130_fd_sc_hd__and3_1)
                                                         _0144_ (net)
                      0.140039    0.001005   15.690285 v _2392_/C (sky130_fd_sc_hd__or3_4)
     3    0.007101    0.127871    0.687281   16.377567 v _2392_/X (sky130_fd_sc_hd__or3_4)
                                                         _0146_ (net)
                      0.127871    0.000425   16.377991 v _2397_/A1 (sky130_fd_sc_hd__a21o_1)
     4    0.011245    0.126854    0.376748   16.754738 v _2397_/X (sky130_fd_sc_hd__a21o_1)
                                                         _0151_ (net)
                      0.126855    0.000513   16.755251 v _2406_/A (sky130_fd_sc_hd__and3_1)
     2    0.006936    0.104310    0.355419   17.110670 v _2406_/X (sky130_fd_sc_hd__and3_1)
                                                         _0160_ (net)
                      0.104310    0.000417   17.111088 v _2408_/C (sky130_fd_sc_hd__or3_4)
     3    0.008656    0.131909    0.682755   17.793844 v _2408_/X (sky130_fd_sc_hd__or3_4)
                                                         _0162_ (net)
                      0.131909    0.000512   17.794355 v _2410_/A1 (sky130_fd_sc_hd__a21o_1)
     3    0.007477    0.096463    0.350006   18.144361 v _2410_/X (sky130_fd_sc_hd__a21o_1)
                                                         _0164_ (net)
                      0.096463    0.000407   18.144768 v _2413_/A (sky130_fd_sc_hd__and3_1)
     2    0.006303    0.099291    0.335731   18.480499 v _2413_/X (sky130_fd_sc_hd__and3_1)
                                                         _0167_ (net)
                      0.099291    0.000341   18.480841 v _2415_/C (sky130_fd_sc_hd__or3_4)
     3    0.006557    0.126711    0.670733   19.151573 v _2415_/X (sky130_fd_sc_hd__or3_4)
                                                         _0169_ (net)
                      0.126712    0.000316   19.151890 v _2420_/A1 (sky130_fd_sc_hd__a21o_1)
     3    0.009041    0.108894    0.359570   19.511459 v _2420_/X (sky130_fd_sc_hd__a21o_1)
                                                         _0174_ (net)
                      0.108894    0.000453   19.511913 v _2428_/A1 (sky130_fd_sc_hd__a21bo_1)
     1    0.004418    0.075831    0.336582   19.848495 v _2428_/X (sky130_fd_sc_hd__a21bo_1)
                                                         _0180_ (net)
                      0.075831    0.000206   19.848701 v _2429_/B (sky130_fd_sc_hd__xor2_1)
     1    0.002618    0.121277    0.262064   20.110765 v _2429_/X (sky130_fd_sc_hd__xor2_1)
                                                         _0181_ (net)
                      0.121277    0.000121   20.110886 v _2430_/A1 (sky130_fd_sc_hd__mux2_4)
     1    0.002251    0.076605    0.482592   20.593477 v _2430_/X (sky130_fd_sc_hd__mux2_4)
                                                         _0025_ (net)
                      0.076605    0.000103   20.593580 v _3238_/D (sky130_fd_sc_hd__dfrtp_4)
                                             20.593580   data arrival time

                                 10.000000   10.000000   clock clk (rise edge)
                                  0.000000   10.000000   clock source latency
     2    0.041281    0.000000    0.000000   10.000000 ^ clk (in)
                                                         clk (net)
                      0.002971    0.001485   10.001485 ^ clkbuf_0_clk/A (sky130_fd_sc_hd__clkbuf_16)
    17    0.173389    0.281695    0.359197   10.360682 ^ clkbuf_0_clk/X (sky130_fd_sc_hd__clkbuf_16)
                                                         clknet_0_clk (net)
                      0.282503    0.012376   10.373058 ^ clkbuf_3_3__f_clk/A (sky130_fd_sc_hd__clkbuf_16)
    35    0.103826    0.182850    0.410663   10.783721 ^ clkbuf_3_3__f_clk/X (sky130_fd_sc_hd__clkbuf_16)
                                                         clknet_3_3__leaf_clk (net)
                      0.183237    0.005747   10.789468 ^ _3238_/CLK (sky130_fd_sc_hd__dfrtp_4)
                                 -0.100000   10.689467   clock uncertainty
                                  0.000000   10.689467   clock reconvergence pessimism
                                 -0.247433   10.442035   library setup time
                                             10.442035   data required time
---------------------------------------------------------------------------------------------
                                             10.442035   data required time
                                            -20.593580   data arrival time
---------------------------------------------------------------------------------------------
                                            -10.151546   slack (VIOLATED)




===========================================================================
 report_check_types -max_slew -max_cap -max_fanout -violators
============================================================================
======================= max_ss_100C_1v60 Corner ===================================



===========================================================================
report_parasitic_annotation -report_unannotated
============================================================================
Found 7 unannotated drivers.
 clkload0/Y
 clkload1/Y
 clkload2/Y
 clkload3/Y
 clkload4/Y
 clkload5/Y
 clkload6/Y
Found 0 partially unannotated drivers.

===========================================================================
max slew violation count 0
max fanout violation count 0
max cap violation count 0
============================================================================

===========================================================================
check_setup -verbose -unconstrained_endpoints -multiple_clock -no_clock -no_input_delay -loops -generated_clocks
===========================================================================
Warning: There are 36 input ports missing set_input_delay.
  A_in[0]
  A_in[10]
  A_in[11]
  A_in[12]
  A_in[13]
  A_in[14]
  A_in[15]
  A_in[1]
  A_in[2]
  A_in[3]
  A_in[4]
  A_in[5]
  A_in[6]
  A_in[7]
  A_in[8]
  A_in[9]
  B_in[0]
  B_in[10]
  B_in[11]
  B_in[12]
  B_in[13]
  B_in[14]
  B_in[15]
  B_in[1]
  B_in[2]
  B_in[3]
  B_in[4]
  B_in[5]
  B_in[6]
  B_in[7]
  B_in[8]
  B_in[9]
  Op_Sel[0]
  Op_Sel[1]
  Start
  rst_n
Warning: There are 17 unconstrained endpoints.
  Done
  X_out[0]
  X_out[10]
  X_out[11]
  X_out[12]
  X_out[13]
  X_out[14]
  X_out[15]
  X_out[1]
  X_out[2]
  X_out[3]
  X_out[4]
  X_out[5]
  X_out[6]
  X_out[7]
  X_out[8]
  X_out[9]
