
===========================================================================
report_checks -unconstrained
===========================================================================
======================= max_ss_100C_1v60 Corner ===================================

Startpoint: _3302_ (rising edge-triggered flip-flop clocked by clk)
Endpoint: _3238_ (rising edge-triggered flip-flop clocked by clk)
Path Group: clk
Path Type: max

Fanout         Cap        Slew       Delay        Time   Description
---------------------------------------------------------------------------------------------
                                  0.000000    0.000000   clock clk (rise edge)
                                  0.000000    0.000000   clock source latency
     2    0.042179    0.000000    0.000000    0.000000 ^ clk (in)
                                                         clk (net)
                      0.003134    0.001567    0.001567 ^ clkbuf_0_clk/A (sky130_fd_sc_hd__clkbuf_16)
    17    0.171947    0.279624    0.357713    0.359280 ^ clkbuf_0_clk/X (sky130_fd_sc_hd__clkbuf_16)
                                                         clknet_0_clk (net)
                      0.280511    0.012892    0.372172 ^ clkbuf_3_0__f_clk/A (sky130_fd_sc_hd__clkbuf_16)
    25    0.096260    0.171340    0.403138    0.775310 ^ clkbuf_3_0__f_clk/X (sky130_fd_sc_hd__clkbuf_16)
                                                         clknet_3_0__leaf_clk (net)
                      0.171881    0.006958    0.782267 ^ _3302_/CLK (sky130_fd_sc_hd__dfrtp_4)
    15    0.052872    0.226099    1.186744    1.969011 v _3302_/Q (sky130_fd_sc_hd__dfrtp_4)
                                                         B_reg[12] (net)
                      0.226208    0.004619    1.973630 v _1910_/C (sky130_fd_sc_hd__and3_1)
     3    0.006027    0.097147    0.467518    2.441148 v _1910_/X (sky130_fd_sc_hd__and3_1)
                                                         _1175_ (net)
                      0.097147    0.000199    2.441347 v _2300_/B (sky130_fd_sc_hd__or4_1)
     4    0.009711    0.260026    1.305408    3.746755 v _2300_/X (sky130_fd_sc_hd__or4_1)
                                                         _1553_ (net)
                      0.260026    0.000553    3.747308 v _2304_/A2 (sky130_fd_sc_hd__a21o_1)
     3    0.007744    0.098697    0.434248    4.181556 v _2304_/X (sky130_fd_sc_hd__a21o_1)
                                                         _1557_ (net)
                      0.098697    0.000404    4.181960 v _2308_/C (sky130_fd_sc_hd__and3_1)
     2    0.005267    0.091275    0.397635    4.579595 v _2308_/X (sky130_fd_sc_hd__and3_1)
                                                         _1561_ (net)
                      0.091319    0.000307    4.579902 v _2310_/C (sky130_fd_sc_hd__or3_1)
     3    0.008200    0.190885    0.803441    5.383343 v _2310_/X (sky130_fd_sc_hd__or3_1)
                                                         _1563_ (net)
                      0.190885    0.000484    5.383827 v _2313_/A1 (sky130_fd_sc_hd__a21o_1)
     4    0.011678    0.130469    0.407306    5.791133 v _2313_/X (sky130_fd_sc_hd__a21o_1)
                                                         _1566_ (net)
                      0.130470    0.000577    5.791711 v _2319_/B (sky130_fd_sc_hd__and3_1)
     2    0.005822    0.095526    0.389488    6.181199 v _2319_/X (sky130_fd_sc_hd__and3_1)
                                                         _1572_ (net)
                      0.095526    0.000282    6.181481 v _2321_/C (sky130_fd_sc_hd__or3_1)
     3    0.008915    0.198569    0.814550    6.996031 v _2321_/X (sky130_fd_sc_hd__or3_1)
                                                         _1574_ (net)
                      0.198569    0.000575    6.996606 v _2326_/A1 (sky130_fd_sc_hd__a21o_1)
     4    0.011316    0.127477    0.407896    7.404502 v _2326_/X (sky130_fd_sc_hd__a21o_1)
                                                         _1579_ (net)
                      0.127479    0.000602    7.405104 v _2328_/C (sky130_fd_sc_hd__and3_1)
     2    0.005718    0.094723    0.415716    7.820821 v _2328_/X (sky130_fd_sc_hd__and3_1)
                                                         _1581_ (net)
                      0.094724    0.000405    7.821226 v _2330_/C (sky130_fd_sc_hd__or3_2)
     4    0.013603    0.228025    1.092475    8.913700 v _2330_/X (sky130_fd_sc_hd__or3_2)
                                                         _1583_ (net)
                      0.228025    0.000425    8.914124 v _2334_/A1 (sky130_fd_sc_hd__a21o_1)
     5    0.016284    0.161938    0.454443    9.368567 v _2334_/X (sky130_fd_sc_hd__a21o_1)
                                                         _1587_ (net)
                      0.161947    0.001350    9.369918 v _2338_/B (sky130_fd_sc_hd__and3_1)
     2    0.007173    0.106221    0.416431    9.786349 v _2338_/X (sky130_fd_sc_hd__and3_1)
                                                         _1591_ (net)
                      0.106221    0.000392    9.786740 v _2345_/C (sky130_fd_sc_hd__or3_1)
     3    0.008150    0.190153    0.808065   10.594806 v _2345_/X (sky130_fd_sc_hd__or3_1)
                                                         _1598_ (net)
                      0.190153    0.000310   10.595116 v _2347_/A1 (sky130_fd_sc_hd__a21o_1)
     4    0.012329    0.135908    0.411940   11.007055 v _2347_/X (sky130_fd_sc_hd__a21o_1)
                                                         _1600_ (net)
                      0.135910    0.000671   11.007726 v _2350_/C (sky130_fd_sc_hd__and3_1)
     2    0.006652    0.102057    0.427768   11.435493 v _2350_/X (sky130_fd_sc_hd__and3_1)
                                                         _1603_ (net)
                      0.102057    0.000439   11.435932 v _2352_/C (sky130_fd_sc_hd__or3_1)
     3    0.009688    0.207507    0.827270   12.263203 v _2352_/X (sky130_fd_sc_hd__or3_1)
                                                         _0106_ (net)
                      0.207507    0.000608   12.263811 v _2355_/A2 (sky130_fd_sc_hd__a21o_1)
     4    0.011105    0.125671    0.439760   12.703571 v _2355_/X (sky130_fd_sc_hd__a21o_1)
                                                         _0109_ (net)
                      0.125672    0.000593   12.704165 v _2362_/B (sky130_fd_sc_hd__and3_1)
     2    0.006413    0.100162    0.392069   13.096233 v _2362_/X (sky130_fd_sc_hd__and3_1)
                                                         _0116_ (net)
                      0.100162    0.000401   13.096634 v _2364_/C (sky130_fd_sc_hd__or3_1)
     3    0.008065    0.189864    0.804715   13.901350 v _2364_/X (sky130_fd_sc_hd__or3_1)
                                                         _0118_ (net)
                      0.189864    0.000482   13.901832 v _2366_/A2 (sky130_fd_sc_hd__a21o_1)
     4    0.010667    0.122129    0.428904   14.330736 v _2366_/X (sky130_fd_sc_hd__a21o_1)
                                                         _0120_ (net)
                      0.122130    0.000557   14.331293 v _2370_/B (sky130_fd_sc_hd__and3_1)
     2    0.005286    0.091451    0.380878   14.712171 v _2370_/X (sky130_fd_sc_hd__and3_1)
                                                         _0124_ (net)
                      0.091451    0.000280   14.712450 v _2372_/C (sky130_fd_sc_hd__or3_1)
     3    0.009331    0.203345    0.818814   15.531263 v _2372_/X (sky130_fd_sc_hd__or3_1)
                                                         _0126_ (net)
                      0.203345    0.000281   15.531545 v _2378_/A1 (sky130_fd_sc_hd__a21o_1)
     4    0.010123    0.117681    0.401077   15.932621 v _2378_/X (sky130_fd_sc_hd__a21o_1)
                                                         _0132_ (net)
                      0.117681    0.000336   15.932957 v _2383_/C (sky130_fd_sc_hd__and3_1)
     2    0.007175    0.106219    0.423213   16.356171 v _2383_/X (sky130_fd_sc_hd__and3_1)
                                                         _0137_ (net)
                      0.106219    0.000325   16.356495 v _2385_/C (sky130_fd_sc_hd__or3_1)
     3    0.007813    0.187148    0.803372   17.159866 v _2385_/X (sky130_fd_sc_hd__or3_1)
                                                         _0139_ (net)
                      0.187148    0.000588   17.160456 v _2387_/A1 (sky130_fd_sc_hd__a21o_1)
     4    0.012714    0.139050    0.413589   17.574043 v _2387_/X (sky130_fd_sc_hd__a21o_1)
                                                         _0141_ (net)
                      0.139050    0.000389   17.574432 v _2390_/B (sky130_fd_sc_hd__and3_1)
     3    0.010607    0.135330    0.433642   18.008076 v _2390_/X (sky130_fd_sc_hd__and3_1)
                                                         _0144_ (net)
                      0.135332    0.000712   18.008787 v _2392_/C (sky130_fd_sc_hd__or3_1)
     3    0.006915    0.178109    0.801483   18.810270 v _2392_/X (sky130_fd_sc_hd__or3_1)
                                                         _0146_ (net)
                      0.178109    0.000417   18.810688 v _2397_/A1 (sky130_fd_sc_hd__a21o_1)
     4    0.011415    0.128254    0.399821   19.210508 v _2397_/X (sky130_fd_sc_hd__a21o_1)
                                                         _0151_ (net)
                      0.128254    0.000528   19.211037 v _2406_/B (sky130_fd_sc_hd__and3_1)
     2    0.005966    0.096669    0.389621   19.600658 v _2406_/X (sky130_fd_sc_hd__and3_1)
                                                         _0160_ (net)
                      0.096669    0.000336   19.600994 v _2408_/C (sky130_fd_sc_hd__or3_1)
     3    0.008283    0.191990    0.806486   20.407478 v _2408_/X (sky130_fd_sc_hd__or3_1)
                                                         _0162_ (net)
                      0.191990    0.000387   20.407866 v _2410_/A2 (sky130_fd_sc_hd__a21o_1)
     3    0.007050    0.093117    0.402064   20.809931 v _2410_/X (sky130_fd_sc_hd__a21o_1)
                                                         _0164_ (net)
                      0.093117    0.000375   20.810305 v _2413_/C (sky130_fd_sc_hd__and3_1)
     2    0.005061    0.089759    0.393129   21.203434 v _2413_/X (sky130_fd_sc_hd__and3_1)
                                                         _0167_ (net)
                      0.089759    0.000252   21.203686 v _2415_/C (sky130_fd_sc_hd__or3_1)
     3    0.007110    0.180205    0.788198   21.991884 v _2415_/X (sky130_fd_sc_hd__or3_1)
                                                         _0169_ (net)
                      0.180205    0.000393   21.992277 v _2420_/A1 (sky130_fd_sc_hd__a21o_1)
     4    0.013083    0.140680    0.413269   22.405546 v _2420_/X (sky130_fd_sc_hd__a21o_1)
                                                         _0174_ (net)
                      0.140681    0.000616   22.406162 v _2428_/A1 (sky130_fd_sc_hd__a21bo_1)
     1    0.004380    0.075491    0.349624   22.755787 v _2428_/X (sky130_fd_sc_hd__a21bo_1)
                                                         _0180_ (net)
                      0.075491    0.000204   22.755991 v _2429_/B (sky130_fd_sc_hd__xor2_1)
     1    0.002315    0.118610    0.258781   23.014772 v _2429_/X (sky130_fd_sc_hd__xor2_1)
                                                         _0181_ (net)
                      0.118610    0.000098   23.014872 v _2430_/A1 (sky130_fd_sc_hd__mux2_1)
     1    0.002285    0.105418    0.659421   23.674292 v _2430_/X (sky130_fd_sc_hd__mux2_1)
                                                         _0025_ (net)
                      0.105418    0.000101   23.674393 v _3238_/D (sky130_fd_sc_hd__dfrtp_4)
                                             23.674393   data arrival time

                                 80.000000   80.000000   clock clk (rise edge)
                                  0.000000   80.000000   clock source latency
     2    0.042179    0.000000    0.000000   80.000000 ^ clk (in)
                                                         clk (net)
                      0.003134    0.001570   80.001572 ^ clkbuf_0_clk/A (sky130_fd_sc_hd__clkbuf_16)
    17    0.171947    0.279624    0.357709   80.359283 ^ clkbuf_0_clk/X (sky130_fd_sc_hd__clkbuf_16)
                                                         clknet_0_clk (net)
                      0.280434    0.012335   80.371613 ^ clkbuf_3_3__f_clk/A (sky130_fd_sc_hd__clkbuf_16)
    35    0.101620    0.179619    0.408406   80.780022 ^ clkbuf_3_3__f_clk/X (sky130_fd_sc_hd__clkbuf_16)
                                                         clknet_3_3__leaf_clk (net)
                      0.179846    0.005699   80.785721 ^ _3238_/CLK (sky130_fd_sc_hd__dfrtp_4)
                                 -0.100000   80.685715   clock uncertainty
                                  0.000000   80.685715   clock reconvergence pessimism
                                 -0.260326   80.425392   library setup time
                                             80.425392   data required time
---------------------------------------------------------------------------------------------
                                             80.425392   data required time
                                            -23.674393   data arrival time
---------------------------------------------------------------------------------------------
                                             56.750996   slack (MET)




===========================================================================
report_checks --slack_max -0.01
============================================================================
======================= max_ss_100C_1v60 Corner ===================================

No paths found.


===========================================================================
 report_check_types -max_slew -max_cap -max_fanout -violators
============================================================================
======================= max_ss_100C_1v60 Corner ===================================



===========================================================================
report_parasitic_annotation -report_unannotated
============================================================================
Found 7 unannotated drivers.
 clkload0/Y
 clkload1/Y
 clkload2/Y
 clkload3/Y
 clkload4/Y
 clkload5/Y
 clkload6/Y
Found 0 partially unannotated drivers.

===========================================================================
max slew violation count 0
max fanout violation count 0
max cap violation count 0
============================================================================

===========================================================================
check_setup -verbose -unconstrained_endpoints -multiple_clock -no_clock -no_input_delay -loops -generated_clocks
===========================================================================
Warning: There are 36 input ports missing set_input_delay.
  A_in[0]
  A_in[10]
  A_in[11]
  A_in[12]
  A_in[13]
  A_in[14]
  A_in[15]
  A_in[1]
  A_in[2]
  A_in[3]
  A_in[4]
  A_in[5]
  A_in[6]
  A_in[7]
  A_in[8]
  A_in[9]
  B_in[0]
  B_in[10]
  B_in[11]
  B_in[12]
  B_in[13]
  B_in[14]
  B_in[15]
  B_in[1]
  B_in[2]
  B_in[3]
  B_in[4]
  B_in[5]
  B_in[6]
  B_in[7]
  B_in[8]
  B_in[9]
  Op_Sel[0]
  Op_Sel[1]
  Start
  rst_n
Warning: There are 17 unconstrained endpoints.
  Done
  X_out[0]
  X_out[10]
  X_out[11]
  X_out[12]
  X_out[13]
  X_out[14]
  X_out[15]
  X_out[1]
  X_out[2]
  X_out[3]
  X_out[4]
  X_out[5]
  X_out[6]
  X_out[7]
  X_out[8]
  X_out[9]
