Clock: clk
Sources: clk 
Generated: no
Virtual: yes
Propagated: no
Period: 80.000000

===========================================================================
report_clock_properties
============================================================================
Clock                   Period          Waveform
----------------------------------------------------
clk                  80.000000    0.000000 40.000000

===========================================================================
report_clock_latency
============================================================================
Clock clk
rise -> rise
    min     max
0.000000 0.000000 source latency
0.761116         network latency _3222_/CLK
        0.795235 network latency _3296_/CLK
---------------
0.761116 0.795235 latency
        0.034119 skew

fall -> fall
    min     max
0.000000 0.000000 source latency
0.728768         network latency _3222_/CLK
        0.756526 network latency _3296_/CLK
---------------
0.728768 0.756526 latency
        0.027757 skew



===========================================================================
report_clock_min_period
============================================================================
clk period_min = 23.25 fmax = 43.01
