
===========================================================================
report_checks -unconstrained
===========================================================================
======================= max_ss_100C_1v60 Corner ===================================

Startpoint: _3302_ (rising edge-triggered flip-flop clocked by clk)
Endpoint: _3238_ (rising edge-triggered flip-flop clocked by clk)
Path Group: clk
Path Type: max

Fanout         Cap        Slew       Delay        Time   Description
---------------------------------------------------------------------------------------------
                                  0.000000    0.000000   clock clk (rise edge)
                                  0.000000    0.000000   clock source latency
     2    0.045834    0.000000    0.000000    0.000000 ^ clk (in)
                                                         clk (net)
                      0.003287    0.001643    0.001643 ^ clkbuf_0_clk/A (sky130_fd_sc_hd__clkbuf_16)
    17    0.176749    0.287282    0.361383    0.363027 ^ clkbuf_0_clk/X (sky130_fd_sc_hd__clkbuf_16)
                                                         clknet_0_clk (net)
                      0.288606    0.015900    0.378926 ^ clkbuf_3_0__f_clk/A (sky130_fd_sc_hd__clkbuf_16)
    25    0.097655    0.174068    0.407896    0.786822 ^ clkbuf_3_0__f_clk/X (sky130_fd_sc_hd__clkbuf_16)
                                                         clknet_3_0__leaf_clk (net)
                      0.174377    0.006407    0.793229 ^ _3302_/CLK (sky130_fd_sc_hd__dfrtp_4)
     6    0.024060    0.162756    1.111547    1.904776 v _3302_/Q (sky130_fd_sc_hd__dfrtp_4)
                                                         B_reg[12] (net)
                      0.162783    0.002274    1.907050 v _1910_/C (sky130_fd_sc_hd__and3_1)
     3    0.007086    0.105525    0.444833    2.351883 v _1910_/X (sky130_fd_sc_hd__and3_1)
                                                         _1175_ (net)
                      0.105525    0.000431    2.352314 v _2300_/A (sky130_fd_sc_hd__or4_4)
     4    0.009635    0.172889    1.093289    3.445603 v _2300_/X (sky130_fd_sc_hd__or4_4)
                                                         _1553_ (net)
                      0.172889    0.000552    3.446154 v _2304_/A1 (sky130_fd_sc_hd__a21o_1)
     3    0.007640    0.097756    0.369031    3.815185 v _2304_/X (sky130_fd_sc_hd__a21o_1)
                                                         _1557_ (net)
                      0.097756    0.000429    3.815614 v _2307_/A2 (sky130_fd_sc_hd__a21oi_1)
     3    0.011090    0.418961    0.430746    4.246359 ^ _2307_/Y (sky130_fd_sc_hd__a21oi_1)
                                                         _1560_ (net)
                      0.418961    0.000390    4.246749 ^ _2311_/B (sky130_fd_sc_hd__xor2_1)
     3    0.010877    0.415533    0.532262    4.779011 ^ _2311_/X (sky130_fd_sc_hd__xor2_1)
                                                         _1564_ (net)
                      0.415673    0.000980    4.779991 ^ _2313_/A2 (sky130_fd_sc_hd__a21o_1)
     4    0.010989    0.166548    0.416256    5.196247 ^ _2313_/X (sky130_fd_sc_hd__a21o_1)
                                                         _1566_ (net)
                      0.166548    0.000552    5.196799 ^ _2318_/A1 (sky130_fd_sc_hd__a21oi_1)
     3    0.013365    0.243497    0.281105    5.477904 v _2318_/Y (sky130_fd_sc_hd__a21oi_1)
                                                         _1571_ (net)
                      0.243500    0.000721    5.478625 v _2321_/B (sky130_fd_sc_hd__or3_4)
     3    0.008913    0.132504    0.806379    6.285005 v _2321_/X (sky130_fd_sc_hd__or3_4)
                                                         _1574_ (net)
                      0.132504    0.000557    6.285562 v _2326_/A1 (sky130_fd_sc_hd__a21o_1)
     4    0.010904    0.124075    0.376120    6.661682 v _2326_/X (sky130_fd_sc_hd__a21o_1)
                                                         _1579_ (net)
                      0.124077    0.000664    6.662346 v _2328_/B (sky130_fd_sc_hd__and3_1)
     2    0.005346    0.091934    0.382335    7.044681 v _2328_/X (sky130_fd_sc_hd__and3_1)
                                                         _1581_ (net)
                      0.091934    0.000350    7.045032 v _2330_/A (sky130_fd_sc_hd__or3_4)
     3    0.006973    0.127879    0.771788    7.816819 v _2330_/X (sky130_fd_sc_hd__or3_4)
                                                         _1583_ (net)
                      0.127879    0.000432    7.817251 v _2334_/A1 (sky130_fd_sc_hd__a21o_1)
     3    0.007691    0.098151    0.349897    8.167148 v _2334_/X (sky130_fd_sc_hd__a21o_1)
                                                         _1587_ (net)
                      0.098151    0.000394    8.167542 v rebuffer4/A (sky130_fd_sc_hd__dlymetal6s2s_1)
     3    0.009562    0.125899    0.342917    8.510459 v rebuffer4/X (sky130_fd_sc_hd__dlymetal6s2s_1)
                                                         net57 (net)
                      0.125899    0.000365    8.510824 v _2343_/A1 (sky130_fd_sc_hd__a21bo_1)
     1    0.004305    0.075063    0.342536    8.853360 v _2343_/X (sky130_fd_sc_hd__a21bo_1)
                                                         _1596_ (net)
                      0.075063    0.000308    8.853668 v _2344_/B1 (sky130_fd_sc_hd__a22o_1)
     2    0.010324    0.135380    0.397788    9.251456 v _2344_/X (sky130_fd_sc_hd__a22o_1)
                                                         _1597_ (net)
                      0.135382    0.000723    9.252179 v _2347_/B1 (sky130_fd_sc_hd__a21o_1)
     3    0.008379    0.103561    0.348170    9.600348 v _2347_/X (sky130_fd_sc_hd__a21o_1)
                                                         _1600_ (net)
                      0.103562    0.000542    9.600890 v _2348_/A2 (sky130_fd_sc_hd__a21oi_1)
     3    0.013250    0.487226    0.483004   10.083894 ^ _2348_/Y (sky130_fd_sc_hd__a21oi_1)
                                                         _1601_ (net)
                      0.487228    0.000833   10.084727 ^ _2349_/B (sky130_fd_sc_hd__xnor2_1)
     3    0.017015    0.651788    0.492527   10.577254 ^ _2349_/Y (sky130_fd_sc_hd__xnor2_1)
                                                         _1602_ (net)
                      0.651790    0.001026   10.578279 ^ _2355_/A2 (sky130_fd_sc_hd__a21o_1)
     3    0.007242    0.121679    0.457022   11.035302 ^ _2355_/X (sky130_fd_sc_hd__a21o_1)
                                                         _0109_ (net)
                      0.121679    0.000441   11.035744 ^ _2360_/A1 (sky130_fd_sc_hd__a21oi_1)
     3    0.012508    0.232233    0.252349   11.288093 v _2360_/Y (sky130_fd_sc_hd__a21oi_1)
                                                         _0114_ (net)
                      0.232233    0.000746   11.288838 v _2364_/B (sky130_fd_sc_hd__or3_4)
     3    0.007502    0.129046    0.795057   12.083896 v _2364_/X (sky130_fd_sc_hd__or3_4)
                                                         _0118_ (net)
                      0.129046    0.000459   12.084355 v _2366_/A1 (sky130_fd_sc_hd__a21o_1)
     4    0.011517    0.129143    0.379258   12.463613 v _2366_/X (sky130_fd_sc_hd__a21o_1)
                                                         _0120_ (net)
                      0.129144    0.000606   12.464218 v _2370_/A (sky130_fd_sc_hd__and3_1)
     2    0.006822    0.103386    0.355620   12.819838 v _2370_/X (sky130_fd_sc_hd__and3_1)
                                                         _0124_ (net)
                      0.103386    0.000391   12.820229 v _2372_/A (sky130_fd_sc_hd__or3_4)
     3    0.008824    0.132327    0.785527   13.605756 v _2372_/X (sky130_fd_sc_hd__or3_4)
                                                         _0126_ (net)
                      0.132327    0.000279   13.606035 v _2378_/A1 (sky130_fd_sc_hd__a21o_1)
     4    0.009662    0.113896    0.366800   13.972835 v _2378_/X (sky130_fd_sc_hd__a21o_1)
                                                         _0132_ (net)
                      0.113896    0.000277   13.973112 v _2383_/A (sky130_fd_sc_hd__and3_1)
     2    0.007732    0.110767    0.355755   14.328867 v _2383_/X (sky130_fd_sc_hd__and3_1)
                                                         _0137_ (net)
                      0.110767    0.000396   14.329264 v _2385_/C (sky130_fd_sc_hd__or3_4)
     3    0.008019    0.130299    0.681817   15.011081 v _2385_/X (sky130_fd_sc_hd__or3_4)
                                                         _0139_ (net)
                      0.130299    0.000599   15.011680 v _2387_/A1 (sky130_fd_sc_hd__a21o_1)
     4    0.012621    0.138255    0.388269   15.399948 v _2387_/X (sky130_fd_sc_hd__a21o_1)
                                                         _0141_ (net)
                      0.138255    0.000375   15.400323 v _2390_/A (sky130_fd_sc_hd__and3_1)
     3    0.012606    0.149826    0.406754   15.807077 v _2390_/X (sky130_fd_sc_hd__and3_1)
                                                         _0144_ (net)
                      0.149828    0.000874   15.807951 v _2392_/C (sky130_fd_sc_hd__or3_4)
     3    0.007061    0.127805    0.690411   16.498362 v _2392_/X (sky130_fd_sc_hd__or3_4)
                                                         _0146_ (net)
                      0.127805    0.000426   16.498789 v _2397_/A1 (sky130_fd_sc_hd__a21o_1)
     4    0.011282    0.127162    0.377000   16.875788 v _2397_/X (sky130_fd_sc_hd__a21o_1)
                                                         _0151_ (net)
                      0.127162    0.000517   16.876305 v _2406_/A (sky130_fd_sc_hd__and3_1)
     2    0.006686    0.102318    0.353523   17.229828 v _2406_/X (sky130_fd_sc_hd__and3_1)
                                                         _0160_ (net)
                      0.102318    0.000410   17.230240 v _2408_/C (sky130_fd_sc_hd__or3_4)
     3    0.008909    0.132547    0.683324   17.913563 v _2408_/X (sky130_fd_sc_hd__or3_4)
                                                         _0162_ (net)
                      0.132547    0.000515   17.914078 v _2410_/A1 (sky130_fd_sc_hd__a21o_1)
     3    0.007480    0.096490    0.350305   18.264383 v _2410_/X (sky130_fd_sc_hd__a21o_1)
                                                         _0164_ (net)
                      0.096490    0.000410   18.264793 v _2413_/A (sky130_fd_sc_hd__and3_1)
     2    0.006396    0.099997    0.336549   18.601341 v _2413_/X (sky130_fd_sc_hd__and3_1)
                                                         _0167_ (net)
                      0.099997    0.000224   18.601564 v _2415_/C (sky130_fd_sc_hd__or3_4)
     3    0.007182    0.128313    0.674069   19.275635 v _2415_/X (sky130_fd_sc_hd__or3_4)
                                                         _0169_ (net)
                      0.128313    0.000423   19.276056 v _2420_/A1 (sky130_fd_sc_hd__a21o_1)
     4    0.011918    0.132489    0.381963   19.658020 v _2420_/X (sky130_fd_sc_hd__a21o_1)
                                                         _0174_ (net)
                      0.132490    0.000561   19.658581 v _2428_/A2 (sky130_fd_sc_hd__a21bo_1)
     1    0.004397    0.075679    0.378147   20.036728 v _2428_/X (sky130_fd_sc_hd__a21bo_1)
                                                         _0180_ (net)
                      0.075679    0.000204   20.036932 v _2429_/B (sky130_fd_sc_hd__xor2_1)
     1    0.002593    0.123521    0.261753   20.298685 v _2429_/X (sky130_fd_sc_hd__xor2_1)
                                                         _0181_ (net)
                      0.123521    0.000119   20.298805 v _2430_/A1 (sky130_fd_sc_hd__mux2_4)
     1    0.002220    0.076959    0.483263   20.782068 v _2430_/X (sky130_fd_sc_hd__mux2_4)
                                                         _0025_ (net)
                      0.076959    0.000099   20.782167 v _3238_/D (sky130_fd_sc_hd__dfrtp_4)
                                             20.782167   data arrival time

                                 13.000000   13.000000   clock clk (rise edge)
                                  0.000000   13.000000   clock source latency
     2    0.045834    0.000000    0.000000   13.000000 ^ clk (in)
                                                         clk (net)
                      0.003287    0.001643   13.001643 ^ clkbuf_0_clk/A (sky130_fd_sc_hd__clkbuf_16)
    17    0.176749    0.287282    0.361384   13.363027 ^ clkbuf_0_clk/X (sky130_fd_sc_hd__clkbuf_16)
                                                         clknet_0_clk (net)
                      0.288463    0.015048   13.378075 ^ clkbuf_3_3__f_clk/A (sky130_fd_sc_hd__clkbuf_16)
    35    0.102195    0.180525    0.412367   13.790442 ^ clkbuf_3_3__f_clk/X (sky130_fd_sc_hd__clkbuf_16)
                                                         clknet_3_3__leaf_clk (net)
                      0.180797    0.006161   13.796603 ^ _3238_/CLK (sky130_fd_sc_hd__dfrtp_4)
                                 -0.100000   13.696604   clock uncertainty
                                  0.000000   13.696604   clock reconvergence pessimism
                                 -0.248228   13.448376   library setup time
                                             13.448376   data required time
---------------------------------------------------------------------------------------------
                                             13.448376   data required time
                                            -20.782167   data arrival time
---------------------------------------------------------------------------------------------
                                             -7.333792   slack (VIOLATED)




===========================================================================
report_checks --slack_max -0.01
============================================================================
======================= max_ss_100C_1v60 Corner ===================================

Startpoint: _3302_ (rising edge-triggered flip-flop clocked by clk)
Endpoint: _3238_ (rising edge-triggered flip-flop clocked by clk)
Path Group: clk
Path Type: max

Fanout         Cap        Slew       Delay        Time   Description
---------------------------------------------------------------------------------------------
                                  0.000000    0.000000   clock clk (rise edge)
                                  0.000000    0.000000   clock source latency
     2    0.045834    0.000000    0.000000    0.000000 ^ clk (in)
                                                         clk (net)
                      0.003287    0.001643    0.001643 ^ clkbuf_0_clk/A (sky130_fd_sc_hd__clkbuf_16)
    17    0.176749    0.287282    0.361383    0.363027 ^ clkbuf_0_clk/X (sky130_fd_sc_hd__clkbuf_16)
                                                         clknet_0_clk (net)
                      0.288606    0.015900    0.378926 ^ clkbuf_3_0__f_clk/A (sky130_fd_sc_hd__clkbuf_16)
    25    0.097655    0.174068    0.407896    0.786822 ^ clkbuf_3_0__f_clk/X (sky130_fd_sc_hd__clkbuf_16)
                                                         clknet_3_0__leaf_clk (net)
                      0.174377    0.006407    0.793229 ^ _3302_/CLK (sky130_fd_sc_hd__dfrtp_4)
     6    0.024060    0.162756    1.111547    1.904776 v _3302_/Q (sky130_fd_sc_hd__dfrtp_4)
                                                         B_reg[12] (net)
                      0.162783    0.002274    1.907050 v _1910_/C (sky130_fd_sc_hd__and3_1)
     3    0.007086    0.105525    0.444833    2.351883 v _1910_/X (sky130_fd_sc_hd__and3_1)
                                                         _1175_ (net)
                      0.105525    0.000431    2.352314 v _2300_/A (sky130_fd_sc_hd__or4_4)
     4    0.009635    0.172889    1.093289    3.445603 v _2300_/X (sky130_fd_sc_hd__or4_4)
                                                         _1553_ (net)
                      0.172889    0.000552    3.446154 v _2304_/A1 (sky130_fd_sc_hd__a21o_1)
     3    0.007640    0.097756    0.369031    3.815185 v _2304_/X (sky130_fd_sc_hd__a21o_1)
                                                         _1557_ (net)
                      0.097756    0.000429    3.815614 v _2307_/A2 (sky130_fd_sc_hd__a21oi_1)
     3    0.011090    0.418961    0.430746    4.246359 ^ _2307_/Y (sky130_fd_sc_hd__a21oi_1)
                                                         _1560_ (net)
                      0.418961    0.000390    4.246749 ^ _2311_/B (sky130_fd_sc_hd__xor2_1)
     3    0.010877    0.415533    0.532262    4.779011 ^ _2311_/X (sky130_fd_sc_hd__xor2_1)
                                                         _1564_ (net)
                      0.415673    0.000980    4.779991 ^ _2313_/A2 (sky130_fd_sc_hd__a21o_1)
     4    0.010989    0.166548    0.416256    5.196247 ^ _2313_/X (sky130_fd_sc_hd__a21o_1)
                                                         _1566_ (net)
                      0.166548    0.000552    5.196799 ^ _2318_/A1 (sky130_fd_sc_hd__a21oi_1)
     3    0.013365    0.243497    0.281105    5.477904 v _2318_/Y (sky130_fd_sc_hd__a21oi_1)
                                                         _1571_ (net)
                      0.243500    0.000721    5.478625 v _2321_/B (sky130_fd_sc_hd__or3_4)
     3    0.008913    0.132504    0.806379    6.285005 v _2321_/X (sky130_fd_sc_hd__or3_4)
                                                         _1574_ (net)
                      0.132504    0.000557    6.285562 v _2326_/A1 (sky130_fd_sc_hd__a21o_1)
     4    0.010904    0.124075    0.376120    6.661682 v _2326_/X (sky130_fd_sc_hd__a21o_1)
                                                         _1579_ (net)
                      0.124077    0.000664    6.662346 v _2328_/B (sky130_fd_sc_hd__and3_1)
     2    0.005346    0.091934    0.382335    7.044681 v _2328_/X (sky130_fd_sc_hd__and3_1)
                                                         _1581_ (net)
                      0.091934    0.000350    7.045032 v _2330_/A (sky130_fd_sc_hd__or3_4)
     3    0.006973    0.127879    0.771788    7.816819 v _2330_/X (sky130_fd_sc_hd__or3_4)
                                                         _1583_ (net)
                      0.127879    0.000432    7.817251 v _2334_/A1 (sky130_fd_sc_hd__a21o_1)
     3    0.007691    0.098151    0.349897    8.167148 v _2334_/X (sky130_fd_sc_hd__a21o_1)
                                                         _1587_ (net)
                      0.098151    0.000394    8.167542 v rebuffer4/A (sky130_fd_sc_hd__dlymetal6s2s_1)
     3    0.009562    0.125899    0.342917    8.510459 v rebuffer4/X (sky130_fd_sc_hd__dlymetal6s2s_1)
                                                         net57 (net)
                      0.125899    0.000365    8.510824 v _2343_/A1 (sky130_fd_sc_hd__a21bo_1)
     1    0.004305    0.075063    0.342536    8.853360 v _2343_/X (sky130_fd_sc_hd__a21bo_1)
                                                         _1596_ (net)
                      0.075063    0.000308    8.853668 v _2344_/B1 (sky130_fd_sc_hd__a22o_1)
     2    0.010324    0.135380    0.397788    9.251456 v _2344_/X (sky130_fd_sc_hd__a22o_1)
                                                         _1597_ (net)
                      0.135382    0.000723    9.252179 v _2347_/B1 (sky130_fd_sc_hd__a21o_1)
     3    0.008379    0.103561    0.348170    9.600348 v _2347_/X (sky130_fd_sc_hd__a21o_1)
                                                         _1600_ (net)
                      0.103562    0.000542    9.600890 v _2348_/A2 (sky130_fd_sc_hd__a21oi_1)
     3    0.013250    0.487226    0.483004   10.083894 ^ _2348_/Y (sky130_fd_sc_hd__a21oi_1)
                                                         _1601_ (net)
                      0.487228    0.000833   10.084727 ^ _2349_/B (sky130_fd_sc_hd__xnor2_1)
     3    0.017015    0.651788    0.492527   10.577254 ^ _2349_/Y (sky130_fd_sc_hd__xnor2_1)
                                                         _1602_ (net)
                      0.651790    0.001026   10.578279 ^ _2355_/A2 (sky130_fd_sc_hd__a21o_1)
     3    0.007242    0.121679    0.457022   11.035302 ^ _2355_/X (sky130_fd_sc_hd__a21o_1)
                                                         _0109_ (net)
                      0.121679    0.000441   11.035744 ^ _2360_/A1 (sky130_fd_sc_hd__a21oi_1)
     3    0.012508    0.232233    0.252349   11.288093 v _2360_/Y (sky130_fd_sc_hd__a21oi_1)
                                                         _0114_ (net)
                      0.232233    0.000746   11.288838 v _2364_/B (sky130_fd_sc_hd__or3_4)
     3    0.007502    0.129046    0.795057   12.083896 v _2364_/X (sky130_fd_sc_hd__or3_4)
                                                         _0118_ (net)
                      0.129046    0.000459   12.084355 v _2366_/A1 (sky130_fd_sc_hd__a21o_1)
     4    0.011517    0.129143    0.379258   12.463613 v _2366_/X (sky130_fd_sc_hd__a21o_1)
                                                         _0120_ (net)
                      0.129144    0.000606   12.464218 v _2370_/A (sky130_fd_sc_hd__and3_1)
     2    0.006822    0.103386    0.355620   12.819838 v _2370_/X (sky130_fd_sc_hd__and3_1)
                                                         _0124_ (net)
                      0.103386    0.000391   12.820229 v _2372_/A (sky130_fd_sc_hd__or3_4)
     3    0.008824    0.132327    0.785527   13.605756 v _2372_/X (sky130_fd_sc_hd__or3_4)
                                                         _0126_ (net)
                      0.132327    0.000279   13.606035 v _2378_/A1 (sky130_fd_sc_hd__a21o_1)
     4    0.009662    0.113896    0.366800   13.972835 v _2378_/X (sky130_fd_sc_hd__a21o_1)
                                                         _0132_ (net)
                      0.113896    0.000277   13.973112 v _2383_/A (sky130_fd_sc_hd__and3_1)
     2    0.007732    0.110767    0.355755   14.328867 v _2383_/X (sky130_fd_sc_hd__and3_1)
                                                         _0137_ (net)
                      0.110767    0.000396   14.329264 v _2385_/C (sky130_fd_sc_hd__or3_4)
     3    0.008019    0.130299    0.681817   15.011081 v _2385_/X (sky130_fd_sc_hd__or3_4)
                                                         _0139_ (net)
                      0.130299    0.000599   15.011680 v _2387_/A1 (sky130_fd_sc_hd__a21o_1)
     4    0.012621    0.138255    0.388269   15.399948 v _2387_/X (sky130_fd_sc_hd__a21o_1)
                                                         _0141_ (net)
                      0.138255    0.000375   15.400323 v _2390_/A (sky130_fd_sc_hd__and3_1)
     3    0.012606    0.149826    0.406754   15.807077 v _2390_/X (sky130_fd_sc_hd__and3_1)
                                                         _0144_ (net)
                      0.149828    0.000874   15.807951 v _2392_/C (sky130_fd_sc_hd__or3_4)
     3    0.007061    0.127805    0.690411   16.498362 v _2392_/X (sky130_fd_sc_hd__or3_4)
                                                         _0146_ (net)
                      0.127805    0.000426   16.498789 v _2397_/A1 (sky130_fd_sc_hd__a21o_1)
     4    0.011282    0.127162    0.377000   16.875788 v _2397_/X (sky130_fd_sc_hd__a21o_1)
                                                         _0151_ (net)
                      0.127162    0.000517   16.876305 v _2406_/A (sky130_fd_sc_hd__and3_1)
     2    0.006686    0.102318    0.353523   17.229828 v _2406_/X (sky130_fd_sc_hd__and3_1)
                                                         _0160_ (net)
                      0.102318    0.000410   17.230240 v _2408_/C (sky130_fd_sc_hd__or3_4)
     3    0.008909    0.132547    0.683324   17.913563 v _2408_/X (sky130_fd_sc_hd__or3_4)
                                                         _0162_ (net)
                      0.132547    0.000515   17.914078 v _2410_/A1 (sky130_fd_sc_hd__a21o_1)
     3    0.007480    0.096490    0.350305   18.264383 v _2410_/X (sky130_fd_sc_hd__a21o_1)
                                                         _0164_ (net)
                      0.096490    0.000410   18.264793 v _2413_/A (sky130_fd_sc_hd__and3_1)
     2    0.006396    0.099997    0.336549   18.601341 v _2413_/X (sky130_fd_sc_hd__and3_1)
                                                         _0167_ (net)
                      0.099997    0.000224   18.601564 v _2415_/C (sky130_fd_sc_hd__or3_4)
     3    0.007182    0.128313    0.674069   19.275635 v _2415_/X (sky130_fd_sc_hd__or3_4)
                                                         _0169_ (net)
                      0.128313    0.000423   19.276056 v _2420_/A1 (sky130_fd_sc_hd__a21o_1)
     4    0.011918    0.132489    0.381963   19.658020 v _2420_/X (sky130_fd_sc_hd__a21o_1)
                                                         _0174_ (net)
                      0.132490    0.000561   19.658581 v _2428_/A2 (sky130_fd_sc_hd__a21bo_1)
     1    0.004397    0.075679    0.378147   20.036728 v _2428_/X (sky130_fd_sc_hd__a21bo_1)
                                                         _0180_ (net)
                      0.075679    0.000204   20.036932 v _2429_/B (sky130_fd_sc_hd__xor2_1)
     1    0.002593    0.123521    0.261753   20.298685 v _2429_/X (sky130_fd_sc_hd__xor2_1)
                                                         _0181_ (net)
                      0.123521    0.000119   20.298805 v _2430_/A1 (sky130_fd_sc_hd__mux2_4)
     1    0.002220    0.076959    0.483263   20.782068 v _2430_/X (sky130_fd_sc_hd__mux2_4)
                                                         _0025_ (net)
                      0.076959    0.000099   20.782167 v _3238_/D (sky130_fd_sc_hd__dfrtp_4)
                                             20.782167   data arrival time

                                 13.000000   13.000000   clock clk (rise edge)
                                  0.000000   13.000000   clock source latency
     2    0.045834    0.000000    0.000000   13.000000 ^ clk (in)
                                                         clk (net)
                      0.003287    0.001643   13.001643 ^ clkbuf_0_clk/A (sky130_fd_sc_hd__clkbuf_16)
    17    0.176749    0.287282    0.361384   13.363027 ^ clkbuf_0_clk/X (sky130_fd_sc_hd__clkbuf_16)
                                                         clknet_0_clk (net)
                      0.288463    0.015048   13.378075 ^ clkbuf_3_3__f_clk/A (sky130_fd_sc_hd__clkbuf_16)
    35    0.102195    0.180525    0.412367   13.790442 ^ clkbuf_3_3__f_clk/X (sky130_fd_sc_hd__clkbuf_16)
                                                         clknet_3_3__leaf_clk (net)
                      0.180797    0.006161   13.796603 ^ _3238_/CLK (sky130_fd_sc_hd__dfrtp_4)
                                 -0.100000   13.696604   clock uncertainty
                                  0.000000   13.696604   clock reconvergence pessimism
                                 -0.248228   13.448376   library setup time
                                             13.448376   data required time
---------------------------------------------------------------------------------------------
                                             13.448376   data required time
                                            -20.782167   data arrival time
---------------------------------------------------------------------------------------------
                                             -7.333792   slack (VIOLATED)




===========================================================================
 report_check_types -max_slew -max_cap -max_fanout -violators
============================================================================
======================= max_ss_100C_1v60 Corner ===================================

max slew

Pin                                        Limit        Slew       Slack
------------------------------------------------------------------------
ANTENNA__3295__RESET_B/DIODE            1.500000    1.521645   -0.021645 (VIOLATED)
_3295_/RESET_B                          1.500000    1.521595   -0.021596 (VIOLATED)
ANTENNA__3297__RESET_B/DIODE            1.500000    1.521550   -0.021550 (VIOLATED)
_3297_/RESET_B                          1.500000    1.521484   -0.021484 (VIOLATED)
ANTENNA__3296__RESET_B/DIODE            1.500000    1.521097   -0.021097 (VIOLATED)
_3296_/RESET_B                          1.500000    1.521029   -0.021029 (VIOLATED)
_3291_/RESET_B                          1.500000    1.520588   -0.020588 (VIOLATED)
ANTENNA__3291__RESET_B/DIODE            1.500000    1.520535   -0.020535 (VIOLATED)
ANTENNA__3292__RESET_B/DIODE            1.500000    1.520021   -0.020021 (VIOLATED)
_3292_/RESET_B                          1.500000    1.519889   -0.019889 (VIOLATED)
_3298_/RESET_B                          1.500000    1.518588   -0.018588 (VIOLATED)
ANTENNA__3298__RESET_B/DIODE            1.500000    1.518453   -0.018453 (VIOLATED)
_3293_/RESET_B                          1.500000    1.517722   -0.017722 (VIOLATED)
ANTENNA__3293__RESET_B/DIODE            1.500000    1.517642   -0.017642 (VIOLATED)
ANTENNA__3294__RESET_B/DIODE            1.500000    1.516448   -0.016449 (VIOLATED)
_3294_/RESET_B                          1.500000    1.515560   -0.015560 (VIOLATED)
ANTENNA__3299__RESET_B/DIODE            1.500000    1.515309   -0.015309 (VIOLATED)
_3299_/RESET_B                          1.500000    1.515275   -0.015275 (VIOLATED)
ANTENNA__3300__RESET_B/DIODE            1.500000    1.514379   -0.014379 (VIOLATED)
_3300_/RESET_B                          1.500000    1.514335   -0.014335 (VIOLATED)
_3301_/RESET_B                          1.500000    1.512079   -0.012079 (VIOLATED)
ANTENNA__3301__RESET_B/DIODE            1.500000    1.511761   -0.011761 (VIOLATED)
_3302_/RESET_B                          1.500000    1.506854   -0.006854 (VIOLATED)
ANTENNA__3302__RESET_B/DIODE            1.500000    1.505115   -0.005115 (VIOLATED)



===========================================================================
report_parasitic_annotation -report_unannotated
============================================================================
Found 7 unannotated drivers.
 clkload0/Y
 clkload1/Y
 clkload2/Y
 clkload3/Y
 clkload4/Y
 clkload5/Y
 clkload6/Y
Found 0 partially unannotated drivers.

===========================================================================
max slew violation count 24
max fanout violation count 0
max cap violation count 0
============================================================================

===========================================================================
check_setup -verbose -unconstrained_endpoints -multiple_clock -no_clock -no_input_delay -loops -generated_clocks
===========================================================================
Warning: There are 36 input ports missing set_input_delay.
  A_in[0]
  A_in[10]
  A_in[11]
  A_in[12]
  A_in[13]
  A_in[14]
  A_in[15]
  A_in[1]
  A_in[2]
  A_in[3]
  A_in[4]
  A_in[5]
  A_in[6]
  A_in[7]
  A_in[8]
  A_in[9]
  B_in[0]
  B_in[10]
  B_in[11]
  B_in[12]
  B_in[13]
  B_in[14]
  B_in[15]
  B_in[1]
  B_in[2]
  B_in[3]
  B_in[4]
  B_in[5]
  B_in[6]
  B_in[7]
  B_in[8]
  B_in[9]
  Op_Sel[0]
  Op_Sel[1]
  Start
  rst_n
Warning: There are 17 unconstrained endpoints.
  Done
  X_out[0]
  X_out[10]
  X_out[11]
  X_out[12]
  X_out[13]
  X_out[14]
  X_out[15]
  X_out[1]
  X_out[2]
  X_out[3]
  X_out[4]
  X_out[5]
  X_out[6]
  X_out[7]
  X_out[8]
  X_out[9]
