Clock: clk
Sources: clk 
Generated: no
Virtual: yes
Propagated: no
Period: 13.000000

===========================================================================
report_clock_properties
============================================================================
Clock                   Period          Waveform
----------------------------------------------------
clk                  13.000000    0.000000  6.500000

===========================================================================
report_clock_latency
============================================================================
Clock clk
rise -> rise
    min     max
0.000000 0.000000 source latency
0.766278         network latency _3221_/CLK
        0.803225 network latency _3256_/CLK
---------------
0.766278 0.803225 latency
        0.036947 skew

fall -> fall
    min     max
0.000000 0.000000 source latency
0.732722         network latency _3221_/CLK
        0.762018 network latency _3256_/CLK
---------------
0.732722 0.762018 latency
        0.029297 skew



===========================================================================
report_clock_min_period
============================================================================
clk period_min = 20.33 fmax = 49.18
