Reading OpenROAD database at '/work/runs/RUN_2026-03-17_14-13-19/38-odb-heuristicdiodeinsertion/3-openroad-globalrouting/rns_top_crt.odb'…
Reading library file at '/pdk/volare/sky130/versions/0fe599b2afb6708d281543108caf8310912f54af/sky130A/libs.ref/sky130_fd_sc_hd/lib/sky130_fd_sc_hd__tt_025C_1v80.lib'…
Reading design constraints file at 'designs/_shared/ll_policy/constraints.sdc'…
[INFO] No information on clock propagation in input SDC file-- propagating all clocks.
[INFO] Setting signal min routing layer to: met1 and clock min routing layer to met1. 
[INFO] Setting signal max routing layer to: met5 and clock max routing layer to met5. 
-congestion_iterations 50 -verbose
[INFO GRT-0020] Min routing layer: met1
[INFO GRT-0021] Max routing layer: met5
[INFO GRT-0022] Global adjustment: 30%
[INFO GRT-0023] Grid origin: (0, 0)
[INFO GRT-0043] No OR_DEFAULT vias defined.
[INFO GRT-0088] Layer li1     Track-Pitch = 0.4600  line-2-Via Pitch: 0.3400
[INFO GRT-0088] Layer met1    Track-Pitch = 0.3400  line-2-Via Pitch: 0.3400
[INFO GRT-0088] Layer met2    Track-Pitch = 0.4600  line-2-Via Pitch: 0.3500
[INFO GRT-0088] Layer met3    Track-Pitch = 0.6800  line-2-Via Pitch: 0.6150
[INFO GRT-0088] Layer met4    Track-Pitch = 0.9200  line-2-Via Pitch: 1.0400
[INFO GRT-0088] Layer met5    Track-Pitch = 3.4000  line-2-Via Pitch: 3.1100
[INFO GRT-0019] Found 10 clock nets.
[INFO GRT-0001] Minimum degree: 2
[INFO GRT-0002] Maximum degree: 222
[INFO GRT-0003] Macros: 0
[INFO GRT-0043] No OR_DEFAULT vias defined.
[INFO GRT-0004] Blockages: 1960

[INFO GRT-0053] Routing resources analysis:
          Routing      Original      Derated      Resource
Layer     Direction    Resources     Resources    Reduction (%)
---------------------------------------------------------------
li1        Vertical            0             0          0.00%
met1       Horizontal      79382         38931          50.96%
met2       Vertical        59998         39299          34.50%
met3       Horizontal      39660         27246          31.30%
met4       Vertical        24140         15142          37.27%
met5       Horizontal       7932          3721          53.09%
---------------------------------------------------------------

[INFO GRT-0197] Via related to pin nodes: 11437
[INFO GRT-0198] Via related Steiner nodes: 120
[INFO GRT-0199] Via filling finished.
[INFO GRT-0111] Final number of vias: 13934
[INFO GRT-0112] Final usage 3D: 48513

[INFO GRT-0096] Final congestion report:
Layer         Resource        Demand        Usage (%)    Max H / Max V / Total Overflow
---------------------------------------------------------------------------------------
li1                  0             0            0.00%             0 /  0 /  0
met1             38931          3470            8.91%             0 /  0 /  0
met2             39299          3203            8.15%             0 /  0 /  0
met3             27246            38            0.14%             0 /  0 /  0
met4             15142             0            0.00%             0 /  0 /  0
met5              3721             0            0.00%             0 /  0 /  0
---------------------------------------------------------------------------------------
Total           124339          6711            5.40%             0 /  0 /  0

[INFO GRT-0018] Total wirelength: 78128 um
[INFO GRT-0014] Routed nets: 1959
[INFO GRT-0006] Repairing antennas, iteration 1.
[INFO GRT-0043] No OR_DEFAULT vias defined.
[INFO GRT-0012] Found 1 antenna violations.
[INFO GRT-0015] Inserted 1 diodes.
[INFO GRT-0009] rerouting 514 nets.
[INFO GRT-0001] Minimum degree: 2
[INFO GRT-0002] Maximum degree: 222
[INFO GRT-0006] Repairing antennas, iteration 2.
[INFO GRT-0043] No OR_DEFAULT vias defined.
[INFO GRT-0012] Found 0 antenna violations.
Placement Analysis
---------------------------------
total displacement          0.0 u
average displacement        0.0 u
max displacement            0.0 u
original HPWL           41700.5 u
legalized HPWL          41700.5 u
delta HPWL                    0 %

[INFO DPL-0020] Mirrored 860 instances
[INFO DPL-0021] HPWL before           41700.5 u
[INFO DPL-0022] HPWL after            40209.3 u
[INFO DPL-0023] HPWL delta               -3.6 %
-congestion_iterations 50 -verbose
[INFO GRT-0020] Min routing layer: met1
[INFO GRT-0021] Max routing layer: met5
[INFO GRT-0022] Global adjustment: 30%
[INFO GRT-0023] Grid origin: (0, 0)
[INFO GRT-0043] No OR_DEFAULT vias defined.
[INFO GRT-0088] Layer li1     Track-Pitch = 0.4600  line-2-Via Pitch: 0.3400
[INFO GRT-0088] Layer met1    Track-Pitch = 0.3400  line-2-Via Pitch: 0.3400
[INFO GRT-0088] Layer met2    Track-Pitch = 0.4600  line-2-Via Pitch: 0.3500
[INFO GRT-0088] Layer met3    Track-Pitch = 0.6800  line-2-Via Pitch: 0.6150
[INFO GRT-0088] Layer met4    Track-Pitch = 0.9200  line-2-Via Pitch: 1.0400
[INFO GRT-0088] Layer met5    Track-Pitch = 3.4000  line-2-Via Pitch: 3.1100
[INFO GRT-0019] Found 10 clock nets.
[INFO GRT-0001] Minimum degree: 2
[INFO GRT-0002] Maximum degree: 222
[INFO GRT-0003] Macros: 0
[INFO GRT-0043] No OR_DEFAULT vias defined.
[INFO GRT-0004] Blockages: 1960

[INFO GRT-0053] Routing resources analysis:
          Routing      Original      Derated      Resource
Layer     Direction    Resources     Resources    Reduction (%)
---------------------------------------------------------------
li1        Vertical            0             0          0.00%
met1       Horizontal      79382         38931          50.96%
met2       Vertical        59998         39299          34.50%
met3       Horizontal      39660         27246          31.30%
met4       Vertical        24140         15142          37.27%
met5       Horizontal       7932          3721          53.09%
---------------------------------------------------------------

[INFO GRT-0197] Via related to pin nodes: 11437
[INFO GRT-0198] Via related Steiner nodes: 120
[INFO GRT-0199] Via filling finished.
[INFO GRT-0111] Final number of vias: 13934
[INFO GRT-0112] Final usage 3D: 48513

[INFO GRT-0096] Final congestion report:
Layer         Resource        Demand        Usage (%)    Max H / Max V / Total Overflow
---------------------------------------------------------------------------------------
li1                  0             0            0.00%             0 /  0 /  0
met1             38931          3470            8.91%             0 /  0 /  0
met2             39299          3203            8.15%             0 /  0 /  0
met3             27246            38            0.14%             0 /  0 /  0
met4             15142             0            0.00%             0 /  0 /  0
met5              3721             0            0.00%             0 /  0 /  0
---------------------------------------------------------------------------------------
Total           124339          6711            5.40%             0 /  0 /  0

[INFO GRT-0018] Total wirelength: 78128 um
[INFO GRT-0014] Routed nets: 1959
[INFO] Setting RC values…
Setting global connections for newly added cells…
[INFO] Setting global connections...
Updating metrics…
Cell type report:                       Count       Area
  Fill cell                               308    1156.11
  Tap cell                               2496    3123.00
  Antenna cell                            883    2209.62
  Clock buffer                              9     225.22
  Timing Repair Buffer                    195    1503.94
  Inverter                                 59     228.97
  Clock inverter                            7      73.82
  Sequential cell                         110    2977.86
  Multi-Input combinational cell         1549   13151.36
  Total                                  5616   24649.89
Writing OpenROAD database to '/work/runs/RUN_2026-03-17_14-13-19/39-openroad-repairantennas/1-diodeinsertion/rns_top_crt.odb'…
Writing layout to '/work/runs/RUN_2026-03-17_14-13-19/39-openroad-repairantennas/1-diodeinsertion/rns_top_crt.def'…
