
===========================================================================
report_checks -unconstrained
===========================================================================
======================= max_ss_100C_1v60 Corner ===================================

Startpoint: _3302_ (rising edge-triggered flip-flop clocked by clk)
Endpoint: _3238_ (rising edge-triggered flip-flop clocked by clk)
Path Group: clk
Path Type: max

Fanout         Cap        Slew       Delay        Time   Description
---------------------------------------------------------------------------------------------
                                  0.000000    0.000000   clock clk (rise edge)
                                  0.000000    0.000000   clock source latency
     2    0.044598    0.000000    0.000000    0.000000 ^ clk (in)
                                                         clk (net)
                      0.003159    0.001579    0.001579 ^ clkbuf_0_clk/A (sky130_fd_sc_hd__clkbuf_16)
    17    0.171242    0.278605    0.357060    0.358639 ^ clkbuf_0_clk/X (sky130_fd_sc_hd__clkbuf_16)
                                                         clknet_0_clk (net)
                      0.279514    0.013016    0.371655 ^ clkbuf_3_0__f_clk/A (sky130_fd_sc_hd__clkbuf_16)
    25    0.098963    0.175118    0.405652    0.777307 ^ clkbuf_3_0__f_clk/X (sky130_fd_sc_hd__clkbuf_16)
                                                         clknet_3_0__leaf_clk (net)
                      0.175397    0.006142    0.783449 ^ _3302_/CLK (sky130_fd_sc_hd__dfrtp_4)
     6    0.023549    0.163253    1.109531    1.892980 v _3302_/Q (sky130_fd_sc_hd__dfrtp_4)
                                                         B_reg[12] (net)
                      0.163253    0.002253    1.895233 v _1910_/C (sky130_fd_sc_hd__and3_1)
     3    0.007451    0.108493    0.448147    2.343380 v _1910_/X (sky130_fd_sc_hd__and3_1)
                                                         _1175_ (net)
                      0.108493    0.000472    2.343852 v _2300_/A (sky130_fd_sc_hd__or4_4)
     4    0.009733    0.173146    1.095057    3.438910 v _2300_/X (sky130_fd_sc_hd__or4_4)
                                                         _1553_ (net)
                      0.173146    0.000551    3.439461 v _2304_/A1 (sky130_fd_sc_hd__a21o_1)
     3    0.008598    0.105374    0.376334    3.815794 v _2304_/X (sky130_fd_sc_hd__a21o_1)
                                                         _1557_ (net)
                      0.105375    0.000538    3.816332 v _2307_/A2 (sky130_fd_sc_hd__a21oi_1)
     3    0.011098    0.419208    0.434207    4.250539 ^ _2307_/Y (sky130_fd_sc_hd__a21oi_1)
                                                         _1560_ (net)
                      0.419208    0.000390    4.250929 ^ _2311_/B (sky130_fd_sc_hd__xor2_1)
     3    0.010413    0.401839    0.522252    4.773180 ^ _2311_/X (sky130_fd_sc_hd__xor2_1)
                                                         _1564_ (net)
                      0.401839    0.000580    4.773761 ^ _2313_/A2 (sky130_fd_sc_hd__a21o_1)
     4    0.010944    0.165940    0.411072    5.184833 ^ _2313_/X (sky130_fd_sc_hd__a21o_1)
                                                         _1566_ (net)
                      0.165940    0.000626    5.185459 ^ _2318_/A1 (sky130_fd_sc_hd__a21oi_1)
     3    0.011797    0.219898    0.263093    5.448551 v _2318_/Y (sky130_fd_sc_hd__a21oi_1)
                                                         _1571_ (net)
                      0.219972    0.000643    5.449194 v _2321_/B (sky130_fd_sc_hd__or3_4)
     3    0.007345    0.128637    0.789499    6.238693 v _2321_/X (sky130_fd_sc_hd__or3_4)
                                                         _1574_ (net)
                      0.128637    0.000265    6.238958 v _2326_/A1 (sky130_fd_sc_hd__a21o_1)
     4    0.010002    0.116661    0.367645    6.606603 v _2326_/X (sky130_fd_sc_hd__a21o_1)
                                                         _1579_ (net)
                      0.116662    0.000532    6.607135 v _2328_/A (sky130_fd_sc_hd__and3_1)
     2    0.006747    0.102821    0.348968    6.956103 v _2328_/X (sky130_fd_sc_hd__and3_1)
                                                         _1581_ (net)
                      0.102821    0.000464    6.956567 v _2330_/A (sky130_fd_sc_hd__or3_4)
     3    0.007155    0.128246    0.777093    7.733660 v _2330_/X (sky130_fd_sc_hd__or3_4)
                                                         _1583_ (net)
                      0.128246    0.000460    7.734120 v _2334_/A1 (sky130_fd_sc_hd__a21o_1)
     4    0.010505    0.121027    0.371265    8.105385 v _2334_/X (sky130_fd_sc_hd__a21o_1)
                                                         _1587_ (net)
                      0.121028    0.000536    8.105922 v rebuffer10/A (sky130_fd_sc_hd__dlymetal6s2s_1)
     2    0.007773    0.111677    0.340536    8.446457 v rebuffer10/X (sky130_fd_sc_hd__dlymetal6s2s_1)
                                                         net63 (net)
                      0.111677    0.000437    8.446894 v _2343_/A1 (sky130_fd_sc_hd__a21bo_1)
     1    0.004793    0.079016    0.341260    8.788155 v _2343_/X (sky130_fd_sc_hd__a21bo_1)
                                                         _1596_ (net)
                      0.079016    0.000348    8.788503 v _2344_/B1 (sky130_fd_sc_hd__a22o_1)
     2    0.006711    0.104263    0.367737    9.156240 v _2344_/X (sky130_fd_sc_hd__a22o_1)
                                                         _1597_ (net)
                      0.104263    0.000457    9.156697 v _2347_/B1 (sky130_fd_sc_hd__a21o_1)
     4    0.010444    0.120310    0.351458    9.508156 v _2347_/X (sky130_fd_sc_hd__a21o_1)
                                                         _1600_ (net)
                      0.120311    0.000598    9.508753 v _2348_/A2 (sky130_fd_sc_hd__a21oi_1)
     3    0.014174    0.514932    0.511485   10.020238 ^ _2348_/Y (sky130_fd_sc_hd__a21oi_1)
                                                         _1601_ (net)
                      0.514934    0.000933   10.021171 ^ _2349_/B (sky130_fd_sc_hd__xnor2_1)
     3    0.017331    0.662382    0.505046   10.526217 ^ _2349_/Y (sky130_fd_sc_hd__xnor2_1)
                                                         _1602_ (net)
                      0.662384    0.000940   10.527156 ^ _2355_/A2 (sky130_fd_sc_hd__a21o_1)
     4    0.009410    0.148375    0.480643   11.007799 ^ _2355_/X (sky130_fd_sc_hd__a21o_1)
                                                         _0109_ (net)
                      0.148375    0.000544   11.008343 ^ _2360_/A1 (sky130_fd_sc_hd__a21oi_1)
     3    0.011909    0.222137    0.256837   11.265181 v _2360_/Y (sky130_fd_sc_hd__a21oi_1)
                                                         _0114_ (net)
                      0.222137    0.000767   11.265947 v _2364_/B (sky130_fd_sc_hd__or3_4)
     3    0.007758    0.129678    0.792348   12.058295 v _2364_/X (sky130_fd_sc_hd__or3_4)
                                                         _0118_ (net)
                      0.129678    0.000477   12.058772 v _2366_/A1 (sky130_fd_sc_hd__a21o_1)
     4    0.011558    0.129607    0.379630   12.438402 v _2366_/X (sky130_fd_sc_hd__a21o_1)
                                                         _0120_ (net)
                      0.129612    0.000923   12.439324 v _2370_/A (sky130_fd_sc_hd__and3_1)
     2    0.007213    0.106527    0.359020   12.798345 v _2370_/X (sky130_fd_sc_hd__and3_1)
                                                         _0124_ (net)
                      0.106527    0.000416   12.798760 v _2372_/C (sky130_fd_sc_hd__or3_4)
     3    0.009358    0.133603    0.686986   13.485746 v _2372_/X (sky130_fd_sc_hd__or3_4)
                                                         _0126_ (net)
                      0.133603    0.000478   13.486224 v _2378_/A1 (sky130_fd_sc_hd__a21o_1)
     4    0.010246    0.118638    0.371762   13.857986 v _2378_/X (sky130_fd_sc_hd__a21o_1)
                                                         _0132_ (net)
                      0.118638    0.000330   13.858315 v _2383_/A (sky130_fd_sc_hd__and3_1)
     2    0.007760    0.111030    0.358177   14.216493 v _2383_/X (sky130_fd_sc_hd__and3_1)
                                                         _0137_ (net)
                      0.111030    0.000504   14.216997 v _2385_/C (sky130_fd_sc_hd__or3_4)
     3    0.008504    0.131470    0.684330   14.901327 v _2385_/X (sky130_fd_sc_hd__or3_4)
                                                         _0139_ (net)
                      0.131470    0.000433   14.901760 v _2387_/A1 (sky130_fd_sc_hd__a21o_1)
     4    0.012744    0.139281    0.389695   15.291455 v _2387_/X (sky130_fd_sc_hd__a21o_1)
                                                         _0141_ (net)
                      0.139281    0.000426   15.291882 v _2390_/A (sky130_fd_sc_hd__and3_1)
     3    0.011947    0.146973    0.402045   15.693927 v _2390_/X (sky130_fd_sc_hd__and3_1)
                                                         _0144_ (net)
                      0.146974    0.000604   15.694530 v _2392_/C (sky130_fd_sc_hd__or3_4)
     3    0.007757    0.129524    0.692848   16.387379 v _2392_/X (sky130_fd_sc_hd__or3_4)
                                                         _0146_ (net)
                      0.129524    0.000396   16.387775 v _2397_/A1 (sky130_fd_sc_hd__a21o_1)
     4    0.010844    0.123528    0.374479   16.762255 v _2397_/X (sky130_fd_sc_hd__a21o_1)
                                                         _0151_ (net)
                      0.123528    0.000332   16.762587 v _2406_/A (sky130_fd_sc_hd__and3_1)
     2    0.006700    0.102400    0.351946   17.114532 v _2406_/X (sky130_fd_sc_hd__and3_1)
                                                         _0160_ (net)
                      0.102400    0.000234   17.114767 v _2408_/C (sky130_fd_sc_hd__or3_4)
     3    0.008920    0.132556    0.683434   17.798201 v _2408_/X (sky130_fd_sc_hd__or3_4)
                                                         _0162_ (net)
                      0.132556    0.000419   17.798620 v _2410_/A1 (sky130_fd_sc_hd__a21o_1)
     3    0.006949    0.092375    0.346265   18.144886 v _2410_/X (sky130_fd_sc_hd__a21o_1)
                                                         _0164_ (net)
                      0.092376    0.000481   18.145367 v _2413_/A (sky130_fd_sc_hd__and3_1)
     2    0.006315    0.099381    0.333875   18.479242 v _2413_/X (sky130_fd_sc_hd__and3_1)
                                                         _0167_ (net)
                      0.099381    0.000341   18.479584 v _2415_/C (sky130_fd_sc_hd__or3_4)
     3    0.006557    0.126713    0.670763   19.150347 v _2415_/X (sky130_fd_sc_hd__or3_4)
                                                         _0169_ (net)
                      0.126713    0.000316   19.150661 v _2420_/A1 (sky130_fd_sc_hd__a21o_1)
     3    0.009041    0.108893    0.359570   19.510233 v _2420_/X (sky130_fd_sc_hd__a21o_1)
                                                         _0174_ (net)
                      0.108894    0.000453   19.510685 v _2428_/A1 (sky130_fd_sc_hd__a21bo_1)
     1    0.004418    0.075831    0.336582   19.847267 v _2428_/X (sky130_fd_sc_hd__a21bo_1)
                                                         _0180_ (net)
                      0.075831    0.000206   19.847473 v _2429_/B (sky130_fd_sc_hd__xor2_1)
     1    0.002618    0.121479    0.262064   20.109537 v _2429_/X (sky130_fd_sc_hd__xor2_1)
                                                         _0181_ (net)
                      0.121479    0.000121   20.109659 v _2430_/A1 (sky130_fd_sc_hd__mux2_4)
     1    0.002195    0.076386    0.482320   20.591978 v _2430_/X (sky130_fd_sc_hd__mux2_4)
                                                         _0025_ (net)
                      0.076387    0.000101   20.592079 v _3238_/D (sky130_fd_sc_hd__dfrtp_4)
                                             20.592079   data arrival time

                                 10.500000   10.500000   clock clk (rise edge)
                                  0.000000   10.500000   clock source latency
     2    0.044598    0.000000    0.000000   10.500000 ^ clk (in)
                                                         clk (net)
                      0.003159    0.001579   10.501579 ^ clkbuf_0_clk/A (sky130_fd_sc_hd__clkbuf_16)
    17    0.171242    0.278605    0.357060   10.858640 ^ clkbuf_0_clk/X (sky130_fd_sc_hd__clkbuf_16)
                                                         clknet_0_clk (net)
                      0.279385    0.012091   10.870730 ^ clkbuf_3_3__f_clk/A (sky130_fd_sc_hd__clkbuf_16)
    35    0.102675    0.181152    0.408580   11.279310 ^ clkbuf_3_3__f_clk/X (sky130_fd_sc_hd__clkbuf_16)
                                                         clknet_3_3__leaf_clk (net)
                      0.181521    0.005602   11.284912 ^ _3238_/CLK (sky130_fd_sc_hd__dfrtp_4)
                                 -0.100000   11.184912   clock uncertainty
                                  0.000000   11.184912   clock reconvergence pessimism
                                 -0.247798   10.937114   library setup time
                                             10.937114   data required time
---------------------------------------------------------------------------------------------
                                             10.937114   data required time
                                            -20.592079   data arrival time
---------------------------------------------------------------------------------------------
                                             -9.654966   slack (VIOLATED)




===========================================================================
report_checks --slack_max -0.01
============================================================================
======================= max_ss_100C_1v60 Corner ===================================

Startpoint: _3302_ (rising edge-triggered flip-flop clocked by clk)
Endpoint: _3238_ (rising edge-triggered flip-flop clocked by clk)
Path Group: clk
Path Type: max

Fanout         Cap        Slew       Delay        Time   Description
---------------------------------------------------------------------------------------------
                                  0.000000    0.000000   clock clk (rise edge)
                                  0.000000    0.000000   clock source latency
     2    0.044598    0.000000    0.000000    0.000000 ^ clk (in)
                                                         clk (net)
                      0.003159    0.001579    0.001579 ^ clkbuf_0_clk/A (sky130_fd_sc_hd__clkbuf_16)
    17    0.171242    0.278605    0.357060    0.358639 ^ clkbuf_0_clk/X (sky130_fd_sc_hd__clkbuf_16)
                                                         clknet_0_clk (net)
                      0.279514    0.013016    0.371655 ^ clkbuf_3_0__f_clk/A (sky130_fd_sc_hd__clkbuf_16)
    25    0.098963    0.175118    0.405652    0.777307 ^ clkbuf_3_0__f_clk/X (sky130_fd_sc_hd__clkbuf_16)
                                                         clknet_3_0__leaf_clk (net)
                      0.175397    0.006142    0.783449 ^ _3302_/CLK (sky130_fd_sc_hd__dfrtp_4)
     6    0.023549    0.163253    1.109531    1.892980 v _3302_/Q (sky130_fd_sc_hd__dfrtp_4)
                                                         B_reg[12] (net)
                      0.163253    0.002253    1.895233 v _1910_/C (sky130_fd_sc_hd__and3_1)
     3    0.007451    0.108493    0.448147    2.343380 v _1910_/X (sky130_fd_sc_hd__and3_1)
                                                         _1175_ (net)
                      0.108493    0.000472    2.343852 v _2300_/A (sky130_fd_sc_hd__or4_4)
     4    0.009733    0.173146    1.095057    3.438910 v _2300_/X (sky130_fd_sc_hd__or4_4)
                                                         _1553_ (net)
                      0.173146    0.000551    3.439461 v _2304_/A1 (sky130_fd_sc_hd__a21o_1)
     3    0.008598    0.105374    0.376334    3.815794 v _2304_/X (sky130_fd_sc_hd__a21o_1)
                                                         _1557_ (net)
                      0.105375    0.000538    3.816332 v _2307_/A2 (sky130_fd_sc_hd__a21oi_1)
     3    0.011098    0.419208    0.434207    4.250539 ^ _2307_/Y (sky130_fd_sc_hd__a21oi_1)
                                                         _1560_ (net)
                      0.419208    0.000390    4.250929 ^ _2311_/B (sky130_fd_sc_hd__xor2_1)
     3    0.010413    0.401839    0.522252    4.773180 ^ _2311_/X (sky130_fd_sc_hd__xor2_1)
                                                         _1564_ (net)
                      0.401839    0.000580    4.773761 ^ _2313_/A2 (sky130_fd_sc_hd__a21o_1)
     4    0.010944    0.165940    0.411072    5.184833 ^ _2313_/X (sky130_fd_sc_hd__a21o_1)
                                                         _1566_ (net)
                      0.165940    0.000626    5.185459 ^ _2318_/A1 (sky130_fd_sc_hd__a21oi_1)
     3    0.011797    0.219898    0.263093    5.448551 v _2318_/Y (sky130_fd_sc_hd__a21oi_1)
                                                         _1571_ (net)
                      0.219972    0.000643    5.449194 v _2321_/B (sky130_fd_sc_hd__or3_4)
     3    0.007345    0.128637    0.789499    6.238693 v _2321_/X (sky130_fd_sc_hd__or3_4)
                                                         _1574_ (net)
                      0.128637    0.000265    6.238958 v _2326_/A1 (sky130_fd_sc_hd__a21o_1)
     4    0.010002    0.116661    0.367645    6.606603 v _2326_/X (sky130_fd_sc_hd__a21o_1)
                                                         _1579_ (net)
                      0.116662    0.000532    6.607135 v _2328_/A (sky130_fd_sc_hd__and3_1)
     2    0.006747    0.102821    0.348968    6.956103 v _2328_/X (sky130_fd_sc_hd__and3_1)
                                                         _1581_ (net)
                      0.102821    0.000464    6.956567 v _2330_/A (sky130_fd_sc_hd__or3_4)
     3    0.007155    0.128246    0.777093    7.733660 v _2330_/X (sky130_fd_sc_hd__or3_4)
                                                         _1583_ (net)
                      0.128246    0.000460    7.734120 v _2334_/A1 (sky130_fd_sc_hd__a21o_1)
     4    0.010505    0.121027    0.371265    8.105385 v _2334_/X (sky130_fd_sc_hd__a21o_1)
                                                         _1587_ (net)
                      0.121028    0.000536    8.105922 v rebuffer10/A (sky130_fd_sc_hd__dlymetal6s2s_1)
     2    0.007773    0.111677    0.340536    8.446457 v rebuffer10/X (sky130_fd_sc_hd__dlymetal6s2s_1)
                                                         net63 (net)
                      0.111677    0.000437    8.446894 v _2343_/A1 (sky130_fd_sc_hd__a21bo_1)
     1    0.004793    0.079016    0.341260    8.788155 v _2343_/X (sky130_fd_sc_hd__a21bo_1)
                                                         _1596_ (net)
                      0.079016    0.000348    8.788503 v _2344_/B1 (sky130_fd_sc_hd__a22o_1)
     2    0.006711    0.104263    0.367737    9.156240 v _2344_/X (sky130_fd_sc_hd__a22o_1)
                                                         _1597_ (net)
                      0.104263    0.000457    9.156697 v _2347_/B1 (sky130_fd_sc_hd__a21o_1)
     4    0.010444    0.120310    0.351458    9.508156 v _2347_/X (sky130_fd_sc_hd__a21o_1)
                                                         _1600_ (net)
                      0.120311    0.000598    9.508753 v _2348_/A2 (sky130_fd_sc_hd__a21oi_1)
     3    0.014174    0.514932    0.511485   10.020238 ^ _2348_/Y (sky130_fd_sc_hd__a21oi_1)
                                                         _1601_ (net)
                      0.514934    0.000933   10.021171 ^ _2349_/B (sky130_fd_sc_hd__xnor2_1)
     3    0.017331    0.662382    0.505046   10.526217 ^ _2349_/Y (sky130_fd_sc_hd__xnor2_1)
                                                         _1602_ (net)
                      0.662384    0.000940   10.527156 ^ _2355_/A2 (sky130_fd_sc_hd__a21o_1)
     4    0.009410    0.148375    0.480643   11.007799 ^ _2355_/X (sky130_fd_sc_hd__a21o_1)
                                                         _0109_ (net)
                      0.148375    0.000544   11.008343 ^ _2360_/A1 (sky130_fd_sc_hd__a21oi_1)
     3    0.011909    0.222137    0.256837   11.265181 v _2360_/Y (sky130_fd_sc_hd__a21oi_1)
                                                         _0114_ (net)
                      0.222137    0.000767   11.265947 v _2364_/B (sky130_fd_sc_hd__or3_4)
     3    0.007758    0.129678    0.792348   12.058295 v _2364_/X (sky130_fd_sc_hd__or3_4)
                                                         _0118_ (net)
                      0.129678    0.000477   12.058772 v _2366_/A1 (sky130_fd_sc_hd__a21o_1)
     4    0.011558    0.129607    0.379630   12.438402 v _2366_/X (sky130_fd_sc_hd__a21o_1)
                                                         _0120_ (net)
                      0.129612    0.000923   12.439324 v _2370_/A (sky130_fd_sc_hd__and3_1)
     2    0.007213    0.106527    0.359020   12.798345 v _2370_/X (sky130_fd_sc_hd__and3_1)
                                                         _0124_ (net)
                      0.106527    0.000416   12.798760 v _2372_/C (sky130_fd_sc_hd__or3_4)
     3    0.009358    0.133603    0.686986   13.485746 v _2372_/X (sky130_fd_sc_hd__or3_4)
                                                         _0126_ (net)
                      0.133603    0.000478   13.486224 v _2378_/A1 (sky130_fd_sc_hd__a21o_1)
     4    0.010246    0.118638    0.371762   13.857986 v _2378_/X (sky130_fd_sc_hd__a21o_1)
                                                         _0132_ (net)
                      0.118638    0.000330   13.858315 v _2383_/A (sky130_fd_sc_hd__and3_1)
     2    0.007760    0.111030    0.358177   14.216493 v _2383_/X (sky130_fd_sc_hd__and3_1)
                                                         _0137_ (net)
                      0.111030    0.000504   14.216997 v _2385_/C (sky130_fd_sc_hd__or3_4)
     3    0.008504    0.131470    0.684330   14.901327 v _2385_/X (sky130_fd_sc_hd__or3_4)
                                                         _0139_ (net)
                      0.131470    0.000433   14.901760 v _2387_/A1 (sky130_fd_sc_hd__a21o_1)
     4    0.012744    0.139281    0.389695   15.291455 v _2387_/X (sky130_fd_sc_hd__a21o_1)
                                                         _0141_ (net)
                      0.139281    0.000426   15.291882 v _2390_/A (sky130_fd_sc_hd__and3_1)
     3    0.011947    0.146973    0.402045   15.693927 v _2390_/X (sky130_fd_sc_hd__and3_1)
                                                         _0144_ (net)
                      0.146974    0.000604   15.694530 v _2392_/C (sky130_fd_sc_hd__or3_4)
     3    0.007757    0.129524    0.692848   16.387379 v _2392_/X (sky130_fd_sc_hd__or3_4)
                                                         _0146_ (net)
                      0.129524    0.000396   16.387775 v _2397_/A1 (sky130_fd_sc_hd__a21o_1)
     4    0.010844    0.123528    0.374479   16.762255 v _2397_/X (sky130_fd_sc_hd__a21o_1)
                                                         _0151_ (net)
                      0.123528    0.000332   16.762587 v _2406_/A (sky130_fd_sc_hd__and3_1)
     2    0.006700    0.102400    0.351946   17.114532 v _2406_/X (sky130_fd_sc_hd__and3_1)
                                                         _0160_ (net)
                      0.102400    0.000234   17.114767 v _2408_/C (sky130_fd_sc_hd__or3_4)
     3    0.008920    0.132556    0.683434   17.798201 v _2408_/X (sky130_fd_sc_hd__or3_4)
                                                         _0162_ (net)
                      0.132556    0.000419   17.798620 v _2410_/A1 (sky130_fd_sc_hd__a21o_1)
     3    0.006949    0.092375    0.346265   18.144886 v _2410_/X (sky130_fd_sc_hd__a21o_1)
                                                         _0164_ (net)
                      0.092376    0.000481   18.145367 v _2413_/A (sky130_fd_sc_hd__and3_1)
     2    0.006315    0.099381    0.333875   18.479242 v _2413_/X (sky130_fd_sc_hd__and3_1)
                                                         _0167_ (net)
                      0.099381    0.000341   18.479584 v _2415_/C (sky130_fd_sc_hd__or3_4)
     3    0.006557    0.126713    0.670763   19.150347 v _2415_/X (sky130_fd_sc_hd__or3_4)
                                                         _0169_ (net)
                      0.126713    0.000316   19.150661 v _2420_/A1 (sky130_fd_sc_hd__a21o_1)
     3    0.009041    0.108893    0.359570   19.510233 v _2420_/X (sky130_fd_sc_hd__a21o_1)
                                                         _0174_ (net)
                      0.108894    0.000453   19.510685 v _2428_/A1 (sky130_fd_sc_hd__a21bo_1)
     1    0.004418    0.075831    0.336582   19.847267 v _2428_/X (sky130_fd_sc_hd__a21bo_1)
                                                         _0180_ (net)
                      0.075831    0.000206   19.847473 v _2429_/B (sky130_fd_sc_hd__xor2_1)
     1    0.002618    0.121479    0.262064   20.109537 v _2429_/X (sky130_fd_sc_hd__xor2_1)
                                                         _0181_ (net)
                      0.121479    0.000121   20.109659 v _2430_/A1 (sky130_fd_sc_hd__mux2_4)
     1    0.002195    0.076386    0.482320   20.591978 v _2430_/X (sky130_fd_sc_hd__mux2_4)
                                                         _0025_ (net)
                      0.076387    0.000101   20.592079 v _3238_/D (sky130_fd_sc_hd__dfrtp_4)
                                             20.592079   data arrival time

                                 10.500000   10.500000   clock clk (rise edge)
                                  0.000000   10.500000   clock source latency
     2    0.044598    0.000000    0.000000   10.500000 ^ clk (in)
                                                         clk (net)
                      0.003159    0.001579   10.501579 ^ clkbuf_0_clk/A (sky130_fd_sc_hd__clkbuf_16)
    17    0.171242    0.278605    0.357060   10.858640 ^ clkbuf_0_clk/X (sky130_fd_sc_hd__clkbuf_16)
                                                         clknet_0_clk (net)
                      0.279385    0.012091   10.870730 ^ clkbuf_3_3__f_clk/A (sky130_fd_sc_hd__clkbuf_16)
    35    0.102675    0.181152    0.408580   11.279310 ^ clkbuf_3_3__f_clk/X (sky130_fd_sc_hd__clkbuf_16)
                                                         clknet_3_3__leaf_clk (net)
                      0.181521    0.005602   11.284912 ^ _3238_/CLK (sky130_fd_sc_hd__dfrtp_4)
                                 -0.100000   11.184912   clock uncertainty
                                  0.000000   11.184912   clock reconvergence pessimism
                                 -0.247798   10.937114   library setup time
                                             10.937114   data required time
---------------------------------------------------------------------------------------------
                                             10.937114   data required time
                                            -20.592079   data arrival time
---------------------------------------------------------------------------------------------
                                             -9.654966   slack (VIOLATED)




===========================================================================
 report_check_types -max_slew -max_cap -max_fanout -violators
============================================================================
======================= max_ss_100C_1v60 Corner ===================================



===========================================================================
report_parasitic_annotation -report_unannotated
============================================================================
Found 7 unannotated drivers.
 clkload0/Y
 clkload1/Y
 clkload2/Y
 clkload3/Y
 clkload4/Y
 clkload5/Y
 clkload6/Y
Found 0 partially unannotated drivers.

===========================================================================
max slew violation count 0
max fanout violation count 0
max cap violation count 0
============================================================================

===========================================================================
check_setup -verbose -unconstrained_endpoints -multiple_clock -no_clock -no_input_delay -loops -generated_clocks
===========================================================================
Warning: There are 36 input ports missing set_input_delay.
  A_in[0]
  A_in[10]
  A_in[11]
  A_in[12]
  A_in[13]
  A_in[14]
  A_in[15]
  A_in[1]
  A_in[2]
  A_in[3]
  A_in[4]
  A_in[5]
  A_in[6]
  A_in[7]
  A_in[8]
  A_in[9]
  B_in[0]
  B_in[10]
  B_in[11]
  B_in[12]
  B_in[13]
  B_in[14]
  B_in[15]
  B_in[1]
  B_in[2]
  B_in[3]
  B_in[4]
  B_in[5]
  B_in[6]
  B_in[7]
  B_in[8]
  B_in[9]
  Op_Sel[0]
  Op_Sel[1]
  Start
  rst_n
Warning: There are 17 unconstrained endpoints.
  Done
  X_out[0]
  X_out[10]
  X_out[11]
  X_out[12]
  X_out[13]
  X_out[14]
  X_out[15]
  X_out[1]
  X_out[2]
  X_out[3]
  X_out[4]
  X_out[5]
  X_out[6]
  X_out[7]
  X_out[8]
  X_out[9]
