
===========================================================================
report_checks -unconstrained
===========================================================================
======================= nom_tt_025C_1v80 Corner ===================================

Startpoint: _3302_ (rising edge-triggered flip-flop clocked by clk)
Endpoint: _3238_ (rising edge-triggered flip-flop clocked by clk)
Path Group: clk
Path Type: max

Fanout         Cap        Slew       Delay        Time   Description
---------------------------------------------------------------------------------------------
                                  0.000000    0.000000   clock clk (rise edge)
                                  0.000000    0.000000   clock source latency
     1    0.028987    0.000000    0.000000    0.000000 ^ clk (in)
                                                         clk (net)
                      0.002441    0.001221    0.001221 ^ clkbuf_0_clk/A (sky130_fd_sc_hd__clkbuf_16)
     8    0.126639    0.139410    0.189408    0.190628 ^ clkbuf_0_clk/X (sky130_fd_sc_hd__clkbuf_16)
                                                         clknet_0_clk (net)
                      0.139444    0.001777    0.192405 ^ clkbuf_3_0__f_clk/A (sky130_fd_sc_hd__clkbuf_16)
    12    0.054273    0.073098    0.186143    0.378548 ^ clkbuf_3_0__f_clk/X (sky130_fd_sc_hd__clkbuf_16)
                                                         clknet_3_0__leaf_clk (net)
                      0.073101    0.000564    0.379112 ^ _3302_/CLK (sky130_fd_sc_hd__dfrtp_4)
    15    0.043107    0.110559    0.548871    0.927983 v _3302_/Q (sky130_fd_sc_hd__dfrtp_4)
                                                         B_reg[12] (net)
                      0.110560    0.000527    0.928509 v _1910_/C (sky130_fd_sc_hd__and3_1)
     3    0.005171    0.048594    0.215600    1.144110 v _1910_/X (sky130_fd_sc_hd__and3_1)
                                                         _1175_ (net)
                      0.048594    0.000010    1.144119 v _2300_/B (sky130_fd_sc_hd__or4_1)
     4    0.008641    0.125066    0.550988    1.695108 v _2300_/X (sky130_fd_sc_hd__or4_1)
                                                         _1553_ (net)
                      0.125066    0.000011    1.695119 v _2304_/A2 (sky130_fd_sc_hd__a21o_1)
     3    0.006739    0.051053    0.221858    1.916977 v _2304_/X (sky130_fd_sc_hd__a21o_1)
                                                         _1557_ (net)
                      0.051053    0.000016    1.916994 v _2308_/C (sky130_fd_sc_hd__and3_1)
     2    0.004286    0.044708    0.184201    2.101195 v _2308_/X (sky130_fd_sc_hd__and3_1)
                                                         _1561_ (net)
                      0.044708    0.000010    2.101206 v _2310_/C (sky130_fd_sc_hd__or3_1)
     3    0.006516    0.088327    0.331234    2.432440 v _2310_/X (sky130_fd_sc_hd__or3_1)
                                                         _1563_ (net)
                      0.088327    0.000016    2.432456 v _2313_/A1 (sky130_fd_sc_hd__a21o_1)
     4    0.009536    0.060628    0.199062    2.631517 v _2313_/X (sky130_fd_sc_hd__a21o_1)
                                                         _1566_ (net)
                      0.060628    0.000028    2.631546 v _2319_/B (sky130_fd_sc_hd__and3_1)
     2    0.004635    0.044609    0.174940    2.806486 v _2319_/X (sky130_fd_sc_hd__and3_1)
                                                         _1572_ (net)
                      0.044609    0.000007    2.806493 v _2321_/C (sky130_fd_sc_hd__or3_1)
     3    0.007175    0.089523    0.336231    3.142724 v _2321_/X (sky130_fd_sc_hd__or3_1)
                                                         _1574_ (net)
                      0.089523    0.000041    3.142765 v _2326_/A1 (sky130_fd_sc_hd__a21o_1)
     4    0.009433    0.060208    0.199183    3.341948 v _2326_/X (sky130_fd_sc_hd__a21o_1)
                                                         _1579_ (net)
                      0.060208    0.000034    3.341982 v _2328_/C (sky130_fd_sc_hd__and3_1)
     2    0.004188    0.044296    0.187841    3.529823 v _2328_/X (sky130_fd_sc_hd__and3_1)
                                                         _1581_ (net)
                      0.044296    0.000011    3.529835 v _2330_/C (sky130_fd_sc_hd__or3_2)
     4    0.012154    0.107345    0.457047    3.986881 v _2330_/X (sky130_fd_sc_hd__or3_2)
                                                         _1583_ (net)
                      0.107345    0.000034    3.986915 v _2334_/A1 (sky130_fd_sc_hd__a21o_1)
     5    0.013573    0.078344    0.221387    4.208302 v _2334_/X (sky130_fd_sc_hd__a21o_1)
                                                         _1587_ (net)
                      0.078344    0.000032    4.208334 v _2338_/B (sky130_fd_sc_hd__and3_1)
     2    0.004827    0.045423    0.183882    4.392216 v _2338_/X (sky130_fd_sc_hd__and3_1)
                                                         _1591_ (net)
                      0.045423    0.000016    4.392232 v _2345_/C (sky130_fd_sc_hd__or3_1)
     3    0.007218    0.092310    0.336765    4.728997 v _2345_/X (sky130_fd_sc_hd__or3_1)
                                                         _1598_ (net)
                      0.092310    0.000017    4.729014 v _2347_/A1 (sky130_fd_sc_hd__a21o_1)
     4    0.009492    0.060453    0.200548    4.929562 v _2347_/X (sky130_fd_sc_hd__a21o_1)
                                                         _1600_ (net)
                      0.060453    0.000032    4.929594 v _2350_/C (sky130_fd_sc_hd__and3_1)
     2    0.004935    0.045853    0.191592    5.121185 v _2350_/X (sky130_fd_sc_hd__and3_1)
                                                         _1603_ (net)
                      0.045853    0.000027    5.121212 v _2352_/C (sky130_fd_sc_hd__or3_1)
     3    0.007776    0.093393    0.341111    5.462323 v _2352_/X (sky130_fd_sc_hd__or3_1)
                                                         _0106_ (net)
                      0.093393    0.000037    5.462360 v _2355_/A2 (sky130_fd_sc_hd__a21o_1)
     4    0.009054    0.059062    0.220333    5.682693 v _2355_/X (sky130_fd_sc_hd__a21o_1)
                                                         _0109_ (net)
                      0.059062    0.000029    5.682722 v _2362_/B (sky130_fd_sc_hd__and3_1)
     2    0.004852    0.045515    0.175286    5.858008 v _2362_/X (sky130_fd_sc_hd__and3_1)
                                                         _0116_ (net)
                      0.045515    0.000024    5.858032 v _2364_/C (sky130_fd_sc_hd__or3_1)
     3    0.006545    0.088545    0.331633    6.189664 v _2364_/X (sky130_fd_sc_hd__or3_1)
                                                         _0118_ (net)
                      0.088545    0.000029    6.189693 v _2366_/A2 (sky130_fd_sc_hd__a21o_1)
     4    0.009682    0.061169    0.221100    6.410793 v _2366_/X (sky130_fd_sc_hd__a21o_1)
                                                         _0120_ (net)
                      0.061169    0.000033    6.410826 v _2370_/B (sky130_fd_sc_hd__and3_1)
     2    0.004674    0.044767    0.175374    6.586201 v _2370_/X (sky130_fd_sc_hd__and3_1)
                                                         _0124_ (net)
                      0.044767    0.000012    6.586213 v _2372_/C (sky130_fd_sc_hd__or3_1)
     3    0.007830    0.095847    0.341305    6.927518 v _2372_/X (sky130_fd_sc_hd__or3_1)
                                                         _0126_ (net)
                      0.095847    0.000012    6.927530 v _2378_/A1 (sky130_fd_sc_hd__a21o_1)
     4    0.008880    0.059977    0.199290    7.126820 v _2378_/X (sky130_fd_sc_hd__a21o_1)
                                                         _0132_ (net)
                      0.059977    0.000007    7.126827 v _2383_/C (sky130_fd_sc_hd__and3_1)
     2    0.004858    0.047202    0.191013    7.317840 v _2383_/X (sky130_fd_sc_hd__and3_1)
                                                         _0137_ (net)
                      0.047202    0.000014    7.317853 v _2385_/C (sky130_fd_sc_hd__or3_1)
     3    0.006963    0.090895    0.335203    7.653056 v _2385_/X (sky130_fd_sc_hd__or3_1)
                                                         _0139_ (net)
                      0.090895    0.000017    7.653073 v _2387_/A1 (sky130_fd_sc_hd__a21o_1)
     4    0.011006    0.066418    0.205381    7.858454 v _2387_/X (sky130_fd_sc_hd__a21o_1)
                                                         _0141_ (net)
                      0.066418    0.000040    7.858494 v _2390_/B (sky130_fd_sc_hd__and3_1)
     3    0.008239    0.060219    0.195103    8.053597 v _2390_/X (sky130_fd_sc_hd__and3_1)
                                                         _0144_ (net)
                      0.060219    0.000040    8.053638 v _2392_/C (sky130_fd_sc_hd__or3_1)
     3    0.006033    0.085672    0.331758    8.385395 v _2392_/X (sky130_fd_sc_hd__or3_1)
                                                         _0146_ (net)
                      0.085672    0.000008    8.385403 v _2397_/A1 (sky130_fd_sc_hd__a21o_1)
     4    0.009576    0.062819    0.198122    8.583526 v _2397_/X (sky130_fd_sc_hd__a21o_1)
                                                         _0151_ (net)
                      0.062819    0.000018    8.583543 v _2406_/B (sky130_fd_sc_hd__and3_1)
     2    0.004471    0.045526    0.175134    8.758677 v _2406_/X (sky130_fd_sc_hd__and3_1)
                                                         _0160_ (net)
                      0.045526    0.000009    8.758685 v _2408_/C (sky130_fd_sc_hd__or3_1)
     3    0.007322    0.092950    0.337586    9.096272 v _2408_/X (sky130_fd_sc_hd__or3_1)
                                                         _0162_ (net)
                      0.092950    0.000012    9.096283 v _2410_/A2 (sky130_fd_sc_hd__a21o_1)
     3    0.006104    0.046984    0.206306    9.302589 v _2410_/X (sky130_fd_sc_hd__a21o_1)
                                                         _0164_ (net)
                      0.046984    0.000022    9.302611 v _2413_/C (sky130_fd_sc_hd__and3_1)
     2    0.004427    0.043725    0.183127    9.485739 v _2413_/X (sky130_fd_sc_hd__and3_1)
                                                         _0167_ (net)
                      0.043725    0.000010    9.485748 v _2415_/C (sky130_fd_sc_hd__or3_1)
     3    0.006216    0.086672    0.328720    9.814468 v _2415_/X (sky130_fd_sc_hd__or3_1)
                                                         _0169_ (net)
                      0.086672    0.000017    9.814486 v _2420_/A1 (sky130_fd_sc_hd__a21o_1)
     4    0.010511    0.066459    0.201888   10.016374 v _2420_/X (sky130_fd_sc_hd__a21o_1)
                                                         _0174_ (net)
                      0.066459    0.000004   10.016378 v _2428_/A1 (sky130_fd_sc_hd__a21bo_1)
     1    0.004302    0.042458    0.177835   10.194213 v _2428_/X (sky130_fd_sc_hd__a21bo_1)
                                                         _0180_ (net)
                      0.042458    0.000003   10.194216 v _2429_/B (sky130_fd_sc_hd__xor2_1)
     1    0.002234    0.064679    0.131765   10.325980 v _2429_/X (sky130_fd_sc_hd__xor2_1)
                                                         _0181_ (net)
                      0.064679    0.000004   10.325984 v _2430_/A1 (sky130_fd_sc_hd__mux2_1)
     1    0.002172    0.053136    0.287858   10.613842 v _2430_/X (sky130_fd_sc_hd__mux2_1)
                                                         _0025_ (net)
                      0.053136    0.000002   10.613843 v _3238_/D (sky130_fd_sc_hd__dfrtp_4)
                                             10.613843   data arrival time

                                 40.000000   40.000000   clock clk (rise edge)
                                  0.000000   40.000000   clock source latency
     1    0.028987    0.000000    0.000000   40.000000 ^ clk (in)
                                                         clk (net)
                      0.002441    0.001222   40.001225 ^ clkbuf_0_clk/A (sky130_fd_sc_hd__clkbuf_16)
     8    0.126639    0.139410    0.189406   40.190628 ^ clkbuf_0_clk/X (sky130_fd_sc_hd__clkbuf_16)
                                                         clknet_0_clk (net)
                      0.139469    0.002327   40.192955 ^ clkbuf_3_3__f_clk/A (sky130_fd_sc_hd__clkbuf_16)
    17    0.056423    0.075057    0.187825   40.380779 ^ clkbuf_3_3__f_clk/X (sky130_fd_sc_hd__clkbuf_16)
                                                         clknet_3_3__leaf_clk (net)
                      0.075057    0.000281   40.381062 ^ _3238_/CLK (sky130_fd_sc_hd__dfrtp_4)
                                 -0.100000   40.281063   clock uncertainty
                                  0.000000   40.281063   clock reconvergence pessimism
                                 -0.110940   40.170124   library setup time
                                             40.170124   data required time
---------------------------------------------------------------------------------------------
                                             40.170124   data required time
                                            -10.613843   data arrival time
---------------------------------------------------------------------------------------------
                                             29.556280   slack (MET)




===========================================================================
report_checks --slack_max -0.01
============================================================================
======================= nom_tt_025C_1v80 Corner ===================================

No paths found.


===========================================================================
 report_check_types -max_slew -max_cap -max_fanout -violators
============================================================================
======================= nom_tt_025C_1v80 Corner ===================================



===========================================================================
report_parasitic_annotation -report_unannotated
============================================================================
Found 7 unannotated drivers.
 clkload0/Y
 clkload1/Y
 clkload2/Y
 clkload3/Y
 clkload4/Y
 clkload5/Y
 clkload6/X
Found 0 partially unannotated drivers.

===========================================================================
max slew violation count 0
Writing metric design__max_slew_violation__count__corner:nom_tt_025C_1v80: 0
max fanout violation count 0
Writing metric design__max_fanout_violation__count__corner:nom_tt_025C_1v80: 0
max cap violation count 0
Writing metric design__max_cap_violation__count__corner:nom_tt_025C_1v80: 0
============================================================================

===========================================================================
check_setup -verbose -unconstrained_endpoints -multiple_clock -no_clock -no_input_delay -loops -generated_clocks
===========================================================================
Warning: There are 36 input ports missing set_input_delay.
  A_in[0]
  A_in[10]
  A_in[11]
  A_in[12]
  A_in[13]
  A_in[14]
  A_in[15]
  A_in[1]
  A_in[2]
  A_in[3]
  A_in[4]
  A_in[5]
  A_in[6]
  A_in[7]
  A_in[8]
  A_in[9]
  B_in[0]
  B_in[10]
  B_in[11]
  B_in[12]
  B_in[13]
  B_in[14]
  B_in[15]
  B_in[1]
  B_in[2]
  B_in[3]
  B_in[4]
  B_in[5]
  B_in[6]
  B_in[7]
  B_in[8]
  B_in[9]
  Op_Sel[0]
  Op_Sel[1]
  Start
  rst_n
Warning: There are 17 unconstrained endpoints.
  Done
  X_out[0]
  X_out[10]
  X_out[11]
  X_out[12]
  X_out[13]
  X_out[14]
  X_out[15]
  X_out[1]
  X_out[2]
  X_out[3]
  X_out[4]
  X_out[5]
  X_out[6]
  X_out[7]
  X_out[8]
  X_out[9]
