
===========================================================================
report_checks -unconstrained
===========================================================================
======================= min_tt_025C_1v80 Corner ===================================

Startpoint: _3302_ (rising edge-triggered flip-flop clocked by clk)
Endpoint: _3238_ (rising edge-triggered flip-flop clocked by clk)
Path Group: clk
Path Type: max

Fanout         Cap        Slew       Delay        Time   Description
---------------------------------------------------------------------------------------------
                                  0.000000    0.000000   clock clk (rise edge)
                                  0.000000    0.000000   clock source latency
     2    0.041367    0.000000    0.000000    0.000000 ^ clk (in)
                                                         clk (net)
                      0.001587    0.000793    0.000793 ^ clkbuf_0_clk/A (sky130_fd_sc_hd__clkbuf_16)
    17    0.156764    0.168817    0.208175    0.208968 ^ clkbuf_0_clk/X (sky130_fd_sc_hd__clkbuf_16)
                                                         clknet_0_clk (net)
                      0.169045    0.005029    0.213997 ^ clkbuf_3_0__f_clk/A (sky130_fd_sc_hd__clkbuf_16)
    25    0.088968    0.105914    0.220583    0.434580 ^ clkbuf_3_0__f_clk/X (sky130_fd_sc_hd__clkbuf_16)
                                                         clknet_3_0__leaf_clk (net)
                      0.105974    0.002377    0.436957 ^ _3302_/CLK (sky130_fd_sc_hd__dfrtp_4)
    15    0.048277    0.118883    0.569495    1.006452 v _3302_/Q (sky130_fd_sc_hd__dfrtp_4)
                                                         B_reg[12] (net)
                      0.118905    0.001564    1.008015 v _1910_/C (sky130_fd_sc_hd__and3_1)
     3    0.005782    0.049561    0.222386    1.230401 v _1910_/X (sky130_fd_sc_hd__and3_1)
                                                         _1175_ (net)
                      0.049561    0.000032    1.230433 v _2300_/B (sky130_fd_sc_hd__or4_1)
     4    0.009564    0.126108    0.558428    1.788862 v _2300_/X (sky130_fd_sc_hd__or4_1)
                                                         _1553_ (net)
                      0.126108    0.000068    1.788929 v _2304_/A2 (sky130_fd_sc_hd__a21o_1)
     3    0.007450    0.053093    0.225529    2.014459 v _2304_/X (sky130_fd_sc_hd__a21o_1)
                                                         _1557_ (net)
                      0.053093    0.000069    2.014528 v _2308_/C (sky130_fd_sc_hd__and3_1)
     2    0.004987    0.046072    0.188479    2.203007 v _2308_/X (sky130_fd_sc_hd__and3_1)
                                                         _1561_ (net)
                      0.046072    0.000048    2.203056 v _2310_/C (sky130_fd_sc_hd__or3_1)
     3    0.007778    0.093337    0.341148    2.544204 v _2310_/X (sky130_fd_sc_hd__or3_1)
                                                         _1563_ (net)
                      0.093337    0.000084    2.544288 v _2313_/A1 (sky130_fd_sc_hd__a21o_1)
     4    0.010462    0.064266    0.204422    2.748710 v _2313_/X (sky130_fd_sc_hd__a21o_1)
                                                         _1566_ (net)
                      0.064266    0.000073    2.748783 v _2319_/B (sky130_fd_sc_hd__and3_1)
     2    0.005442    0.048040    0.180493    2.929276 v _2319_/X (sky130_fd_sc_hd__and3_1)
                                                         _1572_ (net)
                      0.048040    0.000035    2.929312 v _2321_/C (sky130_fd_sc_hd__or3_1)
     3    0.008456    0.096526    0.346740    3.276052 v _2321_/X (sky130_fd_sc_hd__or3_1)
                                                         _1574_ (net)
                      0.096526    0.000139    3.276191 v _2326_/A1 (sky130_fd_sc_hd__a21o_1)
     4    0.010864    0.065868    0.207137    3.483328 v _2326_/X (sky130_fd_sc_hd__a21o_1)
                                                         _1579_ (net)
                      0.065868    0.000140    3.483468 v _2328_/C (sky130_fd_sc_hd__and3_1)
     2    0.004662    0.044725    0.192716    3.676184 v _2328_/X (sky130_fd_sc_hd__and3_1)
                                                         _1581_ (net)
                      0.044725    0.000044    3.676228 v _2330_/C (sky130_fd_sc_hd__or3_2)
     4    0.013770    0.112094    0.463419    4.139647 v _2330_/X (sky130_fd_sc_hd__or3_2)
                                                         _1583_ (net)
                      0.112094    0.000229    4.139876 v _2334_/A1 (sky130_fd_sc_hd__a21o_1)
     5    0.015516    0.084704    0.230204    4.370080 v _2334_/X (sky130_fd_sc_hd__a21o_1)
                                                         _1587_ (net)
                      0.084704    0.000147    4.370226 v _2338_/B (sky130_fd_sc_hd__and3_1)
     2    0.007043    0.055297    0.197523    4.567750 v _2338_/X (sky130_fd_sc_hd__and3_1)
                                                         _1591_ (net)
                      0.055297    0.000111    4.567861 v _2345_/C (sky130_fd_sc_hd__or3_1)
     3    0.007999    0.094874    0.345133    4.912994 v _2345_/X (sky130_fd_sc_hd__or3_1)
                                                         _1598_ (net)
                      0.094874    0.000059    4.913053 v _2347_/A1 (sky130_fd_sc_hd__a21o_1)
     4    0.011042    0.066582    0.207104    5.120157 v _2347_/X (sky130_fd_sc_hd__a21o_1)
                                                         _1600_ (net)
                      0.066582    0.000146    5.120303 v _2350_/C (sky130_fd_sc_hd__and3_1)
     2    0.006471    0.052628    0.201861    5.322164 v _2350_/X (sky130_fd_sc_hd__and3_1)
                                                         _1603_ (net)
                      0.052628    0.000089    5.322253 v _2352_/C (sky130_fd_sc_hd__or3_1)
     3    0.008911    0.098448    0.351246    5.673499 v _2352_/X (sky130_fd_sc_hd__or3_1)
                                                         _0106_ (net)
                      0.098448    0.000110    5.673609 v _2355_/A2 (sky130_fd_sc_hd__a21o_1)
     4    0.010133    0.062960    0.226606    5.900215 v _2355_/X (sky130_fd_sc_hd__a21o_1)
                                                         _0109_ (net)
                      0.062960    0.000121    5.900336 v _2362_/B (sky130_fd_sc_hd__and3_1)
     2    0.005592    0.048706    0.180634    6.080970 v _2362_/X (sky130_fd_sc_hd__and3_1)
                                                         _0116_ (net)
                      0.048706    0.000067    6.081036 v _2364_/C (sky130_fd_sc_hd__or3_1)
     3    0.007211    0.089803    0.337373    6.418409 v _2364_/X (sky130_fd_sc_hd__or3_1)
                                                         _0118_ (net)
                      0.089803    0.000094    6.418504 v _2366_/A2 (sky130_fd_sc_hd__a21o_1)
     4    0.011240    0.067334    0.227225    6.645729 v _2366_/X (sky130_fd_sc_hd__a21o_1)
                                                         _0120_ (net)
                      0.067334    0.000140    6.645868 v _2370_/B (sky130_fd_sc_hd__and3_1)
     2    0.005517    0.048363    0.182256    6.828124 v _2370_/X (sky130_fd_sc_hd__and3_1)
                                                         _0124_ (net)
                      0.048363    0.000058    6.828182 v _2372_/C (sky130_fd_sc_hd__or3_1)
     3    0.008779    0.097740    0.349324    7.177505 v _2372_/X (sky130_fd_sc_hd__or3_1)
                                                         _0126_ (net)
                      0.097740    0.000049    7.177555 v _2378_/A1 (sky130_fd_sc_hd__a21o_1)
     4    0.010302    0.063649    0.205659    7.383214 v _2378_/X (sky130_fd_sc_hd__a21o_1)
                                                         _0132_ (net)
                      0.063649    0.000071    7.383285 v _2383_/C (sky130_fd_sc_hd__and3_1)
     2    0.006793    0.054092    0.202103    7.585388 v _2383_/X (sky130_fd_sc_hd__and3_1)
                                                         _0137_ (net)
                      0.054092    0.000086    7.585474 v _2385_/C (sky130_fd_sc_hd__or3_1)
     3    0.007956    0.094596    0.344397    7.929870 v _2385_/X (sky130_fd_sc_hd__or3_1)
                                                         _0139_ (net)
                      0.094596    0.000069    7.929940 v _2387_/A1 (sky130_fd_sc_hd__a21o_1)
     4    0.012178    0.071112    0.211073    8.141012 v _2387_/X (sky130_fd_sc_hd__a21o_1)
                                                         _0141_ (net)
                      0.071112    0.000070    8.141083 v _2390_/B (sky130_fd_sc_hd__and3_1)
     3    0.009806    0.066147    0.203825    8.344908 v _2390_/X (sky130_fd_sc_hd__and3_1)
                                                         _0144_ (net)
                      0.066147    0.000146    8.345054 v _2392_/C (sky130_fd_sc_hd__or3_1)
     3    0.006623    0.086258    0.338240    8.683293 v _2392_/X (sky130_fd_sc_hd__or3_1)
                                                         _0146_ (net)
                      0.086258    0.000058    8.683352 v _2397_/A1 (sky130_fd_sc_hd__a21o_1)
     4    0.010792    0.065562    0.202681    8.886032 v _2397_/X (sky130_fd_sc_hd__a21o_1)
                                                         _0151_ (net)
                      0.065562    0.000074    8.886106 v _2406_/B (sky130_fd_sc_hd__and3_1)
     2    0.005496    0.048277    0.181346    9.067451 v _2406_/X (sky130_fd_sc_hd__and3_1)
                                                         _0160_ (net)
                      0.048277    0.000057    9.067508 v _2408_/C (sky130_fd_sc_hd__or3_1)
     3    0.007949    0.094444    0.342963    9.410471 v _2408_/X (sky130_fd_sc_hd__or3_1)
                                                         _0162_ (net)
                      0.094444    0.000052    9.410523 v _2410_/A2 (sky130_fd_sc_hd__a21o_1)
     3    0.006947    0.050778    0.210814    9.621338 v _2410_/X (sky130_fd_sc_hd__a21o_1)
                                                         _0164_ (net)
                      0.050778    0.000075    9.621413 v _2413_/C (sky130_fd_sc_hd__and3_1)
     2    0.004863    0.045543    0.186877    9.808290 v _2413_/X (sky130_fd_sc_hd__and3_1)
                                                         _0167_ (net)
                      0.045543    0.000037    9.808328 v _2415_/C (sky130_fd_sc_hd__or3_1)
     3    0.006733    0.086841    0.333046   10.141374 v _2415_/X (sky130_fd_sc_hd__or3_1)
                                                         _0169_ (net)
                      0.086841    0.000066   10.141439 v _2420_/A1 (sky130_fd_sc_hd__a21o_1)
     4    0.011205    0.067206    0.204397   10.345837 v _2420_/X (sky130_fd_sc_hd__a21o_1)
                                                         _0174_ (net)
                      0.067206    0.000038   10.345875 v _2428_/A1 (sky130_fd_sc_hd__a21bo_1)
     1    0.004292    0.040895    0.178081   10.523955 v _2428_/X (sky130_fd_sc_hd__a21bo_1)
                                                         _0180_ (net)
                      0.040895    0.000017   10.523973 v _2429_/B (sky130_fd_sc_hd__xor2_1)
     1    0.002347    0.066565    0.131918   10.655890 v _2429_/X (sky130_fd_sc_hd__xor2_1)
                                                         _0181_ (net)
                      0.066565    0.000014   10.655904 v _2430_/A1 (sky130_fd_sc_hd__mux2_1)
     1    0.002319    0.053946    0.289912   10.945816 v _2430_/X (sky130_fd_sc_hd__mux2_1)
                                                         _0025_ (net)
                      0.053946    0.000011   10.945827 v _3238_/D (sky130_fd_sc_hd__dfrtp_4)
                                             10.945827   data arrival time

                                 60.000000   60.000000   clock clk (rise edge)
                                  0.000000   60.000000   clock source latency
     2    0.041367    0.000000    0.000000   60.000000 ^ clk (in)
                                                         clk (net)
                      0.001587    0.000796   60.000793 ^ clkbuf_0_clk/A (sky130_fd_sc_hd__clkbuf_16)
    17    0.156764    0.168817    0.208175   60.208969 ^ clkbuf_0_clk/X (sky130_fd_sc_hd__clkbuf_16)
                                                         clknet_0_clk (net)
                      0.169027    0.004832   60.213802 ^ clkbuf_3_3__f_clk/A (sky130_fd_sc_hd__clkbuf_16)
    35    0.093466    0.110107    0.224119   60.437920 ^ clkbuf_3_3__f_clk/X (sky130_fd_sc_hd__clkbuf_16)
                                                         clknet_3_3__leaf_clk (net)
                      0.110122    0.001322   60.439243 ^ _3238_/CLK (sky130_fd_sc_hd__dfrtp_4)
                                 -0.100000   60.339241   clock uncertainty
                                  0.000000   60.339241   clock reconvergence pessimism
                                 -0.103260   60.235977   library setup time
                                             60.235977   data required time
---------------------------------------------------------------------------------------------
                                             60.235977   data required time
                                            -10.945827   data arrival time
---------------------------------------------------------------------------------------------
                                             49.290154   slack (MET)




===========================================================================
report_checks --slack_max -0.01
============================================================================
======================= min_tt_025C_1v80 Corner ===================================

No paths found.


===========================================================================
 report_check_types -max_slew -max_cap -max_fanout -violators
============================================================================
======================= min_tt_025C_1v80 Corner ===================================



===========================================================================
report_parasitic_annotation -report_unannotated
============================================================================
Found 7 unannotated drivers.
 clkload0/Y
 clkload1/Y
 clkload2/Y
 clkload3/Y
 clkload4/Y
 clkload5/Y
 clkload6/Y
Found 0 partially unannotated drivers.

===========================================================================
max slew violation count 0
max fanout violation count 0
max cap violation count 0
============================================================================

===========================================================================
check_setup -verbose -unconstrained_endpoints -multiple_clock -no_clock -no_input_delay -loops -generated_clocks
===========================================================================
Warning: There are 36 input ports missing set_input_delay.
  A_in[0]
  A_in[10]
  A_in[11]
  A_in[12]
  A_in[13]
  A_in[14]
  A_in[15]
  A_in[1]
  A_in[2]
  A_in[3]
  A_in[4]
  A_in[5]
  A_in[6]
  A_in[7]
  A_in[8]
  A_in[9]
  B_in[0]
  B_in[10]
  B_in[11]
  B_in[12]
  B_in[13]
  B_in[14]
  B_in[15]
  B_in[1]
  B_in[2]
  B_in[3]
  B_in[4]
  B_in[5]
  B_in[6]
  B_in[7]
  B_in[8]
  B_in[9]
  Op_Sel[0]
  Op_Sel[1]
  Start
  rst_n
Warning: There are 17 unconstrained endpoints.
  Done
  X_out[0]
  X_out[10]
  X_out[11]
  X_out[12]
  X_out[13]
  X_out[14]
  X_out[15]
  X_out[1]
  X_out[2]
  X_out[3]
  X_out[4]
  X_out[5]
  X_out[6]
  X_out[7]
  X_out[8]
  X_out[9]
