Reading OpenROAD database at '/work/runs/RUN_2026-03-17_13-43-59/39-openroad-repairantennas/1-diodeinsertion/rns_top_crt.odb'…
Reading library file at '/pdk/volare/sky130/versions/0fe599b2afb6708d281543108caf8310912f54af/sky130A/libs.ref/sky130_fd_sc_hd/lib/sky130_fd_sc_hd__tt_025C_1v80.lib'…
Reading design constraints file at 'designs/_shared/ll_policy/constraints.sdc'…
[INFO] No information on clock propagation in input SDC file-- propagating all clocks.
[INFO ORD-0030] Using 4 thread(s).
[INFO DRT-0149] Reading tech and libs.
[WARNING DRT-0349] LEF58_ENCLOSURE with no CUTCLASS is not supported. Skipping for layer mcon
[WARNING DRT-0349] LEF58_ENCLOSURE with no CUTCLASS is not supported. Skipping for layer mcon
[WARNING DRT-0349] LEF58_ENCLOSURE with no CUTCLASS is not supported. Skipping for layer via
[WARNING DRT-0349] LEF58_ENCLOSURE with no CUTCLASS is not supported. Skipping for layer via
[WARNING DRT-0349] LEF58_ENCLOSURE with no CUTCLASS is not supported. Skipping for layer via2
[WARNING DRT-0349] LEF58_ENCLOSURE with no CUTCLASS is not supported. Skipping for layer via2
[WARNING DRT-0349] LEF58_ENCLOSURE with no CUTCLASS is not supported. Skipping for layer via3
[WARNING DRT-0349] LEF58_ENCLOSURE with no CUTCLASS is not supported. Skipping for layer via3
[WARNING DRT-0349] LEF58_ENCLOSURE with no CUTCLASS is not supported. Skipping for layer via4
[WARNING DRT-0349] LEF58_ENCLOSURE with no CUTCLASS is not supported. Skipping for layer via4

Units:                1000
Number of layers:     13
Number of macros:     441
Number of vias:       29
Number of viarulegen: 25

[INFO DRT-0150] Reading design.
[WARNING DRT-0120] Large net net36 has 225 pins which may impact routing performance. Consider optimization.

Design:                   rns_top_crt
Die area:                 ( 0 0 ) ( 431270 441990 )
Number of track patterns: 12
Number of DEF vias:       0
Number of components:     5488
Number of terminals:      56
Number of snets:          2
Number of nets:           1817

[INFO DRT-0167] List of default vias:
  Layer via
    default via: M1M2_PR
  Layer via2
    default via: M2M3_PR
  Layer via3
    default via: M3M4_PR
  Layer via4
    default via: M4M5_PR
[INFO DRT-0162] Library cell analysis.
[INFO DRT-0163] Instance analysis.
[INFO DRT-0164] Number of unique instances = 244.
[INFO DRT-0168] Init region query.
[INFO DRT-0024]   Complete FR_MASTERSLICE.
[INFO DRT-0024]   Complete licon.
[INFO DRT-0024]   Complete li1.
[INFO DRT-0024]   Complete mcon.
[INFO DRT-0024]   Complete met1.
[INFO DRT-0024]   Complete via.
[INFO DRT-0024]   Complete met2.
[INFO DRT-0024]   Complete via2.
[INFO DRT-0024]   Complete met3.
[INFO DRT-0024]   Complete via3.
[INFO DRT-0024]   Complete met4.
[INFO DRT-0024]   Complete via4.
[INFO DRT-0024]   Complete met5.
[INFO DRT-0033] FR_MASTERSLICE shape region query size = 0.
[INFO DRT-0033] licon shape region query size = 0.
[INFO DRT-0033] li1 shape region query size = 69889.
[INFO DRT-0033] mcon shape region query size = 0.
[INFO DRT-0033] met1 shape region query size = 13209.
[INFO DRT-0033] via shape region query size = 2325.
[INFO DRT-0033] met2 shape region query size = 1414.
[INFO DRT-0033] via2 shape region query size = 1860.
[INFO DRT-0033] met3 shape region query size = 1430.
[INFO DRT-0033] via3 shape region query size = 1860.
[INFO DRT-0033] met4 shape region query size = 495.
[INFO DRT-0033] via4 shape region query size = 18.
[INFO DRT-0033] met5 shape region query size = 30.
[INFO DRT-0165] Start pin access.
[INFO DRT-0078]   Complete 943 pins.
[INFO DRT-0079]   Complete 100 unique inst patterns.
[INFO DRT-0079]   Complete 200 unique inst patterns.
[INFO DRT-0081]   Complete 238 unique inst patterns.
[INFO DRT-0084]   Complete 1355 groups.
#scanned instances     = 5488
#unique  instances     = 244
#stdCellGenAp          = 7217
#stdCellValidPlanarAp  = 56
#stdCellValidViaAp     = 5645
#stdCellPinNoAp        = 0
#stdCellPinCnt         = 6439
#instTermValidViaApCnt = 0
#macroGenAp            = 0
#macroValidPlanarAp    = 0
#macroValidViaAp       = 0
#macroNoAp             = 0
[INFO DRT-0166] Complete pin access.
[INFO DRT-0267] cpu time = 00:00:40, elapsed time = 00:00:10, memory = 158.62 (MB), peak = 158.14 (MB)

[INFO DRT-0157] Number of guides:     13617

[INFO DRT-0169] Post process guides.
[INFO DRT-0176] GCELLGRID X 0 DO 62 STEP 6900 ;
[INFO DRT-0177] GCELLGRID Y 0 DO 64 STEP 6900 ;
[INFO DRT-0028]   Complete FR_MASTERSLICE.
[INFO DRT-0028]   Complete licon.
[INFO DRT-0028]   Complete li1.
[INFO DRT-0028]   Complete mcon.
[INFO DRT-0028]   Complete met1.
[INFO DRT-0028]   Complete via.
[INFO DRT-0028]   Complete met2.
[INFO DRT-0028]   Complete via2.
[INFO DRT-0028]   Complete met3.
[INFO DRT-0028]   Complete via3.
[INFO DRT-0028]   Complete met4.
[INFO DRT-0028]   Complete via4.
[INFO DRT-0028]   Complete met5.
[INFO DRT-0178] Init guide query.
[INFO DRT-0035]   Complete FR_MASTERSLICE (guide).
[INFO DRT-0035]   Complete licon (guide).
[INFO DRT-0035]   Complete li1 (guide).
[INFO DRT-0035]   Complete mcon (guide).
[INFO DRT-0035]   Complete met1 (guide).
[INFO DRT-0035]   Complete via (guide).
[INFO DRT-0035]   Complete met2 (guide).
[INFO DRT-0035]   Complete via2 (guide).
[INFO DRT-0035]   Complete met3 (guide).
[INFO DRT-0035]   Complete via3 (guide).
[INFO DRT-0035]   Complete met4 (guide).
[INFO DRT-0035]   Complete via4 (guide).
[INFO DRT-0035]   Complete met5 (guide).
[INFO DRT-0036] FR_MASTERSLICE guide region query size = 0.
[INFO DRT-0036] licon guide region query size = 0.
[INFO DRT-0036] li1 guide region query size = 5026.
[INFO DRT-0036] mcon guide region query size = 0.
[INFO DRT-0036] met1 guide region query size = 3835.
[INFO DRT-0036] via guide region query size = 0.
[INFO DRT-0036] met2 guide region query size = 1874.
[INFO DRT-0036] via2 guide region query size = 0.
[INFO DRT-0036] met3 guide region query size = 35.
[INFO DRT-0036] via3 guide region query size = 0.
[INFO DRT-0036] met4 guide region query size = 0.
[INFO DRT-0036] via4 guide region query size = 0.
[INFO DRT-0036] met5 guide region query size = 0.
[INFO DRT-0179] Init gr pin query.
[INFO DRT-0245] skipped writing guide updates to database.
[INFO DRT-0185] Post process initialize RPin region query.
[INFO DRT-0181] Start track assignment.
[INFO DRT-0184] Done with 6900 vertical wires in 2 frboxes and 3870 horizontal wires in 2 frboxes.
[INFO DRT-0186] Done with 371 vertical wires in 2 frboxes and 1040 horizontal wires in 2 frboxes.
[INFO DRT-0182] Complete track assignment.
[INFO DRT-0267] cpu time = 00:00:02, elapsed time = 00:00:00, memory = 186.29 (MB), peak = 185.76 (MB)
[INFO DRT-0187] Start routing data preparation.
[INFO DRT-0267] cpu time = 00:00:00, elapsed time = 00:00:00, memory = 186.29 (MB), peak = 185.76 (MB)
[INFO DRT-0194] Start detail routing.
[INFO DRT-0195] Start 0th optimization iteration.
    Completing 10% with 0 violations.
    elapsed time = 00:00:00, memory = 236.64 (MB).
    Completing 20% with 0 violations.
    elapsed time = 00:00:00, memory = 258.69 (MB).
    Completing 30% with 85 violations.
    elapsed time = 00:00:01, memory = 249.81 (MB).
    Completing 40% with 85 violations.
    elapsed time = 00:00:01, memory = 280.88 (MB).
    Completing 50% with 85 violations.
    elapsed time = 00:00:02, memory = 283.14 (MB).
    Completing 60% with 154 violations.
    elapsed time = 00:00:03, memory = 299.65 (MB).
    Completing 70% with 154 violations.
    elapsed time = 00:00:04, memory = 299.65 (MB).
    Completing 80% with 272 violations.
    elapsed time = 00:00:04, memory = 319.04 (MB).
    Completing 90% with 272 violations.
    elapsed time = 00:00:05, memory = 319.57 (MB).
    Completing 100% with 368 violations.
    elapsed time = 00:00:05, memory = 302.34 (MB).
[INFO DRT-0199]   Number of violations = 471.
Viol/Layer         li1   mcon   met1   met2   met3
Cut Spacing          0      1      0      0      0
Metal Spacing       17      0    129     10      2
Min Hole             0      0      6      0      0
Recheck              0      0     77     26      0
Short                0      0    202      1      0
[INFO DRT-0267] cpu time = 00:00:22, elapsed time = 00:00:06, memory = 639.59 (MB), peak = 639.21 (MB)
Total wire length = 45260 um.
Total wire length on LAYER li1 = 0 um.
Total wire length on LAYER met1 = 24354 um.
Total wire length on LAYER met2 = 20565 um.
Total wire length on LAYER met3 = 339 um.
Total wire length on LAYER met4 = 0 um.
Total wire length on LAYER met5 = 0 um.
Total number of vias = 13587.
Up-via summary (total 13587):

------------------------
 FR_MASTERSLICE        0
            li1     7225
           met1     6325
           met2       37
           met3        0
           met4        0
------------------------
                   13587


[INFO DRT-0195] Start 1st optimization iteration.
    Completing 10% with 471 violations.
    elapsed time = 00:00:00, memory = 642.92 (MB).
    Completing 20% with 471 violations.
    elapsed time = 00:00:00, memory = 642.92 (MB).
    Completing 30% with 385 violations.
    elapsed time = 00:00:01, memory = 642.92 (MB).
    Completing 40% with 385 violations.
    elapsed time = 00:00:01, memory = 642.92 (MB).
    Completing 50% with 385 violations.
    elapsed time = 00:00:02, memory = 642.92 (MB).
    Completing 60% with 339 violations.
    elapsed time = 00:00:03, memory = 642.92 (MB).
    Completing 70% with 339 violations.
    elapsed time = 00:00:03, memory = 642.92 (MB).
    Completing 80% with 229 violations.
    elapsed time = 00:00:04, memory = 642.92 (MB).
    Completing 90% with 229 violations.
    elapsed time = 00:00:04, memory = 642.92 (MB).
    Completing 100% with 186 violations.
    elapsed time = 00:00:05, memory = 643.04 (MB).
[INFO DRT-0199]   Number of violations = 190.
Viol/Layer        met1   met2
Metal Spacing       45      2
Min Hole             2      0
Recheck              4      0
Short              137      0
[INFO DRT-0267] cpu time = 00:00:21, elapsed time = 00:00:05, memory = 643.32 (MB), peak = 643.00 (MB)
Total wire length = 44903 um.
Total wire length on LAYER li1 = 0 um.
Total wire length on LAYER met1 = 24107 um.
Total wire length on LAYER met2 = 20458 um.
Total wire length on LAYER met3 = 336 um.
Total wire length on LAYER met4 = 0 um.
Total wire length on LAYER met5 = 0 um.
Total number of vias = 13516.
Up-via summary (total 13516):

------------------------
 FR_MASTERSLICE        0
            li1     7221
           met1     6260
           met2       35
           met3        0
           met4        0
------------------------
                   13516


[INFO DRT-0195] Start 2nd optimization iteration.
    Completing 10% with 190 violations.
    elapsed time = 00:00:00, memory = 643.32 (MB).
    Completing 20% with 190 violations.
    elapsed time = 00:00:00, memory = 643.32 (MB).
    Completing 30% with 173 violations.
    elapsed time = 00:00:01, memory = 643.32 (MB).
    Completing 40% with 173 violations.
    elapsed time = 00:00:01, memory = 643.32 (MB).
    Completing 50% with 173 violations.
    elapsed time = 00:00:02, memory = 643.32 (MB).
    Completing 60% with 143 violations.
    elapsed time = 00:00:02, memory = 643.32 (MB).
    Completing 70% with 143 violations.
    elapsed time = 00:00:02, memory = 643.38 (MB).
    Completing 80% with 110 violations.
    elapsed time = 00:00:03, memory = 644.88 (MB).
    Completing 90% with 110 violations.
    elapsed time = 00:00:03, memory = 644.88 (MB).
    Completing 100% with 89 violations.
    elapsed time = 00:00:04, memory = 644.88 (MB).
[INFO DRT-0199]   Number of violations = 89.
Viol/Layer        met1   met2
Metal Spacing       20      2
Short               67      0
[INFO DRT-0267] cpu time = 00:00:16, elapsed time = 00:00:04, memory = 644.98 (MB), peak = 644.63 (MB)
Total wire length = 44785 um.
Total wire length on LAYER li1 = 0 um.
Total wire length on LAYER met1 = 24037 um.
Total wire length on LAYER met2 = 20410 um.
Total wire length on LAYER met3 = 336 um.
Total wire length on LAYER met4 = 0 um.
Total wire length on LAYER met5 = 0 um.
Total number of vias = 13489.
Up-via summary (total 13489):

------------------------
 FR_MASTERSLICE        0
            li1     7221
           met1     6233
           met2       35
           met3        0
           met4        0
------------------------
                   13489


[INFO DRT-0195] Start 3rd optimization iteration.
    Completing 10% with 89 violations.
    elapsed time = 00:00:00, memory = 644.98 (MB).
    Completing 20% with 89 violations.
    elapsed time = 00:00:00, memory = 644.98 (MB).
    Completing 30% with 44 violations.
    elapsed time = 00:00:00, memory = 644.98 (MB).
    Completing 40% with 44 violations.
    elapsed time = 00:00:00, memory = 644.98 (MB).
    Completing 50% with 44 violations.
    elapsed time = 00:00:00, memory = 644.98 (MB).
    Completing 60% with 27 violations.
    elapsed time = 00:00:01, memory = 644.98 (MB).
    Completing 70% with 27 violations.
    elapsed time = 00:00:01, memory = 644.98 (MB).
    Completing 80% with 17 violations.
    elapsed time = 00:00:01, memory = 644.98 (MB).
    Completing 90% with 17 violations.
    elapsed time = 00:00:01, memory = 644.98 (MB).
    Completing 100% with 0 violations.
    elapsed time = 00:00:01, memory = 644.98 (MB).
[INFO DRT-0199]   Number of violations = 0.
[INFO DRT-0267] cpu time = 00:00:06, elapsed time = 00:00:01, memory = 644.98 (MB), peak = 644.63 (MB)
Total wire length = 44752 um.
Total wire length on LAYER li1 = 0 um.
Total wire length on LAYER met1 = 23917 um.
Total wire length on LAYER met2 = 20422 um.
Total wire length on LAYER met3 = 411 um.
Total wire length on LAYER met4 = 0 um.
Total wire length on LAYER met5 = 0 um.
Total number of vias = 13542.
Up-via summary (total 13542):

------------------------
 FR_MASTERSLICE        0
            li1     7221
           met1     6264
           met2       57
           met3        0
           met4        0
------------------------
                   13542


[INFO DRT-0198] Complete detail routing.
Total wire length = 44752 um.
Total wire length on LAYER li1 = 0 um.
Total wire length on LAYER met1 = 23917 um.
Total wire length on LAYER met2 = 20422 um.
Total wire length on LAYER met3 = 411 um.
Total wire length on LAYER met4 = 0 um.
Total wire length on LAYER met5 = 0 um.
Total number of vias = 13542.
Up-via summary (total 13542):

------------------------
 FR_MASTERSLICE        0
            li1     7221
           met1     6264
           met2       57
           met3        0
           met4        0
------------------------
                   13542


[INFO DRT-0267] cpu time = 00:01:06, elapsed time = 00:00:18, memory = 644.98 (MB), peak = 644.63 (MB)

[INFO DRT-0180] Post processing.
Setting global connections for newly added cells…
[INFO] Setting global connections...
Updating metrics…
Cell type report:                       Count       Area
  Fill cell                               308    1156.11
  Tap cell                               2496    3123.00
  Antenna cell                            897    2244.65
  Clock buffer                              9     225.22
  Timing Repair Buffer                     53     237.73
  Inverter                                 59     226.47
  Clock inverter                            7      73.82
  Sequential cell                         110    2977.86
  Multi-Input combinational cell         1549   11198.24
  Total                                  5488   21463.08
Writing OpenROAD database to '/work/runs/RUN_2026-03-17_13-43-59/41-openroad-detailedrouting/rns_top_crt.odb'…
Writing netlist to '/work/runs/RUN_2026-03-17_13-43-59/41-openroad-detailedrouting/rns_top_crt.nl.v'…
Writing powered netlist to '/work/runs/RUN_2026-03-17_13-43-59/41-openroad-detailedrouting/rns_top_crt.pnl.v'…
Writing layout to '/work/runs/RUN_2026-03-17_13-43-59/41-openroad-detailedrouting/rns_top_crt.def'…
Writing timing constraints to '/work/runs/RUN_2026-03-17_13-43-59/41-openroad-detailedrouting/rns_top_crt.sdc'…
