
===========================================================================
report_checks -unconstrained
===========================================================================
======================= min_tt_025C_1v80 Corner ===================================

Startpoint: _3302_ (rising edge-triggered flip-flop clocked by clk)
Endpoint: _3238_ (rising edge-triggered flip-flop clocked by clk)
Path Group: clk
Path Type: max

Fanout         Cap        Slew       Delay        Time   Description
---------------------------------------------------------------------------------------------
                                  0.000000    0.000000   clock clk (rise edge)
                                  0.000000    0.000000   clock source latency
     2    0.040710    0.000000    0.000000    0.000000 ^ clk (in)
                                                         clk (net)
                      0.001601    0.000800    0.000800 ^ clkbuf_0_clk/A (sky130_fd_sc_hd__clkbuf_16)
    17    0.154898    0.167024    0.206938    0.207738 ^ clkbuf_0_clk/X (sky130_fd_sc_hd__clkbuf_16)
                                                         clknet_0_clk (net)
                      0.167242    0.004894    0.212632 ^ clkbuf_3_0__f_clk/A (sky130_fd_sc_hd__clkbuf_16)
    25    0.087465    0.104469    0.218949    0.431581 ^ clkbuf_3_0__f_clk/X (sky130_fd_sc_hd__clkbuf_16)
                                                         clknet_3_0__leaf_clk (net)
                      0.104524    0.002257    0.433839 ^ _3302_/CLK (sky130_fd_sc_hd__dfrtp_4)
    15    0.047806    0.118069    0.568252    1.002091 v _3302_/Q (sky130_fd_sc_hd__dfrtp_4)
                                                         B_reg[12] (net)
                      0.118087    0.001425    1.003516 v _1910_/C (sky130_fd_sc_hd__and3_1)
     3    0.005802    0.049651    0.222113    1.225628 v _1910_/X (sky130_fd_sc_hd__and3_1)
                                                         _1175_ (net)
                      0.049651    0.000032    1.225661 v _2300_/B (sky130_fd_sc_hd__or4_1)
     4    0.009581    0.126180    0.558549    1.784210 v _2300_/X (sky130_fd_sc_hd__or4_1)
                                                         _1553_ (net)
                      0.126180    0.000070    1.784280 v _2304_/A2 (sky130_fd_sc_hd__a21o_1)
     3    0.007354    0.052651    0.225107    2.009387 v _2304_/X (sky130_fd_sc_hd__a21o_1)
                                                         _1557_ (net)
                      0.052651    0.000067    2.009454 v _2308_/C (sky130_fd_sc_hd__and3_1)
     2    0.005010    0.046171    0.188404    2.197858 v _2308_/X (sky130_fd_sc_hd__and3_1)
                                                         _1561_ (net)
                      0.046171    0.000049    2.197906 v _2310_/C (sky130_fd_sc_hd__or3_1)
     3    0.006641    0.086268    0.332485    2.530391 v _2310_/X (sky130_fd_sc_hd__or3_1)
                                                         _1563_ (net)
                      0.086268    0.000062    2.530454 v _2313_/A1 (sky130_fd_sc_hd__a21o_1)
     4    0.010065    0.062717    0.200080    2.730534 v _2313_/X (sky130_fd_sc_hd__a21o_1)
                                                         _1566_ (net)
                      0.062717    0.000091    2.730625 v _2319_/B (sky130_fd_sc_hd__and3_1)
     2    0.005490    0.048249    0.180028    2.910652 v _2319_/X (sky130_fd_sc_hd__and3_1)
                                                         _1572_ (net)
                      0.048249    0.000036    2.910688 v _2321_/C (sky130_fd_sc_hd__or3_1)
     3    0.008457    0.096534    0.346796    3.257484 v _2321_/X (sky130_fd_sc_hd__or3_1)
                                                         _1574_ (net)
                      0.096534    0.000139    3.257623 v _2326_/A1 (sky130_fd_sc_hd__a21o_1)
     4    0.010908    0.066045    0.207300    3.464923 v _2326_/X (sky130_fd_sc_hd__a21o_1)
                                                         _1579_ (net)
                      0.066045    0.000141    3.465063 v _2328_/C (sky130_fd_sc_hd__and3_1)
     2    0.004495    0.044032    0.191981    3.657044 v _2328_/X (sky130_fd_sc_hd__and3_1)
                                                         _1581_ (net)
                      0.044032    0.000042    3.657086 v _2330_/C (sky130_fd_sc_hd__or3_2)
     4    0.013702    0.111945    0.463021    4.120108 v _2330_/X (sky130_fd_sc_hd__or3_2)
                                                         _1583_ (net)
                      0.111945    0.000227    4.120335 v _2334_/A1 (sky130_fd_sc_hd__a21o_1)
     5    0.014985    0.082520    0.228248    4.348583 v _2334_/X (sky130_fd_sc_hd__a21o_1)
                                                         _1587_ (net)
                      0.082520    0.000145    4.348728 v _2338_/B (sky130_fd_sc_hd__and3_1)
     2    0.006167    0.051283    0.192279    4.541007 v _2338_/X (sky130_fd_sc_hd__and3_1)
                                                         _1591_ (net)
                      0.051283    0.000067    4.541074 v _2345_/C (sky130_fd_sc_hd__or3_1)
     3    0.008037    0.095080    0.344297    4.885370 v _2345_/X (sky130_fd_sc_hd__or3_1)
                                                         _1598_ (net)
                      0.095080    0.000060    4.885431 v _2347_/A1 (sky130_fd_sc_hd__a21o_1)
     4    0.011253    0.067423    0.207943    5.093373 v _2347_/X (sky130_fd_sc_hd__a21o_1)
                                                         _1600_ (net)
                      0.067423    0.000151    5.093524 v _2350_/C (sky130_fd_sc_hd__and3_1)
     2    0.006484    0.052688    0.202308    5.295832 v _2350_/X (sky130_fd_sc_hd__and3_1)
                                                         _1603_ (net)
                      0.052688    0.000089    5.295921 v _2352_/C (sky130_fd_sc_hd__or3_1)
     3    0.008986    0.098852    0.351827    5.647748 v _2352_/X (sky130_fd_sc_hd__or3_1)
                                                         _0106_ (net)
                      0.098852    0.000112    5.647860 v _2355_/A2 (sky130_fd_sc_hd__a21o_1)
     4    0.010376    0.063922    0.227649    5.875509 v _2355_/X (sky130_fd_sc_hd__a21o_1)
                                                         _0109_ (net)
                      0.063922    0.000131    5.875640 v _2362_/B (sky130_fd_sc_hd__and3_1)
     2    0.005540    0.048475    0.180812    6.056452 v _2362_/X (sky130_fd_sc_hd__and3_1)
                                                         _0116_ (net)
                      0.048475    0.000066    6.056518 v _2364_/C (sky130_fd_sc_hd__or3_1)
     3    0.007224    0.089882    0.337423    6.393941 v _2364_/X (sky130_fd_sc_hd__or3_1)
                                                         _0118_ (net)
                      0.089882    0.000097    6.394038 v _2366_/A2 (sky130_fd_sc_hd__a21o_1)
     4    0.010568    0.064658    0.224826    6.618864 v _2366_/X (sky130_fd_sc_hd__a21o_1)
                                                         _0120_ (net)
                      0.064658    0.000094    6.618958 v _2370_/B (sky130_fd_sc_hd__and3_1)
     2    0.005439    0.048024    0.180666    6.799623 v _2370_/X (sky130_fd_sc_hd__and3_1)
                                                         _0124_ (net)
                      0.048024    0.000058    6.799682 v _2372_/C (sky130_fd_sc_hd__or3_1)
     3    0.008936    0.098509    0.350454    7.150136 v _2372_/X (sky130_fd_sc_hd__or3_1)
                                                         _0126_ (net)
                      0.098509    0.000045    7.150181 v _2378_/A1 (sky130_fd_sc_hd__a21o_1)
     4    0.010330    0.063770    0.206070    7.356251 v _2378_/X (sky130_fd_sc_hd__a21o_1)
                                                         _0132_ (net)
                      0.063770    0.000091    7.356342 v _2383_/C (sky130_fd_sc_hd__and3_1)
     2    0.006975    0.054934    0.203046    7.559388 v _2383_/X (sky130_fd_sc_hd__and3_1)
                                                         _0137_ (net)
                      0.054934    0.000091    7.559479 v _2385_/C (sky130_fd_sc_hd__or3_1)
     3    0.007965    0.094657    0.344751    7.904230 v _2385_/X (sky130_fd_sc_hd__or3_1)
                                                         _0139_ (net)
                      0.094657    0.000067    7.904296 v _2387_/A1 (sky130_fd_sc_hd__a21o_1)
     4    0.012142    0.070970    0.210971    8.115267 v _2387_/X (sky130_fd_sc_hd__a21o_1)
                                                         _0141_ (net)
                      0.070970    0.000069    8.115336 v _2390_/B (sky130_fd_sc_hd__and3_1)
     3    0.009806    0.066149    0.203761    8.319098 v _2390_/X (sky130_fd_sc_hd__and3_1)
                                                         _0144_ (net)
                      0.066149    0.000146    8.319243 v _2392_/C (sky130_fd_sc_hd__or3_1)
     3    0.006623    0.086258    0.338241    8.657484 v _2392_/X (sky130_fd_sc_hd__or3_1)
                                                         _0146_ (net)
                      0.086258    0.000058    8.657541 v _2397_/A1 (sky130_fd_sc_hd__a21o_1)
     4    0.010792    0.065562    0.202681    8.860222 v _2397_/X (sky130_fd_sc_hd__a21o_1)
                                                         _0151_ (net)
                      0.065562    0.000074    8.860296 v _2406_/B (sky130_fd_sc_hd__and3_1)
     2    0.005496    0.048277    0.181346    9.041641 v _2406_/X (sky130_fd_sc_hd__and3_1)
                                                         _0160_ (net)
                      0.048277    0.000057    9.041698 v _2408_/C (sky130_fd_sc_hd__or3_1)
     3    0.007949    0.094444    0.342963    9.384662 v _2408_/X (sky130_fd_sc_hd__or3_1)
                                                         _0162_ (net)
                      0.094444    0.000052    9.384714 v _2410_/A2 (sky130_fd_sc_hd__a21o_1)
     3    0.006837    0.050281    0.210302    9.595016 v _2410_/X (sky130_fd_sc_hd__a21o_1)
                                                         _0164_ (net)
                      0.050281    0.000074    9.595090 v _2413_/C (sky130_fd_sc_hd__and3_1)
     2    0.004727    0.044974    0.185997    9.781086 v _2413_/X (sky130_fd_sc_hd__and3_1)
                                                         _0167_ (net)
                      0.044974    0.000043    9.781129 v _2415_/C (sky130_fd_sc_hd__or3_1)
     3    0.006879    0.087737    0.334043   10.115172 v _2415_/X (sky130_fd_sc_hd__or3_1)
                                                         _0169_ (net)
                      0.087737    0.000067   10.115239 v _2420_/A1 (sky130_fd_sc_hd__a21o_1)
     4    0.011234    0.067324    0.204872   10.320110 v _2420_/X (sky130_fd_sc_hd__a21o_1)
                                                         _0174_ (net)
                      0.067324    0.000040   10.320150 v _2428_/A1 (sky130_fd_sc_hd__a21bo_1)
     1    0.004292    0.040891    0.178128   10.498278 v _2428_/X (sky130_fd_sc_hd__a21bo_1)
                                                         _0180_ (net)
                      0.040891    0.000017   10.498295 v _2429_/B (sky130_fd_sc_hd__xor2_1)
     1    0.002445    0.067290    0.132490   10.630785 v _2429_/X (sky130_fd_sc_hd__xor2_1)
                                                         _0181_ (net)
                      0.067290    0.000015   10.630800 v _2430_/A1 (sky130_fd_sc_hd__mux2_1)
     1    0.002389    0.054352    0.290834   10.921635 v _2430_/X (sky130_fd_sc_hd__mux2_1)
                                                         _0025_ (net)
                      0.054352    0.000012   10.921646 v _3238_/D (sky130_fd_sc_hd__dfrtp_4)
                                             10.921646   data arrival time

                                140.000000  140.000000   clock clk (rise edge)
                                  0.000000  140.000000   clock source latency
     2    0.040710    0.000000    0.000000  140.000000 ^ clk (in)
                                                         clk (net)
                      0.001601    0.000796  140.000793 ^ clkbuf_0_clk/A (sky130_fd_sc_hd__clkbuf_16)
    17    0.154898    0.167024    0.206938  140.207733 ^ clkbuf_0_clk/X (sky130_fd_sc_hd__clkbuf_16)
                                                         clknet_0_clk (net)
                      0.167238    0.004860  140.212601 ^ clkbuf_3_3__f_clk/A (sky130_fd_sc_hd__clkbuf_16)
    35    0.095088    0.111671    0.224603  140.437195 ^ clkbuf_3_3__f_clk/X (sky130_fd_sc_hd__clkbuf_16)
                                                         clknet_3_3__leaf_clk (net)
                      0.111690    0.001464  140.438660 ^ _3238_/CLK (sky130_fd_sc_hd__dfrtp_4)
                                 -0.100000  140.338654   clock uncertainty
                                  0.000000  140.338654   clock reconvergence pessimism
                                 -0.103078  140.235596   library setup time
                                            140.235596   data required time
---------------------------------------------------------------------------------------------
                                            140.235596   data required time
                                            -10.921646   data arrival time
---------------------------------------------------------------------------------------------
                                            129.313950   slack (MET)




===========================================================================
report_checks --slack_max -0.01
============================================================================
======================= min_tt_025C_1v80 Corner ===================================

No paths found.


===========================================================================
 report_check_types -max_slew -max_cap -max_fanout -violators
============================================================================
======================= min_tt_025C_1v80 Corner ===================================



===========================================================================
report_parasitic_annotation -report_unannotated
============================================================================
Found 7 unannotated drivers.
 clkload0/Y
 clkload1/Y
 clkload2/Y
 clkload3/Y
 clkload4/Y
 clkload5/Y
 clkload6/Y
Found 0 partially unannotated drivers.

===========================================================================
max slew violation count 0
max fanout violation count 0
max cap violation count 0
============================================================================

===========================================================================
check_setup -verbose -unconstrained_endpoints -multiple_clock -no_clock -no_input_delay -loops -generated_clocks
===========================================================================
Warning: There are 36 input ports missing set_input_delay.
  A_in[0]
  A_in[10]
  A_in[11]
  A_in[12]
  A_in[13]
  A_in[14]
  A_in[15]
  A_in[1]
  A_in[2]
  A_in[3]
  A_in[4]
  A_in[5]
  A_in[6]
  A_in[7]
  A_in[8]
  A_in[9]
  B_in[0]
  B_in[10]
  B_in[11]
  B_in[12]
  B_in[13]
  B_in[14]
  B_in[15]
  B_in[1]
  B_in[2]
  B_in[3]
  B_in[4]
  B_in[5]
  B_in[6]
  B_in[7]
  B_in[8]
  B_in[9]
  Op_Sel[0]
  Op_Sel[1]
  Start
  rst_n
Warning: There are 17 unconstrained endpoints.
  Done
  X_out[0]
  X_out[10]
  X_out[11]
  X_out[12]
  X_out[13]
  X_out[14]
  X_out[15]
  X_out[1]
  X_out[2]
  X_out[3]
  X_out[4]
  X_out[5]
  X_out[6]
  X_out[7]
  X_out[8]
  X_out[9]
