Clock: clk
Sources: clk 
Generated: no
Virtual: yes
Propagated: no
Period: 200.000000

===========================================================================
report_clock_properties
============================================================================
Clock                   Period          Waveform
----------------------------------------------------
clk                 200.000000    0.000000100.000000

===========================================================================
report_clock_latency
============================================================================
Clock clk
rise -> rise
    min     max
0.000000 0.000000 source latency
0.757739         network latency _3220_/CLK
        0.794166 network latency _3298_/CLK
---------------
0.757739 0.794166 latency
        0.036427 skew

fall -> fall
    min     max
0.000000 0.000000 source latency
0.726295         network latency _3220_/CLK
        0.755826 network latency _3298_/CLK
---------------
0.726295 0.755826 latency
        0.029530 skew



===========================================================================
report_clock_min_period
============================================================================
clk period_min = 23.14 fmax = 43.21
