
===========================================================================
report_checks -unconstrained
===========================================================================
======================= nom_ff_n40C_1v95 Corner ===================================

Startpoint: _3302_ (rising edge-triggered flip-flop clocked by clk)
Endpoint: _3237_ (rising edge-triggered flip-flop clocked by clk)
Path Group: clk
Path Type: max

Fanout         Cap        Slew       Delay        Time   Description
---------------------------------------------------------------------------------------------
                                  0.000000    0.000000   clock clk (rise edge)
                                  0.000000    0.000000   clock source latency
     2    0.039125    0.000000    0.000000    0.000000 ^ clk (in)
                                                         clk (net)
                      0.002099    0.001049    0.001049 ^ clkbuf_0_clk/A (sky130_fd_sc_hd__clkbuf_16)
    17    0.166687    0.138190    0.153704    0.154753 ^ clkbuf_0_clk/X (sky130_fd_sc_hd__clkbuf_16)
                                                         clknet_0_clk (net)
                      0.138911    0.008008    0.162761 ^ clkbuf_3_0__f_clk/A (sky130_fd_sc_hd__clkbuf_16)
    25    0.091685    0.083267    0.151710    0.314472 ^ clkbuf_3_0__f_clk/X (sky130_fd_sc_hd__clkbuf_16)
                                                         clknet_3_0__leaf_clk (net)
                      0.083499    0.003109    0.317581 ^ _3302_/CLK (sky130_fd_sc_hd__dfrtp_4)
     6    0.023287    0.061238    0.330480    0.648061 v _3302_/Q (sky130_fd_sc_hd__dfrtp_4)
                                                         B_reg[12] (net)
                      0.061238    0.001286    0.649347 v _1910_/C (sky130_fd_sc_hd__and3_1)
     3    0.007235    0.040310    0.137898    0.787245 v _1910_/X (sky130_fd_sc_hd__and3_1)
                                                         _1175_ (net)
                      0.040310    0.000167    0.787412 v _2300_/B (sky130_fd_sc_hd__or4_4)
     4    0.009590    0.064608    0.315514    1.102926 v _2300_/X (sky130_fd_sc_hd__or4_4)
                                                         _1553_ (net)
                      0.064608    0.000206    1.103132 v _2304_/A1 (sky130_fd_sc_hd__a21o_1)
     3    0.007619    0.038160    0.122809    1.225941 v _2304_/X (sky130_fd_sc_hd__a21o_1)
                                                         _1557_ (net)
                      0.038160    0.000181    1.226122 v _2307_/A2 (sky130_fd_sc_hd__a21oi_1)
     3    0.011189    0.190256    0.181055    1.407177 ^ _2307_/Y (sky130_fd_sc_hd__a21oi_1)
                                                         _1560_ (net)
                      0.190256    0.000182    1.407359 ^ _2311_/B (sky130_fd_sc_hd__xor2_1)
     3    0.010997    0.185777    0.170650    1.578009 ^ _2311_/X (sky130_fd_sc_hd__xor2_1)
                                                         _1564_ (net)
                      0.185778    0.000225    1.578235 ^ _2313_/A2 (sky130_fd_sc_hd__a21o_1)
     4    0.010678    0.075608    0.119934    1.698168 ^ _2313_/X (sky130_fd_sc_hd__a21o_1)
                                                         _1566_ (net)
                      0.075608    0.000263    1.698431 ^ _2318_/A1 (sky130_fd_sc_hd__a21oi_1)
     3    0.011335    0.063854    0.069578    1.768009 v _2318_/Y (sky130_fd_sc_hd__a21oi_1)
                                                         _1571_ (net)
                      0.063877    0.000261    1.768270 v _2321_/B (sky130_fd_sc_hd__or3_4)
     3    0.008948    0.050833    0.235437    2.003707 v _2321_/X (sky130_fd_sc_hd__or3_4)
                                                         _1574_ (net)
                      0.050833    0.000302    2.004009 v _2326_/A1 (sky130_fd_sc_hd__a21o_1)
     4    0.010801    0.046562    0.127278    2.131286 v _2326_/X (sky130_fd_sc_hd__a21o_1)
                                                         _1579_ (net)
                      0.046564    0.000338    2.131624 v _2328_/B (sky130_fd_sc_hd__and3_1)
     2    0.005469    0.035096    0.115798    2.247422 v _2328_/X (sky130_fd_sc_hd__and3_1)
                                                         _1581_ (net)
                      0.035096    0.000141    2.247562 v _2330_/C (sky130_fd_sc_hd__or3_4)
     3    0.008120    0.049920    0.200164    2.447726 v _2330_/X (sky130_fd_sc_hd__or3_4)
                                                         _1583_ (net)
                      0.049920    0.000225    2.447951 v _2334_/A1 (sky130_fd_sc_hd__a21o_1)
     3    0.008652    0.041406    0.120445    2.568396 v _2334_/X (sky130_fd_sc_hd__a21o_1)
                                                         _1587_ (net)
                      0.041407    0.000201    2.568597 v _2338_/B (sky130_fd_sc_hd__and3_1)
     2    0.007747    0.041906    0.121369    2.689966 v _2338_/X (sky130_fd_sc_hd__and3_1)
                                                         _1591_ (net)
                      0.041906    0.000195    2.690161 v _2345_/C (sky130_fd_sc_hd__or3_4)
     3    0.009062    0.050942    0.203836    2.893997 v _2345_/X (sky130_fd_sc_hd__or3_4)
                                                         _1598_ (net)
                      0.050942    0.000160    2.894157 v _2347_/A1 (sky130_fd_sc_hd__a21o_1)
     4    0.010663    0.046294    0.126966    3.021123 v _2347_/X (sky130_fd_sc_hd__a21o_1)
                                                         _1600_ (net)
                      0.046295    0.000266    3.021390 v _2348_/A2 (sky130_fd_sc_hd__a21oi_1)
     3    0.013316    0.219705    0.205525    3.226915 ^ _2348_/Y (sky130_fd_sc_hd__a21oi_1)
                                                         _1601_ (net)
                      0.219706    0.000396    3.227310 ^ _2349_/B (sky130_fd_sc_hd__xnor2_1)
     3    0.016972    0.281357    0.158980    3.386291 ^ _2349_/Y (sky130_fd_sc_hd__xnor2_1)
                                                         _1602_ (net)
                      0.281358    0.000335    3.386626 ^ _2355_/A2 (sky130_fd_sc_hd__a21o_1)
     4    0.011957    0.083841    0.130315    3.516941 ^ _2355_/X (sky130_fd_sc_hd__a21o_1)
                                                         _0109_ (net)
                      0.083841    0.000302    3.517243 ^ _2360_/A1 (sky130_fd_sc_hd__a21oi_1)
     3    0.012168    0.069752    0.074132    3.591375 v _2360_/Y (sky130_fd_sc_hd__a21oi_1)
                                                         _0114_ (net)
                      0.069778    0.000316    3.591691 v _2364_/B (sky130_fd_sc_hd__or3_4)
     2    0.006490    0.048113    0.233058    3.824749 v _2364_/X (sky130_fd_sc_hd__or3_4)
                                                         _0118_ (net)
                      0.048113    0.000206    3.824955 v _2366_/A1 (sky130_fd_sc_hd__a21o_1)
     4    0.011105    0.047385    0.127038    3.951993 v _2366_/X (sky130_fd_sc_hd__a21o_1)
                                                         _0120_ (net)
                      0.047386    0.000318    3.952311 v _2370_/A (sky130_fd_sc_hd__and3_1)
     2    0.005978    0.036572    0.104088    4.056399 v _2370_/X (sky130_fd_sc_hd__and3_1)
                                                         _0124_ (net)
                      0.036572    0.000131    4.056530 v _2372_/C (sky130_fd_sc_hd__or3_4)
     3    0.008886    0.050758    0.201997    4.258527 v _2372_/X (sky130_fd_sc_hd__or3_4)
                                                         _0126_ (net)
                      0.050758    0.000214    4.258741 v _2378_/A1 (sky130_fd_sc_hd__a21o_1)
     4    0.010705    0.046378    0.126977    4.385718 v _2378_/X (sky130_fd_sc_hd__a21o_1)
                                                         _0132_ (net)
                      0.046378    0.000288    4.386006 v _2382_/A2 (sky130_fd_sc_hd__a21oi_1)
     3    0.013360    0.220318    0.206025    4.592031 ^ _2382_/Y (sky130_fd_sc_hd__a21oi_1)
                                                         _0136_ (net)
                      0.220319    0.000344    4.592375 ^ _2386_/B (sky130_fd_sc_hd__xnor2_1)
     3    0.010531    0.079113    0.086924    4.679298 v _2386_/Y (sky130_fd_sc_hd__xnor2_1)
                                                         _0140_ (net)
                      0.079114    0.000218    4.679517 v _2387_/A2 (sky130_fd_sc_hd__a21o_1)
     4    0.012634    0.051552    0.157697    4.837214 v _2387_/X (sky130_fd_sc_hd__a21o_1)
                                                         _0141_ (net)
                      0.051552    0.000175    4.837388 v _2390_/A (sky130_fd_sc_hd__and3_1)
     3    0.010892    0.050284    0.120917    4.958304 v _2390_/X (sky130_fd_sc_hd__and3_1)
                                                         _0144_ (net)
                      0.050285    0.000326    4.958631 v _2392_/C (sky130_fd_sc_hd__or3_4)
     3    0.007144    0.048846    0.202681    5.161311 v _2392_/X (sky130_fd_sc_hd__or3_4)
                                                         _0146_ (net)
                      0.048846    0.000174    5.161485 v _2397_/A1 (sky130_fd_sc_hd__a21o_1)
     4    0.011365    0.048053    0.127987    5.289473 v _2397_/X (sky130_fd_sc_hd__a21o_1)
                                                         _0151_ (net)
                      0.048053    0.000217    5.289689 v _2406_/A (sky130_fd_sc_hd__and3_1)
     2    0.006357    0.037692    0.105540    5.395229 v _2406_/X (sky130_fd_sc_hd__and3_1)
                                                         _0160_ (net)
                      0.037692    0.000163    5.395392 v _2408_/C (sky130_fd_sc_hd__or3_4)
     3    0.008386    0.050205    0.201405    5.596797 v _2408_/X (sky130_fd_sc_hd__or3_4)
                                                         _0162_ (net)
                      0.050205    0.000159    5.596956 v _2410_/A1 (sky130_fd_sc_hd__a21o_1)
     3    0.007869    0.038956    0.118181    5.715137 v _2410_/X (sky130_fd_sc_hd__a21o_1)
                                                         _0164_ (net)
                      0.038956    0.000205    5.715342 v _2413_/C (sky130_fd_sc_hd__and3_1)
     2    0.006220    0.037269    0.125739    5.841081 v _2413_/X (sky130_fd_sc_hd__and3_1)
                                                         _0167_ (net)
                      0.037269    0.000137    5.841218 v _2415_/C (sky130_fd_sc_hd__or3_4)
     3    0.006808    0.048464    0.198383    6.039600 v _2415_/X (sky130_fd_sc_hd__or3_4)
                                                         _0169_ (net)
                      0.048465    0.000143    6.039743 v _2420_/A1 (sky130_fd_sc_hd__a21o_1)
     3    0.008916    0.042229    0.120689    6.160433 v _2420_/X (sky130_fd_sc_hd__a21o_1)
                                                         _0174_ (net)
                      0.042229    0.000193    6.160626 v _2423_/A1 (sky130_fd_sc_hd__a21o_1)
     2    0.008812    0.041931    0.117895    6.278521 v _2423_/X (sky130_fd_sc_hd__a21o_1)
                                                         _0177_ (net)
                      0.041932    0.000276    6.278796 v _2426_/B (sky130_fd_sc_hd__xnor2_1)
     1    0.003493    0.041097    0.082062    6.360859 v _2426_/Y (sky130_fd_sc_hd__xnor2_1)
                                                         _0179_ (net)
                      0.041097    0.000083    6.360941 v _2427_/A1 (sky130_fd_sc_hd__mux2_4)
     1    0.002974    0.035641    0.144572    6.505514 v _2427_/X (sky130_fd_sc_hd__mux2_4)
                                                         _0024_ (net)
                      0.035641    0.000091    6.505605 v _3237_/D (sky130_fd_sc_hd__dfrtp_4)
                                              6.505605   data arrival time

                                 10.375000   10.375000   clock clk (rise edge)
                                  0.000000   10.375000   clock source latency
     2    0.039125    0.000000    0.000000   10.375000 ^ clk (in)
                                                         clk (net)
                      0.002099    0.001049   10.376049 ^ clkbuf_0_clk/A (sky130_fd_sc_hd__clkbuf_16)
    17    0.166687    0.138190    0.153704   10.529753 ^ clkbuf_0_clk/X (sky130_fd_sc_hd__clkbuf_16)
                                                         clknet_0_clk (net)
                      0.138829    0.007557   10.537309 ^ clkbuf_3_3__f_clk/A (sky130_fd_sc_hd__clkbuf_16)
    35    0.098794    0.088906    0.155086   10.692395 ^ clkbuf_3_3__f_clk/X (sky130_fd_sc_hd__clkbuf_16)
                                                         clknet_3_3__leaf_clk (net)
                      0.089124    0.003541   10.695936 ^ _3237_/CLK (sky130_fd_sc_hd__dfrtp_4)
                                 -0.100000   10.595936   clock uncertainty
                                  0.000000   10.595936   clock reconvergence pessimism
                                 -0.068432   10.527505   library setup time
                                             10.527505   data required time
---------------------------------------------------------------------------------------------
                                             10.527505   data required time
                                             -6.505605   data arrival time
---------------------------------------------------------------------------------------------
                                              4.021899   slack (MET)




===========================================================================
report_checks --slack_max -0.01
============================================================================
======================= nom_ff_n40C_1v95 Corner ===================================

No paths found.


===========================================================================
 report_check_types -max_slew -max_cap -max_fanout -violators
============================================================================
======================= nom_ff_n40C_1v95 Corner ===================================



===========================================================================
report_parasitic_annotation -report_unannotated
============================================================================
Found 7 unannotated drivers.
 clkload0/Y
 clkload1/Y
 clkload2/Y
 clkload3/Y
 clkload4/Y
 clkload5/Y
 clkload6/Y
Found 0 partially unannotated drivers.

===========================================================================
max slew violation count 0
max fanout violation count 0
max cap violation count 0
============================================================================

===========================================================================
check_setup -verbose -unconstrained_endpoints -multiple_clock -no_clock -no_input_delay -loops -generated_clocks
===========================================================================
Warning: There are 36 input ports missing set_input_delay.
  A_in[0]
  A_in[10]
  A_in[11]
  A_in[12]
  A_in[13]
  A_in[14]
  A_in[15]
  A_in[1]
  A_in[2]
  A_in[3]
  A_in[4]
  A_in[5]
  A_in[6]
  A_in[7]
  A_in[8]
  A_in[9]
  B_in[0]
  B_in[10]
  B_in[11]
  B_in[12]
  B_in[13]
  B_in[14]
  B_in[15]
  B_in[1]
  B_in[2]
  B_in[3]
  B_in[4]
  B_in[5]
  B_in[6]
  B_in[7]
  B_in[8]
  B_in[9]
  Op_Sel[0]
  Op_Sel[1]
  Start
  rst_n
Warning: There are 17 unconstrained endpoints.
  Done
  X_out[0]
  X_out[10]
  X_out[11]
  X_out[12]
  X_out[13]
  X_out[14]
  X_out[15]
  X_out[1]
  X_out[2]
  X_out[3]
  X_out[4]
  X_out[5]
  X_out[6]
  X_out[7]
  X_out[8]
  X_out[9]
