Clock: clk
Sources: clk 
Generated: no
Virtual: yes
Propagated: no
Period: 10.375000

===========================================================================
report_clock_properties
============================================================================
Clock                   Period          Waveform
----------------------------------------------------
clk                  10.375000    0.000000  5.187500

===========================================================================
report_clock_latency
============================================================================
Clock clk
rise -> rise
    min     max
0.000000 0.000000 source latency
0.305276         network latency _3221_/CLK
        0.329326 network latency _3296_/CLK
---------------
0.305276 0.329326 latency
        0.024050 skew

fall -> fall
    min     max
0.000000 0.000000 source latency
0.288366         network latency _3221_/CLK
        0.307612 network latency _3296_/CLK
---------------
0.288366 0.307612 latency
        0.019246 skew



===========================================================================
report_clock_min_period
============================================================================
clk period_min = 6.35 fmax = 157.40
