Clock: clk
Sources: clk 
Generated: no
Virtual: yes
Propagated: no
Period: 80.000000

===========================================================================
report_clock_properties
============================================================================
Clock                   Period          Waveform
----------------------------------------------------
clk                  80.000000    0.000000 40.000000

===========================================================================
report_clock_latency
============================================================================
Clock clk
rise -> rise
    min     max
0.000000 0.000000 source latency
0.745389         network latency _3222_/CLK
        0.774361 network latency _3256_/CLK
---------------
0.745389 0.774361 latency
        0.028971 skew

fall -> fall
    min     max
0.000000 0.000000 source latency
0.716497         network latency _3222_/CLK
        0.738897 network latency _3256_/CLK
---------------
0.716497 0.738897 latency
        0.022400 skew



===========================================================================
report_clock_min_period
============================================================================
clk period_min = 23.13 fmax = 43.24
