Reading timing models for corner nom_tt_025C_1v80…
Reading timing library for the 'nom_tt_025C_1v80' corner at '/pdk/volare/sky130/versions/0fe599b2afb6708d281543108caf8310912f54af/sky130A/libs.ref/sky130_fd_sc_hd/lib/sky130_fd_sc_hd__tt_025C_1v80.lib'…
Reading timing models for corner nom_ff_n40C_1v95…
Reading timing library for the 'nom_ff_n40C_1v95' corner at '/pdk/volare/sky130/versions/0fe599b2afb6708d281543108caf8310912f54af/sky130A/libs.ref/sky130_fd_sc_hd/lib/sky130_fd_sc_hd__ff_n40C_1v95.lib'…
Reading timing models for corner nom_ss_100C_1v60…
Reading timing library for the 'nom_ss_100C_1v60' corner at '/pdk/volare/sky130/versions/0fe599b2afb6708d281543108caf8310912f54af/sky130A/libs.ref/sky130_fd_sc_hd/lib/sky130_fd_sc_hd__ss_100C_1v60.lib'…
Reading OpenROAD database at '/work/runs/RUN_2026-03-17_13-43-59/29-openroad-detailedplacement/rns_top_crt.odb'…
Reading design constraints file at 'designs/_shared/ll_policy/constraints.sdc'…
[INFO] No information on clock propagation in input SDC file-- propagating all clocks.
[INFO] Setting RC values…
[INFO] Configuring cts characterization…
[INFO] Performing clock tree synthesis…
[INFO] Looking for the following net(s): clk
[INFO] Running Clock Tree Synthesis…
[INFO CTS-0050] Root buffer is sky130_fd_sc_hd__clkbuf_16.
[INFO CTS-0051] Sink buffer is sky130_fd_sc_hd__clkbuf_8.
[INFO CTS-0052] The following clock buffers will be used for CTS:
                    sky130_fd_sc_hd__clkbuf_2
                    sky130_fd_sc_hd__clkbuf_4
                    sky130_fd_sc_hd__clkbuf_8
[INFO CTS-0049] Characterization buffer is sky130_fd_sc_hd__clkbuf_8.
[INFO CTS-0007] Net "clk" found for clock "clk".
[INFO CTS-0010]  Clock net "clk" has 110 sinks.
[INFO CTS-0008] TritonCTS found 1 clock nets.
[INFO CTS-0097] Characterization used 3 buffer(s) types.
[INFO CTS-0200] 0 placement blockages have been identified.
[INFO CTS-0201] 0 placed hard macros will be treated like blockages.
[INFO CTS-0027] Generating H-Tree topology for net clk.
[INFO CTS-0028]  Total number of sinks: 110.
[INFO CTS-0029]  Sinks will be clustered in groups of up to 25 and with maximum cluster diameter of 50.0 um.
[INFO CTS-0030]  Number of static layers: 0.
[INFO CTS-0020]  Wire segment unit: 13600  dbu (13 um).
[INFO CTS-0023]  Original sink region: [(10845, 17620), (411505, 267860)].
[INFO CTS-0024]  Normalized sink region: [(0.797426, 1.29559), (30.2577, 19.6956)].
[INFO CTS-0025]     Width:  29.4603.
[INFO CTS-0026]     Height: 18.4000.
 Level 1
    Direction: Horizontal
    Sinks per sub-region: 55
    Sub-region size: 14.7301 X 18.4000
[INFO CTS-0034]     Segment length (rounded): 8.
 Level 2
    Direction: Vertical
    Sinks per sub-region: 28
    Sub-region size: 14.7301 X 9.2000
[INFO CTS-0034]     Segment length (rounded): 4.
 Level 3
    Direction: Horizontal
    Sinks per sub-region: 14
    Sub-region size: 7.3651 X 9.2000
[INFO CTS-0034]     Segment length (rounded): 4.
[INFO CTS-0032]  Stop criterion found. Max number of sinks is 15.
[INFO CTS-0035]  Number of sinks covered: 110.
[INFO CTS-0018]     Created 9 clock buffers.
[INFO CTS-0012]     Minimum number of buffers in the clock path: 2.
[INFO CTS-0013]     Maximum number of buffers in the clock path: 2.
[INFO CTS-0015]     Created 9 clock nets.
[INFO CTS-0016]     Fanout distribution for the current clock = 8:1, 11:2, 12:1, 15:1, 16:2, 21:1..
[INFO CTS-0017]     Max level of the clock tree: 3.
[INFO CTS-0098] Clock net "clk"
[INFO CTS-0099]  Sinks 117
[INFO CTS-0100]  Leaf buffers 0
[INFO CTS-0101]  Average sink wire length 454.93 um
[INFO CTS-0102]  Path depth 2 - 2
[INFO CTS-0207]  Leaf load cells 7
[INFO] Repairing long wires on clock nets…
[INFO RSZ-0058] Using max wire length 6335um.
Setting global connections for newly added cells…
[INFO] Setting global connections...
Updating metrics…
Cell type report:                       Count       Area
  Fill cell                               308    1156.11
  Tap cell                               2496    3123.00
  Clock buffer                              9     225.22
  Timing Repair Buffer                     53     237.73
  Inverter                                 59     226.47
  Clock inverter                            7      73.82
  Sequential cell                         110    2977.86
  Multi-Input combinational cell         1549   11198.24
  Total                                  4591   19218.43
Writing OpenROAD database to '/work/runs/RUN_2026-03-17_13-43-59/30-openroad-cts/rns_top_crt.odb'…
Writing netlist to '/work/runs/RUN_2026-03-17_13-43-59/30-openroad-cts/rns_top_crt.nl.v'…
Writing powered netlist to '/work/runs/RUN_2026-03-17_13-43-59/30-openroad-cts/rns_top_crt.pnl.v'…
Writing layout to '/work/runs/RUN_2026-03-17_13-43-59/30-openroad-cts/rns_top_crt.def'…
Writing timing constraints to '/work/runs/RUN_2026-03-17_13-43-59/30-openroad-cts/rns_top_crt.sdc'…
[INFO] Legalizing…
Placement Analysis
---------------------------------
total displacement         73.6 u
average displacement        0.0 u
max displacement            5.3 u
original HPWL           37684.0 u
legalized HPWL          38894.3 u
delta HPWL                    3 %

[INFO DPL-0020] Mirrored 675 instances
[INFO DPL-0021] HPWL before           38894.3 u
[INFO DPL-0022] HPWL after            37696.9 u
[INFO DPL-0023] HPWL delta               -3.1 %
Setting global connections for newly added cells…
[INFO] Setting global connections...
Updating metrics…
Cell type report:                       Count       Area
  Fill cell                               308    1156.11
  Tap cell                               2496    3123.00
  Clock buffer                              9     225.22
  Timing Repair Buffer                     53     237.73
  Inverter                                 59     226.47
  Clock inverter                            7      73.82
  Sequential cell                         110    2977.86
  Multi-Input combinational cell         1549   11198.24
  Total                                  4591   19218.43
Writing OpenROAD database to '/work/runs/RUN_2026-03-17_13-43-59/30-openroad-cts/rns_top_crt.odb'…
Writing netlist to '/work/runs/RUN_2026-03-17_13-43-59/30-openroad-cts/rns_top_crt.nl.v'…
Writing powered netlist to '/work/runs/RUN_2026-03-17_13-43-59/30-openroad-cts/rns_top_crt.pnl.v'…
Writing layout to '/work/runs/RUN_2026-03-17_13-43-59/30-openroad-cts/rns_top_crt.def'…
Writing timing constraints to '/work/runs/RUN_2026-03-17_13-43-59/30-openroad-cts/rns_top_crt.sdc'…
%OL_CREATE_REPORT cts.rpt
[INFO CTS-0003] Total number of Clock Roots: 1.
[INFO CTS-0004] Total number of Buffers Inserted: 9.
[INFO CTS-0005] Total number of Clock Subnets: 9.
[INFO CTS-0006] Total number of Sinks: 110.
%OL_END_REPORT
