Clock: clk
Sources: clk 
Generated: no
Virtual: yes
Propagated: no
Period: 5.000000

===========================================================================
report_clock_properties
============================================================================
Clock                   Period          Waveform
----------------------------------------------------
clk                   5.000000    0.000000  2.500000

===========================================================================
report_clock_latency
============================================================================
Clock clk
rise -> rise
    min     max
0.000000 0.000000 source latency
0.763816         network latency _3220_/CLK
        0.808908 network latency _3295_/CLK
---------------
0.763816 0.808908 latency
        0.045092 skew

fall -> fall
    min     max
0.000000 0.000000 source latency
0.730874         network latency _3220_/CLK
        0.767203 network latency _3295_/CLK
---------------
0.730874 0.767203 latency
        0.036329 skew



===========================================================================
report_clock_min_period
============================================================================
clk period_min = 20.19 fmax = 49.52
