
===========================================================================
report_checks -unconstrained
===========================================================================
======================= min_tt_025C_1v80 Corner ===================================

Startpoint: _3302_ (rising edge-triggered flip-flop clocked by clk)
Endpoint: _3238_ (rising edge-triggered flip-flop clocked by clk)
Path Group: clk
Path Type: max

Fanout         Cap        Slew       Delay        Time   Description
---------------------------------------------------------------------------------------------
                                  0.000000    0.000000   clock clk (rise edge)
                                  0.000000    0.000000   clock source latency
     2    0.040694    0.000000    0.000000    0.000000 ^ clk (in)
                                                         clk (net)
                      0.001583    0.000791    0.000791 ^ clkbuf_0_clk/A (sky130_fd_sc_hd__clkbuf_16)
    17    0.157356    0.169388    0.208543    0.209334 ^ clkbuf_0_clk/X (sky130_fd_sc_hd__clkbuf_16)
                                                         clknet_0_clk (net)
                      0.169610    0.004972    0.214306 ^ clkbuf_3_0__f_clk/A (sky130_fd_sc_hd__clkbuf_16)
    25    0.087689    0.104708    0.219852    0.434157 ^ clkbuf_3_0__f_clk/X (sky130_fd_sc_hd__clkbuf_16)
                                                         clknet_3_0__leaf_clk (net)
                      0.104758    0.002160    0.436318 ^ _3302_/CLK (sky130_fd_sc_hd__dfrtp_4)
    15    0.049533    0.120891    0.571115    1.007433 v _3302_/Q (sky130_fd_sc_hd__dfrtp_4)
                                                         B_reg[12] (net)
                      0.120917    0.001730    1.009163 v _1910_/C (sky130_fd_sc_hd__and3_1)
     3    0.005802    0.049653    0.223404    1.232567 v _1910_/X (sky130_fd_sc_hd__and3_1)
                                                         _1175_ (net)
                      0.049653    0.000032    1.232599 v _2300_/B (sky130_fd_sc_hd__or4_1)
     4    0.009581    0.126180    0.558550    1.791149 v _2300_/X (sky130_fd_sc_hd__or4_1)
                                                         _1553_ (net)
                      0.126180    0.000070    1.791219 v _2304_/A2 (sky130_fd_sc_hd__a21o_1)
     3    0.007354    0.052651    0.225107    2.016326 v _2304_/X (sky130_fd_sc_hd__a21o_1)
                                                         _1557_ (net)
                      0.052651    0.000067    2.016393 v _2308_/C (sky130_fd_sc_hd__and3_1)
     2    0.005011    0.046174    0.188407    2.204800 v _2308_/X (sky130_fd_sc_hd__and3_1)
                                                         _1561_ (net)
                      0.046174    0.000049    2.204849 v _2310_/C (sky130_fd_sc_hd__or3_1)
     3    0.006712    0.086693    0.333032    2.537881 v _2310_/X (sky130_fd_sc_hd__or3_1)
                                                         _1563_ (net)
                      0.086693    0.000046    2.537926 v _2313_/A1 (sky130_fd_sc_hd__a21o_1)
     4    0.010040    0.062615    0.200164    2.738090 v _2313_/X (sky130_fd_sc_hd__a21o_1)
                                                         _1566_ (net)
                      0.062615    0.000090    2.738180 v _2319_/B (sky130_fd_sc_hd__and3_1)
     2    0.005442    0.048039    0.179747    2.917927 v _2319_/X (sky130_fd_sc_hd__and3_1)
                                                         _1572_ (net)
                      0.048039    0.000035    2.917962 v _2321_/C (sky130_fd_sc_hd__or3_1)
     3    0.008063    0.095216    0.343727    3.261689 v _2321_/X (sky130_fd_sc_hd__or3_1)
                                                         _1574_ (net)
                      0.095216    0.000137    3.261826 v _2326_/A1 (sky130_fd_sc_hd__a21o_1)
     4    0.010808    0.065643    0.206418    3.468244 v _2326_/X (sky130_fd_sc_hd__a21o_1)
                                                         _1579_ (net)
                      0.065643    0.000109    3.468353 v _2328_/C (sky130_fd_sc_hd__and3_1)
     2    0.004621    0.044557    0.192415    3.660768 v _2328_/X (sky130_fd_sc_hd__and3_1)
                                                         _1581_ (net)
                      0.044557    0.000044    3.660811 v _2330_/C (sky130_fd_sc_hd__or3_2)
     4    0.013740    0.112028    0.463275    4.124086 v _2330_/X (sky130_fd_sc_hd__or3_2)
                                                         _1583_ (net)
                      0.112028    0.000228    4.124314 v _2334_/A1 (sky130_fd_sc_hd__a21o_1)
     5    0.014956    0.082405    0.228181    4.352495 v _2334_/X (sky130_fd_sc_hd__a21o_1)
                                                         _1587_ (net)
                      0.082405    0.000147    4.352642 v _2338_/B (sky130_fd_sc_hd__and3_1)
     2    0.006202    0.051441    0.192395    4.545037 v _2338_/X (sky130_fd_sc_hd__and3_1)
                                                         _1591_ (net)
                      0.051441    0.000069    4.545106 v _2345_/C (sky130_fd_sc_hd__or3_1)
     3    0.008038    0.095092    0.344341    4.889447 v _2345_/X (sky130_fd_sc_hd__or3_1)
                                                         _1598_ (net)
                      0.095092    0.000060    4.889507 v _2347_/A1 (sky130_fd_sc_hd__a21o_1)
     4    0.011052    0.066621    0.207231    5.096738 v _2347_/X (sky130_fd_sc_hd__a21o_1)
                                                         _1600_ (net)
                      0.066621    0.000146    5.096884 v _2350_/C (sky130_fd_sc_hd__and3_1)
     2    0.006280    0.051759    0.200945    5.297830 v _2350_/X (sky130_fd_sc_hd__and3_1)
                                                         _1603_ (net)
                      0.051759    0.000086    5.297915 v _2352_/C (sky130_fd_sc_hd__or3_1)
     3    0.009029    0.099052    0.351955    5.649870 v _2352_/X (sky130_fd_sc_hd__or3_1)
                                                         _0106_ (net)
                      0.099052    0.000113    5.649983 v _2355_/A2 (sky130_fd_sc_hd__a21o_1)
     4    0.010301    0.063628    0.227446    5.877429 v _2355_/X (sky130_fd_sc_hd__a21o_1)
                                                         _0109_ (net)
                      0.063628    0.000143    5.877572 v _2362_/B (sky130_fd_sc_hd__and3_1)
     2    0.005751    0.049406    0.181708    6.059280 v _2362_/X (sky130_fd_sc_hd__and3_1)
                                                         _0116_ (net)
                      0.049406    0.000070    6.059350 v _2364_/C (sky130_fd_sc_hd__or3_1)
     3    0.007155    0.089469    0.337103    6.396452 v _2364_/X (sky130_fd_sc_hd__or3_1)
                                                         _0118_ (net)
                      0.089469    0.000093    6.396546 v _2366_/A2 (sky130_fd_sc_hd__a21o_1)
     4    0.011174    0.067069    0.226862    6.623407 v _2366_/X (sky130_fd_sc_hd__a21o_1)
                                                         _0120_ (net)
                      0.067069    0.000127    6.623534 v _2370_/B (sky130_fd_sc_hd__and3_1)
     2    0.005546    0.048489    0.182276    6.805811 v _2370_/X (sky130_fd_sc_hd__and3_1)
                                                         _0124_ (net)
                      0.048489    0.000058    6.805869 v _2372_/C (sky130_fd_sc_hd__or3_1)
     3    0.008754    0.097629    0.349161    7.155030 v _2372_/X (sky130_fd_sc_hd__or3_1)
                                                         _0126_ (net)
                      0.097629    0.000049    7.155079 v _2378_/A1 (sky130_fd_sc_hd__a21o_1)
     4    0.010322    0.063728    0.205683    7.360762 v _2378_/X (sky130_fd_sc_hd__a21o_1)
                                                         _0132_ (net)
                      0.063728    0.000070    7.360832 v _2383_/C (sky130_fd_sc_hd__and3_1)
     2    0.006396    0.052277    0.200210    7.561042 v _2383_/X (sky130_fd_sc_hd__and3_1)
                                                         _0137_ (net)
                      0.052277    0.000066    7.561108 v _2385_/C (sky130_fd_sc_hd__or3_1)
     3    0.007570    0.092117    0.340921    7.902029 v _2385_/X (sky130_fd_sc_hd__or3_1)
                                                         _0139_ (net)
                      0.092117    0.000085    7.902114 v _2387_/A1 (sky130_fd_sc_hd__a21o_1)
     4    0.012197    0.071191    0.210122    8.112236 v _2387_/X (sky130_fd_sc_hd__a21o_1)
                                                         _0141_ (net)
                      0.071191    0.000071    8.112307 v _2390_/B (sky130_fd_sc_hd__and3_1)
     3    0.009803    0.066133    0.203848    8.316155 v _2390_/X (sky130_fd_sc_hd__and3_1)
                                                         _0144_ (net)
                      0.066133    0.000146    8.316300 v _2392_/C (sky130_fd_sc_hd__or3_1)
     3    0.006623    0.086258    0.338235    8.654536 v _2392_/X (sky130_fd_sc_hd__or3_1)
                                                         _0146_ (net)
                      0.086258    0.000058    8.654593 v _2397_/A1 (sky130_fd_sc_hd__a21o_1)
     4    0.010798    0.065585    0.202704    8.857297 v _2397_/X (sky130_fd_sc_hd__a21o_1)
                                                         _0151_ (net)
                      0.065585    0.000074    8.857371 v _2406_/B (sky130_fd_sc_hd__and3_1)
     2    0.005281    0.047345    0.180310    9.037681 v _2406_/X (sky130_fd_sc_hd__and3_1)
                                                         _0160_ (net)
                      0.047345    0.000054    9.037735 v _2408_/C (sky130_fd_sc_hd__or3_1)
     3    0.007949    0.094435    0.342759    9.380494 v _2408_/X (sky130_fd_sc_hd__or3_1)
                                                         _0162_ (net)
                      0.094435    0.000052    9.380547 v _2410_/A2 (sky130_fd_sc_hd__a21o_1)
     3    0.006832    0.050257    0.210274    9.590820 v _2410_/X (sky130_fd_sc_hd__a21o_1)
                                                         _0164_ (net)
                      0.050257    0.000074    9.590894 v _2413_/C (sky130_fd_sc_hd__and3_1)
     2    0.004818    0.045353    0.186438    9.777332 v _2413_/X (sky130_fd_sc_hd__and3_1)
                                                         _0167_ (net)
                      0.045353    0.000027    9.777359 v _2415_/C (sky130_fd_sc_hd__or3_1)
     3    0.007051    0.088801    0.335436   10.112795 v _2415_/X (sky130_fd_sc_hd__or3_1)
                                                         _0169_ (net)
                      0.088801    0.000070   10.112864 v _2420_/A1 (sky130_fd_sc_hd__a21o_1)
     4    0.010834    0.065738    0.203878   10.316742 v _2420_/X (sky130_fd_sc_hd__a21o_1)
                                                         _0174_ (net)
                      0.065738    0.000037   10.316780 v _2428_/A1 (sky130_fd_sc_hd__a21bo_1)
     1    0.004292    0.040892    0.177493   10.494272 v _2428_/X (sky130_fd_sc_hd__a21bo_1)
                                                         _0180_ (net)
                      0.040892    0.000017   10.494289 v _2429_/B (sky130_fd_sc_hd__xor2_1)
     1    0.002283    0.067403    0.131541   10.625831 v _2429_/X (sky130_fd_sc_hd__xor2_1)
                                                         _0181_ (net)
                      0.067403    0.000013   10.625844 v _2430_/A1 (sky130_fd_sc_hd__mux2_1)
     1    0.002313    0.053911    0.290156   10.916000 v _2430_/X (sky130_fd_sc_hd__mux2_1)
                                                         _0025_ (net)
                      0.053911    0.000011   10.916011 v _3238_/D (sky130_fd_sc_hd__dfrtp_4)
                                             10.916011   data arrival time

                                120.000000  120.000000   clock clk (rise edge)
                                  0.000000  120.000000   clock source latency
     2    0.040694    0.000000    0.000000  120.000000 ^ clk (in)
                                                         clk (net)
                      0.001583    0.000796  120.000793 ^ clkbuf_0_clk/A (sky130_fd_sc_hd__clkbuf_16)
    17    0.157356    0.169388    0.208544  120.209343 ^ clkbuf_0_clk/X (sky130_fd_sc_hd__clkbuf_16)
                                                         clknet_0_clk (net)
                      0.169613    0.005002  120.214340 ^ clkbuf_3_3__f_clk/A (sky130_fd_sc_hd__clkbuf_16)
    35    0.096463    0.112963    0.226450  120.440788 ^ clkbuf_3_3__f_clk/X (sky130_fd_sc_hd__clkbuf_16)
                                                         clknet_3_3__leaf_clk (net)
                      0.112989    0.001677  120.442467 ^ _3238_/CLK (sky130_fd_sc_hd__dfrtp_4)
                                 -0.100000  120.342468   clock uncertainty
                                  0.000000  120.342468   clock reconvergence pessimism
                                 -0.102589  120.239876   library setup time
                                            120.239876   data required time
---------------------------------------------------------------------------------------------
                                            120.239876   data required time
                                            -10.916011   data arrival time
---------------------------------------------------------------------------------------------
                                            109.323868   slack (MET)




===========================================================================
report_checks --slack_max -0.01
============================================================================
======================= min_tt_025C_1v80 Corner ===================================

No paths found.


===========================================================================
 report_check_types -max_slew -max_cap -max_fanout -violators
============================================================================
======================= min_tt_025C_1v80 Corner ===================================



===========================================================================
report_parasitic_annotation -report_unannotated
============================================================================
Found 7 unannotated drivers.
 clkload0/Y
 clkload1/Y
 clkload2/Y
 clkload3/Y
 clkload4/Y
 clkload5/Y
 clkload6/Y
Found 0 partially unannotated drivers.

===========================================================================
max slew violation count 0
max fanout violation count 0
max cap violation count 0
============================================================================

===========================================================================
check_setup -verbose -unconstrained_endpoints -multiple_clock -no_clock -no_input_delay -loops -generated_clocks
===========================================================================
Warning: There are 36 input ports missing set_input_delay.
  A_in[0]
  A_in[10]
  A_in[11]
  A_in[12]
  A_in[13]
  A_in[14]
  A_in[15]
  A_in[1]
  A_in[2]
  A_in[3]
  A_in[4]
  A_in[5]
  A_in[6]
  A_in[7]
  A_in[8]
  A_in[9]
  B_in[0]
  B_in[10]
  B_in[11]
  B_in[12]
  B_in[13]
  B_in[14]
  B_in[15]
  B_in[1]
  B_in[2]
  B_in[3]
  B_in[4]
  B_in[5]
  B_in[6]
  B_in[7]
  B_in[8]
  B_in[9]
  Op_Sel[0]
  Op_Sel[1]
  Start
  rst_n
Warning: There are 17 unconstrained endpoints.
  Done
  X_out[0]
  X_out[10]
  X_out[11]
  X_out[12]
  X_out[13]
  X_out[14]
  X_out[15]
  X_out[1]
  X_out[2]
  X_out[3]
  X_out[4]
  X_out[5]
  X_out[6]
  X_out[7]
  X_out[8]
  X_out[9]
