Reading OpenROAD database at '/work/runs/RUN_2026-03-17_13-43-37/39-openroad-repairantennas/1-diodeinsertion/rns_top_crt.odb'…
Reading library file at '/pdk/volare/sky130/versions/0fe599b2afb6708d281543108caf8310912f54af/sky130A/libs.ref/sky130_fd_sc_hd/lib/sky130_fd_sc_hd__tt_025C_1v80.lib'…
Reading design constraints file at 'designs/_shared/ll_policy/constraints.sdc'…
[INFO] No information on clock propagation in input SDC file-- propagating all clocks.
[INFO ORD-0030] Using 4 thread(s).
[INFO DRT-0149] Reading tech and libs.
[WARNING DRT-0349] LEF58_ENCLOSURE with no CUTCLASS is not supported. Skipping for layer mcon
[WARNING DRT-0349] LEF58_ENCLOSURE with no CUTCLASS is not supported. Skipping for layer mcon
[WARNING DRT-0349] LEF58_ENCLOSURE with no CUTCLASS is not supported. Skipping for layer via
[WARNING DRT-0349] LEF58_ENCLOSURE with no CUTCLASS is not supported. Skipping for layer via
[WARNING DRT-0349] LEF58_ENCLOSURE with no CUTCLASS is not supported. Skipping for layer via2
[WARNING DRT-0349] LEF58_ENCLOSURE with no CUTCLASS is not supported. Skipping for layer via2
[WARNING DRT-0349] LEF58_ENCLOSURE with no CUTCLASS is not supported. Skipping for layer via3
[WARNING DRT-0349] LEF58_ENCLOSURE with no CUTCLASS is not supported. Skipping for layer via3
[WARNING DRT-0349] LEF58_ENCLOSURE with no CUTCLASS is not supported. Skipping for layer via4
[WARNING DRT-0349] LEF58_ENCLOSURE with no CUTCLASS is not supported. Skipping for layer via4

Units:                1000
Number of layers:     13
Number of macros:     441
Number of vias:       29
Number of viarulegen: 25

[INFO DRT-0150] Reading design.
[WARNING DRT-0120] Large net net36 has 222 pins which may impact routing performance. Consider optimization.

Design:                   rns_top_crt
Die area:                 ( 0 0 ) ( 431270 441990 )
Number of track patterns: 12
Number of DEF vias:       0
Number of components:     5496
Number of terminals:      56
Number of snets:          2
Number of nets:           1817

[INFO DRT-0167] List of default vias:
  Layer via
    default via: M1M2_PR
  Layer via2
    default via: M2M3_PR
  Layer via3
    default via: M3M4_PR
  Layer via4
    default via: M4M5_PR
[INFO DRT-0162] Library cell analysis.
[INFO DRT-0163] Instance analysis.
[INFO DRT-0164] Number of unique instances = 243.
[INFO DRT-0168] Init region query.
[INFO DRT-0024]   Complete FR_MASTERSLICE.
[INFO DRT-0024]   Complete licon.
[INFO DRT-0024]   Complete li1.
[INFO DRT-0024]   Complete mcon.
[INFO DRT-0024]   Complete met1.
[INFO DRT-0024]   Complete via.
[INFO DRT-0024]   Complete met2.
[INFO DRT-0024]   Complete via2.
[INFO DRT-0024]   Complete met3.
[INFO DRT-0024]   Complete via3.
[INFO DRT-0024]   Complete met4.
[INFO DRT-0024]   Complete via4.
[INFO DRT-0024]   Complete met5.
[INFO DRT-0033] FR_MASTERSLICE shape region query size = 0.
[INFO DRT-0033] licon shape region query size = 0.
[INFO DRT-0033] li1 shape region query size = 69904.
[INFO DRT-0033] mcon shape region query size = 0.
[INFO DRT-0033] met1 shape region query size = 13225.
[INFO DRT-0033] via shape region query size = 2325.
[INFO DRT-0033] met2 shape region query size = 1414.
[INFO DRT-0033] via2 shape region query size = 1860.
[INFO DRT-0033] met3 shape region query size = 1430.
[INFO DRT-0033] via3 shape region query size = 1860.
[INFO DRT-0033] met4 shape region query size = 495.
[INFO DRT-0033] via4 shape region query size = 18.
[INFO DRT-0033] met5 shape region query size = 30.
[INFO DRT-0165] Start pin access.
[INFO DRT-0078]   Complete 941 pins.
[INFO DRT-0079]   Complete 100 unique inst patterns.
[INFO DRT-0079]   Complete 200 unique inst patterns.
[INFO DRT-0081]   Complete 237 unique inst patterns.
[INFO DRT-0084]   Complete 1379 groups.
#scanned instances     = 5496
#unique  instances     = 243
#stdCellGenAp          = 7177
#stdCellValidPlanarAp  = 56
#stdCellValidViaAp     = 5626
#stdCellPinNoAp        = 0
#stdCellPinCnt         = 6439
#instTermValidViaApCnt = 0
#macroGenAp            = 0
#macroValidPlanarAp    = 0
#macroValidViaAp       = 0
#macroNoAp             = 0
[INFO DRT-0166] Complete pin access.
[INFO DRT-0267] cpu time = 00:00:40, elapsed time = 00:00:10, memory = 158.35 (MB), peak = 158.05 (MB)

[INFO DRT-0157] Number of guides:     13628

[INFO DRT-0169] Post process guides.
[INFO DRT-0176] GCELLGRID X 0 DO 62 STEP 6900 ;
[INFO DRT-0177] GCELLGRID Y 0 DO 64 STEP 6900 ;
[INFO DRT-0028]   Complete FR_MASTERSLICE.
[INFO DRT-0028]   Complete licon.
[INFO DRT-0028]   Complete li1.
[INFO DRT-0028]   Complete mcon.
[INFO DRT-0028]   Complete met1.
[INFO DRT-0028]   Complete via.
[INFO DRT-0028]   Complete met2.
[INFO DRT-0028]   Complete via2.
[INFO DRT-0028]   Complete met3.
[INFO DRT-0028]   Complete via3.
[INFO DRT-0028]   Complete met4.
[INFO DRT-0028]   Complete via4.
[INFO DRT-0028]   Complete met5.
[INFO DRT-0178] Init guide query.
[INFO DRT-0035]   Complete FR_MASTERSLICE (guide).
[INFO DRT-0035]   Complete licon (guide).
[INFO DRT-0035]   Complete li1 (guide).
[INFO DRT-0035]   Complete mcon (guide).
[INFO DRT-0035]   Complete met1 (guide).
[INFO DRT-0035]   Complete via (guide).
[INFO DRT-0035]   Complete met2 (guide).
[INFO DRT-0035]   Complete via2 (guide).
[INFO DRT-0035]   Complete met3 (guide).
[INFO DRT-0035]   Complete via3 (guide).
[INFO DRT-0035]   Complete met4 (guide).
[INFO DRT-0035]   Complete via4 (guide).
[INFO DRT-0035]   Complete met5 (guide).
[INFO DRT-0036] FR_MASTERSLICE guide region query size = 0.
[INFO DRT-0036] licon guide region query size = 0.
[INFO DRT-0036] li1 guide region query size = 5034.
[INFO DRT-0036] mcon guide region query size = 0.
[INFO DRT-0036] met1 guide region query size = 3829.
[INFO DRT-0036] via guide region query size = 0.
[INFO DRT-0036] met2 guide region query size = 1866.
[INFO DRT-0036] via2 guide region query size = 0.
[INFO DRT-0036] met3 guide region query size = 35.
[INFO DRT-0036] via3 guide region query size = 0.
[INFO DRT-0036] met4 guide region query size = 0.
[INFO DRT-0036] via4 guide region query size = 0.
[INFO DRT-0036] met5 guide region query size = 0.
[INFO DRT-0179] Init gr pin query.
[INFO DRT-0245] skipped writing guide updates to database.
[INFO DRT-0185] Post process initialize RPin region query.
[INFO DRT-0181] Start track assignment.
[INFO DRT-0184] Done with 6900 vertical wires in 2 frboxes and 3864 horizontal wires in 2 frboxes.
[INFO DRT-0186] Done with 378 vertical wires in 2 frboxes and 1006 horizontal wires in 2 frboxes.
[INFO DRT-0182] Complete track assignment.
[INFO DRT-0267] cpu time = 00:00:02, elapsed time = 00:00:00, memory = 193.00 (MB), peak = 192.55 (MB)
[INFO DRT-0187] Start routing data preparation.
[INFO DRT-0267] cpu time = 00:00:00, elapsed time = 00:00:00, memory = 193.00 (MB), peak = 192.55 (MB)
[INFO DRT-0194] Start detail routing.
[INFO DRT-0195] Start 0th optimization iteration.
    Completing 10% with 0 violations.
    elapsed time = 00:00:00, memory = 243.79 (MB).
    Completing 20% with 0 violations.
    elapsed time = 00:00:00, memory = 249.41 (MB).
    Completing 30% with 65 violations.
    elapsed time = 00:00:01, memory = 253.42 (MB).
    Completing 40% with 65 violations.
    elapsed time = 00:00:02, memory = 271.46 (MB).
    Completing 50% with 65 violations.
    elapsed time = 00:00:02, memory = 273.88 (MB).
    Completing 60% with 145 violations.
    elapsed time = 00:00:03, memory = 289.14 (MB).
    Completing 70% with 145 violations.
    elapsed time = 00:00:04, memory = 289.14 (MB).
    Completing 80% with 263 violations.
    elapsed time = 00:00:04, memory = 308.30 (MB).
    Completing 90% with 263 violations.
    elapsed time = 00:00:05, memory = 291.77 (MB).
    Completing 100% with 361 violations.
    elapsed time = 00:00:06, memory = 291.77 (MB).
[INFO DRT-0199]   Number of violations = 485.
Viol/Layer         li1   mcon   met1   met2   met3
Cut Spacing          0      1      0      0      0
Metal Spacing       16      0    118     16      2
Min Hole             0      0      5      0      0
NS Metal             1      0      0      0      0
Recheck              0      0     97     27      0
Short                0      0    202      0      0
[INFO DRT-0267] cpu time = 00:00:23, elapsed time = 00:00:06, memory = 628.73 (MB), peak = 628.36 (MB)
Total wire length = 45449 um.
Total wire length on LAYER li1 = 0 um.
Total wire length on LAYER met1 = 24374 um.
Total wire length on LAYER met2 = 20736 um.
Total wire length on LAYER met3 = 339 um.
Total wire length on LAYER met4 = 0 um.
Total wire length on LAYER met5 = 0 um.
Total number of vias = 13634.
Up-via summary (total 13634):

------------------------
 FR_MASTERSLICE        0
            li1     7232
           met1     6365
           met2       37
           met3        0
           met4        0
------------------------
                   13634


[INFO DRT-0195] Start 1st optimization iteration.
    Completing 10% with 485 violations.
    elapsed time = 00:00:00, memory = 632.48 (MB).
    Completing 20% with 485 violations.
    elapsed time = 00:00:01, memory = 634.29 (MB).
    Completing 30% with 386 violations.
    elapsed time = 00:00:01, memory = 634.29 (MB).
    Completing 40% with 386 violations.
    elapsed time = 00:00:01, memory = 634.46 (MB).
    Completing 50% with 386 violations.
    elapsed time = 00:00:02, memory = 634.46 (MB).
    Completing 60% with 332 violations.
    elapsed time = 00:00:03, memory = 634.86 (MB).
    Completing 70% with 332 violations.
    elapsed time = 00:00:03, memory = 634.86 (MB).
    Completing 80% with 225 violations.
    elapsed time = 00:00:04, memory = 634.86 (MB).
    Completing 90% with 225 violations.
    elapsed time = 00:00:04, memory = 634.86 (MB).
    Completing 100% with 145 violations.
    elapsed time = 00:00:05, memory = 636.03 (MB).
[INFO DRT-0199]   Number of violations = 147.
Viol/Layer        met1   met2
Metal Spacing       32      4
Min Hole             2      0
Recheck              1      1
Short              103      4
[INFO DRT-0267] cpu time = 00:00:22, elapsed time = 00:00:06, memory = 636.29 (MB), peak = 635.98 (MB)
Total wire length = 45186 um.
Total wire length on LAYER li1 = 0 um.
Total wire length on LAYER met1 = 24203 um.
Total wire length on LAYER met2 = 20637 um.
Total wire length on LAYER met3 = 345 um.
Total wire length on LAYER met4 = 0 um.
Total wire length on LAYER met5 = 0 um.
Total number of vias = 13550.
Up-via summary (total 13550):

------------------------
 FR_MASTERSLICE        0
            li1     7229
           met1     6284
           met2       37
           met3        0
           met4        0
------------------------
                   13550


[INFO DRT-0195] Start 2nd optimization iteration.
    Completing 10% with 147 violations.
    elapsed time = 00:00:00, memory = 636.29 (MB).
    Completing 20% with 147 violations.
    elapsed time = 00:00:00, memory = 638.02 (MB).
    Completing 30% with 168 violations.
    elapsed time = 00:00:01, memory = 638.02 (MB).
    Completing 40% with 168 violations.
    elapsed time = 00:00:01, memory = 638.02 (MB).
    Completing 50% with 168 violations.
    elapsed time = 00:00:02, memory = 638.02 (MB).
    Completing 60% with 164 violations.
    elapsed time = 00:00:02, memory = 639.48 (MB).
    Completing 70% with 164 violations.
    elapsed time = 00:00:02, memory = 639.48 (MB).
    Completing 80% with 150 violations.
    elapsed time = 00:00:03, memory = 639.48 (MB).
    Completing 90% with 150 violations.
    elapsed time = 00:00:04, memory = 639.48 (MB).
    Completing 100% with 162 violations.
    elapsed time = 00:00:05, memory = 639.48 (MB).
[INFO DRT-0199]   Number of violations = 167.
Viol/Layer        met1   met2
Metal Spacing       43      1
Min Hole             2      0
Recheck              6      1
Short              114      0
[INFO DRT-0267] cpu time = 00:00:18, elapsed time = 00:00:05, memory = 639.61 (MB), peak = 639.36 (MB)
Total wire length = 45090 um.
Total wire length on LAYER li1 = 0 um.
Total wire length on LAYER met1 = 24180 um.
Total wire length on LAYER met2 = 20564 um.
Total wire length on LAYER met3 = 345 um.
Total wire length on LAYER met4 = 0 um.
Total wire length on LAYER met5 = 0 um.
Total number of vias = 13516.
Up-via summary (total 13516):

------------------------
 FR_MASTERSLICE        0
            li1     7229
           met1     6250
           met2       37
           met3        0
           met4        0
------------------------
                   13516


[INFO DRT-0195] Start 3rd optimization iteration.
    Completing 10% with 167 violations.
    elapsed time = 00:00:00, memory = 639.61 (MB).
    Completing 20% with 167 violations.
    elapsed time = 00:00:00, memory = 653.76 (MB).
    Completing 30% with 113 violations.
    elapsed time = 00:00:01, memory = 656.07 (MB).
    Completing 40% with 113 violations.
    elapsed time = 00:00:01, memory = 656.07 (MB).
    Completing 50% with 113 violations.
    elapsed time = 00:00:01, memory = 656.61 (MB).
    Completing 60% with 91 violations.
    elapsed time = 00:00:01, memory = 656.61 (MB).
    Completing 70% with 91 violations.
    elapsed time = 00:00:01, memory = 656.61 (MB).
    Completing 80% with 64 violations.
    elapsed time = 00:00:02, memory = 656.61 (MB).
    Completing 90% with 64 violations.
    elapsed time = 00:00:02, memory = 656.61 (MB).
    Completing 100% with 8 violations.
    elapsed time = 00:00:03, memory = 656.77 (MB).
[INFO DRT-0199]   Number of violations = 8.
Viol/Layer        met1
Metal Spacing        3
Short                5
[INFO DRT-0267] cpu time = 00:00:09, elapsed time = 00:00:03, memory = 656.77 (MB), peak = 656.51 (MB)
Total wire length = 45085 um.
Total wire length on LAYER li1 = 0 um.
Total wire length on LAYER met1 = 24009 um.
Total wire length on LAYER met2 = 20603 um.
Total wire length on LAYER met3 = 473 um.
Total wire length on LAYER met4 = 0 um.
Total wire length on LAYER met5 = 0 um.
Total number of vias = 13606.
Up-via summary (total 13606):

------------------------
 FR_MASTERSLICE        0
            li1     7229
           met1     6307
           met2       70
           met3        0
           met4        0
------------------------
                   13606


[INFO DRT-0195] Start 4th optimization iteration.
    Completing 10% with 8 violations.
    elapsed time = 00:00:00, memory = 656.77 (MB).
    Completing 20% with 8 violations.
    elapsed time = 00:00:00, memory = 656.77 (MB).
    Completing 30% with 0 violations.
    elapsed time = 00:00:00, memory = 656.77 (MB).
    Completing 40% with 0 violations.
    elapsed time = 00:00:00, memory = 656.77 (MB).
    Completing 50% with 0 violations.
    elapsed time = 00:00:00, memory = 656.77 (MB).
    Completing 60% with 0 violations.
    elapsed time = 00:00:00, memory = 656.77 (MB).
    Completing 70% with 0 violations.
    elapsed time = 00:00:00, memory = 656.77 (MB).
    Completing 80% with 0 violations.
    elapsed time = 00:00:00, memory = 656.77 (MB).
    Completing 90% with 0 violations.
    elapsed time = 00:00:00, memory = 656.77 (MB).
    Completing 100% with 0 violations.
    elapsed time = 00:00:00, memory = 656.77 (MB).
[INFO DRT-0199]   Number of violations = 0.
[INFO DRT-0267] cpu time = 00:00:01, elapsed time = 00:00:00, memory = 656.77 (MB), peak = 656.51 (MB)
Total wire length = 45091 um.
Total wire length on LAYER li1 = 0 um.
Total wire length on LAYER met1 = 24009 um.
Total wire length on LAYER met2 = 20608 um.
Total wire length on LAYER met3 = 473 um.
Total wire length on LAYER met4 = 0 um.
Total wire length on LAYER met5 = 0 um.
Total number of vias = 13611.
Up-via summary (total 13611):

------------------------
 FR_MASTERSLICE        0
            li1     7229
           met1     6312
           met2       70
           met3        0
           met4        0
------------------------
                   13611


[INFO DRT-0198] Complete detail routing.
Total wire length = 45091 um.
Total wire length on LAYER li1 = 0 um.
Total wire length on LAYER met1 = 24009 um.
Total wire length on LAYER met2 = 20608 um.
Total wire length on LAYER met3 = 473 um.
Total wire length on LAYER met4 = 0 um.
Total wire length on LAYER met5 = 0 um.
Total number of vias = 13611.
Up-via summary (total 13611):

------------------------
 FR_MASTERSLICE        0
            li1     7229
           met1     6312
           met2       70
           met3        0
           met4        0
------------------------
                   13611


[INFO DRT-0267] cpu time = 00:01:14, elapsed time = 00:00:21, memory = 656.77 (MB), peak = 656.51 (MB)

[INFO DRT-0180] Post processing.
Setting global connections for newly added cells…
[INFO] Setting global connections...
Updating metrics…
Cell type report:                       Count       Area
  Fill cell                               308    1156.11
  Tap cell                               2496    3123.00
  Antenna cell                            905    2264.67
  Clock buffer                             10     232.72
  Timing Repair Buffer                     53     237.73
  Inverter                                 59     226.47
  Clock inverter                            6      56.30
  Sequential cell                         110    2977.86
  Multi-Input combinational cell         1549   11195.74
  Total                                  5496   21470.59
Writing OpenROAD database to '/work/runs/RUN_2026-03-17_13-43-37/41-openroad-detailedrouting/rns_top_crt.odb'…
Writing netlist to '/work/runs/RUN_2026-03-17_13-43-37/41-openroad-detailedrouting/rns_top_crt.nl.v'…
Writing powered netlist to '/work/runs/RUN_2026-03-17_13-43-37/41-openroad-detailedrouting/rns_top_crt.pnl.v'…
Writing layout to '/work/runs/RUN_2026-03-17_13-43-37/41-openroad-detailedrouting/rns_top_crt.def'…
Writing timing constraints to '/work/runs/RUN_2026-03-17_13-43-37/41-openroad-detailedrouting/rns_top_crt.sdc'…
