Clock: clk
Sources: clk 
Generated: no
Virtual: yes
Propagated: no
Period: 200.000000

===========================================================================
report_clock_properties
============================================================================
Clock                   Period          Waveform
----------------------------------------------------
clk                 200.000000    0.000000100.000000

===========================================================================
report_clock_latency
============================================================================
Clock clk
rise -> rise
    min     max
0.000000 0.000000 source latency
0.001749         network latency _3265_/CLK
        0.021872 network latency _3295_/CLK
---------------
0.001749 0.021872 latency
        0.020123 skew

fall -> fall
    min     max
0.000000 0.000000 source latency
0.001670         network latency _3265_/CLK
        0.020869 network latency _3295_/CLK
---------------
0.001670 0.020869 latency
        0.019199 skew



===========================================================================
report_clock_min_period
============================================================================
clk period_min = 12.26 fmax = 81.54
