
===========================================================================
report_checks -unconstrained
===========================================================================
======================= max_ff_n40C_1v95 Corner ===================================

Startpoint: _3302_ (rising edge-triggered flip-flop clocked by clk)
Endpoint: _3237_ (rising edge-triggered flip-flop clocked by clk)
Path Group: clk
Path Type: max

Fanout         Cap        Slew       Delay        Time   Description
---------------------------------------------------------------------------------------------
                                  0.000000    0.000000   clock clk (rise edge)
                                  0.000000    0.000000   clock source latency
     2    0.042620    0.000000    0.000000    0.000000 ^ clk (in)
                                                         clk (net)
                      0.003028    0.001514    0.001514 ^ clkbuf_0_clk/A (sky130_fd_sc_hd__clkbuf_16)
    17    0.169343    0.140493    0.152695    0.154209 ^ clkbuf_0_clk/X (sky130_fd_sc_hd__clkbuf_16)
                                                         clknet_0_clk (net)
                      0.142282    0.012639    0.166848 ^ clkbuf_3_0__f_clk/A (sky130_fd_sc_hd__clkbuf_16)
    25    0.097219    0.087840    0.153658    0.320506 ^ clkbuf_3_0__f_clk/X (sky130_fd_sc_hd__clkbuf_16)
                                                         clknet_3_0__leaf_clk (net)
                      0.088572    0.006385    0.326891 ^ _3302_/CLK (sky130_fd_sc_hd__dfrtp_4)
     6    0.025163    0.062756    0.333586    0.660476 v _3302_/Q (sky130_fd_sc_hd__dfrtp_4)
                                                         B_reg[12] (net)
                      0.062829    0.002359    0.662835 v _1910_/C (sky130_fd_sc_hd__and3_1)
     3    0.007359    0.040783    0.138827    0.801662 v _1910_/X (sky130_fd_sc_hd__and3_1)
                                                         _1175_ (net)
                      0.040788    0.000444    0.802106 v _2300_/A (sky130_fd_sc_hd__or4_4)
     4    0.009932    0.065053    0.329774    1.131880 v _2300_/X (sky130_fd_sc_hd__or4_4)
                                                         _1553_ (net)
                      0.065053    0.000561    1.132441 v _2304_/A1 (sky130_fd_sc_hd__a21o_1)
     3    0.007819    0.038860    0.123447    1.255889 v _2304_/X (sky130_fd_sc_hd__a21o_1)
                                                         _1557_ (net)
                      0.038865    0.000436    1.256325 v _2307_/A2 (sky130_fd_sc_hd__a21oi_1)
     3    0.011081    0.188771    0.180052    1.436377 ^ _2307_/Y (sky130_fd_sc_hd__a21oi_1)
                                                         _1560_ (net)
                      0.188772    0.000389    1.436766 ^ _2311_/B (sky130_fd_sc_hd__xor2_1)
     3    0.011011    0.186018    0.170491    1.607257 ^ _2311_/X (sky130_fd_sc_hd__xor2_1)
                                                         _1564_ (net)
                      0.186026    0.000986    1.608243 ^ _2313_/A2 (sky130_fd_sc_hd__a21o_1)
     4    0.011227    0.079034    0.122264    1.730506 ^ _2313_/X (sky130_fd_sc_hd__a21o_1)
                                                         _1566_ (net)
                      0.079037    0.000566    1.731072 ^ _2318_/A1 (sky130_fd_sc_hd__a21oi_1)
     3    0.013350    0.072390    0.076760    1.807832 v _2318_/Y (sky130_fd_sc_hd__a21oi_1)
                                                         _1571_ (net)
                      0.072400    0.000719    1.808551 v _2321_/B (sky130_fd_sc_hd__or3_4)
     3    0.009339    0.051277    0.239109    2.047660 v _2321_/X (sky130_fd_sc_hd__or3_4)
                                                         _1574_ (net)
                      0.051277    0.000583    2.048244 v _2326_/A1 (sky130_fd_sc_hd__a21o_1)
     4    0.011091    0.047316    0.128064    2.176308 v _2326_/X (sky130_fd_sc_hd__a21o_1)
                                                         _1579_ (net)
                      0.047327    0.000684    2.176992 v _2328_/B (sky130_fd_sc_hd__and3_1)
     2    0.006620    0.038493    0.119750    2.296742 v _2328_/X (sky130_fd_sc_hd__and3_1)
                                                         _1581_ (net)
                      0.038500    0.000511    2.297253 v _2330_/A (sky130_fd_sc_hd__or3_4)
     3    0.007800    0.049584    0.236775    2.534028 v _2330_/X (sky130_fd_sc_hd__or3_4)
                                                         _1583_ (net)
                      0.049584    0.000289    2.534317 v _2334_/A1 (sky130_fd_sc_hd__a21o_1)
     3    0.010526    0.046149    0.125796    2.660114 v _2334_/X (sky130_fd_sc_hd__a21o_1)
                                                         _1587_ (net)
                      0.046154    0.000519    2.660633 v _2338_/A (sky130_fd_sc_hd__and3_1)
     2    0.005929    0.036419    0.103379    2.764012 v _2338_/X (sky130_fd_sc_hd__and3_1)
                                                         _1591_ (net)
                      0.036422    0.000367    2.764379 v _2345_/C (sky130_fd_sc_hd__or3_4)
     3    0.008986    0.050886    0.202105    2.966484 v _2345_/X (sky130_fd_sc_hd__or3_4)
                                                         _1598_ (net)
                      0.050886    0.000335    2.966819 v _2347_/A1 (sky130_fd_sc_hd__a21o_1)
     4    0.010703    0.046321    0.126859    3.093678 v _2347_/X (sky130_fd_sc_hd__a21o_1)
                                                         _1600_ (net)
                      0.046329    0.000632    3.094310 v _2350_/C (sky130_fd_sc_hd__and3_1)
     2    0.007179    0.040239    0.131568    3.225878 v _2350_/X (sky130_fd_sc_hd__and3_1)
                                                         _1603_ (net)
                      0.040245    0.000503    3.226381 v _2352_/C (sky130_fd_sc_hd__or3_4)
     2    0.007519    0.049283    0.200470    3.426851 v _2352_/X (sky130_fd_sc_hd__or3_4)
                                                         _0106_ (net)
                      0.049284    0.000445    3.427296 v _2355_/A1 (sky130_fd_sc_hd__a21o_1)
     4    0.012324    0.050718    0.130056    3.557352 v _2355_/X (sky130_fd_sc_hd__a21o_1)
                                                         _0109_ (net)
                      0.050746    0.001098    3.558450 v _2360_/A1 (sky130_fd_sc_hd__a21oi_2)
     3    0.013132    0.133462    0.140916    3.699367 ^ _2360_/Y (sky130_fd_sc_hd__a21oi_2)
                                                         _0114_ (net)
                      0.133524    0.001105    3.700472 ^ _2361_/B (sky130_fd_sc_hd__xnor2_1)
     3    0.016186    0.270187    0.153115    3.853587 ^ _2361_/Y (sky130_fd_sc_hd__xnor2_1)
                                                         _0115_ (net)
                      0.270191    0.000825    3.854412 ^ _2366_/A2 (sky130_fd_sc_hd__a21o_1)
     3    0.008553    0.063352    0.114235    3.968647 ^ _2366_/X (sky130_fd_sc_hd__a21o_1)
                                                         _0120_ (net)
                      0.063354    0.000458    3.969105 ^ rebuffer11/A (sky130_fd_sc_hd__clkbuf_2)
     2    0.012908    0.059098    0.095988    4.065093 ^ rebuffer11/X (sky130_fd_sc_hd__clkbuf_2)
                                                         net64 (net)
                      0.059116    0.000980    4.066073 ^ _2369_/A1 (sky130_fd_sc_hd__a21oi_4)
     3    0.016080    0.038119    0.042673    4.108747 v _2369_/Y (sky130_fd_sc_hd__a21oi_4)
                                                         _0123_ (net)
                      0.038124    0.000840    4.109586 v _2372_/B (sky130_fd_sc_hd__or3_4)
     3    0.009384    0.051298    0.227452    4.337038 v _2372_/X (sky130_fd_sc_hd__or3_4)
                                                         _0126_ (net)
                      0.051298    0.000477    4.337514 v _2378_/A1 (sky130_fd_sc_hd__a21o_1)
     4    0.010567    0.046129    0.126697    4.464212 v _2378_/X (sky130_fd_sc_hd__a21o_1)
                                                         _0132_ (net)
                      0.046131    0.000345    4.464556 v _2383_/A (sky130_fd_sc_hd__and3_1)
     2    0.007698    0.041860    0.108964    4.573520 v _2383_/X (sky130_fd_sc_hd__and3_1)
                                                         _0137_ (net)
                      0.041866    0.000499    4.574019 v _2385_/C (sky130_fd_sc_hd__or3_4)
     3    0.008643    0.050505    0.203008    4.777027 v _2385_/X (sky130_fd_sc_hd__or3_4)
                                                         _0139_ (net)
                      0.050505    0.000439    4.777466 v _2387_/A1 (sky130_fd_sc_hd__a21o_1)
     4    0.012990    0.052615    0.132422    4.909887 v _2387_/X (sky130_fd_sc_hd__a21o_1)
                                                         _0141_ (net)
                      0.052617    0.000437    4.910324 v _2390_/A (sky130_fd_sc_hd__and3_1)
     3    0.011170    0.051028    0.121831    5.032155 v _2390_/X (sky130_fd_sc_hd__and3_1)
                                                         _0144_ (net)
                      0.051033    0.000565    5.032720 v _2392_/C (sky130_fd_sc_hd__or3_4)
     3    0.007419    0.049176    0.203348    5.236067 v _2392_/X (sky130_fd_sc_hd__or3_4)
                                                         _0146_ (net)
                      0.049176    0.000383    5.236450 v _2397_/A1 (sky130_fd_sc_hd__a21o_1)
     4    0.011483    0.048357    0.128226    5.364676 v _2397_/X (sky130_fd_sc_hd__a21o_1)
                                                         _0151_ (net)
                      0.048358    0.000342    5.365018 v _2406_/A (sky130_fd_sc_hd__and3_1)
     2    0.006366    0.037746    0.105636    5.470654 v _2406_/X (sky130_fd_sc_hd__and3_1)
                                                         _0160_ (net)
                      0.037746    0.000222    5.470875 v _2408_/C (sky130_fd_sc_hd__or3_4)
     3    0.008826    0.050724    0.202141    5.673016 v _2408_/X (sky130_fd_sc_hd__or3_4)
                                                         _0162_ (net)
                      0.050724    0.000511    5.673527 v _2410_/A1 (sky130_fd_sc_hd__a21o_1)
     3    0.007921    0.039219    0.118380    5.791906 v _2410_/X (sky130_fd_sc_hd__a21o_1)
                                                         _0164_ (net)
                      0.039224    0.000481    5.792387 v _2412_/A2 (sky130_fd_sc_hd__a21oi_1)
     3    0.012160    0.203797    0.190988    5.983375 ^ _2412_/Y (sky130_fd_sc_hd__a21oi_1)
                                                         _0166_ (net)
                      0.203801    0.000699    5.984075 ^ _2416_/B (sky130_fd_sc_hd__xnor2_1)
     3    0.010920    0.078117    0.086974    6.071049 v _2416_/Y (sky130_fd_sc_hd__xnor2_1)
                                                         _0170_ (net)
                      0.078124    0.000608    6.071657 v _2420_/A2 (sky130_fd_sc_hd__a21o_1)
     4    0.012266    0.050539    0.156190    6.227847 v _2420_/X (sky130_fd_sc_hd__a21o_1)
                                                         _0174_ (net)
                      0.050546    0.000624    6.228471 v _2423_/A1 (sky130_fd_sc_hd__a21o_1)
     2    0.008749    0.041869    0.120743    6.349214 v _2423_/X (sky130_fd_sc_hd__a21o_1)
                                                         _0177_ (net)
                      0.041879    0.000617    6.349831 v _2426_/B (sky130_fd_sc_hd__xnor2_1)
     1    0.003461    0.040361    0.081913    6.431743 v _2426_/Y (sky130_fd_sc_hd__xnor2_1)
                                                         _0179_ (net)
                      0.040362    0.000148    6.431891 v _2427_/A1 (sky130_fd_sc_hd__mux2_4)
     1    0.003302    0.036137    0.145059    6.576950 v _2427_/X (sky130_fd_sc_hd__mux2_4)
                                                         _0024_ (net)
                      0.036137    0.000211    6.577162 v _3237_/D (sky130_fd_sc_hd__dfrtp_4)
                                              6.577162   data arrival time

                                 12.000000   12.000000   clock clk (rise edge)
                                  0.000000   12.000000   clock source latency
     2    0.042620    0.000000    0.000000   12.000000 ^ clk (in)
                                                         clk (net)
                      0.003028    0.001513   12.001513 ^ clkbuf_0_clk/A (sky130_fd_sc_hd__clkbuf_16)
    17    0.169343    0.140493    0.152696   12.154208 ^ clkbuf_0_clk/X (sky130_fd_sc_hd__clkbuf_16)
                                                         clknet_0_clk (net)
                      0.142052    0.011820   12.166029 ^ clkbuf_3_3__f_clk/A (sky130_fd_sc_hd__clkbuf_16)
    35    0.104093    0.092898    0.156319   12.322347 ^ clkbuf_3_3__f_clk/X (sky130_fd_sc_hd__clkbuf_16)
                                                         clknet_3_3__leaf_clk (net)
                      0.093410    0.005563   12.327909 ^ _3237_/CLK (sky130_fd_sc_hd__dfrtp_4)
                                 -0.100000   12.227910   clock uncertainty
                                  0.000000   12.227910   clock reconvergence pessimism
                                 -0.068205   12.159704   library setup time
                                             12.159704   data required time
---------------------------------------------------------------------------------------------
                                             12.159704   data required time
                                             -6.577162   data arrival time
---------------------------------------------------------------------------------------------
                                              5.582542   slack (MET)




===========================================================================
report_checks --slack_max -0.01
============================================================================
======================= max_ff_n40C_1v95 Corner ===================================

No paths found.


===========================================================================
 report_check_types -max_slew -max_cap -max_fanout -violators
============================================================================
======================= max_ff_n40C_1v95 Corner ===================================



===========================================================================
report_parasitic_annotation -report_unannotated
============================================================================
Found 7 unannotated drivers.
 clkload0/Y
 clkload1/Y
 clkload2/Y
 clkload3/Y
 clkload4/Y
 clkload5/Y
 clkload6/Y
Found 0 partially unannotated drivers.

===========================================================================
max slew violation count 0
max fanout violation count 0
max cap violation count 0
============================================================================

===========================================================================
check_setup -verbose -unconstrained_endpoints -multiple_clock -no_clock -no_input_delay -loops -generated_clocks
===========================================================================
Warning: There are 36 input ports missing set_input_delay.
  A_in[0]
  A_in[10]
  A_in[11]
  A_in[12]
  A_in[13]
  A_in[14]
  A_in[15]
  A_in[1]
  A_in[2]
  A_in[3]
  A_in[4]
  A_in[5]
  A_in[6]
  A_in[7]
  A_in[8]
  A_in[9]
  B_in[0]
  B_in[10]
  B_in[11]
  B_in[12]
  B_in[13]
  B_in[14]
  B_in[15]
  B_in[1]
  B_in[2]
  B_in[3]
  B_in[4]
  B_in[5]
  B_in[6]
  B_in[7]
  B_in[8]
  B_in[9]
  Op_Sel[0]
  Op_Sel[1]
  Start
  rst_n
Warning: There are 17 unconstrained endpoints.
  Done
  X_out[0]
  X_out[10]
  X_out[11]
  X_out[12]
  X_out[13]
  X_out[14]
  X_out[15]
  X_out[1]
  X_out[2]
  X_out[3]
  X_out[4]
  X_out[5]
  X_out[6]
  X_out[7]
  X_out[8]
  X_out[9]
