Clock: clk
Sources: clk 
Generated: no
Virtual: yes
Propagated: no
Period: 10.250000

===========================================================================
report_clock_properties
============================================================================
Clock                   Period          Waveform
----------------------------------------------------
clk                  10.250000    0.000000  5.125000

===========================================================================
report_clock_latency
============================================================================
Clock clk
rise -> rise
    min     max
0.000000 0.000000 source latency
0.001720         network latency _3265_/CLK
        0.021970 network latency _3295_/CLK
---------------
0.001720 0.021970 latency
        0.020249 skew

fall -> fall
    min     max
0.000000 0.000000 source latency
0.001641         network latency _3265_/CLK
        0.020956 network latency _3295_/CLK
---------------
0.001641 0.020956 latency
        0.019315 skew



===========================================================================
report_clock_min_period
============================================================================
clk period_min = 12.26 fmax = 81.59
