
===========================================================================
report_checks -unconstrained
===========================================================================
======================= nom_tt_025C_1v80 Corner ===================================

Startpoint: _3302_ (rising edge-triggered flip-flop clocked by clk)
Endpoint: _3238_ (rising edge-triggered flip-flop clocked by clk)
Path Group: clk
Path Type: max

Fanout         Cap        Slew       Delay        Time   Description
---------------------------------------------------------------------------------------------
                                  0.000000    0.000000   clock clk (rise edge)
                                  0.000000    0.000000   clock source latency
     2    0.043705    0.000000    0.000000    0.000000 ^ clk (in)
                                                         clk (net)
                      0.002280    0.001140    0.001140 ^ clkbuf_0_clk/A (sky130_fd_sc_hd__clkbuf_16)
    17    0.163433    0.175460    0.211447    0.212587 ^ clkbuf_0_clk/X (sky130_fd_sc_hd__clkbuf_16)
                                                         clknet_0_clk (net)
                      0.175985    0.007757    0.220344 ^ clkbuf_3_0__f_clk/A (sky130_fd_sc_hd__clkbuf_16)
    25    0.095363    0.111799    0.226885    0.447229 ^ clkbuf_3_0__f_clk/X (sky130_fd_sc_hd__clkbuf_16)
                                                         clknet_3_0__leaf_clk (net)
                      0.111908    0.003151    0.450380 ^ _3302_/CLK (sky130_fd_sc_hd__dfrtp_4)
     6    0.022873    0.083477    0.527977    0.978357 v _3302_/Q (sky130_fd_sc_hd__dfrtp_4)
                                                         B_reg[12] (net)
                      0.083512    0.001274    0.979631 v _1910_/C (sky130_fd_sc_hd__and3_1)
     3    0.007391    0.056932    0.214038    1.193669 v _1910_/X (sky130_fd_sc_hd__and3_1)
                                                         _1175_ (net)
                      0.056932    0.000198    1.193867 v _2300_/A (sky130_fd_sc_hd__or4_4)
     4    0.009650    0.093484    0.548289    1.742156 v _2300_/X (sky130_fd_sc_hd__or4_4)
                                                         _1553_ (net)
                      0.093484    0.000205    1.742362 v _2304_/A1 (sky130_fd_sc_hd__a21o_1)
     3    0.008367    0.057377    0.195834    1.938196 v _2304_/X (sky130_fd_sc_hd__a21o_1)
                                                         _1557_ (net)
                      0.057377    0.000228    1.938424 v _2307_/A2 (sky130_fd_sc_hd__a21oi_1)
     3    0.010952    0.256460    0.255991    2.194415 ^ _2307_/Y (sky130_fd_sc_hd__a21oi_1)
                                                         _1560_ (net)
                      0.256460    0.000170    2.194585 ^ _2311_/B (sky130_fd_sc_hd__xor2_1)
     3    0.010317    0.244806    0.270282    2.464867 ^ _2311_/X (sky130_fd_sc_hd__xor2_1)
                                                         _1564_ (net)
                      0.244806    0.000250    2.465117 ^ _2313_/A2 (sky130_fd_sc_hd__a21o_1)
     4    0.010781    0.101684    0.202124    2.667241 ^ _2313_/X (sky130_fd_sc_hd__a21o_1)
                                                         _1566_ (net)
                      0.101684    0.000272    2.667512 ^ _2318_/A1 (sky130_fd_sc_hd__a21oi_1)
     3    0.011577    0.098714    0.119384    2.786896 v _2318_/Y (sky130_fd_sc_hd__a21oi_1)
                                                         _1571_ (net)
                      0.098714    0.000266    2.787162 v _2321_/B (sky130_fd_sc_hd__or3_4)
     3    0.007242    0.070281    0.387407    3.174569 v _2321_/X (sky130_fd_sc_hd__or3_4)
                                                         _1574_ (net)
                      0.070281    0.000129    3.174697 v _2326_/A1 (sky130_fd_sc_hd__a21o_1)
     4    0.009798    0.061698    0.192458    3.367155 v _2326_/X (sky130_fd_sc_hd__a21o_1)
                                                         _1579_ (net)
                      0.061698    0.000216    3.367371 v _2328_/A (sky130_fd_sc_hd__and3_1)
     2    0.006555    0.053069    0.164360    3.531731 v _2328_/X (sky130_fd_sc_hd__and3_1)
                                                         _1581_ (net)
                      0.053069    0.000186    3.531918 v _2330_/A (sky130_fd_sc_hd__or3_4)
     3    0.007111    0.070208    0.389208    3.921126 v _2330_/X (sky130_fd_sc_hd__or3_4)
                                                         _1583_ (net)
                      0.070208    0.000194    3.921319 v _2334_/A1 (sky130_fd_sc_hd__a21o_1)
     4    0.010401    0.064122    0.194560    4.115880 v _2334_/X (sky130_fd_sc_hd__a21o_1)
                                                         _1587_ (net)
                      0.064122    0.000246    4.116126 v rebuffer10/A (sky130_fd_sc_hd__dlymetal6s2s_1)
     2    0.007515    0.056934    0.161997    4.278122 v rebuffer10/X (sky130_fd_sc_hd__dlymetal6s2s_1)
                                                         net63 (net)
                      0.056934    0.000176    4.278299 v _2343_/A1 (sky130_fd_sc_hd__a21bo_1)
     1    0.004538    0.041957    0.175062    4.453361 v _2343_/X (sky130_fd_sc_hd__a21bo_1)
                                                         _1596_ (net)
                      0.041957    0.000152    4.453513 v _2344_/B1 (sky130_fd_sc_hd__a22o_1)
     2    0.006400    0.056718    0.192865    4.646379 v _2344_/X (sky130_fd_sc_hd__a22o_1)
                                                         _1597_ (net)
                      0.056718    0.000194    4.646572 v _2347_/B1 (sky130_fd_sc_hd__a21o_1)
     4    0.010277    0.063582    0.186809    4.833381 v _2347_/X (sky130_fd_sc_hd__a21o_1)
                                                         _1600_ (net)
                      0.063582    0.000267    4.833649 v _2348_/A2 (sky130_fd_sc_hd__a21oi_1)
     3    0.013894    0.312796    0.299929    5.133577 ^ _2348_/Y (sky130_fd_sc_hd__a21oi_1)
                                                         _1601_ (net)
                      0.312797    0.000437    5.134014 ^ _2349_/B (sky130_fd_sc_hd__xnor2_1)
     3    0.016999    0.397225    0.267009    5.401022 ^ _2349_/Y (sky130_fd_sc_hd__xnor2_1)
                                                         _1602_ (net)
                      0.397225    0.000405    5.401427 ^ _2355_/A2 (sky130_fd_sc_hd__a21o_1)
     4    0.009459    0.091604    0.216821    5.618248 ^ _2355_/X (sky130_fd_sc_hd__a21o_1)
                                                         _0109_ (net)
                      0.091604    0.000223    5.618472 ^ _2360_/A1 (sky130_fd_sc_hd__a21oi_1)
     3    0.011625    0.100975    0.116084    5.734556 v _2360_/Y (sky130_fd_sc_hd__a21oi_1)
                                                         _0114_ (net)
                      0.100975    0.000335    5.734891 v _2364_/B (sky130_fd_sc_hd__or3_4)
     3    0.007598    0.070854    0.389301    6.124192 v _2364_/X (sky130_fd_sc_hd__or3_4)
                                                         _0118_ (net)
                      0.070854    0.000206    6.124399 v _2366_/A1 (sky130_fd_sc_hd__a21o_1)
     4    0.011252    0.067464    0.197821    6.322219 v _2366_/X (sky130_fd_sc_hd__a21o_1)
                                                         _0120_ (net)
                      0.067464    0.000373    6.322592 v _2369_/A1 (sky130_fd_sc_hd__a21oi_1)
     3    0.012830    0.292413    0.267488    6.590081 ^ _2369_/Y (sky130_fd_sc_hd__a21oi_1)
                                                         _0123_ (net)
                      0.292414    0.000293    6.590374 ^ _2373_/B (sky130_fd_sc_hd__xnor2_1)
     4    0.012627    0.308990    0.232271    6.822644 ^ _2373_/Y (sky130_fd_sc_hd__xnor2_1)
                                                         _0127_ (net)
                      0.308990    0.000279    6.822923 ^ _2378_/A2 (sky130_fd_sc_hd__a21o_1)
     4    0.010704    0.101358    0.213297    7.036221 ^ _2378_/X (sky130_fd_sc_hd__a21o_1)
                                                         _0132_ (net)
                      0.101358    0.000189    7.036410 ^ _2382_/A2 (sky130_fd_sc_hd__a21oi_1)
     3    0.011434    0.100817    0.121587    7.157997 v _2382_/Y (sky130_fd_sc_hd__a21oi_1)
                                                         _0136_ (net)
                      0.100817    0.000255    7.158252 v _2385_/B (sky130_fd_sc_hd__or3_4)
     3    0.008350    0.072032    0.391537    7.549788 v _2385_/X (sky130_fd_sc_hd__or3_4)
                                                         _0139_ (net)
                      0.072032    0.000184    7.549973 v _2387_/A1 (sky130_fd_sc_hd__a21o_1)
     4    0.012592    0.072825    0.203173    7.753145 v _2387_/X (sky130_fd_sc_hd__a21o_1)
                                                         _0141_ (net)
                      0.072825    0.000217    7.753362 v _2390_/A (sky130_fd_sc_hd__and3_1)
     3    0.011415    0.072771    0.189754    7.943116 v _2390_/X (sky130_fd_sc_hd__and3_1)
                                                         _0144_ (net)
                      0.072771    0.000246    7.943362 v _2392_/C (sky130_fd_sc_hd__or3_4)
     3    0.007689    0.070952    0.341163    8.284524 v _2392_/X (sky130_fd_sc_hd__or3_4)
                                                         _0146_ (net)
                      0.070952    0.000153    8.284678 v _2397_/A1 (sky130_fd_sc_hd__a21o_1)
     4    0.010539    0.064585    0.195396    8.480073 v _2397_/X (sky130_fd_sc_hd__a21o_1)
                                                         _0151_ (net)
                      0.064585    0.000158    8.480231 v _2406_/A (sky130_fd_sc_hd__and3_1)
     2    0.006384    0.052253    0.164860    8.645091 v _2406_/X (sky130_fd_sc_hd__and3_1)
                                                         _0160_ (net)
                      0.052253    0.000107    8.645199 v _2408_/C (sky130_fd_sc_hd__or3_4)
     3    0.008575    0.072386    0.337087    8.982285 v _2408_/X (sky130_fd_sc_hd__or3_4)
                                                         _0162_ (net)
                      0.072386    0.000166    8.982451 v _2410_/A1 (sky130_fd_sc_hd__a21o_1)
     3    0.006838    0.050329    0.180194    9.162645 v _2410_/X (sky130_fd_sc_hd__a21o_1)
                                                         _0164_ (net)
                      0.050329    0.000197    9.162843 v _2413_/A (sky130_fd_sc_hd__and3_1)
     2    0.006108    0.051019    0.157300    9.320142 v _2413_/X (sky130_fd_sc_hd__and3_1)
                                                         _0167_ (net)
                      0.051019    0.000134    9.320276 v _2415_/C (sky130_fd_sc_hd__or3_4)
     3    0.006554    0.069257    0.330628    9.650905 v _2415_/X (sky130_fd_sc_hd__or3_4)
                                                         _0169_ (net)
                      0.069257    0.000139    9.651044 v _2420_/A1 (sky130_fd_sc_hd__a21o_1)
     3    0.008769    0.058427    0.187697    9.838740 v _2420_/X (sky130_fd_sc_hd__a21o_1)
                                                         _0174_ (net)
                      0.058427    0.000167    9.838908 v _2428_/A1 (sky130_fd_sc_hd__a21bo_1)
     1    0.004342    0.041113    0.174763   10.013671 v _2428_/X (sky130_fd_sc_hd__a21bo_1)
                                                         _0180_ (net)
                      0.041137    0.000084   10.013756 v _2429_/B (sky130_fd_sc_hd__xor2_1)
     1    0.002530    0.068079    0.133058   10.146813 v _2429_/X (sky130_fd_sc_hd__xor2_1)
                                                         _0181_ (net)
                      0.068079    0.000052   10.146865 v _2430_/A1 (sky130_fd_sc_hd__mux2_4)
     1    0.002280    0.046660    0.256392   10.403257 v _2430_/X (sky130_fd_sc_hd__mux2_4)
                                                         _0025_ (net)
                      0.046660    0.000045   10.403302 v _3238_/D (sky130_fd_sc_hd__dfrtp_4)
                                             10.403302   data arrival time

                                 10.500000   10.500000   clock clk (rise edge)
                                  0.000000   10.500000   clock source latency
     2    0.043705    0.000000    0.000000   10.500000 ^ clk (in)
                                                         clk (net)
                      0.002280    0.001140   10.501140 ^ clkbuf_0_clk/A (sky130_fd_sc_hd__clkbuf_16)
    17    0.163433    0.175460    0.211447   10.712586 ^ clkbuf_0_clk/X (sky130_fd_sc_hd__clkbuf_16)
                                                         clknet_0_clk (net)
                      0.175912    0.007217   10.719804 ^ clkbuf_3_3__f_clk/A (sky130_fd_sc_hd__clkbuf_16)
    35    0.098519    0.114804    0.228888   10.948692 ^ clkbuf_3_3__f_clk/X (sky130_fd_sc_hd__clkbuf_16)
                                                         clknet_3_3__leaf_clk (net)
                      0.114868    0.002543   10.951235 ^ _3238_/CLK (sky130_fd_sc_hd__dfrtp_4)
                                 -0.100000   10.851234   clock uncertainty
                                  0.000000   10.851234   clock reconvergence pessimism
                                 -0.099008   10.752227   library setup time
                                             10.752227   data required time
---------------------------------------------------------------------------------------------
                                             10.752227   data required time
                                            -10.403302   data arrival time
---------------------------------------------------------------------------------------------
                                              0.348924   slack (MET)




===========================================================================
report_checks --slack_max -0.01
============================================================================
======================= nom_tt_025C_1v80 Corner ===================================

No paths found.


===========================================================================
 report_check_types -max_slew -max_cap -max_fanout -violators
============================================================================
======================= nom_tt_025C_1v80 Corner ===================================



===========================================================================
report_parasitic_annotation -report_unannotated
============================================================================
Found 7 unannotated drivers.
 clkload0/Y
 clkload1/Y
 clkload2/Y
 clkload3/Y
 clkload4/Y
 clkload5/Y
 clkload6/Y
Found 0 partially unannotated drivers.

===========================================================================
max slew violation count 0
max fanout violation count 0
max cap violation count 0
============================================================================

===========================================================================
check_setup -verbose -unconstrained_endpoints -multiple_clock -no_clock -no_input_delay -loops -generated_clocks
===========================================================================
Warning: There are 36 input ports missing set_input_delay.
  A_in[0]
  A_in[10]
  A_in[11]
  A_in[12]
  A_in[13]
  A_in[14]
  A_in[15]
  A_in[1]
  A_in[2]
  A_in[3]
  A_in[4]
  A_in[5]
  A_in[6]
  A_in[7]
  A_in[8]
  A_in[9]
  B_in[0]
  B_in[10]
  B_in[11]
  B_in[12]
  B_in[13]
  B_in[14]
  B_in[15]
  B_in[1]
  B_in[2]
  B_in[3]
  B_in[4]
  B_in[5]
  B_in[6]
  B_in[7]
  B_in[8]
  B_in[9]
  Op_Sel[0]
  Op_Sel[1]
  Start
  rst_n
Warning: There are 17 unconstrained endpoints.
  Done
  X_out[0]
  X_out[10]
  X_out[11]
  X_out[12]
  X_out[13]
  X_out[14]
  X_out[15]
  X_out[1]
  X_out[2]
  X_out[3]
  X_out[4]
  X_out[5]
  X_out[6]
  X_out[7]
  X_out[8]
  X_out[9]
