Clock: clk
Sources: clk 
Generated: no
Virtual: yes
Propagated: no
Period: 15.000000

===========================================================================
report_clock_properties
============================================================================
Clock                   Period          Waveform
----------------------------------------------------
clk                  15.000000    0.000000  7.500000

===========================================================================
report_clock_latency
============================================================================
Clock clk
rise -> rise
    min     max
0.000000 0.000000 source latency
0.428983         network latency _3221_/CLK
        0.447310 network latency _3296_/CLK
---------------
0.428983 0.447310 latency
        0.018327 skew

fall -> fall
    min     max
0.000000 0.000000 source latency
0.407637         network latency _3221_/CLK
        0.422534 network latency _3296_/CLK
---------------
0.407637 0.422534 latency
        0.014897 skew



===========================================================================
report_clock_min_period
============================================================================
clk period_min = 10.07 fmax = 99.34
