
20. Executing PROC_DLATCH pass (convert process syncs to latches).
No latch inferred for signal `$paramod$7f1808e897df2146ee321bce132f3deaba559d8e\rns_crt_recon.\term0' from process `$paramod$7f1808e897df2146ee321bce132f3deaba559d8e\rns_crt_recon.$proc$designs/rns_crt/src/rns_crt_recon.v:80$9'.
No latch inferred for signal `$paramod$7f1808e897df2146ee321bce132f3deaba559d8e\rns_crt_recon.\term1' from process `$paramod$7f1808e897df2146ee321bce132f3deaba559d8e\rns_crt_recon.$proc$designs/rns_crt/src/rns_crt_recon.v:80$9'.
No latch inferred for signal `$paramod$7f1808e897df2146ee321bce132f3deaba559d8e\rns_crt_recon.\term2' from process `$paramod$7f1808e897df2146ee321bce132f3deaba559d8e\rns_crt_recon.$proc$designs/rns_crt/src/rns_crt_recon.v:80$9'.
No latch inferred for signal `$paramod$7f1808e897df2146ee321bce132f3deaba559d8e\rns_crt_recon.\term3' from process `$paramod$7f1808e897df2146ee321bce132f3deaba559d8e\rns_crt_recon.$proc$designs/rns_crt/src/rns_crt_recon.v:80$9'.
No latch inferred for signal `$paramod$7f1808e897df2146ee321bce132f3deaba559d8e\rns_crt_recon.\total' from process `$paramod$7f1808e897df2146ee321bce132f3deaba559d8e\rns_crt_recon.$proc$designs/rns_crt/src/rns_crt_recon.v:80$9'.
No latch inferred for signal `$paramod$7f1808e897df2146ee321bce132f3deaba559d8e\rns_crt_recon.\X_next' from process `$paramod$7f1808e897df2146ee321bce132f3deaba559d8e\rns_crt_recon.$proc$designs/rns_crt/src/rns_crt_recon.v:80$9'.
No latch inferred for signal `\rns_cu.\Done' from process `\rns_cu.$proc$designs/rns_crt/src/rns_cu.v:84$80'.
No latch inferred for signal `\rns_cu.\Load_IN' from process `\rns_cu.$proc$designs/rns_crt/src/rns_cu.v:84$80'.
No latch inferred for signal `\rns_cu.\Encode_EN' from process `\rns_cu.$proc$designs/rns_crt/src/rns_cu.v:84$80'.
No latch inferred for signal `\rns_cu.\ALU_EN' from process `\rns_cu.$proc$designs/rns_crt/src/rns_cu.v:84$80'.
No latch inferred for signal `\rns_cu.\CRT_Start' from process `\rns_cu.$proc$designs/rns_crt/src/rns_cu.v:84$80'.
No latch inferred for signal `\rns_cu.\MRC_Start' from process `\rns_cu.$proc$designs/rns_crt/src/rns_cu.v:84$80'.
No latch inferred for signal `\rns_cu.\Out_EN' from process `\rns_cu.$proc$designs/rns_crt/src/rns_cu.v:84$80'.
No latch inferred for signal `\rns_cu.\next_state' from process `\rns_cu.$proc$designs/rns_crt/src/rns_cu.v:68$78'.
No latch inferred for signal `$paramod$1adfbccbe62fa7839f30386c216a6366071946df\rns_slice.\y_next' from process `$paramod$1adfbccbe62fa7839f30386c216a6366071946df\rns_slice.$proc$designs/rns_crt/src/rns_slice.v:58$58'.
No latch inferred for signal `$paramod$1adfbccbe62fa7839f30386c216a6366071946df\rns_slice.\tmp' from process `$paramod$1adfbccbe62fa7839f30386c216a6366071946df\rns_slice.$proc$designs/rns_crt/src/rns_slice.v:58$58'.
No latch inferred for signal `$paramod$dd66683ce09634dbf8ac8d215aeab6d7d4511450\rns_slice.\y_next' from process `$paramod$dd66683ce09634dbf8ac8d215aeab6d7d4511450\rns_slice.$proc$designs/rns_crt/src/rns_slice.v:58$48'.
No latch inferred for signal `$paramod$dd66683ce09634dbf8ac8d215aeab6d7d4511450\rns_slice.\tmp' from process `$paramod$dd66683ce09634dbf8ac8d215aeab6d7d4511450\rns_slice.$proc$designs/rns_crt/src/rns_slice.v:58$48'.
No latch inferred for signal `$paramod$7a603a2b96000a70b7859574fec05419e1813183\rns_slice.\y_next' from process `$paramod$7a603a2b96000a70b7859574fec05419e1813183\rns_slice.$proc$designs/rns_crt/src/rns_slice.v:58$38'.
No latch inferred for signal `$paramod$7a603a2b96000a70b7859574fec05419e1813183\rns_slice.\tmp' from process `$paramod$7a603a2b96000a70b7859574fec05419e1813183\rns_slice.$proc$designs/rns_crt/src/rns_slice.v:58$38'.
No latch inferred for signal `$paramod$02d1bd746e48028e5ec8cc961a44bbb25d8df1f7\rns_slice.\y_next' from process `$paramod$02d1bd746e48028e5ec8cc961a44bbb25d8df1f7\rns_slice.$proc$designs/rns_crt/src/rns_slice.v:58$28'.
No latch inferred for signal `$paramod$02d1bd746e48028e5ec8cc961a44bbb25d8df1f7\rns_slice.\tmp' from process `$paramod$02d1bd746e48028e5ec8cc961a44bbb25d8df1f7\rns_slice.$proc$designs/rns_crt/src/rns_slice.v:58$28'.
