
===========================================================================
report_checks -unconstrained
===========================================================================
======================= nom_tt_025C_1v80 Corner ===================================

Startpoint: _3302_ (rising edge-triggered flip-flop clocked by clk)
Endpoint: _3238_ (rising edge-triggered flip-flop clocked by clk)
Path Group: clk
Path Type: max

Fanout         Cap        Slew       Delay        Time   Description
---------------------------------------------------------------------------------------------
                                  0.000000    0.000000   clock clk (rise edge)
                                  0.000000    0.000000   clock source latency
     2    0.030799    0.000000    0.000000    0.000000 ^ clk (in)
                                                         clk (net)
                      0.001910    0.000955    0.000955 ^ clkbuf_0_clk/A (sky130_fd_sc_hd__clkbuf_16)
    17    0.135603    0.148459    0.192769    0.193723 ^ clkbuf_0_clk/X (sky130_fd_sc_hd__clkbuf_16)
                                                         clknet_0_clk (net)
                      0.149059    0.007572    0.201296 ^ clkbuf_3_0__f_clk/A (sky130_fd_sc_hd__clkbuf_16)
    25    0.082294    0.099215    0.208796    0.410092 ^ clkbuf_3_0__f_clk/X (sky130_fd_sc_hd__clkbuf_16)
                                                         clknet_3_0__leaf_clk (net)
                      0.099474    0.003641    0.413732 ^ _3302_/CLK (sky130_fd_sc_hd__dfrtp_4)
    15    0.046829    0.117083    0.564018    0.977750 v _3302_/Q (sky130_fd_sc_hd__dfrtp_4)
                                                         B_reg[12] (net)
                      0.117139    0.002370    0.980120 v _1910_/C (sky130_fd_sc_hd__and3_1)
     3    0.006430    0.052502    0.224724    1.204844 v _1910_/X (sky130_fd_sc_hd__and3_1)
                                                         _1175_ (net)
                      0.052502    0.000112    1.204956 v _2300_/B (sky130_fd_sc_hd__or4_1)
     4    0.009632    0.126398    0.559341    1.764297 v _2300_/X (sky130_fd_sc_hd__or4_1)
                                                         _1553_ (net)
                      0.126398    0.000268    1.764565 v _2304_/A2 (sky130_fd_sc_hd__a21o_1)
     3    0.007598    0.053822    0.226255    1.990820 v _2304_/X (sky130_fd_sc_hd__a21o_1)
                                                         _1557_ (net)
                      0.053822    0.000163    1.990983 v _2307_/A2 (sky130_fd_sc_hd__a21oi_1)
     3    0.011122    0.259741    0.256938    2.247921 ^ _2307_/Y (sky130_fd_sc_hd__a21oi_1)
                                                         _1560_ (net)
                      0.259741    0.000256    2.248177 ^ _2311_/B (sky130_fd_sc_hd__xor2_1)
     3    0.010810    0.253799    0.277273    2.525450 ^ _2311_/X (sky130_fd_sc_hd__xor2_1)
                                                         _1564_ (net)
                      0.253800    0.000312    2.525762 ^ _2313_/A2 (sky130_fd_sc_hd__a21o_1)
     4    0.011804    0.110139    0.210139    2.735900 ^ _2313_/X (sky130_fd_sc_hd__a21o_1)
                                                         _1566_ (net)
                      0.110139    0.000339    2.736239 ^ _2318_/A1 (sky130_fd_sc_hd__a21oi_1)
     3    0.011964    0.101483    0.124246    2.860486 v _2318_/Y (sky130_fd_sc_hd__a21oi_1)
                                                         _1571_ (net)
                      0.101483    0.000224    2.860710 v _2321_/B (sky130_fd_sc_hd__or3_1)
     3    0.008440    0.096522    0.401762    3.262472 v _2321_/X (sky130_fd_sc_hd__or3_1)
                                                         _1574_ (net)
                      0.096522    0.000182    3.262655 v _2326_/A1 (sky130_fd_sc_hd__a21o_1)
     4    0.010921    0.066166    0.207225    3.469880 v _2326_/X (sky130_fd_sc_hd__a21o_1)
                                                         _1579_ (net)
                      0.066166    0.000296    3.470176 v _2328_/C (sky130_fd_sc_hd__and3_1)
     2    0.005477    0.048215    0.196777    3.666954 v _2328_/X (sky130_fd_sc_hd__and3_1)
                                                         _1581_ (net)
                      0.048215    0.000155    3.667109 v _2330_/C (sky130_fd_sc_hd__or3_2)
     4    0.013092    0.110648    0.461756    4.128864 v _2330_/X (sky130_fd_sc_hd__or3_2)
                                                         _1583_ (net)
                      0.110648    0.000374    4.129238 v _2334_/A1 (sky130_fd_sc_hd__a21o_1)
     5    0.014620    0.081078    0.226315    4.355553 v _2334_/X (sky130_fd_sc_hd__a21o_1)
                                                         _1587_ (net)
                      0.081078    0.000298    4.355852 v _2338_/B (sky130_fd_sc_hd__and3_1)
     2    0.005529    0.048472    0.188462    4.544313 v _2338_/X (sky130_fd_sc_hd__and3_1)
                                                         _1591_ (net)
                      0.048472    0.000159    4.544472 v _2345_/C (sky130_fd_sc_hd__or3_1)
     3    0.008124    0.095644    0.344265    4.888737 v _2345_/X (sky130_fd_sc_hd__or3_1)
                                                         _1598_ (net)
                      0.095644    0.000187    4.888924 v _2347_/A1 (sky130_fd_sc_hd__a21o_1)
     4    0.011085    0.066782    0.207508    5.096431 v _2347_/X (sky130_fd_sc_hd__a21o_1)
                                                         _1600_ (net)
                      0.066782    0.000268    5.096700 v _2350_/C (sky130_fd_sc_hd__and3_1)
     2    0.006295    0.051869    0.201029    5.297729 v _2350_/X (sky130_fd_sc_hd__and3_1)
                                                         _1603_ (net)
                      0.051869    0.000225    5.297954 v _2352_/C (sky130_fd_sc_hd__or3_1)
     3    0.008240    0.096129    0.345847    5.643801 v _2352_/X (sky130_fd_sc_hd__or3_1)
                                                         _0106_ (net)
                      0.096129    0.000247    5.644048 v _2355_/A2 (sky130_fd_sc_hd__a21o_1)
     4    0.010101    0.062851    0.225523    5.869571 v _2355_/X (sky130_fd_sc_hd__a21o_1)
                                                         _0109_ (net)
                      0.062851    0.000222    5.869794 v _2362_/B (sky130_fd_sc_hd__and3_1)
     2    0.005530    0.048451    0.180233    6.050027 v _2362_/X (sky130_fd_sc_hd__and3_1)
                                                         _0116_ (net)
                      0.048451    0.000160    6.050187 v _2364_/C (sky130_fd_sc_hd__or3_1)
     3    0.007993    0.094818    0.343246    6.393433 v _2364_/X (sky130_fd_sc_hd__or3_1)
                                                         _0118_ (net)
                      0.094818    0.000195    6.393629 v _2366_/A2 (sky130_fd_sc_hd__a21o_1)
     4    0.011083    0.066763    0.228532    6.622161 v _2366_/X (sky130_fd_sc_hd__a21o_1)
                                                         _0120_ (net)
                      0.066763    0.000286    6.622447 v _2370_/B (sky130_fd_sc_hd__and3_1)
     2    0.005213    0.047060    0.180488    6.802935 v _2370_/X (sky130_fd_sc_hd__and3_1)
                                                         _0124_ (net)
                      0.047060    0.000118    6.803052 v _2372_/C (sky130_fd_sc_hd__or3_1)
     3    0.008914    0.098413    0.350021    7.153073 v _2372_/X (sky130_fd_sc_hd__or3_1)
                                                         _0126_ (net)
                      0.098413    0.000135    7.153208 v _2378_/A1 (sky130_fd_sc_hd__a21o_1)
     4    0.010403    0.064085    0.206241    7.359449 v _2378_/X (sky130_fd_sc_hd__a21o_1)
                                                         _0132_ (net)
                      0.064085    0.000147    7.359597 v _2383_/C (sky130_fd_sc_hd__and3_1)
     2    0.005717    0.049251    0.197028    7.556625 v _2383_/X (sky130_fd_sc_hd__and3_1)
                                                         _0137_ (net)
                      0.049251    0.000139    7.556764 v _2385_/C (sky130_fd_sc_hd__or3_1)
     3    0.008156    0.095861    0.344672    7.901435 v _2385_/X (sky130_fd_sc_hd__or3_1)
                                                         _0139_ (net)
                      0.095861    0.000218    7.901654 v _2387_/A1 (sky130_fd_sc_hd__a21o_1)
     4    0.011535    0.068570    0.209225    8.110878 v _2387_/X (sky130_fd_sc_hd__a21o_1)
                                                         _0141_ (net)
                      0.068570    0.000194    8.111072 v _2390_/B (sky130_fd_sc_hd__and3_1)
     3    0.009159    0.063556    0.200168    8.311240 v _2390_/X (sky130_fd_sc_hd__and3_1)
                                                         _0144_ (net)
                      0.063556    0.000227    8.311467 v _2392_/C (sky130_fd_sc_hd__or3_1)
     3    0.007574    0.092203    0.344587    8.656054 v _2392_/X (sky130_fd_sc_hd__or3_1)
                                                         _0146_ (net)
                      0.092203    0.000132    8.656187 v _2397_/A1 (sky130_fd_sc_hd__a21o_1)
     4    0.011194    0.067195    0.206469    8.862656 v _2397_/X (sky130_fd_sc_hd__a21o_1)
                                                         _0151_ (net)
                      0.067195    0.000269    8.862925 v _2406_/B (sky130_fd_sc_hd__and3_1)
     2    0.005537    0.048468    0.182235    9.045159 v _2406_/X (sky130_fd_sc_hd__and3_1)
                                                         _0160_ (net)
                      0.048468    0.000121    9.045280 v _2408_/C (sky130_fd_sc_hd__or3_1)
     3    0.008231    0.095991    0.345104    9.390384 v _2408_/X (sky130_fd_sc_hd__or3_1)
                                                         _0162_ (net)
                      0.095991    0.000136    9.390520 v _2410_/A2 (sky130_fd_sc_hd__a21o_1)
     3    0.007187    0.051936    0.212451    9.602971 v _2410_/X (sky130_fd_sc_hd__a21o_1)
                                                         _0164_ (net)
                      0.051936    0.000247    9.603218 v _2413_/C (sky130_fd_sc_hd__and3_1)
     2    0.005387    0.047807    0.189877    9.793096 v _2413_/X (sky130_fd_sc_hd__and3_1)
                                                         _0167_ (net)
                      0.047807    0.000178    9.793273 v _2415_/C (sky130_fd_sc_hd__or3_1)
     3    0.007004    0.088548    0.335570   10.128843 v _2415_/X (sky130_fd_sc_hd__or3_1)
                                                         _0169_ (net)
                      0.088548    0.000146   10.128988 v _2420_/A1 (sky130_fd_sc_hd__a21o_1)
     4    0.012092    0.070789    0.208217   10.337205 v _2420_/X (sky130_fd_sc_hd__a21o_1)
                                                         _0174_ (net)
                      0.070789    0.000164   10.337370 v _2428_/A1 (sky130_fd_sc_hd__a21bo_1)
     1    0.004811    0.043033    0.181895   10.519264 v _2428_/X (sky130_fd_sc_hd__a21bo_1)
                                                         _0180_ (net)
                      0.043064    0.000115   10.519379 v _2429_/B (sky130_fd_sc_hd__xor2_1)
     1    0.002419    0.066645    0.133038   10.652417 v _2429_/X (sky130_fd_sc_hd__xor2_1)
                                                         _0181_ (net)
                      0.066645    0.000052   10.652470 v _2430_/A1 (sky130_fd_sc_hd__mux2_1)
     1    0.002554    0.053626    0.292135   10.944605 v _2430_/X (sky130_fd_sc_hd__mux2_1)
                                                         _0025_ (net)
                      0.053626    0.000055   10.944660 v _3238_/D (sky130_fd_sc_hd__dfrtp_4)
                                             10.944660   data arrival time

                                 60.000000   60.000000   clock clk (rise edge)
                                  0.000000   60.000000   clock source latency
     2    0.030799    0.000000    0.000000   60.000000 ^ clk (in)
                                                         clk (net)
                      0.001910    0.000952   60.000950 ^ clkbuf_0_clk/A (sky130_fd_sc_hd__clkbuf_16)
    17    0.135603    0.148459    0.192770   60.193722 ^ clkbuf_0_clk/X (sky130_fd_sc_hd__clkbuf_16)
                                                         clknet_0_clk (net)
                      0.148973    0.007027   60.200748 ^ clkbuf_3_3__f_clk/A (sky130_fd_sc_hd__clkbuf_16)
    35    0.089518    0.106009    0.214257   60.415005 ^ clkbuf_3_3__f_clk/X (sky130_fd_sc_hd__clkbuf_16)
                                                         clknet_3_3__leaf_clk (net)
                      0.106063    0.002217   60.417225 ^ _3238_/CLK (sky130_fd_sc_hd__dfrtp_4)
                                 -0.100000   60.317223   clock uncertainty
                                  0.000000   60.317223   clock reconvergence pessimism
                                 -0.104051   60.213169   library setup time
                                             60.213169   data required time
---------------------------------------------------------------------------------------------
                                             60.213169   data required time
                                            -10.944660   data arrival time
---------------------------------------------------------------------------------------------
                                             49.268509   slack (MET)




===========================================================================
report_checks --slack_max -0.01
============================================================================
======================= nom_tt_025C_1v80 Corner ===================================

No paths found.


===========================================================================
 report_check_types -max_slew -max_cap -max_fanout -violators
============================================================================
======================= nom_tt_025C_1v80 Corner ===================================



===========================================================================
report_parasitic_annotation -report_unannotated
============================================================================
Found 7 unannotated drivers.
 clkload0/Y
 clkload1/Y
 clkload2/Y
 clkload3/Y
 clkload4/Y
 clkload5/Y
 clkload6/Y
Found 0 partially unannotated drivers.

===========================================================================
max slew violation count 0
Writing metric design__max_slew_violation__count__corner:nom_tt_025C_1v80: 0
max fanout violation count 0
Writing metric design__max_fanout_violation__count__corner:nom_tt_025C_1v80: 0
max cap violation count 0
Writing metric design__max_cap_violation__count__corner:nom_tt_025C_1v80: 0
============================================================================

===========================================================================
check_setup -verbose -unconstrained_endpoints -multiple_clock -no_clock -no_input_delay -loops -generated_clocks
===========================================================================
Warning: There are 36 input ports missing set_input_delay.
  A_in[0]
  A_in[10]
  A_in[11]
  A_in[12]
  A_in[13]
  A_in[14]
  A_in[15]
  A_in[1]
  A_in[2]
  A_in[3]
  A_in[4]
  A_in[5]
  A_in[6]
  A_in[7]
  A_in[8]
  A_in[9]
  B_in[0]
  B_in[10]
  B_in[11]
  B_in[12]
  B_in[13]
  B_in[14]
  B_in[15]
  B_in[1]
  B_in[2]
  B_in[3]
  B_in[4]
  B_in[5]
  B_in[6]
  B_in[7]
  B_in[8]
  B_in[9]
  Op_Sel[0]
  Op_Sel[1]
  Start
  rst_n
Warning: There are 17 unconstrained endpoints.
  Done
  X_out[0]
  X_out[10]
  X_out[11]
  X_out[12]
  X_out[13]
  X_out[14]
  X_out[15]
  X_out[1]
  X_out[2]
  X_out[3]
  X_out[4]
  X_out[5]
  X_out[6]
  X_out[7]
  X_out[8]
  X_out[9]
