Clock: clk
Sources: clk 
Generated: no
Virtual: yes
Propagated: no
Period: 60.000000

===========================================================================
report_clock_properties
============================================================================
Clock                   Period          Waveform
----------------------------------------------------
clk                  60.000000    0.000000 30.000000

===========================================================================
report_clock_latency
============================================================================
Clock clk
rise -> rise
    min     max
0.000000 0.000000 source latency
0.403447         network latency _3241_/CLK
        0.423739 network latency _3255_/CLK
---------------
0.403447 0.423739 latency
        0.020292 skew

fall -> fall
    min     max
0.000000 0.000000 source latency
0.389878         network latency _3241_/CLK
        0.405610 network latency _3255_/CLK
---------------
0.389878 0.405610 latency
        0.015731 skew



===========================================================================
report_clock_min_period
============================================================================
clk period_min = 10.73 fmax = 93.18
