Clock: clk
Sources: clk 
Generated: no
Virtual: yes
Propagated: no
Period: 140.000000

===========================================================================
report_clock_properties
============================================================================
Clock                   Period          Waveform
----------------------------------------------------
clk                 140.000000    0.000000 70.000000

===========================================================================
report_clock_latency
============================================================================
Clock clk
rise -> rise
    min     max
0.000000 0.000000 source latency
0.304318         network latency _3222_/CLK
        0.324232 network latency _3298_/CLK
---------------
0.304318 0.324232 latency
        0.019914 skew

fall -> fall
    min     max
0.000000 0.000000 source latency
0.287542         network latency _3222_/CLK
        0.303821 network latency _3298_/CLK
---------------
0.287542 0.303821 latency
        0.016279 skew



===========================================================================
report_clock_min_period
============================================================================
clk period_min = 6.63 fmax = 150.89
