Clock: clk
Sources: clk 
Generated: no
Virtual: yes
Propagated: no
Period: 80.000000

===========================================================================
report_clock_properties
============================================================================
Clock                   Period          Waveform
----------------------------------------------------
clk                  80.000000    0.000000 40.000000

===========================================================================
report_clock_latency
============================================================================
Clock clk
rise -> rise
    min     max
0.000000 0.000000 source latency
0.305753         network latency _3222_/CLK
        0.323707 network latency _3296_/CLK
---------------
0.305753 0.323707 latency
        0.017954 skew

fall -> fall
    min     max
0.000000 0.000000 source latency
0.288537         network latency _3222_/CLK
        0.303405 network latency _3296_/CLK
---------------
0.288537 0.303405 latency
        0.014868 skew



===========================================================================
report_clock_min_period
============================================================================
clk period_min = 6.64 fmax = 150.59
