Clock: clk
Sources: clk 
Generated: no
Virtual: yes
Propagated: no
Period: 120.000000

===========================================================================
report_clock_properties
============================================================================
Clock                   Period          Waveform
----------------------------------------------------
clk                 120.000000    0.000000 60.000000

===========================================================================
report_clock_latency
============================================================================
Clock clk
rise -> rise
    min     max
0.000000 0.000000 source latency
0.403059         network latency _3222_/CLK
        0.422927 network latency _3255_/CLK
---------------
0.403059 0.422927 latency
        0.019867 skew

fall -> fall
    min     max
0.000000 0.000000 source latency
0.389612         network latency _3222_/CLK
        0.405009 network latency _3255_/CLK
---------------
0.389612 0.405009 latency
        0.015397 skew



===========================================================================
report_clock_min_period
============================================================================
clk period_min = 10.73 fmax = 93.20
