
===========================================================================
report_checks -unconstrained
===========================================================================
======================= nom_tt_025C_1v80 Corner ===================================

Startpoint: _3302_ (rising edge-triggered flip-flop clocked by clk)
Endpoint: _3238_ (rising edge-triggered flip-flop clocked by clk)
Path Group: clk
Path Type: max

Fanout         Cap        Slew       Delay        Time   Description
---------------------------------------------------------------------------------------------
                                  0.000000    0.000000   clock clk (rise edge)
                                  0.000000    0.000000   clock source latency
     2    0.030799    0.000000    0.000000    0.000000 ^ clk (in)
                                                         clk (net)
                      0.001915    0.000958    0.000958 ^ clkbuf_0_clk/A (sky130_fd_sc_hd__clkbuf_16)
    17    0.135447    0.148310    0.192701    0.193659 ^ clkbuf_0_clk/X (sky130_fd_sc_hd__clkbuf_16)
                                                         clknet_0_clk (net)
                      0.148902    0.007515    0.201174 ^ clkbuf_3_0__f_clk/A (sky130_fd_sc_hd__clkbuf_16)
    25    0.081955    0.098894    0.208650    0.409824 ^ clkbuf_3_0__f_clk/X (sky130_fd_sc_hd__clkbuf_16)
                                                         clknet_3_0__leaf_clk (net)
                      0.098981    0.002642    0.412466 ^ _3302_/CLK (sky130_fd_sc_hd__dfrtp_4)
     6    0.019839    0.080255    0.517968    0.930434 v _3302_/Q (sky130_fd_sc_hd__dfrtp_4)
                                                         B_reg[12] (net)
                      0.080255    0.001284    0.931718 v _1910_/C (sky130_fd_sc_hd__and3_1)
     3    0.007645    0.058111    0.213823    1.145540 v _1910_/X (sky130_fd_sc_hd__and3_1)
                                                         _1175_ (net)
                      0.058111    0.000145    1.145685 v _2300_/A (sky130_fd_sc_hd__or4_4)
     4    0.009613    0.093419    0.548582    1.694267 v _2300_/X (sky130_fd_sc_hd__or4_4)
                                                         _1553_ (net)
                      0.093419    0.000259    1.694526 v _2304_/A1 (sky130_fd_sc_hd__a21o_1)
     3    0.007633    0.053959    0.192494    1.887020 v _2304_/X (sky130_fd_sc_hd__a21o_1)
                                                         _1557_ (net)
                      0.053959    0.000167    1.887186 v _2307_/A2 (sky130_fd_sc_hd__a21oi_1)
     3    0.011748    0.271764    0.265860    2.153046 ^ _2307_/Y (sky130_fd_sc_hd__a21oi_1)
                                                         _1560_ (net)
                      0.271764    0.000268    2.153314 ^ _2311_/B (sky130_fd_sc_hd__xor2_1)
     3    0.010833    0.254212    0.279071    2.432385 ^ _2311_/X (sky130_fd_sc_hd__xor2_1)
                                                         _1564_ (net)
                      0.254213    0.000314    2.432699 ^ _2313_/A2 (sky130_fd_sc_hd__a21o_1)
     4    0.011088    0.104255    0.206009    2.638709 ^ _2313_/X (sky130_fd_sc_hd__a21o_1)
                                                         _1566_ (net)
                      0.104255    0.000311    2.639020 ^ _2318_/A1 (sky130_fd_sc_hd__a21oi_1)
     3    0.012065    0.101882    0.122784    2.761804 v _2318_/Y (sky130_fd_sc_hd__a21oi_1)
                                                         _1571_ (net)
                      0.101882    0.000185    2.761989 v _2321_/B (sky130_fd_sc_hd__or3_4)
     2    0.006535    0.069165    0.386416    3.148406 v _2321_/X (sky130_fd_sc_hd__or3_4)
                                                         _1574_ (net)
                      0.069165    0.000152    3.148557 v _2326_/A1 (sky130_fd_sc_hd__a21o_1)
     4    0.011188    0.067225    0.196916    3.345473 v _2326_/X (sky130_fd_sc_hd__a21o_1)
                                                         _1579_ (net)
                      0.067226    0.000337    3.345810 v rebuffer9/A (sky130_fd_sc_hd__buf_1)
     1    0.003058    0.028050    0.098666    3.444476 v rebuffer9/X (sky130_fd_sc_hd__buf_1)
                                                         net62 (net)
                      0.028050    0.000073    3.444549 v _2327_/A2 (sky130_fd_sc_hd__a21oi_1)
     3    0.011834    0.273272    0.255796    3.700345 ^ _2327_/Y (sky130_fd_sc_hd__a21oi_1)
                                                         _1580_ (net)
                      0.273273    0.000429    3.700774 ^ _2331_/B (sky130_fd_sc_hd__xnor2_1)
     3    0.011978    0.295959    0.224779    3.925552 ^ _2331_/Y (sky130_fd_sc_hd__xnor2_1)
                                                         _1584_ (net)
                      0.295959    0.000334    3.925887 ^ _2334_/A2 (sky130_fd_sc_hd__a21o_1)
     3    0.007922    0.079410    0.194753    4.120640 ^ _2334_/X (sky130_fd_sc_hd__a21o_1)
                                                         _1587_ (net)
                      0.079410    0.000242    4.120882 ^ _2337_/A1 (sky130_fd_sc_hd__a21oi_1)
     3    0.011483    0.100232    0.111209    4.232090 v _2337_/Y (sky130_fd_sc_hd__a21oi_1)
                                                         _1590_ (net)
                      0.100232    0.000266    4.232357 v _2345_/B (sky130_fd_sc_hd__or3_4)
     3    0.008024    0.071520    0.390330    4.622686 v _2345_/X (sky130_fd_sc_hd__or3_4)
                                                         _1598_ (net)
                      0.071520    0.000178    4.622864 v _2347_/A1 (sky130_fd_sc_hd__a21o_1)
     4    0.011080    0.066766    0.197550    4.820415 v _2347_/X (sky130_fd_sc_hd__a21o_1)
                                                         _1600_ (net)
                      0.066766    0.000287    4.820701 v _2348_/A2 (sky130_fd_sc_hd__a21oi_1)
     3    0.012515    0.286463    0.281653    5.102354 ^ _2348_/Y (sky130_fd_sc_hd__a21oi_1)
                                                         _1601_ (net)
                      0.286464    0.000495    5.102849 ^ _2349_/B (sky130_fd_sc_hd__xnor2_1)
     3    0.011560    0.287520    0.223633    5.326482 ^ _2349_/Y (sky130_fd_sc_hd__xnor2_1)
                                                         _1602_ (net)
                      0.287520    0.000296    5.326778 ^ _2355_/A2 (sky130_fd_sc_hd__a21o_1)
     4    0.010543    0.099938    0.209659    5.536437 ^ _2355_/X (sky130_fd_sc_hd__a21o_1)
                                                         _0109_ (net)
                      0.099938    0.000282    5.536720 ^ _2360_/A1 (sky130_fd_sc_hd__a21oi_1)
     3    0.011562    0.098711    0.118645    5.655365 v _2360_/Y (sky130_fd_sc_hd__a21oi_1)
                                                         _0114_ (net)
                      0.098711    0.000379    5.655744 v _2364_/B (sky130_fd_sc_hd__or3_4)
     3    0.007890    0.071336    0.389363    6.045106 v _2364_/X (sky130_fd_sc_hd__or3_4)
                                                         _0118_ (net)
                      0.071336    0.000185    6.045291 v _2366_/A1 (sky130_fd_sc_hd__a21o_1)
     4    0.010548    0.064651    0.195544    6.240835 v _2366_/X (sky130_fd_sc_hd__a21o_1)
                                                         _0120_ (net)
                      0.064651    0.000280    6.241115 v _2369_/A1 (sky130_fd_sc_hd__a21oi_1)
     3    0.011924    0.275070    0.253721    6.494835 ^ _2369_/Y (sky130_fd_sc_hd__a21oi_1)
                                                         _0123_ (net)
                      0.275070    0.000283    6.495119 ^ _2373_/B (sky130_fd_sc_hd__xnor2_1)
     4    0.013634    0.329102    0.237682    6.732801 ^ _2373_/Y (sky130_fd_sc_hd__xnor2_1)
                                                         _0127_ (net)
                      0.329103    0.000419    6.733220 ^ _2378_/A2 (sky130_fd_sc_hd__a21o_1)
     4    0.011766    0.110168    0.222010    6.955230 ^ _2378_/X (sky130_fd_sc_hd__a21o_1)
                                                         _0132_ (net)
                      0.110168    0.000294    6.955524 ^ _2382_/A2 (sky130_fd_sc_hd__a21oi_1)
     3    0.011554    0.101243    0.125043    7.080567 v _2382_/Y (sky130_fd_sc_hd__a21oi_1)
                                                         _0136_ (net)
                      0.101243    0.000238    7.080805 v _2385_/B (sky130_fd_sc_hd__or3_4)
     3    0.008692    0.072582    0.392707    7.473513 v _2385_/X (sky130_fd_sc_hd__or3_4)
                                                         _0139_ (net)
                      0.072582    0.000272    7.473784 v _2387_/A1 (sky130_fd_sc_hd__a21o_1)
     4    0.011691    0.069195    0.200188    7.673973 v _2387_/X (sky130_fd_sc_hd__a21o_1)
                                                         _0141_ (net)
                      0.069195    0.000201    7.674173 v _2390_/A (sky130_fd_sc_hd__and3_1)
     3    0.010043    0.067125    0.183019    7.857193 v _2390_/X (sky130_fd_sc_hd__and3_1)
                                                         _0144_ (net)
                      0.067125    0.000259    7.857452 v _2392_/C (sky130_fd_sc_hd__or3_4)
     3    0.007368    0.070446    0.338322    8.195774 v _2392_/X (sky130_fd_sc_hd__or3_4)
                                                         _0146_ (net)
                      0.070446    0.000123    8.195897 v _2397_/A1 (sky130_fd_sc_hd__a21o_1)
     4    0.011372    0.067909    0.198142    8.394038 v _2397_/X (sky130_fd_sc_hd__a21o_1)
                                                         _0151_ (net)
                      0.067909    0.000258    8.394296 v _2406_/A (sky130_fd_sc_hd__and3_1)
     2    0.005732    0.049325    0.163270    8.557567 v _2406_/X (sky130_fd_sc_hd__and3_1)
                                                         _0160_ (net)
                      0.049325    0.000099    8.557666 v _2408_/C (sky130_fd_sc_hd__or3_4)
     3    0.007424    0.070562    0.332825    8.890491 v _2408_/X (sky130_fd_sc_hd__or3_4)
                                                         _0162_ (net)
                      0.070562    0.000115    8.890607 v _2410_/A1 (sky130_fd_sc_hd__a21o_1)
     3    0.007182    0.051911    0.180979    9.071586 v _2410_/X (sky130_fd_sc_hd__a21o_1)
                                                         _0164_ (net)
                      0.051911    0.000247    9.071833 v _2413_/A (sky130_fd_sc_hd__and3_1)
     2    0.006399    0.052350    0.159295    9.231127 v _2413_/X (sky130_fd_sc_hd__and3_1)
                                                         _0167_ (net)
                      0.052350    0.000223    9.231350 v _2415_/C (sky130_fd_sc_hd__or3_4)
     3    0.006967    0.069950    0.332232    9.563582 v _2415_/X (sky130_fd_sc_hd__or3_4)
                                                         _0169_ (net)
                      0.069950    0.000138    9.563720 v _2420_/A1 (sky130_fd_sc_hd__a21o_1)
     4    0.012450    0.072263    0.201785    9.765505 v _2420_/X (sky130_fd_sc_hd__a21o_1)
                                                         _0174_ (net)
                      0.072263    0.000169    9.765674 v _2428_/A1 (sky130_fd_sc_hd__a21bo_1)
     1    0.004733    0.042746    0.182123    9.947797 v _2428_/X (sky130_fd_sc_hd__a21bo_1)
                                                         _0180_ (net)
                      0.042746    0.000110    9.947906 v _2429_/B (sky130_fd_sc_hd__xor2_1)
     1    0.002778    0.068585    0.134933   10.082840 v _2429_/X (sky130_fd_sc_hd__xor2_1)
                                                         _0181_ (net)
                      0.068585    0.000061   10.082901 v _2430_/A1 (sky130_fd_sc_hd__mux2_4)
     1    0.003123    0.048325    0.259716   10.342617 v _2430_/X (sky130_fd_sc_hd__mux2_4)
                                                         _0025_ (net)
                      0.048325    0.000078   10.342695 v _3238_/D (sky130_fd_sc_hd__dfrtp_4)
                                             10.342695   data arrival time

                                 15.000000   15.000000   clock clk (rise edge)
                                  0.000000   15.000000   clock source latency
     2    0.030799    0.000000    0.000000   15.000000 ^ clk (in)
                                                         clk (net)
                      0.001915    0.000957   15.000957 ^ clkbuf_0_clk/A (sky130_fd_sc_hd__clkbuf_16)
    17    0.135447    0.148310    0.192701   15.193658 ^ clkbuf_0_clk/X (sky130_fd_sc_hd__clkbuf_16)
                                                         clknet_0_clk (net)
                      0.148817    0.006969   15.200627 ^ clkbuf_3_3__f_clk/A (sky130_fd_sc_hd__clkbuf_16)
    35    0.088675    0.105216    0.213515   15.414142 ^ clkbuf_3_3__f_clk/X (sky130_fd_sc_hd__clkbuf_16)
                                                         clknet_3_3__leaf_clk (net)
                      0.105278    0.002355   15.416497 ^ _3238_/CLK (sky130_fd_sc_hd__dfrtp_4)
                                 -0.100000   15.316497   clock uncertainty
                                  0.000000   15.316497   clock reconvergence pessimism
                                 -0.101926   15.214571   library setup time
                                             15.214571   data required time
---------------------------------------------------------------------------------------------
                                             15.214571   data required time
                                            -10.342695   data arrival time
---------------------------------------------------------------------------------------------
                                              4.871876   slack (MET)




===========================================================================
report_checks --slack_max -0.01
============================================================================
======================= nom_tt_025C_1v80 Corner ===================================

No paths found.


===========================================================================
 report_check_types -max_slew -max_cap -max_fanout -violators
============================================================================
======================= nom_tt_025C_1v80 Corner ===================================



===========================================================================
report_parasitic_annotation -report_unannotated
============================================================================
Found 7 unannotated drivers.
 clkload0/Y
 clkload1/Y
 clkload2/Y
 clkload3/Y
 clkload4/Y
 clkload5/Y
 clkload6/Y
Found 0 partially unannotated drivers.

===========================================================================
max slew violation count 0
Writing metric design__max_slew_violation__count__corner:nom_tt_025C_1v80: 0
max fanout violation count 0
Writing metric design__max_fanout_violation__count__corner:nom_tt_025C_1v80: 0
max cap violation count 0
Writing metric design__max_cap_violation__count__corner:nom_tt_025C_1v80: 0
============================================================================

===========================================================================
check_setup -verbose -unconstrained_endpoints -multiple_clock -no_clock -no_input_delay -loops -generated_clocks
===========================================================================
Warning: There are 36 input ports missing set_input_delay.
  A_in[0]
  A_in[10]
  A_in[11]
  A_in[12]
  A_in[13]
  A_in[14]
  A_in[15]
  A_in[1]
  A_in[2]
  A_in[3]
  A_in[4]
  A_in[5]
  A_in[6]
  A_in[7]
  A_in[8]
  A_in[9]
  B_in[0]
  B_in[10]
  B_in[11]
  B_in[12]
  B_in[13]
  B_in[14]
  B_in[15]
  B_in[1]
  B_in[2]
  B_in[3]
  B_in[4]
  B_in[5]
  B_in[6]
  B_in[7]
  B_in[8]
  B_in[9]
  Op_Sel[0]
  Op_Sel[1]
  Start
  rst_n
Warning: There are 17 unconstrained endpoints.
  Done
  X_out[0]
  X_out[10]
  X_out[11]
  X_out[12]
  X_out[13]
  X_out[14]
  X_out[15]
  X_out[1]
  X_out[2]
  X_out[3]
  X_out[4]
  X_out[5]
  X_out[6]
  X_out[7]
  X_out[8]
  X_out[9]
