
===========================================================================
report_checks -unconstrained
===========================================================================
======================= nom_tt_025C_1v80 Corner ===================================

Startpoint: _3302_ (rising edge-triggered flip-flop clocked by clk)
Endpoint: _3238_ (rising edge-triggered flip-flop clocked by clk)
Path Group: clk
Path Type: max

Fanout         Cap        Slew       Delay        Time   Description
---------------------------------------------------------------------------------------------
                                  0.000000    0.000000   clock clk (rise edge)
                                  0.000000    0.000000   clock source latency
     2    0.030799    0.000000    0.000000    0.000000 ^ clk (in)
                                                         clk (net)
                      0.001910    0.000955    0.000955 ^ clkbuf_0_clk/A (sky130_fd_sc_hd__clkbuf_16)
    17    0.135603    0.148459    0.192769    0.193723 ^ clkbuf_0_clk/X (sky130_fd_sc_hd__clkbuf_16)
                                                         clknet_0_clk (net)
                      0.149059    0.007572    0.201296 ^ clkbuf_3_0__f_clk/A (sky130_fd_sc_hd__clkbuf_16)
    25    0.081749    0.098703    0.208548    0.409844 ^ clkbuf_3_0__f_clk/X (sky130_fd_sc_hd__clkbuf_16)
                                                         clknet_3_0__leaf_clk (net)
                      0.098790    0.002630    0.412473 ^ _3302_/CLK (sky130_fd_sc_hd__dfrtp_4)
     6    0.019964    0.080389    0.518106    0.930579 v _3302_/Q (sky130_fd_sc_hd__dfrtp_4)
                                                         B_reg[12] (net)
                      0.080389    0.001298    0.931877 v _1910_/C (sky130_fd_sc_hd__and3_1)
     3    0.007814    0.058913    0.214698    1.146575 v _1910_/X (sky130_fd_sc_hd__and3_1)
                                                         _1175_ (net)
                      0.058913    0.000164    1.146739 v _2300_/B (sky130_fd_sc_hd__or4_4)
     4    0.009652    0.093496    0.528412    1.675152 v _2300_/X (sky130_fd_sc_hd__or4_4)
                                                         _1553_ (net)
                      0.093496    0.000263    1.675415 v _2304_/A1 (sky130_fd_sc_hd__a21o_1)
     3    0.007598    0.053795    0.192365    1.867780 v _2304_/X (sky130_fd_sc_hd__a21o_1)
                                                         _1557_ (net)
                      0.053795    0.000166    1.867946 v _2307_/A2 (sky130_fd_sc_hd__a21oi_1)
     3    0.011696    0.270760    0.265035    2.132981 ^ _2307_/Y (sky130_fd_sc_hd__a21oi_1)
                                                         _1560_ (net)
                      0.270760    0.000267    2.133248 ^ _2311_/B (sky130_fd_sc_hd__xor2_1)
     3    0.011025    0.257731    0.281518    2.414766 ^ _2311_/X (sky130_fd_sc_hd__xor2_1)
                                                         _1564_ (net)
                      0.257732    0.000328    2.415093 ^ _2313_/A2 (sky130_fd_sc_hd__a21o_1)
     4    0.011503    0.107684    0.209232    2.624325 ^ _2313_/X (sky130_fd_sc_hd__a21o_1)
                                                         _1566_ (net)
                      0.107684    0.000318    2.624644 ^ _2318_/A1 (sky130_fd_sc_hd__a21oi_1)
     3    0.012686    0.105916    0.127124    2.751768 v _2318_/Y (sky130_fd_sc_hd__a21oi_1)
                                                         _1571_ (net)
                      0.105951    0.000244    2.752012 v _2321_/B (sky130_fd_sc_hd__or3_4)
     3    0.008545    0.072365    0.393994    3.146006 v _2321_/X (sky130_fd_sc_hd__or3_4)
                                                         _1574_ (net)
                      0.072365    0.000192    3.146198 v _2326_/A1 (sky130_fd_sc_hd__a21o_1)
     4    0.011504    0.068491    0.199357    3.345555 v _2326_/X (sky130_fd_sc_hd__a21o_1)
                                                         _1579_ (net)
                      0.068491    0.000284    3.345839 v _2328_/B (sky130_fd_sc_hd__and3_1)
     2    0.006308    0.051946    0.186545    3.532384 v _2328_/X (sky130_fd_sc_hd__and3_1)
                                                         _1581_ (net)
                      0.051946    0.000187    3.532571 v _2330_/C (sky130_fd_sc_hd__or3_4)
     3    0.008071    0.071596    0.335455    3.868026 v _2330_/X (sky130_fd_sc_hd__or3_4)
                                                         _1583_ (net)
                      0.071596    0.000264    3.868290 v _2334_/A1 (sky130_fd_sc_hd__a21o_1)
     3    0.006887    0.050536    0.180109    4.048399 v _2334_/X (sky130_fd_sc_hd__a21o_1)
                                                         _1587_ (net)
                      0.050536    0.000115    4.048514 v rebuffer8/A (sky130_fd_sc_hd__dlymetal6s2s_1)
     3    0.009207    0.063692    0.162894    4.211408 v rebuffer8/X (sky130_fd_sc_hd__dlymetal6s2s_1)
                                                         net61 (net)
                      0.063692    0.000126    4.211535 v _2343_/A1 (sky130_fd_sc_hd__a21bo_1)
     1    0.004108    0.040220    0.175764    4.387298 v _2343_/X (sky130_fd_sc_hd__a21bo_1)
                                                         _1596_ (net)
                      0.040220    0.000147    4.387445 v _2344_/B1 (sky130_fd_sc_hd__a22o_1)
     2    0.006752    0.058446    0.194200    4.581645 v _2344_/X (sky130_fd_sc_hd__a22o_1)
                                                         _1597_ (net)
                      0.058446    0.000242    4.581887 v _2347_/B1 (sky130_fd_sc_hd__a21o_1)
     4    0.010645    0.065039    0.188843    4.770729 v _2347_/X (sky130_fd_sc_hd__a21o_1)
                                                         _1600_ (net)
                      0.065039    0.000267    4.770997 v _2348_/A2 (sky130_fd_sc_hd__a21oi_1)
     3    0.012276    0.281869    0.277592    5.048589 ^ _2348_/Y (sky130_fd_sc_hd__a21oi_1)
                                                         _1601_ (net)
                      0.281870    0.000483    5.049072 ^ _2349_/B (sky130_fd_sc_hd__xnor2_1)
     3    0.017155    0.400376    0.265424    5.314496 ^ _2349_/Y (sky130_fd_sc_hd__xnor2_1)
                                                         _1602_ (net)
                      0.400376    0.000228    5.314724 ^ _2355_/A2 (sky130_fd_sc_hd__a21o_1)
     4    0.010376    0.099115    0.222591    5.537315 ^ _2355_/X (sky130_fd_sc_hd__a21o_1)
                                                         _0109_ (net)
                      0.099115    0.000310    5.537625 ^ _2360_/A1 (sky130_fd_sc_hd__a21oi_1)
     3    0.011696    0.099379    0.119068    5.656693 v _2360_/Y (sky130_fd_sc_hd__a21oi_1)
                                                         _0114_ (net)
                      0.099413    0.000303    5.656996 v _2364_/B (sky130_fd_sc_hd__or3_4)
     2    0.005964    0.068265    0.383773    6.040770 v _2364_/X (sky130_fd_sc_hd__or3_4)
                                                         _0118_ (net)
                      0.068266    0.000208    6.040977 v _2366_/A1 (sky130_fd_sc_hd__a21o_1)
     4    0.010557    0.064701    0.194292    6.235270 v _2366_/X (sky130_fd_sc_hd__a21o_1)
                                                         _0120_ (net)
                      0.064701    0.000292    6.235561 v _2369_/A1 (sky130_fd_sc_hd__a21oi_1)
     3    0.011342    0.263906    0.245592    6.481153 ^ _2369_/Y (sky130_fd_sc_hd__a21oi_1)
                                                         _0123_ (net)
                      0.263907    0.000332    6.481485 ^ _2373_/B (sky130_fd_sc_hd__xnor2_1)
     4    0.013712    0.330679    0.236234    6.717719 ^ _2373_/Y (sky130_fd_sc_hd__xnor2_1)
                                                         _0127_ (net)
                      0.330679    0.000431    6.718149 ^ _2378_/A2 (sky130_fd_sc_hd__a21o_1)
     4    0.011766    0.110175    0.222205    6.940355 ^ _2378_/X (sky130_fd_sc_hd__a21o_1)
                                                         _0132_ (net)
                      0.110175    0.000294    6.940649 ^ _2382_/A2 (sky130_fd_sc_hd__a21oi_1)
     3    0.011554    0.100444    0.125045    7.065694 v _2382_/Y (sky130_fd_sc_hd__a21oi_1)
                                                         _0136_ (net)
                      0.100444    0.000238    7.065932 v _2385_/B (sky130_fd_sc_hd__or3_4)
     3    0.008692    0.072579    0.392415    7.458347 v _2385_/X (sky130_fd_sc_hd__or3_4)
                                                         _0139_ (net)
                      0.072579    0.000272    7.458619 v _2387_/A1 (sky130_fd_sc_hd__a21o_1)
     4    0.011691    0.069195    0.200187    7.658806 v _2387_/X (sky130_fd_sc_hd__a21o_1)
                                                         _0141_ (net)
                      0.069195    0.000201    7.659007 v _2390_/A (sky130_fd_sc_hd__and3_1)
     3    0.009970    0.066829    0.182747    7.841754 v _2390_/X (sky130_fd_sc_hd__and3_1)
                                                         _0144_ (net)
                      0.066829    0.000258    7.842012 v _2392_/C (sky130_fd_sc_hd__or3_4)
     3    0.007465    0.070612    0.338512    8.180524 v _2392_/X (sky130_fd_sc_hd__or3_4)
                                                         _0146_ (net)
                      0.070612    0.000123    8.180648 v _2397_/A1 (sky130_fd_sc_hd__a21o_1)
     4    0.010606    0.064858    0.195481    8.376128 v _2397_/X (sky130_fd_sc_hd__a21o_1)
                                                         _0151_ (net)
                      0.064858    0.000224    8.376352 v _2406_/A (sky130_fd_sc_hd__and3_1)
     2    0.006263    0.051705    0.164399    8.540751 v _2406_/X (sky130_fd_sc_hd__and3_1)
                                                         _0160_ (net)
                      0.051705    0.000144    8.540895 v _2408_/C (sky130_fd_sc_hd__or3_4)
     3    0.008850    0.072794    0.337780    8.878675 v _2408_/X (sky130_fd_sc_hd__or3_4)
                                                         _0162_ (net)
                      0.072794    0.000149    8.878824 v _2410_/A1 (sky130_fd_sc_hd__a21o_1)
     3    0.007367    0.052761    0.182734    9.061558 v _2410_/X (sky130_fd_sc_hd__a21o_1)
                                                         _0164_ (net)
                      0.052762    0.000253    9.061811 v _2413_/C (sky130_fd_sc_hd__and3_1)
     2    0.006204    0.051441    0.194203    9.256014 v _2413_/X (sky130_fd_sc_hd__and3_1)
                                                         _0167_ (net)
                      0.051441    0.000217    9.256230 v _2415_/C (sky130_fd_sc_hd__or3_4)
     3    0.006889    0.069827    0.331756    9.587987 v _2415_/X (sky130_fd_sc_hd__or3_4)
                                                         _0169_ (net)
                      0.069827    0.000137    9.588123 v _2420_/A1 (sky130_fd_sc_hd__a21o_1)
     3    0.008324    0.057165    0.185936    9.774059 v _2420_/X (sky130_fd_sc_hd__a21o_1)
                                                         _0174_ (net)
                      0.057165    0.000121    9.774180 v _2428_/A1 (sky130_fd_sc_hd__a21bo_1)
     1    0.004811    0.043068    0.176438    9.950618 v _2428_/X (sky130_fd_sc_hd__a21bo_1)
                                                         _0180_ (net)
                      0.043068    0.000115    9.950732 v _2429_/B (sky130_fd_sc_hd__xor2_1)
     1    0.002739    0.068581    0.134853   10.085585 v _2429_/X (sky130_fd_sc_hd__xor2_1)
                                                         _0181_ (net)
                      0.068581    0.000060   10.085645 v _2430_/A1 (sky130_fd_sc_hd__mux2_4)
     1    0.003123    0.048329    0.259714   10.345359 v _2430_/X (sky130_fd_sc_hd__mux2_4)
                                                         _0025_ (net)
                      0.048329    0.000078   10.345437 v _3238_/D (sky130_fd_sc_hd__dfrtp_4)
                                             10.345437   data arrival time

                                 10.375000   10.375000   clock clk (rise edge)
                                  0.000000   10.375000   clock source latency
     2    0.030799    0.000000    0.000000   10.375000 ^ clk (in)
                                                         clk (net)
                      0.001910    0.000955   10.375955 ^ clkbuf_0_clk/A (sky130_fd_sc_hd__clkbuf_16)
    17    0.135603    0.148459    0.192768   10.568723 ^ clkbuf_0_clk/X (sky130_fd_sc_hd__clkbuf_16)
                                                         clknet_0_clk (net)
                      0.148973    0.007026   10.575749 ^ clkbuf_3_3__f_clk/A (sky130_fd_sc_hd__clkbuf_16)
    35    0.088558    0.105108    0.213477   10.789227 ^ clkbuf_3_3__f_clk/X (sky130_fd_sc_hd__clkbuf_16)
                                                         clknet_3_3__leaf_clk (net)
                      0.105170    0.002352   10.791578 ^ _3238_/CLK (sky130_fd_sc_hd__dfrtp_4)
                                 -0.100000   10.691579   clock uncertainty
                                  0.000000   10.691579   clock reconvergence pessimism
                                 -0.101953   10.589625   library setup time
                                             10.589625   data required time
---------------------------------------------------------------------------------------------
                                             10.589625   data required time
                                            -10.345437   data arrival time
---------------------------------------------------------------------------------------------
                                              0.244189   slack (MET)




===========================================================================
report_checks --slack_max -0.01
============================================================================
======================= nom_tt_025C_1v80 Corner ===================================

No paths found.


===========================================================================
 report_check_types -max_slew -max_cap -max_fanout -violators
============================================================================
======================= nom_tt_025C_1v80 Corner ===================================



===========================================================================
report_parasitic_annotation -report_unannotated
============================================================================
Found 7 unannotated drivers.
 clkload0/Y
 clkload1/Y
 clkload2/Y
 clkload3/Y
 clkload4/Y
 clkload5/Y
 clkload6/Y
Found 0 partially unannotated drivers.

===========================================================================
max slew violation count 0
Writing metric design__max_slew_violation__count__corner:nom_tt_025C_1v80: 0
max fanout violation count 0
Writing metric design__max_fanout_violation__count__corner:nom_tt_025C_1v80: 0
max cap violation count 0
Writing metric design__max_cap_violation__count__corner:nom_tt_025C_1v80: 0
============================================================================

===========================================================================
check_setup -verbose -unconstrained_endpoints -multiple_clock -no_clock -no_input_delay -loops -generated_clocks
===========================================================================
Warning: There are 36 input ports missing set_input_delay.
  A_in[0]
  A_in[10]
  A_in[11]
  A_in[12]
  A_in[13]
  A_in[14]
  A_in[15]
  A_in[1]
  A_in[2]
  A_in[3]
  A_in[4]
  A_in[5]
  A_in[6]
  A_in[7]
  A_in[8]
  A_in[9]
  B_in[0]
  B_in[10]
  B_in[11]
  B_in[12]
  B_in[13]
  B_in[14]
  B_in[15]
  B_in[1]
  B_in[2]
  B_in[3]
  B_in[4]
  B_in[5]
  B_in[6]
  B_in[7]
  B_in[8]
  B_in[9]
  Op_Sel[0]
  Op_Sel[1]
  Start
  rst_n
Warning: There are 17 unconstrained endpoints.
  Done
  X_out[0]
  X_out[10]
  X_out[11]
  X_out[12]
  X_out[13]
  X_out[14]
  X_out[15]
  X_out[1]
  X_out[2]
  X_out[3]
  X_out[4]
  X_out[5]
  X_out[6]
  X_out[7]
  X_out[8]
  X_out[9]
