
===========================================================================
report_checks -unconstrained
===========================================================================
======================= max_ff_n40C_1v95 Corner ===================================

Startpoint: _3302_ (rising edge-triggered flip-flop clocked by clk)
Endpoint: _3237_ (rising edge-triggered flip-flop clocked by clk)
Path Group: clk
Path Type: max

Fanout         Cap        Slew       Delay        Time   Description
---------------------------------------------------------------------------------------------
                                  0.000000    0.000000   clock clk (rise edge)
                                  0.000000    0.000000   clock source latency
     2    0.042556    0.000000    0.000000    0.000000 ^ clk (in)
                                                         clk (net)
                      0.003036    0.001518    0.001518 ^ clkbuf_0_clk/A (sky130_fd_sc_hd__clkbuf_16)
    17    0.174816    0.144637    0.155232    0.156750 ^ clkbuf_0_clk/X (sky130_fd_sc_hd__clkbuf_16)
                                                         clknet_0_clk (net)
                      0.146611    0.013462    0.170212 ^ clkbuf_3_0__f_clk/A (sky130_fd_sc_hd__clkbuf_16)
    25    0.096171    0.087135    0.153607    0.323819 ^ clkbuf_3_0__f_clk/X (sky130_fd_sc_hd__clkbuf_16)
                                                         clknet_3_0__leaf_clk (net)
                      0.087883    0.006421    0.330240 ^ _3302_/CLK (sky130_fd_sc_hd__dfrtp_4)
     6    0.025380    0.062936    0.333559    0.663799 v _3302_/Q (sky130_fd_sc_hd__dfrtp_4)
                                                         B_reg[12] (net)
                      0.063042    0.002615    0.666414 v _1910_/C (sky130_fd_sc_hd__and3_1)
     3    0.007386    0.040836    0.139055    0.805469 v _1910_/X (sky130_fd_sc_hd__and3_1)
                                                         _1175_ (net)
                      0.040839    0.000390    0.805860 v _2300_/B (sky130_fd_sc_hd__or4_4)
     4    0.009751    0.064852    0.315929    1.121789 v _2300_/X (sky130_fd_sc_hd__or4_4)
                                                         _1553_ (net)
                      0.064852    0.000558    1.122346 v _2304_/A1 (sky130_fd_sc_hd__a21o_1)
     3    0.007761    0.038683    0.123199    1.245545 v _2304_/X (sky130_fd_sc_hd__a21o_1)
                                                         _1557_ (net)
                      0.038688    0.000430    1.245975 v _2307_/A2 (sky130_fd_sc_hd__a21oi_1)
     3    0.011283    0.191584    0.182058    1.428033 ^ _2307_/Y (sky130_fd_sc_hd__a21oi_1)
                                                         _1560_ (net)
                      0.191585    0.000403    1.428436 ^ _2311_/B (sky130_fd_sc_hd__xor2_1)
     3    0.011124    0.187503    0.171580    1.600016 ^ _2311_/X (sky130_fd_sc_hd__xor2_1)
                                                         _1564_ (net)
                      0.187505    0.000560    1.600576 ^ _2313_/A2 (sky130_fd_sc_hd__a21o_1)
     4    0.010878    0.076852    0.120715    1.721291 ^ _2313_/X (sky130_fd_sc_hd__a21o_1)
                                                         _1566_ (net)
                      0.076856    0.000621    1.721912 ^ _2318_/A1 (sky130_fd_sc_hd__a21oi_1)
     3    0.012279    0.067934    0.072741    1.794654 v _2318_/Y (sky130_fd_sc_hd__a21oi_1)
                                                         _1571_ (net)
                      0.067945    0.000712    1.795366 v _2321_/B (sky130_fd_sc_hd__or3_4)
     3    0.009448    0.051400    0.237732    2.033097 v _2321_/X (sky130_fd_sc_hd__or3_4)
                                                         _1574_ (net)
                      0.051400    0.000590    2.033687 v _2326_/A1 (sky130_fd_sc_hd__a21o_1)
     4    0.011260    0.047796    0.128391    2.162078 v _2326_/X (sky130_fd_sc_hd__a21o_1)
                                                         _1579_ (net)
                      0.047816    0.000905    2.162984 v _2327_/A2 (sky130_fd_sc_hd__a21oi_1)
     3    0.011995    0.201334    0.192559    2.355543 ^ _2327_/Y (sky130_fd_sc_hd__a21oi_1)
                                                         _1580_ (net)
                      0.201337    0.000662    2.356205 ^ _2331_/B (sky130_fd_sc_hd__xnor2_1)
     3    0.012789    0.221605    0.134585    2.490790 ^ _2331_/Y (sky130_fd_sc_hd__xnor2_1)
                                                         _1584_ (net)
                      0.221609    0.000786    2.491577 ^ _2334_/A2 (sky130_fd_sc_hd__a21o_1)
     5    0.017393    0.118037    0.151152    2.642728 ^ _2334_/X (sky130_fd_sc_hd__a21o_1)
                                                         _1587_ (net)
                      0.118086    0.001007    2.643735 ^ _2337_/A1 (sky130_fd_sc_hd__a21oi_1)
     3    0.011745    0.072097    0.080174    2.723909 v _2337_/Y (sky130_fd_sc_hd__a21oi_1)
                                                         _1590_ (net)
                      0.072110    0.000761    2.724669 v _2345_/B (sky130_fd_sc_hd__or3_4)
     3    0.008571    0.050418    0.237659    2.962329 v _2345_/X (sky130_fd_sc_hd__or3_4)
                                                         _1598_ (net)
                      0.050418    0.000330    2.962659 v _2347_/A1 (sky130_fd_sc_hd__a21o_1)
     4    0.012021    0.049884    0.129875    3.092534 v _2347_/X (sky130_fd_sc_hd__a21o_1)
                                                         _1600_ (net)
                      0.049904    0.000946    3.093480 v _2348_/A2 (sky130_fd_sc_hd__a21oi_1)
     3    0.014273    0.233034    0.216265    3.309745 ^ _2348_/Y (sky130_fd_sc_hd__a21oi_1)
                                                         _1601_ (net)
                      0.233039    0.000906    3.310651 ^ _2349_/B (sky130_fd_sc_hd__xnor2_1)
     3    0.012115    0.211941    0.131246    3.441897 ^ _2349_/Y (sky130_fd_sc_hd__xnor2_1)
                                                         _1602_ (net)
                      0.211945    0.000741    3.442638 ^ _2355_/A2 (sky130_fd_sc_hd__a21o_1)
     4    0.011034    0.077911    0.122535    3.565172 ^ _2355_/X (sky130_fd_sc_hd__a21o_1)
                                                         _0109_ (net)
                      0.077919    0.000818    3.565990 ^ _2360_/A1 (sky130_fd_sc_hd__a21oi_1)
     3    0.011663    0.068243    0.070878    3.636868 v _2360_/Y (sky130_fd_sc_hd__a21oi_1)
                                                         _0114_ (net)
                      0.068255    0.000746    3.637614 v _2364_/B (sky130_fd_sc_hd__or3_4)
     3    0.008115    0.049941    0.235425    3.873039 v _2364_/X (sky130_fd_sc_hd__or3_4)
                                                         _0118_ (net)
                      0.049941    0.000505    3.873544 v _2366_/A1 (sky130_fd_sc_hd__a21o_1)
     4    0.010454    0.046043    0.125685    3.999229 v _2366_/X (sky130_fd_sc_hd__a21o_1)
                                                         _0120_ (net)
                      0.046049    0.000549    3.999779 v _2370_/A (sky130_fd_sc_hd__and3_1)
     2    0.006186    0.037208    0.104194    4.103973 v _2370_/X (sky130_fd_sc_hd__and3_1)
                                                         _0124_ (net)
                      0.037210    0.000330    4.104303 v _2372_/C (sky130_fd_sc_hd__or3_4)
     3    0.008818    0.050694    0.202026    4.306329 v _2372_/X (sky130_fd_sc_hd__or3_4)
                                                         _0126_ (net)
                      0.050694    0.000263    4.306592 v _2378_/A1 (sky130_fd_sc_hd__a21o_1)
     3    0.009180    0.043131    0.122268    4.428861 v _2378_/X (sky130_fd_sc_hd__a21o_1)
                                                         _0132_ (net)
                      0.043133    0.000322    4.429183 v _2382_/A2 (sky130_fd_sc_hd__a21oi_2)
     3    0.013839    0.138844    0.147787    4.576970 ^ _2382_/Y (sky130_fd_sc_hd__a21oi_2)
                                                         _0136_ (net)
                      0.138853    0.000872    4.577842 ^ _2386_/B (sky130_fd_sc_hd__xnor2_1)
     3    0.011123    0.197831    0.124637    4.702479 ^ _2386_/Y (sky130_fd_sc_hd__xnor2_1)
                                                         _0140_ (net)
                      0.197834    0.000623    4.703102 ^ _2387_/A2 (sky130_fd_sc_hd__a21o_1)
     4    0.010048    0.071996    0.117471    4.820573 ^ _2387_/X (sky130_fd_sc_hd__a21o_1)
                                                         _0141_ (net)
                      0.071999    0.000544    4.821117 ^ rebuffer6/A (sky130_fd_sc_hd__dlymetal6s2s_1)
     1    0.010159    0.096411    0.110203    4.931320 ^ rebuffer6/X (sky130_fd_sc_hd__dlymetal6s2s_1)
                                                         net59 (net)
                      0.096455    0.000794    4.932114 ^ _2389_/A1 (sky130_fd_sc_hd__a21oi_4)
     4    0.019918    0.054350    0.051712    4.983826 v _2389_/Y (sky130_fd_sc_hd__a21oi_4)
                                                         _0143_ (net)
                      0.054390    0.001083    4.984909 v _2392_/B (sky130_fd_sc_hd__or3_4)
     3    0.006727    0.048400    0.228018    5.212926 v _2392_/X (sky130_fd_sc_hd__or3_4)
                                                         _0146_ (net)
                      0.048401    0.000416    5.213342 v _2397_/A1 (sky130_fd_sc_hd__a21o_1)
     4    0.010697    0.046347    0.125946    5.339289 v _2397_/X (sky130_fd_sc_hd__a21o_1)
                                                         _0151_ (net)
                      0.046351    0.000465    5.339754 v _2406_/A (sky130_fd_sc_hd__and3_1)
     2    0.007259    0.040514    0.107616    5.447370 v _2406_/X (sky130_fd_sc_hd__and3_1)
                                                         _0160_ (net)
                      0.040519    0.000473    5.447843 v _2408_/C (sky130_fd_sc_hd__or3_4)
     3    0.008635    0.050510    0.202582    5.650425 v _2408_/X (sky130_fd_sc_hd__or3_4)
                                                         _0162_ (net)
                      0.050510    0.000504    5.650928 v _2410_/A1 (sky130_fd_sc_hd__a21o_1)
     3    0.006654    0.035283    0.114572    5.765501 v _2410_/X (sky130_fd_sc_hd__a21o_1)
                                                         _0164_ (net)
                      0.035284    0.000276    5.765777 v _2413_/C (sky130_fd_sc_hd__and3_1)
     2    0.006219    0.037282    0.124246    5.890023 v _2413_/X (sky130_fd_sc_hd__and3_1)
                                                         _0167_ (net)
                      0.037284    0.000334    5.890357 v _2415_/C (sky130_fd_sc_hd__or3_4)
     3    0.007005    0.048695    0.198722    6.089079 v _2415_/X (sky130_fd_sc_hd__or3_4)
                                                         _0169_ (net)
                      0.048696    0.000332    6.089411 v _2420_/A1 (sky130_fd_sc_hd__a21o_1)
     4    0.012648    0.051593    0.130793    6.220204 v _2420_/X (sky130_fd_sc_hd__a21o_1)
                                                         _0174_ (net)
                      0.051601    0.000645    6.220850 v _2423_/A1 (sky130_fd_sc_hd__a21o_1)
     2    0.008825    0.042109    0.121379    6.342229 v _2423_/X (sky130_fd_sc_hd__a21o_1)
                                                         _0177_ (net)
                      0.042118    0.000621    6.342850 v _2426_/B (sky130_fd_sc_hd__xnor2_1)
     1    0.003346    0.040176    0.081595    6.424444 v _2426_/Y (sky130_fd_sc_hd__xnor2_1)
                                                         _0179_ (net)
                      0.040176    0.000145    6.424589 v _2427_/A1 (sky130_fd_sc_hd__mux2_4)
     1    0.003077    0.035843    0.144492    6.569081 v _2427_/X (sky130_fd_sc_hd__mux2_4)
                                                         _0024_ (net)
                      0.035844    0.000204    6.569286 v _3237_/D (sky130_fd_sc_hd__dfrtp_4)
                                              6.569286   data arrival time

                                  5.000000    5.000000   clock clk (rise edge)
                                  0.000000    5.000000   clock source latency
     2    0.042556    0.000000    0.000000    5.000000 ^ clk (in)
                                                         clk (net)
                      0.003036    0.001518    5.001518 ^ clkbuf_0_clk/A (sky130_fd_sc_hd__clkbuf_16)
    17    0.174816    0.144637    0.155232    5.156750 ^ clkbuf_0_clk/X (sky130_fd_sc_hd__clkbuf_16)
                                                         clknet_0_clk (net)
                      0.146426    0.012833    5.169583 ^ clkbuf_3_3__f_clk/A (sky130_fd_sc_hd__clkbuf_16)
    35    0.101831    0.091295    0.155472    5.325055 ^ clkbuf_3_3__f_clk/X (sky130_fd_sc_hd__clkbuf_16)
                                                         clknet_3_3__leaf_clk (net)
                      0.092218    0.007320    5.332375 ^ _3237_/CLK (sky130_fd_sc_hd__dfrtp_4)
                                 -0.100000    5.232375   clock uncertainty
                                  0.000000    5.232375   clock reconvergence pessimism
                                 -0.068213    5.164162   library setup time
                                              5.164162   data required time
---------------------------------------------------------------------------------------------
                                              5.164162   data required time
                                             -6.569286   data arrival time
---------------------------------------------------------------------------------------------
                                             -1.405124   slack (VIOLATED)




===========================================================================
report_checks --slack_max -0.01
============================================================================
======================= max_ff_n40C_1v95 Corner ===================================

Startpoint: _3302_ (rising edge-triggered flip-flop clocked by clk)
Endpoint: _3237_ (rising edge-triggered flip-flop clocked by clk)
Path Group: clk
Path Type: max

Fanout         Cap        Slew       Delay        Time   Description
---------------------------------------------------------------------------------------------
                                  0.000000    0.000000   clock clk (rise edge)
                                  0.000000    0.000000   clock source latency
     2    0.042556    0.000000    0.000000    0.000000 ^ clk (in)
                                                         clk (net)
                      0.003036    0.001518    0.001518 ^ clkbuf_0_clk/A (sky130_fd_sc_hd__clkbuf_16)
    17    0.174816    0.144637    0.155232    0.156750 ^ clkbuf_0_clk/X (sky130_fd_sc_hd__clkbuf_16)
                                                         clknet_0_clk (net)
                      0.146611    0.013462    0.170212 ^ clkbuf_3_0__f_clk/A (sky130_fd_sc_hd__clkbuf_16)
    25    0.096171    0.087135    0.153607    0.323819 ^ clkbuf_3_0__f_clk/X (sky130_fd_sc_hd__clkbuf_16)
                                                         clknet_3_0__leaf_clk (net)
                      0.087883    0.006421    0.330240 ^ _3302_/CLK (sky130_fd_sc_hd__dfrtp_4)
     6    0.025380    0.062936    0.333559    0.663799 v _3302_/Q (sky130_fd_sc_hd__dfrtp_4)
                                                         B_reg[12] (net)
                      0.063042    0.002615    0.666414 v _1910_/C (sky130_fd_sc_hd__and3_1)
     3    0.007386    0.040836    0.139055    0.805469 v _1910_/X (sky130_fd_sc_hd__and3_1)
                                                         _1175_ (net)
                      0.040839    0.000390    0.805860 v _2300_/B (sky130_fd_sc_hd__or4_4)
     4    0.009751    0.064852    0.315929    1.121789 v _2300_/X (sky130_fd_sc_hd__or4_4)
                                                         _1553_ (net)
                      0.064852    0.000558    1.122346 v _2304_/A1 (sky130_fd_sc_hd__a21o_1)
     3    0.007761    0.038683    0.123199    1.245545 v _2304_/X (sky130_fd_sc_hd__a21o_1)
                                                         _1557_ (net)
                      0.038688    0.000430    1.245975 v _2307_/A2 (sky130_fd_sc_hd__a21oi_1)
     3    0.011283    0.191584    0.182058    1.428033 ^ _2307_/Y (sky130_fd_sc_hd__a21oi_1)
                                                         _1560_ (net)
                      0.191585    0.000403    1.428436 ^ _2311_/B (sky130_fd_sc_hd__xor2_1)
     3    0.011124    0.187503    0.171580    1.600016 ^ _2311_/X (sky130_fd_sc_hd__xor2_1)
                                                         _1564_ (net)
                      0.187505    0.000560    1.600576 ^ _2313_/A2 (sky130_fd_sc_hd__a21o_1)
     4    0.010878    0.076852    0.120715    1.721291 ^ _2313_/X (sky130_fd_sc_hd__a21o_1)
                                                         _1566_ (net)
                      0.076856    0.000621    1.721912 ^ _2318_/A1 (sky130_fd_sc_hd__a21oi_1)
     3    0.012279    0.067934    0.072741    1.794654 v _2318_/Y (sky130_fd_sc_hd__a21oi_1)
                                                         _1571_ (net)
                      0.067945    0.000712    1.795366 v _2321_/B (sky130_fd_sc_hd__or3_4)
     3    0.009448    0.051400    0.237732    2.033097 v _2321_/X (sky130_fd_sc_hd__or3_4)
                                                         _1574_ (net)
                      0.051400    0.000590    2.033687 v _2326_/A1 (sky130_fd_sc_hd__a21o_1)
     4    0.011260    0.047796    0.128391    2.162078 v _2326_/X (sky130_fd_sc_hd__a21o_1)
                                                         _1579_ (net)
                      0.047816    0.000905    2.162984 v _2327_/A2 (sky130_fd_sc_hd__a21oi_1)
     3    0.011995    0.201334    0.192559    2.355543 ^ _2327_/Y (sky130_fd_sc_hd__a21oi_1)
                                                         _1580_ (net)
                      0.201337    0.000662    2.356205 ^ _2331_/B (sky130_fd_sc_hd__xnor2_1)
     3    0.012789    0.221605    0.134585    2.490790 ^ _2331_/Y (sky130_fd_sc_hd__xnor2_1)
                                                         _1584_ (net)
                      0.221609    0.000786    2.491577 ^ _2334_/A2 (sky130_fd_sc_hd__a21o_1)
     5    0.017393    0.118037    0.151152    2.642728 ^ _2334_/X (sky130_fd_sc_hd__a21o_1)
                                                         _1587_ (net)
                      0.118086    0.001007    2.643735 ^ _2337_/A1 (sky130_fd_sc_hd__a21oi_1)
     3    0.011745    0.072097    0.080174    2.723909 v _2337_/Y (sky130_fd_sc_hd__a21oi_1)
                                                         _1590_ (net)
                      0.072110    0.000761    2.724669 v _2345_/B (sky130_fd_sc_hd__or3_4)
     3    0.008571    0.050418    0.237659    2.962329 v _2345_/X (sky130_fd_sc_hd__or3_4)
                                                         _1598_ (net)
                      0.050418    0.000330    2.962659 v _2347_/A1 (sky130_fd_sc_hd__a21o_1)
     4    0.012021    0.049884    0.129875    3.092534 v _2347_/X (sky130_fd_sc_hd__a21o_1)
                                                         _1600_ (net)
                      0.049904    0.000946    3.093480 v _2348_/A2 (sky130_fd_sc_hd__a21oi_1)
     3    0.014273    0.233034    0.216265    3.309745 ^ _2348_/Y (sky130_fd_sc_hd__a21oi_1)
                                                         _1601_ (net)
                      0.233039    0.000906    3.310651 ^ _2349_/B (sky130_fd_sc_hd__xnor2_1)
     3    0.012115    0.211941    0.131246    3.441897 ^ _2349_/Y (sky130_fd_sc_hd__xnor2_1)
                                                         _1602_ (net)
                      0.211945    0.000741    3.442638 ^ _2355_/A2 (sky130_fd_sc_hd__a21o_1)
     4    0.011034    0.077911    0.122535    3.565172 ^ _2355_/X (sky130_fd_sc_hd__a21o_1)
                                                         _0109_ (net)
                      0.077919    0.000818    3.565990 ^ _2360_/A1 (sky130_fd_sc_hd__a21oi_1)
     3    0.011663    0.068243    0.070878    3.636868 v _2360_/Y (sky130_fd_sc_hd__a21oi_1)
                                                         _0114_ (net)
                      0.068255    0.000746    3.637614 v _2364_/B (sky130_fd_sc_hd__or3_4)
     3    0.008115    0.049941    0.235425    3.873039 v _2364_/X (sky130_fd_sc_hd__or3_4)
                                                         _0118_ (net)
                      0.049941    0.000505    3.873544 v _2366_/A1 (sky130_fd_sc_hd__a21o_1)
     4    0.010454    0.046043    0.125685    3.999229 v _2366_/X (sky130_fd_sc_hd__a21o_1)
                                                         _0120_ (net)
                      0.046049    0.000549    3.999779 v _2370_/A (sky130_fd_sc_hd__and3_1)
     2    0.006186    0.037208    0.104194    4.103973 v _2370_/X (sky130_fd_sc_hd__and3_1)
                                                         _0124_ (net)
                      0.037210    0.000330    4.104303 v _2372_/C (sky130_fd_sc_hd__or3_4)
     3    0.008818    0.050694    0.202026    4.306329 v _2372_/X (sky130_fd_sc_hd__or3_4)
                                                         _0126_ (net)
                      0.050694    0.000263    4.306592 v _2378_/A1 (sky130_fd_sc_hd__a21o_1)
     3    0.009180    0.043131    0.122268    4.428861 v _2378_/X (sky130_fd_sc_hd__a21o_1)
                                                         _0132_ (net)
                      0.043133    0.000322    4.429183 v _2382_/A2 (sky130_fd_sc_hd__a21oi_2)
     3    0.013839    0.138844    0.147787    4.576970 ^ _2382_/Y (sky130_fd_sc_hd__a21oi_2)
                                                         _0136_ (net)
                      0.138853    0.000872    4.577842 ^ _2386_/B (sky130_fd_sc_hd__xnor2_1)
     3    0.011123    0.197831    0.124637    4.702479 ^ _2386_/Y (sky130_fd_sc_hd__xnor2_1)
                                                         _0140_ (net)
                      0.197834    0.000623    4.703102 ^ _2387_/A2 (sky130_fd_sc_hd__a21o_1)
     4    0.010048    0.071996    0.117471    4.820573 ^ _2387_/X (sky130_fd_sc_hd__a21o_1)
                                                         _0141_ (net)
                      0.071999    0.000544    4.821117 ^ rebuffer6/A (sky130_fd_sc_hd__dlymetal6s2s_1)
     1    0.010159    0.096411    0.110203    4.931320 ^ rebuffer6/X (sky130_fd_sc_hd__dlymetal6s2s_1)
                                                         net59 (net)
                      0.096455    0.000794    4.932114 ^ _2389_/A1 (sky130_fd_sc_hd__a21oi_4)
     4    0.019918    0.054350    0.051712    4.983826 v _2389_/Y (sky130_fd_sc_hd__a21oi_4)
                                                         _0143_ (net)
                      0.054390    0.001083    4.984909 v _2392_/B (sky130_fd_sc_hd__or3_4)
     3    0.006727    0.048400    0.228018    5.212926 v _2392_/X (sky130_fd_sc_hd__or3_4)
                                                         _0146_ (net)
                      0.048401    0.000416    5.213342 v _2397_/A1 (sky130_fd_sc_hd__a21o_1)
     4    0.010697    0.046347    0.125946    5.339289 v _2397_/X (sky130_fd_sc_hd__a21o_1)
                                                         _0151_ (net)
                      0.046351    0.000465    5.339754 v _2406_/A (sky130_fd_sc_hd__and3_1)
     2    0.007259    0.040514    0.107616    5.447370 v _2406_/X (sky130_fd_sc_hd__and3_1)
                                                         _0160_ (net)
                      0.040519    0.000473    5.447843 v _2408_/C (sky130_fd_sc_hd__or3_4)
     3    0.008635    0.050510    0.202582    5.650425 v _2408_/X (sky130_fd_sc_hd__or3_4)
                                                         _0162_ (net)
                      0.050510    0.000504    5.650928 v _2410_/A1 (sky130_fd_sc_hd__a21o_1)
     3    0.006654    0.035283    0.114572    5.765501 v _2410_/X (sky130_fd_sc_hd__a21o_1)
                                                         _0164_ (net)
                      0.035284    0.000276    5.765777 v _2413_/C (sky130_fd_sc_hd__and3_1)
     2    0.006219    0.037282    0.124246    5.890023 v _2413_/X (sky130_fd_sc_hd__and3_1)
                                                         _0167_ (net)
                      0.037284    0.000334    5.890357 v _2415_/C (sky130_fd_sc_hd__or3_4)
     3    0.007005    0.048695    0.198722    6.089079 v _2415_/X (sky130_fd_sc_hd__or3_4)
                                                         _0169_ (net)
                      0.048696    0.000332    6.089411 v _2420_/A1 (sky130_fd_sc_hd__a21o_1)
     4    0.012648    0.051593    0.130793    6.220204 v _2420_/X (sky130_fd_sc_hd__a21o_1)
                                                         _0174_ (net)
                      0.051601    0.000645    6.220850 v _2423_/A1 (sky130_fd_sc_hd__a21o_1)
     2    0.008825    0.042109    0.121379    6.342229 v _2423_/X (sky130_fd_sc_hd__a21o_1)
                                                         _0177_ (net)
                      0.042118    0.000621    6.342850 v _2426_/B (sky130_fd_sc_hd__xnor2_1)
     1    0.003346    0.040176    0.081595    6.424444 v _2426_/Y (sky130_fd_sc_hd__xnor2_1)
                                                         _0179_ (net)
                      0.040176    0.000145    6.424589 v _2427_/A1 (sky130_fd_sc_hd__mux2_4)
     1    0.003077    0.035843    0.144492    6.569081 v _2427_/X (sky130_fd_sc_hd__mux2_4)
                                                         _0024_ (net)
                      0.035844    0.000204    6.569286 v _3237_/D (sky130_fd_sc_hd__dfrtp_4)
                                              6.569286   data arrival time

                                  5.000000    5.000000   clock clk (rise edge)
                                  0.000000    5.000000   clock source latency
     2    0.042556    0.000000    0.000000    5.000000 ^ clk (in)
                                                         clk (net)
                      0.003036    0.001518    5.001518 ^ clkbuf_0_clk/A (sky130_fd_sc_hd__clkbuf_16)
    17    0.174816    0.144637    0.155232    5.156750 ^ clkbuf_0_clk/X (sky130_fd_sc_hd__clkbuf_16)
                                                         clknet_0_clk (net)
                      0.146426    0.012833    5.169583 ^ clkbuf_3_3__f_clk/A (sky130_fd_sc_hd__clkbuf_16)
    35    0.101831    0.091295    0.155472    5.325055 ^ clkbuf_3_3__f_clk/X (sky130_fd_sc_hd__clkbuf_16)
                                                         clknet_3_3__leaf_clk (net)
                      0.092218    0.007320    5.332375 ^ _3237_/CLK (sky130_fd_sc_hd__dfrtp_4)
                                 -0.100000    5.232375   clock uncertainty
                                  0.000000    5.232375   clock reconvergence pessimism
                                 -0.068213    5.164162   library setup time
                                              5.164162   data required time
---------------------------------------------------------------------------------------------
                                              5.164162   data required time
                                             -6.569286   data arrival time
---------------------------------------------------------------------------------------------
                                             -1.405124   slack (VIOLATED)




===========================================================================
 report_check_types -max_slew -max_cap -max_fanout -violators
============================================================================
======================= max_ff_n40C_1v95 Corner ===================================



===========================================================================
report_parasitic_annotation -report_unannotated
============================================================================
Found 7 unannotated drivers.
 clkload0/Y
 clkload1/Y
 clkload2/Y
 clkload3/Y
 clkload4/Y
 clkload5/Y
 clkload6/Y
Found 0 partially unannotated drivers.

===========================================================================
max slew violation count 0
max fanout violation count 0
max cap violation count 0
============================================================================

===========================================================================
check_setup -verbose -unconstrained_endpoints -multiple_clock -no_clock -no_input_delay -loops -generated_clocks
===========================================================================
Warning: There are 36 input ports missing set_input_delay.
  A_in[0]
  A_in[10]
  A_in[11]
  A_in[12]
  A_in[13]
  A_in[14]
  A_in[15]
  A_in[1]
  A_in[2]
  A_in[3]
  A_in[4]
  A_in[5]
  A_in[6]
  A_in[7]
  A_in[8]
  A_in[9]
  B_in[0]
  B_in[10]
  B_in[11]
  B_in[12]
  B_in[13]
  B_in[14]
  B_in[15]
  B_in[1]
  B_in[2]
  B_in[3]
  B_in[4]
  B_in[5]
  B_in[6]
  B_in[7]
  B_in[8]
  B_in[9]
  Op_Sel[0]
  Op_Sel[1]
  Start
  rst_n
Warning: There are 17 unconstrained endpoints.
  Done
  X_out[0]
  X_out[10]
  X_out[11]
  X_out[12]
  X_out[13]
  X_out[14]
  X_out[15]
  X_out[1]
  X_out[2]
  X_out[3]
  X_out[4]
  X_out[5]
  X_out[6]
  X_out[7]
  X_out[8]
  X_out[9]
