
===========================================================================
report_checks -unconstrained
===========================================================================
======================= min_ff_n40C_1v95 Corner ===================================

Startpoint: _3302_ (rising edge-triggered flip-flop clocked by clk)
Endpoint: _3238_ (rising edge-triggered flip-flop clocked by clk)
Path Group: clk
Path Type: max

Fanout         Cap        Slew       Delay        Time   Description
---------------------------------------------------------------------------------------------
                                  0.000000    0.000000   clock clk (rise edge)
                                  0.000000    0.000000   clock source latency
     2    0.040677    0.000000    0.000000    0.000000 ^ clk (in)
                                                         clk (net)
                      0.001598    0.000799    0.000799 ^ clkbuf_0_clk/A (sky130_fd_sc_hd__clkbuf_16)
    17    0.159071    0.132333    0.151210    0.152009 ^ clkbuf_0_clk/X (sky130_fd_sc_hd__clkbuf_16)
                                                         clknet_0_clk (net)
                      0.132639    0.005123    0.157132 ^ clkbuf_3_0__f_clk/A (sky130_fd_sc_hd__clkbuf_16)
    25    0.088815    0.081083    0.149878    0.307009 ^ clkbuf_3_0__f_clk/X (sky130_fd_sc_hd__clkbuf_16)
                                                         clknet_3_0__leaf_clk (net)
                      0.081193    0.001847    0.308857 ^ _3302_/CLK (sky130_fd_sc_hd__dfrtp_4)
     6    0.024017    0.061742    0.330877    0.639734 v _3302_/Q (sky130_fd_sc_hd__dfrtp_4)
                                                         B_reg[12] (net)
                      0.061742    0.000715    0.640449 v _1910_/C (sky130_fd_sc_hd__and3_1)
     3    0.007495    0.041083    0.139019    0.779468 v _1910_/X (sky130_fd_sc_hd__and3_1)
                                                         _1175_ (net)
                      0.041083    0.000088    0.779555 v _2300_/A (sky130_fd_sc_hd__or4_4)
     4    0.009477    0.064456    0.329054    1.108610 v _2300_/X (sky130_fd_sc_hd__or4_4)
                                                         _1553_ (net)
                      0.064456    0.000062    1.108672 v _2304_/A1 (sky130_fd_sc_hd__a21o_1)
     3    0.007852    0.038840    0.123509    1.232180 v _2304_/X (sky130_fd_sc_hd__a21o_1)
                                                         _1557_ (net)
                      0.038840    0.000096    1.232276 v _2307_/A2 (sky130_fd_sc_hd__a21oi_1)
     3    0.010710    0.189418    0.176574    1.408850 ^ _2307_/Y (sky130_fd_sc_hd__a21oi_1)
                                                         _1560_ (net)
                      0.189418    0.000042    1.408892 ^ _2311_/B (sky130_fd_sc_hd__xor2_1)
     3    0.010481    0.178965    0.165815    1.574707 ^ _2311_/X (sky130_fd_sc_hd__xor2_1)
                                                         _1564_ (net)
                      0.178965    0.000123    1.574830 ^ _2313_/A2 (sky130_fd_sc_hd__a21o_1)
     4    0.010935    0.077126    0.120850    1.695680 ^ _2313_/X (sky130_fd_sc_hd__a21o_1)
                                                         _1566_ (net)
                      0.077126    0.000124    1.695804 ^ _2318_/A1 (sky130_fd_sc_hd__a21oi_1)
     3    0.011175    0.063447    0.069488    1.765292 v _2318_/Y (sky130_fd_sc_hd__a21oi_1)
                                                         _1571_ (net)
                      0.063447    0.000058    1.765350 v _2321_/B (sky130_fd_sc_hd__or3_4)
     3    0.007329    0.049037    0.232381    1.997731 v _2321_/X (sky130_fd_sc_hd__or3_4)
                                                         _1574_ (net)
                      0.049037    0.000042    1.997774 v _2326_/A1 (sky130_fd_sc_hd__a21o_1)
     4    0.010268    0.045623    0.125099    2.122873 v _2326_/X (sky130_fd_sc_hd__a21o_1)
                                                         _1579_ (net)
                      0.045623    0.000112    2.122985 v _2328_/A (sky130_fd_sc_hd__and3_1)
     2    0.006032    0.036699    0.103647    2.226632 v _2328_/X (sky130_fd_sc_hd__and3_1)
                                                         _1581_ (net)
                      0.036699    0.000066    2.226699 v _2330_/A (sky130_fd_sc_hd__or3_4)
     2    0.005043    0.046199    0.230746    2.457444 v _2330_/X (sky130_fd_sc_hd__or3_4)
                                                         _1583_ (net)
                      0.046199    0.000049    2.457493 v _2334_/A1 (sky130_fd_sc_hd__a21o_1)
     5    0.014416    0.056483    0.134460    2.591953 v _2334_/X (sky130_fd_sc_hd__a21o_1)
                                                         _1587_ (net)
                      0.056483    0.000129    2.592083 v _2338_/A (sky130_fd_sc_hd__and3_1)
     2    0.005929    0.036394    0.107476    2.699558 v _2338_/X (sky130_fd_sc_hd__and3_1)
                                                         _1591_ (net)
                      0.036394    0.000064    2.699622 v _2345_/C (sky130_fd_sc_hd__or3_4)
     3    0.008411    0.050222    0.201103    2.900725 v _2345_/X (sky130_fd_sc_hd__or3_4)
                                                         _1598_ (net)
                      0.050222    0.000084    2.900809 v _2347_/A1 (sky130_fd_sc_hd__a21o_1)
     4    0.011014    0.047077    0.127735    3.028544 v _2347_/X (sky130_fd_sc_hd__a21o_1)
                                                         _1600_ (net)
                      0.047077    0.000139    3.028684 v _2348_/A2 (sky130_fd_sc_hd__a21oi_1)
     3    0.013911    0.227965    0.211914    3.240597 ^ _2348_/Y (sky130_fd_sc_hd__a21oi_1)
                                                         _1601_ (net)
                      0.227966    0.000278    3.240876 ^ _2349_/B (sky130_fd_sc_hd__xnor2_1)
     3    0.011543    0.084657    0.092614    3.333490 v _2349_/Y (sky130_fd_sc_hd__xnor2_1)
                                                         _1602_ (net)
                      0.084680    0.000116    3.333606 v _2355_/A2 (sky130_fd_sc_hd__a21o_1)
     4    0.012249    0.050478    0.158706    3.492312 v _2355_/X (sky130_fd_sc_hd__a21o_1)
                                                         _0109_ (net)
                      0.050478    0.000143    3.492455 v _2362_/A (sky130_fd_sc_hd__and3_1)
     2    0.005830    0.036118    0.104819    3.597274 v _2362_/X (sky130_fd_sc_hd__and3_1)
                                                         _0116_ (net)
                      0.036118    0.000064    3.597338 v _2364_/C (sky130_fd_sc_hd__or3_4)
     2    0.005822    0.047354    0.196245    3.793583 v _2364_/X (sky130_fd_sc_hd__or3_4)
                                                         _0118_ (net)
                      0.047354    0.000087    3.793670 v _2366_/A1 (sky130_fd_sc_hd__a21o_1)
     3    0.007095    0.036547    0.114788    3.908458 v _2366_/X (sky130_fd_sc_hd__a21o_1)
                                                         _0120_ (net)
                      0.036547    0.000080    3.908538 v rebuffer6/A (sky130_fd_sc_hd__buf_1)
     2    0.007436    0.035040    0.073769    3.982306 v rebuffer6/X (sky130_fd_sc_hd__buf_1)
                                                         net59 (net)
                      0.035040    0.000050    3.982357 v _2376_/A1 (sky130_fd_sc_hd__a21bo_1)
     1    0.004789    0.031296    0.110372    4.092729 v _2376_/X (sky130_fd_sc_hd__a21bo_1)
                                                         _0130_ (net)
                      0.031296    0.000045    4.092774 v _2377_/B (sky130_fd_sc_hd__xnor2_1)
     3    0.011813    0.207456    0.180051    4.272825 ^ _2377_/Y (sky130_fd_sc_hd__xnor2_1)
                                                         _0131_ (net)
                      0.207456    0.000188    4.273013 ^ _2378_/B1 (sky130_fd_sc_hd__a21o_1)
     4    0.010068    0.071853    0.083672    4.356685 ^ _2378_/X (sky130_fd_sc_hd__a21o_1)
                                                         _0132_ (net)
                      0.071853    0.000029    4.356714 ^ _2382_/A2 (sky130_fd_sc_hd__a21oi_1)
     3    0.012270    0.071295    0.075869    4.432583 v _2382_/Y (sky130_fd_sc_hd__a21oi_1)
                                                         _0136_ (net)
                      0.071295    0.000145    4.432728 v _2385_/B (sky130_fd_sc_hd__or3_4)
     3    0.008180    0.049966    0.236712    4.669440 v _2385_/X (sky130_fd_sc_hd__or3_4)
                                                         _0139_ (net)
                      0.049966    0.000071    4.669511 v _2387_/A1 (sky130_fd_sc_hd__a21o_1)
     4    0.012179    0.050263    0.130489    4.799999 v _2387_/X (sky130_fd_sc_hd__a21o_1)
                                                         _0141_ (net)
                      0.050263    0.000085    4.800085 v _2390_/A (sky130_fd_sc_hd__and3_1)
     3    0.010545    0.049261    0.119701    4.919785 v _2390_/X (sky130_fd_sc_hd__and3_1)
                                                         _0144_ (net)
                      0.049261    0.000088    4.919874 v _2392_/C (sky130_fd_sc_hd__or3_4)
     3    0.007178    0.048875    0.202474    5.122347 v _2392_/X (sky130_fd_sc_hd__or3_4)
                                                         _0146_ (net)
                      0.048875    0.000047    5.122394 v _2397_/A1 (sky130_fd_sc_hd__a21o_1)
     4    0.010510    0.045965    0.125793    5.248188 v _2397_/X (sky130_fd_sc_hd__a21o_1)
                                                         _0151_ (net)
                      0.045965    0.000050    5.248238 v _2406_/A (sky130_fd_sc_hd__and3_1)
     2    0.006247    0.037332    0.104477    5.352715 v _2406_/X (sky130_fd_sc_hd__and3_1)
                                                         _0160_ (net)
                      0.037332    0.000040    5.352755 v _2408_/C (sky130_fd_sc_hd__or3_4)
     3    0.007208    0.048904    0.199151    5.551906 v _2408_/X (sky130_fd_sc_hd__or3_4)
                                                         _0162_ (net)
                      0.048904    0.000057    5.551963 v _2410_/A1 (sky130_fd_sc_hd__a21o_1)
     3    0.007161    0.036748    0.115585    5.667548 v _2410_/X (sky130_fd_sc_hd__a21o_1)
                                                         _0164_ (net)
                      0.036748    0.000081    5.667630 v _2413_/A (sky130_fd_sc_hd__and3_1)
     2    0.005721    0.035809    0.099315    5.766945 v _2413_/X (sky130_fd_sc_hd__and3_1)
                                                         _0167_ (net)
                      0.035809    0.000052    5.766996 v _2415_/C (sky130_fd_sc_hd__or3_4)
     3    0.007133    0.048820    0.198579    5.965576 v _2415_/X (sky130_fd_sc_hd__or3_4)
                                                         _0169_ (net)
                      0.048820    0.000068    5.965643 v _2420_/A1 (sky130_fd_sc_hd__a21o_1)
     4    0.011253    0.047727    0.127772    6.093415 v _2420_/X (sky130_fd_sc_hd__a21o_1)
                                                         _0174_ (net)
                      0.047727    0.000065    6.093481 v _2428_/A1 (sky130_fd_sc_hd__a21bo_1)
     1    0.004274    0.029910    0.113508    6.206988 v _2428_/X (sky130_fd_sc_hd__a21bo_1)
                                                         _0180_ (net)
                      0.029910    0.000017    6.207006 v _2429_/B (sky130_fd_sc_hd__xor2_1)
     1    0.002593    0.050044    0.083056    6.290061 v _2429_/X (sky130_fd_sc_hd__xor2_1)
                                                         _0181_ (net)
                      0.050044    0.000015    6.290077 v _2430_/A1 (sky130_fd_sc_hd__mux2_4)
     1    0.002381    0.034734    0.146153    6.436230 v _2430_/X (sky130_fd_sc_hd__mux2_4)
                                                         _0025_ (net)
                      0.034734    0.000012    6.436241 v _3238_/D (sky130_fd_sc_hd__dfrtp_4)
                                              6.436241   data arrival time

                                 10.125000   10.125000   clock clk (rise edge)
                                  0.000000   10.125000   clock source latency
     2    0.040677    0.000000    0.000000   10.125000 ^ clk (in)
                                                         clk (net)
                      0.001598    0.000799   10.125799 ^ clkbuf_0_clk/A (sky130_fd_sc_hd__clkbuf_16)
    17    0.159071    0.132333    0.151210   10.277009 ^ clkbuf_0_clk/X (sky130_fd_sc_hd__clkbuf_16)
                                                         clknet_0_clk (net)
                      0.132616    0.004939   10.281948 ^ clkbuf_3_3__f_clk/A (sky130_fd_sc_hd__clkbuf_16)
    35    0.093228    0.084302    0.152000   10.433949 ^ clkbuf_3_3__f_clk/X (sky130_fd_sc_hd__clkbuf_16)
                                                         clknet_3_3__leaf_clk (net)
                      0.084418    0.002032   10.435981 ^ _3238_/CLK (sky130_fd_sc_hd__dfrtp_4)
                                 -0.100000   10.335980   clock uncertainty
                                  0.000000   10.335980   clock reconvergence pessimism
                                 -0.068551   10.267430   library setup time
                                             10.267430   data required time
---------------------------------------------------------------------------------------------
                                             10.267430   data required time
                                             -6.436241   data arrival time
---------------------------------------------------------------------------------------------
                                              3.831189   slack (MET)




===========================================================================
report_checks --slack_max -0.01
============================================================================
======================= min_ff_n40C_1v95 Corner ===================================

No paths found.


===========================================================================
 report_check_types -max_slew -max_cap -max_fanout -violators
============================================================================
======================= min_ff_n40C_1v95 Corner ===================================



===========================================================================
report_parasitic_annotation -report_unannotated
============================================================================
Found 7 unannotated drivers.
 clkload0/Y
 clkload1/Y
 clkload2/Y
 clkload3/Y
 clkload4/Y
 clkload5/Y
 clkload6/Y
Found 0 partially unannotated drivers.

===========================================================================
max slew violation count 0
max fanout violation count 0
max cap violation count 0
============================================================================

===========================================================================
check_setup -verbose -unconstrained_endpoints -multiple_clock -no_clock -no_input_delay -loops -generated_clocks
===========================================================================
Warning: There are 36 input ports missing set_input_delay.
  A_in[0]
  A_in[10]
  A_in[11]
  A_in[12]
  A_in[13]
  A_in[14]
  A_in[15]
  A_in[1]
  A_in[2]
  A_in[3]
  A_in[4]
  A_in[5]
  A_in[6]
  A_in[7]
  A_in[8]
  A_in[9]
  B_in[0]
  B_in[10]
  B_in[11]
  B_in[12]
  B_in[13]
  B_in[14]
  B_in[15]
  B_in[1]
  B_in[2]
  B_in[3]
  B_in[4]
  B_in[5]
  B_in[6]
  B_in[7]
  B_in[8]
  B_in[9]
  Op_Sel[0]
  Op_Sel[1]
  Start
  rst_n
Warning: There are 17 unconstrained endpoints.
  Done
  X_out[0]
  X_out[10]
  X_out[11]
  X_out[12]
  X_out[13]
  X_out[14]
  X_out[15]
  X_out[1]
  X_out[2]
  X_out[3]
  X_out[4]
  X_out[5]
  X_out[6]
  X_out[7]
  X_out[8]
  X_out[9]
