
===========================================================================
report_checks -unconstrained
===========================================================================
======================= nom_tt_025C_1v80 Corner ===================================

Startpoint: _3302_ (rising edge-triggered flip-flop clocked by clk)
Endpoint: _3238_ (rising edge-triggered flip-flop clocked by clk)
Path Group: clk
Path Type: max

Fanout         Cap        Slew       Delay        Time   Description
---------------------------------------------------------------------------------------------
                                  0.000000    0.000000   clock clk (rise edge)
                                  0.000000    0.000000   clock source latency
   110    0.355788    0.000000    0.000000    0.000000 ^ clk (in)
                                                         clk (net)
                      0.042291    0.021146    0.021146 ^ _3302_/CLK (sky130_fd_sc_hd__dfrtp_2)
    15    0.058454    0.159648    0.514593    0.535739 v _3302_/Q (sky130_fd_sc_hd__dfrtp_2)
                                                         B_reg[12] (net)
                      0.159649    0.000680    0.536419 v _1910_/C (sky130_fd_sc_hd__and3_2)
     3    0.004876    0.043953    0.263142    0.799560 v _1910_/X (sky130_fd_sc_hd__and3_2)
                                                         _1175_ (net)
                      0.043953    0.000007    0.799568 v _2300_/B (sky130_fd_sc_hd__or4_2)
     4    0.010203    0.132909    0.686618    1.486186 v _2300_/X (sky130_fd_sc_hd__or4_2)
                                                         _1553_ (net)
                      0.132909    0.000035    1.486221 v _2304_/A2 (sky130_fd_sc_hd__a21o_2)
     3    0.011372    0.055368    0.267058    1.753279 v _2304_/X (sky130_fd_sc_hd__a21o_2)
                                                         _1557_ (net)
                      0.055368    0.000032    1.753311 v _2308_/C (sky130_fd_sc_hd__and3_2)
     2    0.006138    0.045908    0.219192    1.972503 v _2308_/X (sky130_fd_sc_hd__and3_2)
                                                         _1561_ (net)
                      0.045908    0.000014    1.972517 v _2310_/C (sky130_fd_sc_hd__or3_2)
     3    0.005771    0.088666    0.421848    2.394365 v _2310_/X (sky130_fd_sc_hd__or3_2)
                                                         _1563_ (net)
                      0.088666    0.000012    2.394377 v _2313_/A1 (sky130_fd_sc_hd__a21o_2)
     4    0.015641    0.063203    0.238038    2.632414 v _2313_/X (sky130_fd_sc_hd__a21o_2)
                                                         _1566_ (net)
                      0.063203    0.000072    2.632486 v _2319_/B (sky130_fd_sc_hd__and3_2)
     2    0.006816    0.047250    0.211045    2.843531 v _2319_/X (sky130_fd_sc_hd__and3_2)
                                                         _1572_ (net)
                      0.047250    0.000016    2.843547 v _2321_/C (sky130_fd_sc_hd__or3_2)
     3    0.006096    0.087650    0.423970    3.267517 v _2321_/X (sky130_fd_sc_hd__or3_2)
                                                         _1574_ (net)
                      0.087650    0.000027    3.267544 v _2326_/A1 (sky130_fd_sc_hd__a21o_2)
     4    0.013625    0.059094    0.233176    3.500720 v _2326_/X (sky130_fd_sc_hd__a21o_2)
                                                         _1579_ (net)
                      0.059094    0.000050    3.500770 v _2328_/C (sky130_fd_sc_hd__and3_2)
     2    0.006535    0.046689    0.222222    3.722993 v _2328_/X (sky130_fd_sc_hd__and3_2)
                                                         _1581_ (net)
                      0.046689    0.000021    3.723014 v _2330_/C (sky130_fd_sc_hd__or3_2)
     4    0.011304    0.108075    0.452882    4.175896 v _2330_/X (sky130_fd_sc_hd__or3_2)
                                                         _1583_ (net)
                      0.108075    0.000027    4.175923 v _2334_/A1 (sky130_fd_sc_hd__a21o_2)
     5    0.014708    0.061384    0.243789    4.419712 v _2334_/X (sky130_fd_sc_hd__a21o_2)
                                                         _1587_ (net)
                      0.061384    0.000030    4.419741 v _2338_/B (sky130_fd_sc_hd__and3_2)
     2    0.006402    0.046386    0.208841    4.628582 v _2338_/X (sky130_fd_sc_hd__and3_2)
                                                         _1591_ (net)
                      0.046386    0.000015    4.628597 v _2345_/C (sky130_fd_sc_hd__or3_2)
     3    0.006622    0.091648    0.426704    5.055301 v _2345_/X (sky130_fd_sc_hd__or3_2)
                                                         _1598_ (net)
                      0.091648    0.000013    5.055315 v _2347_/A1 (sky130_fd_sc_hd__a21o_2)
     4    0.011041    0.054503    0.227648    5.282963 v _2347_/X (sky130_fd_sc_hd__a21o_2)
                                                         _1600_ (net)
                      0.054503    0.000054    5.283017 v _2350_/C (sky130_fd_sc_hd__and3_2)
     2    0.006866    0.047402    0.221256    5.504273 v _2350_/X (sky130_fd_sc_hd__and3_2)
                                                         _1603_ (net)
                      0.047402    0.000034    5.504307 v _2352_/C (sky130_fd_sc_hd__or3_2)
     3    0.007035    0.090374    0.429234    5.933542 v _2352_/X (sky130_fd_sc_hd__or3_2)
                                                         _0106_ (net)
                      0.090374    0.000039    5.933580 v _2355_/A2 (sky130_fd_sc_hd__a21o_2)
     4    0.010306    0.052416    0.247207    6.180788 v _2355_/X (sky130_fd_sc_hd__a21o_2)
                                                         _0109_ (net)
                      0.052416    0.000030    6.180818 v _2362_/B (sky130_fd_sc_hd__and3_2)
     2    0.006670    0.046963    0.205755    6.386573 v _2362_/X (sky130_fd_sc_hd__and3_2)
                                                         _0116_ (net)
                      0.046963    0.000028    6.386601 v _2364_/C (sky130_fd_sc_hd__or3_2)
     3    0.005968    0.087273    0.423185    6.809786 v _2364_/X (sky130_fd_sc_hd__or3_2)
                                                         _0118_ (net)
                      0.087273    0.000023    6.809808 v _2366_/A2 (sky130_fd_sc_hd__a21o_2)
     4    0.013332    0.058470    0.255042    7.064850 v _2366_/X (sky130_fd_sc_hd__a21o_2)
                                                         _0120_ (net)
                      0.058470    0.000051    7.064901 v _2370_/B (sky130_fd_sc_hd__and3_2)
     2    0.006444    0.046493    0.207690    7.272591 v _2370_/X (sky130_fd_sc_hd__and3_2)
                                                         _0124_ (net)
                      0.046493    0.000019    7.272609 v _2372_/C (sky130_fd_sc_hd__or3_2)
     3    0.007207    0.093701    0.429992    7.702601 v _2372_/X (sky130_fd_sc_hd__or3_2)
                                                         _0126_ (net)
                      0.093701    0.000002    7.702603 v _2378_/A1 (sky130_fd_sc_hd__a21o_2)
     4    0.010740    0.053665    0.227515    7.930118 v _2378_/X (sky130_fd_sc_hd__a21o_2)
                                                         _0132_ (net)
                      0.053665    0.000033    7.930151 v _2383_/C (sky130_fd_sc_hd__and3_2)
     2    0.006741    0.047136    0.220461    8.150612 v _2383_/X (sky130_fd_sc_hd__and3_2)
                                                         _0137_ (net)
                      0.047136    0.000017    8.150629 v _2385_/C (sky130_fd_sc_hd__or3_2)
     3    0.006393    0.090851    0.425607    8.576236 v _2385_/X (sky130_fd_sc_hd__or3_2)
                                                         _0139_ (net)
                      0.090851    0.000014    8.576250 v _2387_/A1 (sky130_fd_sc_hd__a21o_2)
     4    0.010452    0.052833    0.225440    8.801690 v _2387_/X (sky130_fd_sc_hd__a21o_2)
                                                         _0141_ (net)
                      0.052833    0.000037    8.801727 v _2390_/B (sky130_fd_sc_hd__and3_2)
     3    0.009788    0.054444    0.216461    9.018188 v _2390_/X (sky130_fd_sc_hd__and3_2)
                                                         _0144_ (net)
                      0.054444    0.000028    9.018216 v _2392_/C (sky130_fd_sc_hd__or3_2)
     3    0.005257    0.086928    0.421100    9.439316 v _2392_/X (sky130_fd_sc_hd__or3_2)
                                                         _0146_ (net)
                      0.086928    0.000002    9.439318 v _2397_/A1 (sky130_fd_sc_hd__a21o_2)
     4    0.013086    0.057963    0.231699    9.671017 v _2397_/X (sky130_fd_sc_hd__a21o_2)
                                                         _0151_ (net)
                      0.057963    0.000029    9.671046 v _2406_/B (sky130_fd_sc_hd__and3_2)
     2    0.006418    0.046440    0.207378    9.878425 v _2406_/X (sky130_fd_sc_hd__and3_2)
                                                         _0160_ (net)
                      0.046440    0.000003    9.878428 v _2408_/C (sky130_fd_sc_hd__or3_2)
     3    0.009680    0.102377    0.443769   10.322196 v _2408_/X (sky130_fd_sc_hd__or3_2)
                                                         _0162_ (net)
                      0.102377    0.000023   10.322219 v _2410_/A2 (sky130_fd_sc_hd__a21o_2)
     3    0.008254    0.046911    0.245127   10.567346 v _2410_/X (sky130_fd_sc_hd__a21o_2)
                                                         _0164_ (net)
                      0.046911    0.000028   10.567374 v _2413_/C (sky130_fd_sc_hd__and3_2)
     2    0.006391    0.046311    0.216371   10.783745 v _2413_/X (sky130_fd_sc_hd__and3_2)
                                                         _0167_ (net)
                      0.046311    0.000013   10.783758 v _2415_/C (sky130_fd_sc_hd__or3_2)
     3    0.005882    0.089052    0.422562   11.206320 v _2415_/X (sky130_fd_sc_hd__or3_2)
                                                         _0169_ (net)
                      0.089052    0.000018   11.206338 v _2420_/A1 (sky130_fd_sc_hd__a21o_2)
     4    0.012421    0.056645    0.231046   11.437384 v _2420_/X (sky130_fd_sc_hd__a21o_2)
                                                         _0174_ (net)
                      0.056645    0.000020   11.437404 v _2428_/A1 (sky130_fd_sc_hd__a21bo_2)
     1    0.008094    0.049051    0.208319   11.645722 v _2428_/X (sky130_fd_sc_hd__a21bo_2)
                                                         _0180_ (net)
                      0.049051    0.000009   11.645731 v _2429_/B (sky130_fd_sc_hd__xor2_2)
     1    0.002382    0.055396    0.133086   11.778816 v _2429_/X (sky130_fd_sc_hd__xor2_2)
                                                         _0181_ (net)
                      0.055396    0.000005   11.778822 v _2430_/A1 (sky130_fd_sc_hd__mux2_1)
     1    0.002268    0.053479    0.285429   12.064251 v _2430_/X (sky130_fd_sc_hd__mux2_1)
                                                         _0025_ (net)
                      0.053479    0.000004   12.064255 v _3238_/D (sky130_fd_sc_hd__dfrtp_2)
                                             12.064255   data arrival time

                                 40.000000   40.000000   clock clk (rise edge)
                                  0.000000   40.000000   clock source latency
   110    0.355788    0.000000    0.000000   40.000000 ^ clk (in)
                                                         clk (net)
                      0.041195    0.020599   40.020599 ^ _3238_/CLK (sky130_fd_sc_hd__dfrtp_2)
                                 -0.100000   39.920601   clock uncertainty
                                  0.000000   39.920601   clock reconvergence pessimism
                                 -0.120096   39.800507   library setup time
                                             39.800507   data required time
---------------------------------------------------------------------------------------------
                                             39.800507   data required time
                                            -12.064255   data arrival time
---------------------------------------------------------------------------------------------
                                             27.736250   slack (MET)




===========================================================================
report_checks --slack_max -0.01
============================================================================
======================= nom_tt_025C_1v80 Corner ===================================

No paths found.


===========================================================================
 report_check_types -max_slew -max_cap -max_fanout -violators
============================================================================
======================= nom_tt_025C_1v80 Corner ===================================



===========================================================================
report_parasitic_annotation -report_unannotated
============================================================================
Found 0 unannotated drivers.
Found 0 partially unannotated drivers.

===========================================================================
max slew violation count 0
Writing metric design__max_slew_violation__count__corner:nom_tt_025C_1v80: 0
max fanout violation count 0
Writing metric design__max_fanout_violation__count__corner:nom_tt_025C_1v80: 0
max cap violation count 0
Writing metric design__max_cap_violation__count__corner:nom_tt_025C_1v80: 0
============================================================================

===========================================================================
check_setup -verbose -unconstrained_endpoints -multiple_clock -no_clock -no_input_delay -loops -generated_clocks
===========================================================================
Warning: There are 36 input ports missing set_input_delay.
  A_in[0]
  A_in[10]
  A_in[11]
  A_in[12]
  A_in[13]
  A_in[14]
  A_in[15]
  A_in[1]
  A_in[2]
  A_in[3]
  A_in[4]
  A_in[5]
  A_in[6]
  A_in[7]
  A_in[8]
  A_in[9]
  B_in[0]
  B_in[10]
  B_in[11]
  B_in[12]
  B_in[13]
  B_in[14]
  B_in[15]
  B_in[1]
  B_in[2]
  B_in[3]
  B_in[4]
  B_in[5]
  B_in[6]
  B_in[7]
  B_in[8]
  B_in[9]
  Op_Sel[0]
  Op_Sel[1]
  Start
  rst_n
Warning: There are 17 unconstrained endpoints.
  Done
  X_out[0]
  X_out[10]
  X_out[11]
  X_out[12]
  X_out[13]
  X_out[14]
  X_out[15]
  X_out[1]
  X_out[2]
  X_out[3]
  X_out[4]
  X_out[5]
  X_out[6]
  X_out[7]
  X_out[8]
  X_out[9]
