
===========================================================================
report_checks -unconstrained
===========================================================================
======================= min_ff_n40C_1v95 Corner ===================================

Startpoint: _3302_ (rising edge-triggered flip-flop clocked by clk)
Endpoint: _3237_ (rising edge-triggered flip-flop clocked by clk)
Path Group: clk
Path Type: max

Fanout         Cap        Slew       Delay        Time   Description
---------------------------------------------------------------------------------------------
                                  0.000000    0.000000   clock clk (rise edge)
                                  0.000000    0.000000   clock source latency
     2    0.040668    0.000000    0.000000    0.000000 ^ clk (in)
                                                         clk (net)
                      0.001581    0.000790    0.000790 ^ clkbuf_0_clk/A (sky130_fd_sc_hd__clkbuf_16)
    17    0.157053    0.130810    0.150184    0.150974 ^ clkbuf_0_clk/X (sky130_fd_sc_hd__clkbuf_16)
                                                         clknet_0_clk (net)
                      0.131099    0.004960    0.155934 ^ clkbuf_3_0__f_clk/A (sky130_fd_sc_hd__clkbuf_16)
    25    0.087443    0.080055    0.148919    0.304853 ^ clkbuf_3_0__f_clk/X (sky130_fd_sc_hd__clkbuf_16)
                                                         clknet_3_0__leaf_clk (net)
                      0.080194    0.002156    0.307009 ^ _3302_/CLK (sky130_fd_sc_hd__dfrtp_4)
    15    0.050139    0.086367    0.360213    0.667222 v _3302_/Q (sky130_fd_sc_hd__dfrtp_4)
                                                         B_reg[12] (net)
                      0.086408    0.001756    0.668978 v _1910_/C (sky130_fd_sc_hd__and3_1)
     3    0.006058    0.036743    0.144563    0.813541 v _1910_/X (sky130_fd_sc_hd__and3_1)
                                                         _1175_ (net)
                      0.036743    0.000034    0.813575 v _2300_/B (sky130_fd_sc_hd__or4_1)
     4    0.009765    0.083747    0.321840    1.135415 v _2300_/X (sky130_fd_sc_hd__or4_1)
                                                         _1553_ (net)
                      0.083747    0.000071    1.135486 v _2304_/A2 (sky130_fd_sc_hd__a21o_1)
     3    0.007441    0.037594    0.144095    1.279582 v _2304_/X (sky130_fd_sc_hd__a21o_1)
                                                         _1557_ (net)
                      0.037594    0.000068    1.279650 v _2308_/C (sky130_fd_sc_hd__and3_1)
     2    0.005088    0.034070    0.121469    1.401119 v _2308_/X (sky130_fd_sc_hd__and3_1)
                                                         _1561_ (net)
                      0.034070    0.000050    1.401168 v _2310_/C (sky130_fd_sc_hd__or3_1)
     3    0.006917    0.058337    0.191740    1.592909 v _2310_/X (sky130_fd_sc_hd__or3_1)
                                                         _1563_ (net)
                      0.058337    0.000047    1.592955 v _2313_/A1 (sky130_fd_sc_hd__a21o_1)
     4    0.010127    0.045425    0.128198    1.721153 v _2313_/X (sky130_fd_sc_hd__a21o_1)
                                                         _1566_ (net)
                      0.045425    0.000092    1.721245 v _2319_/B (sky130_fd_sc_hd__and3_1)
     2    0.005519    0.035249    0.115572    1.836817 v _2319_/X (sky130_fd_sc_hd__and3_1)
                                                         _1572_ (net)
                      0.035249    0.000036    1.836853 v _2321_/C (sky130_fd_sc_hd__or3_1)
     3    0.008274    0.063779    0.198539    2.035392 v _2321_/X (sky130_fd_sc_hd__or3_1)
                                                         _1574_ (net)
                      0.063779    0.000141    2.035533 v _2326_/A1 (sky130_fd_sc_hd__a21o_1)
     4    0.010910    0.046791    0.132545    2.168078 v _2326_/X (sky130_fd_sc_hd__a21o_1)
                                                         _1579_ (net)
                      0.046791    0.000111    2.168189 v _2328_/C (sky130_fd_sc_hd__and3_1)
     2    0.004681    0.032977    0.123588    2.291777 v _2328_/X (sky130_fd_sc_hd__and3_1)
                                                         _1581_ (net)
                      0.032977    0.000044    2.291821 v _2330_/C (sky130_fd_sc_hd__or3_2)
     4    0.013887    0.075335    0.264503    2.556324 v _2330_/X (sky130_fd_sc_hd__or3_2)
                                                         _1583_ (net)
                      0.075335    0.000230    2.556554 v _2334_/A1 (sky130_fd_sc_hd__a21o_1)
     5    0.015262    0.058864    0.147391    2.703945 v _2334_/X (sky130_fd_sc_hd__a21o_1)
                                                         _1587_ (net)
                      0.058864    0.000150    2.704095 v _2338_/B (sky130_fd_sc_hd__and3_1)
     2    0.006279    0.037418    0.123444    2.827540 v _2338_/X (sky130_fd_sc_hd__and3_1)
                                                         _1591_ (net)
                      0.037418    0.000070    2.827610 v _2345_/C (sky130_fd_sc_hd__or3_1)
     3    0.008180    0.063355    0.198732    3.026341 v _2345_/X (sky130_fd_sc_hd__or3_1)
                                                         _1598_ (net)
                      0.063355    0.000061    3.026402 v _2347_/A1 (sky130_fd_sc_hd__a21o_1)
     4    0.011259    0.047746    0.133230    3.159632 v _2347_/X (sky130_fd_sc_hd__a21o_1)
                                                         _1600_ (net)
                      0.047746    0.000149    3.159781 v _2350_/C (sky130_fd_sc_hd__and3_1)
     2    0.006357    0.037660    0.129551    3.289332 v _2350_/X (sky130_fd_sc_hd__and3_1)
                                                         _1603_ (net)
                      0.037660    0.000088    3.289420 v _2352_/C (sky130_fd_sc_hd__or3_1)
     3    0.009151    0.067535    0.203413    3.492833 v _2352_/X (sky130_fd_sc_hd__or3_1)
                                                         _0106_ (net)
                      0.067535    0.000114    3.492947 v _2355_/A2 (sky130_fd_sc_hd__a21o_1)
     4    0.010506    0.045974    0.148210    3.641156 v _2355_/X (sky130_fd_sc_hd__a21o_1)
                                                         _0109_ (net)
                      0.045974    0.000145    3.641302 v _2362_/B (sky130_fd_sc_hd__and3_1)
     2    0.005828    0.036117    0.116810    3.758112 v _2362_/X (sky130_fd_sc_hd__and3_1)
                                                         _0116_ (net)
                      0.036117    0.000071    3.758183 v _2364_/C (sky130_fd_sc_hd__or3_1)
     3    0.007362    0.060090    0.194414    3.952597 v _2364_/X (sky130_fd_sc_hd__or3_1)
                                                         _0118_ (net)
                      0.060090    0.000096    3.952693 v _2366_/A2 (sky130_fd_sc_hd__a21o_1)
     4    0.011274    0.047757    0.147801    4.100493 v _2366_/X (sky130_fd_sc_hd__a21o_1)
                                                         _0120_ (net)
                      0.047757    0.000128    4.100622 v _2370_/B (sky130_fd_sc_hd__and3_1)
     2    0.005623    0.035533    0.116821    4.217443 v _2370_/X (sky130_fd_sc_hd__and3_1)
                                                         _0124_ (net)
                      0.035533    0.000059    4.217502 v _2372_/C (sky130_fd_sc_hd__or3_1)
     3    0.008793    0.065959    0.201154    4.418656 v _2372_/X (sky130_fd_sc_hd__or3_1)
                                                         _0126_ (net)
                      0.065959    0.000049    4.418705 v _2378_/A1 (sky130_fd_sc_hd__a21o_1)
     4    0.010540    0.046035    0.132272    4.550977 v _2378_/X (sky130_fd_sc_hd__a21o_1)
                                                         _0132_ (net)
                      0.046035    0.000072    4.551049 v _2383_/C (sky130_fd_sc_hd__and3_1)
     2    0.006473    0.037994    0.129309    4.680358 v _2383_/X (sky130_fd_sc_hd__and3_1)
                                                         _0137_ (net)
                      0.037994    0.000067    4.680425 v _2385_/C (sky130_fd_sc_hd__or3_1)
     3    0.007712    0.061473    0.196621    4.877046 v _2385_/X (sky130_fd_sc_hd__or3_1)
                                                         _0139_ (net)
                      0.061473    0.000087    4.877132 v _2387_/A1 (sky130_fd_sc_hd__a21o_1)
     4    0.012402    0.050879    0.135338    5.012471 v _2387_/X (sky130_fd_sc_hd__a21o_1)
                                                         _0141_ (net)
                      0.050879    0.000072    5.012543 v _2390_/B (sky130_fd_sc_hd__and3_1)
     3    0.009897    0.047634    0.132167    5.144710 v _2390_/X (sky130_fd_sc_hd__and3_1)
                                                         _0144_ (net)
                      0.047634    0.000147    5.144856 v _2392_/C (sky130_fd_sc_hd__or3_1)
     3    0.006834    0.058045    0.195040    5.339896 v _2392_/X (sky130_fd_sc_hd__or3_1)
                                                         _0146_ (net)
                      0.058045    0.000060    5.339956 v _2397_/A1 (sky130_fd_sc_hd__a21o_1)
     4    0.010898    0.046740    0.130415    5.470371 v _2397_/X (sky130_fd_sc_hd__a21o_1)
                                                         _0151_ (net)
                      0.046740    0.000075    5.470446 v _2406_/B (sky130_fd_sc_hd__and3_1)
     2    0.005358    0.034798    0.115544    5.585989 v _2406_/X (sky130_fd_sc_hd__and3_1)
                                                         _0160_ (net)
                      0.034798    0.000056    5.586045 v _2408_/C (sky130_fd_sc_hd__or3_1)
     3    0.007975    0.062512    0.197033    5.783078 v _2408_/X (sky130_fd_sc_hd__or3_1)
                                                         _0162_ (net)
                      0.062512    0.000052    5.783130 v _2410_/A2 (sky130_fd_sc_hd__a21o_1)
     3    0.007013    0.036300    0.135384    5.918514 v _2410_/X (sky130_fd_sc_hd__a21o_1)
                                                         _0164_ (net)
                      0.036300    0.000076    5.918590 v _2413_/C (sky130_fd_sc_hd__and3_1)
     2    0.004895    0.033558    0.120337    6.038927 v _2413_/X (sky130_fd_sc_hd__and3_1)
                                                         _0167_ (net)
                      0.033558    0.000028    6.038954 v _2415_/C (sky130_fd_sc_hd__or3_1)
     3    0.007262    0.059644    0.193250    6.232205 v _2415_/X (sky130_fd_sc_hd__or3_1)
                                                         _0169_ (net)
                      0.059644    0.000072    6.232276 v _2420_/A1 (sky130_fd_sc_hd__a21o_1)
     4    0.010883    0.046709    0.130966    6.363243 v _2420_/X (sky130_fd_sc_hd__a21o_1)
                                                         _0174_ (net)
                      0.046709    0.000099    6.363342 v _2423_/A1 (sky130_fd_sc_hd__a21o_1)
     2    0.008181    0.039890    0.117828    6.481171 v _2423_/X (sky130_fd_sc_hd__a21o_1)
                                                         _0177_ (net)
                      0.039890    0.000103    6.481273 v _2426_/B (sky130_fd_sc_hd__xnor2_1)
     1    0.003057    0.039840    0.079690    6.560964 v _2426_/Y (sky130_fd_sc_hd__xnor2_1)
                                                         _0179_ (net)
                      0.039840    0.000024    6.560988 v _2427_/A1 (sky130_fd_sc_hd__mux2_1)
     1    0.002903    0.038312    0.149400    6.710388 v _2427_/X (sky130_fd_sc_hd__mux2_1)
                                                         _0024_ (net)
                      0.038312    0.000032    6.710420 v _3237_/D (sky130_fd_sc_hd__dfrtp_4)
                                              6.710420   data arrival time

                                120.000000  120.000000   clock clk (rise edge)
                                  0.000000  120.000000   clock source latency
     2    0.040668    0.000000    0.000000  120.000000 ^ clk (in)
                                                         clk (net)
                      0.001581    0.000796  120.000793 ^ clkbuf_0_clk/A (sky130_fd_sc_hd__clkbuf_16)
    17    0.157053    0.130810    0.150180  120.150978 ^ clkbuf_0_clk/X (sky130_fd_sc_hd__clkbuf_16)
                                                         clknet_0_clk (net)
                      0.131103    0.004988  120.155960 ^ clkbuf_3_3__f_clk/A (sky130_fd_sc_hd__clkbuf_16)
    35    0.096374    0.086582    0.153918  120.309883 ^ clkbuf_3_3__f_clk/X (sky130_fd_sc_hd__clkbuf_16)
                                                         clknet_3_3__leaf_clk (net)
                      0.086612    0.001521  120.311401 ^ _3237_/CLK (sky130_fd_sc_hd__dfrtp_4)
                                 -0.100000  120.211403   clock uncertainty
                                  0.000000  120.211403   clock reconvergence pessimism
                                 -0.069618  120.141777   library setup time
                                            120.141777   data required time
---------------------------------------------------------------------------------------------
                                            120.141777   data required time
                                             -6.710420   data arrival time
---------------------------------------------------------------------------------------------
                                            113.431358   slack (MET)




===========================================================================
report_checks --slack_max -0.01
============================================================================
======================= min_ff_n40C_1v95 Corner ===================================

No paths found.


===========================================================================
 report_check_types -max_slew -max_cap -max_fanout -violators
============================================================================
======================= min_ff_n40C_1v95 Corner ===================================



===========================================================================
report_parasitic_annotation -report_unannotated
============================================================================
Found 7 unannotated drivers.
 clkload0/Y
 clkload1/Y
 clkload2/Y
 clkload3/Y
 clkload4/Y
 clkload5/Y
 clkload6/Y
Found 0 partially unannotated drivers.

===========================================================================
max slew violation count 0
max fanout violation count 0
max cap violation count 0
============================================================================

===========================================================================
check_setup -verbose -unconstrained_endpoints -multiple_clock -no_clock -no_input_delay -loops -generated_clocks
===========================================================================
Warning: There are 36 input ports missing set_input_delay.
  A_in[0]
  A_in[10]
  A_in[11]
  A_in[12]
  A_in[13]
  A_in[14]
  A_in[15]
  A_in[1]
  A_in[2]
  A_in[3]
  A_in[4]
  A_in[5]
  A_in[6]
  A_in[7]
  A_in[8]
  A_in[9]
  B_in[0]
  B_in[10]
  B_in[11]
  B_in[12]
  B_in[13]
  B_in[14]
  B_in[15]
  B_in[1]
  B_in[2]
  B_in[3]
  B_in[4]
  B_in[5]
  B_in[6]
  B_in[7]
  B_in[8]
  B_in[9]
  Op_Sel[0]
  Op_Sel[1]
  Start
  rst_n
Warning: There are 17 unconstrained endpoints.
  Done
  X_out[0]
  X_out[10]
  X_out[11]
  X_out[12]
  X_out[13]
  X_out[14]
  X_out[15]
  X_out[1]
  X_out[2]
  X_out[3]
  X_out[4]
  X_out[5]
  X_out[6]
  X_out[7]
  X_out[8]
  X_out[9]
