Clock: clk
Sources: clk 
Generated: no
Virtual: yes
Propagated: no
Period: 120.000000

===========================================================================
report_clock_properties
============================================================================
Clock                   Period          Waveform
----------------------------------------------------
clk                 120.000000    0.000000 60.000000

===========================================================================
report_clock_latency
============================================================================
Clock clk
rise -> rise
    min     max
0.000000 0.000000 source latency
0.297852         network latency _3222_/CLK
        0.314835 network latency _3298_/CLK
---------------
0.297852 0.314835 latency
        0.016983 skew

fall -> fall
    min     max
0.000000 0.000000 source latency
0.282164         network latency _3220_/CLK
        0.295756 network latency _3298_/CLK
---------------
0.282164 0.295756 latency
        0.013593 skew



===========================================================================
report_clock_min_period
============================================================================
clk period_min = 6.57 fmax = 152.24
