Clock: clk
Sources: clk 
Generated: no
Virtual: yes
Propagated: no
Period: 12.000000

===========================================================================
report_clock_properties
============================================================================
Clock                   Period          Waveform
----------------------------------------------------
clk                  12.000000    0.000000  6.000000

===========================================================================
report_clock_latency
============================================================================
Clock clk
rise -> rise
    min     max
0.000000 0.000000 source latency
0.443491         network latency _3222_/CLK
        0.470468 network latency _3256_/CLK
---------------
0.443491 0.470468 latency
        0.026976 skew

fall -> fall
    min     max
0.000000 0.000000 source latency
0.419438         network latency _3222_/CLK
        0.440320 network latency _3256_/CLK
---------------
0.419438 0.440320 latency
        0.020882 skew



===========================================================================
report_clock_min_period
============================================================================
clk period_min = 10.22 fmax = 97.84
