Reading OpenROAD database at '/work/runs/RUN_2026-03-17_13-58-28/39-openroad-repairantennas/1-diodeinsertion/rns_top_crt.odb'…
Reading library file at '/pdk/volare/sky130/versions/0fe599b2afb6708d281543108caf8310912f54af/sky130A/libs.ref/sky130_fd_sc_hd/lib/sky130_fd_sc_hd__tt_025C_1v80.lib'…
Reading design constraints file at 'designs/_shared/ll_policy/constraints.sdc'…
[INFO] No information on clock propagation in input SDC file-- propagating all clocks.
[INFO ORD-0030] Using 4 thread(s).
[INFO DRT-0149] Reading tech and libs.
[WARNING DRT-0349] LEF58_ENCLOSURE with no CUTCLASS is not supported. Skipping for layer mcon
[WARNING DRT-0349] LEF58_ENCLOSURE with no CUTCLASS is not supported. Skipping for layer mcon
[WARNING DRT-0349] LEF58_ENCLOSURE with no CUTCLASS is not supported. Skipping for layer via
[WARNING DRT-0349] LEF58_ENCLOSURE with no CUTCLASS is not supported. Skipping for layer via
[WARNING DRT-0349] LEF58_ENCLOSURE with no CUTCLASS is not supported. Skipping for layer via2
[WARNING DRT-0349] LEF58_ENCLOSURE with no CUTCLASS is not supported. Skipping for layer via2
[WARNING DRT-0349] LEF58_ENCLOSURE with no CUTCLASS is not supported. Skipping for layer via3
[WARNING DRT-0349] LEF58_ENCLOSURE with no CUTCLASS is not supported. Skipping for layer via3
[WARNING DRT-0349] LEF58_ENCLOSURE with no CUTCLASS is not supported. Skipping for layer via4
[WARNING DRT-0349] LEF58_ENCLOSURE with no CUTCLASS is not supported. Skipping for layer via4

Units:                1000
Number of layers:     13
Number of macros:     441
Number of vias:       29
Number of viarulegen: 25

[INFO DRT-0150] Reading design.
[WARNING DRT-0120] Large net net36 has 222 pins which may impact routing performance. Consider optimization.

Design:                   rns_top_crt
Die area:                 ( 0 0 ) ( 431270 441990 )
Number of track patterns: 12
Number of DEF vias:       0
Number of components:     5625
Number of terminals:      56
Number of snets:          2
Number of nets:           1954

[INFO DRT-0167] List of default vias:
  Layer via
    default via: M1M2_PR
  Layer via2
    default via: M2M3_PR
  Layer via3
    default via: M3M4_PR
  Layer via4
    default via: M4M5_PR
[INFO DRT-0162] Library cell analysis.
[INFO DRT-0163] Instance analysis.
[INFO DRT-0164] Number of unique instances = 345.
[INFO DRT-0168] Init region query.
[INFO DRT-0024]   Complete FR_MASTERSLICE.
[INFO DRT-0024]   Complete licon.
[INFO DRT-0024]   Complete li1.
[INFO DRT-0024]   Complete mcon.
[INFO DRT-0024]   Complete met1.
[INFO DRT-0024]   Complete via.
[INFO DRT-0024]   Complete met2.
[INFO DRT-0024]   Complete via2.
[INFO DRT-0024]   Complete met3.
[INFO DRT-0024]   Complete via3.
[INFO DRT-0024]   Complete met4.
[INFO DRT-0024]   Complete via4.
[INFO DRT-0024]   Complete met5.
[INFO DRT-0033] FR_MASTERSLICE shape region query size = 0.
[INFO DRT-0033] licon shape region query size = 0.
[INFO DRT-0033] li1 shape region query size = 77174.
[INFO DRT-0033] mcon shape region query size = 0.
[INFO DRT-0033] met1 shape region query size = 13733.
[INFO DRT-0033] via shape region query size = 2325.
[INFO DRT-0033] met2 shape region query size = 1414.
[INFO DRT-0033] via2 shape region query size = 1860.
[INFO DRT-0033] met3 shape region query size = 1430.
[INFO DRT-0033] via3 shape region query size = 1860.
[INFO DRT-0033] met4 shape region query size = 495.
[INFO DRT-0033] via4 shape region query size = 18.
[INFO DRT-0033] met5 shape region query size = 30.
[INFO DRT-0165] Start pin access.
[INFO DRT-0076]   Complete 1000 pins.
[INFO DRT-0078]   Complete 1293 pins.
[INFO DRT-0079]   Complete 100 unique inst patterns.
[INFO DRT-0079]   Complete 200 unique inst patterns.
[INFO DRT-0079]   Complete 300 unique inst patterns.
[INFO DRT-0081]   Complete 339 unique inst patterns.
[INFO DRT-0084]   Complete 1405 groups.
#scanned instances     = 5625
#unique  instances     = 345
#stdCellGenAp          = 9965
#stdCellValidPlanarAp  = 62
#stdCellValidViaAp     = 7558
#stdCellPinNoAp        = 0
#stdCellPinCnt         = 6713
#instTermValidViaApCnt = 0
#macroGenAp            = 0
#macroValidPlanarAp    = 0
#macroValidViaAp       = 0
#macroNoAp             = 0
[INFO DRT-0166] Complete pin access.
[INFO DRT-0267] cpu time = 00:00:51, elapsed time = 00:00:13, memory = 157.99 (MB), peak = 157.61 (MB)

[INFO DRT-0157] Number of guides:     14298

[INFO DRT-0169] Post process guides.
[INFO DRT-0176] GCELLGRID X 0 DO 62 STEP 6900 ;
[INFO DRT-0177] GCELLGRID Y 0 DO 64 STEP 6900 ;
[INFO DRT-0028]   Complete FR_MASTERSLICE.
[INFO DRT-0028]   Complete licon.
[INFO DRT-0028]   Complete li1.
[INFO DRT-0028]   Complete mcon.
[INFO DRT-0028]   Complete met1.
[INFO DRT-0028]   Complete via.
[INFO DRT-0028]   Complete met2.
[INFO DRT-0028]   Complete via2.
[INFO DRT-0028]   Complete met3.
[INFO DRT-0028]   Complete via3.
[INFO DRT-0028]   Complete met4.
[INFO DRT-0028]   Complete via4.
[INFO DRT-0028]   Complete met5.
[INFO DRT-0178] Init guide query.
[INFO DRT-0035]   Complete FR_MASTERSLICE (guide).
[INFO DRT-0035]   Complete licon (guide).
[INFO DRT-0035]   Complete li1 (guide).
[INFO DRT-0035]   Complete mcon (guide).
[INFO DRT-0035]   Complete met1 (guide).
[INFO DRT-0035]   Complete via (guide).
[INFO DRT-0035]   Complete met2 (guide).
[INFO DRT-0035]   Complete via2 (guide).
[INFO DRT-0035]   Complete met3 (guide).
[INFO DRT-0035]   Complete via3 (guide).
[INFO DRT-0035]   Complete met4 (guide).
[INFO DRT-0035]   Complete via4 (guide).
[INFO DRT-0035]   Complete met5 (guide).
[INFO DRT-0036] FR_MASTERSLICE guide region query size = 0.
[INFO DRT-0036] licon guide region query size = 0.
[INFO DRT-0036] li1 guide region query size = 5334.
[INFO DRT-0036] mcon guide region query size = 0.
[INFO DRT-0036] met1 guide region query size = 4010.
[INFO DRT-0036] via guide region query size = 0.
[INFO DRT-0036] met2 guide region query size = 1928.
[INFO DRT-0036] via2 guide region query size = 0.
[INFO DRT-0036] met3 guide region query size = 35.
[INFO DRT-0036] via3 guide region query size = 0.
[INFO DRT-0036] met4 guide region query size = 0.
[INFO DRT-0036] via4 guide region query size = 0.
[INFO DRT-0036] met5 guide region query size = 0.
[INFO DRT-0179] Init gr pin query.
[INFO DRT-0245] skipped writing guide updates to database.
[INFO DRT-0185] Post process initialize RPin region query.
[INFO DRT-0181] Start track assignment.
[INFO DRT-0184] Done with 7262 vertical wires in 2 frboxes and 4045 horizontal wires in 2 frboxes.
[INFO DRT-0186] Done with 387 vertical wires in 2 frboxes and 1145 horizontal wires in 2 frboxes.
[INFO DRT-0182] Complete track assignment.
[INFO DRT-0267] cpu time = 00:00:02, elapsed time = 00:00:00, memory = 197.66 (MB), peak = 197.47 (MB)
[INFO DRT-0187] Start routing data preparation.
[INFO DRT-0267] cpu time = 00:00:00, elapsed time = 00:00:00, memory = 197.76 (MB), peak = 197.60 (MB)
[INFO DRT-0194] Start detail routing.
[INFO DRT-0195] Start 0th optimization iteration.
    Completing 10% with 0 violations.
    elapsed time = 00:00:00, memory = 237.27 (MB).
    Completing 20% with 0 violations.
    elapsed time = 00:00:00, memory = 251.16 (MB).
    Completing 30% with 87 violations.
    elapsed time = 00:00:01, memory = 243.70 (MB).
    Completing 40% with 87 violations.
    elapsed time = 00:00:02, memory = 272.96 (MB).
    Completing 50% with 87 violations.
    elapsed time = 00:00:02, memory = 275.71 (MB).
    Completing 60% with 177 violations.
    elapsed time = 00:00:03, memory = 284.52 (MB).
    Completing 70% with 177 violations.
    elapsed time = 00:00:04, memory = 284.52 (MB).
    Completing 80% with 277 violations.
    elapsed time = 00:00:04, memory = 285.49 (MB).
    Completing 90% with 277 violations.
    elapsed time = 00:00:05, memory = 287.28 (MB).
    Completing 100% with 385 violations.
    elapsed time = 00:00:06, memory = 287.29 (MB).
[INFO DRT-0199]   Number of violations = 501.
Viol/Layer         li1   met1   met2   met3
Metal Spacing       19    126     15      2
Min Hole             0      4      0      0
NS Metal             1      0      0      0
Recheck              0     87     29      0
Short                0    214      4      0
[INFO DRT-0267] cpu time = 00:00:22, elapsed time = 00:00:06, memory = 619.59 (MB), peak = 619.25 (MB)
Total wire length = 47344 um.
Total wire length on LAYER li1 = 0 um.
Total wire length on LAYER met1 = 25601 um.
Total wire length on LAYER met2 = 21404 um.
Total wire length on LAYER met3 = 337 um.
Total wire length on LAYER met4 = 0 um.
Total wire length on LAYER met5 = 0 um.
Total number of vias = 14139.
Up-via summary (total 14139):

------------------------
 FR_MASTERSLICE        0
            li1     7491
           met1     6611
           met2       37
           met3        0
           met4        0
------------------------
                   14139


[INFO DRT-0195] Start 1st optimization iteration.
    Completing 10% with 501 violations.
    elapsed time = 00:00:00, memory = 635.78 (MB).
    Completing 20% with 501 violations.
    elapsed time = 00:00:01, memory = 648.37 (MB).
    Completing 30% with 400 violations.
    elapsed time = 00:00:01, memory = 632.18 (MB).
    Completing 40% with 400 violations.
    elapsed time = 00:00:01, memory = 632.39 (MB).
    Completing 50% with 400 violations.
    elapsed time = 00:00:02, memory = 633.63 (MB).
    Completing 60% with 306 violations.
    elapsed time = 00:00:03, memory = 633.63 (MB).
    Completing 70% with 306 violations.
    elapsed time = 00:00:03, memory = 633.63 (MB).
    Completing 80% with 216 violations.
    elapsed time = 00:00:04, memory = 633.63 (MB).
    Completing 90% with 216 violations.
    elapsed time = 00:00:04, memory = 633.63 (MB).
    Completing 100% with 148 violations.
    elapsed time = 00:00:05, memory = 634.86 (MB).
[INFO DRT-0199]   Number of violations = 148.
Viol/Layer        mcon   met1   met2
Cut Spacing          1      0      0
Metal Spacing        0     36      9
Min Hole             0      1      0
Short                0     99      2
[INFO DRT-0267] cpu time = 00:00:21, elapsed time = 00:00:06, memory = 635.07 (MB), peak = 647.92 (MB)
Total wire length = 46869 um.
Total wire length on LAYER li1 = 0 um.
Total wire length on LAYER met1 = 25352 um.
Total wire length on LAYER met2 = 21180 um.
Total wire length on LAYER met3 = 336 um.
Total wire length on LAYER met4 = 0 um.
Total wire length on LAYER met5 = 0 um.
Total number of vias = 14051.
Up-via summary (total 14051):

------------------------
 FR_MASTERSLICE        0
            li1     7484
           met1     6532
           met2       35
           met3        0
           met4        0
------------------------
                   14051


[INFO DRT-0195] Start 2nd optimization iteration.
    Completing 10% with 148 violations.
    elapsed time = 00:00:00, memory = 635.07 (MB).
    Completing 20% with 148 violations.
    elapsed time = 00:00:00, memory = 635.22 (MB).
    Completing 30% with 114 violations.
    elapsed time = 00:00:00, memory = 635.22 (MB).
    Completing 40% with 114 violations.
    elapsed time = 00:00:00, memory = 635.22 (MB).
    Completing 50% with 114 violations.
    elapsed time = 00:00:01, memory = 635.22 (MB).
    Completing 60% with 140 violations.
    elapsed time = 00:00:01, memory = 635.22 (MB).
    Completing 70% with 140 violations.
    elapsed time = 00:00:02, memory = 635.51 (MB).
    Completing 80% with 139 violations.
    elapsed time = 00:00:02, memory = 635.51 (MB).
    Completing 90% with 139 violations.
    elapsed time = 00:00:02, memory = 635.51 (MB).
    Completing 100% with 123 violations.
    elapsed time = 00:00:04, memory = 635.52 (MB).
[INFO DRT-0199]   Number of violations = 123.
Viol/Layer        met1   met2
Metal Spacing       26      3
Short               93      1
[INFO DRT-0267] cpu time = 00:00:15, elapsed time = 00:00:04, memory = 635.52 (MB), peak = 647.92 (MB)
Total wire length = 46756 um.
Total wire length on LAYER li1 = 0 um.
Total wire length on LAYER met1 = 25277 um.
Total wire length on LAYER met2 = 21141 um.
Total wire length on LAYER met3 = 338 um.
Total wire length on LAYER met4 = 0 um.
Total wire length on LAYER met5 = 0 um.
Total number of vias = 14038.
Up-via summary (total 14038):

------------------------
 FR_MASTERSLICE        0
            li1     7484
           met1     6517
           met2       37
           met3        0
           met4        0
------------------------
                   14038


[INFO DRT-0195] Start 3rd optimization iteration.
    Completing 10% with 123 violations.
    elapsed time = 00:00:00, memory = 635.52 (MB).
    Completing 20% with 123 violations.
    elapsed time = 00:00:00, memory = 635.52 (MB).
    Completing 30% with 59 violations.
    elapsed time = 00:00:00, memory = 635.52 (MB).
    Completing 40% with 59 violations.
    elapsed time = 00:00:00, memory = 635.52 (MB).
    Completing 50% with 59 violations.
    elapsed time = 00:00:00, memory = 635.52 (MB).
    Completing 60% with 34 violations.
    elapsed time = 00:00:01, memory = 635.52 (MB).
    Completing 70% with 34 violations.
    elapsed time = 00:00:01, memory = 635.52 (MB).
    Completing 80% with 20 violations.
    elapsed time = 00:00:01, memory = 635.52 (MB).
    Completing 90% with 20 violations.
    elapsed time = 00:00:01, memory = 635.53 (MB).
    Completing 100% with 2 violations.
    elapsed time = 00:00:02, memory = 639.15 (MB).
[INFO DRT-0199]   Number of violations = 2.
Viol/Layer        met2
Metal Spacing        2
[INFO DRT-0267] cpu time = 00:00:08, elapsed time = 00:00:02, memory = 639.15 (MB), peak = 647.92 (MB)
Total wire length = 46738 um.
Total wire length on LAYER li1 = 0 um.
Total wire length on LAYER met1 = 25155 um.
Total wire length on LAYER met2 = 21153 um.
Total wire length on LAYER met3 = 430 um.
Total wire length on LAYER met4 = 0 um.
Total wire length on LAYER met5 = 0 um.
Total number of vias = 14119.
Up-via summary (total 14119):

------------------------
 FR_MASTERSLICE        0
            li1     7484
           met1     6572
           met2       63
           met3        0
           met4        0
------------------------
                   14119


[INFO DRT-0195] Start 4th optimization iteration.
    Completing 10% with 2 violations.
    elapsed time = 00:00:00, memory = 639.15 (MB).
    Completing 20% with 2 violations.
    elapsed time = 00:00:00, memory = 639.15 (MB).
    Completing 30% with 2 violations.
    elapsed time = 00:00:00, memory = 639.15 (MB).
    Completing 40% with 2 violations.
    elapsed time = 00:00:00, memory = 639.15 (MB).
    Completing 50% with 2 violations.
    elapsed time = 00:00:00, memory = 639.15 (MB).
    Completing 60% with 2 violations.
    elapsed time = 00:00:00, memory = 639.15 (MB).
    Completing 70% with 2 violations.
    elapsed time = 00:00:00, memory = 639.15 (MB).
    Completing 80% with 0 violations.
    elapsed time = 00:00:00, memory = 639.15 (MB).
    Completing 90% with 0 violations.
    elapsed time = 00:00:00, memory = 639.15 (MB).
    Completing 100% with 0 violations.
    elapsed time = 00:00:00, memory = 639.15 (MB).
[INFO DRT-0199]   Number of violations = 0.
[INFO DRT-0267] cpu time = 00:00:00, elapsed time = 00:00:00, memory = 639.15 (MB), peak = 647.92 (MB)
Total wire length = 46735 um.
Total wire length on LAYER li1 = 0 um.
Total wire length on LAYER met1 = 25153 um.
Total wire length on LAYER met2 = 21151 um.
Total wire length on LAYER met3 = 430 um.
Total wire length on LAYER met4 = 0 um.
Total wire length on LAYER met5 = 0 um.
Total number of vias = 14117.
Up-via summary (total 14117):

------------------------
 FR_MASTERSLICE        0
            li1     7484
           met1     6570
           met2       63
           met3        0
           met4        0
------------------------
                   14117


[INFO DRT-0198] Complete detail routing.
Total wire length = 46735 um.
Total wire length on LAYER li1 = 0 um.
Total wire length on LAYER met1 = 25153 um.
Total wire length on LAYER met2 = 21151 um.
Total wire length on LAYER met3 = 430 um.
Total wire length on LAYER met4 = 0 um.
Total wire length on LAYER met5 = 0 um.
Total number of vias = 14117.
Up-via summary (total 14117):

------------------------
 FR_MASTERSLICE        0
            li1     7484
           met1     6570
           met2       63
           met3        0
           met4        0
------------------------
                   14117


[INFO DRT-0267] cpu time = 00:01:09, elapsed time = 00:00:19, memory = 639.15 (MB), peak = 647.92 (MB)

[INFO DRT-0180] Post processing.
Setting global connections for newly added cells…
[INFO] Setting global connections...
Updating metrics…
Cell type report:                       Count       Area
  Fill cell                               308    1156.11
  Tap cell                               2496    3123.00
  Antenna cell                            897    2244.65
  Clock buffer                              9     225.22
  Timing Repair Buffer                    190    1412.60
  Inverter                                 59     226.47
  Clock inverter                            7      73.82
  Sequential cell                         110    2977.86
  Multi-Input combinational cell         1549   12991.21
  Total                                  5625   24430.93
Writing OpenROAD database to '/work/runs/RUN_2026-03-17_13-58-28/41-openroad-detailedrouting/rns_top_crt.odb'…
Writing netlist to '/work/runs/RUN_2026-03-17_13-58-28/41-openroad-detailedrouting/rns_top_crt.nl.v'…
Writing powered netlist to '/work/runs/RUN_2026-03-17_13-58-28/41-openroad-detailedrouting/rns_top_crt.pnl.v'…
Writing layout to '/work/runs/RUN_2026-03-17_13-58-28/41-openroad-detailedrouting/rns_top_crt.def'…
Writing timing constraints to '/work/runs/RUN_2026-03-17_13-58-28/41-openroad-detailedrouting/rns_top_crt.sdc'…
