Clock: clk
Sources: clk 
Generated: no
Virtual: yes
Propagated: no
Period: 12.000000

===========================================================================
report_clock_properties
============================================================================
Clock                   Period          Waveform
----------------------------------------------------
clk                  12.000000    0.000000  6.000000

===========================================================================
report_clock_latency
============================================================================
Clock clk
rise -> rise
    min     max
0.000000 0.000000 source latency
0.311018         network latency _3222_/CLK
        0.333146 network latency _3256_/CLK
---------------
0.311018 0.333146 latency
        0.022128 skew

fall -> fall
    min     max
0.000000 0.000000 source latency
0.294028         network latency _3222_/CLK
        0.311339 network latency _3256_/CLK
---------------
0.294028 0.311339 latency
        0.017311 skew



===========================================================================
report_clock_min_period
============================================================================
clk period_min = 6.42 fmax = 155.82
