
===========================================================================
report_checks -unconstrained
===========================================================================
======================= nom_tt_025C_1v80 Corner ===================================

Startpoint: _3302_ (rising edge-triggered flip-flop clocked by clk)
Endpoint: _3238_ (rising edge-triggered flip-flop clocked by clk)
Path Group: clk
Path Type: max

Fanout         Cap        Slew       Delay        Time   Description
---------------------------------------------------------------------------------------------
                                  0.000000    0.000000   clock clk (rise edge)
                                  0.000000    0.000000   clock source latency
     2    0.044888    0.000000    0.000000    0.000000 ^ clk (in)
                                                         clk (net)
                      0.002377    0.001189    0.001189 ^ clkbuf_0_clk/A (sky130_fd_sc_hd__clkbuf_16)
    17    0.169253    0.181126    0.214919    0.216108 ^ clkbuf_0_clk/X (sky130_fd_sc_hd__clkbuf_16)
                                                         clknet_0_clk (net)
                      0.181778    0.008776    0.224884 ^ clkbuf_3_0__f_clk/A (sky130_fd_sc_hd__clkbuf_16)
    25    0.094094    0.110674    0.227679    0.452563 ^ clkbuf_3_0__f_clk/X (sky130_fd_sc_hd__clkbuf_16)
                                                         clknet_3_0__leaf_clk (net)
                      0.110793    0.003253    0.455816 ^ _3302_/CLK (sky130_fd_sc_hd__dfrtp_4)
     6    0.023318    0.084011    0.528311    0.984127 v _3302_/Q (sky130_fd_sc_hd__dfrtp_4)
                                                         B_reg[12] (net)
                      0.084027    0.001299    0.985427 v _1910_/C (sky130_fd_sc_hd__and3_1)
     3    0.007000    0.055102    0.212373    1.197800 v _1910_/X (sky130_fd_sc_hd__and3_1)
                                                         _1175_ (net)
                      0.055102    0.000173    1.197973 v _2300_/A (sky130_fd_sc_hd__or4_4)
     4    0.009528    0.093267    0.547176    1.745149 v _2300_/X (sky130_fd_sc_hd__or4_4)
                                                         _1553_ (net)
                      0.093267    0.000205    1.745353 v _2304_/A1 (sky130_fd_sc_hd__a21o_1)
     3    0.007520    0.053428    0.191926    1.937279 v _2304_/X (sky130_fd_sc_hd__a21o_1)
                                                         _1557_ (net)
                      0.053428    0.000181    1.937459 v _2307_/A2 (sky130_fd_sc_hd__a21oi_1)
     3    0.010951    0.256458    0.254403    2.191863 ^ _2307_/Y (sky130_fd_sc_hd__a21oi_1)
                                                         _1560_ (net)
                      0.256458    0.000172    2.192034 ^ _2311_/B (sky130_fd_sc_hd__xor2_1)
     3    0.010721    0.252176    0.275645    2.467680 ^ _2311_/X (sky130_fd_sc_hd__xor2_1)
                                                         _1564_ (net)
                      0.252177    0.000386    2.468066 ^ _2313_/A2 (sky130_fd_sc_hd__a21o_1)
     4    0.010895    0.102652    0.204461    2.672527 ^ _2313_/X (sky130_fd_sc_hd__a21o_1)
                                                         _1566_ (net)
                      0.102652    0.000231    2.672758 ^ _2318_/A1 (sky130_fd_sc_hd__a21oi_1)
     3    0.013076    0.108205    0.127423    2.800181 v _2318_/Y (sky130_fd_sc_hd__a21oi_1)
                                                         _1571_ (net)
                      0.108241    0.000283    2.800464 v _2321_/B (sky130_fd_sc_hd__or3_4)
     3    0.008714    0.072645    0.395333    3.195796 v _2321_/X (sky130_fd_sc_hd__or3_4)
                                                         _1574_ (net)
                      0.072645    0.000272    3.196068 v _2326_/A1 (sky130_fd_sc_hd__a21o_1)
     4    0.010642    0.065033    0.196435    3.392503 v _2326_/X (sky130_fd_sc_hd__a21o_1)
                                                         _1579_ (net)
                      0.065033    0.000284    3.392787 v _2328_/B (sky130_fd_sc_hd__and3_1)
     2    0.005228    0.047153    0.179759    3.572546 v _2328_/X (sky130_fd_sc_hd__and3_1)
                                                         _1581_ (net)
                      0.047153    0.000140    3.572686 v _2330_/A (sky130_fd_sc_hd__or3_4)
     3    0.006941    0.069910    0.386438    3.959124 v _2330_/X (sky130_fd_sc_hd__or3_4)
                                                         _1583_ (net)
                      0.069910    0.000164    3.959288 v _2334_/A1 (sky130_fd_sc_hd__a21o_1)
     3    0.007607    0.053852    0.182683    4.141971 v _2334_/X (sky130_fd_sc_hd__a21o_1)
                                                         _1587_ (net)
                      0.053852    0.000171    4.142142 v rebuffer4/A (sky130_fd_sc_hd__dlymetal6s2s_1)
     3    0.009336    0.064224    0.164783    4.306926 v rebuffer4/X (sky130_fd_sc_hd__dlymetal6s2s_1)
                                                         net57 (net)
                      0.064224    0.000143    4.307068 v _2343_/A1 (sky130_fd_sc_hd__a21bo_1)
     1    0.004083    0.040107    0.175862    4.482931 v _2343_/X (sky130_fd_sc_hd__a21bo_1)
                                                         _1596_ (net)
                      0.040107    0.000138    4.483069 v _2344_/B1 (sky130_fd_sc_hd__a22o_1)
     2    0.009801    0.070912    0.209370    4.692439 v _2344_/X (sky130_fd_sc_hd__a22o_1)
                                                         _1597_ (net)
                      0.070912    0.000346    4.692785 v _2347_/B1 (sky130_fd_sc_hd__a21o_1)
     3    0.008113    0.056209    0.183161    4.875946 v _2347_/X (sky130_fd_sc_hd__a21o_1)
                                                         _1600_ (net)
                      0.056210    0.000247    4.876193 v _2348_/A2 (sky130_fd_sc_hd__a21oi_1)
     3    0.013102    0.297766    0.285828    5.162021 ^ _2348_/Y (sky130_fd_sc_hd__a21oi_1)
                                                         _1601_ (net)
                      0.297767    0.000385    5.162406 ^ _2349_/B (sky130_fd_sc_hd__xnor2_1)
     3    0.016727    0.391708    0.263555    5.425961 ^ _2349_/Y (sky130_fd_sc_hd__xnor2_1)
                                                         _1602_ (net)
                      0.391709    0.000394    5.426355 ^ _2355_/A2 (sky130_fd_sc_hd__a21o_1)
     3    0.007218    0.074599    0.202178    5.628534 ^ _2355_/X (sky130_fd_sc_hd__a21o_1)
                                                         _0109_ (net)
                      0.074599    0.000179    5.628712 ^ _2360_/A1 (sky130_fd_sc_hd__a21oi_1)
     3    0.012174    0.105407    0.113063    5.741776 v _2360_/Y (sky130_fd_sc_hd__a21oi_1)
                                                         _0114_ (net)
                      0.105407    0.000322    5.742097 v _2364_/B (sky130_fd_sc_hd__or3_4)
     3    0.007348    0.070468    0.390168    6.132265 v _2364_/X (sky130_fd_sc_hd__or3_4)
                                                         _0118_ (net)
                      0.070468    0.000193    6.132458 v _2366_/A1 (sky130_fd_sc_hd__a21o_1)
     4    0.011226    0.067345    0.197631    6.330089 v _2366_/X (sky130_fd_sc_hd__a21o_1)
                                                         _0120_ (net)
                      0.067345    0.000245    6.330333 v _2370_/A (sky130_fd_sc_hd__and3_1)
     2    0.006609    0.053293    0.167147    6.497480 v _2370_/X (sky130_fd_sc_hd__and3_1)
                                                         _0124_ (net)
                      0.053293    0.000187    6.497667 v _2372_/A (sky130_fd_sc_hd__or3_4)
     3    0.008534    0.072479    0.393612    6.891280 v _2372_/X (sky130_fd_sc_hd__or3_4)
                                                         _0126_ (net)
                      0.072479    0.000120    6.891400 v _2378_/A1 (sky130_fd_sc_hd__a21o_1)
     4    0.009535    0.060686    0.192462    7.083861 v _2378_/X (sky130_fd_sc_hd__a21o_1)
                                                         _0132_ (net)
                      0.060686    0.000122    7.083983 v _2383_/A (sky130_fd_sc_hd__and3_1)
     2    0.007425    0.057075    0.168022    7.252005 v _2383_/X (sky130_fd_sc_hd__and3_1)
                                                         _0137_ (net)
                      0.057075    0.000189    7.252194 v _2385_/C (sky130_fd_sc_hd__or3_4)
     3    0.007855    0.071288    0.336433    7.588627 v _2385_/X (sky130_fd_sc_hd__or3_4)
                                                         _0139_ (net)
                      0.071288    0.000231    7.588858 v _2387_/A1 (sky130_fd_sc_hd__a21o_1)
     4    0.012492    0.072418    0.202519    7.791377 v _2387_/X (sky130_fd_sc_hd__a21o_1)
                                                         _0141_ (net)
                      0.072418    0.000175    7.791552 v _2390_/A (sky130_fd_sc_hd__and3_1)
     3    0.012088    0.075595    0.192028    7.983579 v _2390_/X (sky130_fd_sc_hd__and3_1)
                                                         _0144_ (net)
                      0.075596    0.000374    7.983953 v _2392_/C (sky130_fd_sc_hd__or3_4)
     3    0.007007    0.069872    0.340036    8.323989 v _2392_/X (sky130_fd_sc_hd__or3_4)
                                                         _0146_ (net)
                      0.069872    0.000170    8.324159 v _2397_/A1 (sky130_fd_sc_hd__a21o_1)
     4    0.011057    0.066655    0.196794    8.520952 v _2397_/X (sky130_fd_sc_hd__a21o_1)
                                                         _0151_ (net)
                      0.066655    0.000210    8.521163 v _2406_/A (sky130_fd_sc_hd__and3_1)
     2    0.006397    0.052324    0.165829    8.686992 v _2406_/X (sky130_fd_sc_hd__and3_1)
                                                         _0160_ (net)
                      0.052324    0.000171    8.687163 v _2408_/C (sky130_fd_sc_hd__or3_4)
     3    0.008601    0.072415    0.337177    9.024341 v _2408_/X (sky130_fd_sc_hd__or3_4)
                                                         _0162_ (net)
                      0.072415    0.000195    9.024535 v _2410_/A1 (sky130_fd_sc_hd__a21o_1)
     3    0.007319    0.052522    0.182400    9.206935 v _2410_/X (sky130_fd_sc_hd__a21o_1)
                                                         _0164_ (net)
                      0.052522    0.000183    9.207118 v _2413_/A (sky130_fd_sc_hd__and3_1)
     2    0.006154    0.051222    0.158436    9.365554 v _2413_/X (sky130_fd_sc_hd__and3_1)
                                                         _0167_ (net)
                      0.051222    0.000101    9.365655 v _2415_/C (sky130_fd_sc_hd__or3_4)
     3    0.007118    0.070159    0.332385    9.698040 v _2415_/X (sky130_fd_sc_hd__or3_4)
                                                         _0169_ (net)
                      0.070159    0.000175    9.698215 v _2420_/A1 (sky130_fd_sc_hd__a21o_1)
     4    0.011567    0.068712    0.198726    9.896941 v _2420_/X (sky130_fd_sc_hd__a21o_1)
                                                         _0174_ (net)
                      0.068712    0.000202    9.897143 v _2428_/A2 (sky130_fd_sc_hd__a21bo_1)
     1    0.004311    0.041000    0.201161   10.098304 v _2428_/X (sky130_fd_sc_hd__a21bo_1)
                                                         _0180_ (net)
                      0.041000    0.000083   10.098388 v _2429_/B (sky130_fd_sc_hd__xor2_1)
     1    0.002503    0.069330    0.132855   10.231242 v _2429_/X (sky130_fd_sc_hd__xor2_1)
                                                         _0181_ (net)
                      0.069330    0.000051   10.231293 v _2430_/A1 (sky130_fd_sc_hd__mux2_4)
     1    0.002294    0.046659    0.256905   10.488197 v _2430_/X (sky130_fd_sc_hd__mux2_4)
                                                         _0025_ (net)
                      0.046659    0.000045   10.488242 v _3238_/D (sky130_fd_sc_hd__dfrtp_4)
                                             10.488242   data arrival time

                                 13.000000   13.000000   clock clk (rise edge)
                                  0.000000   13.000000   clock source latency
     2    0.044888    0.000000    0.000000   13.000000 ^ clk (in)
                                                         clk (net)
                      0.002377    0.001188   13.001188 ^ clkbuf_0_clk/A (sky130_fd_sc_hd__clkbuf_16)
    17    0.169253    0.181126    0.214920   13.216107 ^ clkbuf_0_clk/X (sky130_fd_sc_hd__clkbuf_16)
                                                         clknet_0_clk (net)
                      0.181707    0.008300   13.224408 ^ clkbuf_3_3__f_clk/A (sky130_fd_sc_hd__clkbuf_16)
    35    0.098165    0.114513    0.230655   13.455062 ^ clkbuf_3_3__f_clk/X (sky130_fd_sc_hd__clkbuf_16)
                                                         clknet_3_3__leaf_clk (net)
                      0.114582    0.002583   13.457645 ^ _3238_/CLK (sky130_fd_sc_hd__dfrtp_4)
                                 -0.100000   13.357645   clock uncertainty
                                  0.000000   13.357645   clock reconvergence pessimism
                                 -0.099073   13.258573   library setup time
                                             13.258573   data required time
---------------------------------------------------------------------------------------------
                                             13.258573   data required time
                                            -10.488242   data arrival time
---------------------------------------------------------------------------------------------
                                              2.770330   slack (MET)




===========================================================================
report_checks --slack_max -0.01
============================================================================
======================= nom_tt_025C_1v80 Corner ===================================

No paths found.


===========================================================================
 report_check_types -max_slew -max_cap -max_fanout -violators
============================================================================
======================= nom_tt_025C_1v80 Corner ===================================



===========================================================================
report_parasitic_annotation -report_unannotated
============================================================================
Found 7 unannotated drivers.
 clkload0/Y
 clkload1/Y
 clkload2/Y
 clkload3/Y
 clkload4/Y
 clkload5/Y
 clkload6/Y
Found 0 partially unannotated drivers.

===========================================================================
max slew violation count 0
max fanout violation count 0
max cap violation count 0
============================================================================

===========================================================================
check_setup -verbose -unconstrained_endpoints -multiple_clock -no_clock -no_input_delay -loops -generated_clocks
===========================================================================
Warning: There are 36 input ports missing set_input_delay.
  A_in[0]
  A_in[10]
  A_in[11]
  A_in[12]
  A_in[13]
  A_in[14]
  A_in[15]
  A_in[1]
  A_in[2]
  A_in[3]
  A_in[4]
  A_in[5]
  A_in[6]
  A_in[7]
  A_in[8]
  A_in[9]
  B_in[0]
  B_in[10]
  B_in[11]
  B_in[12]
  B_in[13]
  B_in[14]
  B_in[15]
  B_in[1]
  B_in[2]
  B_in[3]
  B_in[4]
  B_in[5]
  B_in[6]
  B_in[7]
  B_in[8]
  B_in[9]
  Op_Sel[0]
  Op_Sel[1]
  Start
  rst_n
Warning: There are 17 unconstrained endpoints.
  Done
  X_out[0]
  X_out[10]
  X_out[11]
  X_out[12]
  X_out[13]
  X_out[14]
  X_out[15]
  X_out[1]
  X_out[2]
  X_out[3]
  X_out[4]
  X_out[5]
  X_out[6]
  X_out[7]
  X_out[8]
  X_out[9]
