
===========================================================================
report_checks -unconstrained
===========================================================================
======================= min_ff_n40C_1v95 Corner ===================================

Startpoint: _3302_ (rising edge-triggered flip-flop clocked by clk)
Endpoint: _3237_ (rising edge-triggered flip-flop clocked by clk)
Path Group: clk
Path Type: max

Fanout         Cap        Slew       Delay        Time   Description
---------------------------------------------------------------------------------------------
                                  0.000000    0.000000   clock clk (rise edge)
                                  0.000000    0.000000   clock source latency
     2    0.039153    0.000000    0.000000    0.000000 ^ clk (in)
                                                         clk (net)
                      0.001544    0.000772    0.000772 ^ clkbuf_0_clk/A (sky130_fd_sc_hd__clkbuf_16)
    17    0.157282    0.130995    0.150181    0.150953 ^ clkbuf_0_clk/X (sky130_fd_sc_hd__clkbuf_16)
                                                         clknet_0_clk (net)
                      0.131331    0.005346    0.156299 ^ clkbuf_3_0__f_clk/A (sky130_fd_sc_hd__clkbuf_16)
    25    0.091221    0.082812    0.151054    0.307353 ^ clkbuf_3_0__f_clk/X (sky130_fd_sc_hd__clkbuf_16)
                                                         clknet_3_0__leaf_clk (net)
                      0.082924    0.001872    0.309225 ^ _3302_/CLK (sky130_fd_sc_hd__dfrtp_4)
     6    0.023832    0.061614    0.331091    0.640316 v _3302_/Q (sky130_fd_sc_hd__dfrtp_4)
                                                         B_reg[12] (net)
                      0.061614    0.000906    0.641223 v _1910_/C (sky130_fd_sc_hd__and3_1)
     3    0.007154    0.040045    0.137818    0.779041 v _1910_/X (sky130_fd_sc_hd__and3_1)
                                                         _1175_ (net)
                      0.040045    0.000091    0.779132 v _2300_/A (sky130_fd_sc_hd__or4_4)
     4    0.009343    0.064308    0.328434    1.107566 v _2300_/X (sky130_fd_sc_hd__or4_4)
                                                         _1553_ (net)
                      0.064308    0.000063    1.107629 v _2304_/A1 (sky130_fd_sc_hd__a21o_1)
     3    0.007434    0.037551    0.122197    1.229827 v _2304_/X (sky130_fd_sc_hd__a21o_1)
                                                         _1557_ (net)
                      0.037551    0.000072    1.229899 v _2307_/A2 (sky130_fd_sc_hd__a21oi_1)
     3    0.010514    0.186686    0.174107    1.404006 ^ _2307_/Y (sky130_fd_sc_hd__a21oi_1)
                                                         _1560_ (net)
                      0.186686    0.000047    1.404052 ^ _2311_/B (sky130_fd_sc_hd__xor2_1)
     3    0.011322    0.190032    0.173967    1.578019 ^ _2311_/X (sky130_fd_sc_hd__xor2_1)
                                                         _1564_ (net)
                      0.190032    0.000155    1.578174 ^ _2313_/A2 (sky130_fd_sc_hd__a21o_1)
     4    0.010808    0.076361    0.120834    1.699008 ^ _2313_/X (sky130_fd_sc_hd__a21o_1)
                                                         _1566_ (net)
                      0.076361    0.000112    1.699120 ^ _2318_/A1 (sky130_fd_sc_hd__a21oi_1)
     3    0.011103    0.063195    0.069072    1.768192 v _2318_/Y (sky130_fd_sc_hd__a21oi_1)
                                                         _1571_ (net)
                      0.063195    0.000083    1.768275 v _2321_/B (sky130_fd_sc_hd__or3_4)
     2    0.006694    0.048336    0.231121    1.999397 v _2321_/X (sky130_fd_sc_hd__or3_4)
                                                         _1574_ (net)
                      0.048336    0.000099    1.999495 v _2326_/A1 (sky130_fd_sc_hd__a21o_1)
     4    0.010745    0.046407    0.126261    2.125757 v _2326_/X (sky130_fd_sc_hd__a21o_1)
                                                         _1579_ (net)
                      0.046407    0.000156    2.125912 v rebuffer9/A (sky130_fd_sc_hd__buf_1)
     1    0.002372    0.017072    0.061239    2.187151 v rebuffer9/X (sky130_fd_sc_hd__buf_1)
                                                         net62 (net)
                      0.017072    0.000010    2.187161 v _2327_/A2 (sky130_fd_sc_hd__a21oi_1)
     3    0.011619    0.196370    0.177521    2.364682 ^ _2327_/Y (sky130_fd_sc_hd__a21oi_1)
                                                         _1580_ (net)
                      0.196370    0.000095    2.364777 ^ _2331_/B (sky130_fd_sc_hd__xnor2_1)
     3    0.012703    0.220264    0.134581    2.499358 ^ _2331_/Y (sky130_fd_sc_hd__xnor2_1)
                                                         _1584_ (net)
                      0.220264    0.000119    2.499477 ^ _2334_/A2 (sky130_fd_sc_hd__a21o_1)
     3    0.007435    0.056230    0.106937    2.606414 ^ _2334_/X (sky130_fd_sc_hd__a21o_1)
                                                         _1587_ (net)
                      0.056230    0.000075    2.606489 ^ _2337_/A1 (sky130_fd_sc_hd__a21oi_1)
     3    0.011196    0.065569    0.064958    2.671447 v _2337_/Y (sky130_fd_sc_hd__a21oi_1)
                                                         _1590_ (net)
                      0.065569    0.000126    2.671574 v _2345_/B (sky130_fd_sc_hd__or3_4)
     3    0.008260    0.050056    0.234833    2.906407 v _2345_/X (sky130_fd_sc_hd__or3_4)
                                                         _1598_ (net)
                      0.050056    0.000064    2.906471 v _2347_/A1 (sky130_fd_sc_hd__a21o_1)
     4    0.011295    0.047851    0.128350    3.034821 v _2347_/X (sky130_fd_sc_hd__a21o_1)
                                                         _1600_ (net)
                      0.047851    0.000159    3.034980 v _2348_/A2 (sky130_fd_sc_hd__a21oi_1)
     3    0.013449    0.221506    0.207563    3.242543 ^ _2348_/Y (sky130_fd_sc_hd__a21oi_1)
                                                         _1601_ (net)
                      0.221506    0.000198    3.242741 ^ _2349_/B (sky130_fd_sc_hd__xnor2_1)
     3    0.011398    0.201662    0.127486    3.370227 ^ _2349_/Y (sky130_fd_sc_hd__xnor2_1)
                                                         _1602_ (net)
                      0.201662    0.000108    3.370335 ^ _2355_/A2 (sky130_fd_sc_hd__a21o_1)
     4    0.011088    0.078152    0.122651    3.492985 ^ _2355_/X (sky130_fd_sc_hd__a21o_1)
                                                         _0109_ (net)
                      0.078152    0.000109    3.493094 ^ _2360_/A1 (sky130_fd_sc_hd__a21oi_1)
     3    0.011052    0.064463    0.069248    3.562342 v _2360_/Y (sky130_fd_sc_hd__a21oi_1)
                                                         _0114_ (net)
                      0.064463    0.000144    3.562486 v _2364_/B (sky130_fd_sc_hd__or3_4)
     3    0.008146    0.049940    0.234219    3.796705 v _2364_/X (sky130_fd_sc_hd__or3_4)
                                                         _0118_ (net)
                      0.049940    0.000126    3.796831 v _2366_/A1 (sky130_fd_sc_hd__a21o_1)
     4    0.010443    0.045874    0.125988    3.922819 v _2366_/X (sky130_fd_sc_hd__a21o_1)
                                                         _0120_ (net)
                      0.045874    0.000092    3.922911 v _2370_/A (sky130_fd_sc_hd__and3_1)
     2    0.005196    0.034346    0.101056    4.023967 v _2370_/X (sky130_fd_sc_hd__and3_1)
                                                         _0124_ (net)
                      0.034346    0.000039    4.024006 v _2372_/C (sky130_fd_sc_hd__or3_4)
     3    0.008684    0.050524    0.201027    4.225033 v _2372_/X (sky130_fd_sc_hd__or3_4)
                                                         _0126_ (net)
                      0.050524    0.000082    4.225115 v _2378_/A1 (sky130_fd_sc_hd__a21o_1)
     4    0.010367    0.045772    0.125972    4.351086 v _2378_/X (sky130_fd_sc_hd__a21o_1)
                                                         _0132_ (net)
                      0.045772    0.000117    4.351203 v _2382_/A2 (sky130_fd_sc_hd__a21oi_1)
     3    0.012738    0.211645    0.199623    4.550826 ^ _2382_/Y (sky130_fd_sc_hd__a21oi_1)
                                                         _0136_ (net)
                      0.211645    0.000134    4.550960 ^ _2386_/B (sky130_fd_sc_hd__xnor2_1)
     3    0.010718    0.078323    0.087142    4.638102 v _2386_/Y (sky130_fd_sc_hd__xnor2_1)
                                                         _0140_ (net)
                      0.078323    0.000042    4.638144 v _2387_/A2 (sky130_fd_sc_hd__a21o_1)
     4    0.012575    0.051362    0.157336    4.795479 v _2387_/X (sky130_fd_sc_hd__a21o_1)
                                                         _0141_ (net)
                      0.051362    0.000074    4.795553 v _2390_/A (sky130_fd_sc_hd__and3_1)
     3    0.011678    0.052448    0.122982    4.918536 v _2390_/X (sky130_fd_sc_hd__and3_1)
                                                         _0144_ (net)
                      0.052448    0.000131    4.918667 v _2392_/C (sky130_fd_sc_hd__or3_4)
     3    0.007008    0.048715    0.203064    5.121731 v _2392_/X (sky130_fd_sc_hd__or3_4)
                                                         _0146_ (net)
                      0.048715    0.000051    5.121781 v _2397_/A1 (sky130_fd_sc_hd__a21o_1)
     4    0.010703    0.046309    0.126310    5.248091 v _2397_/X (sky130_fd_sc_hd__a21o_1)
                                                         _0151_ (net)
                      0.046309    0.000091    5.248182 v _2406_/A (sky130_fd_sc_hd__and3_1)
     2    0.006328    0.037569    0.104868    5.353050 v _2406_/X (sky130_fd_sc_hd__and3_1)
                                                         _0160_ (net)
                      0.037569    0.000046    5.353096 v _2408_/C (sky130_fd_sc_hd__or3_4)
     3    0.007264    0.048963    0.199326    5.552422 v _2408_/X (sky130_fd_sc_hd__or3_4)
                                                         _0162_ (net)
                      0.048963    0.000038    5.552460 v _2410_/A1 (sky130_fd_sc_hd__a21o_1)
     3    0.007318    0.037227    0.116086    5.668546 v _2410_/X (sky130_fd_sc_hd__a21o_1)
                                                         _0164_ (net)
                      0.037227    0.000085    5.668631 v _2413_/A (sky130_fd_sc_hd__and3_1)
     2    0.005995    0.036595    0.100377    5.769008 v _2413_/X (sky130_fd_sc_hd__and3_1)
                                                         _0167_ (net)
                      0.036595    0.000048    5.769056 v _2415_/C (sky130_fd_sc_hd__or3_4)
     3    0.006775    0.048423    0.198145    5.967201 v _2415_/X (sky130_fd_sc_hd__or3_4)
                                                         _0169_ (net)
                      0.048423    0.000061    5.967261 v _2420_/A1 (sky130_fd_sc_hd__a21o_1)
     4    0.011746    0.049072    0.128821    6.096082 v _2420_/X (sky130_fd_sc_hd__a21o_1)
                                                         _0174_ (net)
                      0.049072    0.000095    6.096178 v _2423_/A1 (sky130_fd_sc_hd__a21o_1)
     2    0.008538    0.041008    0.119829    6.216007 v _2423_/X (sky130_fd_sc_hd__a21o_1)
                                                         _0177_ (net)
                      0.041008    0.000117    6.216124 v _2426_/B (sky130_fd_sc_hd__xnor2_1)
     1    0.003220    0.038681    0.080727    6.296851 v _2426_/Y (sky130_fd_sc_hd__xnor2_1)
                                                         _0179_ (net)
                      0.038681    0.000026    6.296876 v _2427_/A1 (sky130_fd_sc_hd__mux2_4)
     1    0.002945    0.035562    0.143729    6.440605 v _2427_/X (sky130_fd_sc_hd__mux2_4)
                                                         _0024_ (net)
                      0.035562    0.000034    6.440639 v _3237_/D (sky130_fd_sc_hd__dfrtp_4)
                                              6.440639   data arrival time

                                 15.000000   15.000000   clock clk (rise edge)
                                  0.000000   15.000000   clock source latency
     2    0.039153    0.000000    0.000000   15.000000 ^ clk (in)
                                                         clk (net)
                      0.001544    0.000771   15.000771 ^ clkbuf_0_clk/A (sky130_fd_sc_hd__clkbuf_16)
    17    0.157282    0.130995    0.150182   15.150953 ^ clkbuf_0_clk/X (sky130_fd_sc_hd__clkbuf_16)
                                                         clknet_0_clk (net)
                      0.131308    0.005164   15.156116 ^ clkbuf_3_3__f_clk/A (sky130_fd_sc_hd__clkbuf_16)
    35    0.094139    0.084948    0.152523   15.308640 ^ clkbuf_3_3__f_clk/X (sky130_fd_sc_hd__clkbuf_16)
                                                         clknet_3_3__leaf_clk (net)
                      0.084976    0.001471   15.310111 ^ _3237_/CLK (sky130_fd_sc_hd__dfrtp_4)
                                 -0.100000   15.210111   clock uncertainty
                                  0.000000   15.210111   clock reconvergence pessimism
                                 -0.068793   15.141318   library setup time
                                             15.141318   data required time
---------------------------------------------------------------------------------------------
                                             15.141318   data required time
                                             -6.440639   data arrival time
---------------------------------------------------------------------------------------------
                                              8.700679   slack (MET)




===========================================================================
report_checks --slack_max -0.01
============================================================================
======================= min_ff_n40C_1v95 Corner ===================================

No paths found.


===========================================================================
 report_check_types -max_slew -max_cap -max_fanout -violators
============================================================================
======================= min_ff_n40C_1v95 Corner ===================================



===========================================================================
report_parasitic_annotation -report_unannotated
============================================================================
Found 7 unannotated drivers.
 clkload0/Y
 clkload1/Y
 clkload2/Y
 clkload3/Y
 clkload4/Y
 clkload5/Y
 clkload6/Y
Found 0 partially unannotated drivers.

===========================================================================
max slew violation count 0
max fanout violation count 0
max cap violation count 0
============================================================================

===========================================================================
check_setup -verbose -unconstrained_endpoints -multiple_clock -no_clock -no_input_delay -loops -generated_clocks
===========================================================================
Warning: There are 36 input ports missing set_input_delay.
  A_in[0]
  A_in[10]
  A_in[11]
  A_in[12]
  A_in[13]
  A_in[14]
  A_in[15]
  A_in[1]
  A_in[2]
  A_in[3]
  A_in[4]
  A_in[5]
  A_in[6]
  A_in[7]
  A_in[8]
  A_in[9]
  B_in[0]
  B_in[10]
  B_in[11]
  B_in[12]
  B_in[13]
  B_in[14]
  B_in[15]
  B_in[1]
  B_in[2]
  B_in[3]
  B_in[4]
  B_in[5]
  B_in[6]
  B_in[7]
  B_in[8]
  B_in[9]
  Op_Sel[0]
  Op_Sel[1]
  Start
  rst_n
Warning: There are 17 unconstrained endpoints.
  Done
  X_out[0]
  X_out[10]
  X_out[11]
  X_out[12]
  X_out[13]
  X_out[14]
  X_out[15]
  X_out[1]
  X_out[2]
  X_out[3]
  X_out[4]
  X_out[5]
  X_out[6]
  X_out[7]
  X_out[8]
  X_out[9]
