
===========================================================================
report_checks -unconstrained
===========================================================================
======================= max_ss_100C_1v60 Corner ===================================

Startpoint: _3302_ (rising edge-triggered flip-flop clocked by clk)
Endpoint: _3238_ (rising edge-triggered flip-flop clocked by clk)
Path Group: clk
Path Type: max

Fanout         Cap        Slew       Delay        Time   Description
---------------------------------------------------------------------------------------------
                                  0.000000    0.000000   clock clk (rise edge)
                                  0.000000    0.000000   clock source latency
     2    0.044133    0.000000    0.000000    0.000000 ^ clk (in)
                                                         clk (net)
                      0.003171    0.001585    0.001585 ^ clkbuf_0_clk/A (sky130_fd_sc_hd__clkbuf_16)
    17    0.170847    0.278039    0.356604    0.358190 ^ clkbuf_0_clk/X (sky130_fd_sc_hd__clkbuf_16)
                                                         clknet_0_clk (net)
                      0.278921    0.012815    0.371005 ^ clkbuf_3_0__f_clk/A (sky130_fd_sc_hd__clkbuf_16)
    25    0.094765    0.169235    0.400982    0.771987 ^ clkbuf_3_0__f_clk/X (sky130_fd_sc_hd__clkbuf_16)
                                                         clknet_3_0__leaf_clk (net)
                      0.169582    0.006651    0.778638 ^ _3302_/CLK (sky130_fd_sc_hd__dfrtp_4)
    15    0.050434    0.220272    1.179401    1.958039 v _3302_/Q (sky130_fd_sc_hd__dfrtp_4)
                                                         B_reg[12] (net)
                      0.220365    0.004247    1.962286 v _1910_/C (sky130_fd_sc_hd__and3_1)
     3    0.005953    0.096577    0.463923    2.426209 v _1910_/X (sky130_fd_sc_hd__and3_1)
                                                         _1175_ (net)
                      0.096577    0.000197    2.426406 v _2300_/B (sky130_fd_sc_hd__or4_1)
     4    0.009898    0.262488    1.308332    3.734738 v _2300_/X (sky130_fd_sc_hd__or4_1)
                                                         _1553_ (net)
                      0.262488    0.000563    3.735301 v _2304_/A2 (sky130_fd_sc_hd__a21o_1)
     3    0.007678    0.098198    0.434663    4.169964 v _2304_/X (sky130_fd_sc_hd__a21o_1)
                                                         _1557_ (net)
                      0.098198    0.000399    4.170364 v _2308_/C (sky130_fd_sc_hd__and3_1)
     2    0.005299    0.091561    0.397661    4.568025 v _2308_/X (sky130_fd_sc_hd__and3_1)
                                                         _1561_ (net)
                      0.091561    0.000309    4.568334 v _2310_/C (sky130_fd_sc_hd__or3_1)
     3    0.006834    0.177005    0.785084    5.353418 v _2310_/X (sky130_fd_sc_hd__or3_1)
                                                         _1563_ (net)
                      0.177005    0.000402    5.353820 v _2313_/A1 (sky130_fd_sc_hd__a21o_1)
     4    0.010455    0.120339    0.392110    5.745931 v _2313_/X (sky130_fd_sc_hd__a21o_1)
                                                         _1566_ (net)
                      0.120339    0.000486    5.746417 v _2319_/B (sky130_fd_sc_hd__and3_1)
     2    0.005886    0.096012    0.385001    6.131417 v _2319_/X (sky130_fd_sc_hd__and3_1)
                                                         _1572_ (net)
                      0.096012    0.000284    6.131701 v _2321_/C (sky130_fd_sc_hd__or3_1)
     3    0.008998    0.199461    0.815848    6.947549 v _2321_/X (sky130_fd_sc_hd__or3_1)
                                                         _1574_ (net)
                      0.199461    0.000580    6.948129 v _2326_/A1 (sky130_fd_sc_hd__a21o_1)
     4    0.011599    0.129923    0.410242    7.358371 v _2326_/X (sky130_fd_sc_hd__a21o_1)
                                                         _1579_ (net)
                      0.129927    0.000878    7.359250 v _2328_/C (sky130_fd_sc_hd__and3_1)
     2    0.004741    0.087506    0.408705    7.767954 v _2328_/X (sky130_fd_sc_hd__and3_1)
                                                         _1581_ (net)
                      0.087506    0.000287    7.768241 v _2330_/C (sky130_fd_sc_hd__or3_2)
     4    0.014506    0.234333    1.098852    8.867093 v _2330_/X (sky130_fd_sc_hd__or3_2)
                                                         _1583_ (net)
                      0.234334    0.001164    8.868257 v _2334_/A1 (sky130_fd_sc_hd__a21o_1)
     5    0.015698    0.157390    0.453526    9.321783 v _2334_/X (sky130_fd_sc_hd__a21o_1)
                                                         _1587_ (net)
                      0.157392    0.000848    9.322631 v _2338_/B (sky130_fd_sc_hd__and3_1)
     2    0.006731    0.102671    0.410465    9.733096 v _2338_/X (sky130_fd_sc_hd__and3_1)
                                                         _1591_ (net)
                      0.102671    0.000367    9.733463 v _2345_/C (sky130_fd_sc_hd__or3_1)
     3    0.008372    0.192524    0.809824   10.543287 v _2345_/X (sky130_fd_sc_hd__or3_1)
                                                         _1598_ (net)
                      0.192524    0.000325   10.543612 v _2347_/A1 (sky130_fd_sc_hd__a21o_1)
     4    0.012094    0.134040    0.411023   10.954636 v _2347_/X (sky130_fd_sc_hd__a21o_1)
                                                         _1600_ (net)
                      0.134044    0.000914   10.955549 v _2350_/C (sky130_fd_sc_hd__and3_1)
     2    0.007176    0.106260    0.431284   11.386834 v _2350_/X (sky130_fd_sc_hd__and3_1)
                                                         _1603_ (net)
                      0.106260    0.000457   11.387291 v _2352_/C (sky130_fd_sc_hd__or3_1)
     3    0.009639    0.206916    0.828039   12.215329 v _2352_/X (sky130_fd_sc_hd__or3_1)
                                                         _0106_ (net)
                      0.206916    0.000609   12.215939 v _2355_/A2 (sky130_fd_sc_hd__a21o_1)
     4    0.010958    0.124587    0.438180   12.654119 v _2355_/X (sky130_fd_sc_hd__a21o_1)
                                                         _0109_ (net)
                      0.124591    0.000806   12.654925 v _2362_/B (sky130_fd_sc_hd__and3_1)
     2    0.006042    0.097267    0.388441   13.043366 v _2362_/X (sky130_fd_sc_hd__and3_1)
                                                         _0116_ (net)
                      0.097267    0.000355   13.043722 v _2364_/C (sky130_fd_sc_hd__or3_1)
     3    0.007530    0.184374    0.796435   13.840157 v _2364_/X (sky130_fd_sc_hd__or3_1)
                                                         _0118_ (net)
                      0.184374    0.000507   13.840664 v _2366_/A2 (sky130_fd_sc_hd__a21o_1)
     4    0.011141    0.126030    0.430248   14.270912 v _2366_/X (sky130_fd_sc_hd__a21o_1)
                                                         _0120_ (net)
                      0.126031    0.000547   14.271459 v _2370_/B (sky130_fd_sc_hd__and3_1)
     2    0.005886    0.096040    0.387895   14.659354 v _2370_/X (sky130_fd_sc_hd__and3_1)
                                                         _0124_ (net)
                      0.096040    0.000294   14.659648 v _2372_/C (sky130_fd_sc_hd__or3_1)
     3    0.009493    0.205065    0.822601   15.482249 v _2372_/X (sky130_fd_sc_hd__or3_1)
                                                         _0126_ (net)
                      0.205065    0.000306   15.482554 v _2378_/A1 (sky130_fd_sc_hd__a21o_1)
     4    0.010873    0.123908    0.407345   15.889899 v _2378_/X (sky130_fd_sc_hd__a21o_1)
                                                         _0132_ (net)
                      0.123909    0.000613   15.890512 v _2383_/C (sky130_fd_sc_hd__and3_1)
     2    0.007636    0.109998    0.430148   16.320662 v _2383_/X (sky130_fd_sc_hd__and3_1)
                                                         _0137_ (net)
                      0.109998    0.000458   16.321119 v _2385_/C (sky130_fd_sc_hd__or3_1)
     3    0.008309    0.192222    0.811514   17.132633 v _2385_/X (sky130_fd_sc_hd__or3_1)
                                                         _0139_ (net)
                      0.192222    0.000423   17.133057 v _2387_/A1 (sky130_fd_sc_hd__a21o_1)
     4    0.012631    0.138362    0.415165   17.548222 v _2387_/X (sky130_fd_sc_hd__a21o_1)
                                                         _0141_ (net)
                      0.138362    0.000385   17.548607 v _2390_/B (sky130_fd_sc_hd__and3_1)
     3    0.010569    0.134987    0.432980   17.981586 v _2390_/X (sky130_fd_sc_hd__and3_1)
                                                         _0144_ (net)
                      0.134989    0.000711   17.982298 v _2392_/C (sky130_fd_sc_hd__or3_1)
     3    0.006821    0.177199    0.800096   18.782393 v _2392_/X (sky130_fd_sc_hd__or3_1)
                                                         _0146_ (net)
                      0.177199    0.000412   18.782804 v _2397_/A1 (sky130_fd_sc_hd__a21o_1)
     4    0.011324    0.127503    0.398742   19.181547 v _2397_/X (sky130_fd_sc_hd__a21o_1)
                                                         _0151_ (net)
                      0.127503    0.000524   19.182072 v _2406_/B (sky130_fd_sc_hd__and3_1)
     2    0.005959    0.096610    0.389184   19.571255 v _2406_/X (sky130_fd_sc_hd__and3_1)
                                                         _0160_ (net)
                      0.096610    0.000336   19.571590 v _2408_/C (sky130_fd_sc_hd__or3_1)
     3    0.008356    0.192750    0.807450   20.379042 v _2408_/X (sky130_fd_sc_hd__or3_1)
                                                         _0162_ (net)
                      0.192750    0.000393   20.379435 v _2410_/A2 (sky130_fd_sc_hd__a21o_1)
     3    0.007145    0.093854    0.403114   20.782547 v _2410_/X (sky130_fd_sc_hd__a21o_1)
                                                         _0164_ (net)
                      0.093854    0.000382   20.782930 v _2413_/C (sky130_fd_sc_hd__and3_1)
     2    0.004965    0.089068    0.392681   21.175611 v _2413_/X (sky130_fd_sc_hd__and3_1)
                                                         _0167_ (net)
                      0.089068    0.000291   21.175903 v _2415_/C (sky130_fd_sc_hd__or3_1)
     3    0.007068    0.179770    0.787404   21.963306 v _2415_/X (sky130_fd_sc_hd__or3_1)
                                                         _0169_ (net)
                      0.179770    0.000352   21.963657 v _2420_/A1 (sky130_fd_sc_hd__a21o_1)
     4    0.011809    0.131553    0.403475   22.367132 v _2420_/X (sky130_fd_sc_hd__a21o_1)
                                                         _0174_ (net)
                      0.131553    0.000419   22.367552 v _2428_/A1 (sky130_fd_sc_hd__a21bo_1)
     1    0.004380    0.075490    0.345763   22.713314 v _2428_/X (sky130_fd_sc_hd__a21bo_1)
                                                         _0180_ (net)
                      0.075490    0.000204   22.713518 v _2429_/B (sky130_fd_sc_hd__xor2_1)
     1    0.002496    0.120669    0.260680   22.974199 v _2429_/X (sky130_fd_sc_hd__xor2_1)
                                                         _0181_ (net)
                      0.120669    0.000105   22.974304 v _2430_/A1 (sky130_fd_sc_hd__mux2_1)
     1    0.002372    0.106260    0.661757   23.636061 v _2430_/X (sky130_fd_sc_hd__mux2_1)
                                                         _0025_ (net)
                      0.106260    0.000107   23.636168 v _3238_/D (sky130_fd_sc_hd__dfrtp_4)
                                             23.636168   data arrival time

                                140.000000  140.000000   clock clk (rise edge)
                                  0.000000  140.000000   clock source latency
     2    0.044133    0.000000    0.000000  140.000000 ^ clk (in)
                                                         clk (net)
                      0.003171    0.001592  140.001587 ^ clkbuf_0_clk/A (sky130_fd_sc_hd__clkbuf_16)
    17    0.170847    0.278039    0.356593  140.358185 ^ clkbuf_0_clk/X (sky130_fd_sc_hd__clkbuf_16)
                                                         clknet_0_clk (net)
                      0.278879    0.012520  140.370712 ^ clkbuf_3_3__f_clk/A (sky130_fd_sc_hd__clkbuf_16)
    35    0.103134    0.181751    0.409301  140.780014 ^ clkbuf_3_3__f_clk/X (sky130_fd_sc_hd__clkbuf_16)
                                                         clknet_3_3__leaf_clk (net)
                      0.182015    0.006139  140.786148 ^ _3238_/CLK (sky130_fd_sc_hd__dfrtp_4)
                                 -0.100000  140.686142   clock uncertainty
                                  0.000000  140.686142   clock reconvergence pessimism
                                 -0.260100  140.426041   library setup time
                                            140.426041   data required time
---------------------------------------------------------------------------------------------
                                            140.426041   data required time
                                            -23.636168   data arrival time
---------------------------------------------------------------------------------------------
                                            116.789871   slack (MET)




===========================================================================
report_checks --slack_max -0.01
============================================================================
======================= max_ss_100C_1v60 Corner ===================================

No paths found.


===========================================================================
 report_check_types -max_slew -max_cap -max_fanout -violators
============================================================================
======================= max_ss_100C_1v60 Corner ===================================



===========================================================================
report_parasitic_annotation -report_unannotated
============================================================================
Found 7 unannotated drivers.
 clkload0/Y
 clkload1/Y
 clkload2/Y
 clkload3/Y
 clkload4/Y
 clkload5/Y
 clkload6/Y
Found 0 partially unannotated drivers.

===========================================================================
max slew violation count 0
max fanout violation count 0
max cap violation count 0
============================================================================

===========================================================================
check_setup -verbose -unconstrained_endpoints -multiple_clock -no_clock -no_input_delay -loops -generated_clocks
===========================================================================
Warning: There are 36 input ports missing set_input_delay.
  A_in[0]
  A_in[10]
  A_in[11]
  A_in[12]
  A_in[13]
  A_in[14]
  A_in[15]
  A_in[1]
  A_in[2]
  A_in[3]
  A_in[4]
  A_in[5]
  A_in[6]
  A_in[7]
  A_in[8]
  A_in[9]
  B_in[0]
  B_in[10]
  B_in[11]
  B_in[12]
  B_in[13]
  B_in[14]
  B_in[15]
  B_in[1]
  B_in[2]
  B_in[3]
  B_in[4]
  B_in[5]
  B_in[6]
  B_in[7]
  B_in[8]
  B_in[9]
  Op_Sel[0]
  Op_Sel[1]
  Start
  rst_n
Warning: There are 17 unconstrained endpoints.
  Done
  X_out[0]
  X_out[10]
  X_out[11]
  X_out[12]
  X_out[13]
  X_out[14]
  X_out[15]
  X_out[1]
  X_out[2]
  X_out[3]
  X_out[4]
  X_out[5]
  X_out[6]
  X_out[7]
  X_out[8]
  X_out[9]
