Clock: clk
Sources: clk 
Generated: no
Virtual: yes
Propagated: no
Period: 140.000000

===========================================================================
report_clock_properties
============================================================================
Clock                   Period          Waveform
----------------------------------------------------
clk                 140.000000    0.000000 70.000000

===========================================================================
report_clock_latency
============================================================================
Clock clk
rise -> rise
    min     max
0.000000 0.000000 source latency
0.758069         network latency _3222_/CLK
        0.796169 network latency _3298_/CLK
---------------
0.758069 0.796169 latency
        0.038101 skew

fall -> fall
    min     max
0.000000 0.000000 source latency
0.726565         network latency _3222_/CLK
        0.757396 network latency _3298_/CLK
---------------
0.726565 0.757396 latency
        0.030830 skew



===========================================================================
report_clock_min_period
============================================================================
clk period_min = 23.21 fmax = 43.08
