
===========================================================================
Violator List
============================================================================
[setup reg-reg] _3302_/Q -> _3238_/D : -5.436424
[setup reg-reg] _3302_/Q -> _3237_/D : -5.426756
[setup reg-reg] _3302_/Q -> _3236_/D : -5.224636
[setup reg-reg] _3302_/Q -> _3239_/D : -5.035322
[setup reg-reg] _3286_/Q -> _3234_/D : -4.889478
[setup reg-reg] _3286_/Q -> _3233_/D : -4.775795
[setup reg-reg] _3286_/Q -> _3232_/D : -4.693458
[setup reg-reg] _3286_/Q -> _3235_/D : -4.436930
[setup reg-reg] _3254_/Q -> _3312_/D : -3.910859
[setup reg-reg] _3304_/Q -> _3228_/D : -3.899764
[setup reg-reg] _3254_/Q -> _3311_/D : -3.785380
[setup reg-reg] _3254_/Q -> _3315_/D : -3.715263
[setup reg-reg] _3254_/Q -> _3310_/D : -3.681275
[setup reg-reg] _3304_/Q -> _3227_/D : -3.641305
[setup reg-reg] _3254_/Q -> _3309_/D : -3.597271
[setup reg-reg] _3254_/Q -> _3308_/D : -3.568717
[setup reg-reg] _3254_/Q -> _3307_/D : -3.555062
[setup reg-reg] _3254_/Q -> _3314_/D : -3.546380
[setup reg-reg] _3304_/Q -> _3229_/D : -3.535827
[setup reg-reg] _3254_/Q -> _3313_/D : -3.516582
[setup reg-reg] _3287_/Q -> _3216_/D : -3.428236
[setup reg-reg] _3287_/Q -> _3215_/D : -3.287238
[setup reg-reg] _3254_/Q -> _3306_/D : -3.279649
[setup reg-reg] _3287_/Q -> _3217_/D : -3.176788
[setup reg-reg] _3254_/Q -> _3316_/D : -3.017433
[setup reg-reg] _3286_/Q -> _3214_/D : -2.993168
[setup reg-reg] _3286_/Q -> _3213_/D : -2.866127
[setup reg-reg] _3286_/Q -> _3212_/D : -2.742811
[setup reg-reg] _3302_/Q -> _3225_/D : -2.683555
[setup reg-reg] _3302_/Q -> _3224_/D : -2.660992
[setup reg-reg] _3302_/Q -> _3226_/D : -2.456407
[setup reg-reg] _3238_/Q -> _3257_/D : -1.907040
[setup reg-reg] _3238_/Q -> _3255_/D : -1.706372
[setup reg-reg] _3238_/Q -> _3256_/D : -1.654043
[setup reg-reg] _3238_/Q -> _3254_/D : -1.486323
[setup reg-reg] _3288_/Q -> _3218_/D : -1.177134
[setup reg-reg] _3288_/Q -> _3219_/D : -1.082496
[setup reg-reg] _3304_/Q -> _3231_/D : -0.672021
[setup reg-reg] _3304_/Q -> _3230_/D : -0.669107
Writing metric timing__hold_vio__count__corner:nom_tt_025C_1v80: 0
Writing metric timing__hold_r2r__ws__corner:nom_tt_025C_1v80: 0.250779
Writing metric timing__hold_r2r_vio__count__corner:nom_tt_025C_1v80: 0
Writing metric timing__setup_vio__count__corner:nom_tt_025C_1v80: 39
Writing metric timing__setup_r2r__ws__corner:nom_tt_025C_1v80: -5.436424
Writing metric timing__setup_r2r_vio__count__corner:nom_tt_025C_1v80: 39
