Clock: clk
Sources: clk 
Generated: no
Virtual: yes
Propagated: no
Period: 180.000000

===========================================================================
report_clock_properties
============================================================================
Clock                   Period          Waveform
----------------------------------------------------
clk                 180.000000    0.000000 90.000000

===========================================================================
report_clock_latency
============================================================================
Clock clk
rise -> rise
    min     max
0.000000 0.000000 source latency
0.304928         network latency _3222_/CLK
        0.324698 network latency _3296_/CLK
---------------
0.304928 0.324698 latency
        0.019771 skew

fall -> fall
    min     max
0.000000 0.000000 source latency
0.288011         network latency _3222_/CLK
        0.304198 network latency _3296_/CLK
---------------
0.288011 0.304198 latency
        0.016186 skew



===========================================================================
report_clock_min_period
============================================================================
clk period_min = 6.62 fmax = 151.02
