
===========================================================================
report_checks -unconstrained
===========================================================================
======================= nom_ss_100C_1v60 Corner ===================================

Startpoint: _3302_ (rising edge-triggered flip-flop clocked by clk)
Endpoint: _3238_ (rising edge-triggered flip-flop clocked by clk)
Path Group: clk
Path Type: max

Fanout         Cap        Slew       Delay        Time   Description
---------------------------------------------------------------------------------------------
                                  0.000000    0.000000   clock clk (rise edge)
                                  0.000000    0.000000   clock source latency
     2    0.042495    0.000000    0.000000    0.000000 ^ clk (in)
                                                         clk (net)
                      0.002256    0.001128    0.001128 ^ clkbuf_0_clk/A (sky130_fd_sc_hd__clkbuf_16)
    17    0.169240    0.273943    0.357320    0.358448 ^ clkbuf_0_clk/X (sky130_fd_sc_hd__clkbuf_16)
                                                         clknet_0_clk (net)
                      0.274293    0.008077    0.366525 ^ clkbuf_3_0__f_clk/A (sky130_fd_sc_hd__clkbuf_16)
    25    0.093354    0.167201    0.398800    0.765325 ^ clkbuf_3_0__f_clk/X (sky130_fd_sc_hd__clkbuf_16)
                                                         clknet_3_0__leaf_clk (net)
                      0.167276    0.003317    0.768642 ^ _3302_/CLK (sky130_fd_sc_hd__dfrtp_4)
     6    0.024938    0.165591    1.111979    1.880621 v _3302_/Q (sky130_fd_sc_hd__dfrtp_4)
                                                         B_reg[12] (net)
                      0.166357    0.001200    1.881821 v _1910_/C (sky130_fd_sc_hd__and3_1)
     3    0.007540    0.109143    0.450566    2.332386 v _1910_/X (sky130_fd_sc_hd__and3_1)
                                                         _1175_ (net)
                      0.109143    0.000203    2.332589 v _2300_/A (sky130_fd_sc_hd__or4_4)
     4    0.009429    0.172325    1.093596    3.426185 v _2300_/X (sky130_fd_sc_hd__or4_4)
                                                         _1553_ (net)
                      0.172325    0.000187    3.426372 v _2304_/A1 (sky130_fd_sc_hd__a21o_1)
     3    0.007995    0.100495    0.371571    3.797944 v _2304_/X (sky130_fd_sc_hd__a21o_1)
                                                         _1557_ (net)
                      0.100495    0.000219    3.798163 v _2307_/A2 (sky130_fd_sc_hd__a21oi_1)
     3    0.010848    0.411434    0.426513    4.224676 ^ _2307_/Y (sky130_fd_sc_hd__a21oi_1)
                                                         _1560_ (net)
                      0.411434    0.000164    4.224841 ^ _2311_/B (sky130_fd_sc_hd__xor2_1)
     3    0.010537    0.405466    0.523129    4.747970 ^ _2311_/X (sky130_fd_sc_hd__xor2_1)
                                                         _1564_ (net)
                      0.405466    0.000270    4.748239 ^ _2313_/A2 (sky130_fd_sc_hd__a21o_1)
     4    0.010927    0.165670    0.412343    5.160583 ^ _2313_/X (sky130_fd_sc_hd__a21o_1)
                                                         _1566_ (net)
                      0.165670    0.000277    5.160859 ^ _2318_/A1 (sky130_fd_sc_hd__a21oi_1)
     3    0.011425    0.214270    0.259015    5.419875 v _2318_/Y (sky130_fd_sc_hd__a21oi_1)
                                                         _1571_ (net)
                      0.214270    0.000191    5.420066 v _2321_/B (sky130_fd_sc_hd__or3_4)
     3    0.007266    0.128435    0.786900    6.206966 v _2321_/X (sky130_fd_sc_hd__or3_4)
                                                         _1574_ (net)
                      0.128435    0.000119    6.207085 v _2326_/A1 (sky130_fd_sc_hd__a21o_1)
     4    0.010399    0.119790    0.370772    6.577857 v _2326_/X (sky130_fd_sc_hd__a21o_1)
                                                         _1579_ (net)
                      0.119790    0.000250    6.578107 v _2328_/A (sky130_fd_sc_hd__and3_1)
     2    0.006225    0.098646    0.346337    6.924445 v _2328_/X (sky130_fd_sc_hd__and3_1)
                                                         _1581_ (net)
                      0.098646    0.000172    6.924617 v _2330_/A (sky130_fd_sc_hd__or3_4)
     2    0.004994    0.118846    0.760026    7.684643 v _2330_/X (sky130_fd_sc_hd__or3_4)
                                                         _1583_ (net)
                      0.118846    0.000128    7.684771 v _2334_/A1 (sky130_fd_sc_hd__a21o_1)
     5    0.014409    0.147448    0.396245    8.081017 v _2334_/X (sky130_fd_sc_hd__a21o_1)
                                                         _1587_ (net)
                      0.147448    0.000312    8.081327 v _2338_/A (sky130_fd_sc_hd__and3_1)
     2    0.006185    0.098339    0.359228    8.440556 v _2338_/X (sky130_fd_sc_hd__and3_1)
                                                         _1591_ (net)
                      0.098339    0.000170    8.440725 v _2345_/C (sky130_fd_sc_hd__or3_4)
     3    0.008536    0.131604    0.680221    9.120947 v _2345_/X (sky130_fd_sc_hd__or3_4)
                                                         _1598_ (net)
                      0.131604    0.000193    9.121140 v _2347_/A1 (sky130_fd_sc_hd__a21o_1)
     4    0.011123    0.125762    0.377635    9.498775 v _2347_/X (sky130_fd_sc_hd__a21o_1)
                                                         _1600_ (net)
                      0.125762    0.000300    9.499075 v _2350_/B (sky130_fd_sc_hd__and3_1)
     2    0.005980    0.096748    0.388580    9.887654 v _2350_/X (sky130_fd_sc_hd__and3_1)
                                                         _1603_ (net)
                      0.096748    0.000192    9.887846 v _2352_/C (sky130_fd_sc_hd__or3_4)
     3    0.008991    0.132745    0.681905   10.569752 v _2352_/X (sky130_fd_sc_hd__or3_4)
                                                         _0106_ (net)
                      0.132745    0.000257   10.570008 v _2355_/A1 (sky130_fd_sc_hd__a21o_1)
     4    0.012238    0.135021    0.386551   10.956559 v _2355_/X (sky130_fd_sc_hd__a21o_1)
                                                         _0109_ (net)
                      0.135021    0.000308   10.956868 v _2362_/A (sky130_fd_sc_hd__and3_1)
     2    0.005950    0.096525    0.351377   11.308245 v _2362_/X (sky130_fd_sc_hd__and3_1)
                                                         _0116_ (net)
                      0.096525    0.000149   11.308393 v _2364_/C (sky130_fd_sc_hd__or3_4)
     2    0.005846    0.122566    0.664116   11.972509 v _2364_/X (sky130_fd_sc_hd__or3_4)
                                                         _0118_ (net)
                      0.122566    0.000185   11.972694 v _2366_/A1 (sky130_fd_sc_hd__a21o_1)
     3    0.007005    0.092680    0.342509   12.315204 v _2366_/X (sky130_fd_sc_hd__a21o_1)
                                                         _0120_ (net)
                      0.092680    0.000171   12.315374 v _2370_/A (sky130_fd_sc_hd__and3_1)
     2    0.005823    0.095545    0.330107   12.645481 v _2370_/X (sky130_fd_sc_hd__and3_1)
                                                         _0124_ (net)
                      0.095545    0.000151   12.645633 v _2372_/C (sky130_fd_sc_hd__or3_4)
     3    0.009484    0.133951    0.683945   13.329577 v _2372_/X (sky130_fd_sc_hd__or3_4)
                                                         _0126_ (net)
                      0.133951    0.000147   13.329724 v _2378_/A1 (sky130_fd_sc_hd__a21o_1)
     4    0.009293    0.110800    0.364836   13.694561 v _2378_/X (sky130_fd_sc_hd__a21o_1)
                                                         _0132_ (net)
                      0.110800    0.000105   13.694665 v _2383_/A (sky130_fd_sc_hd__and3_1)
     2    0.007923    0.112289    0.355932   14.050597 v _2383_/X (sky130_fd_sc_hd__and3_1)
                                                         _0137_ (net)
                      0.112289    0.000203   14.050801 v _2385_/C (sky130_fd_sc_hd__or3_4)
     3    0.008266    0.130849    0.683634   14.734434 v _2385_/X (sky130_fd_sc_hd__or3_4)
                                                         _0139_ (net)
                      0.130849    0.000182   14.734616 v _2387_/A1 (sky130_fd_sc_hd__a21o_1)
     4    0.012144    0.134159    0.385076   15.119693 v _2387_/X (sky130_fd_sc_hd__a21o_1)
                                                         _0141_ (net)
                      0.134159    0.000201   15.119893 v _2390_/A (sky130_fd_sc_hd__and3_1)
     3    0.011077    0.139121    0.392848   15.512742 v _2390_/X (sky130_fd_sc_hd__and3_1)
                                                         _0144_ (net)
                      0.139121    0.000222   15.512964 v _2392_/C (sky130_fd_sc_hd__or3_4)
     3    0.007077    0.127829    0.686899   16.199863 v _2392_/X (sky130_fd_sc_hd__or3_4)
                                                         _0146_ (net)
                      0.127829    0.000142   16.200005 v _2397_/A1 (sky130_fd_sc_hd__a21o_1)
     4    0.010644    0.121780    0.372387   16.572392 v _2397_/X (sky130_fd_sc_hd__a21o_1)
                                                         _0151_ (net)
                      0.121780    0.000149   16.572540 v _2406_/A (sky130_fd_sc_hd__and3_1)
     2    0.006502    0.100804    0.349557   16.922098 v _2406_/X (sky130_fd_sc_hd__and3_1)
                                                         _0160_ (net)
                      0.100804    0.000133   16.922232 v _2408_/C (sky130_fd_sc_hd__or3_4)
     3    0.007193    0.128262    0.674447   17.596678 v _2408_/X (sky130_fd_sc_hd__or3_4)
                                                         _0162_ (net)
                      0.128262    0.000158   17.596836 v _2410_/A1 (sky130_fd_sc_hd__a21o_1)
     3    0.007118    0.093633    0.345826   17.942663 v _2410_/X (sky130_fd_sc_hd__a21o_1)
                                                         _0164_ (net)
                      0.093633    0.000187   17.942850 v _2413_/A (sky130_fd_sc_hd__and3_1)
     2    0.005940    0.096434    0.331521   18.274370 v _2413_/X (sky130_fd_sc_hd__and3_1)
                                                         _0167_ (net)
                      0.096434    0.000137   18.274508 v _2415_/C (sky130_fd_sc_hd__or3_4)
     3    0.007025    0.127911    0.672134   18.946642 v _2415_/X (sky130_fd_sc_hd__or3_4)
                                                         _0169_ (net)
                      0.127911    0.000174   18.946815 v _2420_/A1 (sky130_fd_sc_hd__a21o_1)
     4    0.011554    0.129314    0.379286   19.326101 v _2420_/X (sky130_fd_sc_hd__a21o_1)
                                                         _0174_ (net)
                      0.129314    0.000213   19.326315 v _2428_/A1 (sky130_fd_sc_hd__a21bo_1)
     1    0.004388    0.075549    0.344963   19.671278 v _2428_/X (sky130_fd_sc_hd__a21bo_1)
                                                         _0180_ (net)
                      0.075549    0.000085   19.671364 v _2429_/B (sky130_fd_sc_hd__xor2_1)
     1    0.002686    0.123503    0.262711   19.934074 v _2429_/X (sky130_fd_sc_hd__xor2_1)
                                                         _0181_ (net)
                      0.123503    0.000057   19.934132 v _2430_/A1 (sky130_fd_sc_hd__mux2_4)
     1    0.002189    0.076461    0.483073   20.417204 v _2430_/X (sky130_fd_sc_hd__mux2_4)
                                                         _0025_ (net)
                      0.076461    0.000043   20.417248 v _3238_/D (sky130_fd_sc_hd__dfrtp_4)
                                             20.417248   data arrival time

                                 10.125000   10.125000   clock clk (rise edge)
                                  0.000000   10.125000   clock source latency
     2    0.042495    0.000000    0.000000   10.125000 ^ clk (in)
                                                         clk (net)
                      0.002256    0.001128   10.126128 ^ clkbuf_0_clk/A (sky130_fd_sc_hd__clkbuf_16)
    17    0.169240    0.273943    0.357320   10.483447 ^ clkbuf_0_clk/X (sky130_fd_sc_hd__clkbuf_16)
                                                         clknet_0_clk (net)
                      0.274270    0.007813   10.491261 ^ clkbuf_3_3__f_clk/A (sky130_fd_sc_hd__clkbuf_16)
    35    0.097809    0.173432    0.403006   10.894266 ^ clkbuf_3_3__f_clk/X (sky130_fd_sc_hd__clkbuf_16)
                                                         clknet_3_3__leaf_clk (net)
                      0.173536    0.003907   10.898173 ^ _3238_/CLK (sky130_fd_sc_hd__dfrtp_4)
                                 -0.100000   10.798173   clock uncertainty
                                  0.000000   10.798173   clock reconvergence pessimism
                                 -0.249951   10.548223   library setup time
                                             10.548223   data required time
---------------------------------------------------------------------------------------------
                                             10.548223   data required time
                                            -20.417248   data arrival time
---------------------------------------------------------------------------------------------
                                             -9.869025   slack (VIOLATED)




===========================================================================
report_checks --slack_max -0.01
============================================================================
======================= nom_ss_100C_1v60 Corner ===================================

Startpoint: _3302_ (rising edge-triggered flip-flop clocked by clk)
Endpoint: _3238_ (rising edge-triggered flip-flop clocked by clk)
Path Group: clk
Path Type: max

Fanout         Cap        Slew       Delay        Time   Description
---------------------------------------------------------------------------------------------
                                  0.000000    0.000000   clock clk (rise edge)
                                  0.000000    0.000000   clock source latency
     2    0.042495    0.000000    0.000000    0.000000 ^ clk (in)
                                                         clk (net)
                      0.002256    0.001128    0.001128 ^ clkbuf_0_clk/A (sky130_fd_sc_hd__clkbuf_16)
    17    0.169240    0.273943    0.357320    0.358448 ^ clkbuf_0_clk/X (sky130_fd_sc_hd__clkbuf_16)
                                                         clknet_0_clk (net)
                      0.274293    0.008077    0.366525 ^ clkbuf_3_0__f_clk/A (sky130_fd_sc_hd__clkbuf_16)
    25    0.093354    0.167201    0.398800    0.765325 ^ clkbuf_3_0__f_clk/X (sky130_fd_sc_hd__clkbuf_16)
                                                         clknet_3_0__leaf_clk (net)
                      0.167276    0.003317    0.768642 ^ _3302_/CLK (sky130_fd_sc_hd__dfrtp_4)
     6    0.024938    0.165591    1.111979    1.880621 v _3302_/Q (sky130_fd_sc_hd__dfrtp_4)
                                                         B_reg[12] (net)
                      0.166357    0.001200    1.881821 v _1910_/C (sky130_fd_sc_hd__and3_1)
     3    0.007540    0.109143    0.450566    2.332386 v _1910_/X (sky130_fd_sc_hd__and3_1)
                                                         _1175_ (net)
                      0.109143    0.000203    2.332589 v _2300_/A (sky130_fd_sc_hd__or4_4)
     4    0.009429    0.172325    1.093596    3.426185 v _2300_/X (sky130_fd_sc_hd__or4_4)
                                                         _1553_ (net)
                      0.172325    0.000187    3.426372 v _2304_/A1 (sky130_fd_sc_hd__a21o_1)
     3    0.007995    0.100495    0.371571    3.797944 v _2304_/X (sky130_fd_sc_hd__a21o_1)
                                                         _1557_ (net)
                      0.100495    0.000219    3.798163 v _2307_/A2 (sky130_fd_sc_hd__a21oi_1)
     3    0.010848    0.411434    0.426513    4.224676 ^ _2307_/Y (sky130_fd_sc_hd__a21oi_1)
                                                         _1560_ (net)
                      0.411434    0.000164    4.224841 ^ _2311_/B (sky130_fd_sc_hd__xor2_1)
     3    0.010537    0.405466    0.523129    4.747970 ^ _2311_/X (sky130_fd_sc_hd__xor2_1)
                                                         _1564_ (net)
                      0.405466    0.000270    4.748239 ^ _2313_/A2 (sky130_fd_sc_hd__a21o_1)
     4    0.010927    0.165670    0.412343    5.160583 ^ _2313_/X (sky130_fd_sc_hd__a21o_1)
                                                         _1566_ (net)
                      0.165670    0.000277    5.160859 ^ _2318_/A1 (sky130_fd_sc_hd__a21oi_1)
     3    0.011425    0.214270    0.259015    5.419875 v _2318_/Y (sky130_fd_sc_hd__a21oi_1)
                                                         _1571_ (net)
                      0.214270    0.000191    5.420066 v _2321_/B (sky130_fd_sc_hd__or3_4)
     3    0.007266    0.128435    0.786900    6.206966 v _2321_/X (sky130_fd_sc_hd__or3_4)
                                                         _1574_ (net)
                      0.128435    0.000119    6.207085 v _2326_/A1 (sky130_fd_sc_hd__a21o_1)
     4    0.010399    0.119790    0.370772    6.577857 v _2326_/X (sky130_fd_sc_hd__a21o_1)
                                                         _1579_ (net)
                      0.119790    0.000250    6.578107 v _2328_/A (sky130_fd_sc_hd__and3_1)
     2    0.006225    0.098646    0.346337    6.924445 v _2328_/X (sky130_fd_sc_hd__and3_1)
                                                         _1581_ (net)
                      0.098646    0.000172    6.924617 v _2330_/A (sky130_fd_sc_hd__or3_4)
     2    0.004994    0.118846    0.760026    7.684643 v _2330_/X (sky130_fd_sc_hd__or3_4)
                                                         _1583_ (net)
                      0.118846    0.000128    7.684771 v _2334_/A1 (sky130_fd_sc_hd__a21o_1)
     5    0.014409    0.147448    0.396245    8.081017 v _2334_/X (sky130_fd_sc_hd__a21o_1)
                                                         _1587_ (net)
                      0.147448    0.000312    8.081327 v _2338_/A (sky130_fd_sc_hd__and3_1)
     2    0.006185    0.098339    0.359228    8.440556 v _2338_/X (sky130_fd_sc_hd__and3_1)
                                                         _1591_ (net)
                      0.098339    0.000170    8.440725 v _2345_/C (sky130_fd_sc_hd__or3_4)
     3    0.008536    0.131604    0.680221    9.120947 v _2345_/X (sky130_fd_sc_hd__or3_4)
                                                         _1598_ (net)
                      0.131604    0.000193    9.121140 v _2347_/A1 (sky130_fd_sc_hd__a21o_1)
     4    0.011123    0.125762    0.377635    9.498775 v _2347_/X (sky130_fd_sc_hd__a21o_1)
                                                         _1600_ (net)
                      0.125762    0.000300    9.499075 v _2350_/B (sky130_fd_sc_hd__and3_1)
     2    0.005980    0.096748    0.388580    9.887654 v _2350_/X (sky130_fd_sc_hd__and3_1)
                                                         _1603_ (net)
                      0.096748    0.000192    9.887846 v _2352_/C (sky130_fd_sc_hd__or3_4)
     3    0.008991    0.132745    0.681905   10.569752 v _2352_/X (sky130_fd_sc_hd__or3_4)
                                                         _0106_ (net)
                      0.132745    0.000257   10.570008 v _2355_/A1 (sky130_fd_sc_hd__a21o_1)
     4    0.012238    0.135021    0.386551   10.956559 v _2355_/X (sky130_fd_sc_hd__a21o_1)
                                                         _0109_ (net)
                      0.135021    0.000308   10.956868 v _2362_/A (sky130_fd_sc_hd__and3_1)
     2    0.005950    0.096525    0.351377   11.308245 v _2362_/X (sky130_fd_sc_hd__and3_1)
                                                         _0116_ (net)
                      0.096525    0.000149   11.308393 v _2364_/C (sky130_fd_sc_hd__or3_4)
     2    0.005846    0.122566    0.664116   11.972509 v _2364_/X (sky130_fd_sc_hd__or3_4)
                                                         _0118_ (net)
                      0.122566    0.000185   11.972694 v _2366_/A1 (sky130_fd_sc_hd__a21o_1)
     3    0.007005    0.092680    0.342509   12.315204 v _2366_/X (sky130_fd_sc_hd__a21o_1)
                                                         _0120_ (net)
                      0.092680    0.000171   12.315374 v _2370_/A (sky130_fd_sc_hd__and3_1)
     2    0.005823    0.095545    0.330107   12.645481 v _2370_/X (sky130_fd_sc_hd__and3_1)
                                                         _0124_ (net)
                      0.095545    0.000151   12.645633 v _2372_/C (sky130_fd_sc_hd__or3_4)
     3    0.009484    0.133951    0.683945   13.329577 v _2372_/X (sky130_fd_sc_hd__or3_4)
                                                         _0126_ (net)
                      0.133951    0.000147   13.329724 v _2378_/A1 (sky130_fd_sc_hd__a21o_1)
     4    0.009293    0.110800    0.364836   13.694561 v _2378_/X (sky130_fd_sc_hd__a21o_1)
                                                         _0132_ (net)
                      0.110800    0.000105   13.694665 v _2383_/A (sky130_fd_sc_hd__and3_1)
     2    0.007923    0.112289    0.355932   14.050597 v _2383_/X (sky130_fd_sc_hd__and3_1)
                                                         _0137_ (net)
                      0.112289    0.000203   14.050801 v _2385_/C (sky130_fd_sc_hd__or3_4)
     3    0.008266    0.130849    0.683634   14.734434 v _2385_/X (sky130_fd_sc_hd__or3_4)
                                                         _0139_ (net)
                      0.130849    0.000182   14.734616 v _2387_/A1 (sky130_fd_sc_hd__a21o_1)
     4    0.012144    0.134159    0.385076   15.119693 v _2387_/X (sky130_fd_sc_hd__a21o_1)
                                                         _0141_ (net)
                      0.134159    0.000201   15.119893 v _2390_/A (sky130_fd_sc_hd__and3_1)
     3    0.011077    0.139121    0.392848   15.512742 v _2390_/X (sky130_fd_sc_hd__and3_1)
                                                         _0144_ (net)
                      0.139121    0.000222   15.512964 v _2392_/C (sky130_fd_sc_hd__or3_4)
     3    0.007077    0.127829    0.686899   16.199863 v _2392_/X (sky130_fd_sc_hd__or3_4)
                                                         _0146_ (net)
                      0.127829    0.000142   16.200005 v _2397_/A1 (sky130_fd_sc_hd__a21o_1)
     4    0.010644    0.121780    0.372387   16.572392 v _2397_/X (sky130_fd_sc_hd__a21o_1)
                                                         _0151_ (net)
                      0.121780    0.000149   16.572540 v _2406_/A (sky130_fd_sc_hd__and3_1)
     2    0.006502    0.100804    0.349557   16.922098 v _2406_/X (sky130_fd_sc_hd__and3_1)
                                                         _0160_ (net)
                      0.100804    0.000133   16.922232 v _2408_/C (sky130_fd_sc_hd__or3_4)
     3    0.007193    0.128262    0.674447   17.596678 v _2408_/X (sky130_fd_sc_hd__or3_4)
                                                         _0162_ (net)
                      0.128262    0.000158   17.596836 v _2410_/A1 (sky130_fd_sc_hd__a21o_1)
     3    0.007118    0.093633    0.345826   17.942663 v _2410_/X (sky130_fd_sc_hd__a21o_1)
                                                         _0164_ (net)
                      0.093633    0.000187   17.942850 v _2413_/A (sky130_fd_sc_hd__and3_1)
     2    0.005940    0.096434    0.331521   18.274370 v _2413_/X (sky130_fd_sc_hd__and3_1)
                                                         _0167_ (net)
                      0.096434    0.000137   18.274508 v _2415_/C (sky130_fd_sc_hd__or3_4)
     3    0.007025    0.127911    0.672134   18.946642 v _2415_/X (sky130_fd_sc_hd__or3_4)
                                                         _0169_ (net)
                      0.127911    0.000174   18.946815 v _2420_/A1 (sky130_fd_sc_hd__a21o_1)
     4    0.011554    0.129314    0.379286   19.326101 v _2420_/X (sky130_fd_sc_hd__a21o_1)
                                                         _0174_ (net)
                      0.129314    0.000213   19.326315 v _2428_/A1 (sky130_fd_sc_hd__a21bo_1)
     1    0.004388    0.075549    0.344963   19.671278 v _2428_/X (sky130_fd_sc_hd__a21bo_1)
                                                         _0180_ (net)
                      0.075549    0.000085   19.671364 v _2429_/B (sky130_fd_sc_hd__xor2_1)
     1    0.002686    0.123503    0.262711   19.934074 v _2429_/X (sky130_fd_sc_hd__xor2_1)
                                                         _0181_ (net)
                      0.123503    0.000057   19.934132 v _2430_/A1 (sky130_fd_sc_hd__mux2_4)
     1    0.002189    0.076461    0.483073   20.417204 v _2430_/X (sky130_fd_sc_hd__mux2_4)
                                                         _0025_ (net)
                      0.076461    0.000043   20.417248 v _3238_/D (sky130_fd_sc_hd__dfrtp_4)
                                             20.417248   data arrival time

                                 10.125000   10.125000   clock clk (rise edge)
                                  0.000000   10.125000   clock source latency
     2    0.042495    0.000000    0.000000   10.125000 ^ clk (in)
                                                         clk (net)
                      0.002256    0.001128   10.126128 ^ clkbuf_0_clk/A (sky130_fd_sc_hd__clkbuf_16)
    17    0.169240    0.273943    0.357320   10.483447 ^ clkbuf_0_clk/X (sky130_fd_sc_hd__clkbuf_16)
                                                         clknet_0_clk (net)
                      0.274270    0.007813   10.491261 ^ clkbuf_3_3__f_clk/A (sky130_fd_sc_hd__clkbuf_16)
    35    0.097809    0.173432    0.403006   10.894266 ^ clkbuf_3_3__f_clk/X (sky130_fd_sc_hd__clkbuf_16)
                                                         clknet_3_3__leaf_clk (net)
                      0.173536    0.003907   10.898173 ^ _3238_/CLK (sky130_fd_sc_hd__dfrtp_4)
                                 -0.100000   10.798173   clock uncertainty
                                  0.000000   10.798173   clock reconvergence pessimism
                                 -0.249951   10.548223   library setup time
                                             10.548223   data required time
---------------------------------------------------------------------------------------------
                                             10.548223   data required time
                                            -20.417248   data arrival time
---------------------------------------------------------------------------------------------
                                             -9.869025   slack (VIOLATED)




===========================================================================
 report_check_types -max_slew -max_cap -max_fanout -violators
============================================================================
======================= nom_ss_100C_1v60 Corner ===================================



===========================================================================
report_parasitic_annotation -report_unannotated
============================================================================
Found 7 unannotated drivers.
 clkload0/Y
 clkload1/Y
 clkload2/Y
 clkload3/Y
 clkload4/Y
 clkload5/Y
 clkload6/Y
Found 0 partially unannotated drivers.

===========================================================================
max slew violation count 0
max fanout violation count 0
max cap violation count 0
============================================================================

===========================================================================
check_setup -verbose -unconstrained_endpoints -multiple_clock -no_clock -no_input_delay -loops -generated_clocks
===========================================================================
Warning: There are 36 input ports missing set_input_delay.
  A_in[0]
  A_in[10]
  A_in[11]
  A_in[12]
  A_in[13]
  A_in[14]
  A_in[15]
  A_in[1]
  A_in[2]
  A_in[3]
  A_in[4]
  A_in[5]
  A_in[6]
  A_in[7]
  A_in[8]
  A_in[9]
  B_in[0]
  B_in[10]
  B_in[11]
  B_in[12]
  B_in[13]
  B_in[14]
  B_in[15]
  B_in[1]
  B_in[2]
  B_in[3]
  B_in[4]
  B_in[5]
  B_in[6]
  B_in[7]
  B_in[8]
  B_in[9]
  Op_Sel[0]
  Op_Sel[1]
  Start
  rst_n
Warning: There are 17 unconstrained endpoints.
  Done
  X_out[0]
  X_out[10]
  X_out[11]
  X_out[12]
  X_out[13]
  X_out[14]
  X_out[15]
  X_out[1]
  X_out[2]
  X_out[3]
  X_out[4]
  X_out[5]
  X_out[6]
  X_out[7]
  X_out[8]
  X_out[9]
