Clock: clk
Sources: clk 
Generated: no
Virtual: yes
Propagated: no
Period: 10.125000

===========================================================================
report_clock_properties
============================================================================
Clock                   Period          Waveform
----------------------------------------------------
clk                  10.125000    0.000000  5.062500

===========================================================================
report_clock_latency
============================================================================
Clock clk
rise -> rise
    min     max
0.000000 0.000000 source latency
0.750952         network latency _3221_/CLK
        0.782999 network latency _3295_/CLK
---------------
0.750952 0.782999 latency
        0.032047 skew

fall -> fall
    min     max
0.000000 0.000000 source latency
0.720792         network latency _3221_/CLK
        0.746207 network latency _3295_/CLK
---------------
0.720792 0.746207 latency
        0.025415 skew



===========================================================================
report_clock_min_period
============================================================================
clk period_min = 19.99 fmax = 50.01
