
===========================================================================
report_checks -unconstrained
===========================================================================
======================= max_tt_025C_1v80 Corner ===================================

Startpoint: _3302_ (rising edge-triggered flip-flop clocked by clk)
Endpoint: _3237_ (rising edge-triggered flip-flop clocked by clk)
Path Group: clk
Path Type: max

Fanout         Cap        Slew       Delay        Time   Description
---------------------------------------------------------------------------------------------
                                  0.000000    0.000000   clock clk (rise edge)
                                  0.000000    0.000000   clock source latency
     2    0.041174    0.000000    0.000000    0.000000 ^ clk (in)
                                                         clk (net)
                      0.002955    0.001478    0.001478 ^ clkbuf_0_clk/A (sky130_fd_sc_hd__clkbuf_16)
    17    0.172426    0.184501    0.214799    0.216277 ^ clkbuf_0_clk/X (sky130_fd_sc_hd__clkbuf_16)
                                                         clknet_0_clk (net)
                      0.185908    0.012944    0.229221 ^ clkbuf_3_0__f_clk/A (sky130_fd_sc_hd__clkbuf_16)
    25    0.095165    0.112449    0.228122    0.457342 ^ clkbuf_3_0__f_clk/X (sky130_fd_sc_hd__clkbuf_16)
                                                         clknet_3_0__leaf_clk (net)
                      0.113015    0.006016    0.463359 ^ _3302_/CLK (sky130_fd_sc_hd__dfrtp_4)
     6    0.025070    0.086274    0.531624    0.994983 v _3302_/Q (sky130_fd_sc_hd__dfrtp_4)
                                                         B_reg[12] (net)
                      0.086364    0.002908    0.997891 v _1910_/C (sky130_fd_sc_hd__and3_1)
     3    0.007913    0.059472    0.217666    1.215557 v _1910_/X (sky130_fd_sc_hd__and3_1)
                                                         _1175_ (net)
                      0.059478    0.000634    1.216190 v _2300_/A (sky130_fd_sc_hd__or4_4)
     4    0.009793    0.093788    0.549638    1.765828 v _2300_/X (sky130_fd_sc_hd__or4_4)
                                                         _1553_ (net)
                      0.093788    0.000555    1.766383 v _2304_/A1 (sky130_fd_sc_hd__a21o_1)
     3    0.008609    0.058168    0.196864    1.963247 v _2304_/X (sky130_fd_sc_hd__a21o_1)
                                                         _1557_ (net)
                      0.058173    0.000538    1.963785 v _2307_/A2 (sky130_fd_sc_hd__a21oi_1)
     3    0.010850    0.254547    0.254716    2.218501 ^ _2307_/Y (sky130_fd_sc_hd__a21oi_1)
                                                         _1560_ (net)
                      0.254548    0.000382    2.218883 ^ _2311_/B (sky130_fd_sc_hd__xor2_1)
     3    0.010408    0.246500    0.271084    2.489967 ^ _2311_/X (sky130_fd_sc_hd__xor2_1)
                                                         _1564_ (net)
                      0.246502    0.000582    2.490549 ^ _2313_/A2 (sky130_fd_sc_hd__a21o_1)
     4    0.011094    0.104310    0.204136    2.694686 ^ _2313_/X (sky130_fd_sc_hd__a21o_1)
                                                         _1566_ (net)
                      0.104312    0.000638    2.695324 ^ _2318_/A1 (sky130_fd_sc_hd__a21oi_1)
     3    0.011826    0.100504    0.121338    2.816662 v _2318_/Y (sky130_fd_sc_hd__a21oi_1)
                                                         _1571_ (net)
                      0.100510    0.000635    2.817297 v _2321_/B (sky130_fd_sc_hd__or3_4)
     3    0.007625    0.070910    0.389187    3.206484 v _2321_/X (sky130_fd_sc_hd__or3_4)
                                                         _1574_ (net)
                      0.070910    0.000259    3.206743 v _2326_/A1 (sky130_fd_sc_hd__a21o_1)
     4    0.010230    0.063476    0.194081    3.400824 v _2326_/X (sky130_fd_sc_hd__a21o_1)
                                                         _1579_ (net)
                      0.063480    0.000558    3.401381 v _2328_/A (sky130_fd_sc_hd__and3_1)
     2    0.007336    0.056789    0.168682    3.570063 v _2328_/X (sky130_fd_sc_hd__and3_1)
                                                         _1581_ (net)
                      0.056792    0.000478    3.570541 v _2330_/A (sky130_fd_sc_hd__or3_4)
     3    0.007259    0.070450    0.390993    3.961534 v _2330_/X (sky130_fd_sc_hd__or3_4)
                                                         _1583_ (net)
                      0.070450    0.000464    3.961998 v _2334_/A1 (sky130_fd_sc_hd__a21o_1)
     4    0.011214    0.067453    0.197369    4.159367 v _2334_/X (sky130_fd_sc_hd__a21o_1)
                                                         _1587_ (net)
                      0.067456    0.000573    4.159940 v rebuffer14/A (sky130_fd_sc_hd__dlymetal6s2s_1)
     2    0.007658    0.057589    0.163977    4.323916 v rebuffer14/X (sky130_fd_sc_hd__dlymetal6s2s_1)
                                                         net67 (net)
                      0.057591    0.000430    4.324347 v _2343_/A1 (sky130_fd_sc_hd__a21bo_1)
     1    0.004788    0.042985    0.176421    4.500767 v _2343_/X (sky130_fd_sc_hd__a21bo_1)
                                                         _1596_ (net)
                      0.042987    0.000334    4.501101 v _2344_/B1 (sky130_fd_sc_hd__a22o_1)
     2    0.006696    0.058252    0.194626    4.695727 v _2344_/X (sky130_fd_sc_hd__a22o_1)
                                                         _1597_ (net)
                      0.058255    0.000448    4.696175 v _2347_/B1 (sky130_fd_sc_hd__a21o_1)
     4    0.011128    0.067044    0.190335    4.886510 v _2347_/X (sky130_fd_sc_hd__a21o_1)
                                                         _1600_ (net)
                      0.067049    0.000646    4.887156 v _2348_/A2 (sky130_fd_sc_hd__a21oi_1)
     3    0.014785    0.329986    0.313447    5.200603 ^ _2348_/Y (sky130_fd_sc_hd__a21oi_1)
                                                         _1601_ (net)
                      0.329991    0.001105    5.201708 ^ _2349_/B (sky130_fd_sc_hd__xnor2_1)
     3    0.012121    0.127867    0.181193    5.382901 v _2349_/Y (sky130_fd_sc_hd__xnor2_1)
                                                         _1602_ (net)
                      0.127868    0.000631    5.383532 v _2355_/A2 (sky130_fd_sc_hd__a21o_1)
     4    0.010336    0.063874    0.238402    5.621933 v _2355_/X (sky130_fd_sc_hd__a21o_1)
                                                         _0109_ (net)
                      0.063884    0.000829    5.622762 v _2360_/A1 (sky130_fd_sc_hd__a21oi_1)
     3    0.012664    0.289408    0.263347    5.886109 ^ _2360_/Y (sky130_fd_sc_hd__a21oi_1)
                                                         _0114_ (net)
                      0.289413    0.001058    5.887168 ^ _2361_/B (sky130_fd_sc_hd__xnor2_1)
     3    0.016147    0.380083    0.257970    6.145137 ^ _2361_/Y (sky130_fd_sc_hd__xnor2_1)
                                                         _0115_ (net)
                      0.380087    0.001082    6.146220 ^ _2366_/A2 (sky130_fd_sc_hd__a21o_1)
     4    0.010256    0.098067    0.219218    6.365438 ^ _2366_/X (sky130_fd_sc_hd__a21o_1)
                                                         _0120_ (net)
                      0.098068    0.000562    6.366000 ^ _2369_/A1 (sky130_fd_sc_hd__a21oi_1)
     3    0.012769    0.107099    0.124002    6.490002 v _2369_/Y (sky130_fd_sc_hd__a21oi_1)
                                                         _0123_ (net)
                      0.107142    0.000714    6.490716 v _2372_/B (sky130_fd_sc_hd__or3_4)
     3    0.008846    0.072859    0.395313    6.886029 v _2372_/X (sky130_fd_sc_hd__or3_4)
                                                         _0126_ (net)
                      0.072859    0.000289    6.886318 v _2378_/A1 (sky130_fd_sc_hd__a21o_1)
     3    0.006846    0.050409    0.180391    7.066709 v _2378_/X (sky130_fd_sc_hd__a21o_1)
                                                         _0132_ (net)
                      0.050409    0.000205    7.066914 v _2383_/C (sky130_fd_sc_hd__and3_1)
     2    0.007281    0.056475    0.198294    7.265208 v _2383_/X (sky130_fd_sc_hd__and3_1)
                                                         _0137_ (net)
                      0.056477    0.000436    7.265644 v _2385_/C (sky130_fd_sc_hd__or3_4)
     3    0.008569    0.072432    0.338359    7.604003 v _2385_/X (sky130_fd_sc_hd__or3_4)
                                                         _0139_ (net)
                      0.072432    0.000441    7.604444 v _2387_/A1 (sky130_fd_sc_hd__a21o_1)
     4    0.012725    0.073511    0.203515    7.807958 v _2387_/X (sky130_fd_sc_hd__a21o_1)
                                                         _0141_ (net)
                      0.073517    0.000719    7.808677 v _2390_/A (sky130_fd_sc_hd__and3_1)
     3    0.011026    0.071190    0.188181    7.996858 v _2390_/X (sky130_fd_sc_hd__and3_1)
                                                         _0144_ (net)
                      0.071204    0.000993    7.997850 v _2392_/C (sky130_fd_sc_hd__or3_4)
     3    0.007186    0.070187    0.339059    8.336910 v _2392_/X (sky130_fd_sc_hd__or3_4)
                                                         _0146_ (net)
                      0.070187    0.000427    8.337337 v _2397_/A1 (sky130_fd_sc_hd__a21o_1)
     4    0.011223    0.067401    0.197341    8.534678 v _2397_/X (sky130_fd_sc_hd__a21o_1)
                                                         _0151_ (net)
                      0.067403    0.000515    8.535193 v _2406_/A (sky130_fd_sc_hd__and3_1)
     2    0.006869    0.054562    0.168261    8.703454 v _2406_/X (sky130_fd_sc_hd__and3_1)
                                                         _0160_ (net)
                      0.054564    0.000413    8.703867 v _2408_/C (sky130_fd_sc_hd__or3_4)
     3    0.008560    0.072403    0.337652    9.041519 v _2408_/X (sky130_fd_sc_hd__or3_4)
                                                         _0162_ (net)
                      0.072403    0.000505    9.042025 v _2410_/A1 (sky130_fd_sc_hd__a21o_1)
     3    0.007563    0.053742    0.183348    9.225372 v _2410_/X (sky130_fd_sc_hd__a21o_1)
                                                         _0164_ (net)
                      0.053744    0.000413    9.225785 v _2413_/A (sky130_fd_sc_hd__and3_1)
     2    0.006236    0.051672    0.159212    9.384998 v _2413_/X (sky130_fd_sc_hd__and3_1)
                                                         _0167_ (net)
                      0.051673    0.000336    9.385334 v _2415_/C (sky130_fd_sc_hd__or3_4)
     3    0.006642    0.069403    0.331039    9.716372 v _2415_/X (sky130_fd_sc_hd__or3_4)
                                                         _0169_ (net)
                      0.069403    0.000316    9.716689 v _2420_/A1 (sky130_fd_sc_hd__a21o_1)
     3    0.009035    0.059176    0.188770    9.905459 v _2420_/X (sky130_fd_sc_hd__a21o_1)
                                                         _0174_ (net)
                      0.059178    0.000480    9.905938 v _2423_/A1 (sky130_fd_sc_hd__a21o_1)
     2    0.008815    0.058677    0.183491   10.089429 v _2423_/X (sky130_fd_sc_hd__a21o_1)
                                                         _0177_ (net)
                      0.058683    0.000624   10.090053 v _2426_/B (sky130_fd_sc_hd__xnor2_1)
     1    0.003268    0.057101    0.125672   10.215725 v _2426_/Y (sky130_fd_sc_hd__xnor2_1)
                                                         _0179_ (net)
                      0.057101    0.000139   10.215864 v _2427_/A1 (sky130_fd_sc_hd__mux2_4)
     1    0.002951    0.048016    0.254833   10.470697 v _2427_/X (sky130_fd_sc_hd__mux2_4)
                                                         _0024_ (net)
                      0.048016    0.000195   10.470893 v _3237_/D (sky130_fd_sc_hd__dfrtp_4)
                                             10.470893   data arrival time

                                 10.000000   10.000000   clock clk (rise edge)
                                  0.000000   10.000000   clock source latency
     2    0.041174    0.000000    0.000000   10.000000 ^ clk (in)
                                                         clk (net)
                      0.002955    0.001478   10.001478 ^ clkbuf_0_clk/A (sky130_fd_sc_hd__clkbuf_16)
    17    0.172426    0.184501    0.214799   10.216277 ^ clkbuf_0_clk/X (sky130_fd_sc_hd__clkbuf_16)
                                                         clknet_0_clk (net)
                      0.185763    0.012278   10.228555 ^ clkbuf_3_3__f_clk/A (sky130_fd_sc_hd__clkbuf_16)
    35    0.103403    0.120524    0.232716   10.461271 ^ clkbuf_3_3__f_clk/X (sky130_fd_sc_hd__clkbuf_16)
                                                         clknet_3_3__leaf_clk (net)
                      0.120904    0.005543   10.466814 ^ _3237_/CLK (sky130_fd_sc_hd__dfrtp_4)
                                 -0.100000   10.366815   clock uncertainty
                                  0.000000   10.366815   clock reconvergence pessimism
                                 -0.098215   10.268599   library setup time
                                             10.268599   data required time
---------------------------------------------------------------------------------------------
                                             10.268599   data required time
                                            -10.470893   data arrival time
---------------------------------------------------------------------------------------------
                                             -0.202294   slack (VIOLATED)




===========================================================================
report_checks --slack_max -0.01
============================================================================
======================= max_tt_025C_1v80 Corner ===================================

Startpoint: _3302_ (rising edge-triggered flip-flop clocked by clk)
Endpoint: _3237_ (rising edge-triggered flip-flop clocked by clk)
Path Group: clk
Path Type: max

Fanout         Cap        Slew       Delay        Time   Description
---------------------------------------------------------------------------------------------
                                  0.000000    0.000000   clock clk (rise edge)
                                  0.000000    0.000000   clock source latency
     2    0.041174    0.000000    0.000000    0.000000 ^ clk (in)
                                                         clk (net)
                      0.002955    0.001478    0.001478 ^ clkbuf_0_clk/A (sky130_fd_sc_hd__clkbuf_16)
    17    0.172426    0.184501    0.214799    0.216277 ^ clkbuf_0_clk/X (sky130_fd_sc_hd__clkbuf_16)
                                                         clknet_0_clk (net)
                      0.185908    0.012944    0.229221 ^ clkbuf_3_0__f_clk/A (sky130_fd_sc_hd__clkbuf_16)
    25    0.095165    0.112449    0.228122    0.457342 ^ clkbuf_3_0__f_clk/X (sky130_fd_sc_hd__clkbuf_16)
                                                         clknet_3_0__leaf_clk (net)
                      0.113015    0.006016    0.463359 ^ _3302_/CLK (sky130_fd_sc_hd__dfrtp_4)
     6    0.025070    0.086274    0.531624    0.994983 v _3302_/Q (sky130_fd_sc_hd__dfrtp_4)
                                                         B_reg[12] (net)
                      0.086364    0.002908    0.997891 v _1910_/C (sky130_fd_sc_hd__and3_1)
     3    0.007913    0.059472    0.217666    1.215557 v _1910_/X (sky130_fd_sc_hd__and3_1)
                                                         _1175_ (net)
                      0.059478    0.000634    1.216190 v _2300_/A (sky130_fd_sc_hd__or4_4)
     4    0.009793    0.093788    0.549638    1.765828 v _2300_/X (sky130_fd_sc_hd__or4_4)
                                                         _1553_ (net)
                      0.093788    0.000555    1.766383 v _2304_/A1 (sky130_fd_sc_hd__a21o_1)
     3    0.008609    0.058168    0.196864    1.963247 v _2304_/X (sky130_fd_sc_hd__a21o_1)
                                                         _1557_ (net)
                      0.058173    0.000538    1.963785 v _2307_/A2 (sky130_fd_sc_hd__a21oi_1)
     3    0.010850    0.254547    0.254716    2.218501 ^ _2307_/Y (sky130_fd_sc_hd__a21oi_1)
                                                         _1560_ (net)
                      0.254548    0.000382    2.218883 ^ _2311_/B (sky130_fd_sc_hd__xor2_1)
     3    0.010408    0.246500    0.271084    2.489967 ^ _2311_/X (sky130_fd_sc_hd__xor2_1)
                                                         _1564_ (net)
                      0.246502    0.000582    2.490549 ^ _2313_/A2 (sky130_fd_sc_hd__a21o_1)
     4    0.011094    0.104310    0.204136    2.694686 ^ _2313_/X (sky130_fd_sc_hd__a21o_1)
                                                         _1566_ (net)
                      0.104312    0.000638    2.695324 ^ _2318_/A1 (sky130_fd_sc_hd__a21oi_1)
     3    0.011826    0.100504    0.121338    2.816662 v _2318_/Y (sky130_fd_sc_hd__a21oi_1)
                                                         _1571_ (net)
                      0.100510    0.000635    2.817297 v _2321_/B (sky130_fd_sc_hd__or3_4)
     3    0.007625    0.070910    0.389187    3.206484 v _2321_/X (sky130_fd_sc_hd__or3_4)
                                                         _1574_ (net)
                      0.070910    0.000259    3.206743 v _2326_/A1 (sky130_fd_sc_hd__a21o_1)
     4    0.010230    0.063476    0.194081    3.400824 v _2326_/X (sky130_fd_sc_hd__a21o_1)
                                                         _1579_ (net)
                      0.063480    0.000558    3.401381 v _2328_/A (sky130_fd_sc_hd__and3_1)
     2    0.007336    0.056789    0.168682    3.570063 v _2328_/X (sky130_fd_sc_hd__and3_1)
                                                         _1581_ (net)
                      0.056792    0.000478    3.570541 v _2330_/A (sky130_fd_sc_hd__or3_4)
     3    0.007259    0.070450    0.390993    3.961534 v _2330_/X (sky130_fd_sc_hd__or3_4)
                                                         _1583_ (net)
                      0.070450    0.000464    3.961998 v _2334_/A1 (sky130_fd_sc_hd__a21o_1)
     4    0.011214    0.067453    0.197369    4.159367 v _2334_/X (sky130_fd_sc_hd__a21o_1)
                                                         _1587_ (net)
                      0.067456    0.000573    4.159940 v rebuffer14/A (sky130_fd_sc_hd__dlymetal6s2s_1)
     2    0.007658    0.057589    0.163977    4.323916 v rebuffer14/X (sky130_fd_sc_hd__dlymetal6s2s_1)
                                                         net67 (net)
                      0.057591    0.000430    4.324347 v _2343_/A1 (sky130_fd_sc_hd__a21bo_1)
     1    0.004788    0.042985    0.176421    4.500767 v _2343_/X (sky130_fd_sc_hd__a21bo_1)
                                                         _1596_ (net)
                      0.042987    0.000334    4.501101 v _2344_/B1 (sky130_fd_sc_hd__a22o_1)
     2    0.006696    0.058252    0.194626    4.695727 v _2344_/X (sky130_fd_sc_hd__a22o_1)
                                                         _1597_ (net)
                      0.058255    0.000448    4.696175 v _2347_/B1 (sky130_fd_sc_hd__a21o_1)
     4    0.011128    0.067044    0.190335    4.886510 v _2347_/X (sky130_fd_sc_hd__a21o_1)
                                                         _1600_ (net)
                      0.067049    0.000646    4.887156 v _2348_/A2 (sky130_fd_sc_hd__a21oi_1)
     3    0.014785    0.329986    0.313447    5.200603 ^ _2348_/Y (sky130_fd_sc_hd__a21oi_1)
                                                         _1601_ (net)
                      0.329991    0.001105    5.201708 ^ _2349_/B (sky130_fd_sc_hd__xnor2_1)
     3    0.012121    0.127867    0.181193    5.382901 v _2349_/Y (sky130_fd_sc_hd__xnor2_1)
                                                         _1602_ (net)
                      0.127868    0.000631    5.383532 v _2355_/A2 (sky130_fd_sc_hd__a21o_1)
     4    0.010336    0.063874    0.238402    5.621933 v _2355_/X (sky130_fd_sc_hd__a21o_1)
                                                         _0109_ (net)
                      0.063884    0.000829    5.622762 v _2360_/A1 (sky130_fd_sc_hd__a21oi_1)
     3    0.012664    0.289408    0.263347    5.886109 ^ _2360_/Y (sky130_fd_sc_hd__a21oi_1)
                                                         _0114_ (net)
                      0.289413    0.001058    5.887168 ^ _2361_/B (sky130_fd_sc_hd__xnor2_1)
     3    0.016147    0.380083    0.257970    6.145137 ^ _2361_/Y (sky130_fd_sc_hd__xnor2_1)
                                                         _0115_ (net)
                      0.380087    0.001082    6.146220 ^ _2366_/A2 (sky130_fd_sc_hd__a21o_1)
     4    0.010256    0.098067    0.219218    6.365438 ^ _2366_/X (sky130_fd_sc_hd__a21o_1)
                                                         _0120_ (net)
                      0.098068    0.000562    6.366000 ^ _2369_/A1 (sky130_fd_sc_hd__a21oi_1)
     3    0.012769    0.107099    0.124002    6.490002 v _2369_/Y (sky130_fd_sc_hd__a21oi_1)
                                                         _0123_ (net)
                      0.107142    0.000714    6.490716 v _2372_/B (sky130_fd_sc_hd__or3_4)
     3    0.008846    0.072859    0.395313    6.886029 v _2372_/X (sky130_fd_sc_hd__or3_4)
                                                         _0126_ (net)
                      0.072859    0.000289    6.886318 v _2378_/A1 (sky130_fd_sc_hd__a21o_1)
     3    0.006846    0.050409    0.180391    7.066709 v _2378_/X (sky130_fd_sc_hd__a21o_1)
                                                         _0132_ (net)
                      0.050409    0.000205    7.066914 v _2383_/C (sky130_fd_sc_hd__and3_1)
     2    0.007281    0.056475    0.198294    7.265208 v _2383_/X (sky130_fd_sc_hd__and3_1)
                                                         _0137_ (net)
                      0.056477    0.000436    7.265644 v _2385_/C (sky130_fd_sc_hd__or3_4)
     3    0.008569    0.072432    0.338359    7.604003 v _2385_/X (sky130_fd_sc_hd__or3_4)
                                                         _0139_ (net)
                      0.072432    0.000441    7.604444 v _2387_/A1 (sky130_fd_sc_hd__a21o_1)
     4    0.012725    0.073511    0.203515    7.807958 v _2387_/X (sky130_fd_sc_hd__a21o_1)
                                                         _0141_ (net)
                      0.073517    0.000719    7.808677 v _2390_/A (sky130_fd_sc_hd__and3_1)
     3    0.011026    0.071190    0.188181    7.996858 v _2390_/X (sky130_fd_sc_hd__and3_1)
                                                         _0144_ (net)
                      0.071204    0.000993    7.997850 v _2392_/C (sky130_fd_sc_hd__or3_4)
     3    0.007186    0.070187    0.339059    8.336910 v _2392_/X (sky130_fd_sc_hd__or3_4)
                                                         _0146_ (net)
                      0.070187    0.000427    8.337337 v _2397_/A1 (sky130_fd_sc_hd__a21o_1)
     4    0.011223    0.067401    0.197341    8.534678 v _2397_/X (sky130_fd_sc_hd__a21o_1)
                                                         _0151_ (net)
                      0.067403    0.000515    8.535193 v _2406_/A (sky130_fd_sc_hd__and3_1)
     2    0.006869    0.054562    0.168261    8.703454 v _2406_/X (sky130_fd_sc_hd__and3_1)
                                                         _0160_ (net)
                      0.054564    0.000413    8.703867 v _2408_/C (sky130_fd_sc_hd__or3_4)
     3    0.008560    0.072403    0.337652    9.041519 v _2408_/X (sky130_fd_sc_hd__or3_4)
                                                         _0162_ (net)
                      0.072403    0.000505    9.042025 v _2410_/A1 (sky130_fd_sc_hd__a21o_1)
     3    0.007563    0.053742    0.183348    9.225372 v _2410_/X (sky130_fd_sc_hd__a21o_1)
                                                         _0164_ (net)
                      0.053744    0.000413    9.225785 v _2413_/A (sky130_fd_sc_hd__and3_1)
     2    0.006236    0.051672    0.159212    9.384998 v _2413_/X (sky130_fd_sc_hd__and3_1)
                                                         _0167_ (net)
                      0.051673    0.000336    9.385334 v _2415_/C (sky130_fd_sc_hd__or3_4)
     3    0.006642    0.069403    0.331039    9.716372 v _2415_/X (sky130_fd_sc_hd__or3_4)
                                                         _0169_ (net)
                      0.069403    0.000316    9.716689 v _2420_/A1 (sky130_fd_sc_hd__a21o_1)
     3    0.009035    0.059176    0.188770    9.905459 v _2420_/X (sky130_fd_sc_hd__a21o_1)
                                                         _0174_ (net)
                      0.059178    0.000480    9.905938 v _2423_/A1 (sky130_fd_sc_hd__a21o_1)
     2    0.008815    0.058677    0.183491   10.089429 v _2423_/X (sky130_fd_sc_hd__a21o_1)
                                                         _0177_ (net)
                      0.058683    0.000624   10.090053 v _2426_/B (sky130_fd_sc_hd__xnor2_1)
     1    0.003268    0.057101    0.125672   10.215725 v _2426_/Y (sky130_fd_sc_hd__xnor2_1)
                                                         _0179_ (net)
                      0.057101    0.000139   10.215864 v _2427_/A1 (sky130_fd_sc_hd__mux2_4)
     1    0.002951    0.048016    0.254833   10.470697 v _2427_/X (sky130_fd_sc_hd__mux2_4)
                                                         _0024_ (net)
                      0.048016    0.000195   10.470893 v _3237_/D (sky130_fd_sc_hd__dfrtp_4)
                                             10.470893   data arrival time

                                 10.000000   10.000000   clock clk (rise edge)
                                  0.000000   10.000000   clock source latency
     2    0.041174    0.000000    0.000000   10.000000 ^ clk (in)
                                                         clk (net)
                      0.002955    0.001478   10.001478 ^ clkbuf_0_clk/A (sky130_fd_sc_hd__clkbuf_16)
    17    0.172426    0.184501    0.214799   10.216277 ^ clkbuf_0_clk/X (sky130_fd_sc_hd__clkbuf_16)
                                                         clknet_0_clk (net)
                      0.185763    0.012278   10.228555 ^ clkbuf_3_3__f_clk/A (sky130_fd_sc_hd__clkbuf_16)
    35    0.103403    0.120524    0.232716   10.461271 ^ clkbuf_3_3__f_clk/X (sky130_fd_sc_hd__clkbuf_16)
                                                         clknet_3_3__leaf_clk (net)
                      0.120904    0.005543   10.466814 ^ _3237_/CLK (sky130_fd_sc_hd__dfrtp_4)
                                 -0.100000   10.366815   clock uncertainty
                                  0.000000   10.366815   clock reconvergence pessimism
                                 -0.098215   10.268599   library setup time
                                             10.268599   data required time
---------------------------------------------------------------------------------------------
                                             10.268599   data required time
                                            -10.470893   data arrival time
---------------------------------------------------------------------------------------------
                                             -0.202294   slack (VIOLATED)




===========================================================================
 report_check_types -max_slew -max_cap -max_fanout -violators
============================================================================
======================= max_tt_025C_1v80 Corner ===================================



===========================================================================
report_parasitic_annotation -report_unannotated
============================================================================
Found 7 unannotated drivers.
 clkload0/Y
 clkload1/Y
 clkload2/Y
 clkload3/Y
 clkload4/Y
 clkload5/Y
 clkload6/Y
Found 0 partially unannotated drivers.

===========================================================================
max slew violation count 0
max fanout violation count 0
max cap violation count 0
============================================================================

===========================================================================
check_setup -verbose -unconstrained_endpoints -multiple_clock -no_clock -no_input_delay -loops -generated_clocks
===========================================================================
Warning: There are 36 input ports missing set_input_delay.
  A_in[0]
  A_in[10]
  A_in[11]
  A_in[12]
  A_in[13]
  A_in[14]
  A_in[15]
  A_in[1]
  A_in[2]
  A_in[3]
  A_in[4]
  A_in[5]
  A_in[6]
  A_in[7]
  A_in[8]
  A_in[9]
  B_in[0]
  B_in[10]
  B_in[11]
  B_in[12]
  B_in[13]
  B_in[14]
  B_in[15]
  B_in[1]
  B_in[2]
  B_in[3]
  B_in[4]
  B_in[5]
  B_in[6]
  B_in[7]
  B_in[8]
  B_in[9]
  Op_Sel[0]
  Op_Sel[1]
  Start
  rst_n
Warning: There are 17 unconstrained endpoints.
  Done
  X_out[0]
  X_out[10]
  X_out[11]
  X_out[12]
  X_out[13]
  X_out[14]
  X_out[15]
  X_out[1]
  X_out[2]
  X_out[3]
  X_out[4]
  X_out[5]
  X_out[6]
  X_out[7]
  X_out[8]
  X_out[9]
