
===========================================================================
report_checks -unconstrained
===========================================================================
======================= nom_tt_025C_1v80 Corner ===================================

Startpoint: _3302_ (rising edge-triggered flip-flop clocked by clk)
Endpoint: _3238_ (rising edge-triggered flip-flop clocked by clk)
Path Group: clk
Path Type: max

Fanout         Cap        Slew       Delay        Time   Description
---------------------------------------------------------------------------------------------
                                  0.000000    0.000000   clock clk (rise edge)
                                  0.000000    0.000000   clock source latency
     2    0.030799    0.000000    0.000000    0.000000 ^ clk (in)
                                                         clk (net)
                      0.001915    0.000958    0.000958 ^ clkbuf_0_clk/A (sky130_fd_sc_hd__clkbuf_16)
    17    0.133842    0.146774    0.191700    0.192657 ^ clkbuf_0_clk/X (sky130_fd_sc_hd__clkbuf_16)
                                                         clknet_0_clk (net)
                      0.147360    0.007433    0.200090 ^ clkbuf_3_0__f_clk/A (sky130_fd_sc_hd__clkbuf_16)
    25    0.081751    0.098684    0.208027    0.408117 ^ clkbuf_3_0__f_clk/X (sky130_fd_sc_hd__clkbuf_16)
                                                         clknet_3_0__leaf_clk (net)
                      0.098775    0.002682    0.410798 ^ _3302_/CLK (sky130_fd_sc_hd__dfrtp_4)
    15    0.046820    0.117067    0.563742    0.974540 v _3302_/Q (sky130_fd_sc_hd__dfrtp_4)
                                                         B_reg[12] (net)
                      0.117123    0.002370    0.976910 v _1910_/C (sky130_fd_sc_hd__and3_1)
     3    0.006427    0.052486    0.224700    1.201609 v _1910_/X (sky130_fd_sc_hd__and3_1)
                                                         _1175_ (net)
                      0.052486    0.000138    1.201747 v _2300_/B (sky130_fd_sc_hd__or4_1)
     4    0.010253    0.129096    0.563241    1.764988 v _2300_/X (sky130_fd_sc_hd__or4_1)
                                                         _1553_ (net)
                      0.129096    0.000229    1.765217 v _2304_/A2 (sky130_fd_sc_hd__a21o_1)
     3    0.007598    0.053836    0.227216    1.992433 v _2304_/X (sky130_fd_sc_hd__a21o_1)
                                                         _1557_ (net)
                      0.053836    0.000166    1.992599 v _2307_/A2 (sky130_fd_sc_hd__a21oi_1)
     3    0.011277    0.262734    0.259145    2.251744 ^ _2307_/Y (sky130_fd_sc_hd__a21oi_1)
                                                         _1560_ (net)
                      0.262734    0.000259    2.252002 ^ _2311_/B (sky130_fd_sc_hd__xor2_1)
     3    0.010986    0.257019    0.280001    2.532003 ^ _2311_/X (sky130_fd_sc_hd__xor2_1)
                                                         _1564_ (net)
                      0.257020    0.000325    2.532328 ^ _2313_/A2 (sky130_fd_sc_hd__a21o_1)
     4    0.011687    0.109199    0.210147    2.742475 ^ _2313_/X (sky130_fd_sc_hd__a21o_1)
                                                         _1566_ (net)
                      0.109199    0.000365    2.742840 ^ _2318_/A1 (sky130_fd_sc_hd__a21oi_1)
     3    0.010622    0.093113    0.117025    2.859864 v _2318_/Y (sky130_fd_sc_hd__a21oi_1)
                                                         _1571_ (net)
                      0.093113    0.000289    2.860153 v _2321_/B (sky130_fd_sc_hd__or3_1)
     3    0.007733    0.093137    0.393515    3.253668 v _2321_/X (sky130_fd_sc_hd__or3_1)
                                                         _1574_ (net)
                      0.093137    0.000180    3.253848 v _2326_/A1 (sky130_fd_sc_hd__a21o_1)
     4    0.010733    0.065402    0.205167    3.459015 v _2326_/X (sky130_fd_sc_hd__a21o_1)
                                                         _1579_ (net)
                      0.065402    0.000296    3.459312 v _2328_/C (sky130_fd_sc_hd__and3_1)
     2    0.005042    0.046334    0.194313    3.653625 v _2328_/X (sky130_fd_sc_hd__and3_1)
                                                         _1581_ (net)
                      0.046334    0.000146    3.653771 v _2330_/C (sky130_fd_sc_hd__or3_2)
     4    0.013253    0.111005    0.461905    4.115676 v _2330_/X (sky130_fd_sc_hd__or3_2)
                                                         _1583_ (net)
                      0.111005    0.000370    4.116046 v _2334_/A1 (sky130_fd_sc_hd__a21o_1)
     5    0.015602    0.085126    0.229932    4.345978 v _2334_/X (sky130_fd_sc_hd__a21o_1)
                                                         _1587_ (net)
                      0.085127    0.000353    4.346331 v _2338_/B (sky130_fd_sc_hd__and3_1)
     2    0.005134    0.046760    0.188376    4.534707 v _2338_/X (sky130_fd_sc_hd__and3_1)
                                                         _1591_ (net)
                      0.046760    0.000152    4.534859 v _2345_/C (sky130_fd_sc_hd__or3_1)
     3    0.007917    0.094274    0.342306    4.877164 v _2345_/X (sky130_fd_sc_hd__or3_1)
                                                         _1598_ (net)
                      0.094274    0.000176    4.877340 v _2347_/A1 (sky130_fd_sc_hd__a21o_1)
     4    0.010493    0.064432    0.204832    5.082172 v _2347_/X (sky130_fd_sc_hd__a21o_1)
                                                         _1600_ (net)
                      0.064432    0.000275    5.082448 v _2350_/C (sky130_fd_sc_hd__and3_1)
     2    0.006278    0.051787    0.199872    5.282320 v _2350_/X (sky130_fd_sc_hd__and3_1)
                                                         _1603_ (net)
                      0.051788    0.000223    5.282543 v _2352_/C (sky130_fd_sc_hd__or3_1)
     3    0.009518    0.101379    0.354822    5.637365 v _2352_/X (sky130_fd_sc_hd__or3_1)
                                                         _0106_ (net)
                      0.101379    0.000252    5.637617 v _2355_/A2 (sky130_fd_sc_hd__a21o_1)
     4    0.010001    0.062480    0.227205    5.864822 v _2355_/X (sky130_fd_sc_hd__a21o_1)
                                                         _0109_ (net)
                      0.062481    0.000268    5.865090 v _2362_/B (sky130_fd_sc_hd__and3_1)
     2    0.005442    0.048069    0.179629    6.044720 v _2362_/X (sky130_fd_sc_hd__and3_1)
                                                         _0116_ (net)
                      0.048069    0.000153    6.044873 v _2364_/C (sky130_fd_sc_hd__or3_1)
     3    0.008227    0.096029    0.344929    6.389802 v _2364_/X (sky130_fd_sc_hd__or3_1)
                                                         _0118_ (net)
                      0.096029    0.000228    6.390030 v _2366_/A2 (sky130_fd_sc_hd__a21o_1)
     4    0.011057    0.066675    0.228885    6.618916 v _2366_/X (sky130_fd_sc_hd__a21o_1)
                                                         _0120_ (net)
                      0.066675    0.000322    6.619237 v _2370_/B (sky130_fd_sc_hd__and3_1)
     2    0.004706    0.044920    0.177983    6.797221 v _2370_/X (sky130_fd_sc_hd__and3_1)
                                                         _0124_ (net)
                      0.044920    0.000103    6.797324 v _2372_/C (sky130_fd_sc_hd__or3_1)
     3    0.008783    0.097772    0.348554    7.145878 v _2372_/X (sky130_fd_sc_hd__or3_1)
                                                         _0126_ (net)
                      0.097772    0.000124    7.146002 v _2378_/A1 (sky130_fd_sc_hd__a21o_1)
     4    0.011037    0.066611    0.208206    7.354208 v _2378_/X (sky130_fd_sc_hd__a21o_1)
                                                         _0132_ (net)
                      0.066611    0.000226    7.354434 v _2383_/C (sky130_fd_sc_hd__and3_1)
     2    0.005756    0.049426    0.198370    7.552804 v _2383_/X (sky130_fd_sc_hd__and3_1)
                                                         _0137_ (net)
                      0.049426    0.000139    7.552942 v _2385_/C (sky130_fd_sc_hd__or3_1)
     3    0.008135    0.095742    0.344548    7.897491 v _2385_/X (sky130_fd_sc_hd__or3_1)
                                                         _0139_ (net)
                      0.095742    0.000217    7.897707 v _2387_/A1 (sky130_fd_sc_hd__a21o_1)
     4    0.011553    0.068642    0.209238    8.106946 v _2387_/X (sky130_fd_sc_hd__a21o_1)
                                                         _0141_ (net)
                      0.068642    0.000195    8.107141 v _2390_/B (sky130_fd_sc_hd__and3_1)
     3    0.009159    0.063556    0.200200    8.307341 v _2390_/X (sky130_fd_sc_hd__and3_1)
                                                         _0144_ (net)
                      0.063556    0.000227    8.307569 v _2392_/C (sky130_fd_sc_hd__or3_1)
     3    0.007478    0.091586    0.343860    8.651428 v _2392_/X (sky130_fd_sc_hd__or3_1)
                                                         _0146_ (net)
                      0.091586    0.000131    8.651560 v _2397_/A1 (sky130_fd_sc_hd__a21o_1)
     4    0.011194    0.067194    0.206215    8.857775 v _2397_/X (sky130_fd_sc_hd__a21o_1)
                                                         _0151_ (net)
                      0.067194    0.000269    8.858044 v _2406_/B (sky130_fd_sc_hd__and3_1)
     2    0.005537    0.048469    0.182235    9.040278 v _2406_/X (sky130_fd_sc_hd__and3_1)
                                                         _0160_ (net)
                      0.048469    0.000121    9.040399 v _2408_/C (sky130_fd_sc_hd__or3_1)
     3    0.008231    0.095991    0.345104    9.385503 v _2408_/X (sky130_fd_sc_hd__or3_1)
                                                         _0162_ (net)
                      0.095991    0.000136    9.385638 v _2410_/A2 (sky130_fd_sc_hd__a21o_1)
     3    0.007187    0.051936    0.212451    9.598090 v _2410_/X (sky130_fd_sc_hd__a21o_1)
                                                         _0164_ (net)
                      0.051936    0.000247    9.598336 v _2413_/C (sky130_fd_sc_hd__and3_1)
     2    0.005481    0.048217    0.190334    9.788671 v _2413_/X (sky130_fd_sc_hd__and3_1)
                                                         _0167_ (net)
                      0.048217    0.000181    9.788852 v _2415_/C (sky130_fd_sc_hd__or3_1)
     3    0.007004    0.088548    0.335660   10.124512 v _2415_/X (sky130_fd_sc_hd__or3_1)
                                                         _0169_ (net)
                      0.088548    0.000146   10.124657 v _2420_/A1 (sky130_fd_sc_hd__a21o_1)
     4    0.012092    0.070789    0.208217   10.332873 v _2420_/X (sky130_fd_sc_hd__a21o_1)
                                                         _0174_ (net)
                      0.070789    0.000164   10.333037 v _2428_/A1 (sky130_fd_sc_hd__a21bo_1)
     1    0.004811    0.043033    0.181895   10.514933 v _2428_/X (sky130_fd_sc_hd__a21bo_1)
                                                         _0180_ (net)
                      0.043064    0.000115   10.515047 v _2429_/B (sky130_fd_sc_hd__xor2_1)
     1    0.002419    0.066644    0.133038   10.648086 v _2429_/X (sky130_fd_sc_hd__xor2_1)
                                                         _0181_ (net)
                      0.066644    0.000052   10.648138 v _2430_/A1 (sky130_fd_sc_hd__mux2_1)
     1    0.002554    0.053627    0.292135   10.940273 v _2430_/X (sky130_fd_sc_hd__mux2_1)
                                                         _0025_ (net)
                      0.053627    0.000055   10.940328 v _3238_/D (sky130_fd_sc_hd__dfrtp_4)
                                             10.940328   data arrival time

                                160.000000  160.000000   clock clk (rise edge)
                                  0.000000  160.000000   clock source latency
     2    0.030799    0.000000    0.000000  160.000000 ^ clk (in)
                                                         clk (net)
                      0.001915    0.000952  160.000961 ^ clkbuf_0_clk/A (sky130_fd_sc_hd__clkbuf_16)
    17    0.133842    0.146774    0.191704  160.192657 ^ clkbuf_0_clk/X (sky130_fd_sc_hd__clkbuf_16)
                                                         clknet_0_clk (net)
                      0.147254    0.006750  160.199417 ^ clkbuf_3_3__f_clk/A (sky130_fd_sc_hd__clkbuf_16)
    35    0.089326    0.105782    0.213916  160.413330 ^ clkbuf_3_3__f_clk/X (sky130_fd_sc_hd__clkbuf_16)
                                                         clknet_3_3__leaf_clk (net)
                      0.105822    0.001918  160.415237 ^ _3238_/CLK (sky130_fd_sc_hd__dfrtp_4)
                                 -0.100000  160.315247   clock uncertainty
                                  0.000000  160.315247   clock reconvergence pessimism
                                 -0.104107  160.211136   library setup time
                                            160.211136   data required time
---------------------------------------------------------------------------------------------
                                            160.211136   data required time
                                            -10.940328   data arrival time
---------------------------------------------------------------------------------------------
                                            149.270813   slack (MET)




===========================================================================
report_checks --slack_max -0.01
============================================================================
======================= nom_tt_025C_1v80 Corner ===================================

No paths found.


===========================================================================
 report_check_types -max_slew -max_cap -max_fanout -violators
============================================================================
======================= nom_tt_025C_1v80 Corner ===================================



===========================================================================
report_parasitic_annotation -report_unannotated
============================================================================
Found 7 unannotated drivers.
 clkload0/Y
 clkload1/Y
 clkload2/Y
 clkload3/Y
 clkload4/Y
 clkload5/Y
 clkload6/Y
Found 0 partially unannotated drivers.

===========================================================================
max slew violation count 0
Writing metric design__max_slew_violation__count__corner:nom_tt_025C_1v80: 0
max fanout violation count 0
Writing metric design__max_fanout_violation__count__corner:nom_tt_025C_1v80: 0
max cap violation count 0
Writing metric design__max_cap_violation__count__corner:nom_tt_025C_1v80: 0
============================================================================

===========================================================================
check_setup -verbose -unconstrained_endpoints -multiple_clock -no_clock -no_input_delay -loops -generated_clocks
===========================================================================
Warning: There are 36 input ports missing set_input_delay.
  A_in[0]
  A_in[10]
  A_in[11]
  A_in[12]
  A_in[13]
  A_in[14]
  A_in[15]
  A_in[1]
  A_in[2]
  A_in[3]
  A_in[4]
  A_in[5]
  A_in[6]
  A_in[7]
  A_in[8]
  A_in[9]
  B_in[0]
  B_in[10]
  B_in[11]
  B_in[12]
  B_in[13]
  B_in[14]
  B_in[15]
  B_in[1]
  B_in[2]
  B_in[3]
  B_in[4]
  B_in[5]
  B_in[6]
  B_in[7]
  B_in[8]
  B_in[9]
  Op_Sel[0]
  Op_Sel[1]
  Start
  rst_n
Warning: There are 17 unconstrained endpoints.
  Done
  X_out[0]
  X_out[10]
  X_out[11]
  X_out[12]
  X_out[13]
  X_out[14]
  X_out[15]
  X_out[1]
  X_out[2]
  X_out[3]
  X_out[4]
  X_out[5]
  X_out[6]
  X_out[7]
  X_out[8]
  X_out[9]
