
===========================================================================
report_checks -unconstrained
===========================================================================
======================= nom_ss_100C_1v60 Corner ===================================

Startpoint: _3302_ (rising edge-triggered flip-flop clocked by clk)
Endpoint: _3238_ (rising edge-triggered flip-flop clocked by clk)
Path Group: clk
Path Type: max

Fanout         Cap        Slew       Delay        Time   Description
---------------------------------------------------------------------------------------------
                                  0.000000    0.000000   clock clk (rise edge)
                                  0.000000    0.000000   clock source latency
     2    0.042559    0.000000    0.000000    0.000000 ^ clk (in)
                                                         clk (net)
                      0.002268    0.001134    0.001134 ^ clkbuf_0_clk/A (sky130_fd_sc_hd__clkbuf_16)
    17    0.164031    0.266530    0.351832    0.352966 ^ clkbuf_0_clk/X (sky130_fd_sc_hd__clkbuf_16)
                                                         clknet_0_clk (net)
                      0.266854    0.007666    0.360632 ^ clkbuf_3_0__f_clk/A (sky130_fd_sc_hd__clkbuf_16)
    25    0.091670    0.164764    0.393969    0.754601 ^ clkbuf_3_0__f_clk/X (sky130_fd_sc_hd__clkbuf_16)
                                                         clknet_3_0__leaf_clk (net)
                      0.164866    0.003745    0.758345 ^ _3302_/CLK (sky130_fd_sc_hd__dfrtp_4)
    15    0.049097    0.216603    1.174614    1.932960 v _3302_/Q (sky130_fd_sc_hd__dfrtp_4)
                                                         B_reg[12] (net)
                      0.216624    0.002300    1.935260 v _1910_/C (sky130_fd_sc_hd__and3_1)
     3    0.005842    0.095709    0.461184    2.396444 v _1910_/X (sky130_fd_sc_hd__and3_1)
                                                         _1175_ (net)
                      0.095709    0.000091    2.396535 v _2300_/B (sky130_fd_sc_hd__or4_1)
     4    0.009737    0.260225    1.305581    3.702116 v _2300_/X (sky130_fd_sc_hd__or4_1)
                                                         _1553_ (net)
                      0.260225    0.000209    3.702325 v _2304_/A2 (sky130_fd_sc_hd__a21o_1)
     3    0.007536    0.097006    0.432837    4.135162 v _2304_/X (sky130_fd_sc_hd__a21o_1)
                                                         _1557_ (net)
                      0.097006    0.000167    4.135329 v _2308_/C (sky130_fd_sc_hd__and3_1)
     2    0.005172    0.090574    0.396069    4.531398 v _2308_/X (sky130_fd_sc_hd__and3_1)
                                                         _1561_ (net)
                      0.090616    0.000125    4.531523 v _2310_/C (sky130_fd_sc_hd__or3_1)
     3    0.006714    0.175863    0.783228    5.314751 v _2310_/X (sky130_fd_sc_hd__or3_1)
                                                         _1563_ (net)
                      0.175863    0.000165    5.314915 v _2313_/A1 (sky130_fd_sc_hd__a21o_1)
     4    0.010264    0.118669    0.390336    5.705252 v _2313_/X (sky130_fd_sc_hd__a21o_1)
                                                         _1566_ (net)
                      0.118669    0.000214    5.705466 v _2319_/B (sky130_fd_sc_hd__and3_1)
     2    0.005700    0.094599    0.382710    6.088176 v _2319_/X (sky130_fd_sc_hd__and3_1)
                                                         _1572_ (net)
                      0.094599    0.000109    6.088285 v _2321_/C (sky130_fd_sc_hd__or3_1)
     3    0.008719    0.196368    0.811732    6.900017 v _2321_/X (sky130_fd_sc_hd__or3_1)
                                                         _1574_ (net)
                      0.196368    0.000270    6.900287 v _2326_/A1 (sky130_fd_sc_hd__a21o_1)
     4    0.011287    0.127114    0.406913    7.307199 v _2326_/X (sky130_fd_sc_hd__a21o_1)
                                                         _1579_ (net)
                      0.127114    0.000336    7.307536 v _2328_/C (sky130_fd_sc_hd__and3_1)
     2    0.004582    0.086376    0.406029    7.713564 v _2328_/X (sky130_fd_sc_hd__and3_1)
                                                         _1581_ (net)
                      0.086376    0.000112    7.713676 v _2330_/C (sky130_fd_sc_hd__or3_2)
     4    0.014140    0.231530    1.095187    8.808864 v _2330_/X (sky130_fd_sc_hd__or3_2)
                                                         _1583_ (net)
                      0.231530    0.000486    8.809349 v _2334_/A1 (sky130_fd_sc_hd__a21o_1)
     5    0.015375    0.154791    0.450749    9.260098 v _2334_/X (sky130_fd_sc_hd__a21o_1)
                                                         _1587_ (net)
                      0.154791    0.000349    9.260447 v _2338_/B (sky130_fd_sc_hd__and3_1)
     2    0.006466    0.100537    0.407061    9.667508 v _2338_/X (sky130_fd_sc_hd__and3_1)
                                                         _1591_ (net)
                      0.100537    0.000157    9.667665 v _2345_/C (sky130_fd_sc_hd__or3_1)
     3    0.008251    0.191177    0.807519   10.475184 v _2345_/X (sky130_fd_sc_hd__or3_1)
                                                         _1598_ (net)
                      0.191177    0.000157   10.475342 v _2347_/A1 (sky130_fd_sc_hd__a21o_1)
     4    0.011612    0.129792    0.407145   10.882487 v _2347_/X (sky130_fd_sc_hd__a21o_1)
                                                         _1600_ (net)
                      0.129792    0.000349   10.882836 v _2350_/C (sky130_fd_sc_hd__and3_1)
     2    0.006844    0.103530    0.426483   11.309319 v _2350_/X (sky130_fd_sc_hd__and3_1)
                                                         _1603_ (net)
                      0.103530    0.000202   11.309521 v _2352_/C (sky130_fd_sc_hd__or3_1)
     3    0.009295    0.202950    0.822638   12.132158 v _2352_/X (sky130_fd_sc_hd__or3_1)
                                                         _0106_ (net)
                      0.202950    0.000258   12.132417 v _2355_/A2 (sky130_fd_sc_hd__a21o_1)
     4    0.010655    0.121904    0.434505   12.566922 v _2355_/X (sky130_fd_sc_hd__a21o_1)
                                                         _0109_ (net)
                      0.121904    0.000312   12.567234 v _2362_/B (sky130_fd_sc_hd__and3_1)
     2    0.005749    0.094982    0.384733   12.951967 v _2362_/X (sky130_fd_sc_hd__and3_1)
                                                         _0116_ (net)
                      0.094982    0.000152   12.952119 v _2364_/C (sky130_fd_sc_hd__or3_1)
     3    0.007339    0.182414    0.793182   13.745300 v _2364_/X (sky130_fd_sc_hd__or3_1)
                                                         _0118_ (net)
                      0.182414    0.000216   13.745516 v _2366_/A2 (sky130_fd_sc_hd__a21o_1)
     4    0.010872    0.123670    0.427596   14.173112 v _2366_/X (sky130_fd_sc_hd__a21o_1)
                                                         _0120_ (net)
                      0.123670    0.000230   14.173342 v _2370_/B (sky130_fd_sc_hd__and3_1)
     2    0.005620    0.093995    0.384543   14.557885 v _2370_/X (sky130_fd_sc_hd__and3_1)
                                                         _0124_ (net)
                      0.093995    0.000141   14.558026 v _2372_/C (sky130_fd_sc_hd__or3_1)
     3    0.009279    0.202648    0.819126   15.377152 v _2372_/X (sky130_fd_sc_hd__or3_1)
                                                         _0126_ (net)
                      0.202648    0.000140   15.377293 v _2378_/A1 (sky130_fd_sc_hd__a21o_1)
     4    0.010609    0.121553    0.404556   15.781849 v _2378_/X (sky130_fd_sc_hd__a21o_1)
                                                         _0132_ (net)
                      0.121553    0.000240   15.782089 v _2383_/C (sky130_fd_sc_hd__and3_1)
     2    0.007365    0.107719    0.426814   16.208902 v _2383_/X (sky130_fd_sc_hd__and3_1)
                                                         _0137_ (net)
                      0.107719    0.000203   16.209106 v _2385_/C (sky130_fd_sc_hd__or3_1)
     3    0.008182    0.190867    0.809104   17.018209 v _2385_/X (sky130_fd_sc_hd__or3_1)
                                                         _0139_ (net)
                      0.190867    0.000179   17.018389 v _2387_/A1 (sky130_fd_sc_hd__a21o_1)
     4    0.012446    0.136688    0.413394   17.431784 v _2387_/X (sky130_fd_sc_hd__a21o_1)
                                                         _0141_ (net)
                      0.136688    0.000185   17.431967 v _2390_/B (sky130_fd_sc_hd__and3_1)
     3    0.010267    0.132165    0.429955   17.861921 v _2390_/X (sky130_fd_sc_hd__and3_1)
                                                         _0144_ (net)
                      0.132165    0.000302   17.862225 v _2392_/C (sky130_fd_sc_hd__or3_1)
     3    0.006696    0.175999    0.797529   18.659754 v _2392_/X (sky130_fd_sc_hd__or3_1)
                                                         _0146_ (net)
                      0.175999    0.000162   18.659916 v _2397_/A1 (sky130_fd_sc_hd__a21o_1)
     4    0.011099    0.125518    0.396735   19.056650 v _2397_/X (sky130_fd_sc_hd__a21o_1)
                                                         _0151_ (net)
                      0.125518    0.000211   19.056862 v _2406_/B (sky130_fd_sc_hd__and3_1)
     2    0.005712    0.094696    0.386221   19.443083 v _2406_/X (sky130_fd_sc_hd__and3_1)
                                                         _0160_ (net)
                      0.094696    0.000140   19.443222 v _2408_/C (sky130_fd_sc_hd__or3_1)
     3    0.008212    0.191118    0.804942   20.248165 v _2408_/X (sky130_fd_sc_hd__or3_1)
                                                         _0162_ (net)
                      0.191118    0.000158   20.248323 v _2410_/A2 (sky130_fd_sc_hd__a21o_1)
     3    0.006961    0.092376    0.401130   20.649452 v _2410_/X (sky130_fd_sc_hd__a21o_1)
                                                         _0164_ (net)
                      0.092376    0.000167   20.649620 v _2413_/C (sky130_fd_sc_hd__and3_1)
     2    0.004855    0.088279    0.391079   21.040699 v _2413_/X (sky130_fd_sc_hd__and3_1)
                                                         _0167_ (net)
                      0.088279    0.000115   21.040813 v _2415_/C (sky130_fd_sc_hd__or3_1)
     3    0.006971    0.178832    0.785885   21.826700 v _2415_/X (sky130_fd_sc_hd__or3_1)
                                                         _0169_ (net)
                      0.178832    0.000162   21.826860 v _2420_/A1 (sky130_fd_sc_hd__a21o_1)
     4    0.011608    0.129723    0.401808   22.228670 v _2420_/X (sky130_fd_sc_hd__a21o_1)
                                                         _0174_ (net)
                      0.129723    0.000167   22.228836 v _2428_/A1 (sky130_fd_sc_hd__a21bo_1)
     1    0.004375    0.075439    0.345000   22.573837 v _2428_/X (sky130_fd_sc_hd__a21bo_1)
                                                         _0180_ (net)
                      0.075439    0.000085   22.573921 v _2429_/B (sky130_fd_sc_hd__xor2_1)
     1    0.002471    0.119559    0.260417   22.834339 v _2429_/X (sky130_fd_sc_hd__xor2_1)
                                                         _0181_ (net)
                      0.119559    0.000053   22.834393 v _2430_/A1 (sky130_fd_sc_hd__mux2_1)
     1    0.002337    0.105895    0.660723   23.495115 v _2430_/X (sky130_fd_sc_hd__mux2_1)
                                                         _0025_ (net)
                      0.105895    0.000046   23.495163 v _3238_/D (sky130_fd_sc_hd__dfrtp_4)
                                             23.495163   data arrival time

                                140.000000  140.000000   clock clk (rise edge)
                                  0.000000  140.000000   clock source latency
     2    0.042559    0.000000    0.000000  140.000000 ^ clk (in)
                                                         clk (net)
                      0.002268    0.001137  140.001144 ^ clkbuf_0_clk/A (sky130_fd_sc_hd__clkbuf_16)
    17    0.164031    0.266530    0.351832  140.352966 ^ clkbuf_0_clk/X (sky130_fd_sc_hd__clkbuf_16)
                                                         clknet_0_clk (net)
                      0.266850    0.007617  140.360580 ^ clkbuf_3_3__f_clk/A (sky130_fd_sc_hd__clkbuf_16)
    35    0.099799    0.176118    0.402636  140.763229 ^ clkbuf_3_3__f_clk/X (sky130_fd_sc_hd__clkbuf_16)
                                                         clknet_3_3__leaf_clk (net)
                      0.176169    0.002885  140.766113 ^ _3238_/CLK (sky130_fd_sc_hd__dfrtp_4)
                                 -0.100000  140.666107   clock uncertainty
                                  0.000000  140.666107   clock reconvergence pessimism
                                 -0.261503  140.404602   library setup time
                                            140.404602   data required time
---------------------------------------------------------------------------------------------
                                            140.404602   data required time
                                            -23.495163   data arrival time
---------------------------------------------------------------------------------------------
                                            116.909439   slack (MET)




===========================================================================
report_checks --slack_max -0.01
============================================================================
======================= nom_ss_100C_1v60 Corner ===================================

No paths found.


===========================================================================
 report_check_types -max_slew -max_cap -max_fanout -violators
============================================================================
======================= nom_ss_100C_1v60 Corner ===================================



===========================================================================
report_parasitic_annotation -report_unannotated
============================================================================
Found 7 unannotated drivers.
 clkload0/Y
 clkload1/Y
 clkload2/Y
 clkload3/Y
 clkload4/Y
 clkload5/Y
 clkload6/Y
Found 0 partially unannotated drivers.

===========================================================================
max slew violation count 0
max fanout violation count 0
max cap violation count 0
============================================================================

===========================================================================
check_setup -verbose -unconstrained_endpoints -multiple_clock -no_clock -no_input_delay -loops -generated_clocks
===========================================================================
Warning: There are 36 input ports missing set_input_delay.
  A_in[0]
  A_in[10]
  A_in[11]
  A_in[12]
  A_in[13]
  A_in[14]
  A_in[15]
  A_in[1]
  A_in[2]
  A_in[3]
  A_in[4]
  A_in[5]
  A_in[6]
  A_in[7]
  A_in[8]
  A_in[9]
  B_in[0]
  B_in[10]
  B_in[11]
  B_in[12]
  B_in[13]
  B_in[14]
  B_in[15]
  B_in[1]
  B_in[2]
  B_in[3]
  B_in[4]
  B_in[5]
  B_in[6]
  B_in[7]
  B_in[8]
  B_in[9]
  Op_Sel[0]
  Op_Sel[1]
  Start
  rst_n
Warning: There are 17 unconstrained endpoints.
  Done
  X_out[0]
  X_out[10]
  X_out[11]
  X_out[12]
  X_out[13]
  X_out[14]
  X_out[15]
  X_out[1]
  X_out[2]
  X_out[3]
  X_out[4]
  X_out[5]
  X_out[6]
  X_out[7]
  X_out[8]
  X_out[9]
