141. Printing statistics.

=== rns_top_crt ===

   Number of wires:              38872
   Number of wire bits:          39263
   Number of public wires:          39
   Number of public wire bits:     182
   Number of ports:                  8
   Number of port bits:             54
   Number of memories:               0
   Number of memory bits:            0
   Number of processes:              0
   Number of cells:              38994
     $_ANDNOT_                   14588
     $_AND_                       1325
     $_MUX_                       6765
     $_NAND_                       961
     $_NOR_                       2599
     $_NOT_                       1686
     $_ORNOT_                     2256
     $_OR_                        1762
     $_XNOR_                      1481
     $_XOR_                       5461
     sky130_fd_sc_hd__dfrtp_2      110

   Area for cell type $_NOT_ is unknown!
   Area for cell type $_AND_ is unknown!
   Area for cell type $_NAND_ is unknown!
   Area for cell type $_OR_ is unknown!
   Area for cell type $_NOR_ is unknown!
   Area for cell type $_XOR_ is unknown!
   Area for cell type $_XNOR_ is unknown!
   Area for cell type $_ANDNOT_ is unknown!
   Area for cell type $_ORNOT_ is unknown!
   Area for cell type $_MUX_ is unknown!

   Chip area for module '\rns_top_crt': 2890.272000
     of which used for sequential elements: 2890.272000 (100.00%)

