135. Printing statistics.

=== rns_top_crt ===

   Number of wires:              38767
   Number of wire bits:          39158
   Number of public wires:          39
   Number of public wire bits:     182
   Number of ports:                  8
   Number of port bits:             54
   Number of memories:               0
   Number of memory bits:            0
   Number of processes:              0
   Number of cells:              38889
     $_ANDNOT_                   14588
     $_AND_                       1325
     $_DFFE_PN0N_                   34
     $_DFFE_PN0P_                   71
     $_DFF_PN0_                      5
     $_MUX_                       6660
     $_NAND_                       961
     $_NOR_                       2599
     $_NOT_                       1686
     $_ORNOT_                     2256
     $_OR_                        1762
     $_XNOR_                      1481
     $_XOR_                       5461

   Area for cell type $_NOT_ is unknown!
   Area for cell type $_AND_ is unknown!
   Area for cell type $_NAND_ is unknown!
   Area for cell type $_OR_ is unknown!
   Area for cell type $_NOR_ is unknown!
   Area for cell type $_XOR_ is unknown!
   Area for cell type $_XNOR_ is unknown!
   Area for cell type $_ANDNOT_ is unknown!
   Area for cell type $_ORNOT_ is unknown!
   Area for cell type $_MUX_ is unknown!
   Area for cell type $_DFF_PN0_ is unknown!
   Area for cell type $_DFFE_PN0N_ is unknown!
   Area for cell type $_DFFE_PN0P_ is unknown!

