Reading OpenROAD database at '/work/runs/RUN_2026-03-17_14-05-48/39-openroad-repairantennas/1-diodeinsertion/rns_top_crt.odb'…
Reading library file at '/pdk/volare/sky130/versions/0fe599b2afb6708d281543108caf8310912f54af/sky130A/libs.ref/sky130_fd_sc_hd/lib/sky130_fd_sc_hd__tt_025C_1v80.lib'…
Reading design constraints file at 'designs/_shared/ll_policy/constraints.sdc'…
[INFO] No information on clock propagation in input SDC file-- propagating all clocks.
[INFO ORD-0030] Using 4 thread(s).
[INFO DRT-0149] Reading tech and libs.
[WARNING DRT-0349] LEF58_ENCLOSURE with no CUTCLASS is not supported. Skipping for layer mcon
[WARNING DRT-0349] LEF58_ENCLOSURE with no CUTCLASS is not supported. Skipping for layer mcon
[WARNING DRT-0349] LEF58_ENCLOSURE with no CUTCLASS is not supported. Skipping for layer via
[WARNING DRT-0349] LEF58_ENCLOSURE with no CUTCLASS is not supported. Skipping for layer via
[WARNING DRT-0349] LEF58_ENCLOSURE with no CUTCLASS is not supported. Skipping for layer via2
[WARNING DRT-0349] LEF58_ENCLOSURE with no CUTCLASS is not supported. Skipping for layer via2
[WARNING DRT-0349] LEF58_ENCLOSURE with no CUTCLASS is not supported. Skipping for layer via3
[WARNING DRT-0349] LEF58_ENCLOSURE with no CUTCLASS is not supported. Skipping for layer via3
[WARNING DRT-0349] LEF58_ENCLOSURE with no CUTCLASS is not supported. Skipping for layer via4
[WARNING DRT-0349] LEF58_ENCLOSURE with no CUTCLASS is not supported. Skipping for layer via4

Units:                1000
Number of layers:     13
Number of macros:     441
Number of vias:       29
Number of viarulegen: 25

[INFO DRT-0150] Reading design.
[WARNING DRT-0120] Large net net36 has 222 pins which may impact routing performance. Consider optimization.

Design:                   rns_top_crt
Die area:                 ( 0 0 ) ( 431270 441990 )
Number of track patterns: 12
Number of DEF vias:       0
Number of components:     5610
Number of terminals:      56
Number of snets:          2
Number of nets:           1959

[INFO DRT-0167] List of default vias:
  Layer via
    default via: M1M2_PR
  Layer via2
    default via: M2M3_PR
  Layer via3
    default via: M3M4_PR
  Layer via4
    default via: M4M5_PR
[INFO DRT-0162] Library cell analysis.
[INFO DRT-0163] Instance analysis.
[INFO DRT-0164] Number of unique instances = 353.
[INFO DRT-0168] Init region query.
[INFO DRT-0024]   Complete FR_MASTERSLICE.
[INFO DRT-0024]   Complete licon.
[INFO DRT-0024]   Complete li1.
[INFO DRT-0024]   Complete mcon.
[INFO DRT-0024]   Complete met1.
[INFO DRT-0024]   Complete via.
[INFO DRT-0024]   Complete met2.
[INFO DRT-0024]   Complete via2.
[INFO DRT-0024]   Complete met3.
[INFO DRT-0024]   Complete via3.
[INFO DRT-0024]   Complete met4.
[INFO DRT-0024]   Complete via4.
[INFO DRT-0024]   Complete met5.
[INFO DRT-0033] FR_MASTERSLICE shape region query size = 0.
[INFO DRT-0033] licon shape region query size = 0.
[INFO DRT-0033] li1 shape region query size = 78010.
[INFO DRT-0033] mcon shape region query size = 0.
[INFO DRT-0033] met1 shape region query size = 13692.
[INFO DRT-0033] via shape region query size = 2325.
[INFO DRT-0033] met2 shape region query size = 1414.
[INFO DRT-0033] via2 shape region query size = 1860.
[INFO DRT-0033] met3 shape region query size = 1430.
[INFO DRT-0033] via3 shape region query size = 1860.
[INFO DRT-0033] met4 shape region query size = 495.
[INFO DRT-0033] via4 shape region query size = 18.
[INFO DRT-0033] met5 shape region query size = 30.
[INFO DRT-0165] Start pin access.
[INFO DRT-0076]   Complete 1000 pins.
[INFO DRT-0078]   Complete 1320 pins.
[INFO DRT-0079]   Complete 100 unique inst patterns.
[INFO DRT-0079]   Complete 200 unique inst patterns.
[INFO DRT-0079]   Complete 300 unique inst patterns.
[INFO DRT-0081]   Complete 347 unique inst patterns.
[INFO DRT-0084]   Complete 1407 groups.
#scanned instances     = 5610
#unique  instances     = 353
#stdCellGenAp          = 10108
#stdCellValidPlanarAp  = 58
#stdCellValidViaAp     = 7691
#stdCellPinNoAp        = 0
#stdCellPinCnt         = 6723
#instTermValidViaApCnt = 0
#macroGenAp            = 0
#macroValidPlanarAp    = 0
#macroValidViaAp       = 0
#macroNoAp             = 0
[INFO DRT-0166] Complete pin access.
[INFO DRT-0267] cpu time = 00:00:59, elapsed time = 00:00:14, memory = 160.55 (MB), peak = 159.95 (MB)

[INFO DRT-0157] Number of guides:     14406

[INFO DRT-0169] Post process guides.
[INFO DRT-0176] GCELLGRID X 0 DO 62 STEP 6900 ;
[INFO DRT-0177] GCELLGRID Y 0 DO 64 STEP 6900 ;
[INFO DRT-0028]   Complete FR_MASTERSLICE.
[INFO DRT-0028]   Complete licon.
[INFO DRT-0028]   Complete li1.
[INFO DRT-0028]   Complete mcon.
[INFO DRT-0028]   Complete met1.
[INFO DRT-0028]   Complete via.
[INFO DRT-0028]   Complete met2.
[INFO DRT-0028]   Complete via2.
[INFO DRT-0028]   Complete met3.
[INFO DRT-0028]   Complete via3.
[INFO DRT-0028]   Complete met4.
[INFO DRT-0028]   Complete via4.
[INFO DRT-0028]   Complete met5.
[INFO DRT-0178] Init guide query.
[INFO DRT-0035]   Complete FR_MASTERSLICE (guide).
[INFO DRT-0035]   Complete licon (guide).
[INFO DRT-0035]   Complete li1 (guide).
[INFO DRT-0035]   Complete mcon (guide).
[INFO DRT-0035]   Complete met1 (guide).
[INFO DRT-0035]   Complete via (guide).
[INFO DRT-0035]   Complete met2 (guide).
[INFO DRT-0035]   Complete via2 (guide).
[INFO DRT-0035]   Complete met3 (guide).
[INFO DRT-0035]   Complete via3 (guide).
[INFO DRT-0035]   Complete met4 (guide).
[INFO DRT-0035]   Complete via4 (guide).
[INFO DRT-0035]   Complete met5 (guide).
[INFO DRT-0036] FR_MASTERSLICE guide region query size = 0.
[INFO DRT-0036] licon guide region query size = 0.
[INFO DRT-0036] li1 guide region query size = 5335.
[INFO DRT-0036] mcon guide region query size = 0.
[INFO DRT-0036] met1 guide region query size = 4036.
[INFO DRT-0036] via guide region query size = 0.
[INFO DRT-0036] met2 guide region query size = 1951.
[INFO DRT-0036] via2 guide region query size = 0.
[INFO DRT-0036] met3 guide region query size = 35.
[INFO DRT-0036] via3 guide region query size = 0.
[INFO DRT-0036] met4 guide region query size = 0.
[INFO DRT-0036] via4 guide region query size = 0.
[INFO DRT-0036] met5 guide region query size = 0.
[INFO DRT-0179] Init gr pin query.
[INFO DRT-0245] skipped writing guide updates to database.
[INFO DRT-0185] Post process initialize RPin region query.
[INFO DRT-0181] Start track assignment.
[INFO DRT-0184] Done with 7286 vertical wires in 2 frboxes and 4071 horizontal wires in 2 frboxes.
[INFO DRT-0186] Done with 392 vertical wires in 2 frboxes and 1100 horizontal wires in 2 frboxes.
[INFO DRT-0182] Complete track assignment.
[INFO DRT-0267] cpu time = 00:00:02, elapsed time = 00:00:00, memory = 201.30 (MB), peak = 200.89 (MB)
[INFO DRT-0187] Start routing data preparation.
[INFO DRT-0267] cpu time = 00:00:00, elapsed time = 00:00:00, memory = 201.30 (MB), peak = 200.89 (MB)
[INFO DRT-0194] Start detail routing.
[INFO DRT-0195] Start 0th optimization iteration.
    Completing 10% with 0 violations.
    elapsed time = 00:00:00, memory = 236.04 (MB).
    Completing 20% with 0 violations.
    elapsed time = 00:00:00, memory = 249.04 (MB).
    Completing 30% with 84 violations.
    elapsed time = 00:00:01, memory = 245.00 (MB).
    Completing 40% with 84 violations.
    elapsed time = 00:00:02, memory = 270.10 (MB).
    Completing 50% with 84 violations.
    elapsed time = 00:00:02, memory = 274.63 (MB).
    Completing 60% with 161 violations.
    elapsed time = 00:00:03, memory = 285.77 (MB).
    Completing 70% with 161 violations.
    elapsed time = 00:00:04, memory = 285.77 (MB).
    Completing 80% with 267 violations.
    elapsed time = 00:00:05, memory = 303.28 (MB).
    Completing 90% with 267 violations.
    elapsed time = 00:00:05, memory = 303.38 (MB).
    Completing 100% with 365 violations.
    elapsed time = 00:00:06, memory = 292.38 (MB).
[INFO DRT-0199]   Number of violations = 474.
Viol/Layer         li1   mcon   met1   met2   met3
Cut Spacing          0      1      0      0      0
Metal Spacing       14      0    117     14      2
Min Hole             0      0      3      0      0
Recheck              0      0     87     22      0
Short                0      0    207      7      0
[INFO DRT-0267] cpu time = 00:00:24, elapsed time = 00:00:07, memory = 624.68 (MB), peak = 624.21 (MB)
Total wire length = 47317 um.
Total wire length on LAYER li1 = 0 um.
Total wire length on LAYER met1 = 25618 um.
Total wire length on LAYER met2 = 21362 um.
Total wire length on LAYER met3 = 337 um.
Total wire length on LAYER met4 = 0 um.
Total wire length on LAYER met5 = 0 um.
Total number of vias = 14222.
Up-via summary (total 14222):

------------------------
 FR_MASTERSLICE        0
            li1     7480
           met1     6707
           met2       35
           met3        0
           met4        0
------------------------
                   14222


[INFO DRT-0195] Start 1st optimization iteration.
    Completing 10% with 474 violations.
    elapsed time = 00:00:00, memory = 628.57 (MB).
    Completing 20% with 474 violations.
    elapsed time = 00:00:01, memory = 628.62 (MB).
    Completing 30% with 401 violations.
    elapsed time = 00:00:01, memory = 628.62 (MB).
    Completing 40% with 401 violations.
    elapsed time = 00:00:02, memory = 628.62 (MB).
    Completing 50% with 401 violations.
    elapsed time = 00:00:03, memory = 628.73 (MB).
    Completing 60% with 307 violations.
    elapsed time = 00:00:03, memory = 628.75 (MB).
    Completing 70% with 307 violations.
    elapsed time = 00:00:04, memory = 628.75 (MB).
    Completing 80% with 202 violations.
    elapsed time = 00:00:04, memory = 637.45 (MB).
    Completing 90% with 202 violations.
    elapsed time = 00:00:04, memory = 640.21 (MB).
    Completing 100% with 109 violations.
    elapsed time = 00:00:05, memory = 640.95 (MB).
[INFO DRT-0199]   Number of violations = 109.
Viol/Layer        met1   met2
Metal Spacing       24      3
Min Hole             2      0
Short               80      0
[INFO DRT-0267] cpu time = 00:00:22, elapsed time = 00:00:06, memory = 641.24 (MB), peak = 640.96 (MB)
Total wire length = 46975 um.
Total wire length on LAYER li1 = 0 um.
Total wire length on LAYER met1 = 25493 um.
Total wire length on LAYER met2 = 21145 um.
Total wire length on LAYER met3 = 336 um.
Total wire length on LAYER met4 = 0 um.
Total wire length on LAYER met5 = 0 um.
Total number of vias = 14129.
Up-via summary (total 14129):

------------------------
 FR_MASTERSLICE        0
            li1     7475
           met1     6619
           met2       35
           met3        0
           met4        0
------------------------
                   14129


[INFO DRT-0195] Start 2nd optimization iteration.
    Completing 10% with 109 violations.
    elapsed time = 00:00:00, memory = 641.24 (MB).
    Completing 20% with 109 violations.
    elapsed time = 00:00:00, memory = 641.24 (MB).
    Completing 30% with 106 violations.
    elapsed time = 00:00:00, memory = 641.24 (MB).
    Completing 40% with 106 violations.
    elapsed time = 00:00:01, memory = 641.24 (MB).
    Completing 50% with 106 violations.
    elapsed time = 00:00:02, memory = 643.49 (MB).
    Completing 60% with 94 violations.
    elapsed time = 00:00:02, memory = 643.49 (MB).
    Completing 70% with 94 violations.
    elapsed time = 00:00:02, memory = 644.14 (MB).
    Completing 80% with 101 violations.
    elapsed time = 00:00:03, memory = 644.14 (MB).
    Completing 90% with 101 violations.
    elapsed time = 00:00:03, memory = 644.14 (MB).
    Completing 100% with 96 violations.
    elapsed time = 00:00:04, memory = 644.14 (MB).
[INFO DRT-0199]   Number of violations = 96.
Viol/Layer        met1   met2
Metal Spacing       18      3
Short               75      0
[INFO DRT-0267] cpu time = 00:00:16, elapsed time = 00:00:04, memory = 644.16 (MB), peak = 643.79 (MB)
Total wire length = 46924 um.
Total wire length on LAYER li1 = 0 um.
Total wire length on LAYER met1 = 25447 um.
Total wire length on LAYER met2 = 21137 um.
Total wire length on LAYER met3 = 338 um.
Total wire length on LAYER met4 = 0 um.
Total wire length on LAYER met5 = 0 um.
Total number of vias = 14114.
Up-via summary (total 14114):

------------------------
 FR_MASTERSLICE        0
            li1     7475
           met1     6602
           met2       37
           met3        0
           met4        0
------------------------
                   14114


[INFO DRT-0195] Start 3rd optimization iteration.
    Completing 10% with 96 violations.
    elapsed time = 00:00:00, memory = 644.16 (MB).
    Completing 20% with 96 violations.
    elapsed time = 00:00:00, memory = 644.30 (MB).
    Completing 30% with 78 violations.
    elapsed time = 00:00:00, memory = 644.30 (MB).
    Completing 40% with 78 violations.
    elapsed time = 00:00:00, memory = 644.30 (MB).
    Completing 50% with 78 violations.
    elapsed time = 00:00:00, memory = 644.82 (MB).
    Completing 60% with 35 violations.
    elapsed time = 00:00:00, memory = 644.82 (MB).
    Completing 70% with 35 violations.
    elapsed time = 00:00:00, memory = 644.82 (MB).
    Completing 80% with 12 violations.
    elapsed time = 00:00:01, memory = 644.82 (MB).
    Completing 90% with 12 violations.
    elapsed time = 00:00:01, memory = 644.82 (MB).
    Completing 100% with 0 violations.
    elapsed time = 00:00:01, memory = 644.82 (MB).
[INFO DRT-0199]   Number of violations = 0.
[INFO DRT-0267] cpu time = 00:00:07, elapsed time = 00:00:02, memory = 644.82 (MB), peak = 644.41 (MB)
Total wire length = 46910 um.
Total wire length on LAYER li1 = 0 um.
Total wire length on LAYER met1 = 25337 um.
Total wire length on LAYER met2 = 21168 um.
Total wire length on LAYER met3 = 404 um.
Total wire length on LAYER met4 = 0 um.
Total wire length on LAYER met5 = 0 um.
Total number of vias = 14183.
Up-via summary (total 14183):

------------------------
 FR_MASTERSLICE        0
            li1     7475
           met1     6650
           met2       58
           met3        0
           met4        0
------------------------
                   14183


[INFO DRT-0198] Complete detail routing.
Total wire length = 46910 um.
Total wire length on LAYER li1 = 0 um.
Total wire length on LAYER met1 = 25337 um.
Total wire length on LAYER met2 = 21168 um.
Total wire length on LAYER met3 = 404 um.
Total wire length on LAYER met4 = 0 um.
Total wire length on LAYER met5 = 0 um.
Total number of vias = 14183.
Up-via summary (total 14183):

------------------------
 FR_MASTERSLICE        0
            li1     7475
           met1     6650
           met2       58
           met3        0
           met4        0
------------------------
                   14183


[INFO DRT-0267] cpu time = 00:01:10, elapsed time = 00:00:20, memory = 644.82 (MB), peak = 644.41 (MB)

[INFO DRT-0180] Post processing.
Setting global connections for newly added cells…
[INFO] Setting global connections...
Updating metrics…
Cell type report:                       Count       Area
  Fill cell                               308    1156.11
  Tap cell                               2496    3123.00
  Antenna cell                            877    2194.60
  Clock buffer                              9     225.22
  Timing Repair Buffer                    195    1531.47
  Inverter                                 59     226.47
  Clock inverter                            7      73.82
  Sequential cell                         110    2977.86
  Multi-Input combinational cell         1549   13150.11
  Total                                  5610   24658.65
Writing OpenROAD database to '/work/runs/RUN_2026-03-17_14-05-48/41-openroad-detailedrouting/rns_top_crt.odb'…
Writing netlist to '/work/runs/RUN_2026-03-17_14-05-48/41-openroad-detailedrouting/rns_top_crt.nl.v'…
Writing powered netlist to '/work/runs/RUN_2026-03-17_14-05-48/41-openroad-detailedrouting/rns_top_crt.pnl.v'…
Writing layout to '/work/runs/RUN_2026-03-17_14-05-48/41-openroad-detailedrouting/rns_top_crt.def'…
Writing timing constraints to '/work/runs/RUN_2026-03-17_14-05-48/41-openroad-detailedrouting/rns_top_crt.sdc'…
