
===========================================================================
report_checks -unconstrained
===========================================================================
======================= min_tt_025C_1v80 Corner ===================================

Startpoint: _3302_ (rising edge-triggered flip-flop clocked by clk)
Endpoint: _3238_ (rising edge-triggered flip-flop clocked by clk)
Path Group: clk
Path Type: max

Fanout         Cap        Slew       Delay        Time   Description
---------------------------------------------------------------------------------------------
                                  0.000000    0.000000   clock clk (rise edge)
                                  0.000000    0.000000   clock source latency
     2    0.039464    0.000000    0.000000    0.000000 ^ clk (in)
                                                         clk (net)
                      0.001543    0.000772    0.000772 ^ clkbuf_0_clk/A (sky130_fd_sc_hd__clkbuf_16)
    17    0.157082    0.169116    0.208408    0.209179 ^ clkbuf_0_clk/X (sky130_fd_sc_hd__clkbuf_16)
                                                         clknet_0_clk (net)
                      0.169353    0.005125    0.214304 ^ clkbuf_3_0__f_clk/A (sky130_fd_sc_hd__clkbuf_16)
    25    0.087850    0.104851    0.219925    0.434229 ^ clkbuf_3_0__f_clk/X (sky130_fd_sc_hd__clkbuf_16)
                                                         clknet_3_0__leaf_clk (net)
                      0.104882    0.001761    0.435991 ^ _3302_/CLK (sky130_fd_sc_hd__dfrtp_4)
    15    0.048772    0.119711    0.569858    1.005848 v _3302_/Q (sky130_fd_sc_hd__dfrtp_4)
                                                         B_reg[12] (net)
                      0.119736    0.001645    1.007494 v _1910_/C (sky130_fd_sc_hd__and3_1)
     3    0.005836    0.049812    0.223022    1.230515 v _1910_/X (sky130_fd_sc_hd__and3_1)
                                                         _1175_ (net)
                      0.049812    0.000067    1.230582 v _2300_/B (sky130_fd_sc_hd__or4_1)
     4    0.009158    0.124400    0.555937    1.786519 v _2300_/X (sky130_fd_sc_hd__or4_1)
                                                         _1553_ (net)
                      0.124400    0.000045    1.786564 v _2304_/A2 (sky130_fd_sc_hd__a21o_1)
     3    0.007412    0.052908    0.224740    2.011304 v _2304_/X (sky130_fd_sc_hd__a21o_1)
                                                         _1557_ (net)
                      0.052908    0.000069    2.011373 v _2308_/C (sky130_fd_sc_hd__and3_1)
     2    0.004552    0.044255    0.186280    2.197653 v _2308_/X (sky130_fd_sc_hd__and3_1)
                                                         _1561_ (net)
                      0.044255    0.000046    2.197699 v _2310_/C (sky130_fd_sc_hd__or3_1)
     3    0.006774    0.087033    0.333087    2.530786 v _2310_/X (sky130_fd_sc_hd__or3_1)
                                                         _1563_ (net)
                      0.087033    0.000030    2.530816 v _2313_/A1 (sky130_fd_sc_hd__a21o_1)
     4    0.010180    0.063173    0.200799    2.731615 v _2313_/X (sky130_fd_sc_hd__a21o_1)
                                                         _1566_ (net)
                      0.063173    0.000098    2.731713 v _2319_/B (sky130_fd_sc_hd__and3_1)
     2    0.005886    0.049989    0.182164    2.913877 v _2319_/X (sky130_fd_sc_hd__and3_1)
                                                         _1572_ (net)
                      0.049989    0.000074    2.913951 v _2321_/C (sky130_fd_sc_hd__or3_1)
     3    0.006960    0.088250    0.335758    3.249709 v _2321_/X (sky130_fd_sc_hd__or3_1)
                                                         _1574_ (net)
                      0.088250    0.000038    3.249747 v _2326_/A1 (sky130_fd_sc_hd__a21o_1)
     4    0.009898    0.062055    0.200274    3.450021 v _2326_/X (sky130_fd_sc_hd__a21o_1)
                                                         _1579_ (net)
                      0.062055    0.000131    3.450152 v _2328_/C (sky130_fd_sc_hd__and3_1)
     2    0.005110    0.046600    0.193164    3.643317 v _2328_/X (sky130_fd_sc_hd__and3_1)
                                                         _1581_ (net)
                      0.046600    0.000052    3.643368 v _2330_/C (sky130_fd_sc_hd__or3_2)
     4    0.012800    0.109980    0.460461    4.103829 v _2330_/X (sky130_fd_sc_hd__or3_2)
                                                         _1583_ (net)
                      0.109980    0.000088    4.103917 v _2334_/A1 (sky130_fd_sc_hd__a21o_1)
     5    0.014796    0.081751    0.226762    4.330679 v _2334_/X (sky130_fd_sc_hd__a21o_1)
                                                         _1587_ (net)
                      0.081751    0.000167    4.330846 v _2338_/B (sky130_fd_sc_hd__and3_1)
     2    0.004905    0.045766    0.185785    4.516631 v _2338_/X (sky130_fd_sc_hd__and3_1)
                                                         _1591_ (net)
                      0.045766    0.000053    4.516685 v _2345_/C (sky130_fd_sc_hd__or3_1)
     3    0.008265    0.095959    0.344813    4.861497 v _2345_/X (sky130_fd_sc_hd__or3_1)
                                                         _1598_ (net)
                      0.095959    0.000080    4.861578 v _2347_/A1 (sky130_fd_sc_hd__a21o_1)
     4    0.010323    0.063734    0.204977    5.066555 v _2347_/X (sky130_fd_sc_hd__a21o_1)
                                                         _1600_ (net)
                      0.063734    0.000142    5.066696 v _2350_/C (sky130_fd_sc_hd__and3_1)
     2    0.005471    0.048163    0.195686    5.262382 v _2350_/X (sky130_fd_sc_hd__and3_1)
                                                         _1603_ (net)
                      0.048163    0.000078    5.262460 v _2352_/C (sky130_fd_sc_hd__or3_1)
     3    0.008491    0.096690    0.347039    5.609499 v _2352_/X (sky130_fd_sc_hd__or3_1)
                                                         _0106_ (net)
                      0.096690    0.000135    5.609634 v _2355_/A2 (sky130_fd_sc_hd__a21o_1)
     4    0.010374    0.063905    0.226802    5.836436 v _2355_/X (sky130_fd_sc_hd__a21o_1)
                                                         _0109_ (net)
                      0.063905    0.000121    5.836557 v _2362_/B (sky130_fd_sc_hd__and3_1)
     2    0.005774    0.049508    0.181939    6.018496 v _2362_/X (sky130_fd_sc_hd__and3_1)
                                                         _0116_ (net)
                      0.049508    0.000072    6.018568 v _2364_/C (sky130_fd_sc_hd__or3_1)
     3    0.007937    0.094421    0.343107    6.361674 v _2364_/X (sky130_fd_sc_hd__or3_1)
                                                         _0118_ (net)
                      0.094421    0.000089    6.361763 v _2366_/A2 (sky130_fd_sc_hd__a21o_1)
     4    0.010192    0.063180    0.225246    6.587009 v _2366_/X (sky130_fd_sc_hd__a21o_1)
                                                         _0120_ (net)
                      0.063180    0.000080    6.587089 v _2370_/B (sky130_fd_sc_hd__and3_1)
     2    0.004965    0.045998    0.177683    6.764772 v _2370_/X (sky130_fd_sc_hd__and3_1)
                                                         _0124_ (net)
                      0.045998    0.000034    6.764806 v _2372_/C (sky130_fd_sc_hd__or3_1)
     3    0.008334    0.096189    0.345408    7.110214 v _2372_/X (sky130_fd_sc_hd__or3_1)
                                                         _0126_ (net)
                      0.096189    0.000025    7.110239 v _2378_/A1 (sky130_fd_sc_hd__a21o_1)
     4    0.009815    0.061734    0.203277    7.313516 v _2378_/X (sky130_fd_sc_hd__a21o_1)
                                                         _0132_ (net)
                      0.061734    0.000066    7.313582 v _2383_/C (sky130_fd_sc_hd__and3_1)
     2    0.006832    0.054275    0.201417    7.514998 v _2383_/X (sky130_fd_sc_hd__and3_1)
                                                         _0137_ (net)
                      0.054275    0.000091    7.515089 v _2385_/C (sky130_fd_sc_hd__or3_1)
     3    0.007948    0.094544    0.344398    7.859488 v _2385_/X (sky130_fd_sc_hd__or3_1)
                                                         _0139_ (net)
                      0.094544    0.000067    7.859554 v _2387_/A1 (sky130_fd_sc_hd__a21o_1)
     4    0.011923    0.070085    0.210146    8.069700 v _2387_/X (sky130_fd_sc_hd__a21o_1)
                                                         _0141_ (net)
                      0.070085    0.000067    8.069766 v _2390_/B (sky130_fd_sc_hd__and3_1)
     3    0.009468    0.064782    0.202069    8.271835 v _2390_/X (sky130_fd_sc_hd__and3_1)
                                                         _0144_ (net)
                      0.064782    0.000140    8.271976 v _2392_/C (sky130_fd_sc_hd__or3_1)
     3    0.006842    0.087591    0.339456    8.611431 v _2392_/X (sky130_fd_sc_hd__or3_1)
                                                         _0146_ (net)
                      0.087591    0.000060    8.611490 v _2397_/A1 (sky130_fd_sc_hd__a21o_1)
     4    0.011329    0.067700    0.205145    8.816636 v _2397_/X (sky130_fd_sc_hd__a21o_1)
                                                         _0151_ (net)
                      0.067700    0.000080    8.816715 v _2406_/B (sky130_fd_sc_hd__and3_1)
     2    0.005496    0.048273    0.182313    8.999028 v _2406_/X (sky130_fd_sc_hd__and3_1)
                                                         _0160_ (net)
                      0.048273    0.000057    8.999085 v _2408_/C (sky130_fd_sc_hd__or3_1)
     3    0.007949    0.094444    0.342962    9.342048 v _2408_/X (sky130_fd_sc_hd__or3_1)
                                                         _0162_ (net)
                      0.094444    0.000052    9.342100 v _2410_/A2 (sky130_fd_sc_hd__a21o_1)
     3    0.006837    0.050281    0.210302    9.552402 v _2410_/X (sky130_fd_sc_hd__a21o_1)
                                                         _0164_ (net)
                      0.050281    0.000074    9.552476 v _2413_/C (sky130_fd_sc_hd__and3_1)
     2    0.004821    0.045367    0.186457    9.738933 v _2413_/X (sky130_fd_sc_hd__and3_1)
                                                         _0167_ (net)
                      0.045367    0.000044    9.738976 v _2415_/C (sky130_fd_sc_hd__or3_1)
     3    0.006827    0.087414    0.333727   10.072703 v _2415_/X (sky130_fd_sc_hd__or3_1)
                                                         _0169_ (net)
                      0.087414    0.000067   10.072769 v _2420_/A1 (sky130_fd_sc_hd__a21o_1)
     4    0.011112    0.066837    0.204302   10.277072 v _2420_/X (sky130_fd_sc_hd__a21o_1)
                                                         _0174_ (net)
                      0.066837    0.000038   10.277110 v _2428_/A1 (sky130_fd_sc_hd__a21bo_1)
     1    0.004292    0.040894    0.177932   10.455043 v _2428_/X (sky130_fd_sc_hd__a21bo_1)
                                                         _0180_ (net)
                      0.040894    0.000017   10.455059 v _2429_/B (sky130_fd_sc_hd__xor2_1)
     1    0.002394    0.066714    0.132190   10.587250 v _2429_/X (sky130_fd_sc_hd__xor2_1)
                                                         _0181_ (net)
                      0.066714    0.000014   10.587264 v _2430_/A1 (sky130_fd_sc_hd__mux2_1)
     1    0.002304    0.053863    0.289827   10.877090 v _2430_/X (sky130_fd_sc_hd__mux2_1)
                                                         _0025_ (net)
                      0.053863    0.000011   10.877101 v _3238_/D (sky130_fd_sc_hd__dfrtp_4)
                                             10.877101   data arrival time

                                160.000000  160.000000   clock clk (rise edge)
                                  0.000000  160.000000   clock source latency
     2    0.039464    0.000000    0.000000  160.000000 ^ clk (in)
                                                         clk (net)
                      0.001543    0.000767  160.000778 ^ clkbuf_0_clk/A (sky130_fd_sc_hd__clkbuf_16)
    17    0.157082    0.169116    0.208416  160.209183 ^ clkbuf_0_clk/X (sky130_fd_sc_hd__clkbuf_16)
                                                         clknet_0_clk (net)
                      0.169332    0.004903  160.214096 ^ clkbuf_3_3__f_clk/A (sky130_fd_sc_hd__clkbuf_16)
    35    0.092833    0.109321    0.223338  160.437424 ^ clkbuf_3_3__f_clk/X (sky130_fd_sc_hd__clkbuf_16)
                                                         clknet_3_3__leaf_clk (net)
                      0.109360    0.001961  160.439392 ^ _3238_/CLK (sky130_fd_sc_hd__dfrtp_4)
                                 -0.100000  160.339386   clock uncertainty
                                  0.000000  160.339386   clock reconvergence pessimism
                                 -0.103399  160.235992   library setup time
                                            160.235992   data required time
---------------------------------------------------------------------------------------------
                                            160.235992   data required time
                                            -10.877101   data arrival time
---------------------------------------------------------------------------------------------
                                            149.358887   slack (MET)




===========================================================================
report_checks --slack_max -0.01
============================================================================
======================= min_tt_025C_1v80 Corner ===================================

No paths found.


===========================================================================
 report_check_types -max_slew -max_cap -max_fanout -violators
============================================================================
======================= min_tt_025C_1v80 Corner ===================================



===========================================================================
report_parasitic_annotation -report_unannotated
============================================================================
Found 7 unannotated drivers.
 clkload0/Y
 clkload1/Y
 clkload2/Y
 clkload3/Y
 clkload4/Y
 clkload5/Y
 clkload6/Y
Found 0 partially unannotated drivers.

===========================================================================
max slew violation count 0
max fanout violation count 0
max cap violation count 0
============================================================================

===========================================================================
check_setup -verbose -unconstrained_endpoints -multiple_clock -no_clock -no_input_delay -loops -generated_clocks
===========================================================================
Warning: There are 36 input ports missing set_input_delay.
  A_in[0]
  A_in[10]
  A_in[11]
  A_in[12]
  A_in[13]
  A_in[14]
  A_in[15]
  A_in[1]
  A_in[2]
  A_in[3]
  A_in[4]
  A_in[5]
  A_in[6]
  A_in[7]
  A_in[8]
  A_in[9]
  B_in[0]
  B_in[10]
  B_in[11]
  B_in[12]
  B_in[13]
  B_in[14]
  B_in[15]
  B_in[1]
  B_in[2]
  B_in[3]
  B_in[4]
  B_in[5]
  B_in[6]
  B_in[7]
  B_in[8]
  B_in[9]
  Op_Sel[0]
  Op_Sel[1]
  Start
  rst_n
Warning: There are 17 unconstrained endpoints.
  Done
  X_out[0]
  X_out[10]
  X_out[11]
  X_out[12]
  X_out[13]
  X_out[14]
  X_out[15]
  X_out[1]
  X_out[2]
  X_out[3]
  X_out[4]
  X_out[5]
  X_out[6]
  X_out[7]
  X_out[8]
  X_out[9]
