
===========================================================================
report_checks -unconstrained
===========================================================================
======================= nom_tt_025C_1v80 Corner ===================================

Startpoint: _3302_ (rising edge-triggered flip-flop clocked by clk)
Endpoint: _3238_ (rising edge-triggered flip-flop clocked by clk)
Path Group: clk
Path Type: max

Fanout         Cap        Slew       Delay        Time   Description
---------------------------------------------------------------------------------------------
                                  0.000000    0.000000   clock clk (rise edge)
                                  0.000000    0.000000   clock source latency
     1    0.028987    0.000000    0.000000    0.000000 ^ clk (in)
                                                         clk (net)
                      0.002441    0.001221    0.001221 ^ clkbuf_0_clk/A (sky130_fd_sc_hd__clkbuf_16)
     8    0.118910    0.132024    0.184483    0.185703 ^ clkbuf_0_clk/X (sky130_fd_sc_hd__clkbuf_16)
                                                         clknet_0_clk (net)
                      0.132103    0.001476    0.187180 ^ clkbuf_3_0__f_clk/A (sky130_fd_sc_hd__clkbuf_16)
    12    0.059349    0.077638    0.187697    0.374877 ^ clkbuf_3_0__f_clk/X (sky130_fd_sc_hd__clkbuf_16)
                                                         clknet_3_0__leaf_clk (net)
                      0.077641    0.000576    0.375452 ^ _3302_/CLK (sky130_fd_sc_hd__dfrtp_4)
     6    0.017241    0.077396    0.505810    0.881262 v _3302_/Q (sky130_fd_sc_hd__dfrtp_4)
                                                         B_reg[12] (net)
                      0.077396    0.000277    0.881539 v _1910_/C (sky130_fd_sc_hd__and3_1)
     3    0.005850    0.051516    0.203808    1.085347 v _1910_/X (sky130_fd_sc_hd__and3_1)
                                                         _1175_ (net)
                      0.051516    0.000011    1.085358 v _2300_/B (sky130_fd_sc_hd__or4_4)
     4    0.008579    0.093235    0.522002    1.607360 v _2300_/X (sky130_fd_sc_hd__or4_4)
                                                         _1553_ (net)
                      0.093235    0.000011    1.607371 v _2304_/A1 (sky130_fd_sc_hd__a21o_1)
     3    0.006700    0.050884    0.188275    1.795646 v _2304_/X (sky130_fd_sc_hd__a21o_1)
                                                         _1557_ (net)
                      0.050884    0.000016    1.795661 v _2308_/C (sky130_fd_sc_hd__and3_1)
     2    0.005331    0.047527    0.189225    1.984886 v _2308_/X (sky130_fd_sc_hd__and3_1)
                                                         _1561_ (net)
                      0.047527    0.000013    1.984899 v _2310_/C (sky130_fd_sc_hd__or3_4)
     3    0.006061    0.069138    0.328233    2.313132 v _2310_/X (sky130_fd_sc_hd__or3_4)
                                                         _1563_ (net)
                      0.069138    0.000004    2.313136 v _2313_/A1 (sky130_fd_sc_hd__a21o_1)
     4    0.009308    0.059829    0.190212    2.503348 v _2313_/X (sky130_fd_sc_hd__a21o_1)
                                                         _1566_ (net)
                      0.059829    0.000039    2.503387 v _2319_/A (sky130_fd_sc_hd__and3_1)
     2    0.005878    0.049933    0.160423    2.663810 v _2319_/X (sky130_fd_sc_hd__and3_1)
                                                         _1572_ (net)
                      0.049933    0.000009    2.663819 v _2321_/C (sky130_fd_sc_hd__or3_4)
     3    0.007264    0.070296    0.332518    2.996337 v _2321_/X (sky130_fd_sc_hd__or3_4)
                                                         _1574_ (net)
                      0.070296    0.000044    2.996381 v _2326_/A1 (sky130_fd_sc_hd__a21o_1)
     4    0.009536    0.060613    0.191628    3.188008 v _2326_/X (sky130_fd_sc_hd__a21o_1)
                                                         _1579_ (net)
                      0.060613    0.000037    3.188045 v _2328_/B (sky130_fd_sc_hd__and3_1)
     2    0.005284    0.047354    0.178092    3.366138 v _2328_/X (sky130_fd_sc_hd__and3_1)
                                                         _1581_ (net)
                      0.047354    0.000018    3.366156 v _2330_/C (sky130_fd_sc_hd__or3_4)
     4    0.012053    0.077838    0.346407    3.712563 v _2330_/X (sky130_fd_sc_hd__or3_4)
                                                         _1583_ (net)
                      0.077838    0.000021    3.712584 v _2334_/A1 (sky130_fd_sc_hd__a21o_1)
     5    0.013393    0.077649    0.208585    3.921170 v _2334_/X (sky130_fd_sc_hd__a21o_1)
                                                         _1587_ (net)
                      0.077649    0.000030    3.921200 v _2338_/A (sky130_fd_sc_hd__and3_1)
     2    0.005635    0.048888    0.167193    4.088393 v _2338_/X (sky130_fd_sc_hd__and3_1)
                                                         _1591_ (net)
                      0.048888    0.000020    4.088413 v _2345_/C (sky130_fd_sc_hd__or3_4)
     3    0.007307    0.070364    0.332380    4.420793 v _2345_/X (sky130_fd_sc_hd__or3_4)
                                                         _1598_ (net)
                      0.070364    0.000020    4.420812 v _2347_/A1 (sky130_fd_sc_hd__a21o_1)
     4    0.009395    0.060094    0.191120    4.611932 v _2347_/X (sky130_fd_sc_hd__a21o_1)
                                                         _1600_ (net)
                      0.060094    0.000046    4.611978 v _2350_/B (sky130_fd_sc_hd__and3_1)
     2    0.005746    0.049356    0.180100    4.792078 v _2350_/X (sky130_fd_sc_hd__and3_1)
                                                         _1603_ (net)
                      0.049356    0.000031    4.792109 v _2352_/C (sky130_fd_sc_hd__or3_4)
     3    0.007963    0.071545    0.334491    5.126600 v _2352_/X (sky130_fd_sc_hd__or3_4)
                                                         _0106_ (net)
                      0.071545    0.000045    5.126645 v _2355_/A1 (sky130_fd_sc_hd__a21o_1)
     4    0.008968    0.058858    0.189661    5.316305 v _2355_/X (sky130_fd_sc_hd__a21o_1)
                                                         _0109_ (net)
                      0.058858    0.000032    5.316337 v _2362_/A (sky130_fd_sc_hd__and3_1)
     2    0.005548    0.048489    0.158425    5.474762 v _2362_/X (sky130_fd_sc_hd__and3_1)
                                                         _0116_ (net)
                      0.048489    0.000029    5.474792 v _2364_/C (sky130_fd_sc_hd__or3_4)
     3    0.006694    0.069486    0.330407    5.805198 v _2364_/X (sky130_fd_sc_hd__or3_4)
                                                         _0118_ (net)
                      0.069486    0.000031    5.805229 v _2366_/A1 (sky130_fd_sc_hd__a21o_1)
     4    0.009106    0.060909    0.189458    5.994687 v _2366_/X (sky130_fd_sc_hd__a21o_1)
                                                         _0120_ (net)
                      0.060909    0.000022    5.994709 v _2370_/A (sky130_fd_sc_hd__and3_1)
     2    0.005250    0.048908    0.157942    6.152651 v _2370_/X (sky130_fd_sc_hd__and3_1)
                                                         _0124_ (net)
                      0.048908    0.000015    6.152667 v _2372_/C (sky130_fd_sc_hd__or3_4)
     3    0.007653    0.072202    0.333443    6.486109 v _2372_/X (sky130_fd_sc_hd__or3_4)
                                                         _0126_ (net)
                      0.072202    0.000003    6.486112 v _2378_/A1 (sky130_fd_sc_hd__a21o_1)
     3    0.008301    0.057552    0.186910    6.673021 v _2378_/X (sky130_fd_sc_hd__a21o_1)
                                                         _0132_ (net)
                      0.057552    0.000004    6.673026 v _2382_/A2 (sky130_fd_sc_hd__a21oi_2)
     3    0.011178    0.169336    0.191764    6.864790 ^ _2382_/Y (sky130_fd_sc_hd__a21oi_2)
                                                         _0136_ (net)
                      0.169336    0.000032    6.864822 ^ _2386_/B (sky130_fd_sc_hd__xnor2_1)
     3    0.010350    0.271563    0.193843    7.058664 ^ _2386_/Y (sky130_fd_sc_hd__xnor2_1)
                                                         _0140_ (net)
                      0.271563    0.000012    7.058676 ^ _2387_/A2 (sky130_fd_sc_hd__a21o_1)
     4    0.008584    0.086582    0.194949    7.253625 ^ _2387_/X (sky130_fd_sc_hd__a21o_1)
                                                         _0141_ (net)
                      0.086582    0.000018    7.253643 ^ rebuffer6/A (sky130_fd_sc_hd__dlymetal6s2s_1)
     1    0.009650    0.123246    0.155924    7.409567 ^ rebuffer6/X (sky130_fd_sc_hd__dlymetal6s2s_1)
                                                         net59 (net)
                      0.123246    0.000034    7.409601 ^ _2389_/A1 (sky130_fd_sc_hd__a21oi_4)
     4    0.017743    0.064378    0.087200    7.496801 v _2389_/Y (sky130_fd_sc_hd__a21oi_4)
                                                         _0143_ (net)
                      0.064378    0.000012    7.496812 v _2392_/B (sky130_fd_sc_hd__or3_4)
     3    0.006056    0.068424    0.371273    7.868085 v _2392_/X (sky130_fd_sc_hd__or3_4)
                                                         _0146_ (net)
                      0.068424    0.000016    7.868101 v _2397_/A1 (sky130_fd_sc_hd__a21o_1)
     4    0.008913    0.060084    0.188139    8.056240 v _2397_/X (sky130_fd_sc_hd__a21o_1)
                                                         _0151_ (net)
                      0.060084    0.000017    8.056257 v _2406_/A (sky130_fd_sc_hd__and3_1)
     2    0.005483    0.048200    0.158668    8.214925 v _2406_/X (sky130_fd_sc_hd__and3_1)
                                                         _0160_ (net)
                      0.048200    0.000018    8.214943 v _2408_/C (sky130_fd_sc_hd__or3_4)
     3    0.007664    0.072201    0.333288    8.548231 v _2408_/X (sky130_fd_sc_hd__or3_4)
                                                         _0162_ (net)
                      0.072201    0.000014    8.548245 v _2410_/A1 (sky130_fd_sc_hd__a21o_1)
     3    0.005737    0.046813    0.175218    8.723463 v _2410_/X (sky130_fd_sc_hd__a21o_1)
                                                         _0164_ (net)
                      0.046813    0.000010    8.723473 v _2413_/C (sky130_fd_sc_hd__and3_1)
     2    0.005278    0.049001    0.187215    8.910687 v _2413_/X (sky130_fd_sc_hd__and3_1)
                                                         _0167_ (net)
                      0.049001    0.000012    8.910699 v _2415_/C (sky130_fd_sc_hd__or3_4)
     3    0.006167    0.068662    0.328941    9.239640 v _2415_/X (sky130_fd_sc_hd__or3_4)
                                                         _0169_ (net)
                      0.068662    0.000015    9.239655 v _2420_/A1 (sky130_fd_sc_hd__a21o_1)
     4    0.010419    0.066115    0.194137    9.433793 v _2420_/X (sky130_fd_sc_hd__a21o_1)
                                                         _0174_ (net)
                      0.066115    0.000004    9.433797 v _2428_/A1 (sky130_fd_sc_hd__a21bo_1)
     1    0.004302    0.042466    0.177698    9.611495 v _2428_/X (sky130_fd_sc_hd__a21bo_1)
                                                         _0180_ (net)
                      0.042466    0.000003    9.611498 v _2429_/B (sky130_fd_sc_hd__xor2_1)
     1    0.002462    0.066103    0.133109    9.744606 v _2429_/X (sky130_fd_sc_hd__xor2_1)
                                                         _0181_ (net)
                      0.066103    0.000003    9.744609 v _2430_/A1 (sky130_fd_sc_hd__mux2_4)
     1    0.002230    0.046628    0.255484   10.000093 v _2430_/X (sky130_fd_sc_hd__mux2_4)
                                                         _0025_ (net)
                      0.046628    0.000003   10.000095 v _3238_/D (sky130_fd_sc_hd__dfrtp_4)
                                             10.000095   data arrival time

                                  5.000000    5.000000   clock clk (rise edge)
                                  0.000000    5.000000   clock source latency
     1    0.028987    0.000000    0.000000    5.000000 ^ clk (in)
                                                         clk (net)
                      0.002441    0.001220    5.001221 ^ clkbuf_0_clk/A (sky130_fd_sc_hd__clkbuf_16)
     8    0.118910    0.132024    0.184483    5.185704 ^ clkbuf_0_clk/X (sky130_fd_sc_hd__clkbuf_16)
                                                         clknet_0_clk (net)
                      0.132123    0.001981    5.187685 ^ clkbuf_3_3__f_clk/A (sky130_fd_sc_hd__clkbuf_16)
    17    0.060135    0.078352    0.188353    5.376038 ^ clkbuf_3_3__f_clk/X (sky130_fd_sc_hd__clkbuf_16)
                                                         clknet_3_3__leaf_clk (net)
                      0.078352    0.000281    5.376318 ^ _3238_/CLK (sky130_fd_sc_hd__dfrtp_4)
                                 -0.100000    5.276319   clock uncertainty
                                  0.000000    5.276319   clock reconvergence pessimism
                                 -0.107351    5.168968   library setup time
                                              5.168968   data required time
---------------------------------------------------------------------------------------------
                                              5.168968   data required time
                                            -10.000095   data arrival time
---------------------------------------------------------------------------------------------
                                             -4.831128   slack (VIOLATED)




===========================================================================
report_checks --slack_max -0.01
============================================================================
======================= nom_tt_025C_1v80 Corner ===================================

Startpoint: _3302_ (rising edge-triggered flip-flop clocked by clk)
Endpoint: _3238_ (rising edge-triggered flip-flop clocked by clk)
Path Group: clk
Path Type: max

Fanout         Cap        Slew       Delay        Time   Description
---------------------------------------------------------------------------------------------
                                  0.000000    0.000000   clock clk (rise edge)
                                  0.000000    0.000000   clock source latency
     1    0.028987    0.000000    0.000000    0.000000 ^ clk (in)
                                                         clk (net)
                      0.002441    0.001221    0.001221 ^ clkbuf_0_clk/A (sky130_fd_sc_hd__clkbuf_16)
     8    0.118910    0.132024    0.184483    0.185703 ^ clkbuf_0_clk/X (sky130_fd_sc_hd__clkbuf_16)
                                                         clknet_0_clk (net)
                      0.132103    0.001476    0.187180 ^ clkbuf_3_0__f_clk/A (sky130_fd_sc_hd__clkbuf_16)
    12    0.059349    0.077638    0.187697    0.374877 ^ clkbuf_3_0__f_clk/X (sky130_fd_sc_hd__clkbuf_16)
                                                         clknet_3_0__leaf_clk (net)
                      0.077641    0.000576    0.375452 ^ _3302_/CLK (sky130_fd_sc_hd__dfrtp_4)
     6    0.017241    0.077396    0.505810    0.881262 v _3302_/Q (sky130_fd_sc_hd__dfrtp_4)
                                                         B_reg[12] (net)
                      0.077396    0.000277    0.881539 v _1910_/C (sky130_fd_sc_hd__and3_1)
     3    0.005850    0.051516    0.203808    1.085347 v _1910_/X (sky130_fd_sc_hd__and3_1)
                                                         _1175_ (net)
                      0.051516    0.000011    1.085358 v _2300_/B (sky130_fd_sc_hd__or4_4)
     4    0.008579    0.093235    0.522002    1.607360 v _2300_/X (sky130_fd_sc_hd__or4_4)
                                                         _1553_ (net)
                      0.093235    0.000011    1.607371 v _2304_/A1 (sky130_fd_sc_hd__a21o_1)
     3    0.006700    0.050884    0.188275    1.795646 v _2304_/X (sky130_fd_sc_hd__a21o_1)
                                                         _1557_ (net)
                      0.050884    0.000016    1.795661 v _2308_/C (sky130_fd_sc_hd__and3_1)
     2    0.005331    0.047527    0.189225    1.984886 v _2308_/X (sky130_fd_sc_hd__and3_1)
                                                         _1561_ (net)
                      0.047527    0.000013    1.984899 v _2310_/C (sky130_fd_sc_hd__or3_4)
     3    0.006061    0.069138    0.328233    2.313132 v _2310_/X (sky130_fd_sc_hd__or3_4)
                                                         _1563_ (net)
                      0.069138    0.000004    2.313136 v _2313_/A1 (sky130_fd_sc_hd__a21o_1)
     4    0.009308    0.059829    0.190212    2.503348 v _2313_/X (sky130_fd_sc_hd__a21o_1)
                                                         _1566_ (net)
                      0.059829    0.000039    2.503387 v _2319_/A (sky130_fd_sc_hd__and3_1)
     2    0.005878    0.049933    0.160423    2.663810 v _2319_/X (sky130_fd_sc_hd__and3_1)
                                                         _1572_ (net)
                      0.049933    0.000009    2.663819 v _2321_/C (sky130_fd_sc_hd__or3_4)
     3    0.007264    0.070296    0.332518    2.996337 v _2321_/X (sky130_fd_sc_hd__or3_4)
                                                         _1574_ (net)
                      0.070296    0.000044    2.996381 v _2326_/A1 (sky130_fd_sc_hd__a21o_1)
     4    0.009536    0.060613    0.191628    3.188008 v _2326_/X (sky130_fd_sc_hd__a21o_1)
                                                         _1579_ (net)
                      0.060613    0.000037    3.188045 v _2328_/B (sky130_fd_sc_hd__and3_1)
     2    0.005284    0.047354    0.178092    3.366138 v _2328_/X (sky130_fd_sc_hd__and3_1)
                                                         _1581_ (net)
                      0.047354    0.000018    3.366156 v _2330_/C (sky130_fd_sc_hd__or3_4)
     4    0.012053    0.077838    0.346407    3.712563 v _2330_/X (sky130_fd_sc_hd__or3_4)
                                                         _1583_ (net)
                      0.077838    0.000021    3.712584 v _2334_/A1 (sky130_fd_sc_hd__a21o_1)
     5    0.013393    0.077649    0.208585    3.921170 v _2334_/X (sky130_fd_sc_hd__a21o_1)
                                                         _1587_ (net)
                      0.077649    0.000030    3.921200 v _2338_/A (sky130_fd_sc_hd__and3_1)
     2    0.005635    0.048888    0.167193    4.088393 v _2338_/X (sky130_fd_sc_hd__and3_1)
                                                         _1591_ (net)
                      0.048888    0.000020    4.088413 v _2345_/C (sky130_fd_sc_hd__or3_4)
     3    0.007307    0.070364    0.332380    4.420793 v _2345_/X (sky130_fd_sc_hd__or3_4)
                                                         _1598_ (net)
                      0.070364    0.000020    4.420812 v _2347_/A1 (sky130_fd_sc_hd__a21o_1)
     4    0.009395    0.060094    0.191120    4.611932 v _2347_/X (sky130_fd_sc_hd__a21o_1)
                                                         _1600_ (net)
                      0.060094    0.000046    4.611978 v _2350_/B (sky130_fd_sc_hd__and3_1)
     2    0.005746    0.049356    0.180100    4.792078 v _2350_/X (sky130_fd_sc_hd__and3_1)
                                                         _1603_ (net)
                      0.049356    0.000031    4.792109 v _2352_/C (sky130_fd_sc_hd__or3_4)
     3    0.007963    0.071545    0.334491    5.126600 v _2352_/X (sky130_fd_sc_hd__or3_4)
                                                         _0106_ (net)
                      0.071545    0.000045    5.126645 v _2355_/A1 (sky130_fd_sc_hd__a21o_1)
     4    0.008968    0.058858    0.189661    5.316305 v _2355_/X (sky130_fd_sc_hd__a21o_1)
                                                         _0109_ (net)
                      0.058858    0.000032    5.316337 v _2362_/A (sky130_fd_sc_hd__and3_1)
     2    0.005548    0.048489    0.158425    5.474762 v _2362_/X (sky130_fd_sc_hd__and3_1)
                                                         _0116_ (net)
                      0.048489    0.000029    5.474792 v _2364_/C (sky130_fd_sc_hd__or3_4)
     3    0.006694    0.069486    0.330407    5.805198 v _2364_/X (sky130_fd_sc_hd__or3_4)
                                                         _0118_ (net)
                      0.069486    0.000031    5.805229 v _2366_/A1 (sky130_fd_sc_hd__a21o_1)
     4    0.009106    0.060909    0.189458    5.994687 v _2366_/X (sky130_fd_sc_hd__a21o_1)
                                                         _0120_ (net)
                      0.060909    0.000022    5.994709 v _2370_/A (sky130_fd_sc_hd__and3_1)
     2    0.005250    0.048908    0.157942    6.152651 v _2370_/X (sky130_fd_sc_hd__and3_1)
                                                         _0124_ (net)
                      0.048908    0.000015    6.152667 v _2372_/C (sky130_fd_sc_hd__or3_4)
     3    0.007653    0.072202    0.333443    6.486109 v _2372_/X (sky130_fd_sc_hd__or3_4)
                                                         _0126_ (net)
                      0.072202    0.000003    6.486112 v _2378_/A1 (sky130_fd_sc_hd__a21o_1)
     3    0.008301    0.057552    0.186910    6.673021 v _2378_/X (sky130_fd_sc_hd__a21o_1)
                                                         _0132_ (net)
                      0.057552    0.000004    6.673026 v _2382_/A2 (sky130_fd_sc_hd__a21oi_2)
     3    0.011178    0.169336    0.191764    6.864790 ^ _2382_/Y (sky130_fd_sc_hd__a21oi_2)
                                                         _0136_ (net)
                      0.169336    0.000032    6.864822 ^ _2386_/B (sky130_fd_sc_hd__xnor2_1)
     3    0.010350    0.271563    0.193843    7.058664 ^ _2386_/Y (sky130_fd_sc_hd__xnor2_1)
                                                         _0140_ (net)
                      0.271563    0.000012    7.058676 ^ _2387_/A2 (sky130_fd_sc_hd__a21o_1)
     4    0.008584    0.086582    0.194949    7.253625 ^ _2387_/X (sky130_fd_sc_hd__a21o_1)
                                                         _0141_ (net)
                      0.086582    0.000018    7.253643 ^ rebuffer6/A (sky130_fd_sc_hd__dlymetal6s2s_1)
     1    0.009650    0.123246    0.155924    7.409567 ^ rebuffer6/X (sky130_fd_sc_hd__dlymetal6s2s_1)
                                                         net59 (net)
                      0.123246    0.000034    7.409601 ^ _2389_/A1 (sky130_fd_sc_hd__a21oi_4)
     4    0.017743    0.064378    0.087200    7.496801 v _2389_/Y (sky130_fd_sc_hd__a21oi_4)
                                                         _0143_ (net)
                      0.064378    0.000012    7.496812 v _2392_/B (sky130_fd_sc_hd__or3_4)
     3    0.006056    0.068424    0.371273    7.868085 v _2392_/X (sky130_fd_sc_hd__or3_4)
                                                         _0146_ (net)
                      0.068424    0.000016    7.868101 v _2397_/A1 (sky130_fd_sc_hd__a21o_1)
     4    0.008913    0.060084    0.188139    8.056240 v _2397_/X (sky130_fd_sc_hd__a21o_1)
                                                         _0151_ (net)
                      0.060084    0.000017    8.056257 v _2406_/A (sky130_fd_sc_hd__and3_1)
     2    0.005483    0.048200    0.158668    8.214925 v _2406_/X (sky130_fd_sc_hd__and3_1)
                                                         _0160_ (net)
                      0.048200    0.000018    8.214943 v _2408_/C (sky130_fd_sc_hd__or3_4)
     3    0.007664    0.072201    0.333288    8.548231 v _2408_/X (sky130_fd_sc_hd__or3_4)
                                                         _0162_ (net)
                      0.072201    0.000014    8.548245 v _2410_/A1 (sky130_fd_sc_hd__a21o_1)
     3    0.005737    0.046813    0.175218    8.723463 v _2410_/X (sky130_fd_sc_hd__a21o_1)
                                                         _0164_ (net)
                      0.046813    0.000010    8.723473 v _2413_/C (sky130_fd_sc_hd__and3_1)
     2    0.005278    0.049001    0.187215    8.910687 v _2413_/X (sky130_fd_sc_hd__and3_1)
                                                         _0167_ (net)
                      0.049001    0.000012    8.910699 v _2415_/C (sky130_fd_sc_hd__or3_4)
     3    0.006167    0.068662    0.328941    9.239640 v _2415_/X (sky130_fd_sc_hd__or3_4)
                                                         _0169_ (net)
                      0.068662    0.000015    9.239655 v _2420_/A1 (sky130_fd_sc_hd__a21o_1)
     4    0.010419    0.066115    0.194137    9.433793 v _2420_/X (sky130_fd_sc_hd__a21o_1)
                                                         _0174_ (net)
                      0.066115    0.000004    9.433797 v _2428_/A1 (sky130_fd_sc_hd__a21bo_1)
     1    0.004302    0.042466    0.177698    9.611495 v _2428_/X (sky130_fd_sc_hd__a21bo_1)
                                                         _0180_ (net)
                      0.042466    0.000003    9.611498 v _2429_/B (sky130_fd_sc_hd__xor2_1)
     1    0.002462    0.066103    0.133109    9.744606 v _2429_/X (sky130_fd_sc_hd__xor2_1)
                                                         _0181_ (net)
                      0.066103    0.000003    9.744609 v _2430_/A1 (sky130_fd_sc_hd__mux2_4)
     1    0.002230    0.046628    0.255484   10.000093 v _2430_/X (sky130_fd_sc_hd__mux2_4)
                                                         _0025_ (net)
                      0.046628    0.000003   10.000095 v _3238_/D (sky130_fd_sc_hd__dfrtp_4)
                                             10.000095   data arrival time

                                  5.000000    5.000000   clock clk (rise edge)
                                  0.000000    5.000000   clock source latency
     1    0.028987    0.000000    0.000000    5.000000 ^ clk (in)
                                                         clk (net)
                      0.002441    0.001220    5.001221 ^ clkbuf_0_clk/A (sky130_fd_sc_hd__clkbuf_16)
     8    0.118910    0.132024    0.184483    5.185704 ^ clkbuf_0_clk/X (sky130_fd_sc_hd__clkbuf_16)
                                                         clknet_0_clk (net)
                      0.132123    0.001981    5.187685 ^ clkbuf_3_3__f_clk/A (sky130_fd_sc_hd__clkbuf_16)
    17    0.060135    0.078352    0.188353    5.376038 ^ clkbuf_3_3__f_clk/X (sky130_fd_sc_hd__clkbuf_16)
                                                         clknet_3_3__leaf_clk (net)
                      0.078352    0.000281    5.376318 ^ _3238_/CLK (sky130_fd_sc_hd__dfrtp_4)
                                 -0.100000    5.276319   clock uncertainty
                                  0.000000    5.276319   clock reconvergence pessimism
                                 -0.107351    5.168968   library setup time
                                              5.168968   data required time
---------------------------------------------------------------------------------------------
                                              5.168968   data required time
                                            -10.000095   data arrival time
---------------------------------------------------------------------------------------------
                                             -4.831128   slack (VIOLATED)




===========================================================================
 report_check_types -max_slew -max_cap -max_fanout -violators
============================================================================
======================= nom_tt_025C_1v80 Corner ===================================



===========================================================================
report_parasitic_annotation -report_unannotated
============================================================================
Found 7 unannotated drivers.
 clkload0/Y
 clkload1/Y
 clkload2/Y
 clkload3/Y
 clkload4/Y
 clkload5/Y
 clkload6/Y
Found 0 partially unannotated drivers.

===========================================================================
max slew violation count 0
Writing metric design__max_slew_violation__count__corner:nom_tt_025C_1v80: 0
max fanout violation count 0
Writing metric design__max_fanout_violation__count__corner:nom_tt_025C_1v80: 0
max cap violation count 0
Writing metric design__max_cap_violation__count__corner:nom_tt_025C_1v80: 0
============================================================================

===========================================================================
check_setup -verbose -unconstrained_endpoints -multiple_clock -no_clock -no_input_delay -loops -generated_clocks
===========================================================================
Warning: There are 36 input ports missing set_input_delay.
  A_in[0]
  A_in[10]
  A_in[11]
  A_in[12]
  A_in[13]
  A_in[14]
  A_in[15]
  A_in[1]
  A_in[2]
  A_in[3]
  A_in[4]
  A_in[5]
  A_in[6]
  A_in[7]
  A_in[8]
  A_in[9]
  B_in[0]
  B_in[10]
  B_in[11]
  B_in[12]
  B_in[13]
  B_in[14]
  B_in[15]
  B_in[1]
  B_in[2]
  B_in[3]
  B_in[4]
  B_in[5]
  B_in[6]
  B_in[7]
  B_in[8]
  B_in[9]
  Op_Sel[0]
  Op_Sel[1]
  Start
  rst_n
Warning: There are 17 unconstrained endpoints.
  Done
  X_out[0]
  X_out[10]
  X_out[11]
  X_out[12]
  X_out[13]
  X_out[14]
  X_out[15]
  X_out[1]
  X_out[2]
  X_out[3]
  X_out[4]
  X_out[5]
  X_out[6]
  X_out[7]
  X_out[8]
  X_out[9]
