
===========================================================================
report_checks -unconstrained
===========================================================================
======================= nom_tt_025C_1v80 Corner ===================================

Startpoint: _3302_ (rising edge-triggered flip-flop clocked by clk)
Endpoint: _3238_ (rising edge-triggered flip-flop clocked by clk)
Path Group: clk
Path Type: max

Fanout         Cap        Slew       Delay        Time   Description
---------------------------------------------------------------------------------------------
                                  0.000000    0.000000   clock clk (rise edge)
                                  0.000000    0.000000   clock source latency
     1    0.028947    0.000000    0.000000    0.000000 ^ clk (in)
                                                         clk (net)
                      0.002434    0.001217    0.001217 ^ clkbuf_0_clk/A (sky130_fd_sc_hd__clkbuf_16)
     8    0.118910    0.132024    0.184480    0.185697 ^ clkbuf_0_clk/X (sky130_fd_sc_hd__clkbuf_16)
                                                         clknet_0_clk (net)
                      0.132103    0.001488    0.187185 ^ clkbuf_3_0__f_clk/A (sky130_fd_sc_hd__clkbuf_16)
    12    0.059230    0.077529    0.187610    0.374794 ^ clkbuf_3_0__f_clk/X (sky130_fd_sc_hd__clkbuf_16)
                                                         clknet_3_0__leaf_clk (net)
                      0.077531    0.000574    0.375368 ^ _3302_/CLK (sky130_fd_sc_hd__dfrtp_4)
     6    0.017510    0.077592    0.506234    0.881602 v _3302_/Q (sky130_fd_sc_hd__dfrtp_4)
                                                         B_reg[12] (net)
                      0.077592    0.000301    0.881903 v _1910_/C (sky130_fd_sc_hd__and3_1)
     3    0.006064    0.050779    0.204937    1.086840 v _1910_/X (sky130_fd_sc_hd__and3_1)
                                                         _1175_ (net)
                      0.050779    0.000021    1.086862 v _2300_/A (sky130_fd_sc_hd__or4_4)
     4    0.008539    0.093151    0.542140    1.629001 v _2300_/X (sky130_fd_sc_hd__or4_4)
                                                         _1553_ (net)
                      0.093151    0.000010    1.629011 v _2304_/A1 (sky130_fd_sc_hd__a21o_1)
     3    0.006660    0.050722    0.188062    1.817073 v _2304_/X (sky130_fd_sc_hd__a21o_1)
                                                         _1557_ (net)
                      0.050722    0.000016    1.817089 v _2307_/A2 (sky130_fd_sc_hd__a21oi_1)
     3    0.010160    0.248812    0.242194    2.059283 ^ _2307_/Y (sky130_fd_sc_hd__a21oi_1)
                                                         _1560_ (net)
                      0.248812    0.000011    2.059294 ^ _2311_/B (sky130_fd_sc_hd__xor2_1)
     3    0.009745    0.242535    0.261781    2.321075 ^ _2311_/X (sky130_fd_sc_hd__xor2_1)
                                                         _1564_ (net)
                      0.242535    0.000017    2.321093 ^ _2313_/A2 (sky130_fd_sc_hd__a21o_1)
     4    0.009704    0.095343    0.195399    2.516492 ^ _2313_/X (sky130_fd_sc_hd__a21o_1)
                                                         _1566_ (net)
                      0.095343    0.000036    2.516528 ^ _2318_/A1 (sky130_fd_sc_hd__a21oi_1)
     3    0.010167    0.092401    0.110054    2.626583 v _2318_/Y (sky130_fd_sc_hd__a21oi_1)
                                                         _1571_ (net)
                      0.092401    0.000020    2.626602 v _2321_/B (sky130_fd_sc_hd__or3_4)
     2    0.005744    0.067880    0.380570    3.007172 v _2321_/X (sky130_fd_sc_hd__or3_4)
                                                         _1574_ (net)
                      0.067880    0.000034    3.007206 v _2326_/A1 (sky130_fd_sc_hd__a21o_1)
     4    0.009751    0.061452    0.191402    3.198608 v _2326_/X (sky130_fd_sc_hd__a21o_1)
                                                         _1579_ (net)
                      0.061452    0.000042    3.198650 v _2328_/B (sky130_fd_sc_hd__and3_1)
     2    0.005266    0.048987    0.178392    3.377042 v _2328_/X (sky130_fd_sc_hd__and3_1)
                                                         _1581_ (net)
                      0.048987    0.000016    3.377057 v _2330_/A (sky130_fd_sc_hd__or3_4)
     3    0.006386    0.069006    0.385484    3.762542 v _2330_/X (sky130_fd_sc_hd__or3_4)
                                                         _1583_ (net)
                      0.069006    0.000017    3.762559 v _2334_/A1 (sky130_fd_sc_hd__a21o_1)
     3    0.006597    0.049173    0.177809    3.940368 v _2334_/X (sky130_fd_sc_hd__a21o_1)
                                                         _1587_ (net)
                      0.049173    0.000024    3.940391 v _2338_/A (sky130_fd_sc_hd__and3_1)
     2    0.005635    0.048888    0.154663    4.095054 v _2338_/X (sky130_fd_sc_hd__and3_1)
                                                         _1591_ (net)
                      0.048888    0.000020    4.095074 v _2345_/C (sky130_fd_sc_hd__or3_4)
     3    0.007307    0.070357    0.332380    4.427454 v _2345_/X (sky130_fd_sc_hd__or3_4)
                                                         _1598_ (net)
                      0.070357    0.000020    4.427474 v _2347_/A1 (sky130_fd_sc_hd__a21o_1)
     4    0.009395    0.060094    0.191117    4.618591 v _2347_/X (sky130_fd_sc_hd__a21o_1)
                                                         _1600_ (net)
                      0.060094    0.000046    4.618637 v _2350_/B (sky130_fd_sc_hd__and3_1)
     2    0.005746    0.049356    0.180100    4.798737 v _2350_/X (sky130_fd_sc_hd__and3_1)
                                                         _1603_ (net)
                      0.049356    0.000031    4.798768 v _2352_/C (sky130_fd_sc_hd__or3_4)
     3    0.007963    0.071549    0.334491    5.133258 v _2352_/X (sky130_fd_sc_hd__or3_4)
                                                         _0106_ (net)
                      0.071549    0.000045    5.133303 v _2355_/A1 (sky130_fd_sc_hd__a21o_1)
     4    0.008968    0.058858    0.189662    5.322965 v _2355_/X (sky130_fd_sc_hd__a21o_1)
                                                         _0109_ (net)
                      0.058858    0.000033    5.322998 v _2362_/A (sky130_fd_sc_hd__and3_1)
     2    0.005508    0.048316    0.158238    5.481236 v _2362_/X (sky130_fd_sc_hd__and3_1)
                                                         _0116_ (net)
                      0.048316    0.000028    5.481265 v _2364_/C (sky130_fd_sc_hd__or3_4)
     3    0.006687    0.069482    0.330339    5.811604 v _2364_/X (sky130_fd_sc_hd__or3_4)
                                                         _0118_ (net)
                      0.069482    0.000032    5.811635 v _2366_/A1 (sky130_fd_sc_hd__a21o_1)
     4    0.009338    0.061879    0.190513    6.002148 v _2366_/X (sky130_fd_sc_hd__a21o_1)
                                                         _0120_ (net)
                      0.061879    0.000020    6.002168 v _2370_/A (sky130_fd_sc_hd__and3_1)
     2    0.004775    0.046848    0.156127    6.158295 v _2370_/X (sky130_fd_sc_hd__and3_1)
                                                         _0124_ (net)
                      0.046848    0.000007    6.158302 v _2372_/C (sky130_fd_sc_hd__or3_4)
     3    0.007765    0.072472    0.333238    6.491540 v _2372_/X (sky130_fd_sc_hd__or3_4)
                                                         _0126_ (net)
                      0.072472    0.000006    6.491546 v _2378_/A1 (sky130_fd_sc_hd__a21o_1)
     4    0.008991    0.058917    0.190145    6.681691 v _2378_/X (sky130_fd_sc_hd__a21o_1)
                                                         _0132_ (net)
                      0.058917    0.000027    6.681717 v _2383_/A (sky130_fd_sc_hd__and3_1)
     2    0.005910    0.050069    0.160168    6.841886 v _2383_/X (sky130_fd_sc_hd__and3_1)
                                                         _0137_ (net)
                      0.050069    0.000023    6.841909 v _2385_/C (sky130_fd_sc_hd__or3_4)
     3    0.007317    0.070430    0.332722    7.174631 v _2385_/X (sky130_fd_sc_hd__or3_4)
                                                         _0139_ (net)
                      0.070430    0.000024    7.174655 v _2387_/A1 (sky130_fd_sc_hd__a21o_1)
     4    0.010910    0.068028    0.196628    7.371284 v _2387_/X (sky130_fd_sc_hd__a21o_1)
                                                         _0141_ (net)
                      0.068028    0.000015    7.371298 v _2390_/A (sky130_fd_sc_hd__and3_1)
     3    0.009053    0.063092    0.178908    7.550207 v _2390_/X (sky130_fd_sc_hd__and3_1)
                                                         _0144_ (net)
                      0.063092    0.000044    7.550251 v _2392_/C (sky130_fd_sc_hd__or3_4)
     3    0.006002    0.069064    0.332848    7.883100 v _2392_/X (sky130_fd_sc_hd__or3_4)
                                                         _0146_ (net)
                      0.069064    0.000007    7.883107 v _2397_/A1 (sky130_fd_sc_hd__a21o_1)
     4    0.009562    0.062765    0.191229    8.074336 v _2397_/X (sky130_fd_sc_hd__a21o_1)
                                                         _0151_ (net)
                      0.062765    0.000017    8.074353 v _2406_/A (sky130_fd_sc_hd__and3_1)
     2    0.005087    0.048198    0.157995    8.232347 v _2406_/X (sky130_fd_sc_hd__and3_1)
                                                         _0160_ (net)
                      0.048198    0.000009    8.232356 v _2408_/C (sky130_fd_sc_hd__or3_4)
     3    0.006745    0.070468    0.330493    8.562849 v _2408_/X (sky130_fd_sc_hd__or3_4)
                                                         _0162_ (net)
                      0.070468    0.000007    8.562857 v _2410_/A1 (sky130_fd_sc_hd__a21o_1)
     3    0.006076    0.046864    0.176041    8.738897 v _2410_/X (sky130_fd_sc_hd__a21o_1)
                                                         _0164_ (net)
                      0.046864    0.000020    8.738917 v _2413_/A (sky130_fd_sc_hd__and3_1)
     2    0.005476    0.048170    0.152959    8.891877 v _2413_/X (sky130_fd_sc_hd__and3_1)
                                                         _0167_ (net)
                      0.048170    0.000012    8.891890 v _2415_/C (sky130_fd_sc_hd__or3_4)
     3    0.006127    0.068597    0.328602    9.220491 v _2415_/X (sky130_fd_sc_hd__or3_4)
                                                         _0169_ (net)
                      0.068597    0.000014    9.220506 v _2420_/A1 (sky130_fd_sc_hd__a21o_1)
     4    0.010419    0.066115    0.194111    9.414616 v _2420_/X (sky130_fd_sc_hd__a21o_1)
                                                         _0174_ (net)
                      0.066115    0.000004    9.414620 v _2428_/A1 (sky130_fd_sc_hd__a21bo_1)
     1    0.004302    0.042466    0.177698    9.592319 v _2428_/X (sky130_fd_sc_hd__a21bo_1)
                                                         _0180_ (net)
                      0.042466    0.000003    9.592321 v _2429_/B (sky130_fd_sc_hd__xor2_1)
     1    0.002462    0.066103    0.133109    9.725430 v _2429_/X (sky130_fd_sc_hd__xor2_1)
                                                         _0181_ (net)
                      0.066103    0.000003    9.725432 v _2430_/A1 (sky130_fd_sc_hd__mux2_4)
     1    0.002230    0.046663    0.255484    9.980916 v _2430_/X (sky130_fd_sc_hd__mux2_4)
                                                         _0025_ (net)
                      0.046663    0.000003    9.980919 v _3238_/D (sky130_fd_sc_hd__dfrtp_4)
                                              9.980919   data arrival time

                                 15.000000   15.000000   clock clk (rise edge)
                                  0.000000   15.000000   clock source latency
     1    0.028947    0.000000    0.000000   15.000000 ^ clk (in)
                                                         clk (net)
                      0.002434    0.001217   15.001217 ^ clkbuf_0_clk/A (sky130_fd_sc_hd__clkbuf_16)
     8    0.118910    0.132024    0.184480   15.185697 ^ clkbuf_0_clk/X (sky130_fd_sc_hd__clkbuf_16)
                                                         clknet_0_clk (net)
                      0.132124    0.001991   15.187688 ^ clkbuf_3_3__f_clk/A (sky130_fd_sc_hd__clkbuf_16)
    17    0.060095    0.078315    0.188324   15.376012 ^ clkbuf_3_3__f_clk/X (sky130_fd_sc_hd__clkbuf_16)
                                                         clknet_3_3__leaf_clk (net)
                      0.078315    0.000281   15.376292 ^ _3238_/CLK (sky130_fd_sc_hd__dfrtp_4)
                                 -0.100000   15.276293   clock uncertainty
                                  0.000000   15.276293   clock reconvergence pessimism
                                 -0.107375   15.168918   library setup time
                                             15.168918   data required time
---------------------------------------------------------------------------------------------
                                             15.168918   data required time
                                             -9.980919   data arrival time
---------------------------------------------------------------------------------------------
                                              5.187999   slack (MET)




===========================================================================
report_checks --slack_max -0.01
============================================================================
======================= nom_tt_025C_1v80 Corner ===================================

No paths found.


===========================================================================
 report_check_types -max_slew -max_cap -max_fanout -violators
============================================================================
======================= nom_tt_025C_1v80 Corner ===================================



===========================================================================
report_parasitic_annotation -report_unannotated
============================================================================
Found 7 unannotated drivers.
 clkload0/Y
 clkload1/Y
 clkload2/Y
 clkload3/Y
 clkload4/Y
 clkload5/Y
 clkload6/Y
Found 0 partially unannotated drivers.

===========================================================================
max slew violation count 0
Writing metric design__max_slew_violation__count__corner:nom_tt_025C_1v80: 0
max fanout violation count 0
Writing metric design__max_fanout_violation__count__corner:nom_tt_025C_1v80: 0
max cap violation count 0
Writing metric design__max_cap_violation__count__corner:nom_tt_025C_1v80: 0
============================================================================

===========================================================================
check_setup -verbose -unconstrained_endpoints -multiple_clock -no_clock -no_input_delay -loops -generated_clocks
===========================================================================
Warning: There are 36 input ports missing set_input_delay.
  A_in[0]
  A_in[10]
  A_in[11]
  A_in[12]
  A_in[13]
  A_in[14]
  A_in[15]
  A_in[1]
  A_in[2]
  A_in[3]
  A_in[4]
  A_in[5]
  A_in[6]
  A_in[7]
  A_in[8]
  A_in[9]
  B_in[0]
  B_in[10]
  B_in[11]
  B_in[12]
  B_in[13]
  B_in[14]
  B_in[15]
  B_in[1]
  B_in[2]
  B_in[3]
  B_in[4]
  B_in[5]
  B_in[6]
  B_in[7]
  B_in[8]
  B_in[9]
  Op_Sel[0]
  Op_Sel[1]
  Start
  rst_n
Warning: There are 17 unconstrained endpoints.
  Done
  X_out[0]
  X_out[10]
  X_out[11]
  X_out[12]
  X_out[13]
  X_out[14]
  X_out[15]
  X_out[1]
  X_out[2]
  X_out[3]
  X_out[4]
  X_out[5]
  X_out[6]
  X_out[7]
  X_out[8]
  X_out[9]
