Clock: clk
Sources: clk 
Generated: no
Virtual: yes
Propagated: no
Period: 15.000000

===========================================================================
report_clock_properties
============================================================================
Clock                   Period          Waveform
----------------------------------------------------
clk                  15.000000    0.000000  7.500000

===========================================================================
report_clock_latency
============================================================================
Clock clk
rise -> rise
    min     max
0.000000 0.000000 source latency
0.370150         network latency _3221_/CLK
        0.379619 network latency _3256_/CLK
---------------
0.370150 0.379619 latency
        0.009469 skew

fall -> fall
    min     max
0.000000 0.000000 source latency
0.365971         network latency _3221_/CLK
        0.373113 network latency _3256_/CLK
---------------
0.365971 0.373113 latency
        0.007142 skew



===========================================================================
report_clock_min_period
============================================================================
clk period_min = 9.81 fmax = 101.92
