
===========================================================================
report_checks -unconstrained
===========================================================================
======================= min_ff_n40C_1v95 Corner ===================================

Startpoint: _3302_ (rising edge-triggered flip-flop clocked by clk)
Endpoint: _3237_ (rising edge-triggered flip-flop clocked by clk)
Path Group: clk
Path Type: max

Fanout         Cap        Slew       Delay        Time   Description
---------------------------------------------------------------------------------------------
                                  0.000000    0.000000   clock clk (rise edge)
                                  0.000000    0.000000   clock source latency
     2    0.040164    0.000000    0.000000    0.000000 ^ clk (in)
                                                         clk (net)
                      0.001586    0.000793    0.000793 ^ clkbuf_0_clk/A (sky130_fd_sc_hd__clkbuf_16)
    17    0.155690    0.129782    0.149503    0.150297 ^ clkbuf_0_clk/X (sky130_fd_sc_hd__clkbuf_16)
                                                         clknet_0_clk (net)
                      0.130069    0.004921    0.155218 ^ clkbuf_3_0__f_clk/A (sky130_fd_sc_hd__clkbuf_16)
    25    0.087328    0.079949    0.148702    0.303920 ^ clkbuf_3_0__f_clk/X (sky130_fd_sc_hd__clkbuf_16)
                                                         clknet_3_0__leaf_clk (net)
                      0.080100    0.002259    0.306179 ^ _3302_/CLK (sky130_fd_sc_hd__dfrtp_4)
    15    0.048412    0.084452    0.358393    0.664572 v _3302_/Q (sky130_fd_sc_hd__dfrtp_4)
                                                         B_reg[12] (net)
                      0.084479    0.001448    0.666020 v _1910_/C (sky130_fd_sc_hd__and3_1)
     3    0.006058    0.036745    0.143754    0.809774 v _1910_/X (sky130_fd_sc_hd__and3_1)
                                                         _1175_ (net)
                      0.036745    0.000034    0.809808 v _2300_/B (sky130_fd_sc_hd__or4_1)
     4    0.009765    0.083747    0.321841    1.131648 v _2300_/X (sky130_fd_sc_hd__or4_1)
                                                         _1553_ (net)
                      0.083747    0.000071    1.131720 v _2304_/A2 (sky130_fd_sc_hd__a21o_1)
     3    0.007441    0.037593    0.144094    1.275814 v _2304_/X (sky130_fd_sc_hd__a21o_1)
                                                         _1557_ (net)
                      0.037593    0.000068    1.275882 v _2308_/C (sky130_fd_sc_hd__and3_1)
     2    0.005223    0.034443    0.121920    1.397802 v _2308_/X (sky130_fd_sc_hd__and3_1)
                                                         _1561_ (net)
                      0.034443    0.000055    1.397857 v _2310_/C (sky130_fd_sc_hd__or3_1)
     3    0.006841    0.058046    0.191474    1.589331 v _2310_/X (sky130_fd_sc_hd__or3_1)
                                                         _1563_ (net)
                      0.058046    0.000064    1.589395 v _2313_/A1 (sky130_fd_sc_hd__a21o_1)
     4    0.010152    0.045459    0.128168    1.717563 v _2313_/X (sky130_fd_sc_hd__a21o_1)
                                                         _1566_ (net)
                      0.045459    0.000092    1.717655 v _2319_/B (sky130_fd_sc_hd__and3_1)
     2    0.005567    0.035385    0.115746    1.833401 v _2319_/X (sky130_fd_sc_hd__and3_1)
                                                         _1572_ (net)
                      0.035385    0.000036    1.833437 v _2321_/C (sky130_fd_sc_hd__or3_1)
     3    0.008668    0.065452    0.200474    2.033912 v _2321_/X (sky130_fd_sc_hd__or3_1)
                                                         _1574_ (net)
                      0.065452    0.000143    2.034054 v _2326_/A1 (sky130_fd_sc_hd__a21o_1)
     4    0.011010    0.047067    0.133386    2.167440 v _2326_/X (sky130_fd_sc_hd__a21o_1)
                                                         _1579_ (net)
                      0.047067    0.000142    2.167583 v _2328_/C (sky130_fd_sc_hd__and3_1)
     2    0.004594    0.032751    0.123399    2.290982 v _2328_/X (sky130_fd_sc_hd__and3_1)
                                                         _1581_ (net)
                      0.032751    0.000044    2.291025 v _2330_/C (sky130_fd_sc_hd__or3_2)
     4    0.013917    0.075426    0.264545    2.555570 v _2330_/X (sky130_fd_sc_hd__or3_2)
                                                         _1583_ (net)
                      0.075426    0.000230    2.555800 v _2334_/A1 (sky130_fd_sc_hd__a21o_1)
     5    0.015825    0.060455    0.148788    2.704588 v _2334_/X (sky130_fd_sc_hd__a21o_1)
                                                         _1587_ (net)
                      0.060455    0.000151    2.704739 v _2338_/B (sky130_fd_sc_hd__and3_1)
     2    0.006223    0.037255    0.123923    2.828662 v _2338_/X (sky130_fd_sc_hd__and3_1)
                                                         _1591_ (net)
                      0.037255    0.000069    2.828731 v _2345_/C (sky130_fd_sc_hd__or3_1)
     3    0.008180    0.063354    0.198688    3.027419 v _2345_/X (sky130_fd_sc_hd__or3_1)
                                                         _1598_ (net)
                      0.063354    0.000061    3.027480 v _2347_/A1 (sky130_fd_sc_hd__a21o_1)
     4    0.011259    0.047746    0.133230    3.160710 v _2347_/X (sky130_fd_sc_hd__a21o_1)
                                                         _1600_ (net)
                      0.047746    0.000149    3.160858 v _2350_/C (sky130_fd_sc_hd__and3_1)
     2    0.006561    0.038263    0.130234    3.291093 v _2350_/X (sky130_fd_sc_hd__and3_1)
                                                         _1603_ (net)
                      0.038263    0.000091    3.291183 v _2352_/C (sky130_fd_sc_hd__or3_1)
     3    0.009108    0.067349    0.203369    3.494553 v _2352_/X (sky130_fd_sc_hd__or3_1)
                                                         _0106_ (net)
                      0.067349    0.000114    3.494666 v _2355_/A2 (sky130_fd_sc_hd__a21o_1)
     4    0.010368    0.045760    0.147705    3.642371 v _2355_/X (sky130_fd_sc_hd__a21o_1)
                                                         _0109_ (net)
                      0.045760    0.000148    3.642519 v _2362_/B (sky130_fd_sc_hd__and3_1)
     2    0.005843    0.036160    0.116778    3.759297 v _2362_/X (sky130_fd_sc_hd__and3_1)
                                                         _0116_ (net)
                      0.036160    0.000071    3.759368 v _2364_/C (sky130_fd_sc_hd__or3_1)
     3    0.007574    0.060926    0.195444    3.954812 v _2364_/X (sky130_fd_sc_hd__or3_1)
                                                         _0118_ (net)
                      0.060926    0.000101    3.954913 v _2366_/A2 (sky130_fd_sc_hd__a21o_1)
     4    0.010256    0.045583    0.145142    4.100056 v _2366_/X (sky130_fd_sc_hd__a21o_1)
                                                         _0120_ (net)
                      0.045583    0.000119    4.100174 v _2370_/B (sky130_fd_sc_hd__and3_1)
     2    0.004529    0.032570    0.112350    4.212525 v _2370_/X (sky130_fd_sc_hd__and3_1)
                                                         _0124_ (net)
                      0.032570    0.000024    4.212549 v _2372_/C (sky130_fd_sc_hd__or3_1)
     3    0.008579    0.065034    0.199323    4.411872 v _2372_/X (sky130_fd_sc_hd__or3_1)
                                                         _0126_ (net)
                      0.065034    0.000062    4.411934 v _2378_/A1 (sky130_fd_sc_hd__a21o_1)
     4    0.010712    0.046339    0.132453    4.544387 v _2378_/X (sky130_fd_sc_hd__a21o_1)
                                                         _0132_ (net)
                      0.046339    0.000094    4.544480 v _2383_/C (sky130_fd_sc_hd__and3_1)
     2    0.007006    0.039589    0.131201    4.675681 v _2383_/X (sky130_fd_sc_hd__and3_1)
                                                         _0137_ (net)
                      0.039589    0.000096    4.675778 v _2385_/C (sky130_fd_sc_hd__or3_1)
     3    0.008107    0.063054    0.198968    4.874746 v _2385_/X (sky130_fd_sc_hd__or3_1)
                                                         _0139_ (net)
                      0.063054    0.000068    4.874814 v _2387_/A1 (sky130_fd_sc_hd__a21o_1)
     4    0.012347    0.050725    0.135786    5.010599 v _2387_/X (sky130_fd_sc_hd__a21o_1)
                                                         _0141_ (net)
                      0.050725    0.000071    5.010670 v _2390_/B (sky130_fd_sc_hd__and3_1)
     3    0.009900    0.047635    0.132119    5.142789 v _2390_/X (sky130_fd_sc_hd__and3_1)
                                                         _0144_ (net)
                      0.047635    0.000147    5.142936 v _2392_/C (sky130_fd_sc_hd__or3_1)
     3    0.006834    0.058044    0.195040    5.337976 v _2392_/X (sky130_fd_sc_hd__or3_1)
                                                         _0146_ (net)
                      0.058044    0.000060    5.338036 v _2397_/A1 (sky130_fd_sc_hd__a21o_1)
     4    0.010892    0.046725    0.130399    5.468435 v _2397_/X (sky130_fd_sc_hd__a21o_1)
                                                         _0151_ (net)
                      0.046725    0.000075    5.468510 v _2406_/B (sky130_fd_sc_hd__and3_1)
     2    0.005573    0.035400    0.116253    5.584763 v _2406_/X (sky130_fd_sc_hd__and3_1)
                                                         _0160_ (net)
                      0.035400    0.000058    5.584821 v _2408_/C (sky130_fd_sc_hd__or3_1)
     3    0.007975    0.062512    0.197196    5.782017 v _2408_/X (sky130_fd_sc_hd__or3_1)
                                                         _0162_ (net)
                      0.062512    0.000052    5.782070 v _2410_/A2 (sky130_fd_sc_hd__a21o_1)
     3    0.007088    0.036525    0.135621    5.917691 v _2410_/X (sky130_fd_sc_hd__a21o_1)
                                                         _0164_ (net)
                      0.036525    0.000076    5.917768 v _2413_/C (sky130_fd_sc_hd__and3_1)
     2    0.004712    0.033079    0.119801    6.037569 v _2413_/X (sky130_fd_sc_hd__and3_1)
                                                         _0167_ (net)
                      0.033079    0.000043    6.037611 v _2415_/C (sky130_fd_sc_hd__or3_1)
     3    0.007047    0.058799    0.192087    6.229698 v _2415_/X (sky130_fd_sc_hd__or3_1)
                                                         _0169_ (net)
                      0.058799    0.000068    6.229766 v _2420_/A1 (sky130_fd_sc_hd__a21o_1)
     4    0.011526    0.048466    0.132204    6.361971 v _2420_/X (sky130_fd_sc_hd__a21o_1)
                                                         _0174_ (net)
                      0.048466    0.000128    6.362099 v _2423_/A1 (sky130_fd_sc_hd__a21o_1)
     2    0.008166    0.039842    0.118468    6.480567 v _2423_/X (sky130_fd_sc_hd__a21o_1)
                                                         _0177_ (net)
                      0.039842    0.000103    6.480670 v _2426_/B (sky130_fd_sc_hd__xnor2_1)
     1    0.003025    0.038546    0.079553    6.560223 v _2426_/Y (sky130_fd_sc_hd__xnor2_1)
                                                         _0179_ (net)
                      0.038546    0.000024    6.560247 v _2427_/A1 (sky130_fd_sc_hd__mux2_1)
     1    0.002903    0.038314    0.149040    6.709287 v _2427_/X (sky130_fd_sc_hd__mux2_1)
                                                         _0024_ (net)
                      0.038314    0.000032    6.709319 v _3237_/D (sky130_fd_sc_hd__dfrtp_4)
                                              6.709319   data arrival time

                                180.000000  180.000000   clock clk (rise edge)
                                  0.000000  180.000000   clock source latency
     2    0.040164    0.000000    0.000000  180.000000 ^ clk (in)
                                                         clk (net)
                      0.001586    0.000796  180.000809 ^ clkbuf_0_clk/A (sky130_fd_sc_hd__clkbuf_16)
    17    0.155690    0.129782    0.149498  180.150299 ^ clkbuf_0_clk/X (sky130_fd_sc_hd__clkbuf_16)
                                                         clknet_0_clk (net)
                      0.130069    0.004917  180.155212 ^ clkbuf_3_3__f_clk/A (sky130_fd_sc_hd__clkbuf_16)
    35    0.095161    0.085675    0.153008  180.308228 ^ clkbuf_3_3__f_clk/X (sky130_fd_sc_hd__clkbuf_16)
                                                         clknet_3_3__leaf_clk (net)
                      0.085697    0.001350  180.309570 ^ _3237_/CLK (sky130_fd_sc_hd__dfrtp_4)
                                 -0.100000  180.209579   clock uncertainty
                                  0.000000  180.209579   clock reconvergence pessimism
                                 -0.069705  180.139862   library setup time
                                            180.139862   data required time
---------------------------------------------------------------------------------------------
                                            180.139862   data required time
                                             -6.709319   data arrival time
---------------------------------------------------------------------------------------------
                                            173.430557   slack (MET)




===========================================================================
report_checks --slack_max -0.01
============================================================================
======================= min_ff_n40C_1v95 Corner ===================================

No paths found.


===========================================================================
 report_check_types -max_slew -max_cap -max_fanout -violators
============================================================================
======================= min_ff_n40C_1v95 Corner ===================================



===========================================================================
report_parasitic_annotation -report_unannotated
============================================================================
Found 7 unannotated drivers.
 clkload0/Y
 clkload1/Y
 clkload2/Y
 clkload3/Y
 clkload4/Y
 clkload5/Y
 clkload6/Y
Found 0 partially unannotated drivers.

===========================================================================
max slew violation count 0
max fanout violation count 0
max cap violation count 0
============================================================================

===========================================================================
check_setup -verbose -unconstrained_endpoints -multiple_clock -no_clock -no_input_delay -loops -generated_clocks
===========================================================================
Warning: There are 36 input ports missing set_input_delay.
  A_in[0]
  A_in[10]
  A_in[11]
  A_in[12]
  A_in[13]
  A_in[14]
  A_in[15]
  A_in[1]
  A_in[2]
  A_in[3]
  A_in[4]
  A_in[5]
  A_in[6]
  A_in[7]
  A_in[8]
  A_in[9]
  B_in[0]
  B_in[10]
  B_in[11]
  B_in[12]
  B_in[13]
  B_in[14]
  B_in[15]
  B_in[1]
  B_in[2]
  B_in[3]
  B_in[4]
  B_in[5]
  B_in[6]
  B_in[7]
  B_in[8]
  B_in[9]
  Op_Sel[0]
  Op_Sel[1]
  Start
  rst_n
Warning: There are 17 unconstrained endpoints.
  Done
  X_out[0]
  X_out[10]
  X_out[11]
  X_out[12]
  X_out[13]
  X_out[14]
  X_out[15]
  X_out[1]
  X_out[2]
  X_out[3]
  X_out[4]
  X_out[5]
  X_out[6]
  X_out[7]
  X_out[8]
  X_out[9]
