
===========================================================================
report_checks -unconstrained
===========================================================================
======================= nom_tt_025C_1v80 Corner ===================================

Startpoint: _3302_ (rising edge-triggered flip-flop clocked by clk)
Endpoint: _3238_ (rising edge-triggered flip-flop clocked by clk)
Path Group: clk
Path Type: max

Fanout         Cap        Slew       Delay        Time   Description
---------------------------------------------------------------------------------------------
                                  0.000000    0.000000   clock clk (rise edge)
                                  0.000000    0.000000   clock source latency
     2    0.039049    0.000000    0.000000    0.000000 ^ clk (in)
                                                         clk (net)
                      0.002156    0.001078    0.001078 ^ clkbuf_0_clk/A (sky130_fd_sc_hd__clkbuf_16)
    17    0.165543    0.177496    0.212761    0.213839 ^ clkbuf_0_clk/X (sky130_fd_sc_hd__clkbuf_16)
                                                         clknet_0_clk (net)
                      0.178040    0.007939    0.221778 ^ clkbuf_3_0__f_clk/A (sky130_fd_sc_hd__clkbuf_16)
    25    0.096458    0.112857    0.228193    0.449971 ^ clkbuf_3_0__f_clk/X (sky130_fd_sc_hd__clkbuf_16)
                                                         clknet_3_0__leaf_clk (net)
                      0.113123    0.003939    0.453910 ^ _3302_/CLK (sky130_fd_sc_hd__dfrtp_4)
    15    0.049819    0.121924    0.573987    1.027897 v _3302_/Q (sky130_fd_sc_hd__dfrtp_4)
                                                         B_reg[12] (net)
                      0.122008    0.002897    1.030794 v _1910_/C (sky130_fd_sc_hd__and3_1)
     3    0.006055    0.050802    0.225108    1.255902 v _1910_/X (sky130_fd_sc_hd__and3_1)
                                                         _1175_ (net)
                      0.050802    0.000097    1.255998 v _2300_/B (sky130_fd_sc_hd__or4_1)
     4    0.009620    0.126354    0.558955    1.814954 v _2300_/X (sky130_fd_sc_hd__or4_1)
                                                         _1553_ (net)
                      0.126354    0.000205    1.815158 v _2304_/A2 (sky130_fd_sc_hd__a21o_1)
     3    0.007604    0.053850    0.226276    2.041435 v _2304_/X (sky130_fd_sc_hd__a21o_1)
                                                         _1557_ (net)
                      0.053850    0.000169    2.041604 v _2308_/C (sky130_fd_sc_hd__and3_1)
     2    0.005427    0.047982    0.190931    2.232535 v _2308_/X (sky130_fd_sc_hd__and3_1)
                                                         _1561_ (net)
                      0.047982    0.000134    2.232669 v _2310_/C (sky130_fd_sc_hd__or3_1)
     3    0.006386    0.084800    0.330883    2.563552 v _2310_/X (sky130_fd_sc_hd__or3_1)
                                                         _1563_ (net)
                      0.084800    0.000140    2.563692 v _2313_/A1 (sky130_fd_sc_hd__a21o_1)
     4    0.010901    0.066056    0.202381    2.766073 v _2313_/X (sky130_fd_sc_hd__a21o_1)
                                                         _1566_ (net)
                      0.066056    0.000261    2.766334 v _2319_/B (sky130_fd_sc_hd__and3_1)
     2    0.006039    0.050700    0.184164    2.950497 v _2319_/X (sky130_fd_sc_hd__and3_1)
                                                         _1572_ (net)
                      0.050700    0.000170    2.950667 v _2321_/C (sky130_fd_sc_hd__or3_1)
     3    0.007198    0.089771    0.337694    3.288362 v _2321_/X (sky130_fd_sc_hd__or3_1)
                                                         _1574_ (net)
                      0.089771    0.000119    3.288481 v _2326_/A1 (sky130_fd_sc_hd__a21o_1)
     4    0.009815    0.061754    0.200552    3.489033 v _2326_/X (sky130_fd_sc_hd__a21o_1)
                                                         _1579_ (net)
                      0.061754    0.000213    3.489246 v _2328_/C (sky130_fd_sc_hd__and3_1)
     2    0.005317    0.047512    0.193999    3.683245 v _2328_/X (sky130_fd_sc_hd__and3_1)
                                                         _1581_ (net)
                      0.047512    0.000138    3.683383 v _2330_/C (sky130_fd_sc_hd__or3_2)
     4    0.014563    0.113848    0.466794    4.150177 v _2330_/X (sky130_fd_sc_hd__or3_2)
                                                         _1583_ (net)
                      0.113848    0.000330    4.150507 v _2334_/A1 (sky130_fd_sc_hd__a21o_1)
     5    0.016043    0.086938    0.232695    4.383203 v _2334_/X (sky130_fd_sc_hd__a21o_1)
                                                         _1587_ (net)
                      0.086938    0.000338    4.383540 v _2338_/B (sky130_fd_sc_hd__and3_1)
     2    0.005577    0.048684    0.191358    4.574898 v _2338_/X (sky130_fd_sc_hd__and3_1)
                                                         _1591_ (net)
                      0.048684    0.000155    4.575053 v _2345_/C (sky130_fd_sc_hd__or3_1)
     3    0.008590    0.096978    0.347884    4.922937 v _2345_/X (sky130_fd_sc_hd__or3_1)
                                                         _1598_ (net)
                      0.096978    0.000191    4.923128 v _2347_/A1 (sky130_fd_sc_hd__a21o_1)
     4    0.010916    0.066116    0.207441    5.130569 v _2347_/X (sky130_fd_sc_hd__a21o_1)
                                                         _1600_ (net)
                      0.066116    0.000296    5.130865 v _2350_/C (sky130_fd_sc_hd__and3_1)
     2    0.005829    0.049759    0.198486    5.329351 v _2350_/X (sky130_fd_sc_hd__and3_1)
                                                         _1603_ (net)
                      0.049759    0.000135    5.329487 v _2352_/C (sky130_fd_sc_hd__or3_1)
     3    0.009800    0.102553    0.355830    5.685317 v _2352_/X (sky130_fd_sc_hd__or3_1)
                                                         _0106_ (net)
                      0.102553    0.000267    5.685583 v _2355_/A2 (sky130_fd_sc_hd__a21o_1)
     4    0.011234    0.067392    0.232105    5.917689 v _2355_/X (sky130_fd_sc_hd__a21o_1)
                                                         _0109_ (net)
                      0.067392    0.000372    5.918061 v _2362_/B (sky130_fd_sc_hd__and3_1)
     2    0.006673    0.053616    0.187815    6.105875 v _2362_/X (sky130_fd_sc_hd__and3_1)
                                                         _0116_ (net)
                      0.053616    0.000205    6.106081 v _2364_/C (sky130_fd_sc_hd__or3_1)
     3    0.007678    0.092886    0.342016    6.448097 v _2364_/X (sky130_fd_sc_hd__or3_1)
                                                         _0118_ (net)
                      0.092886    0.000221    6.448318 v _2366_/A2 (sky130_fd_sc_hd__a21o_1)
     4    0.010122    0.062945    0.224280    6.672598 v _2366_/X (sky130_fd_sc_hd__a21o_1)
                                                         _0120_ (net)
                      0.062945    0.000296    6.672894 v _2370_/B (sky130_fd_sc_hd__and3_1)
     2    0.006139    0.051148    0.183251    6.856145 v _2370_/X (sky130_fd_sc_hd__and3_1)
                                                         _0124_ (net)
                      0.051148    0.000162    6.856308 v _2372_/C (sky130_fd_sc_hd__or3_1)
     3    0.009049    0.099156    0.351946    7.208253 v _2372_/X (sky130_fd_sc_hd__or3_1)
                                                         _0126_ (net)
                      0.099156    0.000210    7.208463 v _2378_/A1 (sky130_fd_sc_hd__a21o_1)
     4    0.010493    0.064433    0.206864    7.415328 v _2378_/X (sky130_fd_sc_hd__a21o_1)
                                                         _0132_ (net)
                      0.064433    0.000173    7.415501 v _2383_/C (sky130_fd_sc_hd__and3_1)
     2    0.007118    0.055663    0.203947    7.619448 v _2383_/X (sky130_fd_sc_hd__and3_1)
                                                         _0137_ (net)
                      0.055663    0.000258    7.619706 v _2385_/C (sky130_fd_sc_hd__or3_1)
     3    0.008228    0.096085    0.346946    7.966651 v _2385_/X (sky130_fd_sc_hd__or3_1)
                                                         _0139_ (net)
                      0.096085    0.000180    7.966832 v _2387_/A1 (sky130_fd_sc_hd__a21o_1)
     4    0.012884    0.074003    0.214136    8.180968 v _2387_/X (sky130_fd_sc_hd__a21o_1)
                                                         _0141_ (net)
                      0.074003    0.000218    8.181186 v _2390_/B (sky130_fd_sc_hd__and3_1)
     3    0.009814    0.066192    0.205143    8.386330 v _2390_/X (sky130_fd_sc_hd__and3_1)
                                                         _0144_ (net)
                      0.066192    0.000166    8.386496 v _2392_/C (sky130_fd_sc_hd__or3_1)
     3    0.006971    0.088430    0.340858    8.727353 v _2392_/X (sky130_fd_sc_hd__or3_1)
                                                         _0146_ (net)
                      0.088430    0.000143    8.727496 v _2397_/A1 (sky130_fd_sc_hd__a21o_1)
     4    0.011053    0.066656    0.204374    8.931870 v _2397_/X (sky130_fd_sc_hd__a21o_1)
                                                         _0151_ (net)
                      0.066656    0.000324    8.932195 v _2406_/B (sky130_fd_sc_hd__and3_1)
     2    0.005548    0.048520    0.182053    9.114248 v _2406_/X (sky130_fd_sc_hd__and3_1)
                                                         _0160_ (net)
                      0.048520    0.000085    9.114333 v _2408_/C (sky130_fd_sc_hd__or3_1)
     3    0.008035    0.095053    0.343615    9.457949 v _2408_/X (sky130_fd_sc_hd__or3_1)
                                                         _0162_ (net)
                      0.095053    0.000153    9.458101 v _2410_/A2 (sky130_fd_sc_hd__a21o_1)
     3    0.007326    0.052549    0.212764    9.670865 v _2410_/X (sky130_fd_sc_hd__a21o_1)
                                                         _0164_ (net)
                      0.052549    0.000177    9.671042 v _2413_/C (sky130_fd_sc_hd__and3_1)
     2    0.005382    0.047779    0.190140    9.861182 v _2413_/X (sky130_fd_sc_hd__and3_1)
                                                         _0167_ (net)
                      0.047779    0.000084    9.861267 v _2415_/C (sky130_fd_sc_hd__or3_1)
     3    0.007340    0.090647    0.338114   10.199380 v _2415_/X (sky130_fd_sc_hd__or3_1)
                                                         _0169_ (net)
                      0.090647    0.000183   10.199563 v _2420_/A1 (sky130_fd_sc_hd__a21o_1)
     4    0.011773    0.069546    0.207881   10.407444 v _2420_/X (sky130_fd_sc_hd__a21o_1)
                                                         _0174_ (net)
                      0.069546    0.000216   10.407660 v _2428_/A1 (sky130_fd_sc_hd__a21bo_1)
     1    0.004302    0.040939    0.179031   10.586691 v _2428_/X (sky130_fd_sc_hd__a21bo_1)
                                                         _0180_ (net)
                      0.040939    0.000083   10.586775 v _2429_/B (sky130_fd_sc_hd__xor2_1)
     1    0.002455    0.069457    0.132554   10.719328 v _2429_/X (sky130_fd_sc_hd__xor2_1)
                                                         _0181_ (net)
                      0.069457    0.000052   10.719379 v _2430_/A1 (sky130_fd_sc_hd__mux2_1)
     1    0.002379    0.052755    0.291505   11.010884 v _2430_/X (sky130_fd_sc_hd__mux2_1)
                                                         _0025_ (net)
                      0.052755    0.000045   11.010929 v _3238_/D (sky130_fd_sc_hd__dfrtp_4)
                                             11.010929   data arrival time

                                100.000000  100.000000   clock clk (rise edge)
                                  0.000000  100.000000   clock source latency
     2    0.039049    0.000000    0.000000  100.000000 ^ clk (in)
                                                         clk (net)
                      0.002156    0.001080  100.001076 ^ clkbuf_0_clk/A (sky130_fd_sc_hd__clkbuf_16)
    17    0.165543    0.177496    0.212758  100.213837 ^ clkbuf_0_clk/X (sky130_fd_sc_hd__clkbuf_16)
                                                         clknet_0_clk (net)
                      0.177981    0.007518  100.221352 ^ clkbuf_3_3__f_clk/A (sky130_fd_sc_hd__clkbuf_16)
    35    0.097358    0.113719    0.228809  100.450165 ^ clkbuf_3_3__f_clk/X (sky130_fd_sc_hd__clkbuf_16)
                                                         clknet_3_3__leaf_clk (net)
                      0.113792    0.002657  100.452820 ^ _3238_/CLK (sky130_fd_sc_hd__dfrtp_4)
                                 -0.100000  100.352814   clock uncertainty
                                  0.000000  100.352814   clock reconvergence pessimism
                                 -0.101903  100.250908   library setup time
                                            100.250908   data required time
---------------------------------------------------------------------------------------------
                                            100.250908   data required time
                                            -11.010929   data arrival time
---------------------------------------------------------------------------------------------
                                             89.239975   slack (MET)




===========================================================================
report_checks --slack_max -0.01
============================================================================
======================= nom_tt_025C_1v80 Corner ===================================

No paths found.


===========================================================================
 report_check_types -max_slew -max_cap -max_fanout -violators
============================================================================
======================= nom_tt_025C_1v80 Corner ===================================



===========================================================================
report_parasitic_annotation -report_unannotated
============================================================================
Found 7 unannotated drivers.
 clkload0/Y
 clkload1/Y
 clkload2/Y
 clkload3/Y
 clkload4/Y
 clkload5/Y
 clkload6/Y
Found 0 partially unannotated drivers.

===========================================================================
max slew violation count 0
max fanout violation count 0
max cap violation count 0
============================================================================

===========================================================================
check_setup -verbose -unconstrained_endpoints -multiple_clock -no_clock -no_input_delay -loops -generated_clocks
===========================================================================
Warning: There are 36 input ports missing set_input_delay.
  A_in[0]
  A_in[10]
  A_in[11]
  A_in[12]
  A_in[13]
  A_in[14]
  A_in[15]
  A_in[1]
  A_in[2]
  A_in[3]
  A_in[4]
  A_in[5]
  A_in[6]
  A_in[7]
  A_in[8]
  A_in[9]
  B_in[0]
  B_in[10]
  B_in[11]
  B_in[12]
  B_in[13]
  B_in[14]
  B_in[15]
  B_in[1]
  B_in[2]
  B_in[3]
  B_in[4]
  B_in[5]
  B_in[6]
  B_in[7]
  B_in[8]
  B_in[9]
  Op_Sel[0]
  Op_Sel[1]
  Start
  rst_n
Warning: There are 17 unconstrained endpoints.
  Done
  X_out[0]
  X_out[10]
  X_out[11]
  X_out[12]
  X_out[13]
  X_out[14]
  X_out[15]
  X_out[1]
  X_out[2]
  X_out[3]
  X_out[4]
  X_out[5]
  X_out[6]
  X_out[7]
  X_out[8]
  X_out[9]
