Clock: clk
Sources: clk 
Generated: no
Virtual: yes
Propagated: no
Period: 11.000000

===========================================================================
report_clock_properties
============================================================================
Clock                   Period          Waveform
----------------------------------------------------
clk                  11.000000    0.000000  5.500000

===========================================================================
report_clock_latency
============================================================================
Clock clk
rise -> rise
    min     max
0.000000 0.000000 source latency
0.368913         network latency _3222_/CLK
        0.379589 network latency _3256_/CLK
---------------
0.368913 0.379589 latency
        0.010677 skew

fall -> fall
    min     max
0.000000 0.000000 source latency
0.365044         network latency _3222_/CLK
        0.373092 network latency _3256_/CLK
---------------
0.365044 0.373092 latency
        0.008048 skew



===========================================================================
report_clock_min_period
============================================================================
clk period_min = 9.82 fmax = 101.83
