
===========================================================================
report_checks -unconstrained
===========================================================================
======================= nom_ff_n40C_1v95 Corner ===================================

Startpoint: _3302_ (rising edge-triggered flip-flop clocked by clk)
Endpoint: _3237_ (rising edge-triggered flip-flop clocked by clk)
Path Group: clk
Path Type: max

Fanout         Cap        Slew       Delay        Time   Description
---------------------------------------------------------------------------------------------
                                  0.000000    0.000000   clock clk (rise edge)
                                  0.000000    0.000000   clock source latency
     2    0.039829    0.000000    0.000000    0.000000 ^ clk (in)
                                                         clk (net)
                      0.002106    0.001053    0.001053 ^ clkbuf_0_clk/A (sky130_fd_sc_hd__clkbuf_16)
    17    0.164776    0.136746    0.152802    0.153856 ^ clkbuf_0_clk/X (sky130_fd_sc_hd__clkbuf_16)
                                                         clknet_0_clk (net)
                      0.137420    0.007709    0.161565 ^ clkbuf_3_0__f_clk/A (sky130_fd_sc_hd__clkbuf_16)
    25    0.091530    0.083460    0.151302    0.312867 ^ clkbuf_3_0__f_clk/X (sky130_fd_sc_hd__clkbuf_16)
                                                         clknet_3_0__leaf_clk (net)
                      0.083694    0.003132    0.315999 ^ _3302_/CLK (sky130_fd_sc_hd__dfrtp_4)
     6    0.024514    0.062188    0.331846    0.647845 v _3302_/Q (sky130_fd_sc_hd__dfrtp_4)
                                                         B_reg[12] (net)
                      0.062188    0.001582    0.649426 v _1910_/C (sky130_fd_sc_hd__and3_1)
     3    0.007832    0.042188    0.140243    0.789669 v _1910_/X (sky130_fd_sc_hd__and3_1)
                                                         _1175_ (net)
                      0.042189    0.000278    0.789947 v _2300_/A (sky130_fd_sc_hd__or4_4)
     4    0.009831    0.064888    0.330113    1.120060 v _2300_/X (sky130_fd_sc_hd__or4_4)
                                                         _1553_ (net)
                      0.064888    0.000210    1.120270 v _2304_/A1 (sky130_fd_sc_hd__a21o_1)
     3    0.008439    0.040715    0.125375    1.245645 v _2304_/X (sky130_fd_sc_hd__a21o_1)
                                                         _1557_ (net)
                      0.040715    0.000230    1.245875 v _2307_/A2 (sky130_fd_sc_hd__a21oi_1)
     3    0.010734    0.183891    0.177405    1.423280 ^ _2307_/Y (sky130_fd_sc_hd__a21oi_1)
                                                         _1560_ (net)
                      0.183891    0.000165    1.423445 ^ _2311_/B (sky130_fd_sc_hd__xor2_1)
     3    0.010305    0.176686    0.164198    1.587643 ^ _2311_/X (sky130_fd_sc_hd__xor2_1)
                                                         _1564_ (net)
                      0.176687    0.000250    1.587893 ^ _2313_/A2 (sky130_fd_sc_hd__a21o_1)
     4    0.010999    0.077543    0.120931    1.708824 ^ _2313_/X (sky130_fd_sc_hd__a21o_1)
                                                         _1566_ (net)
                      0.077543    0.000281    1.709105 ^ _2318_/A1 (sky130_fd_sc_hd__a21oi_1)
     3    0.011541    0.064646    0.070690    1.779795 v _2318_/Y (sky130_fd_sc_hd__a21oi_1)
                                                         _1571_ (net)
                      0.064668    0.000251    1.780046 v _2321_/B (sky130_fd_sc_hd__or3_4)
     3    0.007634    0.049379    0.233352    2.013398 v _2321_/X (sky130_fd_sc_hd__or3_4)
                                                         _1574_ (net)
                      0.049379    0.000123    2.013521 v _2326_/A1 (sky130_fd_sc_hd__a21o_1)
     4    0.010121    0.045481    0.124690    2.138211 v _2326_/X (sky130_fd_sc_hd__a21o_1)
                                                         _1579_ (net)
                      0.045481    0.000253    2.138464 v _2327_/A2 (sky130_fd_sc_hd__a21oi_1)
     3    0.012274    0.205211    0.194725    2.333189 ^ _2327_/Y (sky130_fd_sc_hd__a21oi_1)
                                                         _1580_ (net)
                      0.205212    0.000269    2.333457 ^ _2331_/B (sky130_fd_sc_hd__xnor2_1)
     3    0.014599    0.247403    0.145309    2.478766 ^ _2331_/Y (sky130_fd_sc_hd__xnor2_1)
                                                         _1584_ (net)
                      0.247404    0.000443    2.479209 ^ _2334_/A2 (sky130_fd_sc_hd__a21o_1)
     4    0.011808    0.082825    0.127975    2.607184 ^ _2334_/X (sky130_fd_sc_hd__a21o_1)
                                                         _1587_ (net)
                      0.082825    0.000325    2.607509 ^ _2337_/A1 (sky130_fd_sc_hd__a21oi_1)
     3    0.011777    0.068383    0.072642    2.680151 v _2337_/Y (sky130_fd_sc_hd__a21oi_1)
                                                         _1590_ (net)
                      0.068408    0.000290    2.680441 v _2345_/B (sky130_fd_sc_hd__or3_4)
     3    0.008263    0.050069    0.235820    2.916261 v _2345_/X (sky130_fd_sc_hd__or3_4)
                                                         _1598_ (net)
                      0.050069    0.000185    2.916446 v _2347_/A1 (sky130_fd_sc_hd__a21o_1)
     4    0.010982    0.047026    0.127522    3.043968 v _2347_/X (sky130_fd_sc_hd__a21o_1)
                                                         _1600_ (net)
                      0.047027    0.000293    3.044261 v _2348_/A2 (sky130_fd_sc_hd__a21oi_1)
     3    0.014413    0.234999    0.216835    3.261097 ^ _2348_/Y (sky130_fd_sc_hd__a21oi_1)
                                                         _1601_ (net)
                      0.235000    0.000530    3.261626 ^ _2349_/B (sky130_fd_sc_hd__xnor2_1)
     3    0.011773    0.086990    0.094342    3.355968 v _2349_/Y (sky130_fd_sc_hd__xnor2_1)
                                                         _1602_ (net)
                      0.086991    0.000269    3.356237 v _2355_/A2 (sky130_fd_sc_hd__a21o_1)
     4    0.010334    0.045805    0.154253    3.510490 v _2355_/X (sky130_fd_sc_hd__a21o_1)
                                                         _0109_ (net)
                      0.045807    0.000338    3.510828 v _2360_/A1 (sky130_fd_sc_hd__a21oi_1)
     3    0.012416    0.207109    0.180701    3.691530 ^ _2360_/Y (sky130_fd_sc_hd__a21oi_1)
                                                         _0114_ (net)
                      0.207111    0.000446    3.691976 ^ _2361_/B (sky130_fd_sc_hd__xnor2_1)
     3    0.015824    0.264966    0.152241    3.844217 ^ _2361_/Y (sky130_fd_sc_hd__xnor2_1)
                                                         _0115_ (net)
                      0.264967    0.000421    3.844638 ^ _2366_/A2 (sky130_fd_sc_hd__a21o_1)
     4    0.010340    0.073914    0.122292    3.966930 ^ _2366_/X (sky130_fd_sc_hd__a21o_1)
                                                         _0120_ (net)
                      0.073914    0.000225    3.967155 ^ _2369_/A1 (sky130_fd_sc_hd__a21oi_1)
     3    0.012459    0.068723    0.072879    4.040033 v _2369_/Y (sky130_fd_sc_hd__a21oi_1)
                                                         _0123_ (net)
                      0.068725    0.000325    4.040359 v _2372_/B (sky130_fd_sc_hd__or3_4)
     3    0.008736    0.050582    0.236803    4.277161 v _2372_/X (sky130_fd_sc_hd__or3_4)
                                                         _0126_ (net)
                      0.050582    0.000128    4.277289 v _2378_/A1 (sky130_fd_sc_hd__a21o_1)
     3    0.006892    0.035948    0.115406    4.392695 v _2378_/X (sky130_fd_sc_hd__a21o_1)
                                                         _0132_ (net)
                      0.035948    0.000090    4.392785 v _2383_/C (sky130_fd_sc_hd__and3_1)
     2    0.007037    0.039689    0.127334    4.520119 v _2383_/X (sky130_fd_sc_hd__and3_1)
                                                         _0137_ (net)
                      0.039689    0.000177    4.520296 v _2385_/C (sky130_fd_sc_hd__or3_4)
     3    0.008553    0.050384    0.202276    4.722572 v _2385_/X (sky130_fd_sc_hd__or3_4)
                                                         _0139_ (net)
                      0.050384    0.000189    4.722761 v _2387_/A1 (sky130_fd_sc_hd__a21o_1)
     4    0.012783    0.051985    0.131996    4.854757 v _2387_/X (sky130_fd_sc_hd__a21o_1)
                                                         _0141_ (net)
                      0.051986    0.000308    4.855065 v _2390_/A (sky130_fd_sc_hd__and3_1)
     3    0.010722    0.049753    0.120615    4.975680 v _2390_/X (sky130_fd_sc_hd__and3_1)
                                                         _0144_ (net)
                      0.049755    0.000385    4.976066 v _2392_/C (sky130_fd_sc_hd__or3_4)
     3    0.007217    0.048927    0.202665    5.178731 v _2392_/X (sky130_fd_sc_hd__or3_4)
                                                         _0146_ (net)
                      0.048927    0.000171    5.178902 v _2397_/A1 (sky130_fd_sc_hd__a21o_1)
     4    0.011154    0.047473    0.127506    5.306407 v _2397_/X (sky130_fd_sc_hd__a21o_1)
                                                         _0151_ (net)
                      0.047473    0.000216    5.306624 v _2406_/A (sky130_fd_sc_hd__and3_1)
     2    0.006664    0.038594    0.106328    5.412951 v _2406_/X (sky130_fd_sc_hd__and3_1)
                                                         _0160_ (net)
                      0.038594    0.000176    5.413127 v _2408_/C (sky130_fd_sc_hd__or3_4)
     3    0.008358    0.050180    0.201599    5.614727 v _2408_/X (sky130_fd_sc_hd__or3_4)
                                                         _0162_ (net)
                      0.050180    0.000197    5.614924 v _2410_/A1 (sky130_fd_sc_hd__a21o_1)
     3    0.007492    0.037797    0.117026    5.731950 v _2410_/X (sky130_fd_sc_hd__a21o_1)
                                                         _0164_ (net)
                      0.037797    0.000188    5.732138 v _2413_/A (sky130_fd_sc_hd__and3_1)
     2    0.006101    0.036919    0.100882    5.833020 v _2413_/X (sky130_fd_sc_hd__and3_1)
                                                         _0167_ (net)
                      0.036919    0.000134    5.833154 v _2415_/C (sky130_fd_sc_hd__or3_4)
     3    0.006765    0.048417    0.198204    6.031358 v _2415_/X (sky130_fd_sc_hd__or3_4)
                                                         _0169_ (net)
                      0.048417    0.000143    6.031501 v _2420_/A1 (sky130_fd_sc_hd__a21o_1)
     3    0.008916    0.042228    0.120671    6.152172 v _2420_/X (sky130_fd_sc_hd__a21o_1)
                                                         _0174_ (net)
                      0.042228    0.000193    6.152365 v _2423_/A1 (sky130_fd_sc_hd__a21o_1)
     2    0.008682    0.041523    0.117504    6.269869 v _2423_/X (sky130_fd_sc_hd__a21o_1)
                                                         _0177_ (net)
                      0.041524    0.000271    6.270140 v _2426_/B (sky130_fd_sc_hd__xnor2_1)
     1    0.003215    0.040188    0.080899    6.351039 v _2426_/Y (sky130_fd_sc_hd__xnor2_1)
                                                         _0179_ (net)
                      0.040188    0.000074    6.351113 v _2427_/A1 (sky130_fd_sc_hd__mux2_4)
     1    0.002955    0.035611    0.144233    6.495346 v _2427_/X (sky130_fd_sc_hd__mux2_4)
                                                         _0024_ (net)
                      0.035611    0.000092    6.495438 v _3237_/D (sky130_fd_sc_hd__dfrtp_4)
                                              6.495438   data arrival time

                                 10.000000   10.000000   clock clk (rise edge)
                                  0.000000   10.000000   clock source latency
     2    0.039829    0.000000    0.000000   10.000000 ^ clk (in)
                                                         clk (net)
                      0.002106    0.001053   10.001054 ^ clkbuf_0_clk/A (sky130_fd_sc_hd__clkbuf_16)
    17    0.164776    0.136746    0.152802   10.153856 ^ clkbuf_0_clk/X (sky130_fd_sc_hd__clkbuf_16)
                                                         clknet_0_clk (net)
                      0.137365    0.007394   10.161250 ^ clkbuf_3_3__f_clk/A (sky130_fd_sc_hd__clkbuf_16)
    35    0.099999    0.089773    0.155477   10.316728 ^ clkbuf_3_3__f_clk/X (sky130_fd_sc_hd__clkbuf_16)
                                                         clknet_3_3__leaf_clk (net)
                      0.089897    0.002707   10.319434 ^ _3237_/CLK (sky130_fd_sc_hd__dfrtp_4)
                                 -0.100000   10.219435   clock uncertainty
                                  0.000000   10.219435   clock reconvergence pessimism
                                 -0.068348   10.151087   library setup time
                                             10.151087   data required time
---------------------------------------------------------------------------------------------
                                             10.151087   data required time
                                             -6.495438   data arrival time
---------------------------------------------------------------------------------------------
                                              3.655649   slack (MET)




===========================================================================
report_checks --slack_max -0.01
============================================================================
======================= nom_ff_n40C_1v95 Corner ===================================

No paths found.


===========================================================================
 report_check_types -max_slew -max_cap -max_fanout -violators
============================================================================
======================= nom_ff_n40C_1v95 Corner ===================================



===========================================================================
report_parasitic_annotation -report_unannotated
============================================================================
Found 7 unannotated drivers.
 clkload0/Y
 clkload1/Y
 clkload2/Y
 clkload3/Y
 clkload4/Y
 clkload5/Y
 clkload6/Y
Found 0 partially unannotated drivers.

===========================================================================
max slew violation count 0
max fanout violation count 0
max cap violation count 0
============================================================================

===========================================================================
check_setup -verbose -unconstrained_endpoints -multiple_clock -no_clock -no_input_delay -loops -generated_clocks
===========================================================================
Warning: There are 36 input ports missing set_input_delay.
  A_in[0]
  A_in[10]
  A_in[11]
  A_in[12]
  A_in[13]
  A_in[14]
  A_in[15]
  A_in[1]
  A_in[2]
  A_in[3]
  A_in[4]
  A_in[5]
  A_in[6]
  A_in[7]
  A_in[8]
  A_in[9]
  B_in[0]
  B_in[10]
  B_in[11]
  B_in[12]
  B_in[13]
  B_in[14]
  B_in[15]
  B_in[1]
  B_in[2]
  B_in[3]
  B_in[4]
  B_in[5]
  B_in[6]
  B_in[7]
  B_in[8]
  B_in[9]
  Op_Sel[0]
  Op_Sel[1]
  Start
  rst_n
Warning: There are 17 unconstrained endpoints.
  Done
  X_out[0]
  X_out[10]
  X_out[11]
  X_out[12]
  X_out[13]
  X_out[14]
  X_out[15]
  X_out[1]
  X_out[2]
  X_out[3]
  X_out[4]
  X_out[5]
  X_out[6]
  X_out[7]
  X_out[8]
  X_out[9]
