
===========================================================================
report_checks -unconstrained
===========================================================================
======================= max_ss_100C_1v60 Corner ===================================

Startpoint: _3302_ (rising edge-triggered flip-flop clocked by clk)
Endpoint: _3238_ (rising edge-triggered flip-flop clocked by clk)
Path Group: clk
Path Type: max

Fanout         Cap        Slew       Delay        Time   Description
---------------------------------------------------------------------------------------------
                                  0.000000    0.000000   clock clk (rise edge)
                                  0.000000    0.000000   clock source latency
     2    0.043732    0.000000    0.000000    0.000000 ^ clk (in)
                                                         clk (net)
                      0.003114    0.001557    0.001557 ^ clkbuf_0_clk/A (sky130_fd_sc_hd__clkbuf_16)
    17    0.173890    0.282424    0.359654    0.361211 ^ clkbuf_0_clk/X (sky130_fd_sc_hd__clkbuf_16)
                                                         clknet_0_clk (net)
                      0.283322    0.013038    0.374249 ^ clkbuf_3_0__f_clk/A (sky130_fd_sc_hd__clkbuf_16)
    25    0.095087    0.169739    0.403140    0.777389 ^ clkbuf_3_0__f_clk/X (sky130_fd_sc_hd__clkbuf_16)
                                                         clknet_3_0__leaf_clk (net)
                      0.170076    0.006570    0.783959 ^ _3302_/CLK (sky130_fd_sc_hd__dfrtp_4)
    15    0.052601    0.225322    1.184627    1.968586 v _3302_/Q (sky130_fd_sc_hd__dfrtp_4)
                                                         B_reg[12] (net)
                      0.225510    0.005909    1.974495 v _1910_/C (sky130_fd_sc_hd__and3_1)
     3    0.005953    0.096577    0.466516    2.441010 v _1910_/X (sky130_fd_sc_hd__and3_1)
                                                         _1175_ (net)
                      0.096577    0.000197    2.441207 v _2300_/B (sky130_fd_sc_hd__or4_1)
     4    0.009898    0.262488    1.308332    3.749539 v _2300_/X (sky130_fd_sc_hd__or4_1)
                                                         _1553_ (net)
                      0.262488    0.000563    3.750103 v _2304_/A2 (sky130_fd_sc_hd__a21o_1)
     3    0.007678    0.098198    0.434663    4.184766 v _2304_/X (sky130_fd_sc_hd__a21o_1)
                                                         _1557_ (net)
                      0.098198    0.000399    4.185165 v _2308_/C (sky130_fd_sc_hd__and3_1)
     2    0.005305    0.091605    0.397713    4.582878 v _2308_/X (sky130_fd_sc_hd__and3_1)
                                                         _1561_ (net)
                      0.091605    0.000310    4.583187 v _2310_/C (sky130_fd_sc_hd__or3_1)
     3    0.006908    0.177757    0.786082    5.369269 v _2310_/X (sky130_fd_sc_hd__or3_1)
                                                         _1563_ (net)
                      0.177757    0.000397    5.369667 v _2313_/A1 (sky130_fd_sc_hd__a21o_1)
     4    0.010404    0.119923    0.392045    5.761711 v _2313_/X (sky130_fd_sc_hd__a21o_1)
                                                         _1566_ (net)
                      0.119923    0.000483    5.762195 v _2319_/B (sky130_fd_sc_hd__and3_1)
     2    0.005821    0.095519    0.384253    6.146448 v _2319_/X (sky130_fd_sc_hd__and3_1)
                                                         _1572_ (net)
                      0.095519    0.000282    6.146729 v _2321_/C (sky130_fd_sc_hd__or3_1)
     3    0.008521    0.194259    0.809210    6.955939 v _2321_/X (sky130_fd_sc_hd__or3_1)
                                                         _1574_ (net)
                      0.194259    0.000585    6.956524 v _2326_/A1 (sky130_fd_sc_hd__a21o_1)
     4    0.011488    0.128898    0.407316    7.363841 v _2326_/X (sky130_fd_sc_hd__a21o_1)
                                                         _1579_ (net)
                      0.128899    0.000635    7.364475 v _2328_/C (sky130_fd_sc_hd__and3_1)
     2    0.004882    0.088503    0.409380    7.773855 v _2328_/X (sky130_fd_sc_hd__and3_1)
                                                         _1581_ (net)
                      0.088503    0.000296    7.774150 v _2330_/C (sky130_fd_sc_hd__or3_2)
     4    0.014561    0.234706    1.099721    8.873872 v _2330_/X (sky130_fd_sc_hd__or3_2)
                                                         _1583_ (net)
                      0.234708    0.001168    8.875040 v _2334_/A1 (sky130_fd_sc_hd__a21o_1)
     5    0.015647    0.157001    0.453363    9.328403 v _2334_/X (sky130_fd_sc_hd__a21o_1)
                                                         _1587_ (net)
                      0.157002    0.000848    9.329250 v _2338_/B (sky130_fd_sc_hd__and3_1)
     2    0.006790    0.103145    0.410767    9.740018 v _2338_/X (sky130_fd_sc_hd__and3_1)
                                                         _1591_ (net)
                      0.103145    0.000374    9.740392 v _2345_/C (sky130_fd_sc_hd__or3_1)
     3    0.008374    0.192548    0.810023   10.550415 v _2345_/X (sky130_fd_sc_hd__or3_1)
                                                         _1598_ (net)
                      0.192548    0.000324   10.550739 v _2347_/A1 (sky130_fd_sc_hd__a21o_1)
     4    0.011812    0.131670    0.408912   10.959651 v _2347_/X (sky130_fd_sc_hd__a21o_1)
                                                         _1600_ (net)
                      0.131674    0.000883   10.960534 v _2350_/C (sky130_fd_sc_hd__and3_1)
     2    0.006926    0.104242    0.428003   11.388537 v _2350_/X (sky130_fd_sc_hd__and3_1)
                                                         _1603_ (net)
                      0.104242    0.000439   11.388976 v _2352_/C (sky130_fd_sc_hd__or3_1)
     3    0.009690    0.207479    0.828022   12.216998 v _2352_/X (sky130_fd_sc_hd__or3_1)
                                                         _0106_ (net)
                      0.207479    0.000613   12.217611 v _2355_/A2 (sky130_fd_sc_hd__a21o_1)
     4    0.010847    0.123688    0.437536   12.655148 v _2355_/X (sky130_fd_sc_hd__a21o_1)
                                                         _0109_ (net)
                      0.123692    0.000852   12.655999 v _2362_/B (sky130_fd_sc_hd__and3_1)
     2    0.006303    0.099299    0.390180   13.046180 v _2362_/X (sky130_fd_sc_hd__and3_1)
                                                         _0116_ (net)
                      0.099299    0.000381   13.046560 v _2364_/C (sky130_fd_sc_hd__or3_1)
     3    0.007433    0.183397    0.795831   13.842392 v _2364_/X (sky130_fd_sc_hd__or3_1)
                                                         _0118_ (net)
                      0.183397    0.000500   13.842892 v _2366_/A2 (sky130_fd_sc_hd__a21o_1)
     4    0.011852    0.131938    0.435255   14.278146 v _2366_/X (sky130_fd_sc_hd__a21o_1)
                                                         _0120_ (net)
                      0.131940    0.000671   14.278817 v _2370_/B (sky130_fd_sc_hd__and3_1)
     2    0.005931    0.096385    0.391196   14.670013 v _2370_/X (sky130_fd_sc_hd__and3_1)
                                                         _0124_ (net)
                      0.096385    0.000299   14.670313 v _2372_/C (sky130_fd_sc_hd__or3_1)
     3    0.009257    0.202501    0.819537   15.489850 v _2372_/X (sky130_fd_sc_hd__or3_1)
                                                         _0126_ (net)
                      0.202501    0.000309   15.490159 v _2378_/A1 (sky130_fd_sc_hd__a21o_1)
     4    0.010923    0.124260    0.406629   15.896789 v _2378_/X (sky130_fd_sc_hd__a21o_1)
                                                         _0132_ (net)
                      0.124260    0.000554   15.897343 v _2383_/C (sky130_fd_sc_hd__and3_1)
     2    0.007018    0.104944    0.425150   16.322493 v _2383_/X (sky130_fd_sc_hd__and3_1)
                                                         _0137_ (net)
                      0.104944    0.000318   16.322811 v _2385_/C (sky130_fd_sc_hd__or3_1)
     3    0.007873    0.187751    0.803741   17.126551 v _2385_/X (sky130_fd_sc_hd__or3_1)
                                                         _0139_ (net)
                      0.187751    0.000592   17.127142 v _2387_/A1 (sky130_fd_sc_hd__a21o_1)
     4    0.012714    0.139043    0.413852   17.540995 v _2387_/X (sky130_fd_sc_hd__a21o_1)
                                                         _0141_ (net)
                      0.139043    0.000389   17.541384 v _2390_/B (sky130_fd_sc_hd__and3_1)
     3    0.010562    0.134932    0.433257   17.974642 v _2390_/X (sky130_fd_sc_hd__and3_1)
                                                         _0144_ (net)
                      0.134933    0.000709   17.975349 v _2392_/C (sky130_fd_sc_hd__or3_1)
     3    0.006821    0.177197    0.800076   18.775427 v _2392_/X (sky130_fd_sc_hd__or3_1)
                                                         _0146_ (net)
                      0.177197    0.000412   18.775839 v _2397_/A1 (sky130_fd_sc_hd__a21o_1)
     4    0.011338    0.127621    0.398849   19.174686 v _2397_/X (sky130_fd_sc_hd__a21o_1)
                                                         _0151_ (net)
                      0.127622    0.000524   19.175211 v _2406_/B (sky130_fd_sc_hd__and3_1)
     2    0.005676    0.094410    0.386878   19.562090 v _2406_/X (sky130_fd_sc_hd__and3_1)
                                                         _0160_ (net)
                      0.094410    0.000318   19.562407 v _2408_/C (sky130_fd_sc_hd__or3_1)
     3    0.008356    0.192741    0.806677   20.369085 v _2408_/X (sky130_fd_sc_hd__or3_1)
                                                         _0162_ (net)
                      0.192741    0.000393   20.369478 v _2410_/A2 (sky130_fd_sc_hd__a21o_1)
     3    0.007130    0.093740    0.402995   20.772472 v _2410_/X (sky130_fd_sc_hd__a21o_1)
                                                         _0164_ (net)
                      0.093740    0.000380   20.772852 v _2413_/C (sky130_fd_sc_hd__and3_1)
     2    0.005050    0.089677    0.393369   21.166222 v _2413_/X (sky130_fd_sc_hd__and3_1)
                                                         _0167_ (net)
                      0.089677    0.000167   21.166388 v _2415_/C (sky130_fd_sc_hd__or3_1)
     3    0.007339    0.182596    0.791232   21.957621 v _2415_/X (sky130_fd_sc_hd__or3_1)
                                                         _0169_ (net)
                      0.182596    0.000426   21.958046 v _2420_/A1 (sky130_fd_sc_hd__a21o_1)
     4    0.011304    0.127362    0.400895   22.358942 v _2420_/X (sky130_fd_sc_hd__a21o_1)
                                                         _0174_ (net)
                      0.127362    0.000403   22.359344 v _2428_/A1 (sky130_fd_sc_hd__a21bo_1)
     1    0.004380    0.075494    0.343990   22.703335 v _2428_/X (sky130_fd_sc_hd__a21bo_1)
                                                         _0180_ (net)
                      0.075494    0.000204   22.703539 v _2429_/B (sky130_fd_sc_hd__xor2_1)
     1    0.002307    0.120222    0.258698   22.962236 v _2429_/X (sky130_fd_sc_hd__xor2_1)
                                                         _0181_ (net)
                      0.120222    0.000099   22.962337 v _2430_/A1 (sky130_fd_sc_hd__mux2_1)
     1    0.002268    0.105240    0.659760   23.622097 v _2430_/X (sky130_fd_sc_hd__mux2_1)
                                                         _0025_ (net)
                      0.105240    0.000101   23.622198 v _3238_/D (sky130_fd_sc_hd__dfrtp_4)
                                             23.622198   data arrival time

                                120.000000  120.000000   clock clk (rise edge)
                                  0.000000  120.000000   clock source latency
     2    0.043732    0.000000    0.000000  120.000000 ^ clk (in)
                                                         clk (net)
                      0.003114    0.001563  120.001564 ^ clkbuf_0_clk/A (sky130_fd_sc_hd__clkbuf_16)
    17    0.173890    0.282424    0.359648  120.361214 ^ clkbuf_0_clk/X (sky130_fd_sc_hd__clkbuf_16)
                                                         clknet_0_clk (net)
                      0.283298    0.012875  120.374084 ^ clkbuf_3_3__f_clk/A (sky130_fd_sc_hd__clkbuf_16)
    35    0.104760    0.184127    0.412555  120.786644 ^ clkbuf_3_3__f_clk/X (sky130_fd_sc_hd__clkbuf_16)
                                                         clknet_3_3__leaf_clk (net)
                      0.184866    0.008683  120.795326 ^ _3238_/CLK (sky130_fd_sc_hd__dfrtp_4)
                                 -0.100000  120.695320   clock uncertainty
                                  0.000000  120.695320   clock reconvergence pessimism
                                 -0.258917  120.436401   library setup time
                                            120.436401   data required time
---------------------------------------------------------------------------------------------
                                            120.436401   data required time
                                            -23.622198   data arrival time
---------------------------------------------------------------------------------------------
                                             96.814201   slack (MET)




===========================================================================
report_checks --slack_max -0.01
============================================================================
======================= max_ss_100C_1v60 Corner ===================================

No paths found.


===========================================================================
 report_check_types -max_slew -max_cap -max_fanout -violators
============================================================================
======================= max_ss_100C_1v60 Corner ===================================



===========================================================================
report_parasitic_annotation -report_unannotated
============================================================================
Found 7 unannotated drivers.
 clkload0/Y
 clkload1/Y
 clkload2/Y
 clkload3/Y
 clkload4/Y
 clkload5/Y
 clkload6/Y
Found 0 partially unannotated drivers.

===========================================================================
max slew violation count 0
max fanout violation count 0
max cap violation count 0
============================================================================

===========================================================================
check_setup -verbose -unconstrained_endpoints -multiple_clock -no_clock -no_input_delay -loops -generated_clocks
===========================================================================
Warning: There are 36 input ports missing set_input_delay.
  A_in[0]
  A_in[10]
  A_in[11]
  A_in[12]
  A_in[13]
  A_in[14]
  A_in[15]
  A_in[1]
  A_in[2]
  A_in[3]
  A_in[4]
  A_in[5]
  A_in[6]
  A_in[7]
  A_in[8]
  A_in[9]
  B_in[0]
  B_in[10]
  B_in[11]
  B_in[12]
  B_in[13]
  B_in[14]
  B_in[15]
  B_in[1]
  B_in[2]
  B_in[3]
  B_in[4]
  B_in[5]
  B_in[6]
  B_in[7]
  B_in[8]
  B_in[9]
  Op_Sel[0]
  Op_Sel[1]
  Start
  rst_n
Warning: There are 17 unconstrained endpoints.
  Done
  X_out[0]
  X_out[10]
  X_out[11]
  X_out[12]
  X_out[13]
  X_out[14]
  X_out[15]
  X_out[1]
  X_out[2]
  X_out[3]
  X_out[4]
  X_out[5]
  X_out[6]
  X_out[7]
  X_out[8]
  X_out[9]
