Clock: clk
Sources: clk 
Generated: no
Virtual: yes
Propagated: no
Period: 120.000000

===========================================================================
report_clock_properties
============================================================================
Clock                   Period          Waveform
----------------------------------------------------
clk                 120.000000    0.000000 60.000000

===========================================================================
report_clock_latency
============================================================================
Clock clk
rise -> rise
    min     max
0.000000 0.000000 source latency
0.763172         network latency _3222_/CLK
        0.801560 network latency _3298_/CLK
---------------
0.763172 0.801560 latency
        0.038388 skew

fall -> fall
    min     max
0.000000 0.000000 source latency
0.730608         network latency _3222_/CLK
        0.761503 network latency _3298_/CLK
---------------
0.730608 0.761503 latency
        0.030894 skew



===========================================================================
report_clock_min_period
============================================================================
clk period_min = 23.19 fmax = 43.13
