
===========================================================================
report_checks -unconstrained
===========================================================================
======================= nom_ff_n40C_1v95 Corner ===================================

Startpoint: _3302_ (rising edge-triggered flip-flop clocked by clk)
Endpoint: _3237_ (rising edge-triggered flip-flop clocked by clk)
Path Group: clk
Path Type: max

Fanout         Cap        Slew       Delay        Time   Description
---------------------------------------------------------------------------------------------
                                  0.000000    0.000000   clock clk (rise edge)
                                  0.000000    0.000000   clock source latency
     2    0.042466    0.000000    0.000000    0.000000 ^ clk (in)
                                                         clk (net)
                      0.002227    0.001114    0.001114 ^ clkbuf_0_clk/A (sky130_fd_sc_hd__clkbuf_16)
    17    0.165549    0.137329    0.153153    0.154266 ^ clkbuf_0_clk/X (sky130_fd_sc_hd__clkbuf_16)
                                                         clknet_0_clk (net)
                      0.138000    0.007711    0.161977 ^ clkbuf_3_0__f_clk/A (sky130_fd_sc_hd__clkbuf_16)
    25    0.091192    0.083261    0.151274    0.313251 ^ clkbuf_3_0__f_clk/X (sky130_fd_sc_hd__clkbuf_16)
                                                         clknet_3_0__leaf_clk (net)
                      0.083507    0.003609    0.316860 ^ _3302_/CLK (sky130_fd_sc_hd__dfrtp_4)
    15    0.051872    0.088648    0.362371    0.679230 v _3302_/Q (sky130_fd_sc_hd__dfrtp_4)
                                                         B_reg[12] (net)
                      0.088771    0.002940    0.682171 v _1910_/C (sky130_fd_sc_hd__and3_1)
     3    0.006234    0.037272    0.146110    0.828281 v _1910_/X (sky130_fd_sc_hd__and3_1)
                                                         _1175_ (net)
                      0.037272    0.000098    0.828379 v _2300_/B (sky130_fd_sc_hd__or4_1)
     4    0.009992    0.084394    0.323139    1.151518 v _2300_/X (sky130_fd_sc_hd__or4_1)
                                                         _1553_ (net)
                      0.084394    0.000214    1.151731 v _2304_/A2 (sky130_fd_sc_hd__a21o_1)
     3    0.007619    0.038178    0.144824    1.296555 v _2304_/X (sky130_fd_sc_hd__a21o_1)
                                                         _1557_ (net)
                      0.038178    0.000181    1.296736 v _2307_/A2 (sky130_fd_sc_hd__a21oi_1)
     3    0.010111    0.175302    0.170164    1.466900 ^ _2307_/Y (sky130_fd_sc_hd__a21oi_1)
                                                         _1560_ (net)
                      0.175302    0.000161    1.467060 ^ _2311_/B (sky130_fd_sc_hd__xor2_1)
     3    0.010773    0.182833    0.168916    1.635976 ^ _2311_/X (sky130_fd_sc_hd__xor2_1)
                                                         _1564_ (net)
                      0.182834    0.000300    1.636276 ^ _2313_/A2 (sky130_fd_sc_hd__a21o_1)
     4    0.010821    0.076435    0.120459    1.756735 ^ _2313_/X (sky130_fd_sc_hd__a21o_1)
                                                         _1566_ (net)
                      0.076435    0.000247    1.756982 ^ _2318_/A1 (sky130_fd_sc_hd__a21oi_1)
     3    0.011120    0.063514    0.069046    1.826028 v _2318_/Y (sky130_fd_sc_hd__a21oi_1)
                                                         _1571_ (net)
                      0.063537    0.000239    1.826267 v _2321_/B (sky130_fd_sc_hd__or3_1)
     3    0.008552    0.065014    0.231990    2.058257 v _2321_/X (sky130_fd_sc_hd__or3_1)
                                                         _1574_ (net)
                      0.065014    0.000279    2.058536 v _2326_/A1 (sky130_fd_sc_hd__a21o_1)
     4    0.011232    0.047705    0.133697    2.192233 v _2326_/X (sky130_fd_sc_hd__a21o_1)
                                                         _1579_ (net)
                      0.047705    0.000266    2.192499 v _2328_/C (sky130_fd_sc_hd__and3_1)
     2    0.004815    0.033331    0.124349    2.316848 v _2328_/X (sky130_fd_sc_hd__and3_1)
                                                         _1581_ (net)
                      0.033331    0.000119    2.316967 v _2330_/C (sky130_fd_sc_hd__or3_2)
     4    0.014253    0.076656    0.265676    2.582643 v _2330_/X (sky130_fd_sc_hd__or3_2)
                                                         _1583_ (net)
                      0.076675    0.000488    2.583131 v _2334_/A1 (sky130_fd_sc_hd__a21o_1)
     5    0.015621    0.059949    0.148614    2.731745 v _2334_/X (sky130_fd_sc_hd__a21o_1)
                                                         _1587_ (net)
                      0.059950    0.000359    2.732104 v _2338_/B (sky130_fd_sc_hd__and3_1)
     2    0.006597    0.038385    0.124901    2.857005 v _2338_/X (sky130_fd_sc_hd__and3_1)
                                                         _1591_ (net)
                      0.038385    0.000165    2.857170 v _2345_/C (sky130_fd_sc_hd__or3_1)
     3    0.008391    0.064286    0.199954    3.057124 v _2345_/X (sky130_fd_sc_hd__or3_1)
                                                         _1598_ (net)
                      0.064286    0.000159    3.057283 v _2347_/A1 (sky130_fd_sc_hd__a21o_1)
     4    0.011644    0.048844    0.134404    3.191687 v _2347_/X (sky130_fd_sc_hd__a21o_1)
                                                         _1600_ (net)
                      0.048846    0.000347    3.192035 v _2350_/C (sky130_fd_sc_hd__and3_1)
     2    0.006674    0.038636    0.130971    3.323005 v _2350_/X (sky130_fd_sc_hd__and3_1)
                                                         _1603_ (net)
                      0.038636    0.000197    3.323203 v _2352_/C (sky130_fd_sc_hd__or3_1)
     3    0.009480    0.069043    0.205157    3.528360 v _2352_/X (sky130_fd_sc_hd__or3_1)
                                                         _0106_ (net)
                      0.069043    0.000263    3.528623 v _2355_/A2 (sky130_fd_sc_hd__a21o_1)
     4    0.010795    0.046527    0.149526    3.678149 v _2355_/X (sky130_fd_sc_hd__a21o_1)
                                                         _0109_ (net)
                      0.046529    0.000337    3.678486 v _2362_/B (sky130_fd_sc_hd__and3_1)
     2    0.006102    0.036927    0.117886    3.796372 v _2362_/X (sky130_fd_sc_hd__and3_1)
                                                         _0116_ (net)
                      0.036928    0.000167    3.796539 v _2364_/C (sky130_fd_sc_hd__or3_1)
     3    0.007541    0.060844    0.195430    3.991969 v _2364_/X (sky130_fd_sc_hd__or3_1)
                                                         _0118_ (net)
                      0.060844    0.000218    3.992187 v _2366_/A2 (sky130_fd_sc_hd__a21o_1)
     4    0.011582    0.048642    0.148737    4.140924 v _2366_/X (sky130_fd_sc_hd__a21o_1)
                                                         _0120_ (net)
                      0.048643    0.000290    4.141214 v _2370_/B (sky130_fd_sc_hd__and3_1)
     2    0.005851    0.036200    0.117881    4.259095 v _2370_/X (sky130_fd_sc_hd__and3_1)
                                                         _0124_ (net)
                      0.036200    0.000150    4.259244 v _2372_/C (sky130_fd_sc_hd__or3_1)
     3    0.008993    0.066871    0.202224    4.461469 v _2372_/X (sky130_fd_sc_hd__or3_1)
                                                         _0126_ (net)
                      0.066871    0.000143    4.461611 v _2378_/A1 (sky130_fd_sc_hd__a21o_1)
     4    0.010874    0.046734    0.133526    4.595137 v _2378_/X (sky130_fd_sc_hd__a21o_1)
                                                         _0132_ (net)
                      0.046734    0.000214    4.595350 v _2383_/C (sky130_fd_sc_hd__and3_1)
     2    0.006815    0.039040    0.130671    4.726021 v _2383_/X (sky130_fd_sc_hd__and3_1)
                                                         _0137_ (net)
                      0.039040    0.000159    4.726180 v _2385_/C (sky130_fd_sc_hd__or3_1)
     3    0.007874    0.062167    0.197610    4.923790 v _2385_/X (sky130_fd_sc_hd__or3_1)
                                                         _0139_ (net)
                      0.062167    0.000228    4.924018 v _2387_/A1 (sky130_fd_sc_hd__a21o_1)
     4    0.012745    0.051868    0.136337    5.060355 v _2387_/X (sky130_fd_sc_hd__a21o_1)
                                                         _0141_ (net)
                      0.051868    0.000191    5.060546 v _2390_/B (sky130_fd_sc_hd__and3_1)
     3    0.010328    0.048668    0.133786    5.194332 v _2390_/X (sky130_fd_sc_hd__and3_1)
                                                         _0144_ (net)
                      0.048669    0.000306    5.194638 v _2392_/C (sky130_fd_sc_hd__or3_1)
     3    0.006992    0.058677    0.196029    5.390666 v _2392_/X (sky130_fd_sc_hd__or3_1)
                                                         _0146_ (net)
                      0.058677    0.000167    5.390833 v _2397_/A1 (sky130_fd_sc_hd__a21o_1)
     4    0.011180    0.047544    0.131257    5.522090 v _2397_/X (sky130_fd_sc_hd__a21o_1)
                                                         _0151_ (net)
                      0.047544    0.000215    5.522306 v _2406_/B (sky130_fd_sc_hd__and3_1)
     2    0.005559    0.035374    0.116480    5.638786 v _2406_/X (sky130_fd_sc_hd__and3_1)
                                                         _0160_ (net)
                      0.035374    0.000137    5.638923 v _2408_/C (sky130_fd_sc_hd__or3_1)
     3    0.008147    0.063248    0.197957    5.836880 v _2408_/X (sky130_fd_sc_hd__or3_1)
                                                         _0162_ (net)
                      0.063248    0.000156    5.837036 v _2410_/A2 (sky130_fd_sc_hd__a21o_1)
     3    0.007210    0.036932    0.136205    5.973241 v _2410_/X (sky130_fd_sc_hd__a21o_1)
                                                         _0164_ (net)
                      0.036932    0.000179    5.973420 v _2413_/C (sky130_fd_sc_hd__and3_1)
     2    0.005024    0.033905    0.120981    6.094401 v _2413_/X (sky130_fd_sc_hd__and3_1)
                                                         _0167_ (net)
                      0.033905    0.000080    6.094481 v _2415_/C (sky130_fd_sc_hd__or3_1)
     3    0.007479    0.060540    0.194329    6.288810 v _2415_/X (sky130_fd_sc_hd__or3_1)
                                                         _0169_ (net)
                      0.060540    0.000183    6.288992 v _2420_/A1 (sky130_fd_sc_hd__a21o_1)
     4    0.011047    0.047192    0.131613    6.420605 v _2420_/X (sky130_fd_sc_hd__a21o_1)
                                                         _0174_ (net)
                      0.047192    0.000254    6.420860 v _2423_/A1 (sky130_fd_sc_hd__a21o_1)
     2    0.008360    0.040509    0.118465    6.539324 v _2423_/X (sky130_fd_sc_hd__a21o_1)
                                                         _0177_ (net)
                      0.040510    0.000254    6.539579 v _2426_/B (sky130_fd_sc_hd__xnor2_1)
     1    0.003201    0.041255    0.080444    6.620023 v _2426_/Y (sky130_fd_sc_hd__xnor2_1)
                                                         _0179_ (net)
                      0.041255    0.000072    6.620095 v _2427_/A1 (sky130_fd_sc_hd__mux2_1)
     1    0.003000    0.038734    0.150367    6.770462 v _2427_/X (sky130_fd_sc_hd__mux2_1)
                                                         _0024_ (net)
                      0.038734    0.000090    6.770552 v _3237_/D (sky130_fd_sc_hd__dfrtp_4)
                                              6.770552   data arrival time

                                120.000000  120.000000   clock clk (rise edge)
                                  0.000000  120.000000   clock source latency
     2    0.042466    0.000000    0.000000  120.000000 ^ clk (in)
                                                         clk (net)
                      0.002227    0.001108  120.001106 ^ clkbuf_0_clk/A (sky130_fd_sc_hd__clkbuf_16)
    17    0.165549    0.137329    0.153165  120.154274 ^ clkbuf_0_clk/X (sky130_fd_sc_hd__clkbuf_16)
                                                         clknet_0_clk (net)
                      0.138010    0.007759  120.162033 ^ clkbuf_3_3__f_clk/A (sky130_fd_sc_hd__clkbuf_16)
    35    0.100776    0.090267    0.156419  120.318451 ^ clkbuf_3_3__f_clk/X (sky130_fd_sc_hd__clkbuf_16)
                                                         clknet_3_3__leaf_clk (net)
                      0.090494    0.003268  120.321716 ^ _3237_/CLK (sky130_fd_sc_hd__dfrtp_4)
                                 -0.100000  120.221718   clock uncertainty
                                  0.000000  120.221718   clock reconvergence pessimism
                                 -0.069404  120.152313   library setup time
                                            120.152313   data required time
---------------------------------------------------------------------------------------------
                                            120.152313   data required time
                                             -6.770552   data arrival time
---------------------------------------------------------------------------------------------
                                            113.381760   slack (MET)




===========================================================================
report_checks --slack_max -0.01
============================================================================
======================= nom_ff_n40C_1v95 Corner ===================================

No paths found.


===========================================================================
 report_check_types -max_slew -max_cap -max_fanout -violators
============================================================================
======================= nom_ff_n40C_1v95 Corner ===================================



===========================================================================
report_parasitic_annotation -report_unannotated
============================================================================
Found 7 unannotated drivers.
 clkload0/Y
 clkload1/Y
 clkload2/Y
 clkload3/Y
 clkload4/Y
 clkload5/Y
 clkload6/Y
Found 0 partially unannotated drivers.

===========================================================================
max slew violation count 0
max fanout violation count 0
max cap violation count 0
============================================================================

===========================================================================
check_setup -verbose -unconstrained_endpoints -multiple_clock -no_clock -no_input_delay -loops -generated_clocks
===========================================================================
Warning: There are 36 input ports missing set_input_delay.
  A_in[0]
  A_in[10]
  A_in[11]
  A_in[12]
  A_in[13]
  A_in[14]
  A_in[15]
  A_in[1]
  A_in[2]
  A_in[3]
  A_in[4]
  A_in[5]
  A_in[6]
  A_in[7]
  A_in[8]
  A_in[9]
  B_in[0]
  B_in[10]
  B_in[11]
  B_in[12]
  B_in[13]
  B_in[14]
  B_in[15]
  B_in[1]
  B_in[2]
  B_in[3]
  B_in[4]
  B_in[5]
  B_in[6]
  B_in[7]
  B_in[8]
  B_in[9]
  Op_Sel[0]
  Op_Sel[1]
  Start
  rst_n
Warning: There are 17 unconstrained endpoints.
  Done
  X_out[0]
  X_out[10]
  X_out[11]
  X_out[12]
  X_out[13]
  X_out[14]
  X_out[15]
  X_out[1]
  X_out[2]
  X_out[3]
  X_out[4]
  X_out[5]
  X_out[6]
  X_out[7]
  X_out[8]
  X_out[9]
