
===========================================================================
report_checks -unconstrained
===========================================================================
======================= max_ff_n40C_1v95 Corner ===================================

Startpoint: _3302_ (rising edge-triggered flip-flop clocked by clk)
Endpoint: _3237_ (rising edge-triggered flip-flop clocked by clk)
Path Group: clk
Path Type: max

Fanout         Cap        Slew       Delay        Time   Description
---------------------------------------------------------------------------------------------
                                  0.000000    0.000000   clock clk (rise edge)
                                  0.000000    0.000000   clock source latency
     2    0.042046    0.000000    0.000000    0.000000 ^ clk (in)
                                                         clk (net)
                      0.003118    0.001559    0.001559 ^ clkbuf_0_clk/A (sky130_fd_sc_hd__clkbuf_16)
    17    0.170681    0.141501    0.153305    0.154864 ^ clkbuf_0_clk/X (sky130_fd_sc_hd__clkbuf_16)
                                                         clknet_0_clk (net)
                      0.143301    0.012722    0.167586 ^ clkbuf_3_0__f_clk/A (sky130_fd_sc_hd__clkbuf_16)
    25    0.095581    0.086637    0.153040    0.320625 ^ clkbuf_3_0__f_clk/X (sky130_fd_sc_hd__clkbuf_16)
                                                         clknet_3_0__leaf_clk (net)
                      0.087503    0.006882    0.327507 ^ _3302_/CLK (sky130_fd_sc_hd__dfrtp_4)
    15    0.053575    0.091054    0.364412    0.691919 v _3302_/Q (sky130_fd_sc_hd__dfrtp_4)
                                                         B_reg[12] (net)
                      0.091377    0.004681    0.696600 v _1910_/C (sky130_fd_sc_hd__and3_1)
     3    0.006419    0.037847    0.147763    0.844363 v _1910_/X (sky130_fd_sc_hd__and3_1)
                                                         _1175_ (net)
                      0.037848    0.000213    0.844576 v _2300_/B (sky130_fd_sc_hd__or4_1)
     4    0.009966    0.084415    0.322912    1.167488 v _2300_/X (sky130_fd_sc_hd__or4_1)
                                                         _1553_ (net)
                      0.084417    0.000564    1.168052 v _2304_/A2 (sky130_fd_sc_hd__a21o_1)
     3    0.007827    0.038902    0.145359    1.313411 v _2304_/X (sky130_fd_sc_hd__a21o_1)
                                                         _1557_ (net)
                      0.038906    0.000413    1.313824 v _2308_/C (sky130_fd_sc_hd__and3_1)
     2    0.005361    0.034842    0.122766    1.436590 v _2308_/X (sky130_fd_sc_hd__and3_1)
                                                         _1561_ (net)
                      0.034844    0.000315    1.436905 v _2310_/C (sky130_fd_sc_hd__or3_1)
     3    0.008488    0.064816    0.199269    1.636174 v _2310_/X (sky130_fd_sc_hd__or3_1)
                                                         _1563_ (net)
                      0.064818    0.000496    1.636670 v _2313_/A1 (sky130_fd_sc_hd__a21o_1)
     4    0.011752    0.049117    0.134701    1.771372 v _2313_/X (sky130_fd_sc_hd__a21o_1)
                                                         _1566_ (net)
                      0.049124    0.000585    1.771957 v _2319_/B (sky130_fd_sc_hd__and3_1)
     2    0.005916    0.036416    0.118154    1.890111 v _2319_/X (sky130_fd_sc_hd__and3_1)
                                                         _1572_ (net)
                      0.036418    0.000289    1.890401 v _2321_/C (sky130_fd_sc_hd__or3_1)
     3    0.009211    0.067976    0.203110    2.093510 v _2321_/X (sky130_fd_sc_hd__or3_1)
                                                         _1574_ (net)
                      0.067980    0.000593    2.094103 v _2326_/A1 (sky130_fd_sc_hd__a21o_1)
     4    0.011389    0.048121    0.134986    2.229089 v _2326_/X (sky130_fd_sc_hd__a21o_1)
                                                         _1579_ (net)
                      0.048129    0.000610    2.229699 v _2328_/C (sky130_fd_sc_hd__and3_1)
     2    0.005797    0.036075    0.127678    2.357377 v _2328_/X (sky130_fd_sc_hd__and3_1)
                                                         _1581_ (net)
                      0.036079    0.000415    2.357792 v _2330_/C (sky130_fd_sc_hd__or3_2)
     4    0.013666    0.074857    0.264347    2.622139 v _2330_/X (sky130_fd_sc_hd__or3_2)
                                                         _1583_ (net)
                      0.074858    0.000425    2.622565 v _2334_/A1 (sky130_fd_sc_hd__a21o_1)
     5    0.016559    0.062640    0.149682    2.772247 v _2334_/X (sky130_fd_sc_hd__a21o_1)
                                                         _1587_ (net)
                      0.062676    0.001381    2.773627 v _2338_/B (sky130_fd_sc_hd__and3_1)
     2    0.007267    0.040490    0.128124    2.901751 v _2338_/X (sky130_fd_sc_hd__and3_1)
                                                         _1591_ (net)
                      0.040493    0.000400    2.902151 v _2345_/C (sky130_fd_sc_hd__or3_1)
     3    0.008289    0.063921    0.199946    3.102097 v _2345_/X (sky130_fd_sc_hd__or3_1)
                                                         _1598_ (net)
                      0.063921    0.000313    3.102410 v _2347_/A1 (sky130_fd_sc_hd__a21o_1)
     4    0.012580    0.051503    0.136370    3.238780 v _2347_/X (sky130_fd_sc_hd__a21o_1)
                                                         _1600_ (net)
                      0.051512    0.000687    3.239467 v _2350_/C (sky130_fd_sc_hd__and3_1)
     2    0.006746    0.038936    0.132077    3.371545 v _2350_/X (sky130_fd_sc_hd__and3_1)
                                                         _1603_ (net)
                      0.038941    0.000447    3.371992 v _2352_/C (sky130_fd_sc_hd__or3_1)
     3    0.009817    0.069707    0.206685    3.578676 v _2352_/X (sky130_fd_sc_hd__or3_1)
                                                         _0106_ (net)
                      0.069711    0.000614    3.579291 v _2355_/A2 (sky130_fd_sc_hd__a21o_1)
     4    0.011355    0.048074    0.151126    3.730416 v _2355_/X (sky130_fd_sc_hd__a21o_1)
                                                         _0109_ (net)
                      0.048082    0.000611    3.731027 v _2362_/B (sky130_fd_sc_hd__and3_1)
     2    0.006507    0.038190    0.119694    3.850722 v _2362_/X (sky130_fd_sc_hd__and3_1)
                                                         _0116_ (net)
                      0.038194    0.000409    3.851131 v _2364_/C (sky130_fd_sc_hd__or3_1)
     3    0.008362    0.064298    0.199569    4.050700 v _2364_/X (sky130_fd_sc_hd__or3_1)
                                                         _0118_ (net)
                      0.064301    0.000499    4.051199 v _2366_/A2 (sky130_fd_sc_hd__a21o_1)
     4    0.010739    0.046379    0.147534    4.198732 v _2366_/X (sky130_fd_sc_hd__a21o_1)
                                                         _0120_ (net)
                      0.046385    0.000564    4.199296 v _2370_/B (sky130_fd_sc_hd__and3_1)
     2    0.005380    0.034879    0.115355    4.314652 v _2370_/X (sky130_fd_sc_hd__and3_1)
                                                         _0124_ (net)
                      0.034881    0.000288    4.314940 v _2372_/C (sky130_fd_sc_hd__or3_1)
     3    0.009270    0.068181    0.203051    4.517992 v _2372_/X (sky130_fd_sc_hd__or3_1)
                                                         _0126_ (net)
                      0.068181    0.000279    4.518271 v _2378_/A1 (sky130_fd_sc_hd__a21o_1)
     4    0.010389    0.045899    0.132419    4.650689 v _2378_/X (sky130_fd_sc_hd__a21o_1)
                                                         _0132_ (net)
                      0.045901    0.000347    4.651036 v _2383_/C (sky130_fd_sc_hd__and3_1)
     2    0.007269    0.040471    0.131784    4.782820 v _2383_/X (sky130_fd_sc_hd__and3_1)
                                                         _0137_ (net)
                      0.040473    0.000334    4.783154 v _2385_/C (sky130_fd_sc_hd__or3_1)
     3    0.007952    0.062614    0.198177    4.981331 v _2385_/X (sky130_fd_sc_hd__or3_1)
                                                         _0139_ (net)
                      0.062619    0.000595    4.981926 v _2387_/A1 (sky130_fd_sc_hd__a21o_1)
     4    0.012937    0.052479    0.136789    5.118715 v _2387_/X (sky130_fd_sc_hd__a21o_1)
                                                         _0141_ (net)
                      0.052481    0.000398    5.119114 v _2390_/B (sky130_fd_sc_hd__and3_1)
     3    0.010673    0.049661    0.134654    5.253768 v _2390_/X (sky130_fd_sc_hd__and3_1)
                                                         _0144_ (net)
                      0.049672    0.000719    5.254487 v _2392_/C (sky130_fd_sc_hd__or3_1)
     3    0.007211    0.059608    0.197215    5.451702 v _2392_/X (sky130_fd_sc_hd__or3_1)
                                                         _0146_ (net)
                      0.059610    0.000431    5.452133 v _2397_/A1 (sky130_fd_sc_hd__a21o_1)
     4    0.011487    0.048370    0.132168    5.584301 v _2397_/X (sky130_fd_sc_hd__a21o_1)
                                                         _0151_ (net)
                      0.048375    0.000536    5.584837 v _2406_/B (sky130_fd_sc_hd__and3_1)
     2    0.006060    0.036824    0.118357    5.703194 v _2406_/X (sky130_fd_sc_hd__and3_1)
                                                         _0160_ (net)
                      0.036827    0.000345    5.703539 v _2408_/C (sky130_fd_sc_hd__or3_1)
     3    0.008218    0.063639    0.198571    5.902110 v _2408_/X (sky130_fd_sc_hd__or3_1)
                                                         _0162_ (net)
                      0.063640    0.000383    5.902493 v _2410_/A2 (sky130_fd_sc_hd__a21o_1)
     3    0.007307    0.037309    0.136513    6.039006 v _2410_/X (sky130_fd_sc_hd__a21o_1)
                                                         _0164_ (net)
                      0.037312    0.000392    6.039398 v _2413_/C (sky130_fd_sc_hd__and3_1)
     2    0.005155    0.034275    0.121485    6.160882 v _2413_/X (sky130_fd_sc_hd__and3_1)
                                                         _0167_ (net)
                      0.034277    0.000261    6.161143 v _2415_/C (sky130_fd_sc_hd__or3_1)
     3    0.007406    0.060329    0.193988    6.355130 v _2415_/X (sky130_fd_sc_hd__or3_1)
                                                         _0169_ (net)
                      0.060331    0.000403    6.355533 v _2420_/A1 (sky130_fd_sc_hd__a21o_1)
     4    0.013012    0.052603    0.136036    6.491569 v _2420_/X (sky130_fd_sc_hd__a21o_1)
                                                         _0174_ (net)
                      0.052611    0.000661    6.492230 v _2423_/A1 (sky130_fd_sc_hd__a21o_1)
     2    0.008938    0.042471    0.122111    6.614341 v _2423_/X (sky130_fd_sc_hd__a21o_1)
                                                         _0177_ (net)
                      0.042481    0.000631    6.614972 v _2426_/B (sky130_fd_sc_hd__xnor2_1)
     1    0.003249    0.040261    0.081392    6.696364 v _2426_/Y (sky130_fd_sc_hd__xnor2_1)
                                                         _0179_ (net)
                      0.040261    0.000131    6.696496 v _2427_/A1 (sky130_fd_sc_hd__mux2_1)
     1    0.003091    0.039128    0.150608    6.847104 v _2427_/X (sky130_fd_sc_hd__mux2_1)
                                                         _0024_ (net)
                      0.039128    0.000202    6.847306 v _3237_/D (sky130_fd_sc_hd__dfrtp_4)
                                              6.847306   data arrival time

                                 80.000000   80.000000   clock clk (rise edge)
                                  0.000000   80.000000   clock source latency
     2    0.042046    0.000000    0.000000   80.000000 ^ clk (in)
                                                         clk (net)
                      0.003118    0.001556   80.001556 ^ clkbuf_0_clk/A (sky130_fd_sc_hd__clkbuf_16)
    17    0.170681    0.141501    0.153307   80.154861 ^ clkbuf_0_clk/X (sky130_fd_sc_hd__clkbuf_16)
                                                         clknet_0_clk (net)
                      0.143148    0.012186   80.167053 ^ clkbuf_3_3__f_clk/A (sky130_fd_sc_hd__clkbuf_16)
    35    0.101083    0.090713    0.155488   80.322540 ^ clkbuf_3_3__f_clk/X (sky130_fd_sc_hd__clkbuf_16)
                                                         clknet_3_3__leaf_clk (net)
                      0.091185    0.005251   80.327789 ^ _3237_/CLK (sky130_fd_sc_hd__dfrtp_4)
                                 -0.100000   80.227791   clock uncertainty
                                  0.000000   80.227791   clock reconvergence pessimism
                                 -0.069479   80.158310   library setup time
                                             80.158310   data required time
---------------------------------------------------------------------------------------------
                                             80.158310   data required time
                                             -6.847306   data arrival time
---------------------------------------------------------------------------------------------
                                             73.311005   slack (MET)




===========================================================================
report_checks --slack_max -0.01
============================================================================
======================= max_ff_n40C_1v95 Corner ===================================

No paths found.


===========================================================================
 report_check_types -max_slew -max_cap -max_fanout -violators
============================================================================
======================= max_ff_n40C_1v95 Corner ===================================



===========================================================================
report_parasitic_annotation -report_unannotated
============================================================================
Found 7 unannotated drivers.
 clkload0/Y
 clkload1/Y
 clkload2/Y
 clkload3/Y
 clkload4/Y
 clkload5/Y
 clkload6/Y
Found 0 partially unannotated drivers.

===========================================================================
max slew violation count 0
max fanout violation count 0
max cap violation count 0
============================================================================

===========================================================================
check_setup -verbose -unconstrained_endpoints -multiple_clock -no_clock -no_input_delay -loops -generated_clocks
===========================================================================
Warning: There are 36 input ports missing set_input_delay.
  A_in[0]
  A_in[10]
  A_in[11]
  A_in[12]
  A_in[13]
  A_in[14]
  A_in[15]
  A_in[1]
  A_in[2]
  A_in[3]
  A_in[4]
  A_in[5]
  A_in[6]
  A_in[7]
  A_in[8]
  A_in[9]
  B_in[0]
  B_in[10]
  B_in[11]
  B_in[12]
  B_in[13]
  B_in[14]
  B_in[15]
  B_in[1]
  B_in[2]
  B_in[3]
  B_in[4]
  B_in[5]
  B_in[6]
  B_in[7]
  B_in[8]
  B_in[9]
  Op_Sel[0]
  Op_Sel[1]
  Start
  rst_n
Warning: There are 17 unconstrained endpoints.
  Done
  X_out[0]
  X_out[10]
  X_out[11]
  X_out[12]
  X_out[13]
  X_out[14]
  X_out[15]
  X_out[1]
  X_out[2]
  X_out[3]
  X_out[4]
  X_out[5]
  X_out[6]
  X_out[7]
  X_out[8]
  X_out[9]
