Clock: clk
Sources: clk 
Generated: no
Virtual: yes
Propagated: no
Period: 12.000000

===========================================================================
report_clock_properties
============================================================================
Clock                   Period          Waveform
----------------------------------------------------
clk                  12.000000    0.000000  6.000000

===========================================================================
report_clock_latency
============================================================================
Clock clk
rise -> rise
    min     max
0.000000 0.000000 source latency
0.421595         network latency _3222_/CLK
        0.442499 network latency _3256_/CLK
---------------
0.421595 0.442499 latency
        0.020904 skew

fall -> fall
    min     max
0.000000 0.000000 source latency
0.402294         network latency _3222_/CLK
        0.418372 network latency _3256_/CLK
---------------
0.402294 0.418372 latency
        0.016078 skew



===========================================================================
report_clock_min_period
============================================================================
clk period_min = 10.08 fmax = 99.20
