
===========================================================================
report_checks -unconstrained
===========================================================================
======================= min_tt_025C_1v80 Corner ===================================

Startpoint: _3302_ (rising edge-triggered flip-flop clocked by clk)
Endpoint: _3238_ (rising edge-triggered flip-flop clocked by clk)
Path Group: clk
Path Type: max

Fanout         Cap        Slew       Delay        Time   Description
---------------------------------------------------------------------------------------------
                                  0.000000    0.000000   clock clk (rise edge)
                                  0.000000    0.000000   clock source latency
     2    0.039802    0.000000    0.000000    0.000000 ^ clk (in)
                                                         clk (net)
                      0.001551    0.000776    0.000776 ^ clkbuf_0_clk/A (sky130_fd_sc_hd__clkbuf_16)
    17    0.158477    0.170480    0.209193    0.209968 ^ clkbuf_0_clk/X (sky130_fd_sc_hd__clkbuf_16)
                                                         clknet_0_clk (net)
                      0.170745    0.005444    0.215413 ^ clkbuf_3_0__f_clk/A (sky130_fd_sc_hd__clkbuf_16)
    25    0.090670    0.107527    0.222429    0.437842 ^ clkbuf_3_0__f_clk/X (sky130_fd_sc_hd__clkbuf_16)
                                                         clknet_3_0__leaf_clk (net)
                      0.107560    0.001847    0.439689 ^ _3302_/CLK (sky130_fd_sc_hd__dfrtp_4)
     6    0.021887    0.082390    0.524813    0.964502 v _3302_/Q (sky130_fd_sc_hd__dfrtp_4)
                                                         B_reg[12] (net)
                      0.082390    0.000872    0.965374 v _1910_/C (sky130_fd_sc_hd__and3_1)
     3    0.006847    0.054360    0.210928    1.176302 v _1910_/X (sky130_fd_sc_hd__and3_1)
                                                         _1175_ (net)
                      0.054360    0.000077    1.176380 v _2300_/A (sky130_fd_sc_hd__or4_4)
     4    0.009339    0.092899    0.546260    1.722639 v _2300_/X (sky130_fd_sc_hd__or4_4)
                                                         _1553_ (net)
                      0.092899    0.000067    1.722707 v _2304_/A1 (sky130_fd_sc_hd__a21o_1)
     3    0.007323    0.052493    0.190942    1.913649 v _2304_/X (sky130_fd_sc_hd__a21o_1)
                                                         _1557_ (net)
                      0.052493    0.000071    1.913720 v _2307_/A2 (sky130_fd_sc_hd__a21oi_1)
     3    0.010883    0.262774    0.253172    2.166892 ^ _2307_/Y (sky130_fd_sc_hd__a21oi_1)
                                                         _1560_ (net)
                      0.262774    0.000048    2.166940 ^ _2311_/B (sky130_fd_sc_hd__xor2_1)
     3    0.010529    0.248662    0.273968    2.440909 ^ _2311_/X (sky130_fd_sc_hd__xor2_1)
                                                         _1564_ (net)
                      0.248662    0.000173    2.441082 ^ _2313_/A2 (sky130_fd_sc_hd__a21o_1)
     4    0.010692    0.100947    0.202563    2.643645 ^ _2313_/X (sky130_fd_sc_hd__a21o_1)
                                                         _1566_ (net)
                      0.100947    0.000088    2.643733 ^ _2318_/A1 (sky130_fd_sc_hd__a21oi_1)
     3    0.012891    0.106961    0.126002    2.769735 v _2318_/Y (sky130_fd_sc_hd__a21oi_1)
                                                         _1571_ (net)
                      0.106961    0.000106    2.769841 v _2321_/B (sky130_fd_sc_hd__or3_4)
     2    0.006437    0.069004    0.387988    3.157829 v _2321_/X (sky130_fd_sc_hd__or3_4)
                                                         _1574_ (net)
                      0.069004    0.000094    3.157923 v _2326_/A1 (sky130_fd_sc_hd__a21o_1)
     4    0.009729    0.061410    0.191745    3.349668 v _2326_/X (sky130_fd_sc_hd__a21o_1)
                                                         _1579_ (net)
                      0.061410    0.000127    3.349795 v _2327_/A2 (sky130_fd_sc_hd__a21oi_1)
     3    0.011887    0.282128    0.270930    3.620724 ^ _2327_/Y (sky130_fd_sc_hd__a21oi_1)
                                                         _1580_ (net)
                      0.282128    0.000085    3.620809 ^ _2331_/B (sky130_fd_sc_hd__xnor2_1)
     3    0.012341    0.303254    0.229291    3.850100 ^ _2331_/Y (sky130_fd_sc_hd__xnor2_1)
                                                         _1584_ (net)
                      0.303254    0.000130    3.850230 ^ _2334_/A2 (sky130_fd_sc_hd__a21o_1)
     4    0.010502    0.099662    0.211451    4.061681 ^ _2334_/X (sky130_fd_sc_hd__a21o_1)
                                                         _1587_ (net)
                      0.099662    0.000085    4.061767 ^ rebuffer4/A (sky130_fd_sc_hd__dlymetal6s2s_1)
     1    0.005454    0.080570    0.132358    4.194125 ^ rebuffer4/X (sky130_fd_sc_hd__dlymetal6s2s_1)
                                                         net57 (net)
                      0.080570    0.000040    4.194164 ^ _2337_/A1 (sky130_fd_sc_hd__a21oi_2)
     3    0.011500    0.065475    0.076440    4.270604 v _2337_/Y (sky130_fd_sc_hd__a21oi_2)
                                                         _1590_ (net)
                      0.065475    0.000109    4.270713 v _2345_/B (sky130_fd_sc_hd__or3_4)
     3    0.007891    0.071198    0.377241    4.647954 v _2345_/X (sky130_fd_sc_hd__or3_4)
                                                         _1598_ (net)
                      0.071198    0.000056    4.648011 v _2347_/A1 (sky130_fd_sc_hd__a21o_1)
     4    0.013328    0.075791    0.205487    4.853498 v _2347_/X (sky130_fd_sc_hd__a21o_1)
                                                         _1600_ (net)
                      0.075791    0.000244    4.853743 v _2350_/B (sky130_fd_sc_hd__and3_1)
     2    0.007070    0.055410    0.193614    5.047357 v _2350_/X (sky130_fd_sc_hd__and3_1)
                                                         _1603_ (net)
                      0.055410    0.000100    5.047457 v _2352_/C (sky130_fd_sc_hd__or3_4)
     3    0.008492    0.072309    0.337837    5.385294 v _2352_/X (sky130_fd_sc_hd__or3_4)
                                                         _0106_ (net)
                      0.072309    0.000135    5.385429 v _2355_/A1 (sky130_fd_sc_hd__a21o_1)
     4    0.010136    0.062995    0.194567    5.579997 v _2355_/X (sky130_fd_sc_hd__a21o_1)
                                                         _0109_ (net)
                      0.062995    0.000123    5.580120 v _2362_/A (sky130_fd_sc_hd__and3_1)
     2    0.005453    0.048093    0.159802    5.739922 v _2362_/X (sky130_fd_sc_hd__and3_1)
                                                         _0116_ (net)
                      0.048093    0.000061    5.739983 v _2364_/C (sky130_fd_sc_hd__or3_4)
     3    0.006973    0.069841    0.331145    6.071127 v _2364_/X (sky130_fd_sc_hd__or3_4)
                                                         _0118_ (net)
                      0.069841    0.000060    6.071187 v _2366_/A1 (sky130_fd_sc_hd__a21o_1)
     4    0.010434    0.064158    0.194628    6.265816 v _2366_/X (sky130_fd_sc_hd__a21o_1)
                                                         _0120_ (net)
                      0.064158    0.000098    6.265913 v _2369_/A1 (sky130_fd_sc_hd__a21oi_1)
     3    0.011960    0.283451    0.254200    6.520113 ^ _2369_/Y (sky130_fd_sc_hd__a21oi_1)
                                                         _0123_ (net)
                      0.283451    0.000078    6.520192 ^ _2373_/B (sky130_fd_sc_hd__xnor2_1)
     4    0.012457    0.305595    0.230315    6.750507 ^ _2373_/Y (sky130_fd_sc_hd__xnor2_1)
                                                         _0127_ (net)
                      0.305595    0.000112    6.750619 ^ _2378_/A2 (sky130_fd_sc_hd__a21o_1)
     4    0.010522    0.099832    0.211872    6.962491 ^ _2378_/X (sky130_fd_sc_hd__a21o_1)
                                                         _0132_ (net)
                      0.099832    0.000071    6.962562 ^ _2382_/A2 (sky130_fd_sc_hd__a21oi_1)
     3    0.012190    0.105421    0.125107    7.087669 v _2382_/Y (sky130_fd_sc_hd__a21oi_1)
                                                         _0136_ (net)
                      0.105421    0.000152    7.087821 v _2385_/B (sky130_fd_sc_hd__or3_4)
     3    0.008074    0.071599    0.392410    7.480231 v _2385_/X (sky130_fd_sc_hd__or3_4)
                                                         _0139_ (net)
                      0.071599    0.000070    7.480301 v _2387_/A1 (sky130_fd_sc_hd__a21o_1)
     4    0.012341    0.071776    0.202169    7.682470 v _2387_/X (sky130_fd_sc_hd__a21o_1)
                                                         _0141_ (net)
                      0.071776    0.000073    7.682543 v _2390_/A (sky130_fd_sc_hd__and3_1)
     3    0.011206    0.071858    0.188604    7.871147 v _2390_/X (sky130_fd_sc_hd__and3_1)
                                                         _0144_ (net)
                      0.071858    0.000128    7.871274 v _2392_/C (sky130_fd_sc_hd__or3_4)
     3    0.006762    0.069483    0.338071    8.209346 v _2392_/X (sky130_fd_sc_hd__or3_4)
                                                         _0146_ (net)
                      0.069483    0.000042    8.209387 v _2397_/A1 (sky130_fd_sc_hd__a21o_1)
     4    0.010587    0.064744    0.195032    8.404419 v _2397_/X (sky130_fd_sc_hd__a21o_1)
                                                         _0151_ (net)
                      0.064744    0.000055    8.404474 v _2406_/A (sky130_fd_sc_hd__and3_1)
     2    0.006171    0.051266    0.163976    8.568449 v _2406_/X (sky130_fd_sc_hd__and3_1)
                                                         _0160_ (net)
                      0.051266    0.000036    8.568485 v _2408_/C (sky130_fd_sc_hd__or3_4)
     3    0.008349    0.072009    0.336170    8.904655 v _2408_/X (sky130_fd_sc_hd__or3_4)
                                                         _0162_ (net)
                      0.072009    0.000056    8.904712 v _2410_/A1 (sky130_fd_sc_hd__a21o_1)
     3    0.006732    0.049809    0.179625    9.084337 v _2410_/X (sky130_fd_sc_hd__a21o_1)
                                                         _0164_ (net)
                      0.049809    0.000084    9.084421 v _2413_/A (sky130_fd_sc_hd__and3_1)
     2    0.005990    0.050461    0.156587    9.241008 v _2413_/X (sky130_fd_sc_hd__and3_1)
                                                         _0167_ (net)
                      0.050461    0.000034    9.241042 v _2415_/C (sky130_fd_sc_hd__or3_4)
     3    0.006980    0.069944    0.331789    9.572831 v _2415_/X (sky130_fd_sc_hd__or3_4)
                                                         _0169_ (net)
                      0.069944    0.000067    9.572897 v _2420_/A1 (sky130_fd_sc_hd__a21o_1)
     4    0.011727    0.069309    0.199297    9.772194 v _2420_/X (sky130_fd_sc_hd__a21o_1)
                                                         _0174_ (net)
                      0.069309    0.000068    9.772262 v _2428_/A1 (sky130_fd_sc_hd__a21bo_1)
     1    0.004303    0.040961    0.178972    9.951233 v _2428_/X (sky130_fd_sc_hd__a21bo_1)
                                                         _0180_ (net)
                      0.040961    0.000017    9.951250 v _2429_/B (sky130_fd_sc_hd__xor2_1)
     1    0.002524    0.068698    0.132981   10.084230 v _2429_/X (sky130_fd_sc_hd__xor2_1)
                                                         _0181_ (net)
                      0.068698    0.000014   10.084245 v _2430_/A1 (sky130_fd_sc_hd__mux2_4)
     1    0.002345    0.046744    0.256865   10.341109 v _2430_/X (sky130_fd_sc_hd__mux2_4)
                                                         _0025_ (net)
                      0.046744    0.000012   10.341121 v _3238_/D (sky130_fd_sc_hd__dfrtp_4)
                                             10.341121   data arrival time

                                 14.000000   14.000000   clock clk (rise edge)
                                  0.000000   14.000000   clock source latency
     2    0.039802    0.000000    0.000000   14.000000 ^ clk (in)
                                                         clk (net)
                      0.001551    0.000775   14.000775 ^ clkbuf_0_clk/A (sky130_fd_sc_hd__clkbuf_16)
    17    0.158477    0.170480    0.209193   14.209968 ^ clkbuf_0_clk/X (sky130_fd_sc_hd__clkbuf_16)
                                                         clknet_0_clk (net)
                      0.170713    0.005117   14.215085 ^ clkbuf_3_3__f_clk/A (sky130_fd_sc_hd__clkbuf_16)
    35    0.096431    0.112961    0.226711   14.441795 ^ clkbuf_3_3__f_clk/X (sky130_fd_sc_hd__clkbuf_16)
                                                         clknet_3_3__leaf_clk (net)
                      0.112970    0.001152   14.442947 ^ _3238_/CLK (sky130_fd_sc_hd__dfrtp_4)
                                 -0.100000   14.342948   clock uncertainty
                                  0.000000   14.342948   clock reconvergence pessimism
                                 -0.099478   14.243469   library setup time
                                             14.243469   data required time
---------------------------------------------------------------------------------------------
                                             14.243469   data required time
                                            -10.341121   data arrival time
---------------------------------------------------------------------------------------------
                                              3.902348   slack (MET)




===========================================================================
report_checks --slack_max -0.01
============================================================================
======================= min_tt_025C_1v80 Corner ===================================

No paths found.


===========================================================================
 report_check_types -max_slew -max_cap -max_fanout -violators
============================================================================
======================= min_tt_025C_1v80 Corner ===================================



===========================================================================
report_parasitic_annotation -report_unannotated
============================================================================
Found 7 unannotated drivers.
 clkload0/Y
 clkload1/Y
 clkload2/Y
 clkload3/Y
 clkload4/Y
 clkload5/Y
 clkload6/Y
Found 0 partially unannotated drivers.

===========================================================================
max slew violation count 0
max fanout violation count 0
max cap violation count 0
============================================================================

===========================================================================
check_setup -verbose -unconstrained_endpoints -multiple_clock -no_clock -no_input_delay -loops -generated_clocks
===========================================================================
Warning: There are 36 input ports missing set_input_delay.
  A_in[0]
  A_in[10]
  A_in[11]
  A_in[12]
  A_in[13]
  A_in[14]
  A_in[15]
  A_in[1]
  A_in[2]
  A_in[3]
  A_in[4]
  A_in[5]
  A_in[6]
  A_in[7]
  A_in[8]
  A_in[9]
  B_in[0]
  B_in[10]
  B_in[11]
  B_in[12]
  B_in[13]
  B_in[14]
  B_in[15]
  B_in[1]
  B_in[2]
  B_in[3]
  B_in[4]
  B_in[5]
  B_in[6]
  B_in[7]
  B_in[8]
  B_in[9]
  Op_Sel[0]
  Op_Sel[1]
  Start
  rst_n
Warning: There are 17 unconstrained endpoints.
  Done
  X_out[0]
  X_out[10]
  X_out[11]
  X_out[12]
  X_out[13]
  X_out[14]
  X_out[15]
  X_out[1]
  X_out[2]
  X_out[3]
  X_out[4]
  X_out[5]
  X_out[6]
  X_out[7]
  X_out[8]
  X_out[9]
