
===========================================================================
report_checks -unconstrained
===========================================================================
======================= nom_tt_025C_1v80 Corner ===================================

Startpoint: _3302_ (rising edge-triggered flip-flop clocked by clk)
Endpoint: _3238_ (rising edge-triggered flip-flop clocked by clk)
Path Group: clk
Path Type: max

Fanout         Cap        Slew       Delay        Time   Description
---------------------------------------------------------------------------------------------
                                  0.000000    0.000000   clock clk (rise edge)
                                  0.000000    0.000000   clock source latency
   110    0.355959    0.000000    0.000000    0.000000 ^ clk (in)
                                                         clk (net)
                      0.042793    0.021396    0.021396 ^ _3302_/CLK (sky130_fd_sc_hd__dfrtp_2)
    15    0.058450    0.159642    0.514771    0.536168 v _3302_/Q (sky130_fd_sc_hd__dfrtp_2)
                                                         B_reg[12] (net)
                      0.159642    0.000679    0.536847 v _1910_/C (sky130_fd_sc_hd__and3_2)
     3    0.004885    0.043975    0.263169    0.800016 v _1910_/X (sky130_fd_sc_hd__and3_2)
                                                         _1175_ (net)
                      0.043975    0.000007    0.800023 v _2300_/B (sky130_fd_sc_hd__or4_2)
     4    0.010203    0.132909    0.686623    1.486646 v _2300_/X (sky130_fd_sc_hd__or4_2)
                                                         _1553_ (net)
                      0.132909    0.000035    1.486681 v _2304_/A2 (sky130_fd_sc_hd__a21o_2)
     3    0.011369    0.055361    0.267050    1.753731 v _2304_/X (sky130_fd_sc_hd__a21o_2)
                                                         _1557_ (net)
                      0.055361    0.000032    1.753762 v _2308_/C (sky130_fd_sc_hd__and3_2)
     2    0.006141    0.045914    0.219198    1.972961 v _2308_/X (sky130_fd_sc_hd__and3_2)
                                                         _1561_ (net)
                      0.045914    0.000013    1.972974 v _2310_/C (sky130_fd_sc_hd__or3_2)
     3    0.005787    0.088721    0.421937    2.394911 v _2310_/X (sky130_fd_sc_hd__or3_2)
                                                         _1563_ (net)
                      0.088721    0.000012    2.394923 v _2313_/A1 (sky130_fd_sc_hd__a21o_2)
     4    0.015645    0.063211    0.238069    2.632992 v _2313_/X (sky130_fd_sc_hd__a21o_2)
                                                         _1566_ (net)
                      0.063211    0.000072    2.633065 v _2319_/B (sky130_fd_sc_hd__and3_2)
     2    0.006818    0.047254    0.211055    2.844119 v _2319_/X (sky130_fd_sc_hd__and3_2)
                                                         _1572_ (net)
                      0.047254    0.000016    2.844135 v _2321_/C (sky130_fd_sc_hd__or3_2)
     3    0.006100    0.087659    0.423989    3.268124 v _2321_/X (sky130_fd_sc_hd__or3_2)
                                                         _1574_ (net)
                      0.087659    0.000027    3.268151 v _2326_/A1 (sky130_fd_sc_hd__a21o_2)
     4    0.013628    0.059100    0.233186    3.501337 v _2326_/X (sky130_fd_sc_hd__a21o_2)
                                                         _1579_ (net)
                      0.059100    0.000050    3.501388 v _2328_/C (sky130_fd_sc_hd__and3_2)
     2    0.006537    0.046692    0.222230    3.723617 v _2328_/X (sky130_fd_sc_hd__and3_2)
                                                         _1581_ (net)
                      0.046692    0.000021    3.723638 v _2330_/C (sky130_fd_sc_hd__or3_2)
     4    0.011303    0.108069    0.452873    4.176511 v _2330_/X (sky130_fd_sc_hd__or3_2)
                                                         _1583_ (net)
                      0.108069    0.000027    4.176538 v _2334_/A1 (sky130_fd_sc_hd__a21o_2)
     5    0.014712    0.061392    0.243795    4.420332 v _2334_/X (sky130_fd_sc_hd__a21o_2)
                                                         _1587_ (net)
                      0.061392    0.000030    4.420362 v _2338_/B (sky130_fd_sc_hd__and3_2)
     2    0.006390    0.046362    0.208805    4.629168 v _2338_/X (sky130_fd_sc_hd__and3_2)
                                                         _1591_ (net)
                      0.046362    0.000015    4.629183 v _2345_/C (sky130_fd_sc_hd__or3_2)
     3    0.006601    0.091576    0.426585    5.055768 v _2345_/X (sky130_fd_sc_hd__or3_2)
                                                         _1598_ (net)
                      0.091576    0.000013    5.055781 v _2347_/A1 (sky130_fd_sc_hd__a21o_2)
     4    0.011023    0.054451    0.227562    5.283343 v _2347_/X (sky130_fd_sc_hd__a21o_2)
                                                         _1600_ (net)
                      0.054451    0.000053    5.283396 v _2350_/C (sky130_fd_sc_hd__and3_2)
     2    0.006993    0.047674    0.221664    5.505060 v _2350_/X (sky130_fd_sc_hd__and3_2)
                                                         _1603_ (net)
                      0.047674    0.000039    5.505098 v _2352_/C (sky130_fd_sc_hd__or3_2)
     3    0.006961    0.090160    0.428885    5.933983 v _2352_/X (sky130_fd_sc_hd__or3_2)
                                                         _0106_ (net)
                      0.090160    0.000039    5.934021 v _2355_/A2 (sky130_fd_sc_hd__a21o_2)
     4    0.010371    0.052598    0.247334    6.181355 v _2355_/X (sky130_fd_sc_hd__a21o_2)
                                                         _0109_ (net)
                      0.052598    0.000037    6.181393 v _2362_/B (sky130_fd_sc_hd__and3_2)
     2    0.006925    0.047506    0.206695    6.388087 v _2362_/X (sky130_fd_sc_hd__and3_2)
                                                         _0116_ (net)
                      0.047506    0.000033    6.388120 v _2364_/C (sky130_fd_sc_hd__or3_2)
     3    0.006188    0.087916    0.424541    6.812661 v _2364_/X (sky130_fd_sc_hd__or3_2)
                                                         _0118_ (net)
                      0.087916    0.000030    6.812691 v _2366_/A2 (sky130_fd_sc_hd__a21o_2)
     4    0.012988    0.057771    0.254522    7.067213 v _2366_/X (sky130_fd_sc_hd__a21o_2)
                                                         _0120_ (net)
                      0.057771    0.000032    7.067244 v _2370_/B (sky130_fd_sc_hd__and3_2)
     2    0.006479    0.046564    0.207499    7.274743 v _2370_/X (sky130_fd_sc_hd__and3_2)
                                                         _0124_ (net)
                      0.046564    0.000019    7.274762 v _2372_/C (sky130_fd_sc_hd__or3_2)
     3    0.007185    0.093626    0.429889    7.704650 v _2372_/X (sky130_fd_sc_hd__or3_2)
                                                         _0126_ (net)
                      0.093626    0.000002    7.704652 v _2378_/A1 (sky130_fd_sc_hd__a21o_2)
     4    0.010737    0.053660    0.227474    7.932127 v _2378_/X (sky130_fd_sc_hd__a21o_2)
                                                         _0132_ (net)
                      0.053660    0.000033    7.932159 v _2383_/C (sky130_fd_sc_hd__and3_2)
     2    0.006748    0.047151    0.220483    8.152642 v _2383_/X (sky130_fd_sc_hd__and3_2)
                                                         _0137_ (net)
                      0.047151    0.000018    8.152660 v _2385_/C (sky130_fd_sc_hd__or3_2)
     3    0.006385    0.090821    0.425563    8.578223 v _2385_/X (sky130_fd_sc_hd__or3_2)
                                                         _0139_ (net)
                      0.090821    0.000014    8.578237 v _2387_/A1 (sky130_fd_sc_hd__a21o_2)
     4    0.010457    0.052847    0.225444    8.803680 v _2387_/X (sky130_fd_sc_hd__a21o_2)
                                                         _0141_ (net)
                      0.052847    0.000037    8.803718 v _2390_/B (sky130_fd_sc_hd__and3_2)
     3    0.009800    0.054475    0.216507    9.020225 v _2390_/X (sky130_fd_sc_hd__and3_2)
                                                         _0144_ (net)
                      0.054475    0.000028    9.020252 v _2392_/C (sky130_fd_sc_hd__or3_2)
     3    0.005264    0.086949    0.421145    9.441398 v _2392_/X (sky130_fd_sc_hd__or3_2)
                                                         _0146_ (net)
                      0.086949    0.000002    9.441399 v _2397_/A1 (sky130_fd_sc_hd__a21o_2)
     4    0.013094    0.057979    0.231726    9.673125 v _2397_/X (sky130_fd_sc_hd__a21o_2)
                                                         _0151_ (net)
                      0.057979    0.000029    9.673154 v _2406_/B (sky130_fd_sc_hd__and3_2)
     2    0.006430    0.046464    0.207426    9.880580 v _2406_/X (sky130_fd_sc_hd__and3_2)
                                                         _0160_ (net)
                      0.046464    0.000003    9.880583 v _2408_/C (sky130_fd_sc_hd__or3_2)
     3    0.009695    0.102429    0.443857   10.324440 v _2408_/X (sky130_fd_sc_hd__or3_2)
                                                         _0162_ (net)
                      0.102429    0.000023   10.324463 v _2410_/A2 (sky130_fd_sc_hd__a21o_2)
     3    0.008250    0.046903    0.245136   10.569600 v _2410_/X (sky130_fd_sc_hd__a21o_2)
                                                         _0164_ (net)
                      0.046903    0.000028   10.569628 v _2413_/C (sky130_fd_sc_hd__and3_2)
     2    0.006399    0.046326    0.216392   10.786020 v _2413_/X (sky130_fd_sc_hd__and3_2)
                                                         _0167_ (net)
                      0.046326    0.000013   10.786034 v _2415_/C (sky130_fd_sc_hd__or3_2)
     3    0.005889    0.089079    0.422608   11.208641 v _2415_/X (sky130_fd_sc_hd__or3_2)
                                                         _0169_ (net)
                      0.089079    0.000019   11.208660 v _2420_/A1 (sky130_fd_sc_hd__a21o_2)
     4    0.012406    0.056613    0.231010   11.439670 v _2420_/X (sky130_fd_sc_hd__a21o_2)
                                                         _0174_ (net)
                      0.056613    0.000020   11.439690 v _2428_/A1 (sky130_fd_sc_hd__a21bo_2)
     1    0.008095    0.049054    0.208310   11.648000 v _2428_/X (sky130_fd_sc_hd__a21bo_2)
                                                         _0180_ (net)
                      0.049054    0.000009   11.648008 v _2429_/B (sky130_fd_sc_hd__xor2_2)
     1    0.002390    0.055421    0.133120   11.781128 v _2429_/X (sky130_fd_sc_hd__xor2_2)
                                                         _0181_ (net)
                      0.055421    0.000005   11.781134 v _2430_/A1 (sky130_fd_sc_hd__mux2_1)
     1    0.002264    0.053455    0.285399   12.066533 v _2430_/X (sky130_fd_sc_hd__mux2_1)
                                                         _0025_ (net)
                      0.053455    0.000004   12.066537 v _3238_/D (sky130_fd_sc_hd__dfrtp_2)
                                             12.066537   data arrival time

                                 80.000000   80.000000   clock clk (rise edge)
                                  0.000000   80.000000   clock source latency
   110    0.355959    0.000000    0.000000   80.000000 ^ clk (in)
                                                         clk (net)
                      0.041669    0.020833   80.020836 ^ _3238_/CLK (sky130_fd_sc_hd__dfrtp_2)
                                 -0.100000   79.920830   clock uncertainty
                                  0.000000   79.920830   clock reconvergence pessimism
                                 -0.119976   79.800858   library setup time
                                             79.800858   data required time
---------------------------------------------------------------------------------------------
                                             79.800858   data required time
                                            -12.066537   data arrival time
---------------------------------------------------------------------------------------------
                                             67.734322   slack (MET)




===========================================================================
report_checks --slack_max -0.01
============================================================================
======================= nom_tt_025C_1v80 Corner ===================================

No paths found.


===========================================================================
 report_check_types -max_slew -max_cap -max_fanout -violators
============================================================================
======================= nom_tt_025C_1v80 Corner ===================================



===========================================================================
report_parasitic_annotation -report_unannotated
============================================================================
Found 0 unannotated drivers.
Found 0 partially unannotated drivers.

===========================================================================
max slew violation count 0
Writing metric design__max_slew_violation__count__corner:nom_tt_025C_1v80: 0
max fanout violation count 0
Writing metric design__max_fanout_violation__count__corner:nom_tt_025C_1v80: 0
max cap violation count 0
Writing metric design__max_cap_violation__count__corner:nom_tt_025C_1v80: 0
============================================================================

===========================================================================
check_setup -verbose -unconstrained_endpoints -multiple_clock -no_clock -no_input_delay -loops -generated_clocks
===========================================================================
Warning: There are 36 input ports missing set_input_delay.
  A_in[0]
  A_in[10]
  A_in[11]
  A_in[12]
  A_in[13]
  A_in[14]
  A_in[15]
  A_in[1]
  A_in[2]
  A_in[3]
  A_in[4]
  A_in[5]
  A_in[6]
  A_in[7]
  A_in[8]
  A_in[9]
  B_in[0]
  B_in[10]
  B_in[11]
  B_in[12]
  B_in[13]
  B_in[14]
  B_in[15]
  B_in[1]
  B_in[2]
  B_in[3]
  B_in[4]
  B_in[5]
  B_in[6]
  B_in[7]
  B_in[8]
  B_in[9]
  Op_Sel[0]
  Op_Sel[1]
  Start
  rst_n
Warning: There are 17 unconstrained endpoints.
  Done
  X_out[0]
  X_out[10]
  X_out[11]
  X_out[12]
  X_out[13]
  X_out[14]
  X_out[15]
  X_out[1]
  X_out[2]
  X_out[3]
  X_out[4]
  X_out[5]
  X_out[6]
  X_out[7]
  X_out[8]
  X_out[9]
