
===========================================================================
report_checks -unconstrained
===========================================================================
======================= nom_tt_025C_1v80 Corner ===================================

Startpoint: _3302_ (rising edge-triggered flip-flop clocked by clk)
Endpoint: _3238_ (rising edge-triggered flip-flop clocked by clk)
Path Group: clk
Path Type: max

Fanout         Cap        Slew       Delay        Time   Description
---------------------------------------------------------------------------------------------
                                  0.000000    0.000000   clock clk (rise edge)
                                  0.000000    0.000000   clock source latency
     1    0.028987    0.000000    0.000000    0.000000 ^ clk (in)
                                                         clk (net)
                      0.002441    0.001221    0.001221 ^ clkbuf_0_clk/A (sky130_fd_sc_hd__clkbuf_16)
     8    0.118910    0.132024    0.184483    0.185703 ^ clkbuf_0_clk/X (sky130_fd_sc_hd__clkbuf_16)
                                                         clknet_0_clk (net)
                      0.132103    0.001478    0.187181 ^ clkbuf_3_0__f_clk/A (sky130_fd_sc_hd__clkbuf_16)
    12    0.059349    0.077638    0.187697    0.374878 ^ clkbuf_3_0__f_clk/X (sky130_fd_sc_hd__clkbuf_16)
                                                         clknet_3_0__leaf_clk (net)
                      0.077641    0.000576    0.375454 ^ _3302_/CLK (sky130_fd_sc_hd__dfrtp_4)
    15    0.043118    0.110578    0.550587    0.926041 v _3302_/Q (sky130_fd_sc_hd__dfrtp_4)
                                                         B_reg[12] (net)
                      0.110579    0.000518    0.926559 v _1910_/C (sky130_fd_sc_hd__and3_1)
     3    0.005171    0.048594    0.215609    1.142168 v _1910_/X (sky130_fd_sc_hd__and3_1)
                                                         _1175_ (net)
                      0.048594    0.000010    1.142178 v _2300_/B (sky130_fd_sc_hd__or4_1)
     4    0.008602    0.124795    0.550624    1.692802 v _2300_/X (sky130_fd_sc_hd__or4_1)
                                                         _1553_ (net)
                      0.124795    0.000013    1.692814 v _2304_/A2 (sky130_fd_sc_hd__a21o_1)
     3    0.006700    0.050888    0.221576    1.914390 v _2304_/X (sky130_fd_sc_hd__a21o_1)
                                                         _1557_ (net)
                      0.050888    0.000016    1.914406 v _2308_/C (sky130_fd_sc_hd__and3_1)
     2    0.004286    0.044708    0.184130    2.098536 v _2308_/X (sky130_fd_sc_hd__and3_1)
                                                         _1561_ (net)
                      0.044708    0.000010    2.098547 v _2310_/C (sky130_fd_sc_hd__or3_1)
     3    0.006110    0.086031    0.328124    2.426671 v _2310_/X (sky130_fd_sc_hd__or3_1)
                                                         _1563_ (net)
                      0.086031    0.000005    2.426676 v _2313_/A1 (sky130_fd_sc_hd__a21o_1)
     4    0.009512    0.060536    0.198024    2.624699 v _2313_/X (sky130_fd_sc_hd__a21o_1)
                                                         _1566_ (net)
                      0.060536    0.000043    2.624743 v _2319_/B (sky130_fd_sc_hd__and3_1)
     2    0.004635    0.044607    0.174899    2.799641 v _2319_/X (sky130_fd_sc_hd__and3_1)
                                                         _1572_ (net)
                      0.044607    0.000007    2.799649 v _2321_/C (sky130_fd_sc_hd__or3_1)
     3    0.007175    0.089523    0.336230    3.135879 v _2321_/X (sky130_fd_sc_hd__or3_1)
                                                         _1574_ (net)
                      0.089523    0.000042    3.135921 v _2326_/A1 (sky130_fd_sc_hd__a21o_1)
     4    0.009704    0.061264    0.200150    3.336071 v _2326_/X (sky130_fd_sc_hd__a21o_1)
                                                         _1579_ (net)
                      0.061264    0.000040    3.336111 v _2328_/C (sky130_fd_sc_hd__and3_1)
     2    0.004188    0.044296    0.188322    3.524433 v _2328_/X (sky130_fd_sc_hd__and3_1)
                                                         _1581_ (net)
                      0.044296    0.000011    3.524445 v _2330_/C (sky130_fd_sc_hd__or3_2)
     4    0.012154    0.107345    0.457043    3.981487 v _2330_/X (sky130_fd_sc_hd__or3_2)
                                                         _1583_ (net)
                      0.107345    0.000048    3.981535 v _2334_/A1 (sky130_fd_sc_hd__a21o_1)
     5    0.013534    0.078190    0.221246    4.202781 v _2334_/X (sky130_fd_sc_hd__a21o_1)
                                                         _1587_ (net)
                      0.078190    0.000031    4.202812 v _2338_/B (sky130_fd_sc_hd__and3_1)
     2    0.004827    0.045423    0.183812    4.386624 v _2338_/X (sky130_fd_sc_hd__and3_1)
                                                         _1591_ (net)
                      0.045423    0.000016    4.386640 v _2345_/C (sky130_fd_sc_hd__or3_1)
     3    0.007112    0.091705    0.335953    4.722593 v _2345_/X (sky130_fd_sc_hd__or3_1)
                                                         _1598_ (net)
                      0.091705    0.000015    4.722608 v _2347_/A1 (sky130_fd_sc_hd__a21o_1)
     4    0.009163    0.059385    0.198852    4.921460 v _2347_/X (sky130_fd_sc_hd__a21o_1)
                                                         _1600_ (net)
                      0.059385    0.000043    4.921503 v _2350_/C (sky130_fd_sc_hd__and3_1)
     2    0.004776    0.045190    0.190332    5.111835 v _2350_/X (sky130_fd_sc_hd__and3_1)
                                                         _1603_ (net)
                      0.045190    0.000026    5.111861 v _2352_/C (sky130_fd_sc_hd__or3_1)
     3    0.007539    0.091888    0.339147    5.451009 v _2352_/X (sky130_fd_sc_hd__or3_1)
                                                         _0106_ (net)
                      0.091888    0.000047    5.451056 v _2355_/A2 (sky130_fd_sc_hd__a21o_1)
     4    0.009097    0.060855    0.219957    5.671012 v _2355_/X (sky130_fd_sc_hd__a21o_1)
                                                         _0109_ (net)
                      0.060855    0.000026    5.671039 v _2362_/B (sky130_fd_sc_hd__and3_1)
     2    0.004749    0.045082    0.175592    5.846630 v _2362_/X (sky130_fd_sc_hd__and3_1)
                                                         _0116_ (net)
                      0.045082    0.000021    5.846652 v _2364_/C (sky130_fd_sc_hd__or3_1)
     3    0.006649    0.089139    0.332332    6.178984 v _2364_/X (sky130_fd_sc_hd__or3_1)
                                                         _0118_ (net)
                      0.089139    0.000030    6.179013 v _2366_/A2 (sky130_fd_sc_hd__a21o_1)
     4    0.009268    0.061572    0.219674    6.398687 v _2366_/X (sky130_fd_sc_hd__a21o_1)
                                                         _0120_ (net)
                      0.061572    0.000022    6.398710 v _2370_/B (sky130_fd_sc_hd__and3_1)
     2    0.004193    0.044325    0.173219    6.571929 v _2370_/X (sky130_fd_sc_hd__and3_1)
                                                         _0124_ (net)
                      0.044325    0.000006    6.571935 v _2372_/C (sky130_fd_sc_hd__or3_1)
     3    0.007669    0.094931    0.339982    6.911917 v _2372_/X (sky130_fd_sc_hd__or3_1)
                                                         _0126_ (net)
                      0.094931    0.000004    6.911921 v _2378_/A1 (sky130_fd_sc_hd__a21o_1)
     4    0.008877    0.059961    0.198898    7.110819 v _2378_/X (sky130_fd_sc_hd__a21o_1)
                                                         _0132_ (net)
                      0.059961    0.000019    7.110837 v _2383_/C (sky130_fd_sc_hd__and3_1)
     2    0.005096    0.048233    0.192167    7.303004 v _2383_/X (sky130_fd_sc_hd__and3_1)
                                                         _0137_ (net)
                      0.048233    0.000017    7.303021 v _2385_/C (sky130_fd_sc_hd__or3_1)
     3    0.007228    0.092410    0.337461    7.640482 v _2385_/X (sky130_fd_sc_hd__or3_1)
                                                         _0139_ (net)
                      0.092410    0.000020    7.640502 v _2387_/A1 (sky130_fd_sc_hd__a21o_1)
     4    0.010966    0.066260    0.205863    7.846365 v _2387_/X (sky130_fd_sc_hd__a21o_1)
                                                         _0141_ (net)
                      0.066260    0.000039    7.846405 v _2390_/B (sky130_fd_sc_hd__and3_1)
     3    0.008239    0.060220    0.195032    8.041437 v _2390_/X (sky130_fd_sc_hd__and3_1)
                                                         _0144_ (net)
                      0.060220    0.000040    8.041477 v _2392_/C (sky130_fd_sc_hd__or3_1)
     3    0.006033    0.085672    0.331758    8.373235 v _2392_/X (sky130_fd_sc_hd__or3_1)
                                                         _0146_ (net)
                      0.085672    0.000008    8.373242 v _2397_/A1 (sky130_fd_sc_hd__a21o_1)
     4    0.009576    0.062818    0.198122    8.571365 v _2397_/X (sky130_fd_sc_hd__a21o_1)
                                                         _0151_ (net)
                      0.062818    0.000018    8.571383 v _2406_/B (sky130_fd_sc_hd__and3_1)
     2    0.004431    0.045353    0.174940    8.746323 v _2406_/X (sky130_fd_sc_hd__and3_1)
                                                         _0160_ (net)
                      0.045353    0.000008    8.746331 v _2408_/C (sky130_fd_sc_hd__or3_1)
     3    0.007283    0.092726    0.337245    9.083576 v _2408_/X (sky130_fd_sc_hd__or3_1)
                                                         _0162_ (net)
                      0.092726    0.000011    9.083587 v _2410_/A2 (sky130_fd_sc_hd__a21o_1)
     3    0.006177    0.047305    0.206557    9.290143 v _2410_/X (sky130_fd_sc_hd__a21o_1)
                                                         _0164_ (net)
                      0.047305    0.000024    9.290167 v _2413_/C (sky130_fd_sc_hd__and3_1)
     2    0.004467    0.043887    0.183459    9.473626 v _2413_/X (sky130_fd_sc_hd__and3_1)
                                                         _0167_ (net)
                      0.043887    0.000010    9.473637 v _2415_/C (sky130_fd_sc_hd__or3_1)
     3    0.006216    0.086671    0.328756    9.802392 v _2415_/X (sky130_fd_sc_hd__or3_1)
                                                         _0169_ (net)
                      0.086671    0.000017    9.802409 v _2420_/A1 (sky130_fd_sc_hd__a21o_1)
     4    0.010390    0.065991    0.201455   10.003863 v _2420_/X (sky130_fd_sc_hd__a21o_1)
                                                         _0174_ (net)
                      0.065991    0.000004   10.003868 v _2428_/A1 (sky130_fd_sc_hd__a21bo_1)
     1    0.004302    0.042458    0.177648   10.181517 v _2428_/X (sky130_fd_sc_hd__a21bo_1)
                                                         _0180_ (net)
                      0.042458    0.000003   10.181519 v _2429_/B (sky130_fd_sc_hd__xor2_1)
     1    0.002194    0.064540    0.131532   10.313051 v _2429_/X (sky130_fd_sc_hd__xor2_1)
                                                         _0181_ (net)
                      0.064540    0.000004   10.313055 v _2430_/A1 (sky130_fd_sc_hd__mux2_1)
     1    0.002172    0.053136    0.287808   10.600863 v _2430_/X (sky130_fd_sc_hd__mux2_1)
                                                         _0025_ (net)
                      0.053136    0.000002   10.600864 v _3238_/D (sky130_fd_sc_hd__dfrtp_4)
                                             10.600864   data arrival time

                                 10.375000   10.375000   clock clk (rise edge)
                                  0.000000   10.375000   clock source latency
     1    0.028987    0.000000    0.000000   10.375000 ^ clk (in)
                                                         clk (net)
                      0.002441    0.001220   10.376220 ^ clkbuf_0_clk/A (sky130_fd_sc_hd__clkbuf_16)
     8    0.118910    0.132024    0.184483   10.560703 ^ clkbuf_0_clk/X (sky130_fd_sc_hd__clkbuf_16)
                                                         clknet_0_clk (net)
                      0.132123    0.001982   10.562684 ^ clkbuf_3_3__f_clk/A (sky130_fd_sc_hd__clkbuf_16)
    17    0.060135    0.078352    0.188352   10.751037 ^ clkbuf_3_3__f_clk/X (sky130_fd_sc_hd__clkbuf_16)
                                                         clknet_3_3__leaf_clk (net)
                      0.078352    0.000282   10.751318 ^ _3238_/CLK (sky130_fd_sc_hd__dfrtp_4)
                                 -0.100000   10.651319   clock uncertainty
                                  0.000000   10.651319   clock reconvergence pessimism
                                 -0.110185   10.541134   library setup time
                                             10.541134   data required time
---------------------------------------------------------------------------------------------
                                             10.541134   data required time
                                            -10.600864   data arrival time
---------------------------------------------------------------------------------------------
                                             -0.059731   slack (VIOLATED)




===========================================================================
report_checks --slack_max -0.01
============================================================================
======================= nom_tt_025C_1v80 Corner ===================================

Startpoint: _3302_ (rising edge-triggered flip-flop clocked by clk)
Endpoint: _3238_ (rising edge-triggered flip-flop clocked by clk)
Path Group: clk
Path Type: max

Fanout         Cap        Slew       Delay        Time   Description
---------------------------------------------------------------------------------------------
                                  0.000000    0.000000   clock clk (rise edge)
                                  0.000000    0.000000   clock source latency
     1    0.028987    0.000000    0.000000    0.000000 ^ clk (in)
                                                         clk (net)
                      0.002441    0.001221    0.001221 ^ clkbuf_0_clk/A (sky130_fd_sc_hd__clkbuf_16)
     8    0.118910    0.132024    0.184483    0.185703 ^ clkbuf_0_clk/X (sky130_fd_sc_hd__clkbuf_16)
                                                         clknet_0_clk (net)
                      0.132103    0.001478    0.187181 ^ clkbuf_3_0__f_clk/A (sky130_fd_sc_hd__clkbuf_16)
    12    0.059349    0.077638    0.187697    0.374878 ^ clkbuf_3_0__f_clk/X (sky130_fd_sc_hd__clkbuf_16)
                                                         clknet_3_0__leaf_clk (net)
                      0.077641    0.000576    0.375454 ^ _3302_/CLK (sky130_fd_sc_hd__dfrtp_4)
    15    0.043118    0.110578    0.550587    0.926041 v _3302_/Q (sky130_fd_sc_hd__dfrtp_4)
                                                         B_reg[12] (net)
                      0.110579    0.000518    0.926559 v _1910_/C (sky130_fd_sc_hd__and3_1)
     3    0.005171    0.048594    0.215609    1.142168 v _1910_/X (sky130_fd_sc_hd__and3_1)
                                                         _1175_ (net)
                      0.048594    0.000010    1.142178 v _2300_/B (sky130_fd_sc_hd__or4_1)
     4    0.008602    0.124795    0.550624    1.692802 v _2300_/X (sky130_fd_sc_hd__or4_1)
                                                         _1553_ (net)
                      0.124795    0.000013    1.692814 v _2304_/A2 (sky130_fd_sc_hd__a21o_1)
     3    0.006700    0.050888    0.221576    1.914390 v _2304_/X (sky130_fd_sc_hd__a21o_1)
                                                         _1557_ (net)
                      0.050888    0.000016    1.914406 v _2308_/C (sky130_fd_sc_hd__and3_1)
     2    0.004286    0.044708    0.184130    2.098536 v _2308_/X (sky130_fd_sc_hd__and3_1)
                                                         _1561_ (net)
                      0.044708    0.000010    2.098547 v _2310_/C (sky130_fd_sc_hd__or3_1)
     3    0.006110    0.086031    0.328124    2.426671 v _2310_/X (sky130_fd_sc_hd__or3_1)
                                                         _1563_ (net)
                      0.086031    0.000005    2.426676 v _2313_/A1 (sky130_fd_sc_hd__a21o_1)
     4    0.009512    0.060536    0.198024    2.624699 v _2313_/X (sky130_fd_sc_hd__a21o_1)
                                                         _1566_ (net)
                      0.060536    0.000043    2.624743 v _2319_/B (sky130_fd_sc_hd__and3_1)
     2    0.004635    0.044607    0.174899    2.799641 v _2319_/X (sky130_fd_sc_hd__and3_1)
                                                         _1572_ (net)
                      0.044607    0.000007    2.799649 v _2321_/C (sky130_fd_sc_hd__or3_1)
     3    0.007175    0.089523    0.336230    3.135879 v _2321_/X (sky130_fd_sc_hd__or3_1)
                                                         _1574_ (net)
                      0.089523    0.000042    3.135921 v _2326_/A1 (sky130_fd_sc_hd__a21o_1)
     4    0.009704    0.061264    0.200150    3.336071 v _2326_/X (sky130_fd_sc_hd__a21o_1)
                                                         _1579_ (net)
                      0.061264    0.000040    3.336111 v _2328_/C (sky130_fd_sc_hd__and3_1)
     2    0.004188    0.044296    0.188322    3.524433 v _2328_/X (sky130_fd_sc_hd__and3_1)
                                                         _1581_ (net)
                      0.044296    0.000011    3.524445 v _2330_/C (sky130_fd_sc_hd__or3_2)
     4    0.012154    0.107345    0.457043    3.981487 v _2330_/X (sky130_fd_sc_hd__or3_2)
                                                         _1583_ (net)
                      0.107345    0.000048    3.981535 v _2334_/A1 (sky130_fd_sc_hd__a21o_1)
     5    0.013534    0.078190    0.221246    4.202781 v _2334_/X (sky130_fd_sc_hd__a21o_1)
                                                         _1587_ (net)
                      0.078190    0.000031    4.202812 v _2338_/B (sky130_fd_sc_hd__and3_1)
     2    0.004827    0.045423    0.183812    4.386624 v _2338_/X (sky130_fd_sc_hd__and3_1)
                                                         _1591_ (net)
                      0.045423    0.000016    4.386640 v _2345_/C (sky130_fd_sc_hd__or3_1)
     3    0.007112    0.091705    0.335953    4.722593 v _2345_/X (sky130_fd_sc_hd__or3_1)
                                                         _1598_ (net)
                      0.091705    0.000015    4.722608 v _2347_/A1 (sky130_fd_sc_hd__a21o_1)
     4    0.009163    0.059385    0.198852    4.921460 v _2347_/X (sky130_fd_sc_hd__a21o_1)
                                                         _1600_ (net)
                      0.059385    0.000043    4.921503 v _2350_/C (sky130_fd_sc_hd__and3_1)
     2    0.004776    0.045190    0.190332    5.111835 v _2350_/X (sky130_fd_sc_hd__and3_1)
                                                         _1603_ (net)
                      0.045190    0.000026    5.111861 v _2352_/C (sky130_fd_sc_hd__or3_1)
     3    0.007539    0.091888    0.339147    5.451009 v _2352_/X (sky130_fd_sc_hd__or3_1)
                                                         _0106_ (net)
                      0.091888    0.000047    5.451056 v _2355_/A2 (sky130_fd_sc_hd__a21o_1)
     4    0.009097    0.060855    0.219957    5.671012 v _2355_/X (sky130_fd_sc_hd__a21o_1)
                                                         _0109_ (net)
                      0.060855    0.000026    5.671039 v _2362_/B (sky130_fd_sc_hd__and3_1)
     2    0.004749    0.045082    0.175592    5.846630 v _2362_/X (sky130_fd_sc_hd__and3_1)
                                                         _0116_ (net)
                      0.045082    0.000021    5.846652 v _2364_/C (sky130_fd_sc_hd__or3_1)
     3    0.006649    0.089139    0.332332    6.178984 v _2364_/X (sky130_fd_sc_hd__or3_1)
                                                         _0118_ (net)
                      0.089139    0.000030    6.179013 v _2366_/A2 (sky130_fd_sc_hd__a21o_1)
     4    0.009268    0.061572    0.219674    6.398687 v _2366_/X (sky130_fd_sc_hd__a21o_1)
                                                         _0120_ (net)
                      0.061572    0.000022    6.398710 v _2370_/B (sky130_fd_sc_hd__and3_1)
     2    0.004193    0.044325    0.173219    6.571929 v _2370_/X (sky130_fd_sc_hd__and3_1)
                                                         _0124_ (net)
                      0.044325    0.000006    6.571935 v _2372_/C (sky130_fd_sc_hd__or3_1)
     3    0.007669    0.094931    0.339982    6.911917 v _2372_/X (sky130_fd_sc_hd__or3_1)
                                                         _0126_ (net)
                      0.094931    0.000004    6.911921 v _2378_/A1 (sky130_fd_sc_hd__a21o_1)
     4    0.008877    0.059961    0.198898    7.110819 v _2378_/X (sky130_fd_sc_hd__a21o_1)
                                                         _0132_ (net)
                      0.059961    0.000019    7.110837 v _2383_/C (sky130_fd_sc_hd__and3_1)
     2    0.005096    0.048233    0.192167    7.303004 v _2383_/X (sky130_fd_sc_hd__and3_1)
                                                         _0137_ (net)
                      0.048233    0.000017    7.303021 v _2385_/C (sky130_fd_sc_hd__or3_1)
     3    0.007228    0.092410    0.337461    7.640482 v _2385_/X (sky130_fd_sc_hd__or3_1)
                                                         _0139_ (net)
                      0.092410    0.000020    7.640502 v _2387_/A1 (sky130_fd_sc_hd__a21o_1)
     4    0.010966    0.066260    0.205863    7.846365 v _2387_/X (sky130_fd_sc_hd__a21o_1)
                                                         _0141_ (net)
                      0.066260    0.000039    7.846405 v _2390_/B (sky130_fd_sc_hd__and3_1)
     3    0.008239    0.060220    0.195032    8.041437 v _2390_/X (sky130_fd_sc_hd__and3_1)
                                                         _0144_ (net)
                      0.060220    0.000040    8.041477 v _2392_/C (sky130_fd_sc_hd__or3_1)
     3    0.006033    0.085672    0.331758    8.373235 v _2392_/X (sky130_fd_sc_hd__or3_1)
                                                         _0146_ (net)
                      0.085672    0.000008    8.373242 v _2397_/A1 (sky130_fd_sc_hd__a21o_1)
     4    0.009576    0.062818    0.198122    8.571365 v _2397_/X (sky130_fd_sc_hd__a21o_1)
                                                         _0151_ (net)
                      0.062818    0.000018    8.571383 v _2406_/B (sky130_fd_sc_hd__and3_1)
     2    0.004431    0.045353    0.174940    8.746323 v _2406_/X (sky130_fd_sc_hd__and3_1)
                                                         _0160_ (net)
                      0.045353    0.000008    8.746331 v _2408_/C (sky130_fd_sc_hd__or3_1)
     3    0.007283    0.092726    0.337245    9.083576 v _2408_/X (sky130_fd_sc_hd__or3_1)
                                                         _0162_ (net)
                      0.092726    0.000011    9.083587 v _2410_/A2 (sky130_fd_sc_hd__a21o_1)
     3    0.006177    0.047305    0.206557    9.290143 v _2410_/X (sky130_fd_sc_hd__a21o_1)
                                                         _0164_ (net)
                      0.047305    0.000024    9.290167 v _2413_/C (sky130_fd_sc_hd__and3_1)
     2    0.004467    0.043887    0.183459    9.473626 v _2413_/X (sky130_fd_sc_hd__and3_1)
                                                         _0167_ (net)
                      0.043887    0.000010    9.473637 v _2415_/C (sky130_fd_sc_hd__or3_1)
     3    0.006216    0.086671    0.328756    9.802392 v _2415_/X (sky130_fd_sc_hd__or3_1)
                                                         _0169_ (net)
                      0.086671    0.000017    9.802409 v _2420_/A1 (sky130_fd_sc_hd__a21o_1)
     4    0.010390    0.065991    0.201455   10.003863 v _2420_/X (sky130_fd_sc_hd__a21o_1)
                                                         _0174_ (net)
                      0.065991    0.000004   10.003868 v _2428_/A1 (sky130_fd_sc_hd__a21bo_1)
     1    0.004302    0.042458    0.177648   10.181517 v _2428_/X (sky130_fd_sc_hd__a21bo_1)
                                                         _0180_ (net)
                      0.042458    0.000003   10.181519 v _2429_/B (sky130_fd_sc_hd__xor2_1)
     1    0.002194    0.064540    0.131532   10.313051 v _2429_/X (sky130_fd_sc_hd__xor2_1)
                                                         _0181_ (net)
                      0.064540    0.000004   10.313055 v _2430_/A1 (sky130_fd_sc_hd__mux2_1)
     1    0.002172    0.053136    0.287808   10.600863 v _2430_/X (sky130_fd_sc_hd__mux2_1)
                                                         _0025_ (net)
                      0.053136    0.000002   10.600864 v _3238_/D (sky130_fd_sc_hd__dfrtp_4)
                                             10.600864   data arrival time

                                 10.375000   10.375000   clock clk (rise edge)
                                  0.000000   10.375000   clock source latency
     1    0.028987    0.000000    0.000000   10.375000 ^ clk (in)
                                                         clk (net)
                      0.002441    0.001220   10.376220 ^ clkbuf_0_clk/A (sky130_fd_sc_hd__clkbuf_16)
     8    0.118910    0.132024    0.184483   10.560703 ^ clkbuf_0_clk/X (sky130_fd_sc_hd__clkbuf_16)
                                                         clknet_0_clk (net)
                      0.132123    0.001982   10.562684 ^ clkbuf_3_3__f_clk/A (sky130_fd_sc_hd__clkbuf_16)
    17    0.060135    0.078352    0.188352   10.751037 ^ clkbuf_3_3__f_clk/X (sky130_fd_sc_hd__clkbuf_16)
                                                         clknet_3_3__leaf_clk (net)
                      0.078352    0.000282   10.751318 ^ _3238_/CLK (sky130_fd_sc_hd__dfrtp_4)
                                 -0.100000   10.651319   clock uncertainty
                                  0.000000   10.651319   clock reconvergence pessimism
                                 -0.110185   10.541134   library setup time
                                             10.541134   data required time
---------------------------------------------------------------------------------------------
                                             10.541134   data required time
                                            -10.600864   data arrival time
---------------------------------------------------------------------------------------------
                                             -0.059731   slack (VIOLATED)




===========================================================================
 report_check_types -max_slew -max_cap -max_fanout -violators
============================================================================
======================= nom_tt_025C_1v80 Corner ===================================



===========================================================================
report_parasitic_annotation -report_unannotated
============================================================================
Found 7 unannotated drivers.
 clkload0/Y
 clkload1/Y
 clkload2/Y
 clkload3/Y
 clkload4/Y
 clkload5/Y
 clkload6/Y
Found 0 partially unannotated drivers.

===========================================================================
max slew violation count 0
Writing metric design__max_slew_violation__count__corner:nom_tt_025C_1v80: 0
max fanout violation count 0
Writing metric design__max_fanout_violation__count__corner:nom_tt_025C_1v80: 0
max cap violation count 0
Writing metric design__max_cap_violation__count__corner:nom_tt_025C_1v80: 0
============================================================================

===========================================================================
check_setup -verbose -unconstrained_endpoints -multiple_clock -no_clock -no_input_delay -loops -generated_clocks
===========================================================================
Warning: There are 36 input ports missing set_input_delay.
  A_in[0]
  A_in[10]
  A_in[11]
  A_in[12]
  A_in[13]
  A_in[14]
  A_in[15]
  A_in[1]
  A_in[2]
  A_in[3]
  A_in[4]
  A_in[5]
  A_in[6]
  A_in[7]
  A_in[8]
  A_in[9]
  B_in[0]
  B_in[10]
  B_in[11]
  B_in[12]
  B_in[13]
  B_in[14]
  B_in[15]
  B_in[1]
  B_in[2]
  B_in[3]
  B_in[4]
  B_in[5]
  B_in[6]
  B_in[7]
  B_in[8]
  B_in[9]
  Op_Sel[0]
  Op_Sel[1]
  Start
  rst_n
Warning: There are 17 unconstrained endpoints.
  Done
  X_out[0]
  X_out[10]
  X_out[11]
  X_out[12]
  X_out[13]
  X_out[14]
  X_out[15]
  X_out[1]
  X_out[2]
  X_out[3]
  X_out[4]
  X_out[5]
  X_out[6]
  X_out[7]
  X_out[8]
  X_out[9]
