Reading OpenROAD database at '/work/runs/RUN_2026-03-17_13-44-02/39-openroad-repairantennas/1-diodeinsertion/rns_top_crt.odb'…
Reading library file at '/pdk/volare/sky130/versions/0fe599b2afb6708d281543108caf8310912f54af/sky130A/libs.ref/sky130_fd_sc_hd/lib/sky130_fd_sc_hd__tt_025C_1v80.lib'…
Reading design constraints file at 'designs/_shared/ll_policy/constraints.sdc'…
[INFO] No information on clock propagation in input SDC file-- propagating all clocks.
[INFO ORD-0030] Using 4 thread(s).
[INFO DRT-0149] Reading tech and libs.
[WARNING DRT-0349] LEF58_ENCLOSURE with no CUTCLASS is not supported. Skipping for layer mcon
[WARNING DRT-0349] LEF58_ENCLOSURE with no CUTCLASS is not supported. Skipping for layer mcon
[WARNING DRT-0349] LEF58_ENCLOSURE with no CUTCLASS is not supported. Skipping for layer via
[WARNING DRT-0349] LEF58_ENCLOSURE with no CUTCLASS is not supported. Skipping for layer via
[WARNING DRT-0349] LEF58_ENCLOSURE with no CUTCLASS is not supported. Skipping for layer via2
[WARNING DRT-0349] LEF58_ENCLOSURE with no CUTCLASS is not supported. Skipping for layer via2
[WARNING DRT-0349] LEF58_ENCLOSURE with no CUTCLASS is not supported. Skipping for layer via3
[WARNING DRT-0349] LEF58_ENCLOSURE with no CUTCLASS is not supported. Skipping for layer via3
[WARNING DRT-0349] LEF58_ENCLOSURE with no CUTCLASS is not supported. Skipping for layer via4
[WARNING DRT-0349] LEF58_ENCLOSURE with no CUTCLASS is not supported. Skipping for layer via4

Units:                1000
Number of layers:     13
Number of macros:     441
Number of vias:       29
Number of viarulegen: 25

[INFO DRT-0150] Reading design.
[WARNING DRT-0120] Large net net36 has 225 pins which may impact routing performance. Consider optimization.

Design:                   rns_top_crt
Die area:                 ( 0 0 ) ( 431270 441990 )
Number of track patterns: 12
Number of DEF vias:       0
Number of components:     5512
Number of terminals:      56
Number of snets:          2
Number of nets:           1836

[INFO DRT-0167] List of default vias:
  Layer via
    default via: M1M2_PR
  Layer via2
    default via: M2M3_PR
  Layer via3
    default via: M3M4_PR
  Layer via4
    default via: M4M5_PR
[INFO DRT-0162] Library cell analysis.
[INFO DRT-0163] Instance analysis.
[INFO DRT-0164] Number of unique instances = 256.
[INFO DRT-0168] Init region query.
[INFO DRT-0024]   Complete FR_MASTERSLICE.
[INFO DRT-0024]   Complete licon.
[INFO DRT-0024]   Complete li1.
[INFO DRT-0024]   Complete mcon.
[INFO DRT-0024]   Complete met1.
[INFO DRT-0024]   Complete via.
[INFO DRT-0024]   Complete met2.
[INFO DRT-0024]   Complete via2.
[INFO DRT-0024]   Complete met3.
[INFO DRT-0024]   Complete via3.
[INFO DRT-0024]   Complete met4.
[INFO DRT-0024]   Complete via4.
[INFO DRT-0024]   Complete met5.
[INFO DRT-0033] FR_MASTERSLICE shape region query size = 0.
[INFO DRT-0033] licon shape region query size = 0.
[INFO DRT-0033] li1 shape region query size = 70672.
[INFO DRT-0033] mcon shape region query size = 0.
[INFO DRT-0033] met1 shape region query size = 13274.
[INFO DRT-0033] via shape region query size = 2325.
[INFO DRT-0033] met2 shape region query size = 1414.
[INFO DRT-0033] via2 shape region query size = 1860.
[INFO DRT-0033] met3 shape region query size = 1430.
[INFO DRT-0033] via3 shape region query size = 1860.
[INFO DRT-0033] met4 shape region query size = 495.
[INFO DRT-0033] via4 shape region query size = 18.
[INFO DRT-0033] met5 shape region query size = 30.
[INFO DRT-0165] Start pin access.
[INFO DRT-0078]   Complete 977 pins.
[INFO DRT-0079]   Complete 100 unique inst patterns.
[INFO DRT-0079]   Complete 200 unique inst patterns.
[INFO DRT-0081]   Complete 250 unique inst patterns.
[INFO DRT-0084]   Complete 1360 groups.
#scanned instances     = 5512
#unique  instances     = 256
#stdCellGenAp          = 7445
#stdCellValidPlanarAp  = 56
#stdCellValidViaAp     = 5814
#stdCellPinNoAp        = 0
#stdCellPinCnt         = 6477
#instTermValidViaApCnt = 0
#macroGenAp            = 0
#macroValidPlanarAp    = 0
#macroValidViaAp       = 0
#macroNoAp             = 0
[INFO DRT-0166] Complete pin access.
[INFO DRT-0267] cpu time = 00:00:41, elapsed time = 00:00:10, memory = 156.83 (MB), peak = 156.58 (MB)

[INFO DRT-0157] Number of guides:     13764

[INFO DRT-0169] Post process guides.
[INFO DRT-0176] GCELLGRID X 0 DO 62 STEP 6900 ;
[INFO DRT-0177] GCELLGRID Y 0 DO 64 STEP 6900 ;
[INFO DRT-0028]   Complete FR_MASTERSLICE.
[INFO DRT-0028]   Complete licon.
[INFO DRT-0028]   Complete li1.
[INFO DRT-0028]   Complete mcon.
[INFO DRT-0028]   Complete met1.
[INFO DRT-0028]   Complete via.
[INFO DRT-0028]   Complete met2.
[INFO DRT-0028]   Complete via2.
[INFO DRT-0028]   Complete met3.
[INFO DRT-0028]   Complete via3.
[INFO DRT-0028]   Complete met4.
[INFO DRT-0028]   Complete via4.
[INFO DRT-0028]   Complete met5.
[INFO DRT-0178] Init guide query.
[INFO DRT-0035]   Complete FR_MASTERSLICE (guide).
[INFO DRT-0035]   Complete licon (guide).
[INFO DRT-0035]   Complete li1 (guide).
[INFO DRT-0035]   Complete mcon (guide).
[INFO DRT-0035]   Complete met1 (guide).
[INFO DRT-0035]   Complete via (guide).
[INFO DRT-0035]   Complete met2 (guide).
[INFO DRT-0035]   Complete via2 (guide).
[INFO DRT-0035]   Complete met3 (guide).
[INFO DRT-0035]   Complete via3 (guide).
[INFO DRT-0035]   Complete met4 (guide).
[INFO DRT-0035]   Complete via4 (guide).
[INFO DRT-0035]   Complete met5 (guide).
[INFO DRT-0036] FR_MASTERSLICE guide region query size = 0.
[INFO DRT-0036] licon guide region query size = 0.
[INFO DRT-0036] li1 guide region query size = 5074.
[INFO DRT-0036] mcon guide region query size = 0.
[INFO DRT-0036] met1 guide region query size = 3879.
[INFO DRT-0036] via guide region query size = 0.
[INFO DRT-0036] met2 guide region query size = 1889.
[INFO DRT-0036] via2 guide region query size = 0.
[INFO DRT-0036] met3 guide region query size = 35.
[INFO DRT-0036] via3 guide region query size = 0.
[INFO DRT-0036] met4 guide region query size = 0.
[INFO DRT-0036] via4 guide region query size = 0.
[INFO DRT-0036] met5 guide region query size = 0.
[INFO DRT-0179] Init gr pin query.
[INFO DRT-0245] skipped writing guide updates to database.
[INFO DRT-0185] Post process initialize RPin region query.
[INFO DRT-0181] Start track assignment.
[INFO DRT-0184] Done with 6963 vertical wires in 2 frboxes and 3914 horizontal wires in 2 frboxes.
[INFO DRT-0186] Done with 364 vertical wires in 2 frboxes and 1085 horizontal wires in 2 frboxes.
[INFO DRT-0182] Complete track assignment.
[INFO DRT-0267] cpu time = 00:00:02, elapsed time = 00:00:00, memory = 195.36 (MB), peak = 194.95 (MB)
[INFO DRT-0187] Start routing data preparation.
[INFO DRT-0267] cpu time = 00:00:00, elapsed time = 00:00:00, memory = 195.36 (MB), peak = 194.95 (MB)
[INFO DRT-0194] Start detail routing.
[INFO DRT-0195] Start 0th optimization iteration.
    Completing 10% with 0 violations.
    elapsed time = 00:00:00, memory = 238.07 (MB).
    Completing 20% with 0 violations.
    elapsed time = 00:00:00, memory = 248.62 (MB).
    Completing 30% with 91 violations.
    elapsed time = 00:00:01, memory = 238.17 (MB).
    Completing 40% with 91 violations.
    elapsed time = 00:00:01, memory = 276.05 (MB).
    Completing 50% with 91 violations.
    elapsed time = 00:00:02, memory = 279.40 (MB).
    Completing 60% with 156 violations.
    elapsed time = 00:00:03, memory = 285.76 (MB).
    Completing 70% with 156 violations.
    elapsed time = 00:00:04, memory = 285.76 (MB).
    Completing 80% with 243 violations.
    elapsed time = 00:00:04, memory = 305.34 (MB).
    Completing 90% with 243 violations.
    elapsed time = 00:00:05, memory = 305.82 (MB).
    Completing 100% with 352 violations.
    elapsed time = 00:00:06, memory = 287.91 (MB).
[INFO DRT-0199]   Number of violations = 454.
Viol/Layer         li1   mcon   met1   met2   met3
Cut Spacing          0      1      0      0      0
Metal Spacing       12      0    132     14      2
Min Hole             0      0      1      0      0
Recheck              0      0     80     22      0
Short                0      0    184      6      0
[INFO DRT-0267] cpu time = 00:00:22, elapsed time = 00:00:06, memory = 623.70 (MB), peak = 623.21 (MB)
Total wire length = 45619 um.
Total wire length on LAYER li1 = 0 um.
Total wire length on LAYER met1 = 24548 um.
Total wire length on LAYER met2 = 20734 um.
Total wire length on LAYER met3 = 337 um.
Total wire length on LAYER met4 = 0 um.
Total wire length on LAYER met5 = 0 um.
Total number of vias = 13727.
Up-via summary (total 13727):

------------------------
 FR_MASTERSLICE        0
            li1     7268
           met1     6424
           met2       35
           met3        0
           met4        0
------------------------
                   13727


[INFO DRT-0195] Start 1st optimization iteration.
    Completing 10% with 454 violations.
    elapsed time = 00:00:00, memory = 627.22 (MB).
    Completing 20% with 454 violations.
    elapsed time = 00:00:01, memory = 627.98 (MB).
    Completing 30% with 378 violations.
    elapsed time = 00:00:01, memory = 632.62 (MB).
    Completing 40% with 378 violations.
    elapsed time = 00:00:02, memory = 632.62 (MB).
    Completing 50% with 378 violations.
    elapsed time = 00:00:03, memory = 632.62 (MB).
    Completing 60% with 321 violations.
    elapsed time = 00:00:03, memory = 632.62 (MB).
    Completing 70% with 321 violations.
    elapsed time = 00:00:04, memory = 632.62 (MB).
    Completing 80% with 204 violations.
    elapsed time = 00:00:04, memory = 639.61 (MB).
    Completing 90% with 204 violations.
    elapsed time = 00:00:04, memory = 639.61 (MB).
    Completing 100% with 124 violations.
    elapsed time = 00:00:05, memory = 643.25 (MB).
[INFO DRT-0199]   Number of violations = 124.
Viol/Layer        mcon   met1
Cut Spacing          1      0
Metal Spacing        0     28
Min Hole             0      1
Recheck              0      1
Short                0     93
[INFO DRT-0267] cpu time = 00:00:22, elapsed time = 00:00:06, memory = 643.50 (MB), peak = 642.97 (MB)
Total wire length = 45264 um.
Total wire length on LAYER li1 = 0 um.
Total wire length on LAYER met1 = 24356 um.
Total wire length on LAYER met2 = 20570 um.
Total wire length on LAYER met3 = 336 um.
Total wire length on LAYER met4 = 0 um.
Total wire length on LAYER met5 = 0 um.
Total number of vias = 13635.
Up-via summary (total 13635):

------------------------
 FR_MASTERSLICE        0
            li1     7264
           met1     6336
           met2       35
           met3        0
           met4        0
------------------------
                   13635


[INFO DRT-0195] Start 2nd optimization iteration.
    Completing 10% with 124 violations.
    elapsed time = 00:00:00, memory = 643.50 (MB).
    Completing 20% with 124 violations.
    elapsed time = 00:00:00, memory = 643.50 (MB).
    Completing 30% with 108 violations.
    elapsed time = 00:00:00, memory = 643.50 (MB).
    Completing 40% with 108 violations.
    elapsed time = 00:00:01, memory = 643.50 (MB).
    Completing 50% with 108 violations.
    elapsed time = 00:00:02, memory = 643.50 (MB).
    Completing 60% with 99 violations.
    elapsed time = 00:00:02, memory = 643.50 (MB).
    Completing 70% with 99 violations.
    elapsed time = 00:00:02, memory = 643.50 (MB).
    Completing 80% with 93 violations.
    elapsed time = 00:00:03, memory = 643.50 (MB).
    Completing 90% with 93 violations.
    elapsed time = 00:00:03, memory = 643.50 (MB).
    Completing 100% with 82 violations.
    elapsed time = 00:00:04, memory = 643.50 (MB).
[INFO DRT-0199]   Number of violations = 82.
Viol/Layer        met1   met2
Metal Spacing       25      3
Short               53      1
[INFO DRT-0267] cpu time = 00:00:14, elapsed time = 00:00:04, memory = 643.64 (MB), peak = 643.10 (MB)
Total wire length = 45206 um.
Total wire length on LAYER li1 = 0 um.
Total wire length on LAYER met1 = 24291 um.
Total wire length on LAYER met2 = 20575 um.
Total wire length on LAYER met3 = 338 um.
Total wire length on LAYER met4 = 0 um.
Total wire length on LAYER met5 = 0 um.
Total number of vias = 13631.
Up-via summary (total 13631):

------------------------
 FR_MASTERSLICE        0
            li1     7264
           met1     6330
           met2       37
           met3        0
           met4        0
------------------------
                   13631


[INFO DRT-0195] Start 3rd optimization iteration.
    Completing 10% with 82 violations.
    elapsed time = 00:00:00, memory = 643.70 (MB).
    Completing 20% with 82 violations.
    elapsed time = 00:00:00, memory = 643.70 (MB).
    Completing 30% with 50 violations.
    elapsed time = 00:00:00, memory = 643.70 (MB).
    Completing 40% with 50 violations.
    elapsed time = 00:00:00, memory = 643.70 (MB).
    Completing 50% with 50 violations.
    elapsed time = 00:00:00, memory = 643.70 (MB).
    Completing 60% with 33 violations.
    elapsed time = 00:00:00, memory = 643.70 (MB).
    Completing 70% with 33 violations.
    elapsed time = 00:00:01, memory = 643.70 (MB).
    Completing 80% with 16 violations.
    elapsed time = 00:00:01, memory = 643.70 (MB).
    Completing 90% with 16 violations.
    elapsed time = 00:00:01, memory = 643.70 (MB).
    Completing 100% with 0 violations.
    elapsed time = 00:00:01, memory = 643.70 (MB).
[INFO DRT-0199]   Number of violations = 0.
[INFO DRT-0267] cpu time = 00:00:06, elapsed time = 00:00:01, memory = 643.70 (MB), peak = 643.22 (MB)
Total wire length = 45208 um.
Total wire length on LAYER li1 = 0 um.
Total wire length on LAYER met1 = 24222 um.
Total wire length on LAYER met2 = 20616 um.
Total wire length on LAYER met3 = 369 um.
Total wire length on LAYER met4 = 0 um.
Total wire length on LAYER met5 = 0 um.
Total number of vias = 13696.
Up-via summary (total 13696):

------------------------
 FR_MASTERSLICE        0
            li1     7264
           met1     6383
           met2       49
           met3        0
           met4        0
------------------------
                   13696


[INFO DRT-0198] Complete detail routing.
Total wire length = 45208 um.
Total wire length on LAYER li1 = 0 um.
Total wire length on LAYER met1 = 24222 um.
Total wire length on LAYER met2 = 20616 um.
Total wire length on LAYER met3 = 369 um.
Total wire length on LAYER met4 = 0 um.
Total wire length on LAYER met5 = 0 um.
Total number of vias = 13696.
Up-via summary (total 13696):

------------------------
 FR_MASTERSLICE        0
            li1     7264
           met1     6383
           met2       49
           met3        0
           met4        0
------------------------
                   13696


[INFO DRT-0267] cpu time = 00:01:06, elapsed time = 00:00:18, memory = 643.70 (MB), peak = 643.22 (MB)

[INFO DRT-0180] Post processing.
Setting global connections for newly added cells…
[INFO] Setting global connections...
Updating metrics…
Cell type report:                       Count       Area
  Fill cell                               308    1156.11
  Tap cell                               2496    3123.00
  Antenna cell                            902    2257.16
  Clock buffer                              9     225.22
  Timing Repair Buffer                     72     401.64
  Inverter                                 59     226.47
  Clock inverter                            7      73.82
  Sequential cell                         110    2977.86
  Multi-Input combinational cell         1549   11339.63
  Total                                  5512   21780.89
Writing OpenROAD database to '/work/runs/RUN_2026-03-17_13-44-02/41-openroad-detailedrouting/rns_top_crt.odb'…
Writing netlist to '/work/runs/RUN_2026-03-17_13-44-02/41-openroad-detailedrouting/rns_top_crt.nl.v'…
Writing powered netlist to '/work/runs/RUN_2026-03-17_13-44-02/41-openroad-detailedrouting/rns_top_crt.pnl.v'…
Writing layout to '/work/runs/RUN_2026-03-17_13-44-02/41-openroad-detailedrouting/rns_top_crt.def'…
Writing timing constraints to '/work/runs/RUN_2026-03-17_13-44-02/41-openroad-detailedrouting/rns_top_crt.sdc'…
