Clock: clk
Sources: clk 
Generated: no
Virtual: yes
Propagated: no
Period: 11.000000

===========================================================================
report_clock_properties
============================================================================
Clock                   Period          Waveform
----------------------------------------------------
clk                  11.000000    0.000000  5.500000

===========================================================================
report_clock_latency
============================================================================
Clock clk
rise -> rise
    min     max
0.000000 0.000000 source latency
0.721509         network latency _3221_/CLK
        0.756607 network latency _3295_/CLK
---------------
0.721509 0.756607 latency
        0.035098 skew

fall -> fall
    min     max
0.000000 0.000000 source latency
0.697723         network latency _3221_/CLK
        0.724776 network latency _3295_/CLK
---------------
0.697723 0.724776 latency
        0.027053 skew



===========================================================================
report_clock_min_period
============================================================================
clk period_min = 19.97 fmax = 50.08
