Clock: clk
Sources: clk 
Generated: no
Virtual: yes
Propagated: no
Period: 10.125000

===========================================================================
report_clock_properties
============================================================================
Clock                   Period          Waveform
----------------------------------------------------
clk                  10.125000    0.000000  5.062500

===========================================================================
report_clock_latency
============================================================================
Clock clk
rise -> rise
    min     max
0.000000 0.000000 source latency
0.767510         network latency _3221_/CLK
        0.806388 network latency _3295_/CLK
---------------
0.767510 0.806388 latency
        0.038878 skew

fall -> fall
    min     max
0.000000 0.000000 source latency
0.733813         network latency _3221_/CLK
        0.765327 network latency _3295_/CLK
---------------
0.733813 0.765327 latency
        0.031514 skew



===========================================================================
report_clock_min_period
============================================================================
clk period_min = 20.10 fmax = 49.75
