Clock: clk
Sources: clk 
Generated: no
Virtual: yes
Propagated: no
Period: 140.000000

===========================================================================
report_clock_properties
============================================================================
Clock                   Period          Waveform
----------------------------------------------------
clk                 140.000000    0.000000 70.000000

===========================================================================
report_clock_latency
============================================================================
Clock clk
rise -> rise
    min     max
0.000000 0.000000 source latency
0.723648         network latency _3221_/CLK
        0.751137 network latency _3298_/CLK
---------------
0.723648 0.751137 latency
        0.027489 skew

fall -> fall
    min     max
0.000000 0.000000 source latency
0.699323         network latency _3221_/CLK
        0.720647 network latency _3298_/CLK
---------------
0.699323 0.720647 latency
        0.021323 skew



===========================================================================
report_clock_min_period
============================================================================
clk period_min = 22.98 fmax = 43.52
