Clock: clk
Sources: clk 
Generated: no
Virtual: yes
Propagated: no
Period: 180.000000

===========================================================================
report_clock_properties
============================================================================
Clock                   Period          Waveform
----------------------------------------------------
clk                 180.000000    0.000000 90.000000

===========================================================================
report_clock_latency
============================================================================
Clock clk
rise -> rise
    min     max
0.000000 0.000000 source latency
0.445806         network latency _3222_/CLK
        0.475261 network latency _3298_/CLK
---------------
0.445806 0.475261 latency
        0.029455 skew

fall -> fall
    min     max
0.000000 0.000000 source latency
0.420989         network latency _3222_/CLK
        0.445297 network latency _3298_/CLK
---------------
0.420989 0.445297 latency
        0.024308 skew



===========================================================================
report_clock_min_period
============================================================================
clk period_min = 10.81 fmax = 92.48
