
===========================================================================
report_checks -unconstrained
===========================================================================
======================= max_tt_025C_1v80 Corner ===================================

Startpoint: _3302_ (rising edge-triggered flip-flop clocked by clk)
Endpoint: _3237_ (rising edge-triggered flip-flop clocked by clk)
Path Group: clk
Path Type: max

Fanout         Cap        Slew       Delay        Time   Description
---------------------------------------------------------------------------------------------
                                  0.000000    0.000000   clock clk (rise edge)
                                  0.000000    0.000000   clock source latency
     2    0.042582    0.000000    0.000000    0.000000 ^ clk (in)
                                                         clk (net)
                      0.003038    0.001519    0.001519 ^ clkbuf_0_clk/A (sky130_fd_sc_hd__clkbuf_16)
    17    0.175118    0.187107    0.216470    0.217989 ^ clkbuf_0_clk/X (sky130_fd_sc_hd__clkbuf_16)
                                                         clknet_0_clk (net)
                      0.188624    0.013525    0.231513 ^ clkbuf_3_0__f_clk/A (sky130_fd_sc_hd__clkbuf_16)
    25    0.096417    0.113670    0.229811    0.461324 ^ clkbuf_3_0__f_clk/X (sky130_fd_sc_hd__clkbuf_16)
                                                         clknet_3_0__leaf_clk (net)
                      0.114307    0.006443    0.467767 ^ _3302_/CLK (sky130_fd_sc_hd__dfrtp_4)
     6    0.025012    0.086184    0.532066    0.999832 v _3302_/Q (sky130_fd_sc_hd__dfrtp_4)
                                                         B_reg[12] (net)
                      0.086250    0.002573    1.002406 v _1910_/C (sky130_fd_sc_hd__and3_1)
     3    0.007208    0.056135    0.214305    1.216711 v _1910_/X (sky130_fd_sc_hd__and3_1)
                                                         _1175_ (net)
                      0.056137    0.000384    1.217095 v _2300_/B (sky130_fd_sc_hd__or4_4)
     4    0.009557    0.093376    0.526968    1.744062 v _2300_/X (sky130_fd_sc_hd__or4_4)
                                                         _1553_ (net)
                      0.093376    0.000548    1.744610 v _2304_/A1 (sky130_fd_sc_hd__a21o_1)
     3    0.007674    0.054227    0.192536    1.937146 v _2304_/X (sky130_fd_sc_hd__a21o_1)
                                                         _1557_ (net)
                      0.054229    0.000425    1.937571 v _2307_/A2 (sky130_fd_sc_hd__a21oi_1)
     3    0.011291    0.263023    0.259388    2.196959 ^ _2307_/Y (sky130_fd_sc_hd__a21oi_1)
                                                         _1560_ (net)
                      0.263024    0.000404    2.197363 ^ _2311_/B (sky130_fd_sc_hd__xor2_1)
     3    0.011051    0.258254    0.280673    2.478035 ^ _2311_/X (sky130_fd_sc_hd__xor2_1)
                                                         _1564_ (net)
                      0.258256    0.000557    2.478592 ^ _2313_/A2 (sky130_fd_sc_hd__a21o_1)
     4    0.010729    0.101366    0.204589    2.683181 ^ _2313_/X (sky130_fd_sc_hd__a21o_1)
                                                         _1566_ (net)
                      0.101368    0.000612    2.683793 ^ _2318_/A1 (sky130_fd_sc_hd__a21oi_1)
     3    0.012306    0.103424    0.122782    2.806575 v _2318_/Y (sky130_fd_sc_hd__a21oi_1)
                                                         _1571_ (net)
                      0.103432    0.000714    2.807289 v _2321_/B (sky130_fd_sc_hd__or3_4)
     3    0.009237    0.073457    0.395085    3.202374 v _2321_/X (sky130_fd_sc_hd__or3_4)
                                                         _1574_ (net)
                      0.073482    0.000576    3.202950 v _2326_/A1 (sky130_fd_sc_hd__a21o_1)
     4    0.011178    0.067309    0.198359    3.401309 v _2326_/X (sky130_fd_sc_hd__a21o_1)
                                                         _1579_ (net)
                      0.067321    0.000899    3.402207 v _2327_/A2 (sky130_fd_sc_hd__a21oi_1)
     3    0.011981    0.276229    0.274215    3.676422 ^ _2327_/Y (sky130_fd_sc_hd__a21oi_1)
                                                         _1580_ (net)
                      0.276232    0.000662    3.677084 ^ _2331_/B (sky130_fd_sc_hd__xnor2_1)
     3    0.012777    0.312090    0.230998    3.908082 ^ _2331_/Y (sky130_fd_sc_hd__xnor2_1)
                                                         _1584_ (net)
                      0.312092    0.000786    3.908867 ^ _2334_/A2 (sky130_fd_sc_hd__a21o_1)
     5    0.017062    0.153762    0.250820    4.159688 ^ _2334_/X (sky130_fd_sc_hd__a21o_1)
                                                         _1587_ (net)
                      0.153766    0.000987    4.160674 ^ _2337_/A1 (sky130_fd_sc_hd__a21oi_1)
     3    0.011772    0.106520    0.136819    4.297493 v _2337_/Y (sky130_fd_sc_hd__a21oi_1)
                                                         _1590_ (net)
                      0.106565    0.000762    4.298255 v _2345_/B (sky130_fd_sc_hd__or3_4)
     3    0.008429    0.072197    0.393842    4.692098 v _2345_/X (sky130_fd_sc_hd__or3_4)
                                                         _1598_ (net)
                      0.072197    0.000326    4.692423 v _2347_/A1 (sky130_fd_sc_hd__a21o_1)
     4    0.011834    0.069939    0.200191    4.892613 v _2347_/X (sky130_fd_sc_hd__a21o_1)
                                                         _1600_ (net)
                      0.069952    0.000933    4.893547 v _2348_/A2 (sky130_fd_sc_hd__a21oi_1)
     3    0.014259    0.319801    0.307301    5.200848 ^ _2348_/Y (sky130_fd_sc_hd__a21oi_1)
                                                         _1601_ (net)
                      0.319805    0.000906    5.201754 ^ _2349_/B (sky130_fd_sc_hd__xnor2_1)
     3    0.012119    0.298840    0.230503    5.432257 ^ _2349_/Y (sky130_fd_sc_hd__xnor2_1)
                                                         _1602_ (net)
                      0.298843    0.000741    5.432998 ^ _2355_/A2 (sky130_fd_sc_hd__a21o_1)
     4    0.010760    0.101829    0.212059    5.645057 ^ _2355_/X (sky130_fd_sc_hd__a21o_1)
                                                         _0109_ (net)
                      0.101833    0.000799    5.645856 ^ _2360_/A1 (sky130_fd_sc_hd__a21oi_1)
     3    0.011690    0.102591    0.119710    5.765565 v _2360_/Y (sky130_fd_sc_hd__a21oi_1)
                                                         _0114_ (net)
                      0.102635    0.000747    5.766313 v _2364_/B (sky130_fd_sc_hd__or3_4)
     3    0.007898    0.071370    0.390751    6.157063 v _2364_/X (sky130_fd_sc_hd__or3_4)
                                                         _0118_ (net)
                      0.071370    0.000493    6.157557 v _2366_/A1 (sky130_fd_sc_hd__a21o_1)
     4    0.010337    0.063895    0.194640    6.352197 v _2366_/X (sky130_fd_sc_hd__a21o_1)
                                                         _0120_ (net)
                      0.063899    0.000541    6.352737 v _2370_/A (sky130_fd_sc_hd__and3_1)
     2    0.006181    0.051384    0.163524    6.516262 v _2370_/X (sky130_fd_sc_hd__and3_1)
                                                         _0124_ (net)
                      0.051385    0.000330    6.516592 v _2372_/C (sky130_fd_sc_hd__or3_4)
     3    0.008779    0.072718    0.337436    6.854028 v _2372_/X (sky130_fd_sc_hd__or3_4)
                                                         _0126_ (net)
                      0.072718    0.000262    6.854290 v _2378_/A1 (sky130_fd_sc_hd__a21o_1)
     3    0.009012    0.059091    0.190140    7.044430 v _2378_/X (sky130_fd_sc_hd__a21o_1)
                                                         _0132_ (net)
                      0.059092    0.000318    7.044748 v _2382_/A2 (sky130_fd_sc_hd__a21oi_2)
     3    0.013825    0.190547    0.212455    7.257203 ^ _2382_/Y (sky130_fd_sc_hd__a21oi_2)
                                                         _0136_ (net)
                      0.190554    0.000872    7.258075 ^ _2386_/B (sky130_fd_sc_hd__xnor2_1)
     3    0.011149    0.279348    0.203343    7.461418 ^ _2386_/Y (sky130_fd_sc_hd__xnor2_1)
                                                         _0140_ (net)
                      0.279350    0.000624    7.462042 ^ _2387_/A2 (sky130_fd_sc_hd__a21o_1)
     4    0.009665    0.092740    0.202993    7.665035 ^ _2387_/X (sky130_fd_sc_hd__a21o_1)
                                                         _0141_ (net)
                      0.092742    0.000522    7.665557 ^ rebuffer6/A (sky130_fd_sc_hd__dlymetal6s2s_1)
     1    0.010131    0.123151    0.160735    7.826292 ^ rebuffer6/X (sky130_fd_sc_hd__dlymetal6s2s_1)
                                                         net59 (net)
                      0.123154    0.000791    7.827083 ^ _2389_/A1 (sky130_fd_sc_hd__a21oi_4)
     4    0.019976    0.072572    0.090191    7.917274 v _2389_/Y (sky130_fd_sc_hd__a21oi_4)
                                                         _0143_ (net)
                      0.072591    0.001085    7.918360 v _2392_/B (sky130_fd_sc_hd__or3_4)
     3    0.006516    0.069130    0.375597    8.293957 v _2392_/X (sky130_fd_sc_hd__or3_4)
                                                         _0146_ (net)
                      0.069130    0.000405    8.294362 v _2397_/A1 (sky130_fd_sc_hd__a21o_1)
     4    0.010471    0.064351    0.194291    8.488652 v _2397_/X (sky130_fd_sc_hd__a21o_1)
                                                         _0151_ (net)
                      0.064353    0.000454    8.489106 v _2406_/A (sky130_fd_sc_hd__and3_1)
     2    0.007254    0.056403    0.168638    8.657744 v _2406_/X (sky130_fd_sc_hd__and3_1)
                                                         _0160_ (net)
                      0.056406    0.000473    8.658217 v _2408_/C (sky130_fd_sc_hd__or3_4)
     3    0.008599    0.072502    0.338389    8.996607 v _2408_/X (sky130_fd_sc_hd__or3_4)
                                                         _0162_ (net)
                      0.072502    0.000501    8.997108 v _2410_/A1 (sky130_fd_sc_hd__a21o_1)
     3    0.006473    0.048697    0.178555    9.175662 v _2410_/X (sky130_fd_sc_hd__a21o_1)
                                                         _0164_ (net)
                      0.048698    0.000266    9.175928 v _2413_/C (sky130_fd_sc_hd__and3_1)
     2    0.006214    0.051526    0.192403    9.368330 v _2413_/X (sky130_fd_sc_hd__and3_1)
                                                         _0167_ (net)
                      0.051528    0.000334    9.368665 v _2415_/C (sky130_fd_sc_hd__or3_4)
     3    0.006794    0.069657    0.331462    9.700127 v _2415_/X (sky130_fd_sc_hd__or3_4)
                                                         _0169_ (net)
                      0.069657    0.000325    9.700452 v _2420_/A1 (sky130_fd_sc_hd__a21o_1)
     4    0.012594    0.072968    0.201918    9.902369 v _2420_/X (sky130_fd_sc_hd__a21o_1)
                                                         _0174_ (net)
                      0.072972    0.000642    9.903011 v _2423_/A1 (sky130_fd_sc_hd__a21o_1)
     2    0.008842    0.058743    0.189297   10.092308 v _2423_/X (sky130_fd_sc_hd__a21o_1)
                                                         _0177_ (net)
                      0.058749    0.000624   10.092931 v _2426_/B (sky130_fd_sc_hd__xnor2_1)
     1    0.003342    0.056277    0.126126   10.219057 v _2426_/Y (sky130_fd_sc_hd__xnor2_1)
                                                         _0179_ (net)
                      0.056277    0.000145   10.219202 v _2427_/A1 (sky130_fd_sc_hd__mux2_4)
     1    0.002967    0.048059    0.254594   10.473796 v _2427_/X (sky130_fd_sc_hd__mux2_4)
                                                         _0024_ (net)
                      0.048060    0.000195   10.473990 v _3237_/D (sky130_fd_sc_hd__dfrtp_4)
                                             10.473990   data arrival time

                                  5.000000    5.000000   clock clk (rise edge)
                                  0.000000    5.000000   clock source latency
     2    0.042582    0.000000    0.000000    5.000000 ^ clk (in)
                                                         clk (net)
                      0.003038    0.001519    5.001519 ^ clkbuf_0_clk/A (sky130_fd_sc_hd__clkbuf_16)
    17    0.175118    0.187107    0.216470    5.217989 ^ clkbuf_0_clk/X (sky130_fd_sc_hd__clkbuf_16)
                                                         clknet_0_clk (net)
                      0.188481    0.012889    5.230878 ^ clkbuf_3_3__f_clk/A (sky130_fd_sc_hd__clkbuf_16)
    35    0.101920    0.119138    0.232593    5.463471 ^ clkbuf_3_3__f_clk/X (sky130_fd_sc_hd__clkbuf_16)
                                                         clknet_3_3__leaf_clk (net)
                      0.119833    0.007354    5.470825 ^ _3237_/CLK (sky130_fd_sc_hd__dfrtp_4)
                                 -0.100000    5.370825   clock uncertainty
                                  0.000000    5.370825   clock reconvergence pessimism
                                 -0.098479    5.272346   library setup time
                                              5.272346   data required time
---------------------------------------------------------------------------------------------
                                              5.272346   data required time
                                            -10.473990   data arrival time
---------------------------------------------------------------------------------------------
                                             -5.201645   slack (VIOLATED)




===========================================================================
report_checks --slack_max -0.01
============================================================================
======================= max_tt_025C_1v80 Corner ===================================

Startpoint: _3302_ (rising edge-triggered flip-flop clocked by clk)
Endpoint: _3237_ (rising edge-triggered flip-flop clocked by clk)
Path Group: clk
Path Type: max

Fanout         Cap        Slew       Delay        Time   Description
---------------------------------------------------------------------------------------------
                                  0.000000    0.000000   clock clk (rise edge)
                                  0.000000    0.000000   clock source latency
     2    0.042582    0.000000    0.000000    0.000000 ^ clk (in)
                                                         clk (net)
                      0.003038    0.001519    0.001519 ^ clkbuf_0_clk/A (sky130_fd_sc_hd__clkbuf_16)
    17    0.175118    0.187107    0.216470    0.217989 ^ clkbuf_0_clk/X (sky130_fd_sc_hd__clkbuf_16)
                                                         clknet_0_clk (net)
                      0.188624    0.013525    0.231513 ^ clkbuf_3_0__f_clk/A (sky130_fd_sc_hd__clkbuf_16)
    25    0.096417    0.113670    0.229811    0.461324 ^ clkbuf_3_0__f_clk/X (sky130_fd_sc_hd__clkbuf_16)
                                                         clknet_3_0__leaf_clk (net)
                      0.114307    0.006443    0.467767 ^ _3302_/CLK (sky130_fd_sc_hd__dfrtp_4)
     6    0.025012    0.086184    0.532066    0.999832 v _3302_/Q (sky130_fd_sc_hd__dfrtp_4)
                                                         B_reg[12] (net)
                      0.086250    0.002573    1.002406 v _1910_/C (sky130_fd_sc_hd__and3_1)
     3    0.007208    0.056135    0.214305    1.216711 v _1910_/X (sky130_fd_sc_hd__and3_1)
                                                         _1175_ (net)
                      0.056137    0.000384    1.217095 v _2300_/B (sky130_fd_sc_hd__or4_4)
     4    0.009557    0.093376    0.526968    1.744062 v _2300_/X (sky130_fd_sc_hd__or4_4)
                                                         _1553_ (net)
                      0.093376    0.000548    1.744610 v _2304_/A1 (sky130_fd_sc_hd__a21o_1)
     3    0.007674    0.054227    0.192536    1.937146 v _2304_/X (sky130_fd_sc_hd__a21o_1)
                                                         _1557_ (net)
                      0.054229    0.000425    1.937571 v _2307_/A2 (sky130_fd_sc_hd__a21oi_1)
     3    0.011291    0.263023    0.259388    2.196959 ^ _2307_/Y (sky130_fd_sc_hd__a21oi_1)
                                                         _1560_ (net)
                      0.263024    0.000404    2.197363 ^ _2311_/B (sky130_fd_sc_hd__xor2_1)
     3    0.011051    0.258254    0.280673    2.478035 ^ _2311_/X (sky130_fd_sc_hd__xor2_1)
                                                         _1564_ (net)
                      0.258256    0.000557    2.478592 ^ _2313_/A2 (sky130_fd_sc_hd__a21o_1)
     4    0.010729    0.101366    0.204589    2.683181 ^ _2313_/X (sky130_fd_sc_hd__a21o_1)
                                                         _1566_ (net)
                      0.101368    0.000612    2.683793 ^ _2318_/A1 (sky130_fd_sc_hd__a21oi_1)
     3    0.012306    0.103424    0.122782    2.806575 v _2318_/Y (sky130_fd_sc_hd__a21oi_1)
                                                         _1571_ (net)
                      0.103432    0.000714    2.807289 v _2321_/B (sky130_fd_sc_hd__or3_4)
     3    0.009237    0.073457    0.395085    3.202374 v _2321_/X (sky130_fd_sc_hd__or3_4)
                                                         _1574_ (net)
                      0.073482    0.000576    3.202950 v _2326_/A1 (sky130_fd_sc_hd__a21o_1)
     4    0.011178    0.067309    0.198359    3.401309 v _2326_/X (sky130_fd_sc_hd__a21o_1)
                                                         _1579_ (net)
                      0.067321    0.000899    3.402207 v _2327_/A2 (sky130_fd_sc_hd__a21oi_1)
     3    0.011981    0.276229    0.274215    3.676422 ^ _2327_/Y (sky130_fd_sc_hd__a21oi_1)
                                                         _1580_ (net)
                      0.276232    0.000662    3.677084 ^ _2331_/B (sky130_fd_sc_hd__xnor2_1)
     3    0.012777    0.312090    0.230998    3.908082 ^ _2331_/Y (sky130_fd_sc_hd__xnor2_1)
                                                         _1584_ (net)
                      0.312092    0.000786    3.908867 ^ _2334_/A2 (sky130_fd_sc_hd__a21o_1)
     5    0.017062    0.153762    0.250820    4.159688 ^ _2334_/X (sky130_fd_sc_hd__a21o_1)
                                                         _1587_ (net)
                      0.153766    0.000987    4.160674 ^ _2337_/A1 (sky130_fd_sc_hd__a21oi_1)
     3    0.011772    0.106520    0.136819    4.297493 v _2337_/Y (sky130_fd_sc_hd__a21oi_1)
                                                         _1590_ (net)
                      0.106565    0.000762    4.298255 v _2345_/B (sky130_fd_sc_hd__or3_4)
     3    0.008429    0.072197    0.393842    4.692098 v _2345_/X (sky130_fd_sc_hd__or3_4)
                                                         _1598_ (net)
                      0.072197    0.000326    4.692423 v _2347_/A1 (sky130_fd_sc_hd__a21o_1)
     4    0.011834    0.069939    0.200191    4.892613 v _2347_/X (sky130_fd_sc_hd__a21o_1)
                                                         _1600_ (net)
                      0.069952    0.000933    4.893547 v _2348_/A2 (sky130_fd_sc_hd__a21oi_1)
     3    0.014259    0.319801    0.307301    5.200848 ^ _2348_/Y (sky130_fd_sc_hd__a21oi_1)
                                                         _1601_ (net)
                      0.319805    0.000906    5.201754 ^ _2349_/B (sky130_fd_sc_hd__xnor2_1)
     3    0.012119    0.298840    0.230503    5.432257 ^ _2349_/Y (sky130_fd_sc_hd__xnor2_1)
                                                         _1602_ (net)
                      0.298843    0.000741    5.432998 ^ _2355_/A2 (sky130_fd_sc_hd__a21o_1)
     4    0.010760    0.101829    0.212059    5.645057 ^ _2355_/X (sky130_fd_sc_hd__a21o_1)
                                                         _0109_ (net)
                      0.101833    0.000799    5.645856 ^ _2360_/A1 (sky130_fd_sc_hd__a21oi_1)
     3    0.011690    0.102591    0.119710    5.765565 v _2360_/Y (sky130_fd_sc_hd__a21oi_1)
                                                         _0114_ (net)
                      0.102635    0.000747    5.766313 v _2364_/B (sky130_fd_sc_hd__or3_4)
     3    0.007898    0.071370    0.390751    6.157063 v _2364_/X (sky130_fd_sc_hd__or3_4)
                                                         _0118_ (net)
                      0.071370    0.000493    6.157557 v _2366_/A1 (sky130_fd_sc_hd__a21o_1)
     4    0.010337    0.063895    0.194640    6.352197 v _2366_/X (sky130_fd_sc_hd__a21o_1)
                                                         _0120_ (net)
                      0.063899    0.000541    6.352737 v _2370_/A (sky130_fd_sc_hd__and3_1)
     2    0.006181    0.051384    0.163524    6.516262 v _2370_/X (sky130_fd_sc_hd__and3_1)
                                                         _0124_ (net)
                      0.051385    0.000330    6.516592 v _2372_/C (sky130_fd_sc_hd__or3_4)
     3    0.008779    0.072718    0.337436    6.854028 v _2372_/X (sky130_fd_sc_hd__or3_4)
                                                         _0126_ (net)
                      0.072718    0.000262    6.854290 v _2378_/A1 (sky130_fd_sc_hd__a21o_1)
     3    0.009012    0.059091    0.190140    7.044430 v _2378_/X (sky130_fd_sc_hd__a21o_1)
                                                         _0132_ (net)
                      0.059092    0.000318    7.044748 v _2382_/A2 (sky130_fd_sc_hd__a21oi_2)
     3    0.013825    0.190547    0.212455    7.257203 ^ _2382_/Y (sky130_fd_sc_hd__a21oi_2)
                                                         _0136_ (net)
                      0.190554    0.000872    7.258075 ^ _2386_/B (sky130_fd_sc_hd__xnor2_1)
     3    0.011149    0.279348    0.203343    7.461418 ^ _2386_/Y (sky130_fd_sc_hd__xnor2_1)
                                                         _0140_ (net)
                      0.279350    0.000624    7.462042 ^ _2387_/A2 (sky130_fd_sc_hd__a21o_1)
     4    0.009665    0.092740    0.202993    7.665035 ^ _2387_/X (sky130_fd_sc_hd__a21o_1)
                                                         _0141_ (net)
                      0.092742    0.000522    7.665557 ^ rebuffer6/A (sky130_fd_sc_hd__dlymetal6s2s_1)
     1    0.010131    0.123151    0.160735    7.826292 ^ rebuffer6/X (sky130_fd_sc_hd__dlymetal6s2s_1)
                                                         net59 (net)
                      0.123154    0.000791    7.827083 ^ _2389_/A1 (sky130_fd_sc_hd__a21oi_4)
     4    0.019976    0.072572    0.090191    7.917274 v _2389_/Y (sky130_fd_sc_hd__a21oi_4)
                                                         _0143_ (net)
                      0.072591    0.001085    7.918360 v _2392_/B (sky130_fd_sc_hd__or3_4)
     3    0.006516    0.069130    0.375597    8.293957 v _2392_/X (sky130_fd_sc_hd__or3_4)
                                                         _0146_ (net)
                      0.069130    0.000405    8.294362 v _2397_/A1 (sky130_fd_sc_hd__a21o_1)
     4    0.010471    0.064351    0.194291    8.488652 v _2397_/X (sky130_fd_sc_hd__a21o_1)
                                                         _0151_ (net)
                      0.064353    0.000454    8.489106 v _2406_/A (sky130_fd_sc_hd__and3_1)
     2    0.007254    0.056403    0.168638    8.657744 v _2406_/X (sky130_fd_sc_hd__and3_1)
                                                         _0160_ (net)
                      0.056406    0.000473    8.658217 v _2408_/C (sky130_fd_sc_hd__or3_4)
     3    0.008599    0.072502    0.338389    8.996607 v _2408_/X (sky130_fd_sc_hd__or3_4)
                                                         _0162_ (net)
                      0.072502    0.000501    8.997108 v _2410_/A1 (sky130_fd_sc_hd__a21o_1)
     3    0.006473    0.048697    0.178555    9.175662 v _2410_/X (sky130_fd_sc_hd__a21o_1)
                                                         _0164_ (net)
                      0.048698    0.000266    9.175928 v _2413_/C (sky130_fd_sc_hd__and3_1)
     2    0.006214    0.051526    0.192403    9.368330 v _2413_/X (sky130_fd_sc_hd__and3_1)
                                                         _0167_ (net)
                      0.051528    0.000334    9.368665 v _2415_/C (sky130_fd_sc_hd__or3_4)
     3    0.006794    0.069657    0.331462    9.700127 v _2415_/X (sky130_fd_sc_hd__or3_4)
                                                         _0169_ (net)
                      0.069657    0.000325    9.700452 v _2420_/A1 (sky130_fd_sc_hd__a21o_1)
     4    0.012594    0.072968    0.201918    9.902369 v _2420_/X (sky130_fd_sc_hd__a21o_1)
                                                         _0174_ (net)
                      0.072972    0.000642    9.903011 v _2423_/A1 (sky130_fd_sc_hd__a21o_1)
     2    0.008842    0.058743    0.189297   10.092308 v _2423_/X (sky130_fd_sc_hd__a21o_1)
                                                         _0177_ (net)
                      0.058749    0.000624   10.092931 v _2426_/B (sky130_fd_sc_hd__xnor2_1)
     1    0.003342    0.056277    0.126126   10.219057 v _2426_/Y (sky130_fd_sc_hd__xnor2_1)
                                                         _0179_ (net)
                      0.056277    0.000145   10.219202 v _2427_/A1 (sky130_fd_sc_hd__mux2_4)
     1    0.002967    0.048059    0.254594   10.473796 v _2427_/X (sky130_fd_sc_hd__mux2_4)
                                                         _0024_ (net)
                      0.048060    0.000195   10.473990 v _3237_/D (sky130_fd_sc_hd__dfrtp_4)
                                             10.473990   data arrival time

                                  5.000000    5.000000   clock clk (rise edge)
                                  0.000000    5.000000   clock source latency
     2    0.042582    0.000000    0.000000    5.000000 ^ clk (in)
                                                         clk (net)
                      0.003038    0.001519    5.001519 ^ clkbuf_0_clk/A (sky130_fd_sc_hd__clkbuf_16)
    17    0.175118    0.187107    0.216470    5.217989 ^ clkbuf_0_clk/X (sky130_fd_sc_hd__clkbuf_16)
                                                         clknet_0_clk (net)
                      0.188481    0.012889    5.230878 ^ clkbuf_3_3__f_clk/A (sky130_fd_sc_hd__clkbuf_16)
    35    0.101920    0.119138    0.232593    5.463471 ^ clkbuf_3_3__f_clk/X (sky130_fd_sc_hd__clkbuf_16)
                                                         clknet_3_3__leaf_clk (net)
                      0.119833    0.007354    5.470825 ^ _3237_/CLK (sky130_fd_sc_hd__dfrtp_4)
                                 -0.100000    5.370825   clock uncertainty
                                  0.000000    5.370825   clock reconvergence pessimism
                                 -0.098479    5.272346   library setup time
                                              5.272346   data required time
---------------------------------------------------------------------------------------------
                                              5.272346   data required time
                                            -10.473990   data arrival time
---------------------------------------------------------------------------------------------
                                             -5.201645   slack (VIOLATED)




===========================================================================
 report_check_types -max_slew -max_cap -max_fanout -violators
============================================================================
======================= max_tt_025C_1v80 Corner ===================================



===========================================================================
report_parasitic_annotation -report_unannotated
============================================================================
Found 7 unannotated drivers.
 clkload0/Y
 clkload1/Y
 clkload2/Y
 clkload3/Y
 clkload4/Y
 clkload5/Y
 clkload6/Y
Found 0 partially unannotated drivers.

===========================================================================
max slew violation count 0
max fanout violation count 0
max cap violation count 0
============================================================================

===========================================================================
check_setup -verbose -unconstrained_endpoints -multiple_clock -no_clock -no_input_delay -loops -generated_clocks
===========================================================================
Warning: There are 36 input ports missing set_input_delay.
  A_in[0]
  A_in[10]
  A_in[11]
  A_in[12]
  A_in[13]
  A_in[14]
  A_in[15]
  A_in[1]
  A_in[2]
  A_in[3]
  A_in[4]
  A_in[5]
  A_in[6]
  A_in[7]
  A_in[8]
  A_in[9]
  B_in[0]
  B_in[10]
  B_in[11]
  B_in[12]
  B_in[13]
  B_in[14]
  B_in[15]
  B_in[1]
  B_in[2]
  B_in[3]
  B_in[4]
  B_in[5]
  B_in[6]
  B_in[7]
  B_in[8]
  B_in[9]
  Op_Sel[0]
  Op_Sel[1]
  Start
  rst_n
Warning: There are 17 unconstrained endpoints.
  Done
  X_out[0]
  X_out[10]
  X_out[11]
  X_out[12]
  X_out[13]
  X_out[14]
  X_out[15]
  X_out[1]
  X_out[2]
  X_out[3]
  X_out[4]
  X_out[5]
  X_out[6]
  X_out[7]
  X_out[8]
  X_out[9]
