Clock: clk
Sources: clk 
Generated: no
Virtual: yes
Propagated: no
Period: 80.000000

===========================================================================
report_clock_properties
============================================================================
Clock                   Period          Waveform
----------------------------------------------------
clk                  80.000000    0.000000 40.000000

===========================================================================
report_clock_latency
============================================================================
Clock clk
rise -> rise
    min     max
0.000000 0.000000 source latency
0.446409         network latency _3222_/CLK
        0.473465 network latency _3296_/CLK
---------------
0.446409 0.473465 latency
        0.027056 skew

fall -> fall
    min     max
0.000000 0.000000 source latency
0.421299         network latency _3222_/CLK
        0.443940 network latency _3296_/CLK
---------------
0.421299 0.443940 latency
        0.022641 skew



===========================================================================
report_clock_min_period
============================================================================
clk period_min = 10.85 fmax = 92.19
