Reading OpenROAD database at '/work/runs/RUN_2026-03-17_13-58-12/20-openroad-ioplacement/rns_top_crt.odb'…
Reading library file at '/pdk/volare/sky130/versions/0fe599b2afb6708d281543108caf8310912f54af/sky130A/libs.ref/sky130_fd_sc_hd/lib/sky130_fd_sc_hd__tt_025C_1v80.lib'…
Reading design constraints file at 'designs/_shared/ll_policy/constraints.sdc'…
[INFO] No information on clock propagation in input SDC file-- propagating all clocks.
[INFO] Setting RC values…
[INFO] Setting signal min routing layer to: met1 and clock min routing layer to met1. 
[INFO] Setting signal max routing layer to: met5 and clock max routing layer to met5. 
+ global_placement -density 0.21813500000000002 -timing_driven -routability_driven -pad_right 0 -pad_left 0 -init_wirelength_coef 0.25
[INFO GPL-0002] DBU: 1000
[INFO GPL-0003] SiteSize: (  0.460  2.720 ) um
[INFO GPL-0004] CoreBBox: (  5.520 10.880 ) ( 425.500 429.760 ) um
[INFO GPL-0006] NumInstances:              4522
[INFO GPL-0007] NumPlaceInstances:         1718
[INFO GPL-0008] NumFixedInstances:         2804
[INFO GPL-0009] NumDummyInstances:            0
[INFO GPL-0010] NumNets:                   1755
[INFO GPL-0011] NumPins:                   6362
[INFO GPL-0012] DieBBox:  (  0.000  0.000 ) ( 431.270 441.990 ) um
[INFO GPL-0013] CoreBBox: (  5.520 10.880 ) ( 425.500 429.760 ) um
[INFO GPL-0016] CoreArea:            175921.222 um^2
[INFO GPL-0017] NonPlaceInstsArea:     4279.104 um^2
[INFO GPL-0018] PlaceInstsArea:       17659.437 um^2
[INFO GPL-0019] Util:                    10.289 %
[INFO GPL-0020] StdInstsArea:         17659.437 um^2
[INFO GPL-0021] MacroInstsArea:           0.000 um^2
[InitialPlace]  Iter: 1 CG residual: 0.00012575 HPWL: 48611186
[InitialPlace]  Iter: 2 CG residual: 0.00011005 HPWL: 28060993
[InitialPlace]  Iter: 3 CG residual: 0.00008207 HPWL: 27718063
[InitialPlace]  Iter: 4 CG residual: 0.00002988 HPWL: 27589001
[InitialPlace]  Iter: 5 CG residual: 0.00007327 HPWL: 27412889
[InitialPlace]  Iter: 6 CG residual: 0.00000903 HPWL: 27410715
[INFO GPL-0031] FillerInit:NumGCells:      3756
[INFO GPL-0032] FillerInit:NumGNets:       1755
[INFO GPL-0033] FillerInit:NumGPins:       6362
[INFO GPL-0023] TargetDensity:            0.218
[INFO GPL-0024] AvrgPlaceInstArea:       10.279 um^2
[INFO GPL-0025] IdealBinArea:            47.122 um^2
[INFO GPL-0026] IdealBinCnt:               3733
[INFO GPL-0027] TotalBinArea:        175921.222 um^2
[INFO GPL-0028] BinCnt:        32     32
[INFO GPL-0029] BinSize: ( 13.125 13.090 )
[INFO GPL-0030] NumBins: 1024
[NesterovSolve] Iter:    1 overflow: 0.902 HPWL: 18489747
[NesterovSolve] Iter:   10 overflow: 0.791 HPWL: 21580385
[INFO GPL-0100] Timing-driven: executing resizer for reweighting nets.
[INFO GPL-0101] Timing-driven: worst slack 1.85e-09
[INFO GPL-0103] Timing-driven: weighted 175 nets.
[NesterovSolve] Iter:   20 overflow: 0.753 HPWL: 22115538
[NesterovSolve] Iter:   30 overflow: 0.730 HPWL: 22764766
[NesterovSolve] Iter:   40 overflow: 0.713 HPWL: 22979422
[NesterovSolve] Iter:   50 overflow: 0.705 HPWL: 23201116
[NesterovSolve] Iter:   60 overflow: 0.695 HPWL: 23378119
[NesterovSolve] Iter:   70 overflow: 0.696 HPWL: 23501819
[NesterovSolve] Iter:   80 overflow: 0.691 HPWL: 23568519
[NesterovSolve] Iter:   90 overflow: 0.695 HPWL: 23574399
[NesterovSolve] Iter:  100 overflow: 0.696 HPWL: 23518885
[NesterovSolve] Iter:  110 overflow: 0.696 HPWL: 23417741
[NesterovSolve] Iter:  120 overflow: 0.694 HPWL: 23298983
[NesterovSolve] Iter:  130 overflow: 0.696 HPWL: 23195630
[NesterovSolve] Iter:  140 overflow: 0.696 HPWL: 23143223
[NesterovSolve] Iter:  150 overflow: 0.698 HPWL: 23165045
[NesterovSolve] Iter:  160 overflow: 0.697 HPWL: 23274706
[NesterovSolve] Iter:  170 overflow: 0.695 HPWL: 23475856
[NesterovSolve] Iter:  180 overflow: 0.692 HPWL: 23781332
[NesterovSolve] Iter:  190 overflow: 0.688 HPWL: 24177893
[NesterovSolve] Iter:  200 overflow: 0.678 HPWL: 24612534
[NesterovSolve] Iter:  210 overflow: 0.666 HPWL: 25030536
[NesterovSolve] Iter:  220 overflow: 0.648 HPWL: 25516669
[INFO GPL-0100] Timing-driven: executing resizer for reweighting nets.
[INFO GPL-0101] Timing-driven: worst slack 1.7e-09
[INFO GPL-0103] Timing-driven: weighted 175 nets.
[NesterovSolve] Iter:  230 overflow: 0.614 HPWL: 26431599
[NesterovSolve] Snapshot saved at iter = 234
[NesterovSolve] Iter:  240 overflow: 0.582 HPWL: 27171277
[NesterovSolve] Iter:  250 overflow: 0.546 HPWL: 27832978
[NesterovSolve] Iter:  260 overflow: 0.510 HPWL: 28336220
[INFO GPL-0100] Timing-driven: executing resizer for reweighting nets.
[INFO GPL-0101] Timing-driven: worst slack 1.68e-09
[INFO GPL-0103] Timing-driven: weighted 175 nets.
[NesterovSolve] Iter:  270 overflow: 0.469 HPWL: 29136984
[NesterovSolve] Iter:  280 overflow: 0.430 HPWL: 29753768
[NesterovSolve] Iter:  290 overflow: 0.389 HPWL: 30512982
[NesterovSolve] Iter:  300 overflow: 0.352 HPWL: 31142480
[NesterovSolve] Iter:  310 overflow: 0.316 HPWL: 31599363
[INFO GPL-0075] Routability numCall: 1 inflationIterCnt: 1 bloatIterCnt: 0
[INFO GPL-0036] TileBBox: (    0    0 ) ( 6900 6900 ) DBU
[INFO GPL-0038] TileCnt:      62   64
[INFO GPL-0040] NumTiles: 3968
[INFO GPL-0081] TotalRouteOverflow: 0
[INFO GPL-0082] OverflowTileCnt: 0
[INFO GPL-0083] 0.5%RC: 0.7496203243732452
[INFO GPL-0084] 1.0%RC: 0.7118575021624565
[INFO GPL-0085] 2.0%RC: 0.6729128472507
[INFO GPL-0086] 5.0%RC: 0.6232581527987916
[INFO GPL-0087] FinalRC: 0.73073894
[INFO GPL-0077] FinalRC lower than targetRC(1.01), routability not needed.
[NesterovSolve] Iter:  320 overflow: 0.292 HPWL: 32151263
[INFO GPL-0100] Timing-driven: executing resizer for reweighting nets.
[INFO GPL-0101] Timing-driven: worst slack 1.71e-09
[INFO GPL-0103] Timing-driven: weighted 175 nets.
[NesterovSolve] Iter:  330 overflow: 0.261 HPWL: 32635748
[NesterovSolve] Iter:  340 overflow: 0.234 HPWL: 33026907
[NesterovSolve] Iter:  350 overflow: 0.204 HPWL: 33414582
[INFO GPL-0100] Timing-driven: executing resizer for reweighting nets.
[INFO GPL-0101] Timing-driven: worst slack 1.72e-09
[INFO GPL-0103] Timing-driven: weighted 175 nets.
[NesterovSolve] Iter:  360 overflow: 0.178 HPWL: 33821116
[NesterovSolve] Iter:  370 overflow: 0.157 HPWL: 34097006
[INFO GPL-0100] Timing-driven: executing resizer for reweighting nets.
[INFO GPL-0101] Timing-driven: worst slack 1.7e-09
[INFO GPL-0103] Timing-driven: weighted 175 nets.
[NesterovSolve] Iter:  380 overflow: 0.138 HPWL: 34254540
[NesterovSolve] Iter:  390 overflow: 0.122 HPWL: 34504537
[NesterovSolve] Iter:  400 overflow: 0.103 HPWL: 34675392
[NesterovSolve] Finished with Overflow: 0.098988
[INFO] Setting RC values…
Setting global connections for newly added cells…
[INFO] Setting global connections...
Updating metrics…
Cell type report:                       Count       Area
  Fill cell                               308    1156.11
  Tap cell                               2496    3123.00
  Inverter                                 59     221.46
  Sequential cell                         110    2890.27
  Multi-Input combinational cell         1549   14547.70
  Total                                  4522   21938.54
Writing OpenROAD database to '/work/runs/RUN_2026-03-17_13-58-12/23-openroad-globalplacement/rns_top_crt.odb'…
Writing netlist to '/work/runs/RUN_2026-03-17_13-58-12/23-openroad-globalplacement/rns_top_crt.nl.v'…
Writing powered netlist to '/work/runs/RUN_2026-03-17_13-58-12/23-openroad-globalplacement/rns_top_crt.pnl.v'…
Writing layout to '/work/runs/RUN_2026-03-17_13-58-12/23-openroad-globalplacement/rns_top_crt.def'…
Writing timing constraints to '/work/runs/RUN_2026-03-17_13-58-12/23-openroad-globalplacement/rns_top_crt.sdc'…
