
===========================================================================
report_checks -unconstrained
===========================================================================
======================= max_ff_n40C_1v95 Corner ===================================

Startpoint: _3302_ (rising edge-triggered flip-flop clocked by clk)
Endpoint: _3237_ (rising edge-triggered flip-flop clocked by clk)
Path Group: clk
Path Type: max

Fanout         Cap        Slew       Delay        Time   Description
---------------------------------------------------------------------------------------------
                                  0.000000    0.000000   clock clk (rise edge)
                                  0.000000    0.000000   clock source latency
     2    0.040458    0.000000    0.000000    0.000000 ^ clk (in)
                                                         clk (net)
                      0.003013    0.001506    0.001506 ^ clkbuf_0_clk/A (sky130_fd_sc_hd__clkbuf_16)
    17    0.171881    0.142410    0.153898    0.155404 ^ clkbuf_0_clk/X (sky130_fd_sc_hd__clkbuf_16)
                                                         clknet_0_clk (net)
                      0.144309    0.013105    0.168509 ^ clkbuf_3_0__f_clk/A (sky130_fd_sc_hd__clkbuf_16)
    25    0.099602    0.089617    0.155298    0.323807 ^ clkbuf_3_0__f_clk/X (sky130_fd_sc_hd__clkbuf_16)
                                                         clknet_3_0__leaf_clk (net)
                      0.090483    0.007009    0.330815 ^ _3302_/CLK (sky130_fd_sc_hd__dfrtp_4)
    15    0.051788    0.089732    0.362244    0.693060 v _3302_/Q (sky130_fd_sc_hd__dfrtp_4)
                                                         B_reg[12] (net)
                      0.090351    0.006298    0.699357 v _1910_/C (sky130_fd_sc_hd__and3_1)
     3    0.006419    0.037846    0.147330    0.846688 v _1910_/X (sky130_fd_sc_hd__and3_1)
                                                         _1175_ (net)
                      0.037847    0.000213    0.846901 v _2300_/B (sky130_fd_sc_hd__or4_1)
     4    0.009965    0.084413    0.322907    1.169807 v _2300_/X (sky130_fd_sc_hd__or4_1)
                                                         _1553_ (net)
                      0.084415    0.000564    1.170371 v _2304_/A2 (sky130_fd_sc_hd__a21o_1)
     3    0.007817    0.038873    0.145328    1.315699 v _2304_/X (sky130_fd_sc_hd__a21o_1)
                                                         _1557_ (net)
                      0.038877    0.000433    1.316133 v _2307_/A2 (sky130_fd_sc_hd__a21oi_1)
     3    0.010790    0.184731    0.177158    1.493291 ^ _2307_/Y (sky130_fd_sc_hd__a21oi_1)
                                                         _1560_ (net)
                      0.184733    0.000382    1.493673 ^ _2311_/B (sky130_fd_sc_hd__xor2_1)
     3    0.010884    0.184331    0.169521    1.663194 ^ _2311_/X (sky130_fd_sc_hd__xor2_1)
                                                         _1564_ (net)
                      0.184335    0.000690    1.663884 ^ _2313_/A2 (sky130_fd_sc_hd__a21o_1)
     4    0.011739    0.082264    0.124429    1.788313 ^ _2313_/X (sky130_fd_sc_hd__a21o_1)
                                                         _1566_ (net)
                      0.082267    0.000644    1.788957 ^ _2318_/A1 (sky130_fd_sc_hd__a21oi_1)
     3    0.011129    0.063795    0.070140    1.859098 v _2318_/Y (sky130_fd_sc_hd__a21oi_1)
                                                         _1571_ (net)
                      0.063803    0.000569    1.859666 v _2321_/B (sky130_fd_sc_hd__or3_1)
     3    0.007576    0.060973    0.227390    2.087056 v _2321_/X (sky130_fd_sc_hd__or3_1)
                                                         _1574_ (net)
                      0.060973    0.000264    2.087320 v _2326_/A1 (sky130_fd_sc_hd__a21o_1)
     4    0.010095    0.045574    0.128738    2.216058 v _2326_/X (sky130_fd_sc_hd__a21o_1)
                                                         _1579_ (net)
                      0.045580    0.000539    2.216598 v _2328_/C (sky130_fd_sc_hd__and3_1)
     2    0.005469    0.035143    0.125638    2.342236 v _2328_/X (sky130_fd_sc_hd__and3_1)
                                                         _1581_ (net)
                      0.035146    0.000349    2.342585 v _2330_/C (sky130_fd_sc_hd__or3_2)
     4    0.015093    0.078186    0.268017    2.610602 v _2330_/X (sky130_fd_sc_hd__or3_2)
                                                         _1583_ (net)
                      0.078205    0.000826    2.611429 v _2334_/A1 (sky130_fd_sc_hd__a21o_1)
     5    0.016811    0.063430    0.151823    2.763252 v _2334_/X (sky130_fd_sc_hd__a21o_1)
                                                         _1587_ (net)
                      0.063439    0.000771    2.764023 v _2338_/B (sky130_fd_sc_hd__and3_1)
     2    0.005845    0.036191    0.123768    2.887791 v _2338_/X (sky130_fd_sc_hd__and3_1)
                                                         _1591_ (net)
                      0.036194    0.000385    2.888176 v _2345_/C (sky130_fd_sc_hd__or3_1)
     3    0.008929    0.066684    0.201797    3.089973 v _2345_/X (sky130_fd_sc_hd__or3_1)
                                                         _1598_ (net)
                      0.066686    0.000438    3.090411 v _2347_/A1 (sky130_fd_sc_hd__a21o_1)
     4    0.011452    0.048292    0.134683    3.225094 v _2347_/X (sky130_fd_sc_hd__a21o_1)
                                                         _1600_ (net)
                      0.048301    0.000658    3.225752 v _2350_/C (sky130_fd_sc_hd__and3_1)
     2    0.006141    0.037062    0.128912    3.354664 v _2350_/X (sky130_fd_sc_hd__and3_1)
                                                         _1603_ (net)
                      0.037064    0.000334    3.354998 v _2352_/C (sky130_fd_sc_hd__or3_1)
     3    0.010257    0.070548    0.208252    3.563250 v _2352_/X (sky130_fd_sc_hd__or3_1)
                                                         _0106_ (net)
                      0.070553    0.000647    3.563897 v _2355_/A2 (sky130_fd_sc_hd__a21o_1)
     4    0.011812    0.049293    0.152365    3.716262 v _2355_/X (sky130_fd_sc_hd__a21o_1)
                                                         _0109_ (net)
                      0.049313    0.000929    3.717191 v _2362_/B (sky130_fd_sc_hd__and3_1)
     2    0.007080    0.039938    0.122030    3.839222 v _2362_/X (sky130_fd_sc_hd__and3_1)
                                                         _0116_ (net)
                      0.039943    0.000465    3.839686 v _2364_/C (sky130_fd_sc_hd__or3_1)
     3    0.008093    0.063176    0.198741    4.038427 v _2364_/X (sky130_fd_sc_hd__or3_1)
                                                         _0118_ (net)
                      0.063179    0.000516    4.038944 v _2366_/A2 (sky130_fd_sc_hd__a21o_1)
     4    0.010404    0.045875    0.145977    4.184920 v _2366_/X (sky130_fd_sc_hd__a21o_1)
                                                         _0120_ (net)
                      0.045890    0.000790    4.185710 v _2370_/B (sky130_fd_sc_hd__and3_1)
     2    0.006498    0.038127    0.118900    4.304611 v _2370_/X (sky130_fd_sc_hd__and3_1)
                                                         _0124_ (net)
                      0.038130    0.000335    4.304945 v _2372_/C (sky130_fd_sc_hd__or3_1)
     3    0.009324    0.068420    0.204194    4.509139 v _2372_/X (sky130_fd_sc_hd__or3_1)
                                                         _0126_ (net)
                      0.068422    0.000477    4.509616 v _2378_/A1 (sky130_fd_sc_hd__a21o_1)
     4    0.010942    0.046955    0.134171    4.643787 v _2378_/X (sky130_fd_sc_hd__a21o_1)
                                                         _0132_ (net)
                      0.046957    0.000361    4.644148 v _2383_/C (sky130_fd_sc_hd__and3_1)
     2    0.007519    0.041349    0.132840    4.776989 v _2383_/X (sky130_fd_sc_hd__and3_1)
                                                         _0137_ (net)
                      0.041360    0.000658    4.777647 v _2385_/C (sky130_fd_sc_hd__or3_1)
     3    0.008498    0.064842    0.201143    4.978789 v _2385_/X (sky130_fd_sc_hd__or3_1)
                                                         _0139_ (net)
                      0.064843    0.000432    4.979221 v _2387_/A1 (sky130_fd_sc_hd__a21o_1)
     4    0.013280    0.053423    0.138471    5.117692 v _2387_/X (sky130_fd_sc_hd__a21o_1)
                                                         _0141_ (net)
                      0.053426    0.000448    5.118139 v _2390_/B (sky130_fd_sc_hd__and3_1)
     3    0.010257    0.048466    0.134150    5.252290 v _2390_/X (sky130_fd_sc_hd__and3_1)
                                                         _0144_ (net)
                      0.048467    0.000369    5.252658 v _2392_/C (sky130_fd_sc_hd__or3_1)
     3    0.007328    0.060071    0.197448    5.450107 v _2392_/X (sky130_fd_sc_hd__or3_1)
                                                         _0146_ (net)
                      0.060072    0.000380    5.450487 v _2397_/A1 (sky130_fd_sc_hd__a21o_1)
     4    0.011459    0.048319    0.132130    5.582616 v _2397_/X (sky130_fd_sc_hd__a21o_1)
                                                         _0151_ (net)
                      0.048335    0.000835    5.583451 v _2406_/B (sky130_fd_sc_hd__and3_1)
     2    0.005855    0.036218    0.117702    5.701153 v _2406_/X (sky130_fd_sc_hd__and3_1)
                                                         _0160_ (net)
                      0.036218    0.000190    5.701343 v _2408_/C (sky130_fd_sc_hd__or3_1)
     3    0.008189    0.063513    0.198267    5.899610 v _2408_/X (sky130_fd_sc_hd__or3_1)
                                                         _0162_ (net)
                      0.063514    0.000382    5.899992 v _2410_/A2 (sky130_fd_sc_hd__a21o_1)
     3    0.007709    0.038554    0.137728    6.037721 v _2410_/X (sky130_fd_sc_hd__a21o_1)
                                                         _0164_ (net)
                      0.038558    0.000418    6.038138 v _2413_/C (sky130_fd_sc_hd__and3_1)
     2    0.005632    0.035588    0.123569    6.161708 v _2413_/X (sky130_fd_sc_hd__and3_1)
                                                         _0167_ (net)
                      0.035589    0.000185    6.161893 v _2415_/C (sky130_fd_sc_hd__or3_1)
     3    0.007709    0.061561    0.195756    6.357649 v _2415_/X (sky130_fd_sc_hd__or3_1)
                                                         _0169_ (net)
                      0.061563    0.000446    6.358095 v _2420_/A1 (sky130_fd_sc_hd__a21o_1)
     4    0.012026    0.049881    0.134104    6.492199 v _2420_/X (sky130_fd_sc_hd__a21o_1)
                                                         _0174_ (net)
                      0.049892    0.000740    6.492939 v _2423_/A1 (sky130_fd_sc_hd__a21o_1)
     2    0.008526    0.041166    0.119810    6.612749 v _2423_/X (sky130_fd_sc_hd__a21o_1)
                                                         _0177_ (net)
                      0.041175    0.000603    6.613352 v _2426_/B (sky130_fd_sc_hd__xnor2_1)
     1    0.003106    0.039446    0.080356    6.693708 v _2426_/Y (sky130_fd_sc_hd__xnor2_1)
                                                         _0179_ (net)
                      0.039446    0.000126    6.693834 v _2427_/A1 (sky130_fd_sc_hd__mux2_1)
     1    0.003009    0.038768    0.149884    6.843718 v _2427_/X (sky130_fd_sc_hd__mux2_1)
                                                         _0024_ (net)
                      0.038768    0.000200    6.843918 v _3237_/D (sky130_fd_sc_hd__dfrtp_4)
                                              6.843918   data arrival time

                                100.000000  100.000000   clock clk (rise edge)
                                  0.000000  100.000000   clock source latency
     2    0.040458    0.000000    0.000000  100.000000 ^ clk (in)
                                                         clk (net)
                      0.003013    0.001506  100.001503 ^ clkbuf_0_clk/A (sky130_fd_sc_hd__clkbuf_16)
    17    0.171881    0.142410    0.153896  100.155403 ^ clkbuf_0_clk/X (sky130_fd_sc_hd__clkbuf_16)
                                                         clknet_0_clk (net)
                      0.144080    0.012314  100.167717 ^ clkbuf_3_3__f_clk/A (sky130_fd_sc_hd__clkbuf_16)
    35    0.100481    0.090282    0.155275  100.322990 ^ clkbuf_3_3__f_clk/X (sky130_fd_sc_hd__clkbuf_16)
                                                         clknet_3_3__leaf_clk (net)
                      0.090748    0.005208  100.328194 ^ _3237_/CLK (sky130_fd_sc_hd__dfrtp_4)
                                 -0.100000  100.228195   clock uncertainty
                                  0.000000  100.228195   clock reconvergence pessimism
                                 -0.069392  100.158806   library setup time
                                            100.158806   data required time
---------------------------------------------------------------------------------------------
                                            100.158806   data required time
                                             -6.843918   data arrival time
---------------------------------------------------------------------------------------------
                                             93.314880   slack (MET)




===========================================================================
report_checks --slack_max -0.01
============================================================================
======================= max_ff_n40C_1v95 Corner ===================================

No paths found.


===========================================================================
 report_check_types -max_slew -max_cap -max_fanout -violators
============================================================================
======================= max_ff_n40C_1v95 Corner ===================================



===========================================================================
report_parasitic_annotation -report_unannotated
============================================================================
Found 7 unannotated drivers.
 clkload0/Y
 clkload1/Y
 clkload2/Y
 clkload3/Y
 clkload4/Y
 clkload5/Y
 clkload6/Y
Found 0 partially unannotated drivers.

===========================================================================
max slew violation count 0
max fanout violation count 0
max cap violation count 0
============================================================================

===========================================================================
check_setup -verbose -unconstrained_endpoints -multiple_clock -no_clock -no_input_delay -loops -generated_clocks
===========================================================================
Warning: There are 36 input ports missing set_input_delay.
  A_in[0]
  A_in[10]
  A_in[11]
  A_in[12]
  A_in[13]
  A_in[14]
  A_in[15]
  A_in[1]
  A_in[2]
  A_in[3]
  A_in[4]
  A_in[5]
  A_in[6]
  A_in[7]
  A_in[8]
  A_in[9]
  B_in[0]
  B_in[10]
  B_in[11]
  B_in[12]
  B_in[13]
  B_in[14]
  B_in[15]
  B_in[1]
  B_in[2]
  B_in[3]
  B_in[4]
  B_in[5]
  B_in[6]
  B_in[7]
  B_in[8]
  B_in[9]
  Op_Sel[0]
  Op_Sel[1]
  Start
  rst_n
Warning: There are 17 unconstrained endpoints.
  Done
  X_out[0]
  X_out[10]
  X_out[11]
  X_out[12]
  X_out[13]
  X_out[14]
  X_out[15]
  X_out[1]
  X_out[2]
  X_out[3]
  X_out[4]
  X_out[5]
  X_out[6]
  X_out[7]
  X_out[8]
  X_out[9]
