
===========================================================================
report_checks -unconstrained
===========================================================================
======================= min_ff_n40C_1v95 Corner ===================================

Startpoint: _3302_ (rising edge-triggered flip-flop clocked by clk)
Endpoint: _3237_ (rising edge-triggered flip-flop clocked by clk)
Path Group: clk
Path Type: max

Fanout         Cap        Slew       Delay        Time   Description
---------------------------------------------------------------------------------------------
                                  0.000000    0.000000   clock clk (rise edge)
                                  0.000000    0.000000   clock source latency
     2    0.041341    0.000000    0.000000    0.000000 ^ clk (in)
                                                         clk (net)
                      0.001585    0.000792    0.000792 ^ clkbuf_0_clk/A (sky130_fd_sc_hd__clkbuf_16)
    17    0.156461    0.130362    0.149910    0.150702 ^ clkbuf_0_clk/X (sky130_fd_sc_hd__clkbuf_16)
                                                         clknet_0_clk (net)
                      0.130660    0.005018    0.155720 ^ clkbuf_3_0__f_clk/A (sky130_fd_sc_hd__clkbuf_16)
    25    0.088722    0.081023    0.149517    0.305237 ^ clkbuf_3_0__f_clk/X (sky130_fd_sc_hd__clkbuf_16)
                                                         clknet_3_0__leaf_clk (net)
                      0.081132    0.002372    0.307609 ^ _3302_/CLK (sky130_fd_sc_hd__dfrtp_4)
    15    0.048883    0.085007    0.359101    0.666710 v _3302_/Q (sky130_fd_sc_hd__dfrtp_4)
                                                         B_reg[12] (net)
                      0.085041    0.001589    0.668299 v _1910_/C (sky130_fd_sc_hd__and3_1)
     3    0.006038    0.036686    0.143922    0.812221 v _1910_/X (sky130_fd_sc_hd__and3_1)
                                                         _1175_ (net)
                      0.036686    0.000033    0.812254 v _2300_/B (sky130_fd_sc_hd__or4_1)
     4    0.009748    0.083709    0.321734    1.133989 v _2300_/X (sky130_fd_sc_hd__or4_1)
                                                         _1553_ (net)
                      0.083709    0.000069    1.134058 v _2304_/A2 (sky130_fd_sc_hd__a21o_1)
     3    0.007537    0.037888    0.144386    1.278444 v _2304_/X (sky130_fd_sc_hd__a21o_1)
                                                         _1557_ (net)
                      0.037888    0.000070    1.278514 v _2308_/C (sky130_fd_sc_hd__and3_1)
     2    0.005064    0.034004    0.121498    1.400012 v _2308_/X (sky130_fd_sc_hd__and3_1)
                                                         _1561_ (net)
                      0.034004    0.000049    1.400062 v _2310_/C (sky130_fd_sc_hd__or3_1)
     3    0.007983    0.062548    0.196834    1.596896 v _2310_/X (sky130_fd_sc_hd__or3_1)
                                                         _1563_ (net)
                      0.062548    0.000086    1.596982 v _2313_/A1 (sky130_fd_sc_hd__a21o_1)
     4    0.010549    0.046041    0.131050    1.728031 v _2313_/X (sky130_fd_sc_hd__a21o_1)
                                                         _1566_ (net)
                      0.046041    0.000074    1.728106 v _2319_/B (sky130_fd_sc_hd__and3_1)
     2    0.005519    0.035249    0.115808    1.843914 v _2319_/X (sky130_fd_sc_hd__and3_1)
                                                         _1572_ (net)
                      0.035249    0.000036    1.843950 v _2321_/C (sky130_fd_sc_hd__or3_1)
     3    0.008667    0.065446    0.200431    2.044381 v _2321_/X (sky130_fd_sc_hd__or3_1)
                                                         _1574_ (net)
                      0.065446    0.000143    2.044524 v _2326_/A1 (sky130_fd_sc_hd__a21o_1)
     4    0.010966    0.046946    0.133276    2.177800 v _2326_/X (sky130_fd_sc_hd__a21o_1)
                                                         _1579_ (net)
                      0.046946    0.000142    2.177942 v _2328_/C (sky130_fd_sc_hd__and3_1)
     2    0.004722    0.033083    0.123783    2.301725 v _2328_/X (sky130_fd_sc_hd__and3_1)
                                                         _1581_ (net)
                      0.033083    0.000045    2.301769 v _2330_/C (sky130_fd_sc_hd__or3_2)
     4    0.013917    0.075423    0.264629    2.566398 v _2330_/X (sky130_fd_sc_hd__or3_2)
                                                         _1583_ (net)
                      0.075423    0.000230    2.566628 v _2334_/A1 (sky130_fd_sc_hd__a21o_1)
     5    0.015822    0.060446    0.148779    2.715408 v _2334_/X (sky130_fd_sc_hd__a21o_1)
                                                         _1587_ (net)
                      0.060446    0.000150    2.715558 v _2338_/B (sky130_fd_sc_hd__and3_1)
     2    0.007120    0.039936    0.126891    2.842448 v _2338_/X (sky130_fd_sc_hd__and3_1)
                                                         _1591_ (net)
                      0.039936    0.000112    2.842561 v _2345_/C (sky130_fd_sc_hd__or3_1)
     3    0.008141    0.063194    0.199227    3.041788 v _2345_/X (sky130_fd_sc_hd__or3_1)
                                                         _1598_ (net)
                      0.063194    0.000060    3.041848 v _2347_/A1 (sky130_fd_sc_hd__a21o_1)
     4    0.011249    0.047719    0.133146    3.174994 v _2347_/X (sky130_fd_sc_hd__a21o_1)
                                                         _1600_ (net)
                      0.047719    0.000149    3.175143 v _2350_/C (sky130_fd_sc_hd__and3_1)
     2    0.006548    0.038226    0.130181    3.305324 v _2350_/X (sky130_fd_sc_hd__and3_1)
                                                         _1603_ (net)
                      0.038226    0.000090    3.305414 v _2352_/C (sky130_fd_sc_hd__or3_1)
     3    0.009033    0.067028    0.203004    3.508418 v _2352_/X (sky130_fd_sc_hd__or3_1)
                                                         _0106_ (net)
                      0.067028    0.000112    3.508530 v _2355_/A2 (sky130_fd_sc_hd__a21o_1)
     4    0.010338    0.045709    0.147513    3.656043 v _2355_/X (sky130_fd_sc_hd__a21o_1)
                                                         _0109_ (net)
                      0.045709    0.000123    3.656166 v _2362_/B (sky130_fd_sc_hd__and3_1)
     2    0.005669    0.035666    0.116181    3.772346 v _2362_/X (sky130_fd_sc_hd__and3_1)
                                                         _0116_ (net)
                      0.035666    0.000068    3.772414 v _2364_/C (sky130_fd_sc_hd__or3_1)
     3    0.007418    0.060306    0.194557    3.966972 v _2364_/X (sky130_fd_sc_hd__or3_1)
                                                         _0118_ (net)
                      0.060306    0.000097    3.967069 v _2366_/A2 (sky130_fd_sc_hd__a21o_1)
     4    0.011340    0.047940    0.148031    4.115100 v _2366_/X (sky130_fd_sc_hd__a21o_1)
                                                         _0120_ (net)
                      0.047940    0.000142    4.115242 v _2370_/B (sky130_fd_sc_hd__and3_1)
     2    0.005594    0.035453    0.116795    4.232036 v _2370_/X (sky130_fd_sc_hd__and3_1)
                                                         _0124_ (net)
                      0.035453    0.000059    4.232095 v _2372_/C (sky130_fd_sc_hd__or3_1)
     3    0.008818    0.066065    0.201251    4.433347 v _2372_/X (sky130_fd_sc_hd__or3_1)
                                                         _0126_ (net)
                      0.066065    0.000049    4.433396 v _2378_/A1 (sky130_fd_sc_hd__a21o_1)
     4    0.010520    0.046001    0.132252    4.565648 v _2378_/X (sky130_fd_sc_hd__a21o_1)
                                                         _0132_ (net)
                      0.046001    0.000073    4.565721 v _2383_/C (sky130_fd_sc_hd__and3_1)
     2    0.006870    0.039176    0.130619    4.696340 v _2383_/X (sky130_fd_sc_hd__and3_1)
                                                         _0137_ (net)
                      0.039176    0.000088    4.696428 v _2385_/C (sky130_fd_sc_hd__or3_1)
     3    0.008098    0.063014    0.198809    4.895237 v _2385_/X (sky130_fd_sc_hd__or3_1)
                                                         _0139_ (net)
                      0.063014    0.000070    4.895307 v _2387_/A1 (sky130_fd_sc_hd__a21o_1)
     4    0.012383    0.050822    0.135858    5.031166 v _2387_/X (sky130_fd_sc_hd__a21o_1)
                                                         _0141_ (net)
                      0.050822    0.000072    5.031237 v _2390_/B (sky130_fd_sc_hd__and3_1)
     3    0.009900    0.047637    0.132156    5.163393 v _2390_/X (sky130_fd_sc_hd__and3_1)
                                                         _0144_ (net)
                      0.047637    0.000147    5.163540 v _2392_/C (sky130_fd_sc_hd__or3_1)
     3    0.006834    0.058044    0.195040    5.358581 v _2392_/X (sky130_fd_sc_hd__or3_1)
                                                         _0146_ (net)
                      0.058044    0.000060    5.358640 v _2397_/A1 (sky130_fd_sc_hd__a21o_1)
     4    0.010892    0.046725    0.130399    5.489039 v _2397_/X (sky130_fd_sc_hd__a21o_1)
                                                         _0151_ (net)
                      0.046725    0.000075    5.489115 v _2406_/B (sky130_fd_sc_hd__and3_1)
     2    0.005573    0.035400    0.116253    5.605368 v _2406_/X (sky130_fd_sc_hd__and3_1)
                                                         _0160_ (net)
                      0.035400    0.000058    5.605426 v _2408_/C (sky130_fd_sc_hd__or3_1)
     3    0.007975    0.062512    0.197196    5.802622 v _2408_/X (sky130_fd_sc_hd__or3_1)
                                                         _0162_ (net)
                      0.062512    0.000052    5.802674 v _2410_/A2 (sky130_fd_sc_hd__a21o_1)
     3    0.007128    0.036647    0.135749    5.938423 v _2410_/X (sky130_fd_sc_hd__a21o_1)
                                                         _0164_ (net)
                      0.036647    0.000078    5.938501 v _2413_/C (sky130_fd_sc_hd__and3_1)
     2    0.004940    0.033676    0.120614    6.059115 v _2413_/X (sky130_fd_sc_hd__and3_1)
                                                         _0167_ (net)
                      0.033676    0.000038    6.059154 v _2415_/C (sky130_fd_sc_hd__or3_1)
     3    0.006944    0.058402    0.191756    6.250909 v _2415_/X (sky130_fd_sc_hd__or3_1)
                                                         _0169_ (net)
                      0.058402    0.000067    6.250976 v _2420_/A1 (sky130_fd_sc_hd__a21o_1)
     4    0.011254    0.047716    0.131411    6.382387 v _2420_/X (sky130_fd_sc_hd__a21o_1)
                                                         _0174_ (net)
                      0.047716    0.000099    6.382486 v _2423_/A1 (sky130_fd_sc_hd__a21o_1)
     2    0.008175    0.039871    0.118201    6.500687 v _2423_/X (sky130_fd_sc_hd__a21o_1)
                                                         _0177_ (net)
                      0.039871    0.000103    6.500791 v _2426_/B (sky130_fd_sc_hd__xnor2_1)
     1    0.003064    0.038080    0.079706    6.580497 v _2426_/Y (sky130_fd_sc_hd__xnor2_1)
                                                         _0179_ (net)
                      0.038080    0.000024    6.580522 v _2427_/A1 (sky130_fd_sc_hd__mux2_1)
     1    0.002903    0.038311    0.148911    6.729432 v _2427_/X (sky130_fd_sc_hd__mux2_1)
                                                         _0024_ (net)
                      0.038311    0.000032    6.729464 v _3237_/D (sky130_fd_sc_hd__dfrtp_4)
                                              6.729464   data arrival time

                                 60.000000   60.000000   clock clk (rise edge)
                                  0.000000   60.000000   clock source latency
     2    0.041341    0.000000    0.000000   60.000000 ^ clk (in)
                                                         clk (net)
                      0.001585    0.000796   60.000793 ^ clkbuf_0_clk/A (sky130_fd_sc_hd__clkbuf_16)
    17    0.156461    0.130362    0.149903   60.150700 ^ clkbuf_0_clk/X (sky130_fd_sc_hd__clkbuf_16)
                                                         clknet_0_clk (net)
                      0.130636    0.004825   60.155521 ^ clkbuf_3_3__f_clk/A (sky130_fd_sc_hd__clkbuf_16)
    35    0.093377    0.084392    0.152269   60.307793 ^ clkbuf_3_3__f_clk/X (sky130_fd_sc_hd__clkbuf_16)
                                                         clknet_3_3__leaf_clk (net)
                      0.084410    0.001194   60.308987 ^ _3237_/CLK (sky130_fd_sc_hd__dfrtp_4)
                                 -0.100000   60.208984   clock uncertainty
                                  0.000000   60.208984   clock reconvergence pessimism
                                 -0.069825   60.139160   library setup time
                                             60.139160   data required time
---------------------------------------------------------------------------------------------
                                             60.139160   data required time
                                             -6.729464   data arrival time
---------------------------------------------------------------------------------------------
                                             53.409695   slack (MET)




===========================================================================
report_checks --slack_max -0.01
============================================================================
======================= min_ff_n40C_1v95 Corner ===================================

No paths found.


===========================================================================
 report_check_types -max_slew -max_cap -max_fanout -violators
============================================================================
======================= min_ff_n40C_1v95 Corner ===================================



===========================================================================
report_parasitic_annotation -report_unannotated
============================================================================
Found 7 unannotated drivers.
 clkload0/Y
 clkload1/Y
 clkload2/Y
 clkload3/Y
 clkload4/Y
 clkload5/Y
 clkload6/Y
Found 0 partially unannotated drivers.

===========================================================================
max slew violation count 0
max fanout violation count 0
max cap violation count 0
============================================================================

===========================================================================
check_setup -verbose -unconstrained_endpoints -multiple_clock -no_clock -no_input_delay -loops -generated_clocks
===========================================================================
Warning: There are 36 input ports missing set_input_delay.
  A_in[0]
  A_in[10]
  A_in[11]
  A_in[12]
  A_in[13]
  A_in[14]
  A_in[15]
  A_in[1]
  A_in[2]
  A_in[3]
  A_in[4]
  A_in[5]
  A_in[6]
  A_in[7]
  A_in[8]
  A_in[9]
  B_in[0]
  B_in[10]
  B_in[11]
  B_in[12]
  B_in[13]
  B_in[14]
  B_in[15]
  B_in[1]
  B_in[2]
  B_in[3]
  B_in[4]
  B_in[5]
  B_in[6]
  B_in[7]
  B_in[8]
  B_in[9]
  Op_Sel[0]
  Op_Sel[1]
  Start
  rst_n
Warning: There are 17 unconstrained endpoints.
  Done
  X_out[0]
  X_out[10]
  X_out[11]
  X_out[12]
  X_out[13]
  X_out[14]
  X_out[15]
  X_out[1]
  X_out[2]
  X_out[3]
  X_out[4]
  X_out[5]
  X_out[6]
  X_out[7]
  X_out[8]
  X_out[9]
