Clock: clk
Sources: clk 
Generated: no
Virtual: yes
Propagated: no
Period: 60.000000

===========================================================================
report_clock_properties
============================================================================
Clock                   Period          Waveform
----------------------------------------------------
clk                  60.000000    0.000000 30.000000

===========================================================================
report_clock_latency
============================================================================
Clock clk
rise -> rise
    min     max
0.000000 0.000000 source latency
0.298010         network latency _3220_/CLK
        0.315223 network latency _3295_/CLK
---------------
0.298010 0.315223 latency
        0.017214 skew

fall -> fall
    min     max
0.000000 0.000000 source latency
0.282267         network latency _3220_/CLK
        0.296119 network latency _3295_/CLK
---------------
0.282267 0.296119 latency
        0.013852 skew



===========================================================================
report_clock_min_period
============================================================================
clk period_min = 6.59 fmax = 151.74
