Clock: clk
Sources: clk 
Generated: no
Virtual: yes
Propagated: no
Period: 10.125000

===========================================================================
report_clock_properties
============================================================================
Clock                   Period          Waveform
----------------------------------------------------
clk                  10.125000    0.000000  5.062500

===========================================================================
report_clock_latency
============================================================================
Clock clk
rise -> rise
    min     max
0.000000 0.000000 source latency
0.427670         network latency _3221_/CLK
        0.448564 network latency _3295_/CLK
---------------
0.427670 0.448564 latency
        0.020894 skew

fall -> fall
    min     max
0.000000 0.000000 source latency
0.406630         network latency _3221_/CLK
        0.423370 network latency _3295_/CLK
---------------
0.406630 0.423370 latency
        0.016740 skew



===========================================================================
report_clock_min_period
============================================================================
clk period_min = 10.03 fmax = 99.73
