Clock: clk
Sources: clk 
Generated: no
Virtual: yes
Propagated: no
Period: 200.000000

===========================================================================
report_clock_properties
============================================================================
Clock                   Period          Waveform
----------------------------------------------------
clk                 200.000000    0.000000100.000000

===========================================================================
report_clock_latency
============================================================================
Clock clk
rise -> rise
    min     max
0.000000 0.000000 source latency
0.423172         network latency _3221_/CLK
        0.442750 network latency _3256_/CLK
---------------
0.423172 0.442750 latency
        0.019578 skew

fall -> fall
    min     max
0.000000 0.000000 source latency
0.403453         network latency _3221_/CLK
        0.419085 network latency _3296_/CLK
---------------
0.403453 0.419085 latency
        0.015632 skew



===========================================================================
report_clock_min_period
============================================================================
clk period_min = 10.66 fmax = 93.83
