Clock: clk
Sources: clk 
Generated: no
Virtual: yes
Propagated: no
Period: 10.125000

===========================================================================
report_clock_properties
============================================================================
Clock                   Period          Waveform
----------------------------------------------------
clk                  10.125000    0.000000  5.062500

===========================================================================
report_clock_latency
============================================================================
Clock clk
rise -> rise
    min     max
0.000000 0.000000 source latency
0.439918         network latency _3221_/CLK
        0.464394 network latency _3295_/CLK
---------------
0.439918 0.464394 latency
        0.024476 skew

fall -> fall
    min     max
0.000000 0.000000 source latency
0.415787         network latency _3221_/CLK
        0.435620 network latency _3295_/CLK
---------------
0.415787 0.435620 latency
        0.019834 skew



===========================================================================
report_clock_min_period
============================================================================
clk period_min = 10.10 fmax = 98.99
