Clock: clk
Sources: clk 
Generated: no
Virtual: yes
Propagated: no
Period: 15.000000

===========================================================================
report_clock_properties
============================================================================
Clock                   Period          Waveform
----------------------------------------------------
clk                  15.000000    0.000000  7.500000

===========================================================================
report_clock_latency
============================================================================
Clock clk
rise -> rise
    min     max
0.000000 0.000000 source latency
0.752130         network latency _3220_/CLK
        0.780294 network latency _3296_/CLK
---------------
0.752130 0.780294 latency
        0.028163 skew

fall -> fall
    min     max
0.000000 0.000000 source latency
0.721570         network latency _3220_/CLK
        0.744277 network latency _3296_/CLK
---------------
0.721570 0.744277 latency
        0.022706 skew



===========================================================================
report_clock_min_period
============================================================================
clk period_min = 20.11 fmax = 49.73
