
===========================================================================
report_checks -unconstrained
===========================================================================
======================= min_ff_n40C_1v95 Corner ===================================

Startpoint: _3302_ (rising edge-triggered flip-flop clocked by clk)
Endpoint: _3237_ (rising edge-triggered flip-flop clocked by clk)
Path Group: clk
Path Type: max

Fanout         Cap        Slew       Delay        Time   Description
---------------------------------------------------------------------------------------------
                                  0.000000    0.000000   clock clk (rise edge)
                                  0.000000    0.000000   clock source latency
     2    0.039865    0.000000    0.000000    0.000000 ^ clk (in)
                                                         clk (net)
                      0.001655    0.000827    0.000827 ^ clkbuf_0_clk/A (sky130_fd_sc_hd__clkbuf_16)
    17    0.157077    0.130848    0.150049    0.150876 ^ clkbuf_0_clk/X (sky130_fd_sc_hd__clkbuf_16)
                                                         clknet_0_clk (net)
                      0.131155    0.005107    0.155984 ^ clkbuf_3_0__f_clk/A (sky130_fd_sc_hd__clkbuf_16)
    25    0.085890    0.078968    0.147959    0.303943 ^ clkbuf_3_0__f_clk/X (sky130_fd_sc_hd__clkbuf_16)
                                                         clknet_3_0__leaf_clk (net)
                      0.079090    0.002471    0.306414 ^ _3302_/CLK (sky130_fd_sc_hd__dfrtp_4)
    15    0.049087    0.085223    0.358808    0.665222 v _3302_/Q (sky130_fd_sc_hd__dfrtp_4)
                                                         B_reg[12] (net)
                      0.085255    0.001564    0.666787 v _1910_/C (sky130_fd_sc_hd__and3_1)
     3    0.006053    0.036730    0.144063    0.810850 v _1910_/X (sky130_fd_sc_hd__and3_1)
                                                         _1175_ (net)
                      0.036730    0.000034    0.810883 v _2300_/B (sky130_fd_sc_hd__or4_1)
     4    0.009746    0.083704    0.321734    1.132617 v _2300_/X (sky130_fd_sc_hd__or4_1)
                                                         _1553_ (net)
                      0.083704    0.000069    1.132686 v _2304_/A2 (sky130_fd_sc_hd__a21o_1)
     3    0.007476    0.037701    0.144191    1.276877 v _2304_/X (sky130_fd_sc_hd__a21o_1)
                                                         _1557_ (net)
                      0.037701    0.000070    1.276947 v _2308_/C (sky130_fd_sc_hd__and3_1)
     2    0.005214    0.034418    0.121930    1.398876 v _2308_/X (sky130_fd_sc_hd__and3_1)
                                                         _1561_ (net)
                      0.034418    0.000055    1.398932 v _2310_/C (sky130_fd_sc_hd__or3_1)
     3    0.007978    0.062522    0.196925    1.595857 v _2310_/X (sky130_fd_sc_hd__or3_1)
                                                         _1563_ (net)
                      0.062522    0.000082    1.595939 v _2313_/A1 (sky130_fd_sc_hd__a21o_1)
     4    0.011141    0.047421    0.132648    1.728587 v _2313_/X (sky130_fd_sc_hd__a21o_1)
                                                         _1566_ (net)
                      0.047421    0.000103    1.728690 v _2319_/B (sky130_fd_sc_hd__and3_1)
     2    0.005568    0.035386    0.116499    1.845190 v _2319_/X (sky130_fd_sc_hd__and3_1)
                                                         _1572_ (net)
                      0.035386    0.000036    1.845226 v _2321_/C (sky130_fd_sc_hd__or3_1)
     3    0.008576    0.065059    0.200035    2.045261 v _2321_/X (sky130_fd_sc_hd__or3_1)
                                                         _1574_ (net)
                      0.065059    0.000141    2.045402 v _2326_/A1 (sky130_fd_sc_hd__a21o_1)
     4    0.010822    0.046556    0.132759    2.178161 v _2326_/X (sky130_fd_sc_hd__a21o_1)
                                                         _1579_ (net)
                      0.046556    0.000156    2.178317 v _2328_/C (sky130_fd_sc_hd__and3_1)
     2    0.004821    0.033345    0.123968    2.302285 v _2328_/X (sky130_fd_sc_hd__and3_1)
                                                         _1581_ (net)
                      0.033345    0.000045    2.302330 v _2330_/C (sky130_fd_sc_hd__or3_2)
     4    0.013896    0.075357    0.264624    2.566955 v _2330_/X (sky130_fd_sc_hd__or3_2)
                                                         _1583_ (net)
                      0.075357    0.000228    2.567183 v _2334_/A1 (sky130_fd_sc_hd__a21o_1)
     5    0.015503    0.059561    0.147948    2.715131 v _2334_/X (sky130_fd_sc_hd__a21o_1)
                                                         _1587_ (net)
                      0.059561    0.000247    2.715378 v _2338_/B (sky130_fd_sc_hd__and3_1)
     2    0.006307    0.037502    0.123830    2.839208 v _2338_/X (sky130_fd_sc_hd__and3_1)
                                                         _1591_ (net)
                      0.037502    0.000068    2.839276 v _2345_/C (sky130_fd_sc_hd__or3_1)
     3    0.008199    0.063432    0.198843    3.038119 v _2345_/X (sky130_fd_sc_hd__or3_1)
                                                         _1598_ (net)
                      0.063432    0.000061    3.038180 v _2347_/A1 (sky130_fd_sc_hd__a21o_1)
     4    0.011300    0.047863    0.133357    3.171537 v _2347_/X (sky130_fd_sc_hd__a21o_1)
                                                         _1600_ (net)
                      0.047863    0.000151    3.171687 v _2350_/C (sky130_fd_sc_hd__and3_1)
     2    0.006345    0.037624    0.129556    3.301244 v _2350_/X (sky130_fd_sc_hd__and3_1)
                                                         _1603_ (net)
                      0.037624    0.000089    3.301332 v _2352_/C (sky130_fd_sc_hd__or3_1)
     3    0.008869    0.066317    0.202052    3.503384 v _2352_/X (sky130_fd_sc_hd__or3_1)
                                                         _0106_ (net)
                      0.066317    0.000109    3.503493 v _2355_/A2 (sky130_fd_sc_hd__a21o_1)
     4    0.010557    0.046051    0.147960    3.651453 v _2355_/X (sky130_fd_sc_hd__a21o_1)
                                                         _0109_ (net)
                      0.046051    0.000133    3.651587 v _2362_/B (sky130_fd_sc_hd__and3_1)
     2    0.006186    0.037159    0.118023    3.769610 v _2362_/X (sky130_fd_sc_hd__and3_1)
                                                         _0116_ (net)
                      0.037159    0.000091    3.769701 v _2364_/C (sky130_fd_sc_hd__or3_1)
     3    0.007603    0.061045    0.195854    3.965555 v _2364_/X (sky130_fd_sc_hd__or3_1)
                                                         _0118_ (net)
                      0.061045    0.000103    3.965658 v _2366_/A2 (sky130_fd_sc_hd__a21o_1)
     4    0.010956    0.046886    0.147349    4.113007 v _2366_/X (sky130_fd_sc_hd__a21o_1)
                                                         _0120_ (net)
                      0.046886    0.000105    4.113112 v _2370_/B (sky130_fd_sc_hd__and3_1)
     2    0.005621    0.035530    0.116483    4.229595 v _2370_/X (sky130_fd_sc_hd__and3_1)
                                                         _0124_ (net)
                      0.035530    0.000059    4.229654 v _2372_/C (sky130_fd_sc_hd__or3_1)
     3    0.008806    0.066016    0.201217    4.430871 v _2372_/X (sky130_fd_sc_hd__or3_1)
                                                         _0126_ (net)
                      0.066016    0.000050    4.430921 v _2378_/A1 (sky130_fd_sc_hd__a21o_1)
     4    0.010335    0.045709    0.131683    4.562603 v _2378_/X (sky130_fd_sc_hd__a21o_1)
                                                         _0132_ (net)
                      0.045709    0.000043    4.562646 v _2383_/C (sky130_fd_sc_hd__and3_1)
     2    0.006659    0.038549    0.129800    4.692446 v _2383_/X (sky130_fd_sc_hd__and3_1)
                                                         _0137_ (net)
                      0.038549    0.000079    4.692525 v _2385_/C (sky130_fd_sc_hd__or3_1)
     3    0.007650    0.061225    0.196474    4.888999 v _2385_/X (sky130_fd_sc_hd__or3_1)
                                                         _0139_ (net)
                      0.061225    0.000084    4.889083 v _2387_/A1 (sky130_fd_sc_hd__a21o_1)
     4    0.012439    0.050978    0.135337    5.024420 v _2387_/X (sky130_fd_sc_hd__a21o_1)
                                                         _0141_ (net)
                      0.050978    0.000076    5.024496 v _2390_/B (sky130_fd_sc_hd__and3_1)
     3    0.009897    0.047634    0.132205    5.156701 v _2390_/X (sky130_fd_sc_hd__and3_1)
                                                         _0144_ (net)
                      0.047634    0.000147    5.156848 v _2392_/C (sky130_fd_sc_hd__or3_1)
     3    0.006915    0.058355    0.195429    5.352276 v _2392_/X (sky130_fd_sc_hd__or3_1)
                                                         _0146_ (net)
                      0.058355    0.000060    5.352336 v _2397_/A1 (sky130_fd_sc_hd__a21o_1)
     4    0.010972    0.046941    0.130708    5.483045 v _2397_/X (sky130_fd_sc_hd__a21o_1)
                                                         _0151_ (net)
                      0.046941    0.000075    5.483120 v _2406_/B (sky130_fd_sc_hd__and3_1)
     2    0.005573    0.035399    0.116336    5.599456 v _2406_/X (sky130_fd_sc_hd__and3_1)
                                                         _0160_ (net)
                      0.035399    0.000058    5.599514 v _2408_/C (sky130_fd_sc_hd__or3_1)
     3    0.007975    0.062516    0.197196    5.796710 v _2408_/X (sky130_fd_sc_hd__or3_1)
                                                         _0162_ (net)
                      0.062516    0.000052    5.796763 v _2410_/A2 (sky130_fd_sc_hd__a21o_1)
     3    0.007110    0.036593    0.135694    5.932457 v _2410_/X (sky130_fd_sc_hd__a21o_1)
                                                         _0164_ (net)
                      0.036593    0.000077    5.932534 v _2413_/C (sky130_fd_sc_hd__and3_1)
     2    0.004869    0.033489    0.120357    6.052891 v _2413_/X (sky130_fd_sc_hd__and3_1)
                                                         _0167_ (net)
                      0.033489    0.000038    6.052928 v _2415_/C (sky130_fd_sc_hd__or3_1)
     3    0.007050    0.058811    0.192212    6.245140 v _2415_/X (sky130_fd_sc_hd__or3_1)
                                                         _0169_ (net)
                      0.058811    0.000073    6.245213 v _2420_/A1 (sky130_fd_sc_hd__a21o_1)
     4    0.012073    0.049965    0.133551    6.378764 v _2420_/X (sky130_fd_sc_hd__a21o_1)
                                                         _0174_ (net)
                      0.049965    0.000102    6.378866 v _2423_/A1 (sky130_fd_sc_hd__a21o_1)
     2    0.008457    0.040754    0.119933    6.498799 v _2423_/X (sky130_fd_sc_hd__a21o_1)
                                                         _0177_ (net)
                      0.040754    0.000116    6.498915 v _2426_/B (sky130_fd_sc_hd__xnor2_1)
     1    0.003037    0.038587    0.079961    6.578876 v _2426_/Y (sky130_fd_sc_hd__xnor2_1)
                                                         _0179_ (net)
                      0.038587    0.000024    6.578900 v _2427_/A1 (sky130_fd_sc_hd__mux2_1)
     1    0.002915    0.038364    0.149128    6.728028 v _2427_/X (sky130_fd_sc_hd__mux2_1)
                                                         _0024_ (net)
                      0.038364    0.000033    6.728061 v _3237_/D (sky130_fd_sc_hd__dfrtp_4)
                                              6.728061   data arrival time

                                 40.000000   40.000000   clock clk (rise edge)
                                  0.000000   40.000000   clock source latency
     2    0.039865    0.000000    0.000000   40.000000 ^ clk (in)
                                                         clk (net)
                      0.001655    0.000828   40.000828 ^ clkbuf_0_clk/A (sky130_fd_sc_hd__clkbuf_16)
    17    0.157077    0.130848    0.150049   40.150879 ^ clkbuf_0_clk/X (sky130_fd_sc_hd__clkbuf_16)
                                                         clknet_0_clk (net)
                      0.131163    0.005173   40.156052 ^ clkbuf_3_3__f_clk/A (sky130_fd_sc_hd__clkbuf_16)
    35    0.091045    0.082688    0.150717   40.306767 ^ clkbuf_3_3__f_clk/X (sky130_fd_sc_hd__clkbuf_16)
                                                         clknet_3_3__leaf_clk (net)
                      0.082719    0.001535   40.308300 ^ _3237_/CLK (sky130_fd_sc_hd__dfrtp_4)
                                 -0.100000   40.208305   clock uncertainty
                                  0.000000   40.208305   clock reconvergence pessimism
                                 -0.070002   40.138302   library setup time
                                             40.138302   data required time
---------------------------------------------------------------------------------------------
                                             40.138302   data required time
                                             -6.728061   data arrival time
---------------------------------------------------------------------------------------------
                                             33.410240   slack (MET)




===========================================================================
report_checks --slack_max -0.01
============================================================================
======================= min_ff_n40C_1v95 Corner ===================================

No paths found.


===========================================================================
 report_check_types -max_slew -max_cap -max_fanout -violators
============================================================================
======================= min_ff_n40C_1v95 Corner ===================================



===========================================================================
report_parasitic_annotation -report_unannotated
============================================================================
Found 7 unannotated drivers.
 clkload0/Y
 clkload1/Y
 clkload2/Y
 clkload3/Y
 clkload4/Y
 clkload5/Y
 clkload6/X
Found 0 partially unannotated drivers.

===========================================================================
max slew violation count 0
max fanout violation count 0
max cap violation count 0
============================================================================

===========================================================================
check_setup -verbose -unconstrained_endpoints -multiple_clock -no_clock -no_input_delay -loops -generated_clocks
===========================================================================
Warning: There are 36 input ports missing set_input_delay.
  A_in[0]
  A_in[10]
  A_in[11]
  A_in[12]
  A_in[13]
  A_in[14]
  A_in[15]
  A_in[1]
  A_in[2]
  A_in[3]
  A_in[4]
  A_in[5]
  A_in[6]
  A_in[7]
  A_in[8]
  A_in[9]
  B_in[0]
  B_in[10]
  B_in[11]
  B_in[12]
  B_in[13]
  B_in[14]
  B_in[15]
  B_in[1]
  B_in[2]
  B_in[3]
  B_in[4]
  B_in[5]
  B_in[6]
  B_in[7]
  B_in[8]
  B_in[9]
  Op_Sel[0]
  Op_Sel[1]
  Start
  rst_n
Warning: There are 17 unconstrained endpoints.
  Done
  X_out[0]
  X_out[10]
  X_out[11]
  X_out[12]
  X_out[13]
  X_out[14]
  X_out[15]
  X_out[1]
  X_out[2]
  X_out[3]
  X_out[4]
  X_out[5]
  X_out[6]
  X_out[7]
  X_out[8]
  X_out[9]
