
===========================================================================
report_checks -unconstrained
===========================================================================
======================= max_ff_n40C_1v95 Corner ===================================

Startpoint: _3302_ (rising edge-triggered flip-flop clocked by clk)
Endpoint: _3237_ (rising edge-triggered flip-flop clocked by clk)
Path Group: clk
Path Type: max

Fanout         Cap        Slew       Delay        Time   Description
---------------------------------------------------------------------------------------------
                                  0.000000    0.000000   clock clk (rise edge)
                                  0.000000    0.000000   clock source latency
     2    0.043493    0.000000    0.000000    0.000000 ^ clk (in)
                                                         clk (net)
                      0.003121    0.001560    0.001560 ^ clkbuf_0_clk/A (sky130_fd_sc_hd__clkbuf_16)
    17    0.174840    0.144662    0.155254    0.156815 ^ clkbuf_0_clk/X (sky130_fd_sc_hd__clkbuf_16)
                                                         clknet_0_clk (net)
                      0.146568    0.013234    0.170049 ^ clkbuf_3_0__f_clk/A (sky130_fd_sc_hd__clkbuf_16)
    25    0.096017    0.087022    0.153527    0.323576 ^ clkbuf_3_0__f_clk/X (sky130_fd_sc_hd__clkbuf_16)
                                                         clknet_3_0__leaf_clk (net)
                      0.087769    0.006415    0.329991 ^ _3302_/CLK (sky130_fd_sc_hd__dfrtp_4)
     6    0.026166    0.063504    0.334529    0.664521 v _3302_/Q (sky130_fd_sc_hd__dfrtp_4)
                                                         B_reg[12] (net)
                      0.063631    0.002146    0.666667 v _1910_/C (sky130_fd_sc_hd__and3_1)
     3    0.007954    0.042649    0.141129    0.807796 v _1910_/X (sky130_fd_sc_hd__and3_1)
                                                         _1175_ (net)
                      0.042654    0.000479    0.808275 v _2300_/A (sky130_fd_sc_hd__or4_4)
     4    0.009902    0.065001    0.330354    1.138629 v _2300_/X (sky130_fd_sc_hd__or4_4)
                                                         _1553_ (net)
                      0.065001    0.000485    1.139115 v _2304_/A1 (sky130_fd_sc_hd__a21o_1)
     3    0.008292    0.040370    0.124790    1.263905 v _2304_/X (sky130_fd_sc_hd__a21o_1)
                                                         _1557_ (net)
                      0.040377    0.000517    1.264422 v _2307_/A2 (sky130_fd_sc_hd__a21oi_1)
     3    0.010957    0.187023    0.179402    1.443824 ^ _2307_/Y (sky130_fd_sc_hd__a21oi_1)
                                                         _1560_ (net)
                      0.187024    0.000381    1.444205 ^ _2311_/B (sky130_fd_sc_hd__xor2_1)
     3    0.010872    0.184166    0.169367    1.613572 ^ _2311_/X (sky130_fd_sc_hd__xor2_1)
                                                         _1564_ (net)
                      0.184170    0.000624    1.614196 ^ _2313_/A2 (sky130_fd_sc_hd__a21o_1)
     4    0.011435    0.080355    0.123018    1.737214 ^ _2313_/X (sky130_fd_sc_hd__a21o_1)
                                                         _1566_ (net)
                      0.080359    0.000659    1.737873 ^ _2318_/A1 (sky130_fd_sc_hd__a21oi_1)
     3    0.011612    0.065997    0.071383    1.809255 v _2318_/Y (sky130_fd_sc_hd__a21oi_1)
                                                         _1571_ (net)
                      0.066002    0.000444    1.809699 v _2321_/B (sky130_fd_sc_hd__or3_4)
     3    0.007741    0.049513    0.233984    2.043684 v _2321_/X (sky130_fd_sc_hd__or3_4)
                                                         _1574_ (net)
                      0.049513    0.000263    2.043947 v _2326_/A1 (sky130_fd_sc_hd__a21o_1)
     4    0.010734    0.046400    0.126391    2.170338 v _2326_/X (sky130_fd_sc_hd__a21o_1)
                                                         _1579_ (net)
                      0.046409    0.000625    2.170963 v _2327_/A2 (sky130_fd_sc_hd__a21oi_1)
     3    0.012030    0.201847    0.192364    2.363327 ^ _2327_/Y (sky130_fd_sc_hd__a21oi_1)
                                                         _1580_ (net)
                      0.201851    0.000677    2.364004 ^ _2331_/B (sky130_fd_sc_hd__xnor2_1)
     3    0.013228    0.227843    0.137248    2.501252 ^ _2331_/Y (sky130_fd_sc_hd__xnor2_1)
                                                         _1584_ (net)
                      0.227846    0.000681    2.501933 ^ _2334_/A2 (sky130_fd_sc_hd__a21o_1)
     5    0.016042    0.109502    0.145529    2.647463 ^ _2334_/X (sky130_fd_sc_hd__a21o_1)
                                                         _1587_ (net)
                      0.109507    0.000825    2.648287 ^ _2337_/A1 (sky130_fd_sc_hd__a21oi_1)
     3    0.011271    0.069005    0.076614    2.724902 v _2337_/Y (sky130_fd_sc_hd__a21oi_1)
                                                         _1590_ (net)
                      0.069015    0.000641    2.725543 v _2345_/B (sky130_fd_sc_hd__or3_4)
     3    0.008868    0.050751    0.237089    2.962632 v _2345_/X (sky130_fd_sc_hd__or3_4)
                                                         _1598_ (net)
                      0.050751    0.000436    2.963068 v _2347_/A1 (sky130_fd_sc_hd__a21o_1)
     4    0.011731    0.049057    0.129430    3.092498 v _2347_/X (sky130_fd_sc_hd__a21o_1)
                                                         _1600_ (net)
                      0.049066    0.000677    3.093175 v _2348_/A2 (sky130_fd_sc_hd__a21oi_1)
     3    0.014852    0.241169    0.221722    3.314897 ^ _2348_/Y (sky130_fd_sc_hd__a21oi_1)
                                                         _1601_ (net)
                      0.241176    0.001110    3.316007 ^ _2349_/B (sky130_fd_sc_hd__xnor2_1)
     3    0.012190    0.090139    0.096785    3.412792 v _2349_/Y (sky130_fd_sc_hd__xnor2_1)
                                                         _1602_ (net)
                      0.090145    0.000633    3.413425 v _2355_/A2 (sky130_fd_sc_hd__a21o_1)
     4    0.012760    0.051926    0.161529    3.574954 v _2355_/X (sky130_fd_sc_hd__a21o_1)
                                                         _0109_ (net)
                      0.051940    0.000799    3.575752 v _2360_/A1 (sky130_fd_sc_hd__a21oi_2)
     3    0.013321    0.134857    0.142503    3.718256 ^ _2360_/Y (sky130_fd_sc_hd__a21oi_2)
                                                         _0114_ (net)
                      0.134921    0.001152    3.719407 ^ _2361_/B (sky130_fd_sc_hd__xnor2_1)
     3    0.011620    0.204885    0.127397    3.846805 ^ _2361_/Y (sky130_fd_sc_hd__xnor2_1)
                                                         _0115_ (net)
                      0.204889    0.000723    3.847528 ^ _2366_/A2 (sky130_fd_sc_hd__a21o_1)
     3    0.007766    0.058177    0.107442    3.954970 ^ _2366_/X (sky130_fd_sc_hd__a21o_1)
                                                         _0120_ (net)
                      0.058181    0.000567    3.955536 ^ rebuffer6/A (sky130_fd_sc_hd__buf_1)
     2    0.008181    0.077277    0.088092    4.043628 ^ rebuffer6/X (sky130_fd_sc_hd__buf_1)
                                                         net59 (net)
                      0.077279    0.000322    4.043950 ^ _2369_/A1 (sky130_fd_sc_hd__a21oi_2)
     3    0.013995    0.050101    0.051440    4.095389 v _2369_/Y (sky130_fd_sc_hd__a21oi_2)
                                                         _0123_ (net)
                      0.050115    0.000641    4.096030 v _2372_/B (sky130_fd_sc_hd__or3_4)
     3    0.009673    0.051638    0.231931    4.327961 v _2372_/X (sky130_fd_sc_hd__or3_4)
                                                         _0126_ (net)
                      0.051638    0.000331    4.328292 v _2378_/A1 (sky130_fd_sc_hd__a21o_1)
     4    0.009703    0.044774    0.124228    4.452520 v _2378_/X (sky130_fd_sc_hd__a21o_1)
                                                         _0132_ (net)
                      0.044775    0.000293    4.452813 v _2382_/A2 (sky130_fd_sc_hd__a21oi_1)
     3    0.013723    0.225471    0.208814    4.661627 ^ _2382_/Y (sky130_fd_sc_hd__a21oi_1)
                                                         _0136_ (net)
                      0.225476    0.000845    4.662472 ^ _2386_/B (sky130_fd_sc_hd__xnor2_1)
     3    0.010900    0.081718    0.088916    4.751388 v _2386_/Y (sky130_fd_sc_hd__xnor2_1)
                                                         _0140_ (net)
                      0.081725    0.000604    4.751992 v _2387_/A2 (sky130_fd_sc_hd__a21o_1)
     4    0.012585    0.051491    0.158312    4.910304 v _2387_/X (sky130_fd_sc_hd__a21o_1)
                                                         _0141_ (net)
                      0.051493    0.000415    4.910718 v _2390_/A (sky130_fd_sc_hd__and3_1)
     3    0.011339    0.051478    0.121962    5.032680 v _2390_/X (sky130_fd_sc_hd__and3_1)
                                                         _0144_ (net)
                      0.051482    0.000504    5.033184 v _2392_/C (sky130_fd_sc_hd__or3_4)
     3    0.007541    0.049314    0.203695    5.236879 v _2392_/X (sky130_fd_sc_hd__or3_4)
                                                         _0146_ (net)
                      0.049315    0.000387    5.237266 v _2397_/A1 (sky130_fd_sc_hd__a21o_1)
     4    0.010973    0.046961    0.127075    5.364340 v _2397_/X (sky130_fd_sc_hd__a21o_1)
                                                         _0151_ (net)
                      0.046962    0.000330    5.364671 v _2406_/A (sky130_fd_sc_hd__and3_1)
     2    0.006633    0.038569    0.105911    5.470582 v _2406_/X (sky130_fd_sc_hd__and3_1)
                                                         _0160_ (net)
                      0.038572    0.000357    5.470940 v _2408_/C (sky130_fd_sc_hd__or3_4)
     3    0.007460    0.049213    0.199897    5.670836 v _2408_/X (sky130_fd_sc_hd__or3_4)
                                                         _0162_ (net)
                      0.049213    0.000403    5.671240 v _2410_/A1 (sky130_fd_sc_hd__a21o_1)
     3    0.007549    0.038076    0.116651    5.787890 v _2410_/X (sky130_fd_sc_hd__a21o_1)
                                                         _0164_ (net)
                      0.038082    0.000470    5.788361 v _2412_/A2 (sky130_fd_sc_hd__a21oi_1)
     3    0.011932    0.200651    0.188213    5.976573 ^ _2412_/Y (sky130_fd_sc_hd__a21oi_1)
                                                         _0166_ (net)
                      0.200656    0.000810    5.977383 ^ _2416_/B (sky130_fd_sc_hd__xnor2_1)
     3    0.011396    0.079593    0.088835    6.066218 v _2416_/Y (sky130_fd_sc_hd__xnor2_1)
                                                         _0170_ (net)
                      0.079601    0.000632    6.066850 v _2420_/A2 (sky130_fd_sc_hd__a21o_1)
     4    0.011705    0.049000    0.155306    6.222156 v _2420_/X (sky130_fd_sc_hd__a21o_1)
                                                         _0174_ (net)
                      0.049011    0.000722    6.222878 v _2423_/A1 (sky130_fd_sc_hd__a21o_1)
     2    0.008280    0.040400    0.118709    6.341587 v _2423_/X (sky130_fd_sc_hd__a21o_1)
                                                         _0177_ (net)
                      0.040410    0.000608    6.342195 v _2426_/B (sky130_fd_sc_hd__xnor2_1)
     1    0.003351    0.042294    0.080928    6.423123 v _2426_/Y (sky130_fd_sc_hd__xnor2_1)
                                                         _0179_ (net)
                      0.042295    0.000145    6.423267 v _2427_/A1 (sky130_fd_sc_hd__mux2_4)
     1    0.003076    0.035821    0.145179    6.568446 v _2427_/X (sky130_fd_sc_hd__mux2_4)
                                                         _0024_ (net)
                      0.035821    0.000201    6.568647 v _3237_/D (sky130_fd_sc_hd__dfrtp_4)
                                              6.568647   data arrival time

                                 10.125000   10.125000   clock clk (rise edge)
                                  0.000000   10.125000   clock source latency
     2    0.043493    0.000000    0.000000   10.125000 ^ clk (in)
                                                         clk (net)
                      0.003121    0.001561   10.126560 ^ clkbuf_0_clk/A (sky130_fd_sc_hd__clkbuf_16)
    17    0.174840    0.144662    0.155254   10.281815 ^ clkbuf_0_clk/X (sky130_fd_sc_hd__clkbuf_16)
                                                         clknet_0_clk (net)
                      0.146415    0.012705   10.294520 ^ clkbuf_3_3__f_clk/A (sky130_fd_sc_hd__clkbuf_16)
    35    0.100668    0.091091    0.154066   10.448586 ^ clkbuf_3_3__f_clk/X (sky130_fd_sc_hd__clkbuf_16)
                                                         clknet_3_3__leaf_clk (net)
                      0.092406    0.008680   10.457267 ^ _3237_/CLK (sky130_fd_sc_hd__dfrtp_4)
                                 -0.100000   10.357266   clock uncertainty
                                  0.000000   10.357266   clock reconvergence pessimism
                                 -0.068187   10.289080   library setup time
                                             10.289080   data required time
---------------------------------------------------------------------------------------------
                                             10.289080   data required time
                                             -6.568647   data arrival time
---------------------------------------------------------------------------------------------
                                              3.720432   slack (MET)




===========================================================================
report_checks --slack_max -0.01
============================================================================
======================= max_ff_n40C_1v95 Corner ===================================

No paths found.


===========================================================================
 report_check_types -max_slew -max_cap -max_fanout -violators
============================================================================
======================= max_ff_n40C_1v95 Corner ===================================



===========================================================================
report_parasitic_annotation -report_unannotated
============================================================================
Found 7 unannotated drivers.
 clkload0/Y
 clkload1/Y
 clkload2/Y
 clkload3/Y
 clkload4/Y
 clkload5/Y
 clkload6/Y
Found 0 partially unannotated drivers.

===========================================================================
max slew violation count 0
max fanout violation count 0
max cap violation count 0
============================================================================

===========================================================================
check_setup -verbose -unconstrained_endpoints -multiple_clock -no_clock -no_input_delay -loops -generated_clocks
===========================================================================
Warning: There are 36 input ports missing set_input_delay.
  A_in[0]
  A_in[10]
  A_in[11]
  A_in[12]
  A_in[13]
  A_in[14]
  A_in[15]
  A_in[1]
  A_in[2]
  A_in[3]
  A_in[4]
  A_in[5]
  A_in[6]
  A_in[7]
  A_in[8]
  A_in[9]
  B_in[0]
  B_in[10]
  B_in[11]
  B_in[12]
  B_in[13]
  B_in[14]
  B_in[15]
  B_in[1]
  B_in[2]
  B_in[3]
  B_in[4]
  B_in[5]
  B_in[6]
  B_in[7]
  B_in[8]
  B_in[9]
  Op_Sel[0]
  Op_Sel[1]
  Start
  rst_n
Warning: There are 17 unconstrained endpoints.
  Done
  X_out[0]
  X_out[10]
  X_out[11]
  X_out[12]
  X_out[13]
  X_out[14]
  X_out[15]
  X_out[1]
  X_out[2]
  X_out[3]
  X_out[4]
  X_out[5]
  X_out[6]
  X_out[7]
  X_out[8]
  X_out[9]
