Clock: clk
Sources: clk 
Generated: no
Virtual: yes
Propagated: no
Period: 10.125000

===========================================================================
report_clock_properties
============================================================================
Clock                   Period          Waveform
----------------------------------------------------
clk                  10.125000    0.000000  5.062500

===========================================================================
report_clock_latency
============================================================================
Clock clk
rise -> rise
    min     max
0.000000 0.000000 source latency
0.315470         network latency _3221_/CLK
        0.341379 network latency _3295_/CLK
---------------
0.315470 0.341379 latency
        0.025909 skew

fall -> fall
    min     max
0.000000 0.000000 source latency
0.297343         network latency _3221_/CLK
        0.319253 network latency _3295_/CLK
---------------
0.297343 0.319253 latency
        0.021910 skew



===========================================================================
report_clock_min_period
============================================================================
clk period_min = 6.40 fmax = 156.14
