
===========================================================================
report_checks -unconstrained
===========================================================================
======================= max_tt_025C_1v80 Corner ===================================

Startpoint: _3302_ (rising edge-triggered flip-flop clocked by clk)
Endpoint: _3237_ (rising edge-triggered flip-flop clocked by clk)
Path Group: clk
Path Type: max

Fanout         Cap        Slew       Delay        Time   Description
---------------------------------------------------------------------------------------------
                                  0.000000    0.000000   clock clk (rise edge)
                                  0.000000    0.000000   clock source latency
     2    0.042218    0.000000    0.000000    0.000000 ^ clk (in)
                                                         clk (net)
                      0.002998    0.001499    0.001499 ^ clkbuf_0_clk/A (sky130_fd_sc_hd__clkbuf_16)
    17    0.170548    0.182781    0.212751    0.214251 ^ clkbuf_0_clk/X (sky130_fd_sc_hd__clkbuf_16)
                                                         clknet_0_clk (net)
                      0.184810    0.015390    0.229640 ^ clkbuf_3_0__f_clk/A (sky130_fd_sc_hd__clkbuf_16)
    25    0.095658    0.112901    0.228145    0.457785 ^ clkbuf_3_0__f_clk/X (sky130_fd_sc_hd__clkbuf_16)
                                                         clknet_3_0__leaf_clk (net)
                      0.113538    0.006429    0.464215 ^ _3302_/CLK (sky130_fd_sc_hd__dfrtp_4)
     6    0.024832    0.085950    0.531514    0.995729 v _3302_/Q (sky130_fd_sc_hd__dfrtp_4)
                                                         B_reg[12] (net)
                      0.086017    0.002573    0.998302 v _1910_/C (sky130_fd_sc_hd__and3_1)
     3    0.007159    0.055935    0.213922    1.212224 v _1910_/X (sky130_fd_sc_hd__and3_1)
                                                         _1175_ (net)
                      0.055937    0.000440    1.212664 v _2300_/A (sky130_fd_sc_hd__or4_4)
     4    0.009746    0.093704    0.548156    1.760820 v _2300_/X (sky130_fd_sc_hd__or4_4)
                                                         _1553_ (net)
                      0.093704    0.000552    1.761372 v _2304_/A1 (sky130_fd_sc_hd__a21o_1)
     3    0.007794    0.054784    0.193211    1.954583 v _2304_/X (sky130_fd_sc_hd__a21o_1)
                                                         _1557_ (net)
                      0.054787    0.000437    1.955020 v _2307_/A2 (sky130_fd_sc_hd__a21oi_1)
     3    0.011321    0.263583    0.260023    2.215043 ^ _2307_/Y (sky130_fd_sc_hd__a21oi_1)
                                                         _1560_ (net)
                      0.263584    0.000404    2.215448 ^ _2311_/B (sky130_fd_sc_hd__xor2_1)
     3    0.011377    0.264217    0.285112    2.500560 ^ _2311_/X (sky130_fd_sc_hd__xor2_1)
                                                         _1564_ (net)
                      0.264219    0.000584    2.501144 ^ _2313_/A2 (sky130_fd_sc_hd__a21o_1)
     4    0.010810    0.102065    0.206385    2.707529 ^ _2313_/X (sky130_fd_sc_hd__a21o_1)
                                                         _1566_ (net)
                      0.102067    0.000617    2.708146 ^ _2318_/A1 (sky130_fd_sc_hd__a21oi_1)
     3    0.011229    0.096617    0.117501    2.825648 v _2318_/Y (sky130_fd_sc_hd__a21oi_1)
                                                         _1571_ (net)
                      0.096657    0.000636    2.826283 v _2321_/B (sky130_fd_sc_hd__or3_4)
     3    0.009145    0.073312    0.392328    3.218611 v _2321_/X (sky130_fd_sc_hd__or3_4)
                                                         _1574_ (net)
                      0.073312    0.000572    3.219183 v _2326_/A1 (sky130_fd_sc_hd__a21o_1)
     4    0.010821    0.065821    0.197161    3.416344 v _2326_/X (sky130_fd_sc_hd__a21o_1)
                                                         _1579_ (net)
                      0.065826    0.000609    3.416953 v _2328_/B (sky130_fd_sc_hd__and3_1)
     2    0.006245    0.051733    0.184912    3.601865 v _2328_/X (sky130_fd_sc_hd__and3_1)
                                                         _1581_ (net)
                      0.051735    0.000404    3.602269 v _2330_/A (sky130_fd_sc_hd__or3_4)
     3    0.007277    0.070496    0.389149    3.991418 v _2330_/X (sky130_fd_sc_hd__or3_4)
                                                         _1583_ (net)
                      0.070496    0.000429    3.991847 v _2334_/A1 (sky130_fd_sc_hd__a21o_1)
     3    0.007139    0.051790    0.180645    4.172492 v _2334_/X (sky130_fd_sc_hd__a21o_1)
                                                         _1587_ (net)
                      0.051793    0.000430    4.172922 v _2337_/A1 (sky130_fd_sc_hd__a21oi_1)
     3    0.013013    0.295909    0.263471    4.436393 ^ _2337_/Y (sky130_fd_sc_hd__a21oi_1)
                                                         _1590_ (net)
                      0.295911    0.000725    4.437118 ^ _2346_/B (sky130_fd_sc_hd__xnor2_1)
     3    0.015714    0.140623    0.197377    4.634495 v _2346_/Y (sky130_fd_sc_hd__xnor2_1)
                                                         _1599_ (net)
                      0.140624    0.000703    4.635198 v _2347_/A2 (sky130_fd_sc_hd__a21o_1)
     3    0.009059    0.059346    0.237996    4.873194 v _2347_/X (sky130_fd_sc_hd__a21o_1)
                                                         _1600_ (net)
                      0.059349    0.000529    4.873724 v _2348_/A2 (sky130_fd_sc_hd__a21oi_1)
     3    0.013724    0.309648    0.295579    5.169302 ^ _2348_/Y (sky130_fd_sc_hd__a21oi_1)
                                                         _1601_ (net)
                      0.309652    0.000867    5.170169 ^ _2349_/B (sky130_fd_sc_hd__xnor2_1)
     3    0.017006    0.397466    0.266405    5.436574 ^ _2349_/Y (sky130_fd_sc_hd__xnor2_1)
                                                         _1602_ (net)
                      0.397469    0.000856    5.437431 ^ _2355_/A2 (sky130_fd_sc_hd__a21o_1)
     4    0.009563    0.092488    0.217301    5.654732 ^ _2355_/X (sky130_fd_sc_hd__a21o_1)
                                                         _0109_ (net)
                      0.092489    0.000506    5.655238 ^ _2360_/A1 (sky130_fd_sc_hd__a21oi_1)
     3    0.013209    0.110922    0.124313    5.779551 v _2360_/Y (sky130_fd_sc_hd__a21oi_1)
                                                         _0114_ (net)
                      0.110967    0.000779    5.780329 v _2364_/B (sky130_fd_sc_hd__or3_4)
     3    0.007720    0.071106    0.393266    6.173595 v _2364_/X (sky130_fd_sc_hd__or3_4)
                                                         _0118_ (net)
                      0.071106    0.000479    6.174074 v _2366_/A1 (sky130_fd_sc_hd__a21o_1)
     4    0.011358    0.067892    0.198010    6.372084 v _2366_/X (sky130_fd_sc_hd__a21o_1)
                                                         _0120_ (net)
                      0.067905    0.000934    6.373017 v _2369_/A1 (sky130_fd_sc_hd__a21oi_1)
     3    0.012880    0.293425    0.268198    6.641215 ^ _2369_/Y (sky130_fd_sc_hd__a21oi_1)
                                                         _0123_ (net)
                      0.293426    0.000443    6.641658 ^ _2373_/B (sky130_fd_sc_hd__xnor2_1)
     4    0.013203    0.320484    0.236596    6.878254 ^ _2373_/Y (sky130_fd_sc_hd__xnor2_1)
                                                         _0127_ (net)
                      0.320486    0.000693    6.878947 ^ _2378_/A2 (sky130_fd_sc_hd__a21o_1)
     4    0.010978    0.103709    0.216076    7.095023 ^ _2378_/X (sky130_fd_sc_hd__a21o_1)
                                                         _0132_ (net)
                      0.103711    0.000645    7.095668 ^ _2382_/A2 (sky130_fd_sc_hd__a21oi_1)
     3    0.013102    0.111156    0.130701    7.226368 v _2382_/Y (sky130_fd_sc_hd__a21oi_1)
                                                         _0136_ (net)
                      0.111205    0.000878    7.227246 v _2385_/B (sky130_fd_sc_hd__or3_4)
     3    0.008537    0.072394    0.395846    7.623093 v _2385_/X (sky130_fd_sc_hd__or3_4)
                                                         _0139_ (net)
                      0.072394    0.000443    7.623536 v _2387_/A1 (sky130_fd_sc_hd__a21o_1)
     4    0.012411    0.072176    0.202521    7.826056 v _2387_/X (sky130_fd_sc_hd__a21o_1)
                                                         _0141_ (net)
                      0.072176    0.000373    7.826429 v _2390_/A (sky130_fd_sc_hd__and3_1)
     3    0.011508    0.073163    0.189456    8.015886 v _2390_/X (sky130_fd_sc_hd__and3_1)
                                                         _0144_ (net)
                      0.073170    0.000791    8.016677 v _2392_/C (sky130_fd_sc_hd__or3_4)
     3    0.007088    0.070032    0.339420    8.356097 v _2392_/X (sky130_fd_sc_hd__or3_4)
                                                         _0146_ (net)
                      0.070032    0.000426    8.356524 v _2397_/A1 (sky130_fd_sc_hd__a21o_1)
     4    0.010964    0.066364    0.196360    8.552884 v _2397_/X (sky130_fd_sc_hd__a21o_1)
                                                         _0151_ (net)
                      0.066367    0.000506    8.553391 v _2406_/A (sky130_fd_sc_hd__and3_1)
     2    0.006683    0.053704    0.166931    8.720322 v _2406_/X (sky130_fd_sc_hd__and3_1)
                                                         _0160_ (net)
                      0.053706    0.000394    8.720716 v _2408_/C (sky130_fd_sc_hd__or3_4)
     3    0.008429    0.072188    0.337006    9.057722 v _2408_/X (sky130_fd_sc_hd__or3_4)
                                                         _0162_ (net)
                      0.072188    0.000398    9.058120 v _2410_/A1 (sky130_fd_sc_hd__a21o_1)
     3    0.007338    0.052703    0.182242    9.240361 v _2410_/X (sky130_fd_sc_hd__a21o_1)
                                                         _0164_ (net)
                      0.052705    0.000391    9.240752 v _2413_/A (sky130_fd_sc_hd__and3_1)
     2    0.006078    0.050927    0.158075    9.398828 v _2413_/X (sky130_fd_sc_hd__and3_1)
                                                         _0167_ (net)
                      0.050927    0.000217    9.399044 v _2415_/C (sky130_fd_sc_hd__or3_4)
     3    0.007080    0.070118    0.332140    9.731184 v _2415_/X (sky130_fd_sc_hd__or3_4)
                                                         _0169_ (net)
                      0.070118    0.000412    9.731596 v _2420_/A1 (sky130_fd_sc_hd__a21o_1)
     4    0.011931    0.070230    0.199884    9.931479 v _2420_/X (sky130_fd_sc_hd__a21o_1)
                                                         _0174_ (net)
                      0.070232    0.000501    9.931981 v _2423_/A1 (sky130_fd_sc_hd__a21o_1)
     2    0.008672    0.058360    0.187383   10.119364 v _2423_/X (sky130_fd_sc_hd__a21o_1)
                                                         _0177_ (net)
                      0.058366    0.000615   10.119978 v _2426_/B (sky130_fd_sc_hd__xnor2_1)
     1    0.003712    0.060641    0.128057   10.248034 v _2426_/Y (sky130_fd_sc_hd__xnor2_1)
                                                         _0179_ (net)
                      0.060641    0.000226   10.248261 v _2427_/A1 (sky130_fd_sc_hd__mux2_4)
     1    0.002931    0.047982    0.256065   10.504327 v _2427_/X (sky130_fd_sc_hd__mux2_4)
                                                         _0024_ (net)
                      0.047983    0.000191   10.504518 v _3237_/D (sky130_fd_sc_hd__dfrtp_4)
                                             10.504518   data arrival time

                                 11.000000   11.000000   clock clk (rise edge)
                                  0.000000   11.000000   clock source latency
     2    0.042218    0.000000    0.000000   11.000000 ^ clk (in)
                                                         clk (net)
                      0.002998    0.001499   11.001499 ^ clkbuf_0_clk/A (sky130_fd_sc_hd__clkbuf_16)
    17    0.170548    0.182781    0.212752   11.214252 ^ clkbuf_0_clk/X (sky130_fd_sc_hd__clkbuf_16)
                                                         clknet_0_clk (net)
                      0.184663    0.014839   11.229090 ^ clkbuf_3_3__f_clk/A (sky130_fd_sc_hd__clkbuf_16)
    35    0.101702    0.118841    0.231619   11.460710 ^ clkbuf_3_3__f_clk/X (sky130_fd_sc_hd__clkbuf_16)
                                                         clknet_3_3__leaf_clk (net)
                      0.119208    0.005397   11.466105 ^ _3237_/CLK (sky130_fd_sc_hd__dfrtp_4)
                                 -0.100000   11.366106   clock uncertainty
                                  0.000000   11.366106   clock reconvergence pessimism
                                 -0.098589   11.267517   library setup time
                                             11.267517   data required time
---------------------------------------------------------------------------------------------
                                             11.267517   data required time
                                            -10.504518   data arrival time
---------------------------------------------------------------------------------------------
                                              0.762999   slack (MET)




===========================================================================
report_checks --slack_max -0.01
============================================================================
======================= max_tt_025C_1v80 Corner ===================================

No paths found.


===========================================================================
 report_check_types -max_slew -max_cap -max_fanout -violators
============================================================================
======================= max_tt_025C_1v80 Corner ===================================



===========================================================================
report_parasitic_annotation -report_unannotated
============================================================================
Found 7 unannotated drivers.
 clkload0/Y
 clkload1/Y
 clkload2/Y
 clkload3/Y
 clkload4/Y
 clkload5/Y
 clkload6/Y
Found 0 partially unannotated drivers.

===========================================================================
max slew violation count 0
max fanout violation count 0
max cap violation count 0
============================================================================

===========================================================================
check_setup -verbose -unconstrained_endpoints -multiple_clock -no_clock -no_input_delay -loops -generated_clocks
===========================================================================
Warning: There are 36 input ports missing set_input_delay.
  A_in[0]
  A_in[10]
  A_in[11]
  A_in[12]
  A_in[13]
  A_in[14]
  A_in[15]
  A_in[1]
  A_in[2]
  A_in[3]
  A_in[4]
  A_in[5]
  A_in[6]
  A_in[7]
  A_in[8]
  A_in[9]
  B_in[0]
  B_in[10]
  B_in[11]
  B_in[12]
  B_in[13]
  B_in[14]
  B_in[15]
  B_in[1]
  B_in[2]
  B_in[3]
  B_in[4]
  B_in[5]
  B_in[6]
  B_in[7]
  B_in[8]
  B_in[9]
  Op_Sel[0]
  Op_Sel[1]
  Start
  rst_n
Warning: There are 17 unconstrained endpoints.
  Done
  X_out[0]
  X_out[10]
  X_out[11]
  X_out[12]
  X_out[13]
  X_out[14]
  X_out[15]
  X_out[1]
  X_out[2]
  X_out[3]
  X_out[4]
  X_out[5]
  X_out[6]
  X_out[7]
  X_out[8]
  X_out[9]
