Clock: clk
Sources: clk 
Generated: no
Virtual: yes
Propagated: no
Period: 12.000000

===========================================================================
report_clock_properties
============================================================================
Clock                   Period          Waveform
----------------------------------------------------
clk                  12.000000    0.000000  6.000000

===========================================================================
report_clock_latency
============================================================================
Clock clk
rise -> rise
    min     max
0.000000 0.000000 source latency
0.295419         network latency _3222_/CLK
        0.312133 network latency _3256_/CLK
---------------
0.295419 0.312133 latency
        0.016714 skew

fall -> fall
    min     max
0.000000 0.000000 source latency
0.280338         network latency _3222_/CLK
        0.293197 network latency _3256_/CLK
---------------
0.280338 0.293197 latency
        0.012859 skew



===========================================================================
report_clock_min_period
============================================================================
clk period_min = 6.33 fmax = 158.10
