Clock: clk
Sources: clk 
Generated: no
Virtual: yes
Propagated: no
Period: 10.000000

===========================================================================
report_clock_properties
============================================================================
Clock                   Period          Waveform
----------------------------------------------------
clk                  10.000000    0.000000  5.000000

===========================================================================
report_clock_latency
============================================================================
Clock clk
rise -> rise
    min     max
0.000000 0.000000 source latency
0.403321         network latency _3241_/CLK
        0.420583 network latency _3256_/CLK
---------------
0.403321 0.420583 latency
        0.017261 skew

fall -> fall
    min     max
0.000000 0.000000 source latency
0.389876         network latency _3241_/CLK
        0.403352 network latency _3256_/CLK
---------------
0.389876 0.403352 latency
        0.013476 skew



===========================================================================
report_clock_min_period
============================================================================
clk period_min = 10.14 fmax = 98.61
