Clock: clk
Sources: clk 
Generated: no
Virtual: yes
Propagated: no
Period: 60.000000

===========================================================================
report_clock_properties
============================================================================
Clock                   Period          Waveform
----------------------------------------------------
clk                  60.000000    0.000000 30.000000

===========================================================================
report_clock_latency
============================================================================
Clock clk
rise -> rise
    min     max
0.000000 0.000000 source latency
0.425347         network latency _3220_/CLK
        0.446291 network latency _3295_/CLK
---------------
0.425347 0.446291 latency
        0.020944 skew

fall -> fall
    min     max
0.000000 0.000000 source latency
0.405006         network latency _3220_/CLK
        0.421810 network latency _3295_/CLK
---------------
0.405006 0.421810 latency
        0.016804 skew



===========================================================================
report_clock_min_period
============================================================================
clk period_min = 10.71 fmax = 93.37
