
===========================================================================
report_checks -unconstrained
===========================================================================
======================= nom_tt_025C_1v80 Corner ===================================

Startpoint: _3302_ (rising edge-triggered flip-flop clocked by clk)
Endpoint: _3237_ (rising edge-triggered flip-flop clocked by clk)
Path Group: clk
Path Type: max

Fanout         Cap        Slew       Delay        Time   Description
---------------------------------------------------------------------------------------------
                                  0.000000    0.000000   clock clk (rise edge)
                                  0.000000    0.000000   clock source latency
     2    0.041795    0.000000    0.000000    0.000000 ^ clk (in)
                                                         clk (net)
                      0.002335    0.001168    0.001168 ^ clkbuf_0_clk/A (sky130_fd_sc_hd__clkbuf_16)
    17    0.165709    0.177700    0.212636    0.213804 ^ clkbuf_0_clk/X (sky130_fd_sc_hd__clkbuf_16)
                                                         clknet_0_clk (net)
                      0.178243    0.007943    0.221747 ^ clkbuf_3_0__f_clk/A (sky130_fd_sc_hd__clkbuf_16)
    25    0.090729    0.107480    0.223921    0.445668 ^ clkbuf_3_0__f_clk/X (sky130_fd_sc_hd__clkbuf_16)
                                                         clknet_3_0__leaf_clk (net)
                      0.107779    0.004081    0.449750 ^ _3302_/CLK (sky130_fd_sc_hd__dfrtp_4)
    15    0.050020    0.122093    0.572514    1.022264 v _3302_/Q (sky130_fd_sc_hd__dfrtp_4)
                                                         B_reg[12] (net)
                      0.122158    0.002560    1.024823 v _1910_/C (sky130_fd_sc_hd__and3_1)
     3    0.005968    0.050412    0.224748    1.249572 v _1910_/X (sky130_fd_sc_hd__and3_1)
                                                         _1175_ (net)
                      0.050412    0.000094    1.249665 v _2300_/B (sky130_fd_sc_hd__or4_1)
     4    0.009776    0.127026    0.559861    1.809527 v _2300_/X (sky130_fd_sc_hd__or4_1)
                                                         _1553_ (net)
                      0.127026    0.000207    1.809734 v _2304_/A2 (sky130_fd_sc_hd__a21o_1)
     3    0.007566    0.053673    0.226335    2.036069 v _2304_/X (sky130_fd_sc_hd__a21o_1)
                                                         _1557_ (net)
                      0.053673    0.000169    2.036239 v _2308_/C (sky130_fd_sc_hd__and3_1)
     2    0.005329    0.047557    0.190375    2.226613 v _2308_/X (sky130_fd_sc_hd__and3_1)
                                                         _1561_ (net)
                      0.047557    0.000134    2.226747 v _2310_/C (sky130_fd_sc_hd__or3_1)
     3    0.008063    0.095231    0.343586    2.570333 v _2310_/X (sky130_fd_sc_hd__or3_1)
                                                         _1563_ (net)
                      0.095231    0.000201    2.570534 v _2313_/A1 (sky130_fd_sc_hd__a21o_1)
     4    0.011371    0.067925    0.208353    2.778887 v _2313_/X (sky130_fd_sc_hd__a21o_1)
                                                         _1566_ (net)
                      0.067925    0.000243    2.779130 v _2319_/B (sky130_fd_sc_hd__and3_1)
     2    0.005718    0.049275    0.183439    2.962568 v _2319_/X (sky130_fd_sc_hd__and3_1)
                                                         _1572_ (net)
                      0.049275    0.000110    2.962678 v _2321_/C (sky130_fd_sc_hd__or3_1)
     3    0.008692    0.097389    0.348756    3.311434 v _2321_/X (sky130_fd_sc_hd__or3_1)
                                                         _1574_ (net)
                      0.097389    0.000269    3.311703 v _2326_/A1 (sky130_fd_sc_hd__a21o_1)
     4    0.011040    0.066622    0.208008    3.519711 v _2326_/X (sky130_fd_sc_hd__a21o_1)
                                                         _1579_ (net)
                      0.066622    0.000355    3.520066 v _2328_/C (sky130_fd_sc_hd__and3_1)
     2    0.004910    0.045775    0.194232    3.714298 v _2328_/X (sky130_fd_sc_hd__and3_1)
                                                         _1581_ (net)
                      0.045775    0.000120    3.714418 v _2330_/C (sky130_fd_sc_hd__or3_2)
     4    0.014115    0.112875    0.464784    4.179202 v _2330_/X (sky130_fd_sc_hd__or3_2)
                                                         _1583_ (net)
                      0.112875    0.000482    4.179684 v _2334_/A1 (sky130_fd_sc_hd__a21o_1)
     5    0.015615    0.085229    0.230659    4.410343 v _2334_/X (sky130_fd_sc_hd__a21o_1)
                                                         _1587_ (net)
                      0.085232    0.000543    4.410886 v _2338_/B (sky130_fd_sc_hd__and3_1)
     2    0.006556    0.053084    0.195343    4.606229 v _2338_/X (sky130_fd_sc_hd__and3_1)
                                                         _1591_ (net)
                      0.053084    0.000159    4.606388 v _2345_/C (sky130_fd_sc_hd__or3_1)
     3    0.008279    0.096188    0.346486    4.952874 v _2345_/X (sky130_fd_sc_hd__or3_1)
                                                         _1598_ (net)
                      0.096188    0.000156    4.953030 v _2347_/A1 (sky130_fd_sc_hd__a21o_1)
     4    0.011478    0.068380    0.209099    5.162128 v _2347_/X (sky130_fd_sc_hd__a21o_1)
                                                         _1600_ (net)
                      0.068381    0.000345    5.162473 v _2350_/C (sky130_fd_sc_hd__and3_1)
     2    0.006629    0.053388    0.203397    5.365870 v _2350_/X (sky130_fd_sc_hd__and3_1)
                                                         _1603_ (net)
                      0.053388    0.000195    5.366065 v _2352_/C (sky130_fd_sc_hd__or3_1)
     3    0.009036    0.099145    0.352320    5.718385 v _2352_/X (sky130_fd_sc_hd__or3_1)
                                                         _0106_ (net)
                      0.099145    0.000249    5.718634 v _2355_/A2 (sky130_fd_sc_hd__a21o_1)
     4    0.010673    0.065140    0.228748    5.947381 v _2355_/X (sky130_fd_sc_hd__a21o_1)
                                                         _0109_ (net)
                      0.065140    0.000313    5.947694 v _2362_/B (sky130_fd_sc_hd__and3_1)
     2    0.006431    0.052497    0.185626    6.133320 v _2362_/X (sky130_fd_sc_hd__and3_1)
                                                         _0116_ (net)
                      0.052497    0.000211    6.133531 v _2364_/C (sky130_fd_sc_hd__or3_1)
     3    0.007622    0.092523    0.341281    6.474812 v _2364_/X (sky130_fd_sc_hd__or3_1)
                                                         _0118_ (net)
                      0.092523    0.000226    6.475038 v _2366_/A2 (sky130_fd_sc_hd__a21o_1)
     4    0.011127    0.066924    0.227816    6.702853 v _2366_/X (sky130_fd_sc_hd__a21o_1)
                                                         _0120_ (net)
                      0.066924    0.000253    6.703106 v _2370_/B (sky130_fd_sc_hd__and3_1)
     2    0.005765    0.049478    0.183237    6.886343 v _2370_/X (sky130_fd_sc_hd__and3_1)
                                                         _0124_ (net)
                      0.049478    0.000147    6.886491 v _2372_/C (sky130_fd_sc_hd__or3_1)
     3    0.008970    0.098711    0.350969    7.237460 v _2372_/X (sky130_fd_sc_hd__or3_1)
                                                         _0126_ (net)
                      0.098711    0.000143    7.237602 v _2378_/A1 (sky130_fd_sc_hd__a21o_1)
     4    0.010397    0.064062    0.206347    7.443950 v _2378_/X (sky130_fd_sc_hd__a21o_1)
                                                         _0132_ (net)
                      0.064062    0.000139    7.444088 v _2383_/C (sky130_fd_sc_hd__and3_1)
     2    0.006940    0.054812    0.202945    7.647033 v _2383_/X (sky130_fd_sc_hd__and3_1)
                                                         _0137_ (net)
                      0.054812    0.000179    7.647213 v _2385_/C (sky130_fd_sc_hd__or3_1)
     3    0.007660    0.092766    0.342282    7.989495 v _2385_/X (sky130_fd_sc_hd__or3_1)
                                                         _0139_ (net)
                      0.092766    0.000221    7.989716 v _2387_/A1 (sky130_fd_sc_hd__a21o_1)
     4    0.012581    0.072785    0.211672    8.201388 v _2387_/X (sky130_fd_sc_hd__a21o_1)
                                                         _0141_ (net)
                      0.072785    0.000188    8.201576 v _2390_/B (sky130_fd_sc_hd__and3_1)
     3    0.010234    0.067924    0.206117    8.407694 v _2390_/X (sky130_fd_sc_hd__and3_1)
                                                         _0144_ (net)
                      0.067924    0.000302    8.407995 v _2392_/C (sky130_fd_sc_hd__or3_1)
     3    0.006868    0.087794    0.340654    8.748650 v _2392_/X (sky130_fd_sc_hd__or3_1)
                                                         _0146_ (net)
                      0.087794    0.000164    8.748814 v _2397_/A1 (sky130_fd_sc_hd__a21o_1)
     4    0.011168    0.067096    0.204578    8.953391 v _2397_/X (sky130_fd_sc_hd__a21o_1)
                                                         _0151_ (net)
                      0.067096    0.000214    8.953606 v _2406_/B (sky130_fd_sc_hd__and3_1)
     2    0.005729    0.049325    0.183129    9.136734 v _2406_/X (sky130_fd_sc_hd__and3_1)
                                                         _0160_ (net)
                      0.049325    0.000140    9.136874 v _2408_/C (sky130_fd_sc_hd__or3_1)
     3    0.008121    0.095626    0.344445    9.481320 v _2408_/X (sky130_fd_sc_hd__or3_1)
                                                         _0162_ (net)
                      0.095626    0.000155    9.481476 v _2410_/A2 (sky130_fd_sc_hd__a21o_1)
     3    0.007146    0.051724    0.212149    9.693624 v _2410_/X (sky130_fd_sc_hd__a21o_1)
                                                         _0164_ (net)
                      0.051724    0.000172    9.693797 v _2413_/C (sky130_fd_sc_hd__and3_1)
     2    0.004922    0.045810    0.187544    9.881341 v _2413_/X (sky130_fd_sc_hd__and3_1)
                                                         _0167_ (net)
                      0.045810    0.000101    9.881443 v _2415_/C (sky130_fd_sc_hd__or3_1)
     3    0.007013    0.088598    0.335194   10.216637 v _2415_/X (sky130_fd_sc_hd__or3_1)
                                                         _0169_ (net)
                      0.088598    0.000171   10.216807 v _2420_/A1 (sky130_fd_sc_hd__a21o_1)
     4    0.012351    0.071857    0.209119   10.425926 v _2420_/X (sky130_fd_sc_hd__a21o_1)
                                                         _0174_ (net)
                      0.071857    0.000264   10.426190 v _2423_/A1 (sky130_fd_sc_hd__a21o_1)
     2    0.008684    0.058257    0.188334   10.614524 v _2423_/X (sky130_fd_sc_hd__a21o_1)
                                                         _0177_ (net)
                      0.058258    0.000272   10.614796 v _2426_/B (sky130_fd_sc_hd__xnor2_1)
     1    0.003086    0.055117    0.124460   10.739255 v _2426_/Y (sky130_fd_sc_hd__xnor2_1)
                                                         _0179_ (net)
                      0.055117    0.000069   10.739325 v _2427_/A1 (sky130_fd_sc_hd__mux2_1)
     1    0.002901    0.055642    0.291235   11.030559 v _2427_/X (sky130_fd_sc_hd__mux2_1)
                                                         _0024_ (net)
                      0.055642    0.000088   11.030647 v _3237_/D (sky130_fd_sc_hd__dfrtp_4)
                                             11.030647   data arrival time

                                 40.000000   40.000000   clock clk (rise edge)
                                  0.000000   40.000000   clock source latency
     2    0.041795    0.000000    0.000000   40.000000 ^ clk (in)
                                                         clk (net)
                      0.002335    0.001169   40.001171 ^ clkbuf_0_clk/A (sky130_fd_sc_hd__clkbuf_16)
    17    0.165709    0.177700    0.212633   40.213802 ^ clkbuf_0_clk/X (sky130_fd_sc_hd__clkbuf_16)
                                                         clknet_0_clk (net)
                      0.178261    0.008068   40.221870 ^ clkbuf_3_3__f_clk/A (sky130_fd_sc_hd__clkbuf_16)
    35    0.095663    0.112150    0.227413   40.449284 ^ clkbuf_3_3__f_clk/X (sky130_fd_sc_hd__clkbuf_16)
                                                         clknet_3_3__leaf_clk (net)
                      0.112235    0.002842   40.452126 ^ _3237_/CLK (sky130_fd_sc_hd__dfrtp_4)
                                 -0.100000   40.352127   clock uncertainty
                                  0.000000   40.352127   clock reconvergence pessimism
                                 -0.103514   40.248611   library setup time
                                             40.248611   data required time
---------------------------------------------------------------------------------------------
                                             40.248611   data required time
                                            -11.030647   data arrival time
---------------------------------------------------------------------------------------------
                                             29.217966   slack (MET)




===========================================================================
report_checks --slack_max -0.01
============================================================================
======================= nom_tt_025C_1v80 Corner ===================================

No paths found.


===========================================================================
 report_check_types -max_slew -max_cap -max_fanout -violators
============================================================================
======================= nom_tt_025C_1v80 Corner ===================================



===========================================================================
report_parasitic_annotation -report_unannotated
============================================================================
Found 7 unannotated drivers.
 clkload0/Y
 clkload1/Y
 clkload2/Y
 clkload3/Y
 clkload4/Y
 clkload5/Y
 clkload6/X
Found 0 partially unannotated drivers.

===========================================================================
max slew violation count 0
max fanout violation count 0
max cap violation count 0
============================================================================

===========================================================================
check_setup -verbose -unconstrained_endpoints -multiple_clock -no_clock -no_input_delay -loops -generated_clocks
===========================================================================
Warning: There are 36 input ports missing set_input_delay.
  A_in[0]
  A_in[10]
  A_in[11]
  A_in[12]
  A_in[13]
  A_in[14]
  A_in[15]
  A_in[1]
  A_in[2]
  A_in[3]
  A_in[4]
  A_in[5]
  A_in[6]
  A_in[7]
  A_in[8]
  A_in[9]
  B_in[0]
  B_in[10]
  B_in[11]
  B_in[12]
  B_in[13]
  B_in[14]
  B_in[15]
  B_in[1]
  B_in[2]
  B_in[3]
  B_in[4]
  B_in[5]
  B_in[6]
  B_in[7]
  B_in[8]
  B_in[9]
  Op_Sel[0]
  Op_Sel[1]
  Start
  rst_n
Warning: There are 17 unconstrained endpoints.
  Done
  X_out[0]
  X_out[10]
  X_out[11]
  X_out[12]
  X_out[13]
  X_out[14]
  X_out[15]
  X_out[1]
  X_out[2]
  X_out[3]
  X_out[4]
  X_out[5]
  X_out[6]
  X_out[7]
  X_out[8]
  X_out[9]
