
===========================================================================
report_checks -unconstrained
===========================================================================
======================= nom_tt_025C_1v80 Corner ===================================

Startpoint: _3302_ (rising edge-triggered flip-flop clocked by clk)
Endpoint: _3238_ (rising edge-triggered flip-flop clocked by clk)
Path Group: clk
Path Type: max

Fanout         Cap        Slew       Delay        Time   Description
---------------------------------------------------------------------------------------------
                                  0.000000    0.000000   clock clk (rise edge)
                                  0.000000    0.000000   clock source latency
     1    0.028987    0.000000    0.000000    0.000000 ^ clk (in)
                                                         clk (net)
                      0.002441    0.001221    0.001221 ^ clkbuf_0_clk/A (sky130_fd_sc_hd__clkbuf_16)
     8    0.118930    0.132043    0.184496    0.185716 ^ clkbuf_0_clk/X (sky130_fd_sc_hd__clkbuf_16)
                                                         clknet_0_clk (net)
                      0.132122    0.001477    0.187193 ^ clkbuf_3_0__f_clk/A (sky130_fd_sc_hd__clkbuf_16)
    12    0.059309    0.077602    0.187674    0.374867 ^ clkbuf_3_0__f_clk/X (sky130_fd_sc_hd__clkbuf_16)
                                                         clknet_3_0__leaf_clk (net)
                      0.077605    0.000575    0.375442 ^ _3302_/CLK (sky130_fd_sc_hd__dfrtp_4)
    15    0.042218    0.109235    0.549028    0.924470 v _3302_/Q (sky130_fd_sc_hd__dfrtp_4)
                                                         B_reg[12] (net)
                      0.109236    0.000508    0.924978 v _1910_/C (sky130_fd_sc_hd__and3_1)
     3    0.005257    0.048967    0.215420    1.140399 v _1910_/X (sky130_fd_sc_hd__and3_1)
                                                         _1175_ (net)
                      0.048967    0.000010    1.140409 v _2300_/B (sky130_fd_sc_hd__or4_1)
     4    0.008573    0.124608    0.550429    1.690837 v _2300_/X (sky130_fd_sc_hd__or4_1)
                                                         _1553_ (net)
                      0.124608    0.000009    1.690846 v _2304_/A2 (sky130_fd_sc_hd__a21o_1)
     3    0.006700    0.050888    0.221509    1.912355 v _2304_/X (sky130_fd_sc_hd__a21o_1)
                                                         _1557_ (net)
                      0.050888    0.000016    1.912371 v _2308_/C (sky130_fd_sc_hd__and3_1)
     2    0.004133    0.044041    0.183380    2.095751 v _2308_/X (sky130_fd_sc_hd__and3_1)
                                                         _1561_ (net)
                      0.044041    0.000011    2.095762 v _2310_/C (sky130_fd_sc_hd__or3_1)
     3    0.005989    0.085346    0.327053    2.422814 v _2310_/X (sky130_fd_sc_hd__or3_1)
                                                         _1563_ (net)
                      0.085346    0.000002    2.422817 v _2313_/A1 (sky130_fd_sc_hd__a21o_1)
     4    0.009473    0.060382    0.197600    2.620416 v _2313_/X (sky130_fd_sc_hd__a21o_1)
                                                         _1566_ (net)
                      0.060382    0.000043    2.620460 v _2319_/B (sky130_fd_sc_hd__and3_1)
     2    0.004833    0.047094    0.175796    2.796256 v _2319_/X (sky130_fd_sc_hd__and3_1)
                                                         _1572_ (net)
                      0.047094    0.000017    2.796273 v _2321_/C (sky130_fd_sc_hd__or3_1)
     3    0.006231    0.086733    0.329571    3.125844 v _2321_/X (sky130_fd_sc_hd__or3_1)
                                                         _1574_ (net)
                      0.086733    0.000010    3.125854 v _2326_/A1 (sky130_fd_sc_hd__a21o_1)
     4    0.009292    0.059753    0.197395    3.323249 v _2326_/X (sky130_fd_sc_hd__a21o_1)
                                                         _1579_ (net)
                      0.059753    0.000029    3.323277 v _2328_/C (sky130_fd_sc_hd__and3_1)
     2    0.004426    0.045326    0.188796    3.512074 v _2328_/X (sky130_fd_sc_hd__and3_1)
                                                         _1581_ (net)
                      0.045326    0.000014    3.512087 v _2330_/C (sky130_fd_sc_hd__or3_2)
     4    0.012325    0.108402    0.458241    3.970328 v _2330_/X (sky130_fd_sc_hd__or3_2)
                                                         _1583_ (net)
                      0.108402    0.000038    3.970366 v _2334_/A1 (sky130_fd_sc_hd__a21o_1)
     5    0.013484    0.076365    0.221478    4.191844 v _2334_/X (sky130_fd_sc_hd__a21o_1)
                                                         _1587_ (net)
                      0.076365    0.000047    4.191891 v _2338_/B (sky130_fd_sc_hd__and3_1)
     2    0.004511    0.045723    0.181454    4.373344 v _2338_/X (sky130_fd_sc_hd__and3_1)
                                                         _1591_ (net)
                      0.045723    0.000016    4.373360 v _2345_/C (sky130_fd_sc_hd__or3_1)
     3    0.007230    0.092380    0.336922    4.710282 v _2345_/X (sky130_fd_sc_hd__or3_1)
                                                         _1598_ (net)
                      0.092380    0.000020    4.710302 v _2347_/A1 (sky130_fd_sc_hd__a21o_1)
     4    0.009369    0.060015    0.200068    4.910371 v _2347_/X (sky130_fd_sc_hd__a21o_1)
                                                         _1600_ (net)
                      0.060015    0.000050    4.910420 v _2350_/C (sky130_fd_sc_hd__and3_1)
     2    0.004935    0.045853    0.191392    5.101813 v _2350_/X (sky130_fd_sc_hd__and3_1)
                                                         _1603_ (net)
                      0.045853    0.000026    5.101839 v _2352_/C (sky130_fd_sc_hd__or3_1)
     3    0.007776    0.093394    0.341111    5.442949 v _2352_/X (sky130_fd_sc_hd__or3_1)
                                                         _0106_ (net)
                      0.093394    0.000037    5.442986 v _2355_/A2 (sky130_fd_sc_hd__a21o_1)
     4    0.009086    0.060811    0.220497    5.663483 v _2355_/X (sky130_fd_sc_hd__a21o_1)
                                                         _0109_ (net)
                      0.060811    0.000028    5.663511 v _2362_/B (sky130_fd_sc_hd__and3_1)
     2    0.004734    0.045021    0.175499    5.839009 v _2362_/X (sky130_fd_sc_hd__and3_1)
                                                         _0116_ (net)
                      0.045021    0.000023    5.839032 v _2364_/C (sky130_fd_sc_hd__or3_1)
     3    0.006545    0.088531    0.331525    6.170557 v _2364_/X (sky130_fd_sc_hd__or3_1)
                                                         _0118_ (net)
                      0.088531    0.000029    6.170587 v _2366_/A2 (sky130_fd_sc_hd__a21o_1)
     4    0.009722    0.061324    0.221239    6.391826 v _2366_/X (sky130_fd_sc_hd__a21o_1)
                                                         _0120_ (net)
                      0.061324    0.000033    6.391859 v _2370_/B (sky130_fd_sc_hd__and3_1)
     2    0.004874    0.045600    0.176420    6.568279 v _2370_/X (sky130_fd_sc_hd__and3_1)
                                                         _0124_ (net)
                      0.045600    0.000016    6.568295 v _2372_/C (sky130_fd_sc_hd__or3_1)
     3    0.007920    0.096362    0.342181    6.910475 v _2372_/X (sky130_fd_sc_hd__or3_1)
                                                         _0126_ (net)
                      0.096362    0.000023    6.910498 v _2378_/A1 (sky130_fd_sc_hd__a21o_1)
     4    0.008916    0.060130    0.199668    7.110166 v _2378_/X (sky130_fd_sc_hd__a21o_1)
                                                         _0132_ (net)
                      0.060130    0.000020    7.110186 v _2383_/C (sky130_fd_sc_hd__and3_1)
     2    0.005056    0.048061    0.192050    7.302237 v _2383_/X (sky130_fd_sc_hd__and3_1)
                                                         _0137_ (net)
                      0.048061    0.000016    7.302253 v _2385_/C (sky130_fd_sc_hd__or3_1)
     3    0.007228    0.092409    0.337423    7.639676 v _2385_/X (sky130_fd_sc_hd__or3_1)
                                                         _0139_ (net)
                      0.092409    0.000020    7.639696 v _2387_/A1 (sky130_fd_sc_hd__a21o_1)
     4    0.011268    0.069415    0.206965    7.846661 v _2387_/X (sky130_fd_sc_hd__a21o_1)
                                                         _0141_ (net)
                      0.069415    0.000026    7.846687 v _2390_/B (sky130_fd_sc_hd__and3_1)
     3    0.007724    0.058440    0.193960    8.040648 v _2390_/X (sky130_fd_sc_hd__and3_1)
                                                         _0144_ (net)
                      0.058440    0.000024    8.040671 v _2392_/C (sky130_fd_sc_hd__or3_1)
     3    0.006614    0.088983    0.335610    8.376281 v _2392_/X (sky130_fd_sc_hd__or3_1)
                                                         _0146_ (net)
                      0.088983    0.000009    8.376290 v _2397_/A1 (sky130_fd_sc_hd__a21o_1)
     4    0.009379    0.062041    0.198736    8.575027 v _2397_/X (sky130_fd_sc_hd__a21o_1)
                                                         _0151_ (net)
                      0.062041    0.000016    8.575043 v _2406_/B (sky130_fd_sc_hd__and3_1)
     2    0.004480    0.043970    0.174824    8.749866 v _2406_/X (sky130_fd_sc_hd__and3_1)
                                                         _0160_ (net)
                      0.043970    0.000007    8.749873 v _2408_/C (sky130_fd_sc_hd__or3_1)
     3    0.007286    0.092741    0.336965    9.086838 v _2408_/X (sky130_fd_sc_hd__or3_1)
                                                         _0162_ (net)
                      0.092741    0.000011    9.086849 v _2410_/A2 (sky130_fd_sc_hd__a21o_1)
     3    0.006065    0.046809    0.206039    9.292888 v _2410_/X (sky130_fd_sc_hd__a21o_1)
                                                         _0164_ (net)
                      0.046809    0.000020    9.292908 v _2413_/C (sky130_fd_sc_hd__and3_1)
     2    0.004467    0.043885    0.183245    9.476153 v _2413_/X (sky130_fd_sc_hd__and3_1)
                                                         _0167_ (net)
                      0.043885    0.000010    9.476163 v _2415_/C (sky130_fd_sc_hd__or3_1)
     3    0.006216    0.086670    0.328755    9.804918 v _2415_/X (sky130_fd_sc_hd__or3_1)
                                                         _0169_ (net)
                      0.086670    0.000017    9.804935 v _2420_/A1 (sky130_fd_sc_hd__a21o_1)
     4    0.010390    0.065990    0.201454   10.006389 v _2420_/X (sky130_fd_sc_hd__a21o_1)
                                                         _0174_ (net)
                      0.065990    0.000004   10.006393 v _2428_/A1 (sky130_fd_sc_hd__a21bo_1)
     1    0.004302    0.042458    0.177647   10.184041 v _2428_/X (sky130_fd_sc_hd__a21bo_1)
                                                         _0180_ (net)
                      0.042458    0.000003   10.184043 v _2429_/B (sky130_fd_sc_hd__xor2_1)
     1    0.002194    0.064540    0.131532   10.315576 v _2429_/X (sky130_fd_sc_hd__xor2_1)
                                                         _0181_ (net)
                      0.064540    0.000004   10.315578 v _2430_/A1 (sky130_fd_sc_hd__mux2_1)
     1    0.002172    0.053136    0.287808   10.603387 v _2430_/X (sky130_fd_sc_hd__mux2_1)
                                                         _0025_ (net)
                      0.053136    0.000002   10.603389 v _3238_/D (sky130_fd_sc_hd__dfrtp_4)
                                             10.603389   data arrival time

                                 10.500000   10.500000   clock clk (rise edge)
                                  0.000000   10.500000   clock source latency
     1    0.028987    0.000000    0.000000   10.500000 ^ clk (in)
                                                         clk (net)
                      0.002441    0.001220   10.501221 ^ clkbuf_0_clk/A (sky130_fd_sc_hd__clkbuf_16)
     8    0.118930    0.132043    0.184496   10.685717 ^ clkbuf_0_clk/X (sky130_fd_sc_hd__clkbuf_16)
                                                         clknet_0_clk (net)
                      0.132142    0.001982   10.687699 ^ clkbuf_3_3__f_clk/A (sky130_fd_sc_hd__clkbuf_16)
    17    0.060135    0.078352    0.188359   10.876058 ^ clkbuf_3_3__f_clk/X (sky130_fd_sc_hd__clkbuf_16)
                                                         clknet_3_3__leaf_clk (net)
                      0.078352    0.000281   10.876338 ^ _3238_/CLK (sky130_fd_sc_hd__dfrtp_4)
                                 -0.100000   10.776339   clock uncertainty
                                  0.000000   10.776339   clock reconvergence pessimism
                                 -0.110185   10.666154   library setup time
                                             10.666154   data required time
---------------------------------------------------------------------------------------------
                                             10.666154   data required time
                                            -10.603389   data arrival time
---------------------------------------------------------------------------------------------
                                              0.062765   slack (MET)




===========================================================================
report_checks --slack_max -0.01
============================================================================
======================= nom_tt_025C_1v80 Corner ===================================

No paths found.


===========================================================================
 report_check_types -max_slew -max_cap -max_fanout -violators
============================================================================
======================= nom_tt_025C_1v80 Corner ===================================



===========================================================================
report_parasitic_annotation -report_unannotated
============================================================================
Found 7 unannotated drivers.
 clkload0/Y
 clkload1/Y
 clkload2/Y
 clkload3/Y
 clkload4/Y
 clkload5/Y
 clkload6/Y
Found 0 partially unannotated drivers.

===========================================================================
max slew violation count 0
Writing metric design__max_slew_violation__count__corner:nom_tt_025C_1v80: 0
max fanout violation count 0
Writing metric design__max_fanout_violation__count__corner:nom_tt_025C_1v80: 0
max cap violation count 0
Writing metric design__max_cap_violation__count__corner:nom_tt_025C_1v80: 0
============================================================================

===========================================================================
check_setup -verbose -unconstrained_endpoints -multiple_clock -no_clock -no_input_delay -loops -generated_clocks
===========================================================================
Warning: There are 36 input ports missing set_input_delay.
  A_in[0]
  A_in[10]
  A_in[11]
  A_in[12]
  A_in[13]
  A_in[14]
  A_in[15]
  A_in[1]
  A_in[2]
  A_in[3]
  A_in[4]
  A_in[5]
  A_in[6]
  A_in[7]
  A_in[8]
  A_in[9]
  B_in[0]
  B_in[10]
  B_in[11]
  B_in[12]
  B_in[13]
  B_in[14]
  B_in[15]
  B_in[1]
  B_in[2]
  B_in[3]
  B_in[4]
  B_in[5]
  B_in[6]
  B_in[7]
  B_in[8]
  B_in[9]
  Op_Sel[0]
  Op_Sel[1]
  Start
  rst_n
Warning: There are 17 unconstrained endpoints.
  Done
  X_out[0]
  X_out[10]
  X_out[11]
  X_out[12]
  X_out[13]
  X_out[14]
  X_out[15]
  X_out[1]
  X_out[2]
  X_out[3]
  X_out[4]
  X_out[5]
  X_out[6]
  X_out[7]
  X_out[8]
  X_out[9]
