Clock: clk
Sources: clk 
Generated: no
Virtual: yes
Propagated: no
Period: 10.500000

===========================================================================
report_clock_properties
============================================================================
Clock                   Period          Waveform
----------------------------------------------------
clk                  10.500000    0.000000  5.250000

===========================================================================
report_clock_latency
============================================================================
Clock clk
rise -> rise
    min     max
0.000000 0.000000 source latency
0.369898         network latency _3319_/CLK
        0.379645 network latency _3256_/CLK
---------------
0.369898 0.379645 latency
        0.009747 skew

fall -> fall
    min     max
0.000000 0.000000 source latency
0.365547         network latency _3319_/CLK
        0.373134 network latency _3256_/CLK
---------------
0.365547 0.373134 latency
        0.007588 skew



===========================================================================
report_clock_min_period
============================================================================
clk period_min = 10.44 fmax = 95.81
