Clock: clk
Sources: clk 
Generated: no
Virtual: yes
Propagated: no
Period: 80.000000

===========================================================================
report_clock_properties
============================================================================
Clock                   Period          Waveform
----------------------------------------------------
clk                  80.000000    0.000000 40.000000

===========================================================================
report_clock_latency
============================================================================
Clock clk
rise -> rise
    min     max
0.000000 0.000000 source latency
0.369886         network latency _3319_/CLK
        0.379597 network latency _3256_/CLK
---------------
0.369886 0.379597 latency
        0.009711 skew

fall -> fall
    min     max
0.000000 0.000000 source latency
0.365535         network latency _3319_/CLK
        0.373099 network latency _3256_/CLK
---------------
0.365535 0.373099 latency
        0.007564 skew



===========================================================================
report_clock_min_period
============================================================================
clk period_min = 10.44 fmax = 95.82
