
===========================================================================
report_checks -unconstrained
===========================================================================
======================= max_tt_025C_1v80 Corner ===================================

Startpoint: _3302_ (rising edge-triggered flip-flop clocked by clk)
Endpoint: _3237_ (rising edge-triggered flip-flop clocked by clk)
Path Group: clk
Path Type: max

Fanout         Cap        Slew       Delay        Time   Description
---------------------------------------------------------------------------------------------
                                  0.000000    0.000000   clock clk (rise edge)
                                  0.000000    0.000000   clock source latency
     2    0.042312    0.000000    0.000000    0.000000 ^ clk (in)
                                                         clk (net)
                      0.003027    0.001514    0.001514 ^ clkbuf_0_clk/A (sky130_fd_sc_hd__clkbuf_16)
    17    0.172524    0.184575    0.214955    0.216468 ^ clkbuf_0_clk/X (sky130_fd_sc_hd__clkbuf_16)
                                                         clknet_0_clk (net)
                      0.186026    0.013137    0.229605 ^ clkbuf_3_0__f_clk/A (sky130_fd_sc_hd__clkbuf_16)
    25    0.094758    0.112052    0.227943    0.457548 ^ clkbuf_3_0__f_clk/X (sky130_fd_sc_hd__clkbuf_16)
                                                         clknet_3_0__leaf_clk (net)
                      0.112665    0.006280    0.463828 ^ _3302_/CLK (sky130_fd_sc_hd__dfrtp_4)
    15    0.051774    0.126076    0.575535    1.039364 v _3302_/Q (sky130_fd_sc_hd__dfrtp_4)
                                                         B_reg[12] (net)
                      0.126363    0.005239    1.044602 v _1910_/C (sky130_fd_sc_hd__and3_1)
     3    0.006165    0.051399    0.227535    1.272137 v _1910_/X (sky130_fd_sc_hd__and3_1)
                                                         _1175_ (net)
                      0.051402    0.000447    1.272584 v _2300_/B (sky130_fd_sc_hd__or4_1)
     4    0.009527    0.125918    0.558434    1.831018 v _2300_/X (sky130_fd_sc_hd__or4_1)
                                                         _1553_ (net)
                      0.125974    0.000304    1.831322 v _2304_/A2 (sky130_fd_sc_hd__a21o_1)
     3    0.007718    0.054468    0.226537    2.057859 v _2304_/X (sky130_fd_sc_hd__a21o_1)
                                                         _1557_ (net)
                      0.054470    0.000405    2.058264 v _2308_/C (sky130_fd_sc_hd__and3_1)
     2    0.004755    0.045115    0.187880    2.246145 v _2308_/X (sky130_fd_sc_hd__and3_1)
                                                         _1561_ (net)
                      0.045116    0.000281    2.246426 v _2310_/C (sky130_fd_sc_hd__or3_1)
     3    0.007091    0.089074    0.335583    2.582008 v _2310_/X (sky130_fd_sc_hd__or3_1)
                                                         _1563_ (net)
                      0.089074    0.000235    2.582244 v _2313_/A1 (sky130_fd_sc_hd__a21o_1)
     4    0.010607    0.064977    0.202902    2.785146 v _2313_/X (sky130_fd_sc_hd__a21o_1)
                                                         _1566_ (net)
                      0.064980    0.000542    2.785688 v _2319_/B (sky130_fd_sc_hd__and3_1)
     2    0.006407    0.052431    0.185352    2.971040 v _2319_/X (sky130_fd_sc_hd__and3_1)
                                                         _1572_ (net)
                      0.052432    0.000377    2.971417 v _2321_/C (sky130_fd_sc_hd__or3_1)
     3    0.007328    0.090689    0.338973    3.310390 v _2321_/X (sky130_fd_sc_hd__or3_1)
                                                         _1574_ (net)
                      0.090689    0.000248    3.310639 v _2326_/A1 (sky130_fd_sc_hd__a21o_1)
     4    0.010284    0.063619    0.202308    3.512947 v _2326_/X (sky130_fd_sc_hd__a21o_1)
                                                         _1579_ (net)
                      0.063629    0.000818    3.513765 v _2328_/C (sky130_fd_sc_hd__and3_1)
     2    0.005429    0.048051    0.195297    3.709062 v _2328_/X (sky130_fd_sc_hd__and3_1)
                                                         _1581_ (net)
                      0.048053    0.000346    3.709407 v _2330_/C (sky130_fd_sc_hd__or3_2)
     4    0.013386    0.111331    0.462650    4.172057 v _2330_/X (sky130_fd_sc_hd__or3_2)
                                                         _1583_ (net)
                      0.111331    0.000641    4.172698 v _2334_/A1 (sky130_fd_sc_hd__a21o_1)
     5    0.015513    0.084973    0.229353    4.402051 v _2334_/X (sky130_fd_sc_hd__a21o_1)
                                                         _1587_ (net)
                      0.084984    0.000989    4.403040 v _2338_/B (sky130_fd_sc_hd__and3_1)
     2    0.005276    0.047420    0.188917    4.591957 v _2338_/X (sky130_fd_sc_hd__and3_1)
                                                         _1591_ (net)
                      0.047422    0.000341    4.592298 v _2345_/C (sky130_fd_sc_hd__or3_1)
     3    0.008735    0.097542    0.348595    4.940893 v _2345_/X (sky130_fd_sc_hd__or3_1)
                                                         _1598_ (net)
                      0.097542    0.000435    4.941328 v _2347_/A1 (sky130_fd_sc_hd__a21o_1)
     4    0.010908    0.066168    0.207470    5.148798 v _2347_/X (sky130_fd_sc_hd__a21o_1)
                                                         _1600_ (net)
                      0.066173    0.000635    5.149433 v _2350_/C (sky130_fd_sc_hd__and3_1)
     2    0.005927    0.050255    0.198874    5.348307 v _2350_/X (sky130_fd_sc_hd__and3_1)
                                                         _1603_ (net)
                      0.050257    0.000386    5.348694 v _2352_/C (sky130_fd_sc_hd__or3_1)
     3    0.009055    0.099195    0.351505    5.700199 v _2352_/X (sky130_fd_sc_hd__or3_1)
                                                         _0106_ (net)
                      0.099199    0.000731    5.700929 v _2355_/A2 (sky130_fd_sc_hd__a21o_1)
     4    0.010998    0.066492    0.229820    5.930749 v _2355_/X (sky130_fd_sc_hd__a21o_1)
                                                         _0109_ (net)
                      0.066497    0.000640    5.931390 v _2362_/B (sky130_fd_sc_hd__and3_1)
     2    0.006313    0.052030    0.185557    6.116947 v _2362_/X (sky130_fd_sc_hd__and3_1)
                                                         _0116_ (net)
                      0.052032    0.000395    6.117342 v _2364_/C (sky130_fd_sc_hd__or3_1)
     3    0.008581    0.097143    0.348346    6.465688 v _2364_/X (sky130_fd_sc_hd__or3_1)
                                                         _0118_ (net)
                      0.097144    0.000474    6.466162 v _2366_/A2 (sky130_fd_sc_hd__a21o_1)
     4    0.010676    0.065219    0.227813    6.693975 v _2366_/X (sky130_fd_sc_hd__a21o_1)
                                                         _0120_ (net)
                      0.065221    0.000513    6.694488 v _2370_/B (sky130_fd_sc_hd__and3_1)
     2    0.005353    0.047736    0.180348    6.874836 v _2370_/X (sky130_fd_sc_hd__and3_1)
                                                         _0124_ (net)
                      0.047736    0.000280    6.875116 v _2372_/C (sky130_fd_sc_hd__or3_1)
     3    0.008679    0.097388    0.348224    7.223341 v _2372_/X (sky130_fd_sc_hd__or3_1)
                                                         _0126_ (net)
                      0.097388    0.000264    7.223604 v _2378_/A1 (sky130_fd_sc_hd__a21o_1)
     4    0.010260    0.063562    0.205199    7.428803 v _2378_/X (sky130_fd_sc_hd__a21o_1)
                                                         _0132_ (net)
                      0.063563    0.000339    7.429142 v _2383_/C (sky130_fd_sc_hd__and3_1)
     2    0.007483    0.057447    0.205210    7.634352 v _2383_/X (sky130_fd_sc_hd__and3_1)
                                                         _0137_ (net)
                      0.057450    0.000459    7.634811 v _2385_/C (sky130_fd_sc_hd__or3_1)
     3    0.008284    0.096306    0.347848    7.982659 v _2385_/X (sky130_fd_sc_hd__or3_1)
                                                         _0139_ (net)
                      0.096306    0.000419    7.983078 v _2387_/A1 (sky130_fd_sc_hd__a21o_1)
     4    0.012334    0.071862    0.212104    8.195183 v _2387_/X (sky130_fd_sc_hd__a21o_1)
                                                         _0141_ (net)
                      0.071862    0.000376    8.195559 v _2390_/B (sky130_fd_sc_hd__and3_1)
     3    0.010141    0.067535    0.205096    8.400655 v _2390_/X (sky130_fd_sc_hd__and3_1)
                                                         _0144_ (net)
                      0.067540    0.000682    8.401337 v _2392_/C (sky130_fd_sc_hd__or3_1)
     3    0.007192    0.089906    0.342848    8.744185 v _2392_/X (sky130_fd_sc_hd__or3_1)
                                                         _0146_ (net)
                      0.089907    0.000428    8.744614 v _2397_/A1 (sky130_fd_sc_hd__a21o_1)
     4    0.011919    0.070218    0.207888    8.952501 v _2397_/X (sky130_fd_sc_hd__a21o_1)
                                                         _0151_ (net)
                      0.070221    0.000584    8.953085 v _2406_/B (sky130_fd_sc_hd__and3_1)
     2    0.005976    0.050472    0.185632    9.138717 v _2406_/X (sky130_fd_sc_hd__and3_1)
                                                         _0160_ (net)
                      0.050473    0.000338    9.139054 v _2408_/C (sky130_fd_sc_hd__or3_1)
     3    0.008265    0.096196    0.345668    9.484722 v _2408_/X (sky130_fd_sc_hd__or3_1)
                                                         _0162_ (net)
                      0.096196    0.000387    9.485109 v _2410_/A2 (sky130_fd_sc_hd__a21o_1)
     3    0.007221    0.052159    0.212585    9.697694 v _2410_/X (sky130_fd_sc_hd__a21o_1)
                                                         _0164_ (net)
                      0.052161    0.000386    9.698080 v _2413_/C (sky130_fd_sc_hd__and3_1)
     2    0.005091    0.046536    0.188469    9.886549 v _2413_/X (sky130_fd_sc_hd__and3_1)
                                                         _0167_ (net)
                      0.046537    0.000299    9.886848 v _2415_/C (sky130_fd_sc_hd__or3_1)
     3    0.007088    0.089113    0.335851   10.222699 v _2415_/X (sky130_fd_sc_hd__or3_1)
                                                         _0169_ (net)
                      0.089113    0.000351   10.223050 v _2420_/A1 (sky130_fd_sc_hd__a21o_1)
     4    0.011526    0.068636    0.206179   10.429230 v _2420_/X (sky130_fd_sc_hd__a21o_1)
                                                         _0174_ (net)
                      0.068641    0.000641   10.429871 v _2423_/A1 (sky130_fd_sc_hd__a21o_1)
     2    0.008508    0.058014    0.185985   10.615856 v _2423_/X (sky130_fd_sc_hd__a21o_1)
                                                         _0177_ (net)
                      0.058020    0.000604   10.616460 v _2426_/B (sky130_fd_sc_hd__xnor2_1)
     1    0.003234    0.057625    0.125191   10.741652 v _2426_/Y (sky130_fd_sc_hd__xnor2_1)
                                                         _0179_ (net)
                      0.057625    0.000129   10.741780 v _2427_/A1 (sky130_fd_sc_hd__mux2_1)
     1    0.002996    0.056260    0.292999   11.034779 v _2427_/X (sky130_fd_sc_hd__mux2_1)
                                                         _0024_ (net)
                      0.056260    0.000194   11.034972 v _3237_/D (sky130_fd_sc_hd__dfrtp_4)
                                             11.034972   data arrival time

                                160.000000  160.000000   clock clk (rise edge)
                                  0.000000  160.000000   clock source latency
     2    0.042312    0.000000    0.000000  160.000000 ^ clk (in)
                                                         clk (net)
                      0.003027    0.001521  160.001526 ^ clkbuf_0_clk/A (sky130_fd_sc_hd__clkbuf_16)
    17    0.172524    0.184575    0.214953  160.216476 ^ clkbuf_0_clk/X (sky130_fd_sc_hd__clkbuf_16)
                                                         clknet_0_clk (net)
                      0.185894    0.012534  160.229004 ^ clkbuf_3_3__f_clk/A (sky130_fd_sc_hd__clkbuf_16)
    35    0.100111    0.117469    0.229633  160.458649 ^ clkbuf_3_3__f_clk/X (sky130_fd_sc_hd__clkbuf_16)
                                                         clknet_3_3__leaf_clk (net)
                      0.118378    0.008328  160.466965 ^ _3237_/CLK (sky130_fd_sc_hd__dfrtp_4)
                                 -0.100000  160.366974   clock uncertainty
                                  0.000000  160.366974   clock reconvergence pessimism
                                 -0.102375  160.264603   library setup time
                                            160.264603   data required time
---------------------------------------------------------------------------------------------
                                            160.264603   data required time
                                            -11.034972   data arrival time
---------------------------------------------------------------------------------------------
                                            149.229630   slack (MET)




===========================================================================
report_checks --slack_max -0.01
============================================================================
======================= max_tt_025C_1v80 Corner ===================================

No paths found.


===========================================================================
 report_check_types -max_slew -max_cap -max_fanout -violators
============================================================================
======================= max_tt_025C_1v80 Corner ===================================



===========================================================================
report_parasitic_annotation -report_unannotated
============================================================================
Found 7 unannotated drivers.
 clkload0/Y
 clkload1/Y
 clkload2/Y
 clkload3/Y
 clkload4/Y
 clkload5/Y
 clkload6/Y
Found 0 partially unannotated drivers.

===========================================================================
max slew violation count 0
max fanout violation count 0
max cap violation count 0
============================================================================

===========================================================================
check_setup -verbose -unconstrained_endpoints -multiple_clock -no_clock -no_input_delay -loops -generated_clocks
===========================================================================
Warning: There are 36 input ports missing set_input_delay.
  A_in[0]
  A_in[10]
  A_in[11]
  A_in[12]
  A_in[13]
  A_in[14]
  A_in[15]
  A_in[1]
  A_in[2]
  A_in[3]
  A_in[4]
  A_in[5]
  A_in[6]
  A_in[7]
  A_in[8]
  A_in[9]
  B_in[0]
  B_in[10]
  B_in[11]
  B_in[12]
  B_in[13]
  B_in[14]
  B_in[15]
  B_in[1]
  B_in[2]
  B_in[3]
  B_in[4]
  B_in[5]
  B_in[6]
  B_in[7]
  B_in[8]
  B_in[9]
  Op_Sel[0]
  Op_Sel[1]
  Start
  rst_n
Warning: There are 17 unconstrained endpoints.
  Done
  X_out[0]
  X_out[10]
  X_out[11]
  X_out[12]
  X_out[13]
  X_out[14]
  X_out[15]
  X_out[1]
  X_out[2]
  X_out[3]
  X_out[4]
  X_out[5]
  X_out[6]
  X_out[7]
  X_out[8]
  X_out[9]
