Clock: clk
Sources: clk 
Generated: no
Virtual: yes
Propagated: no
Period: 160.000000

===========================================================================
report_clock_properties
============================================================================
Clock                   Period          Waveform
----------------------------------------------------
clk                 160.000000    0.000000 80.000000

===========================================================================
report_clock_latency
============================================================================
Clock clk
rise -> rise
    min     max
0.000000 0.000000 source latency
0.445639         network latency _3222_/CLK
        0.474797 network latency _3300_/CLK
---------------
0.445639 0.474797 latency
        0.029158 skew

fall -> fall
    min     max
0.000000 0.000000 source latency
0.420741         network latency _3222_/CLK
        0.444594 network latency _3300_/CLK
---------------
0.420741 0.444594 latency
        0.023853 skew



===========================================================================
report_clock_min_period
============================================================================
clk period_min = 10.77 fmax = 92.85
