Starting…
Gating variable for step 'Verilator.Lint' set to 'False'- the step will be skipped.
Skipping step 'Verilator Lint'…
Gating variable for step 'Checker.LintTimingConstructs' set to 'False'- the step will be skipped.
Skipping step 'Lint Timing Error Checker'…
Gating variable for step 'Checker.LintErrors' set to 'False'- the step will be skipped.
Skipping step 'Lint Errors Checker'…
Gating variable for step 'Checker.LintWarnings' set to 'False'- the step will be skipped.
Skipping step 'Lint Warnings Checker'…
Running 'Yosys.JsonHeader' at 'runs/RUN_2026-03-17_13-43-24/01-yosys-jsonheader'…
Logging subprocess to [repr.filename]'runs/RUN_2026-03-17_13-43-24/01-yosys-jsonheader/yosys-jsonheader.log'[/repr.filename]…
Running 'Yosys.Synthesis' at 'runs/RUN_2026-03-17_13-43-24/02-yosys-synthesis'…
Logging subprocess to [repr.filename]'runs/RUN_2026-03-17_13-43-24/02-yosys-synthesis/yosys-synthesis.log'[/repr.filename]…
Parsing synthesis checks…
Running 'Checker.YosysUnmappedCells' at 'runs/RUN_2026-03-17_13-43-24/03-checker-yosysunmappedcells'…
Check for Unmapped Yosys instances clear.
Running 'Checker.YosysSynthChecks' at 'runs/RUN_2026-03-17_13-43-24/04-checker-yosyssynthchecks'…
Check for Yosys check errors clear.
Running 'Checker.NetlistAssignStatements' at 'runs/RUN_2026-03-17_13-43-24/05-checker-netlistassignstatements'…
Running 'OpenROAD.CheckSDCFiles' at 'runs/RUN_2026-03-17_13-43-24/06-openroad-checksdcfiles'…
Running 'OpenROAD.CheckMacroInstances' at 'runs/RUN_2026-03-17_13-43-24/07-openroad-checkmacroinstances'…
No macros found, skipping instance check…
Running 'OpenROAD.STAPrePNR' at 'runs/RUN_2026-03-17_13-43-24/08-openroad-staprepnr'…
Starting STA for the nom_tt_025C_1v80 timing corner…
Starting STA for the nom_ss_100C_1v60 timing corner…
Starting STA for the nom_ff_n40C_1v95 timing corner…
Skipping corner min_tt_025C_1v80 for STA (identical to nom_tt_025C_1v80 at this stage)…
Skipping corner min_ss_100C_1v60 for STA (identical to nom_ss_100C_1v60 at this stage)…
Skipping corner min_ff_n40C_1v95 for STA (identical to nom_ff_n40C_1v95 at this stage)…
Skipping corner max_tt_025C_1v80 for STA (identical to nom_tt_025C_1v80 at this stage)…
Skipping corner max_ss_100C_1v60 for STA (identical to nom_ss_100C_1v60 at this stage)…
Skipping corner max_ff_n40C_1v95 for STA (identical to nom_ff_n40C_1v95 at this stage)…
Logging subprocess to [repr.filename]'runs/RUN_2026-03-17_13-43-24/08-openroad-staprepnr/nom_tt_025C_1v80/sta.log'[/repr.filename]…
Logging subprocess to [repr.filename]'runs/RUN_2026-03-17_13-43-24/08-openroad-staprepnr/nom_ff_n40C_1v95/sta.log'[/repr.filename]…
Logging subprocess to [repr.filename]'runs/RUN_2026-03-17_13-43-24/08-openroad-staprepnr/nom_ss_100C_1v60/sta.log'[/repr.filename]…
Finished STA for the nom_tt_025C_1v80 timing corner.
Finished STA for the nom_ss_100C_1v60 timing corner.
Finished STA for the nom_ff_n40C_1v95 timing corner.
