
===========================================================================
report_checks -unconstrained
===========================================================================
======================= nom_tt_025C_1v80 Corner ===================================

Startpoint: _3302_ (rising edge-triggered flip-flop clocked by clk)
Endpoint: _3238_ (rising edge-triggered flip-flop clocked by clk)
Path Group: clk
Path Type: max

Fanout         Cap        Slew       Delay        Time   Description
---------------------------------------------------------------------------------------------
                                  0.000000    0.000000   clock clk (rise edge)
                                  0.000000    0.000000   clock source latency
     1    0.028987    0.000000    0.000000    0.000000 ^ clk (in)
                                                         clk (net)
                      0.002441    0.001221    0.001221 ^ clkbuf_0_clk/A (sky130_fd_sc_hd__clkbuf_16)
     8    0.118870    0.131986    0.184456    0.185677 ^ clkbuf_0_clk/X (sky130_fd_sc_hd__clkbuf_16)
                                                         clknet_0_clk (net)
                      0.132065    0.001478    0.187154 ^ clkbuf_3_0__f_clk/A (sky130_fd_sc_hd__clkbuf_16)
    12    0.059587    0.077858    0.187860    0.375015 ^ clkbuf_3_0__f_clk/X (sky130_fd_sc_hd__clkbuf_16)
                                                         clknet_3_0__leaf_clk (net)
                      0.077860    0.000576    0.375590 ^ _3302_/CLK (sky130_fd_sc_hd__dfrtp_4)
    15    0.043107    0.110568    0.550642    0.926232 v _3302_/Q (sky130_fd_sc_hd__dfrtp_4)
                                                         B_reg[12] (net)
                      0.110569    0.000527    0.926759 v _1910_/C (sky130_fd_sc_hd__and3_1)
     3    0.005171    0.048594    0.215604    1.142363 v _1910_/X (sky130_fd_sc_hd__and3_1)
                                                         _1175_ (net)
                      0.048594    0.000010    1.142373 v _2300_/B (sky130_fd_sc_hd__or4_1)
     4    0.008602    0.124795    0.550624    1.692997 v _2300_/X (sky130_fd_sc_hd__or4_1)
                                                         _1553_ (net)
                      0.124795    0.000013    1.693010 v _2304_/A2 (sky130_fd_sc_hd__a21o_1)
     3    0.006700    0.050888    0.221576    1.914586 v _2304_/X (sky130_fd_sc_hd__a21o_1)
                                                         _1557_ (net)
                      0.050888    0.000016    1.914602 v _2308_/C (sky130_fd_sc_hd__and3_1)
     2    0.004286    0.044708    0.184130    2.098732 v _2308_/X (sky130_fd_sc_hd__and3_1)
                                                         _1561_ (net)
                      0.044708    0.000010    2.098742 v _2310_/C (sky130_fd_sc_hd__or3_1)
     3    0.006039    0.085633    0.327582    2.426324 v _2310_/X (sky130_fd_sc_hd__or3_1)
                                                         _1563_ (net)
                      0.085633    0.000007    2.426331 v _2313_/A1 (sky130_fd_sc_hd__a21o_1)
     4    0.009455    0.060315    0.197657    2.623987 v _2313_/X (sky130_fd_sc_hd__a21o_1)
                                                         _1566_ (net)
                      0.060315    0.000036    2.624024 v _2319_/B (sky130_fd_sc_hd__and3_1)
     2    0.004635    0.044608    0.174799    2.798823 v _2319_/X (sky130_fd_sc_hd__and3_1)
                                                         _1572_ (net)
                      0.044608    0.000007    2.798830 v _2321_/C (sky130_fd_sc_hd__or3_1)
     3    0.007175    0.089523    0.336231    3.135061 v _2321_/X (sky130_fd_sc_hd__or3_1)
                                                         _1574_ (net)
                      0.089523    0.000041    3.135102 v _2326_/A1 (sky130_fd_sc_hd__a21o_1)
     4    0.009433    0.060208    0.199183    3.334284 v _2326_/X (sky130_fd_sc_hd__a21o_1)
                                                         _1579_ (net)
                      0.060208    0.000034    3.334319 v _2328_/C (sky130_fd_sc_hd__and3_1)
     2    0.004188    0.044296    0.187841    3.522160 v _2328_/X (sky130_fd_sc_hd__and3_1)
                                                         _1581_ (net)
                      0.044296    0.000011    3.522171 v _2330_/C (sky130_fd_sc_hd__or3_2)
     4    0.012154    0.107345    0.457042    3.979213 v _2330_/X (sky130_fd_sc_hd__or3_2)
                                                         _1583_ (net)
                      0.107345    0.000048    3.979261 v _2334_/A1 (sky130_fd_sc_hd__a21o_1)
     5    0.013534    0.078190    0.221246    4.200507 v _2334_/X (sky130_fd_sc_hd__a21o_1)
                                                         _1587_ (net)
                      0.078190    0.000031    4.200538 v _2338_/B (sky130_fd_sc_hd__and3_1)
     2    0.004827    0.045423    0.183812    4.384350 v _2338_/X (sky130_fd_sc_hd__and3_1)
                                                         _1591_ (net)
                      0.045423    0.000016    4.384367 v _2345_/C (sky130_fd_sc_hd__or3_1)
     3    0.007112    0.091705    0.335953    4.720319 v _2345_/X (sky130_fd_sc_hd__or3_1)
                                                         _1598_ (net)
                      0.091705    0.000015    4.720334 v _2347_/A1 (sky130_fd_sc_hd__a21o_1)
     4    0.009163    0.059385    0.198852    4.919187 v _2347_/X (sky130_fd_sc_hd__a21o_1)
                                                         _1600_ (net)
                      0.059385    0.000043    4.919229 v _2350_/C (sky130_fd_sc_hd__and3_1)
     2    0.004776    0.045190    0.190332    5.109561 v _2350_/X (sky130_fd_sc_hd__and3_1)
                                                         _1603_ (net)
                      0.045190    0.000026    5.109588 v _2352_/C (sky130_fd_sc_hd__or3_1)
     3    0.007539    0.091890    0.339147    5.448735 v _2352_/X (sky130_fd_sc_hd__or3_1)
                                                         _0106_ (net)
                      0.091890    0.000047    5.448781 v _2355_/A2 (sky130_fd_sc_hd__a21o_1)
     4    0.009097    0.060855    0.219957    5.668739 v _2355_/X (sky130_fd_sc_hd__a21o_1)
                                                         _0109_ (net)
                      0.060855    0.000026    5.668765 v _2362_/B (sky130_fd_sc_hd__and3_1)
     2    0.004709    0.044918    0.175398    5.844163 v _2362_/X (sky130_fd_sc_hd__and3_1)
                                                         _0116_ (net)
                      0.044918    0.000021    5.844184 v _2364_/C (sky130_fd_sc_hd__or3_1)
     3    0.006652    0.086365    0.332301    6.176486 v _2364_/X (sky130_fd_sc_hd__or3_1)
                                                         _0118_ (net)
                      0.086365    0.000034    6.176519 v _2366_/A2 (sky130_fd_sc_hd__a21o_1)
     4    0.009268    0.061573    0.218581    6.395101 v _2366_/X (sky130_fd_sc_hd__a21o_1)
                                                         _0120_ (net)
                      0.061573    0.000026    6.395127 v _2370_/B (sky130_fd_sc_hd__and3_1)
     2    0.004193    0.044325    0.173219    6.568346 v _2370_/X (sky130_fd_sc_hd__and3_1)
                                                         _0124_ (net)
                      0.044325    0.000006    6.568352 v _2372_/C (sky130_fd_sc_hd__or3_1)
     3    0.007669    0.094930    0.339982    6.908334 v _2372_/X (sky130_fd_sc_hd__or3_1)
                                                         _0126_ (net)
                      0.094930    0.000004    6.908338 v _2378_/A1 (sky130_fd_sc_hd__a21o_1)
     4    0.008877    0.059961    0.198897    7.107235 v _2378_/X (sky130_fd_sc_hd__a21o_1)
                                                         _0132_ (net)
                      0.059961    0.000019    7.107254 v _2383_/C (sky130_fd_sc_hd__and3_1)
     2    0.004898    0.047374    0.191199    7.298453 v _2383_/X (sky130_fd_sc_hd__and3_1)
                                                         _0137_ (net)
                      0.047374    0.000015    7.298467 v _2385_/C (sky130_fd_sc_hd__or3_1)
     3    0.006963    0.090896    0.335240    7.633707 v _2385_/X (sky130_fd_sc_hd__or3_1)
                                                         _0139_ (net)
                      0.090896    0.000017    7.633724 v _2387_/A1 (sky130_fd_sc_hd__a21o_1)
     4    0.010966    0.066260    0.205239    7.838964 v _2387_/X (sky130_fd_sc_hd__a21o_1)
                                                         _0141_ (net)
                      0.066260    0.000039    7.839003 v _2390_/B (sky130_fd_sc_hd__and3_1)
     3    0.008239    0.060220    0.195032    8.034035 v _2390_/X (sky130_fd_sc_hd__and3_1)
                                                         _0144_ (net)
                      0.060220    0.000040    8.034075 v _2392_/C (sky130_fd_sc_hd__or3_1)
     3    0.006033    0.085672    0.331758    8.365832 v _2392_/X (sky130_fd_sc_hd__or3_1)
                                                         _0146_ (net)
                      0.085672    0.000008    8.365841 v _2397_/A1 (sky130_fd_sc_hd__a21o_1)
     4    0.009576    0.062819    0.198122    8.563963 v _2397_/X (sky130_fd_sc_hd__a21o_1)
                                                         _0151_ (net)
                      0.062819    0.000018    8.563981 v _2406_/B (sky130_fd_sc_hd__and3_1)
     2    0.004471    0.045525    0.175134    8.739115 v _2406_/X (sky130_fd_sc_hd__and3_1)
                                                         _0160_ (net)
                      0.045525    0.000009    8.739123 v _2408_/C (sky130_fd_sc_hd__or3_1)
     3    0.007286    0.092741    0.337306    9.076429 v _2408_/X (sky130_fd_sc_hd__or3_1)
                                                         _0162_ (net)
                      0.092741    0.000011    9.076440 v _2410_/A2 (sky130_fd_sc_hd__a21o_1)
     3    0.006065    0.046809    0.206039    9.282479 v _2410_/X (sky130_fd_sc_hd__a21o_1)
                                                         _0164_ (net)
                      0.046809    0.000020    9.282499 v _2413_/C (sky130_fd_sc_hd__and3_1)
     2    0.004213    0.044373    0.182011    9.464510 v _2413_/X (sky130_fd_sc_hd__and3_1)
                                                         _0167_ (net)
                      0.044373    0.000006    9.464517 v _2415_/C (sky130_fd_sc_hd__or3_1)
     3    0.006277    0.087023    0.329329    9.793846 v _2415_/X (sky130_fd_sc_hd__or3_1)
                                                         _0169_ (net)
                      0.087023    0.000022    9.793868 v _2420_/A1 (sky130_fd_sc_hd__a21o_1)
     4    0.010237    0.065394    0.201049    9.994917 v _2420_/X (sky130_fd_sc_hd__a21o_1)
                                                         _0174_ (net)
                      0.065394    0.000004    9.994922 v _2428_/A1 (sky130_fd_sc_hd__a21bo_1)
     1    0.004302    0.042456    0.177408   10.172330 v _2428_/X (sky130_fd_sc_hd__a21bo_1)
                                                         _0180_ (net)
                      0.042456    0.000003   10.172333 v _2429_/B (sky130_fd_sc_hd__xor2_1)
     1    0.002234    0.064679    0.131764   10.304096 v _2429_/X (sky130_fd_sc_hd__xor2_1)
                                                         _0181_ (net)
                      0.064679    0.000004   10.304100 v _2430_/A1 (sky130_fd_sc_hd__mux2_1)
     1    0.002172    0.053136    0.287858   10.591958 v _2430_/X (sky130_fd_sc_hd__mux2_1)
                                                         _0025_ (net)
                      0.053136    0.000002   10.591960 v _3238_/D (sky130_fd_sc_hd__dfrtp_4)
                                             10.591960   data arrival time

                                200.000000  200.000000   clock clk (rise edge)
                                  0.000000  200.000000   clock source latency
     1    0.028987    0.000000    0.000000  200.000000 ^ clk (in)
                                                         clk (net)
                      0.002441    0.001222  200.001221 ^ clkbuf_0_clk/A (sky130_fd_sc_hd__clkbuf_16)
     8    0.118870    0.131986    0.184457  200.185669 ^ clkbuf_0_clk/X (sky130_fd_sc_hd__clkbuf_16)
                                                         clknet_0_clk (net)
                      0.132085    0.001975  200.187653 ^ clkbuf_3_3__f_clk/A (sky130_fd_sc_hd__clkbuf_16)
    17    0.060675    0.078846    0.188763  200.376404 ^ clkbuf_3_3__f_clk/X (sky130_fd_sc_hd__clkbuf_16)
                                                         clknet_3_3__leaf_clk (net)
                      0.078846    0.000242  200.376648 ^ _3238_/CLK (sky130_fd_sc_hd__dfrtp_4)
                                 -0.100000  200.276657   clock uncertainty
                                  0.000000  200.276657   clock reconvergence pessimism
                                 -0.110072  200.166580   library setup time
                                            200.166580   data required time
---------------------------------------------------------------------------------------------
                                            200.166580   data required time
                                            -10.591960   data arrival time
---------------------------------------------------------------------------------------------
                                            189.574615   slack (MET)




===========================================================================
report_checks --slack_max -0.01
============================================================================
======================= nom_tt_025C_1v80 Corner ===================================

No paths found.


===========================================================================
 report_check_types -max_slew -max_cap -max_fanout -violators
============================================================================
======================= nom_tt_025C_1v80 Corner ===================================



===========================================================================
report_parasitic_annotation -report_unannotated
============================================================================
Found 7 unannotated drivers.
 clkload0/Y
 clkload1/Y
 clkload2/Y
 clkload3/Y
 clkload4/Y
 clkload5/Y
 clkload6/Y
Found 0 partially unannotated drivers.

===========================================================================
max slew violation count 0
Writing metric design__max_slew_violation__count__corner:nom_tt_025C_1v80: 0
max fanout violation count 0
Writing metric design__max_fanout_violation__count__corner:nom_tt_025C_1v80: 0
max cap violation count 0
Writing metric design__max_cap_violation__count__corner:nom_tt_025C_1v80: 0
============================================================================

===========================================================================
check_setup -verbose -unconstrained_endpoints -multiple_clock -no_clock -no_input_delay -loops -generated_clocks
===========================================================================
Warning: There are 36 input ports missing set_input_delay.
  A_in[0]
  A_in[10]
  A_in[11]
  A_in[12]
  A_in[13]
  A_in[14]
  A_in[15]
  A_in[1]
  A_in[2]
  A_in[3]
  A_in[4]
  A_in[5]
  A_in[6]
  A_in[7]
  A_in[8]
  A_in[9]
  B_in[0]
  B_in[10]
  B_in[11]
  B_in[12]
  B_in[13]
  B_in[14]
  B_in[15]
  B_in[1]
  B_in[2]
  B_in[3]
  B_in[4]
  B_in[5]
  B_in[6]
  B_in[7]
  B_in[8]
  B_in[9]
  Op_Sel[0]
  Op_Sel[1]
  Start
  rst_n
Warning: There are 17 unconstrained endpoints.
  Done
  X_out[0]
  X_out[10]
  X_out[11]
  X_out[12]
  X_out[13]
  X_out[14]
  X_out[15]
  X_out[1]
  X_out[2]
  X_out[3]
  X_out[4]
  X_out[5]
  X_out[6]
  X_out[7]
  X_out[8]
  X_out[9]
