Clock: clk
Sources: clk 
Generated: no
Virtual: yes
Propagated: no
Period: 10.125000

===========================================================================
report_clock_properties
============================================================================
Clock                   Period          Waveform
----------------------------------------------------
clk                  10.125000    0.000000  5.062500

===========================================================================
report_clock_latency
============================================================================
Clock clk
rise -> rise
    min     max
0.000000 0.000000 source latency
0.369551         network latency _3221_/CLK
        0.379592 network latency _3256_/CLK
---------------
0.369551 0.379592 latency
        0.010041 skew

fall -> fall
    min     max
0.000000 0.000000 source latency
0.365532         network latency _3221_/CLK
        0.373095 network latency _3256_/CLK
---------------
0.365532 0.373095 latency
        0.007564 skew



===========================================================================
report_clock_min_period
============================================================================
clk period_min = 9.80 fmax = 102.07
