
===========================================================================
report_checks -unconstrained
===========================================================================
======================= max_tt_025C_1v80 Corner ===================================

Startpoint: _3302_ (rising edge-triggered flip-flop clocked by clk)
Endpoint: _3238_ (rising edge-triggered flip-flop clocked by clk)
Path Group: clk
Path Type: max

Fanout         Cap        Slew       Delay        Time   Description
---------------------------------------------------------------------------------------------
                                  0.000000    0.000000   clock clk (rise edge)
                                  0.000000    0.000000   clock source latency
     2    0.045727    0.000000    0.000000    0.000000 ^ clk (in)
                                                         clk (net)
                      0.003271    0.001636    0.001636 ^ clkbuf_0_clk/A (sky130_fd_sc_hd__clkbuf_16)
    17    0.175786    0.187939    0.215810    0.217446 ^ clkbuf_0_clk/X (sky130_fd_sc_hd__clkbuf_16)
                                                         clknet_0_clk (net)
                      0.190000    0.015750    0.233196 ^ clkbuf_3_0__f_clk/A (sky130_fd_sc_hd__clkbuf_16)
    25    0.097222    0.114438    0.230941    0.464137 ^ clkbuf_3_0__f_clk/X (sky130_fd_sc_hd__clkbuf_16)
                                                         clknet_3_0__leaf_clk (net)
                      0.115053    0.006367    0.470504 ^ _3302_/CLK (sky130_fd_sc_hd__dfrtp_4)
     6    0.024093    0.085036    0.530882    1.001386 v _3302_/Q (sky130_fd_sc_hd__dfrtp_4)
                                                         B_reg[12] (net)
                      0.085089    0.002278    1.003664 v _1910_/C (sky130_fd_sc_hd__and3_1)
     3    0.007144    0.055867    0.213417    1.217080 v _1910_/X (sky130_fd_sc_hd__and3_1)
                                                         _1175_ (net)
                      0.055869    0.000432    1.217513 v _2300_/A (sky130_fd_sc_hd__or4_4)
     4    0.009701    0.093631    0.547973    1.765486 v _2300_/X (sky130_fd_sc_hd__or4_4)
                                                         _1553_ (net)
                      0.093631    0.000553    1.766039 v _2304_/A1 (sky130_fd_sc_hd__a21o_1)
     3    0.007646    0.054095    0.192510    1.958550 v _2304_/X (sky130_fd_sc_hd__a21o_1)
                                                         _1557_ (net)
                      0.054098    0.000429    1.958978 v _2307_/A2 (sky130_fd_sc_hd__a21oi_1)
     3    0.011089    0.259144    0.256452    2.215430 ^ _2307_/Y (sky130_fd_sc_hd__a21oi_1)
                                                         _1560_ (net)
                      0.259145    0.000390    2.215820 ^ _2311_/B (sky130_fd_sc_hd__xor2_1)
     3    0.010954    0.256485    0.278804    2.494623 ^ _2311_/X (sky130_fd_sc_hd__xor2_1)
                                                         _1564_ (net)
                      0.256490    0.000984    2.495607 ^ _2313_/A2 (sky130_fd_sc_hd__a21o_1)
     4    0.011078    0.104216    0.206326    2.701933 ^ _2313_/X (sky130_fd_sc_hd__a21o_1)
                                                         _1566_ (net)
                      0.104217    0.000557    2.702490 ^ _2318_/A1 (sky130_fd_sc_hd__a21oi_1)
     3    0.013377    0.110353    0.129246    2.831737 v _2318_/Y (sky130_fd_sc_hd__a21oi_1)
                                                         _1571_ (net)
                      0.110397    0.000721    2.832458 v _2321_/B (sky130_fd_sc_hd__or3_4)
     3    0.008998    0.073137    0.396912    3.229370 v _2321_/X (sky130_fd_sc_hd__or3_4)
                                                         _1574_ (net)
                      0.073137    0.000562    3.229931 v _2326_/A1 (sky130_fd_sc_hd__a21o_1)
     4    0.010879    0.066061    0.197286    3.427217 v _2326_/X (sky130_fd_sc_hd__a21o_1)
                                                         _1579_ (net)
                      0.066066    0.000615    3.427831 v _2327_/A2 (sky130_fd_sc_hd__a21oi_1)
     3    0.011615    0.269197    0.268526    3.696357 ^ _2327_/Y (sky130_fd_sc_hd__a21oi_1)
                                                         _1580_ (net)
                      0.269200    0.000638    3.696995 ^ _2331_/B (sky130_fd_sc_hd__xnor2_1)
     3    0.013367    0.323780    0.234348    3.931343 ^ _2331_/Y (sky130_fd_sc_hd__xnor2_1)
                                                         _1584_ (net)
                      0.323782    0.000660    3.932003 ^ _2334_/A2 (sky130_fd_sc_hd__a21o_1)
     3    0.008243    0.082185    0.200058    4.132061 ^ _2334_/X (sky130_fd_sc_hd__a21o_1)
                                                         _1587_ (net)
                      0.082186    0.000470    4.132532 ^ rebuffer6/A (sky130_fd_sc_hd__dlymetal6s2s_1)
     1    0.005635    0.082077    0.127765    4.260297 ^ rebuffer6/X (sky130_fd_sc_hd__dlymetal6s2s_1)
                                                         net59 (net)
                      0.082077    0.000263    4.260560 ^ _2337_/A1 (sky130_fd_sc_hd__a21oi_2)
     3    0.015821    0.078695    0.087570    4.348130 v _2337_/Y (sky130_fd_sc_hd__a21oi_2)
                                                         _1590_ (net)
                      0.078746    0.001017    4.349147 v _2345_/B (sky130_fd_sc_hd__or3_4)
     3    0.009285    0.073388    0.386225    4.735372 v _2345_/X (sky130_fd_sc_hd__or3_4)
                                                         _1598_ (net)
                      0.073433    0.000341    4.735713 v _2347_/A1 (sky130_fd_sc_hd__a21o_1)
     3    0.008460    0.057856    0.187820    4.923533 v _2347_/X (sky130_fd_sc_hd__a21o_1)
                                                         _1600_ (net)
                      0.057860    0.000544    4.924077 v _2348_/A2 (sky130_fd_sc_hd__a21oi_1)
     3    0.013415    0.303781    0.290640    5.214717 ^ _2348_/Y (sky130_fd_sc_hd__a21oi_1)
                                                         _1601_ (net)
                      0.303784    0.000848    5.215565 ^ _2349_/B (sky130_fd_sc_hd__xnor2_1)
     3    0.017007    0.397557    0.265624    5.481189 ^ _2349_/Y (sky130_fd_sc_hd__xnor2_1)
                                                         _1602_ (net)
                      0.397561    0.001025    5.482214 ^ _2355_/A2 (sky130_fd_sc_hd__a21o_1)
     3    0.007420    0.076260    0.204006    5.686221 ^ _2355_/X (sky130_fd_sc_hd__a21o_1)
                                                         _0109_ (net)
                      0.076261    0.000450    5.686671 ^ _2360_/A1 (sky130_fd_sc_hd__a21oi_1)
     3    0.012520    0.108623    0.115179    5.801849 v _2360_/Y (sky130_fd_sc_hd__a21oi_1)
                                                         _0114_ (net)
                      0.108626    0.000746    5.802596 v _2364_/B (sky130_fd_sc_hd__or3_4)
     3    0.007587    0.070886    0.392009    6.194604 v _2364_/X (sky130_fd_sc_hd__or3_4)
                                                         _0118_ (net)
                      0.070886    0.000463    6.195067 v _2366_/A1 (sky130_fd_sc_hd__a21o_1)
     4    0.011495    0.068523    0.198549    6.393616 v _2366_/X (sky130_fd_sc_hd__a21o_1)
                                                         _0120_ (net)
                      0.068527    0.000607    6.394223 v _2370_/A (sky130_fd_sc_hd__and3_1)
     2    0.006756    0.054028    0.168271    6.562493 v _2370_/X (sky130_fd_sc_hd__and3_1)
                                                         _0124_ (net)
                      0.054030    0.000386    6.562880 v _2372_/A (sky130_fd_sc_hd__or3_4)
     3    0.008724    0.072807    0.394401    6.957281 v _2372_/X (sky130_fd_sc_hd__or3_4)
                                                         _0126_ (net)
                      0.072807    0.000275    6.957556 v _2378_/A1 (sky130_fd_sc_hd__a21o_1)
     4    0.009814    0.061837    0.193484    7.151040 v _2378_/X (sky130_fd_sc_hd__a21o_1)
                                                         _0132_ (net)
                      0.061838    0.000317    7.151357 v _2382_/A2 (sky130_fd_sc_hd__a21oi_1)
     3    0.013820    0.311450    0.297969    7.449326 ^ _2382_/Y (sky130_fd_sc_hd__a21oi_1)
                                                         _0136_ (net)
                      0.311453    0.000824    7.450150 ^ _2386_/B (sky130_fd_sc_hd__xnor2_1)
     3    0.010926    0.116675    0.169296    7.619446 v _2386_/Y (sky130_fd_sc_hd__xnor2_1)
                                                         _0140_ (net)
                      0.116676    0.000638    7.620083 v _2387_/A2 (sky130_fd_sc_hd__a21o_1)
     4    0.012645    0.073124    0.242716    7.862800 v _2387_/X (sky130_fd_sc_hd__a21o_1)
                                                         _0141_ (net)
                      0.073124    0.000376    7.863175 v _2390_/A (sky130_fd_sc_hd__and3_1)
     3    0.012494    0.077456    0.193503    8.056678 v _2390_/X (sky130_fd_sc_hd__and3_1)
                                                         _0144_ (net)
                      0.077465    0.000864    8.057543 v _2392_/C (sky130_fd_sc_hd__or3_4)
     3    0.007146    0.070119    0.341023    8.398565 v _2392_/X (sky130_fd_sc_hd__or3_4)
                                                         _0146_ (net)
                      0.070119    0.000430    8.398995 v _2397_/A1 (sky130_fd_sc_hd__a21o_1)
     4    0.011260    0.067550    0.197444    8.596439 v _2397_/X (sky130_fd_sc_hd__a21o_1)
                                                         _0151_ (net)
                      0.067553    0.000519    8.596958 v _2406_/A (sky130_fd_sc_hd__and3_1)
     2    0.006619    0.053418    0.167148    8.764106 v _2406_/X (sky130_fd_sc_hd__and3_1)
                                                         _0160_ (net)
                      0.053420    0.000405    8.764511 v _2408_/C (sky130_fd_sc_hd__or3_4)
     3    0.008813    0.072801    0.338036    9.102548 v _2408_/X (sky130_fd_sc_hd__or3_4)
                                                         _0162_ (net)
                      0.072801    0.000510    9.103057 v _2410_/A1 (sky130_fd_sc_hd__a21o_1)
     3    0.007566    0.053761    0.183523    9.286580 v _2410_/X (sky130_fd_sc_hd__a21o_1)
                                                         _0164_ (net)
                      0.053763    0.000417    9.286996 v _2413_/A (sky130_fd_sc_hd__and3_1)
     2    0.006329    0.052061    0.159709    9.446705 v _2413_/X (sky130_fd_sc_hd__and3_1)
                                                         _0167_ (net)
                      0.052061    0.000220    9.446925 v _2415_/C (sky130_fd_sc_hd__or3_4)
     3    0.007267    0.070414    0.333003    9.779928 v _2415_/X (sky130_fd_sc_hd__or3_4)
                                                         _0169_ (net)
                      0.070414    0.000425    9.780354 v _2420_/A1 (sky130_fd_sc_hd__a21o_1)
     4    0.011796    0.069738    0.199419    9.979773 v _2420_/X (sky130_fd_sc_hd__a21o_1)
                                                         _0174_ (net)
                      0.069741    0.000556    9.980329 v _2428_/A2 (sky130_fd_sc_hd__a21bo_1)
     1    0.004324    0.041066    0.201561   10.181890 v _2428_/X (sky130_fd_sc_hd__a21bo_1)
                                                         _0180_ (net)
                      0.041090    0.000202   10.182092 v _2429_/B (sky130_fd_sc_hd__xor2_1)
     1    0.002526    0.070082    0.132998   10.315089 v _2429_/X (sky130_fd_sc_hd__xor2_1)
                                                         _0181_ (net)
                      0.070082    0.000115   10.315205 v _2430_/A1 (sky130_fd_sc_hd__mux2_4)
     1    0.002331    0.046763    0.257308   10.572513 v _2430_/X (sky130_fd_sc_hd__mux2_4)
                                                         _0025_ (net)
                      0.046763    0.000106   10.572618 v _3238_/D (sky130_fd_sc_hd__dfrtp_4)
                                             10.572618   data arrival time

                                 13.000000   13.000000   clock clk (rise edge)
                                  0.000000   13.000000   clock source latency
     2    0.045727    0.000000    0.000000   13.000000 ^ clk (in)
                                                         clk (net)
                      0.003271    0.001635   13.001635 ^ clkbuf_0_clk/A (sky130_fd_sc_hd__clkbuf_16)
    17    0.175786    0.187939    0.215810   13.217445 ^ clkbuf_0_clk/X (sky130_fd_sc_hd__clkbuf_16)
                                                         clknet_0_clk (net)
                      0.189781    0.014913   13.232359 ^ clkbuf_3_3__f_clk/A (sky130_fd_sc_hd__clkbuf_16)
    35    0.101747    0.118814    0.233822   13.466181 ^ clkbuf_3_3__f_clk/X (sky130_fd_sc_hd__clkbuf_16)
                                                         clknet_3_3__leaf_clk (net)
                      0.119354    0.006106   13.472287 ^ _3238_/CLK (sky130_fd_sc_hd__dfrtp_4)
                                 -0.100000   13.372287   clock uncertainty
                                  0.000000   13.372287   clock reconvergence pessimism
                                 -0.098026   13.274261   library setup time
                                             13.274261   data required time
---------------------------------------------------------------------------------------------
                                             13.274261   data required time
                                            -10.572618   data arrival time
---------------------------------------------------------------------------------------------
                                              2.701643   slack (MET)




===========================================================================
report_checks --slack_max -0.01
============================================================================
======================= max_tt_025C_1v80 Corner ===================================

No paths found.


===========================================================================
 report_check_types -max_slew -max_cap -max_fanout -violators
============================================================================
======================= max_tt_025C_1v80 Corner ===================================



===========================================================================
report_parasitic_annotation -report_unannotated
============================================================================
Found 7 unannotated drivers.
 clkload0/Y
 clkload1/Y
 clkload2/Y
 clkload3/Y
 clkload4/Y
 clkload5/Y
 clkload6/Y
Found 0 partially unannotated drivers.

===========================================================================
max slew violation count 0
max fanout violation count 0
max cap violation count 0
============================================================================

===========================================================================
check_setup -verbose -unconstrained_endpoints -multiple_clock -no_clock -no_input_delay -loops -generated_clocks
===========================================================================
Warning: There are 36 input ports missing set_input_delay.
  A_in[0]
  A_in[10]
  A_in[11]
  A_in[12]
  A_in[13]
  A_in[14]
  A_in[15]
  A_in[1]
  A_in[2]
  A_in[3]
  A_in[4]
  A_in[5]
  A_in[6]
  A_in[7]
  A_in[8]
  A_in[9]
  B_in[0]
  B_in[10]
  B_in[11]
  B_in[12]
  B_in[13]
  B_in[14]
  B_in[15]
  B_in[1]
  B_in[2]
  B_in[3]
  B_in[4]
  B_in[5]
  B_in[6]
  B_in[7]
  B_in[8]
  B_in[9]
  Op_Sel[0]
  Op_Sel[1]
  Start
  rst_n
Warning: There are 17 unconstrained endpoints.
  Done
  X_out[0]
  X_out[10]
  X_out[11]
  X_out[12]
  X_out[13]
  X_out[14]
  X_out[15]
  X_out[1]
  X_out[2]
  X_out[3]
  X_out[4]
  X_out[5]
  X_out[6]
  X_out[7]
  X_out[8]
  X_out[9]
