Clock: clk
Sources: clk 
Generated: no
Virtual: yes
Propagated: no
Period: 10.500000

===========================================================================
report_clock_properties
============================================================================
Clock                   Period          Waveform
----------------------------------------------------
clk                  10.500000    0.000000  5.250000

===========================================================================
report_clock_latency
============================================================================
Clock clk
rise -> rise
    min     max
0.000000 0.000000 source latency
0.422889         network latency _3222_/CLK
        0.443770 network latency _3256_/CLK
---------------
0.422889 0.443770 latency
        0.020881 skew

fall -> fall
    min     max
0.000000 0.000000 source latency
0.403228         network latency _3222_/CLK
        0.419310 network latency _3295_/CLK
---------------
0.403228 0.419310 latency
        0.016083 skew



===========================================================================
report_clock_min_period
============================================================================
clk period_min = 10.08 fmax = 99.21
