Reading OpenROAD database at '/work/runs/RUN_2026-03-17_13-50-57/45-odb-reportdisconnectedpins/rns_top_crt.odb'…
Reading library file at '/pdk/volare/sky130/versions/0fe599b2afb6708d281543108caf8310912f54af/sky130A/libs.ref/sky130_fd_sc_hd/lib/sky130_fd_sc_hd__tt_025C_1v80.lib'…
Reading design constraints file at 'designs/_shared/ll_policy/constraints.sdc'…
[INFO] No information on clock propagation in input SDC file-- propagating all clocks.
sky130_ef_sc_hd__decap_12 sky130_fd_sc_hd__decap_8 sky130_fd_sc_hd__decap_6 sky130_fd_sc_hd__decap_4 sky130_fd_sc_hd__decap_3 sky130_fd_sc_hd__fill*
[INFO DPL-0001] Placed 14141 filler instances.
Setting global connections for newly added cells…
[INFO] Setting global connections...
Updating metrics…
Cell type report:                       Count       Area
  Fill cell                             14449  152730.23
  Tap cell                               2496    3123.00
  Antenna cell                            875    2189.60
  Clock buffer                              9     225.22
  Timing Repair Buffer                    183    1363.81
  Inverter                                 59     226.47
  Clock inverter                            7      73.82
  Sequential cell                         110    2975.35
  Multi-Input combinational cell         1549   13013.73
  Total                                 19737  175921.22
Writing OpenROAD database to '/work/runs/RUN_2026-03-17_13-50-57/49-openroad-fillinsertion/rns_top_crt.odb'…
Writing netlist to '/work/runs/RUN_2026-03-17_13-50-57/49-openroad-fillinsertion/rns_top_crt.nl.v'…
Writing powered netlist to '/work/runs/RUN_2026-03-17_13-50-57/49-openroad-fillinsertion/rns_top_crt.pnl.v'…
Writing layout to '/work/runs/RUN_2026-03-17_13-50-57/49-openroad-fillinsertion/rns_top_crt.def'…
Writing timing constraints to '/work/runs/RUN_2026-03-17_13-50-57/49-openroad-fillinsertion/rns_top_crt.sdc'…
