
===========================================================================
report_checks -unconstrained
===========================================================================
======================= nom_ff_n40C_1v95 Corner ===================================

Startpoint: _3302_ (rising edge-triggered flip-flop clocked by clk)
Endpoint: _3237_ (rising edge-triggered flip-flop clocked by clk)
Path Group: clk
Path Type: max

Fanout         Cap        Slew       Delay        Time   Description
---------------------------------------------------------------------------------------------
                                  0.000000    0.000000   clock clk (rise edge)
                                  0.000000    0.000000   clock source latency
     2    0.041789    0.000000    0.000000    0.000000 ^ clk (in)
                                                         clk (net)
                      0.002195    0.001097    0.001097 ^ clkbuf_0_clk/A (sky130_fd_sc_hd__clkbuf_16)
    17    0.165225    0.137109    0.152761    0.153858 ^ clkbuf_0_clk/X (sky130_fd_sc_hd__clkbuf_16)
                                                         clknet_0_clk (net)
                      0.137976    0.008730    0.162589 ^ clkbuf_3_0__f_clk/A (sky130_fd_sc_hd__clkbuf_16)
    25    0.091109    0.083158    0.151163    0.313752 ^ clkbuf_3_0__f_clk/X (sky130_fd_sc_hd__clkbuf_16)
                                                         clknet_3_0__leaf_clk (net)
                      0.083395    0.003148    0.316900 ^ _3302_/CLK (sky130_fd_sc_hd__dfrtp_4)
     6    0.024256    0.061967    0.331579    0.648479 v _3302_/Q (sky130_fd_sc_hd__dfrtp_4)
                                                         B_reg[12] (net)
                      0.061967    0.001288    0.649766 v _1910_/C (sky130_fd_sc_hd__and3_1)
     3    0.007605    0.041462    0.139424    0.789190 v _1910_/X (sky130_fd_sc_hd__and3_1)
                                                         _1175_ (net)
                      0.041462    0.000204    0.789394 v _2300_/A (sky130_fd_sc_hd__or4_4)
     4    0.009806    0.064872    0.329825    1.119220 v _2300_/X (sky130_fd_sc_hd__or4_4)
                                                         _1553_ (net)
                      0.064872    0.000209    1.119429 v _2304_/A1 (sky130_fd_sc_hd__a21o_1)
     3    0.008325    0.040359    0.125026    1.244455 v _2304_/X (sky130_fd_sc_hd__a21o_1)
                                                         _1557_ (net)
                      0.040360    0.000226    1.244681 v _2307_/A2 (sky130_fd_sc_hd__a21oi_1)
     3    0.010712    0.183595    0.177051    1.421732 ^ _2307_/Y (sky130_fd_sc_hd__a21oi_1)
                                                         _1560_ (net)
                      0.183595    0.000167    1.421899 ^ _2311_/B (sky130_fd_sc_hd__xor2_1)
     3    0.010355    0.177331    0.164681    1.586581 ^ _2311_/X (sky130_fd_sc_hd__xor2_1)
                                                         _1564_ (net)
                      0.177332    0.000251    1.586832 ^ _2313_/A2 (sky130_fd_sc_hd__a21o_1)
     4    0.010664    0.075504    0.119451    1.706283 ^ _2313_/X (sky130_fd_sc_hd__a21o_1)
                                                         _1566_ (net)
                      0.075504    0.000275    1.706558 ^ _2318_/A1 (sky130_fd_sc_hd__a21oi_1)
     3    0.011493    0.064583    0.070062    1.776620 v _2318_/Y (sky130_fd_sc_hd__a21oi_1)
                                                         _1571_ (net)
                      0.064606    0.000255    1.776875 v _2321_/B (sky130_fd_sc_hd__or3_4)
     3    0.007462    0.049189    0.233016    2.009891 v _2321_/X (sky130_fd_sc_hd__or3_4)
                                                         _1574_ (net)
                      0.049189    0.000118    2.010010 v _2326_/A1 (sky130_fd_sc_hd__a21o_1)
     4    0.010344    0.045784    0.125289    2.135299 v _2326_/X (sky130_fd_sc_hd__a21o_1)
                                                         _1579_ (net)
                      0.045784    0.000251    2.135550 v _2328_/A (sky130_fd_sc_hd__and3_1)
     2    0.006840    0.039115    0.106251    2.241800 v _2328_/X (sky130_fd_sc_hd__and3_1)
                                                         _1581_ (net)
                      0.039115    0.000197    2.241998 v _2330_/A (sky130_fd_sc_hd__or3_4)
     3    0.007357    0.049098    0.236190    2.478187 v _2330_/X (sky130_fd_sc_hd__or3_4)
                                                         _1583_ (net)
                      0.049099    0.000199    2.478386 v _2334_/A1 (sky130_fd_sc_hd__a21o_1)
     4    0.011265    0.047829    0.127807    2.606194 v _2334_/X (sky130_fd_sc_hd__a21o_1)
                                                         _1587_ (net)
                      0.047830    0.000291    2.606484 v _2338_/A (sky130_fd_sc_hd__and3_1)
     2    0.006121    0.036980    0.104706    2.711190 v _2338_/X (sky130_fd_sc_hd__and3_1)
                                                         _1591_ (net)
                      0.036980    0.000181    2.711371 v _2345_/C (sky130_fd_sc_hd__or3_4)
     3    0.008644    0.050487    0.201676    2.913048 v _2345_/X (sky130_fd_sc_hd__or3_4)
                                                         _1598_ (net)
                      0.050487    0.000196    2.913243 v _2347_/A1 (sky130_fd_sc_hd__a21o_1)
     4    0.010659    0.046279    0.126765    3.040008 v _2347_/X (sky130_fd_sc_hd__a21o_1)
                                                         _1600_ (net)
                      0.046280    0.000276    3.040283 v _2348_/A2 (sky130_fd_sc_hd__a21oi_1)
     3    0.012779    0.212229    0.200091    3.240374 ^ _2348_/Y (sky130_fd_sc_hd__a21oi_1)
                                                         _1601_ (net)
                      0.212230    0.000396    3.240770 ^ _2349_/B (sky130_fd_sc_hd__xnor2_1)
     3    0.015273    0.098509    0.108393    3.349163 v _2349_/Y (sky130_fd_sc_hd__xnor2_1)
                                                         _1602_ (net)
                      0.098510    0.000359    3.349522 v _2355_/A2 (sky130_fd_sc_hd__a21o_1)
     4    0.008869    0.042102    0.153641    3.503164 v _2355_/X (sky130_fd_sc_hd__a21o_1)
                                                         _0109_ (net)
                      0.042102    0.000224    3.503387 v _2362_/B (sky130_fd_sc_hd__and3_1)
     2    0.006946    0.039455    0.118967    3.622354 v _2362_/X (sky130_fd_sc_hd__and3_1)
                                                         _0116_ (net)
                      0.039456    0.000239    3.622593 v _2364_/C (sky130_fd_sc_hd__or3_4)
     3    0.007703    0.049458    0.200636    3.823229 v _2364_/X (sky130_fd_sc_hd__or3_4)
                                                         _0118_ (net)
                      0.049458    0.000210    3.823439 v _2366_/A1 (sky130_fd_sc_hd__a21o_1)
     4    0.010120    0.045508    0.124659    3.948099 v _2366_/X (sky130_fd_sc_hd__a21o_1)
                                                         _0120_ (net)
                      0.045510    0.000349    3.948448 v _2369_/A1 (sky130_fd_sc_hd__a21oi_1)
     3    0.014263    0.232808    0.198853    4.147301 ^ _2369_/Y (sky130_fd_sc_hd__a21oi_1)
                                                         _0123_ (net)
                      0.232809    0.000353    4.147655 ^ _2373_/B (sky130_fd_sc_hd__xnor2_1)
     4    0.012246    0.213751    0.132373    4.280027 ^ _2373_/Y (sky130_fd_sc_hd__xnor2_1)
                                                         _0127_ (net)
                      0.213751    0.000207    4.280235 ^ _2378_/A2 (sky130_fd_sc_hd__a21o_1)
     4    0.011886    0.083236    0.126664    4.406899 ^ _2378_/X (sky130_fd_sc_hd__a21o_1)
                                                         _0132_ (net)
                      0.083236    0.000376    4.407275 ^ _2382_/A2 (sky130_fd_sc_hd__a21oi_1)
     3    0.012245    0.071387    0.078311    4.485585 v _2382_/Y (sky130_fd_sc_hd__a21oi_1)
                                                         _0136_ (net)
                      0.071389    0.000272    4.485857 v _2385_/B (sky130_fd_sc_hd__or3_4)
     3    0.008479    0.050303    0.237266    4.723124 v _2385_/X (sky130_fd_sc_hd__or3_4)
                                                         _0139_ (net)
                      0.050303    0.000194    4.723318 v _2387_/A1 (sky130_fd_sc_hd__a21o_1)
     4    0.012930    0.052379    0.132357    4.855675 v _2387_/X (sky130_fd_sc_hd__a21o_1)
                                                         _0141_ (net)
                      0.052379    0.000223    4.855898 v _2390_/A (sky130_fd_sc_hd__and3_1)
     3    0.010544    0.049296    0.120388    4.976286 v _2390_/X (sky130_fd_sc_hd__and3_1)
                                                         _0144_ (net)
                      0.049297    0.000236    4.976522 v _2392_/C (sky130_fd_sc_hd__or3_4)
     3    0.007028    0.048716    0.202189    5.178712 v _2392_/X (sky130_fd_sc_hd__or3_4)
                                                         _0146_ (net)
                      0.048717    0.000153    5.178864 v _2397_/A1 (sky130_fd_sc_hd__a21o_1)
     4    0.010380    0.045808    0.125251    5.304116 v _2397_/X (sky130_fd_sc_hd__a21o_1)
                                                         _0151_ (net)
                      0.045808    0.000206    5.304322 v _2406_/A (sky130_fd_sc_hd__and3_1)
     2    0.006186    0.037183    0.104169    5.408491 v _2406_/X (sky130_fd_sc_hd__and3_1)
                                                         _0160_ (net)
                      0.037183    0.000147    5.408637 v _2408_/C (sky130_fd_sc_hd__or3_4)
     3    0.008668    0.050519    0.201769    5.610406 v _2408_/X (sky130_fd_sc_hd__or3_4)
                                                         _0162_ (net)
                      0.050519    0.000194    5.610600 v _2410_/A1 (sky130_fd_sc_hd__a21o_1)
     3    0.007529    0.037908    0.117267    5.727867 v _2410_/X (sky130_fd_sc_hd__a21o_1)
                                                         _0164_ (net)
                      0.037908    0.000188    5.728055 v _2413_/A (sky130_fd_sc_hd__and3_1)
     2    0.006101    0.036922    0.100924    5.828979 v _2413_/X (sky130_fd_sc_hd__and3_1)
                                                         _0167_ (net)
                      0.036922    0.000134    5.829113 v _2415_/C (sky130_fd_sc_hd__or3_4)
     3    0.006765    0.048417    0.198205    6.027318 v _2415_/X (sky130_fd_sc_hd__or3_4)
                                                         _0169_ (net)
                      0.048417    0.000143    6.027461 v _2420_/A1 (sky130_fd_sc_hd__a21o_1)
     3    0.008916    0.042228    0.120671    6.148131 v _2420_/X (sky130_fd_sc_hd__a21o_1)
                                                         _0174_ (net)
                      0.042228    0.000193    6.148324 v _2423_/A1 (sky130_fd_sc_hd__a21o_1)
     2    0.008717    0.041632    0.117610    6.265934 v _2423_/X (sky130_fd_sc_hd__a21o_1)
                                                         _0177_ (net)
                      0.041633    0.000271    6.266205 v _2426_/B (sky130_fd_sc_hd__xnor2_1)
     1    0.003225    0.040237    0.080977    6.347183 v _2426_/Y (sky130_fd_sc_hd__xnor2_1)
                                                         _0179_ (net)
                      0.040237    0.000074    6.347257 v _2427_/A1 (sky130_fd_sc_hd__mux2_4)
     1    0.002883    0.035513    0.144090    6.491346 v _2427_/X (sky130_fd_sc_hd__mux2_4)
                                                         _0024_ (net)
                      0.035513    0.000085    6.491432 v _3237_/D (sky130_fd_sc_hd__dfrtp_4)
                                              6.491432   data arrival time

                                 10.250000   10.250000   clock clk (rise edge)
                                  0.000000   10.250000   clock source latency
     2    0.041789    0.000000    0.000000   10.250000 ^ clk (in)
                                                         clk (net)
                      0.002195    0.001098   10.251098 ^ clkbuf_0_clk/A (sky130_fd_sc_hd__clkbuf_16)
    17    0.165225    0.137109    0.152760   10.403858 ^ clkbuf_0_clk/X (sky130_fd_sc_hd__clkbuf_16)
                                                         clknet_0_clk (net)
                      0.137844    0.008056   10.411914 ^ clkbuf_3_3__f_clk/A (sky130_fd_sc_hd__clkbuf_16)
    35    0.097388    0.087761    0.154621   10.566536 ^ clkbuf_3_3__f_clk/X (sky130_fd_sc_hd__clkbuf_16)
                                                         clknet_3_3__leaf_clk (net)
                      0.087876    0.001981   10.568516 ^ _3237_/CLK (sky130_fd_sc_hd__dfrtp_4)
                                 -0.100000   10.468516   clock uncertainty
                                  0.000000   10.468516   clock reconvergence pessimism
                                 -0.068503   10.400013   library setup time
                                             10.400013   data required time
---------------------------------------------------------------------------------------------
                                             10.400013   data required time
                                             -6.491432   data arrival time
---------------------------------------------------------------------------------------------
                                              3.908581   slack (MET)




===========================================================================
report_checks --slack_max -0.01
============================================================================
======================= nom_ff_n40C_1v95 Corner ===================================

No paths found.


===========================================================================
 report_check_types -max_slew -max_cap -max_fanout -violators
============================================================================
======================= nom_ff_n40C_1v95 Corner ===================================



===========================================================================
report_parasitic_annotation -report_unannotated
============================================================================
Found 7 unannotated drivers.
 clkload0/Y
 clkload1/Y
 clkload2/Y
 clkload3/Y
 clkload4/Y
 clkload5/Y
 clkload6/Y
Found 0 partially unannotated drivers.

===========================================================================
max slew violation count 0
max fanout violation count 0
max cap violation count 0
============================================================================

===========================================================================
check_setup -verbose -unconstrained_endpoints -multiple_clock -no_clock -no_input_delay -loops -generated_clocks
===========================================================================
Warning: There are 36 input ports missing set_input_delay.
  A_in[0]
  A_in[10]
  A_in[11]
  A_in[12]
  A_in[13]
  A_in[14]
  A_in[15]
  A_in[1]
  A_in[2]
  A_in[3]
  A_in[4]
  A_in[5]
  A_in[6]
  A_in[7]
  A_in[8]
  A_in[9]
  B_in[0]
  B_in[10]
  B_in[11]
  B_in[12]
  B_in[13]
  B_in[14]
  B_in[15]
  B_in[1]
  B_in[2]
  B_in[3]
  B_in[4]
  B_in[5]
  B_in[6]
  B_in[7]
  B_in[8]
  B_in[9]
  Op_Sel[0]
  Op_Sel[1]
  Start
  rst_n
Warning: There are 17 unconstrained endpoints.
  Done
  X_out[0]
  X_out[10]
  X_out[11]
  X_out[12]
  X_out[13]
  X_out[14]
  X_out[15]
  X_out[1]
  X_out[2]
  X_out[3]
  X_out[4]
  X_out[5]
  X_out[6]
  X_out[7]
  X_out[8]
  X_out[9]
