
===========================================================================
report_checks -unconstrained
===========================================================================
======================= nom_ff_n40C_1v95 Corner ===================================

Startpoint: _3302_ (rising edge-triggered flip-flop clocked by clk)
Endpoint: _3237_ (rising edge-triggered flip-flop clocked by clk)
Path Group: clk
Path Type: max

Fanout         Cap        Slew       Delay        Time   Description
---------------------------------------------------------------------------------------------
                                  0.000000    0.000000   clock clk (rise edge)
                                  0.000000    0.000000   clock source latency
     2    0.042362    0.000000    0.000000    0.000000 ^ clk (in)
                                                         clk (net)
                      0.002243    0.001121    0.001121 ^ clkbuf_0_clk/A (sky130_fd_sc_hd__clkbuf_16)
    17    0.167974    0.139165    0.154359    0.155481 ^ clkbuf_0_clk/X (sky130_fd_sc_hd__clkbuf_16)
                                                         clknet_0_clk (net)
                      0.139877    0.007996    0.163477 ^ clkbuf_3_0__f_clk/A (sky130_fd_sc_hd__clkbuf_16)
    25    0.092675    0.084386    0.152287    0.315764 ^ clkbuf_3_0__f_clk/X (sky130_fd_sc_hd__clkbuf_16)
                                                         clknet_3_0__leaf_clk (net)
                      0.084587    0.003294    0.319057 ^ _3302_/CLK (sky130_fd_sc_hd__dfrtp_4)
     6    0.025339    0.062798    0.333101    0.652159 v _3302_/Q (sky130_fd_sc_hd__dfrtp_4)
                                                         B_reg[12] (net)
                      0.062811    0.001221    0.653379 v _1910_/C (sky130_fd_sc_hd__and3_1)
     3    0.007783    0.042016    0.140366    0.793745 v _1910_/X (sky130_fd_sc_hd__and3_1)
                                                         _1175_ (net)
                      0.042016    0.000207    0.793953 v _2300_/A (sky130_fd_sc_hd__or4_4)
     4    0.009689    0.064719    0.329770    1.123723 v _2300_/X (sky130_fd_sc_hd__or4_4)
                                                         _1553_ (net)
                      0.064719    0.000190    1.123913 v _2304_/A1 (sky130_fd_sc_hd__a21o_1)
     3    0.008085    0.039610    0.124237    1.248151 v _2304_/X (sky130_fd_sc_hd__a21o_1)
                                                         _1557_ (net)
                      0.039611    0.000221    1.248372 v _2307_/A2 (sky130_fd_sc_hd__a21oi_1)
     3    0.010839    0.185370    0.178065    1.426437 ^ _2307_/Y (sky130_fd_sc_hd__a21oi_1)
                                                         _1560_ (net)
                      0.185370    0.000164    1.426601 ^ _2311_/B (sky130_fd_sc_hd__xor2_1)
     3    0.010687    0.181693    0.167819    1.594420 ^ _2311_/X (sky130_fd_sc_hd__xor2_1)
                                                         _1564_ (net)
                      0.181693    0.000274    1.594694 ^ _2313_/A2 (sky130_fd_sc_hd__a21o_1)
     4    0.011165    0.078605    0.121915    1.716610 ^ _2313_/X (sky130_fd_sc_hd__a21o_1)
                                                         _1566_ (net)
                      0.078605    0.000283    1.716893 ^ _2318_/A1 (sky130_fd_sc_hd__a21oi_1)
     3    0.011410    0.064782    0.070510    1.787403 v _2318_/Y (sky130_fd_sc_hd__a21oi_1)
                                                         _1571_ (net)
                      0.064804    0.000190    1.787593 v _2321_/B (sky130_fd_sc_hd__or3_4)
     3    0.007562    0.049300    0.233269    2.020862 v _2321_/X (sky130_fd_sc_hd__or3_4)
                                                         _1574_ (net)
                      0.049300    0.000123    2.020985 v _2326_/A1 (sky130_fd_sc_hd__a21o_1)
     4    0.010479    0.045985    0.125745    2.146730 v _2326_/X (sky130_fd_sc_hd__a21o_1)
                                                         _1579_ (net)
                      0.045985    0.000269    2.146999 v _2327_/A2 (sky130_fd_sc_hd__a21oi_1)
     3    0.011799    0.198590    0.190104    2.337103 ^ _2327_/Y (sky130_fd_sc_hd__a21oi_1)
                                                         _1580_ (net)
                      0.198590    0.000262    2.337365 ^ _2331_/B (sky130_fd_sc_hd__xnor2_1)
     3    0.012861    0.222533    0.135407    2.472772 ^ _2331_/Y (sky130_fd_sc_hd__xnor2_1)
                                                         _1584_ (net)
                      0.222534    0.000281    2.473053 ^ _2334_/A2 (sky130_fd_sc_hd__a21o_1)
     5    0.015727    0.107439    0.144196    2.617248 ^ _2334_/X (sky130_fd_sc_hd__a21o_1)
                                                         _1587_ (net)
                      0.107439    0.000337    2.617585 ^ _2337_/A1 (sky130_fd_sc_hd__a21oi_1)
     3    0.011042    0.067746    0.075564    2.693149 v _2337_/Y (sky130_fd_sc_hd__a21oi_1)
                                                         _1590_ (net)
                      0.067747    0.000258    2.693407 v _2345_/B (sky130_fd_sc_hd__or3_4)
     3    0.008675    0.050519    0.236335    2.929742 v _2345_/X (sky130_fd_sc_hd__or3_4)
                                                         _1598_ (net)
                      0.050519    0.000196    2.929938 v _2347_/A1 (sky130_fd_sc_hd__a21o_1)
     4    0.011358    0.048050    0.128607    3.058544 v _2347_/X (sky130_fd_sc_hd__a21o_1)
                                                         _1600_ (net)
                      0.048051    0.000301    3.058845 v _2348_/A2 (sky130_fd_sc_hd__a21oi_1)
     3    0.014436    0.235306    0.217462    3.276307 ^ _2348_/Y (sky130_fd_sc_hd__a21oi_1)
                                                         _1601_ (net)
                      0.235308    0.000528    3.276836 ^ _2349_/B (sky130_fd_sc_hd__xnor2_1)
     3    0.011832    0.087307    0.094664    3.371500 v _2349_/Y (sky130_fd_sc_hd__xnor2_1)
                                                         _1602_ (net)
                      0.087308    0.000272    3.371772 v _2355_/A2 (sky130_fd_sc_hd__a21o_1)
     4    0.012492    0.051197    0.160114    3.531886 v _2355_/X (sky130_fd_sc_hd__a21o_1)
                                                         _0109_ (net)
                      0.051199    0.000344    3.532230 v _2360_/A1 (sky130_fd_sc_hd__a21oi_2)
     3    0.012952    0.132102    0.140280    3.672509 ^ _2360_/Y (sky130_fd_sc_hd__a21oi_2)
                                                         _0114_ (net)
                      0.132102    0.000511    3.673020 ^ _2361_/B (sky130_fd_sc_hd__xnor2_1)
     3    0.011320    0.200563    0.125910    3.798930 ^ _2361_/Y (sky130_fd_sc_hd__xnor2_1)
                                                         _0115_ (net)
                      0.200564    0.000286    3.799216 ^ _2366_/A2 (sky130_fd_sc_hd__a21o_1)
     3    0.007598    0.057090    0.106646    3.905862 ^ _2366_/X (sky130_fd_sc_hd__a21o_1)
                                                         _0120_ (net)
                      0.057090    0.000218    3.906080 ^ rebuffer6/A (sky130_fd_sc_hd__buf_1)
     2    0.008083    0.076411    0.087553    3.993633 ^ rebuffer6/X (sky130_fd_sc_hd__buf_1)
                                                         net59 (net)
                      0.076435    0.000143    3.993776 ^ _2369_/A1 (sky130_fd_sc_hd__a21oi_2)
     3    0.013862    0.049131    0.051279    4.045054 v _2369_/Y (sky130_fd_sc_hd__a21oi_2)
                                                         _0123_ (net)
                      0.049132    0.000264    4.045319 v _2372_/B (sky130_fd_sc_hd__or3_4)
     3    0.009423    0.051336    0.231215    4.276534 v _2372_/X (sky130_fd_sc_hd__or3_4)
                                                         _0126_ (net)
                      0.051336    0.000146    4.276680 v _2378_/A1 (sky130_fd_sc_hd__a21o_1)
     4    0.009566    0.044242    0.123825    4.400506 v _2378_/X (sky130_fd_sc_hd__a21o_1)
                                                         _0132_ (net)
                      0.044242    0.000123    4.400628 v _2382_/A2 (sky130_fd_sc_hd__a21oi_1)
     3    0.013398    0.220887    0.205616    4.606244 ^ _2382_/Y (sky130_fd_sc_hd__a21oi_1)
                                                         _0136_ (net)
                      0.220887    0.000339    4.606582 ^ _2386_/B (sky130_fd_sc_hd__xnor2_1)
     3    0.010740    0.080090    0.087975    4.694557 v _2386_/Y (sky130_fd_sc_hd__xnor2_1)
                                                         _0140_ (net)
                      0.080090    0.000221    4.694778 v _2387_/A2 (sky130_fd_sc_hd__a21o_1)
     4    0.012390    0.050883    0.157419    4.852197 v _2387_/X (sky130_fd_sc_hd__a21o_1)
                                                         _0141_ (net)
                      0.050883    0.000206    4.852403 v _2390_/A (sky130_fd_sc_hd__and3_1)
     3    0.010987    0.050514    0.120988    4.973390 v _2390_/X (sky130_fd_sc_hd__and3_1)
                                                         _0144_ (net)
                      0.050514    0.000220    4.973610 v _2392_/C (sky130_fd_sc_hd__or3_4)
     3    0.007373    0.049099    0.203165    5.176775 v _2392_/X (sky130_fd_sc_hd__or3_4)
                                                         _0146_ (net)
                      0.049099    0.000147    5.176923 v _2397_/A1 (sky130_fd_sc_hd__a21o_1)
     4    0.010739    0.046400    0.126485    5.303407 v _2397_/X (sky130_fd_sc_hd__a21o_1)
                                                         _0151_ (net)
                      0.046400    0.000151    5.303559 v _2406_/A (sky130_fd_sc_hd__and3_1)
     2    0.006440    0.037928    0.105205    5.408763 v _2406_/X (sky130_fd_sc_hd__and3_1)
                                                         _0160_ (net)
                      0.037928    0.000132    5.408895 v _2408_/C (sky130_fd_sc_hd__or3_4)
     3    0.007325    0.049041    0.199515    5.608411 v _2408_/X (sky130_fd_sc_hd__or3_4)
                                                         _0162_ (net)
                      0.049041    0.000161    5.608572 v _2410_/A1 (sky130_fd_sc_hd__a21o_1)
     3    0.007382    0.037462    0.116240    5.724812 v _2410_/X (sky130_fd_sc_hd__a21o_1)
                                                         _0164_ (net)
                      0.037462    0.000191    5.725002 v _2412_/A2 (sky130_fd_sc_hd__a21oi_1)
     3    0.011781    0.198508    0.186710    5.911712 ^ _2412_/Y (sky130_fd_sc_hd__a21oi_1)
                                                         _0166_ (net)
                      0.198509    0.000343    5.912055 ^ _2416_/B (sky130_fd_sc_hd__xnor2_1)
     3    0.011126    0.077922    0.087651    5.999706 v _2416_/Y (sky130_fd_sc_hd__xnor2_1)
                                                         _0170_ (net)
                      0.077924    0.000276    5.999982 v _2420_/A2 (sky130_fd_sc_hd__a21o_1)
     4    0.011484    0.048400    0.154392    6.154374 v _2420_/X (sky130_fd_sc_hd__a21o_1)
                                                         _0174_ (net)
                      0.048401    0.000300    6.154674 v _2423_/A1 (sky130_fd_sc_hd__a21o_1)
     2    0.008162    0.039893    0.118335    6.273008 v _2423_/X (sky130_fd_sc_hd__a21o_1)
                                                         _0177_ (net)
                      0.039894    0.000254    6.273263 v _2426_/B (sky130_fd_sc_hd__xnor2_1)
     1    0.003272    0.041531    0.080455    6.353717 v _2426_/Y (sky130_fd_sc_hd__xnor2_1)
                                                         _0179_ (net)
                      0.041531    0.000077    6.353795 v _2427_/A1 (sky130_fd_sc_hd__mux2_4)
     1    0.002987    0.035666    0.144743    6.498538 v _2427_/X (sky130_fd_sc_hd__mux2_4)
                                                         _0024_ (net)
                      0.035666    0.000091    6.498628 v _3237_/D (sky130_fd_sc_hd__dfrtp_4)
                                              6.498628   data arrival time

                                 10.125000   10.125000   clock clk (rise edge)
                                  0.000000   10.125000   clock source latency
     2    0.042362    0.000000    0.000000   10.125000 ^ clk (in)
                                                         clk (net)
                      0.002243    0.001122   10.126122 ^ clkbuf_0_clk/A (sky130_fd_sc_hd__clkbuf_16)
    17    0.167974    0.139165    0.154359   10.280480 ^ clkbuf_0_clk/X (sky130_fd_sc_hd__clkbuf_16)
                                                         clknet_0_clk (net)
                      0.139831    0.007739   10.288219 ^ clkbuf_3_3__f_clk/A (sky130_fd_sc_hd__clkbuf_16)
    35    0.097272    0.087817    0.154193   10.442412 ^ clkbuf_3_3__f_clk/X (sky130_fd_sc_hd__clkbuf_16)
                                                         clknet_3_3__leaf_clk (net)
                      0.088065    0.003748   10.446160 ^ _3237_/CLK (sky130_fd_sc_hd__dfrtp_4)
                                 -0.100000   10.346161   clock uncertainty
                                  0.000000   10.346161   clock reconvergence pessimism
                                 -0.068540   10.277621   library setup time
                                             10.277621   data required time
---------------------------------------------------------------------------------------------
                                             10.277621   data required time
                                             -6.498628   data arrival time
---------------------------------------------------------------------------------------------
                                              3.778993   slack (MET)




===========================================================================
report_checks --slack_max -0.01
============================================================================
======================= nom_ff_n40C_1v95 Corner ===================================

No paths found.


===========================================================================
 report_check_types -max_slew -max_cap -max_fanout -violators
============================================================================
======================= nom_ff_n40C_1v95 Corner ===================================



===========================================================================
report_parasitic_annotation -report_unannotated
============================================================================
Found 7 unannotated drivers.
 clkload0/Y
 clkload1/Y
 clkload2/Y
 clkload3/Y
 clkload4/Y
 clkload5/Y
 clkload6/Y
Found 0 partially unannotated drivers.

===========================================================================
max slew violation count 0
max fanout violation count 0
max cap violation count 0
============================================================================

===========================================================================
check_setup -verbose -unconstrained_endpoints -multiple_clock -no_clock -no_input_delay -loops -generated_clocks
===========================================================================
Warning: There are 36 input ports missing set_input_delay.
  A_in[0]
  A_in[10]
  A_in[11]
  A_in[12]
  A_in[13]
  A_in[14]
  A_in[15]
  A_in[1]
  A_in[2]
  A_in[3]
  A_in[4]
  A_in[5]
  A_in[6]
  A_in[7]
  A_in[8]
  A_in[9]
  B_in[0]
  B_in[10]
  B_in[11]
  B_in[12]
  B_in[13]
  B_in[14]
  B_in[15]
  B_in[1]
  B_in[2]
  B_in[3]
  B_in[4]
  B_in[5]
  B_in[6]
  B_in[7]
  B_in[8]
  B_in[9]
  Op_Sel[0]
  Op_Sel[1]
  Start
  rst_n
Warning: There are 17 unconstrained endpoints.
  Done
  X_out[0]
  X_out[10]
  X_out[11]
  X_out[12]
  X_out[13]
  X_out[14]
  X_out[15]
  X_out[1]
  X_out[2]
  X_out[3]
  X_out[4]
  X_out[5]
  X_out[6]
  X_out[7]
  X_out[8]
  X_out[9]
