Clock: clk
Sources: clk 
Generated: no
Virtual: yes
Propagated: no
Period: 10.125000

===========================================================================
report_clock_properties
============================================================================
Clock                   Period          Waveform
----------------------------------------------------
clk                  10.125000    0.000000  5.062500

===========================================================================
report_clock_latency
============================================================================
Clock clk
rise -> rise
    min     max
0.000000 0.000000 source latency
0.307882         network latency _3221_/CLK
        0.328313 network latency _3295_/CLK
---------------
0.307882 0.328313 latency
        0.020431 skew

fall -> fall
    min     max
0.000000 0.000000 source latency
0.290314         network latency _3221_/CLK
        0.307045 network latency _3295_/CLK
---------------
0.290314 0.307045 latency
        0.016730 skew



===========================================================================
report_clock_min_period
============================================================================
clk period_min = 6.35 fmax = 157.58
