[INFO PSM-0040] All shapes on net VPWR are connected.
########## IR report #################
Net              : VPWR
Corner           : nom_tt_025C_1v80
Supply voltage   : 1.80e+00 V
Worstcase voltage: 1.80e+00 V
Average voltage  : 1.80e+00 V
Average IR drop  : 4.55e-05 V
Worstcase IR drop: 2.12e-03 V
Percentage drop  : 0.12 %
######################################
[INFO PSM-0040] All shapes on net VGND are connected.
########## IR report #################
Net              : VGND
Corner           : nom_tt_025C_1v80
Supply voltage   : 0.00e+00 V
Worstcase voltage: 2.01e-03 V
Average voltage  : 4.53e-05 V
Average IR drop  : 4.53e-05 V
Worstcase IR drop: 2.01e-03 V
Percentage drop  : 0.11 %
######################################
