Reading timing models for corner nom_tt_025C_1v80…
Reading timing library for the 'nom_tt_025C_1v80' corner at '/pdk/volare/sky130/versions/0fe599b2afb6708d281543108caf8310912f54af/sky130A/libs.ref/sky130_fd_sc_hd/lib/sky130_fd_sc_hd__tt_025C_1v80.lib'…
Reading timing models for corner nom_ff_n40C_1v95…
Reading timing library for the 'nom_ff_n40C_1v95' corner at '/pdk/volare/sky130/versions/0fe599b2afb6708d281543108caf8310912f54af/sky130A/libs.ref/sky130_fd_sc_hd/lib/sky130_fd_sc_hd__ff_n40C_1v95.lib'…
Reading timing models for corner nom_ss_100C_1v60…
Reading timing library for the 'nom_ss_100C_1v60' corner at '/pdk/volare/sky130/versions/0fe599b2afb6708d281543108caf8310912f54af/sky130A/libs.ref/sky130_fd_sc_hd/lib/sky130_fd_sc_hd__ss_100C_1v60.lib'…
Reading OpenROAD database at '/work/runs/RUN_2026-03-17_14-05-48/30-openroad-cts/rns_top_crt.odb'…
Reading design constraints file at 'designs/_shared/ll_policy/constraints.sdc'…
[INFO] No information on clock propagation in input SDC file-- propagating all clocks.
[INFO] Setting RC values…
[INFO RSZ-0094] Found 39 endpoints with setup violations.
[INFO RSZ-0099] Repairing 39 out of 39 (100.00%) violating endpoints...
   Iter   | Removed | Resized | Inserted | Cloned |  Pin  |    WNS   |   TNS      |  Viol  | Worst
          | Buffers |  Gates  | Buffers  |  Gates | Swaps |          |            | Endpts | Endpt
---------------------------------------------------------------------------------------------------
        0 |       0 |       0 |        0 |      0 |     0 |  -12.003 |     -245.8 |     39 | _3238_/D
       10 |       0 |       2 |        9 |      0 |     1 |  -11.185 |     -243.8 |     39 | _3238_/D
       20 |       0 |       9 |        9 |      0 |     4 |  -10.215 |     -239.9 |     39 | _3238_/D
       30 |       0 |      13 |       15 |      0 |     7 |   -9.650 |     -238.3 |     39 | _3238_/D
       40 |       0 |      14 |       19 |      0 |    14 |   -9.408 |     -237.3 |     39 | _3238_/D
       50 |       0 |      14 |       21 |      0 |    23 |   -9.823 |     -238.9 |     39 | _3238_/D
       60 |       0 |      16 |       25 |      0 |    29 |  -10.034 |     -239.8 |     39 | _3237_/D
       67 |       0 |      16 |       24 |      0 |    18 |   -9.368 |     -237.2 |     39 | _3238_/D
       70 |       0 |      17 |       26 |      0 |    18 |   -9.257 |     -236.7 |     39 | _3238_/D
       73 |       0 |      19 |       28 |      0 |    18 |   -9.218 |     -237.0 |     39 | _3238_/D
       77 |       0 |      19 |       28 |      0 |    18 |   -9.218 |     -237.0 |     39 | _3238_/D
       80 |       0 |      21 |       28 |      0 |    18 |   -9.225 |     -236.6 |     39 | _3238_/D
       81 |       0 |      20 |       28 |      0 |    18 |   -9.218 |     -237.0 |     39 | _3238_/D
       90 |       0 |      23 |       31 |      0 |    20 |   -9.218 |     -237.0 |     39 | _3238_/D
      100 |       0 |      27 |       36 |      0 |    24 |   -9.218 |     -235.2 |     39 | _3238_/D
      110 |       0 |      32 |       43 |      0 |    24 |   -9.218 |     -234.7 |     39 | _3238_/D
      120 |       0 |      39 |       43 |      0 |    27 |   -9.218 |     -233.9 |     39 | _3238_/D
      130 |       0 |      42 |       45 |      0 |    33 |   -9.218 |     -233.6 |     39 | _3238_/D
      140 |       0 |      45 |       49 |      0 |    38 |   -9.218 |     -233.1 |     39 | _3238_/D
      150 |       0 |      49 |       53 |      0 |    42 |   -9.218 |     -232.9 |     39 | _3238_/D
      160 |       0 |      55 |       55 |      0 |    45 |   -9.218 |     -232.9 |     39 | _3238_/D
      170 |       0 |      61 |       63 |      0 |    46 |   -9.218 |     -231.8 |     39 | _3238_/D
      180 |       0 |      69 |       66 |      0 |    47 |   -9.218 |     -231.2 |     39 | _3238_/D
      190 |       0 |      74 |       71 |      0 |    49 |   -9.218 |     -233.0 |     39 | _3238_/D
      200 |       0 |      80 |       74 |      0 |    52 |   -9.218 |     -232.6 |     39 | _3238_/D
      200 |       0 |      80 |       74 |      0 |    52 |   -9.218 |     -232.6 |     39 | _3238_/D
      210 |       0 |      84 |       80 |      0 |    54 |   -9.218 |     -233.1 |     39 | _3238_/D
      213 |       0 |      87 |       80 |      0 |    54 |   -9.218 |     -232.9 |     39 | _3238_/D
      217 |       0 |      88 |       80 |      0 |    55 |   -9.218 |     -232.9 |     39 | _3238_/D
      220 |       0 |      88 |       80 |      0 |    57 |   -9.218 |     -233.0 |     39 | _3238_/D
      220 |       0 |      88 |       80 |      0 |    55 |   -9.218 |     -232.9 |     39 | _3238_/D
      230 |       0 |      94 |       80 |      0 |    58 |   -9.218 |     -230.4 |     39 | _3238_/D
      240 |       0 |     100 |       83 |      0 |    61 |   -9.218 |     -227.5 |     39 | _3238_/D
      250 |       0 |     106 |       85 |      0 |    64 |   -9.218 |     -226.8 |     39 | _3238_/D
      260 |       0 |     113 |       88 |      0 |    66 |   -9.218 |     -224.5 |     39 | _3238_/D
      270 |       0 |     118 |       91 |      0 |    70 |   -9.218 |     -221.9 |     39 | _3238_/D
      280 |       0 |     124 |       93 |      0 |    73 |   -9.218 |     -219.6 |     39 | _3238_/D
      290 |       0 |     129 |       97 |      0 |    76 |   -9.218 |     -218.3 |     39 | _3238_/D
      300 |       0 |     133 |      103 |      0 |    79 |   -9.218 |     -218.8 |     39 | _3238_/D
      310 |       0 |     135 |      111 |      0 |    83 |   -9.218 |     -220.0 |     39 | _3238_/D
      320 |       0 |     139 |      119 |      0 |    85 |   -9.218 |     -222.1 |     39 | _3238_/D
      330 |       0 |     148 |      119 |      0 |    86 |   -9.218 |     -220.2 |     39 | _3238_/D
      340 |       0 |     157 |      121 |      0 |    86 |   -9.218 |     -219.9 |     39 | _3238_/D
      341 |       0 |     131 |      109 |      0 |    77 |   -9.218 |     -218.3 |     39 | _3238_/D
      350 |       0 |     137 |      111 |      0 |    78 |   -9.218 |     -217.0 |     39 | _3238_/D
      360 |       0 |     145 |      113 |      0 |    79 |   -9.218 |     -216.1 |     39 | _3238_/D
      370 |       0 |     152 |      116 |      0 |    81 |   -9.218 |     -215.4 |     39 | _3238_/D
      380 |       0 |     162 |      116 |      0 |    81 |   -9.230 |     -214.3 |     39 | _3238_/D
      390 |       0 |     171 |      118 |      0 |    81 |   -9.230 |     -213.4 |     39 | _3238_/D
      400 |       0 |     178 |      118 |      0 |    84 |   -9.230 |     -213.2 |     39 | _3238_/D
      410 |       0 |     182 |      122 |      0 |    88 |   -9.230 |     -213.2 |     39 | _3238_/D
      420 |       0 |     189 |      122 |      0 |    91 |   -9.240 |     -213.4 |     39 | _3238_/D
      426 |       0 |     163 |      120 |      0 |    81 |   -9.218 |     -214.3 |     39 | _3238_/D
      430 |       0 |     164 |      124 |      0 |    81 |   -9.218 |     -215.6 |     39 | _3238_/D
      440 |       0 |     170 |      132 |      0 |    81 |   -9.218 |     -216.3 |     39 | _3238_/D
      450 |       0 |     176 |      138 |      0 |    82 |   -9.218 |     -214.7 |     39 | _3238_/D
      460 |       0 |     180 |      138 |      0 |    88 |   -9.218 |     -214.1 |     39 | _3238_/D
      470 |       0 |     187 |      138 |      0 |    91 |   -9.218 |     -214.0 |     39 | _3238_/D
      480 |       0 |     196 |      140 |      0 |    91 |   -9.218 |     -215.4 |     39 | _3238_/D
      490 |       0 |     197 |      146 |      0 |    97 |   -9.218 |     -216.2 |     39 | _3238_/D
      492 |       0 |     196 |      142 |      0 |    91 |   -9.218 |     -213.5 |     39 | _3238_/D
      500 |       0 |     200 |      146 |      0 |    92 |   -9.218 |     -215.4 |     39 | _3238_/D
      504 |       0 |     199 |      145 |      0 |    92 |   -9.218 |     -213.0 |     39 | _3238_/D
      510 |       0 |     201 |      151 |      0 |    92 |   -9.218 |     -214.8 |     39 | _3238_/D
      511 |       0 |     200 |      148 |      0 |    92 |   -9.218 |     -213.0 |     39 | _3238_/D
      520 |       0 |     204 |      152 |      0 |    94 |   -9.218 |     -215.0 |     39 | _3238_/D
      524 |       0 |     200 |      151 |      0 |    92 |   -9.218 |     -213.0 |     39 | _3238_/D
      530 |       0 |     202 |      157 |      0 |    92 |   -9.218 |     -214.6 |     39 | _3238_/D
      531 |       0 |     200 |      154 |      0 |    92 |   -9.218 |     -213.0 |     39 | _3238_/D
      540 |       0 |     204 |      160 |      0 |    93 |   -9.218 |     -214.8 |     39 | _3238_/D
      544 |       0 |     206 |      160 |      0 |    93 |   -9.218 |     -215.0 |     39 | _3238_/D
      550 |       0 |     211 |      160 |      0 |    93 |   -9.230 |     -214.8 |     39 | _3238_/D
      560 |       0 |     221 |      160 |      0 |    93 |   -9.230 |     -214.2 |     39 | _3238_/D
      570 |       0 |     230 |      160 |      0 |    94 |   -9.230 |     -213.8 |     39 | _3238_/D
      580 |       0 |     237 |      162 |      0 |    96 |   -9.240 |     -213.6 |     39 | _3238_/D
      590 |       0 |     242 |      166 |      0 |    99 |   -9.240 |     -213.2 |     39 | _3238_/D
      595 |       0 |     212 |      166 |      0 |    93 |   -9.218 |     -215.0 |     39 | _3238_/D
      600 |       0 |     215 |      166 |      0 |    94 |   -9.218 |     -216.1 |     39 | _3238_/D
      604 |       0 |     218 |      166 |      0 |    95 |   -9.218 |     -215.8 |     39 | _3238_/D
      608 |       0 |     219 |      168 |      0 |    95 |   -9.218 |     -214.9 |     39 | _3238_/D
      610 |       0 |     220 |      168 |      0 |    95 |   -9.229 |     -215.2 |     39 | _3238_/D
      620 |       0 |     230 |      168 |      0 |    95 |   -9.230 |     -214.3 |     39 | _3238_/D
      630 |       0 |     239 |      168 |      0 |    96 |   -9.230 |     -214.3 |     39 | _3238_/D
      640 |       0 |     248 |      170 |      0 |    96 |   -9.240 |     -213.8 |     39 | _3238_/D
      650 |       0 |     256 |      174 |      0 |    96 |   -9.240 |     -213.5 |     39 | _3238_/D
      659 |       0 |     227 |      172 |      0 |    95 |   -9.218 |     -214.9 |     39 | _3238_/D
      660 |       0 |     227 |      172 |      0 |    95 |   -9.218 |     -214.9 |     39 | _3238_/D
      670 |       0 |     235 |      174 |      0 |    96 |   -9.218 |     -213.6 |     39 | _3238_/D
      680 |       0 |     242 |      174 |      0 |    99 |   -9.218 |     -212.8 |     39 | _3238_/D
      690 |       0 |     247 |      176 |      0 |   103 |   -9.218 |     -212.2 |     39 | _3238_/D
      700 |       0 |     250 |      183 |      0 |   107 |   -9.218 |     -212.3 |     39 | _3238_/D
      710 |       0 |     259 |      183 |      0 |   108 |   -9.218 |     -211.7 |     39 | _3238_/D
      720 |       0 |     267 |      183 |      0 |   110 |   -9.218 |     -211.1 |     39 | _3238_/D
      730 |       0 |     273 |      183 |      0 |   114 |   -9.218 |     -210.9 |     39 | _3238_/D
      740 |       0 |     276 |      189 |      0 |   119 |   -9.218 |     -210.7 |     39 | _3238_/D
      750 |       0 |     282 |      191 |      0 |   122 |   -9.218 |     -210.6 |     39 | _3238_/D
      760 |       0 |     288 |      193 |      0 |   125 |   -9.218 |     -209.7 |     39 | _3238_/D
      770 |       0 |     291 |      199 |      0 |   129 |   -9.218 |     -209.9 |     39 | _3238_/D
      780 |       0 |     299 |      201 |      0 |   130 |   -9.218 |     -210.5 |     39 | _3238_/D
      785 |       0 |     291 |      197 |      0 |   125 |   -9.218 |     -209.5 |     39 | _3238_/D
      788 |       0 |     292 |      197 |      0 |   125 |   -9.218 |     -209.4 |     39 | _3238_/D
      790 |       0 |     293 |      197 |      0 |   125 |   -9.218 |     -209.4 |     39 | _3238_/D
      798 |       0 |     298 |      203 |      0 |   125 |   -9.218 |     -209.6 |     39 | _3238_/D
      800 |       0 |     298 |      203 |      0 |   126 |   -9.218 |     -209.6 |     39 | _3238_/D
      801 |       0 |     298 |      203 |      0 |   125 |   -9.218 |     -209.6 |     39 | _3238_/D
      806 |       0 |     298 |      203 |      0 |   125 |   -9.218 |     -209.6 |     39 | _3238_/D
      810 |       0 |     301 |      203 |      0 |   125 |   -9.218 |     -209.8 |     39 | _3238_/D
      820 |       0 |     309 |      203 |      0 |   127 |   -9.218 |     -208.6 |     39 | _3238_/D
      830 |       0 |     316 |      206 |      0 |   129 |   -9.218 |     -208.5 |     39 | _3238_/D
      840 |       0 |     321 |      211 |      0 |   132 |   -9.218 |     -208.0 |     39 | _3238_/D
      850 |       0 |     327 |      216 |      0 |   134 |   -9.218 |     -208.6 |     39 | _3238_/D
      860 |       0 |     332 |      218 |      0 |   138 |   -9.218 |     -208.3 |     39 | _3238_/D
      870 |       0 |     334 |      222 |      0 |   145 |   -9.218 |     -207.6 |     39 | _3238_/D
      880 |       0 |     337 |      232 |      0 |   148 |   -9.218 |     -207.7 |     39 | _3238_/D
      890 |       0 |     343 |      234 |      0 |   151 |   -9.218 |     -207.5 |     39 | _3238_/D
      900 |       0 |     349 |      238 |      0 |   153 |   -9.218 |     -207.6 |     39 | _3238_/D
      910 |       0 |     355 |      238 |      0 |   157 |   -9.218 |     -207.9 |     39 | _3238_/D
      920 |       0 |     361 |      240 |      0 |   160 |   -9.218 |     -207.8 |     39 | _3238_/D
      930 |       0 |     366 |      243 |      1 |   163 |   -9.218 |     -208.0 |     39 | _3238_/D
      936 |       0 |     366 |      244 |      1 |   162 |   -9.218 |     -208.0 |     39 | _3238_/D
      939 |       0 |     367 |      244 |      1 |   163 |   -9.218 |     -207.9 |     39 | _3238_/D
      940 |       0 |     367 |      244 |      1 |   163 |   -9.218 |     -207.9 |     39 | _3238_/D
      943 |       0 |     368 |      245 |      1 |   164 |   -9.218 |     -207.9 |     39 | _3238_/D
      950 |       0 |     373 |      245 |      1 |   165 |   -9.218 |     -206.9 |     39 | _3238_/D
      960 |       0 |     382 |      245 |      1 |   166 |   -9.218 |     -206.2 |     39 | _3238_/D
      970 |       0 |     388 |      253 |      1 |   167 |   -9.219 |     -205.8 |     39 | _3238_/D
      980 |       0 |     392 |      255 |      1 |   172 |   -9.219 |     -205.3 |     39 | _3238_/D
      990 |       0 |     396 |      257 |      1 |   177 |   -9.219 |     -205.4 |     39 | _3238_/D
     1000 |       0 |     401 |      257 |      1 |   182 |   -9.219 |     -205.1 |     39 | _3238_/D
     1010 |       0 |     406 |      262 |      1 |   185 |   -9.219 |     -204.7 |     39 | _3238_/D
     1010 |       0 |     385 |      252 |      1 |   166 |   -9.218 |     -206.2 |     39 | _3238_/D
     1020 |       0 |     391 |      260 |      1 |   166 |   -9.219 |     -205.7 |     39 | _3238_/D
     1030 |       0 |     399 |      264 |      1 |   166 |   -9.219 |     -205.1 |     39 | _3238_/D
     1040 |       0 |     407 |      268 |      1 |   166 |   -9.219 |     -204.7 |     39 | _3238_/D
     1050 |       0 |     410 |      274 |      1 |   170 |   -9.219 |     -204.5 |     39 | _3238_/D
     1060 |       0 |     418 |      276 |      1 |   171 |   -9.220 |     -203.6 |     39 | _3238_/D
     1064 |       0 |     399 |      264 |      1 |   166 |   -9.218 |     -206.0 |     39 | _3238_/D
     1070 |       0 |     403 |      268 |      1 |   166 |   -9.219 |     -205.9 |     39 | _3238_/D
     1080 |       0 |     411 |      272 |      1 |   166 |   -9.219 |     -205.3 |     39 | _3238_/D
     1090 |       0 |     418 |      278 |      1 |   166 |   -9.219 |     -204.8 |     39 | _3238_/D
     1100 |       0 |     425 |      284 |      1 |   166 |   -9.220 |     -204.2 |     39 | _3238_/D
     1110 |       0 |     434 |      284 |      1 |   167 |   -9.233 |     -203.7 |     39 | _3238_/D
     1115 |       0 |     413 |      274 |      1 |   166 |   -9.218 |     -206.0 |     39 | _3238_/D
     1120 |       0 |     415 |      280 |      1 |   166 |   -9.218 |     -205.6 |     39 | _3238_/D
     1130 |       0 |     419 |      286 |      1 |   170 |   -9.218 |     -204.4 |     39 | _3238_/D
     1140 |       0 |     424 |      292 |      1 |   172 |   -9.218 |     -203.7 |     39 | _3238_/D
     1150 |       0 |     431 |      294 |      1 |   174 |   -9.218 |     -202.8 |     39 | _3238_/D
     1160 |       0 |     436 |      298 |      1 |   177 |   -9.218 |     -202.5 |     39 | _3238_/D
     1170 |       0 |     442 |      303 |      1 |   179 |   -9.218 |     -202.5 |     39 | _3238_/D
     1180 |       0 |     449 |      303 |      1 |   182 |   -9.218 |     -202.2 |     39 | _3238_/D
     1190 |       0 |     454 |      306 |      1 |   186 |   -9.218 |     -202.1 |     39 | _3238_/D
     1192 |       0 |     454 |      306 |      1 |   183 |   -9.218 |     -201.8 |     39 | _3238_/D
     1198 |       0 |     456 |      306 |      1 |   184 |   -9.218 |     -201.8 |     39 | _3238_/D
     1200 |       0 |     457 |      306 |      1 |   184 |   -9.218 |     -201.8 |     39 | _3238_/D
     1202 |       0 |     456 |      306 |      1 |   184 |   -9.218 |     -201.8 |     39 | _3238_/D
     1205 |       0 |     457 |      306 |      1 |   185 |   -9.218 |     -201.8 |     39 | _3238_/D
     1210 |       0 |     461 |      306 |      1 |   185 |   -9.218 |     -201.2 |     39 | _3238_/D
     1220 |       0 |     471 |      306 |      1 |   185 |   -9.218 |     -200.1 |     39 | _3238_/D
     1230 |       0 |     479 |      308 |      1 |   186 |   -9.218 |     -199.6 |     39 | _3238_/D
     1240 |       0 |     485 |      312 |      1 |   188 |   -9.218 |     -199.3 |     39 | _3238_/D
     1250 |       0 |     490 |      314 |      1 |   192 |   -9.218 |     -199.2 |     39 | _3238_/D
     1260 |       0 |     495 |      314 |      1 |   197 |   -9.218 |     -198.6 |     39 | _3238_/D
     1270 |       0 |     501 |      318 |      1 |   199 |   -9.218 |     -198.7 |     39 | _3238_/D
     1272 |       0 |     502 |      318 |      1 |   200 |   -9.218 |     -198.6 |     39 | _3238_/D
     1276 |       0 |     504 |      318 |      1 |   201 |   -9.218 |     -198.4 |     39 | _3238_/D
     1280 |       0 |     507 |      318 |      1 |   201 |   -9.218 |     -197.9 |     39 | _3238_/D
     1290 |       0 |     516 |      318 |      1 |   202 |   -9.218 |     -196.6 |     39 | _3238_/D
     1300 |       0 |     526 |      318 |      1 |   202 |   -9.218 |     -196.3 |     39 | _3238_/D
     1310 |       0 |     533 |      320 |      1 |   204 |   -9.240 |     -196.0 |     39 | _3238_/D
     1320 |       0 |     542 |      320 |      1 |   205 |   -9.240 |     -195.2 |     39 | _3238_/D
     1330 |       0 |     544 |      322 |      1 |   212 |   -9.240 |     -195.3 |     39 | _3238_/D
     1330 |       0 |     532 |      320 |      1 |   202 |   -9.218 |     -196.0 |     39 | _3238_/D
     1340 |       0 |     540 |      322 |      1 |   202 |   -9.240 |     -195.5 |     39 | _3238_/D
     1350 |       0 |     549 |      322 |      1 |   203 |   -9.240 |     -195.2 |     39 | _3238_/D
     1351 |       0 |     536 |      321 |      1 |   202 |   -9.218 |     -196.0 |     38 | _3238_/D
    1354* |       0 |     538 |      321 |      1 |   202 |   -9.041 |     -195.8 |     39 | _3238_/D
    1355* |       0 |     538 |      321 |      1 |   202 |   -9.041 |     -195.8 |     39 | _3238_/D
    1356* |       0 |     538 |      321 |      1 |   202 |   -9.041 |     -195.8 |     39 | _3238_/D
    1357* |       0 |     538 |      321 |      1 |   202 |   -9.041 |     -195.8 |     39 | _3238_/D
    1358* |       0 |     538 |      321 |      1 |   202 |   -9.041 |     -195.8 |     39 | _3238_/D
    1359* |       0 |     538 |      321 |      1 |   202 |   -9.041 |     -195.8 |     39 | _3238_/D
    1360* |       0 |     538 |      321 |      1 |   202 |   -9.041 |     -195.8 |     39 | _3238_/D
    1360* |       0 |     538 |      321 |      1 |   202 |   -9.041 |     -195.8 |     39 | _3238_/D
    1361* |       0 |     538 |      321 |      1 |   202 |   -9.041 |     -195.8 |     39 | _3238_/D
    1362* |       0 |     538 |      321 |      1 |   202 |   -9.041 |     -195.8 |     39 | _3238_/D
    1364* |       0 |     539 |      321 |      1 |   202 |   -9.041 |     -195.7 |     39 | _3238_/D
    1365* |       0 |     539 |      321 |      1 |   202 |   -9.041 |     -195.7 |     39 | _3238_/D
    1366* |       0 |     539 |      321 |      1 |   202 |   -9.041 |     -195.7 |     39 | _3238_/D
    1367* |       0 |     539 |      321 |      1 |   202 |   -9.041 |     -195.7 |     39 | _3238_/D
    1368* |       0 |     539 |      321 |      1 |   202 |   -9.041 |     -195.7 |     39 | _3238_/D
    1369* |       0 |     539 |      321 |      1 |   202 |   -9.041 |     -195.7 |     39 | _3238_/D
    1370* |       0 |     539 |      321 |      1 |   202 |   -9.041 |     -195.7 |     39 | _3238_/D
    1370* |       0 |     539 |      321 |      1 |   202 |   -9.041 |     -195.7 |     39 | _3238_/D
    1371* |       0 |     539 |      321 |      1 |   202 |   -9.041 |     -195.7 |     39 | _3238_/D
    1372* |       0 |     539 |      321 |      1 |   202 |   -9.041 |     -195.7 |     39 | _3238_/D
    1373* |       0 |     539 |      321 |      1 |   202 |   -9.041 |     -195.7 |     39 | _3238_/D
    1375* |       0 |     540 |      321 |      1 |   202 |   -9.041 |     -195.7 |     39 | _3238_/D
    1376* |       0 |     540 |      321 |      1 |   202 |   -9.041 |     -195.7 |     39 | _3238_/D
    1377* |       0 |     540 |      321 |      1 |   202 |   -9.041 |     -195.7 |     39 | _3238_/D
    1378* |       0 |     540 |      321 |      1 |   202 |   -9.041 |     -195.7 |     39 | _3238_/D
    1379* |       0 |     540 |      321 |      1 |   202 |   -9.041 |     -195.7 |     39 | _3238_/D
    1380* |       0 |     540 |      321 |      1 |   202 |   -9.041 |     -195.7 |     39 | _3238_/D
    1380* |       0 |     540 |      321 |      1 |   202 |   -9.041 |     -195.7 |     39 | _3238_/D
    1381* |       0 |     540 |      321 |      1 |   202 |   -9.041 |     -195.7 |     39 | _3238_/D
    1382* |       0 |     540 |      321 |      1 |   202 |   -9.041 |     -195.7 |     39 | _3238_/D
    1383* |       0 |     540 |      321 |      1 |   202 |   -9.041 |     -195.7 |     39 | _3238_/D
    1384* |       0 |     540 |      321 |      1 |   202 |   -9.041 |     -195.7 |     39 | _3238_/D
    1385* |       0 |     540 |      321 |      1 |   202 |   -9.041 |     -195.7 |     39 | _3238_/D
    1386* |       0 |     540 |      321 |      1 |   202 |   -9.041 |     -195.7 |     39 | _3238_/D
    1387* |       0 |     540 |      321 |      1 |   202 |   -9.041 |     -195.7 |     39 | _3238_/D
    1388* |       0 |     540 |      321 |      1 |   202 |   -9.041 |     -195.7 |     39 | _3238_/D
    1389* |       0 |     540 |      321 |      1 |   202 |   -9.041 |     -195.7 |     39 | _3238_/D
    1390* |       0 |     540 |      321 |      1 |   202 |   -9.041 |     -195.7 |     39 | _3238_/D
    1390* |       0 |     540 |      321 |      1 |   202 |   -9.041 |     -195.7 |     39 | _3238_/D
    1391* |       0 |     540 |      321 |      1 |   202 |   -9.041 |     -195.7 |     39 | _3238_/D
    1392* |       0 |     540 |      321 |      1 |   202 |   -9.041 |     -195.7 |     39 | _3238_/D
    1393* |       0 |     540 |      321 |      1 |   202 |   -9.041 |     -195.7 |     39 | _3238_/D
    1394* |       0 |     540 |      321 |      1 |   202 |   -9.041 |     -195.7 |     39 | _3238_/D
    final |       0 |     540 |      321 |      1 |   202 |   -9.041 |     -195.7 |     39 | _3238_/D
---------------------------------------------------------------------------------------------------
[INFO RSZ-0045] Inserted 141 buffers, 1 to split loads.
[INFO RSZ-0041] Resized 540 instances.
[INFO RSZ-0043] Swapped pins on 202 instances.
[INFO RSZ-0049] Cloned 1 instances.
[WARNING RSZ-0062] Unable to repair all setup violations.
[INFO RSZ-0033] No hold violations found.
Placement Analysis
---------------------------------
total displacement       1235.4 u
average displacement        0.3 u
max displacement            8.7 u
original HPWL           39305.8 u
legalized HPWL          41537.2 u
delta HPWL                    6 %

[INFO DPL-0020] Mirrored 704 instances
[INFO DPL-0021] HPWL before           41537.2 u
[INFO DPL-0022] HPWL after            40071.9 u
[INFO DPL-0023] HPWL delta               -3.5 %
[INFO] Setting RC values…
Setting global connections for newly added cells…
[INFO] Setting global connections...
Updating metrics…
Cell type report:                       Count       Area
  Fill cell                               308    1156.11
  Tap cell                               2496    3123.00
  Clock buffer                              9     225.22
  Timing Repair Buffer                    195    1531.47
  Inverter                                 59     226.47
  Clock inverter                            7      73.82
  Sequential cell                         110    2977.86
  Multi-Input combinational cell         1549   13150.11
  Total                                  4733   22464.04
Writing OpenROAD database to '/work/runs/RUN_2026-03-17_14-05-48/32-openroad-resizertimingpostcts/rns_top_crt.odb'…
Writing netlist to '/work/runs/RUN_2026-03-17_14-05-48/32-openroad-resizertimingpostcts/rns_top_crt.nl.v'…
Writing powered netlist to '/work/runs/RUN_2026-03-17_14-05-48/32-openroad-resizertimingpostcts/rns_top_crt.pnl.v'…
Writing layout to '/work/runs/RUN_2026-03-17_14-05-48/32-openroad-resizertimingpostcts/rns_top_crt.def'…
Writing timing constraints to '/work/runs/RUN_2026-03-17_14-05-48/32-openroad-resizertimingpostcts/rns_top_crt.sdc'…
