
===========================================================================
report_checks -unconstrained
===========================================================================
======================= nom_ff_n40C_1v95 Corner ===================================

Startpoint: _3302_ (rising edge-triggered flip-flop clocked by clk)
Endpoint: _3237_ (rising edge-triggered flip-flop clocked by clk)
Path Group: clk
Path Type: max

Fanout         Cap        Slew       Delay        Time   Description
---------------------------------------------------------------------------------------------
                                  0.000000    0.000000   clock clk (rise edge)
                                  0.000000    0.000000   clock source latency
     2    0.041062    0.000000    0.000000    0.000000 ^ clk (in)
                                                         clk (net)
                      0.002172    0.001086    0.001086 ^ clkbuf_0_clk/A (sky130_fd_sc_hd__clkbuf_16)
    17    0.165256    0.137099    0.153089    0.154175 ^ clkbuf_0_clk/X (sky130_fd_sc_hd__clkbuf_16)
                                                         clknet_0_clk (net)
                      0.137807    0.007908    0.162083 ^ clkbuf_3_0__f_clk/A (sky130_fd_sc_hd__clkbuf_16)
    25    0.091420    0.083377    0.151383    0.313466 ^ clkbuf_3_0__f_clk/X (sky130_fd_sc_hd__clkbuf_16)
                                                         clknet_3_0__leaf_clk (net)
                      0.083613    0.003156    0.316622 ^ _3302_/CLK (sky130_fd_sc_hd__dfrtp_4)
    15    0.050987    0.087687    0.361448    0.678070 v _3302_/Q (sky130_fd_sc_hd__dfrtp_4)
                                                         B_reg[12] (net)
                      0.087795    0.002734    0.680804 v _1910_/C (sky130_fd_sc_hd__and3_1)
     3    0.006267    0.037387    0.145784    0.826588 v _1910_/X (sky130_fd_sc_hd__and3_1)
                                                         _1175_ (net)
                      0.037387    0.000179    0.826767 v _2300_/B (sky130_fd_sc_hd__or4_1)
     4    0.009512    0.083255    0.320536    1.147303 v _2300_/X (sky130_fd_sc_hd__or4_1)
                                                         _1553_ (net)
                      0.083255    0.000140    1.147443 v _2304_/A2 (sky130_fd_sc_hd__a21o_1)
     3    0.007680    0.038366    0.144623    1.292066 v _2304_/X (sky130_fd_sc_hd__a21o_1)
                                                         _1557_ (net)
                      0.038366    0.000184    1.292250 v _2307_/A2 (sky130_fd_sc_hd__a21oi_1)
     3    0.010110    0.175289    0.170232    1.462482 ^ _2307_/Y (sky130_fd_sc_hd__a21oi_1)
                                                         _1560_ (net)
                      0.175289    0.000156    1.462638 ^ _2311_/B (sky130_fd_sc_hd__xor2_1)
     3    0.011246    0.189068    0.173451    1.636090 ^ _2311_/X (sky130_fd_sc_hd__xor2_1)
                                                         _1564_ (net)
                      0.189069    0.000220    1.636310 ^ _2313_/A2 (sky130_fd_sc_hd__a21o_1)
     4    0.010969    0.077387    0.121412    1.757722 ^ _2313_/X (sky130_fd_sc_hd__a21o_1)
                                                         _1566_ (net)
                      0.077387    0.000262    1.757985 ^ _2318_/A1 (sky130_fd_sc_hd__a21oi_1)
     3    0.010776    0.062129    0.068098    1.826083 v _2318_/Y (sky130_fd_sc_hd__a21oi_1)
                                                         _1571_ (net)
                      0.062151    0.000227    1.826310 v _2321_/B (sky130_fd_sc_hd__or3_1)
     3    0.007370    0.060109    0.225962    2.052272 v _2321_/X (sky130_fd_sc_hd__or3_1)
                                                         _1574_ (net)
                      0.060109    0.000117    2.052389 v _2326_/A1 (sky130_fd_sc_hd__a21o_1)
     4    0.010173    0.045571    0.128833    2.181223 v _2326_/X (sky130_fd_sc_hd__a21o_1)
                                                         _1579_ (net)
                      0.045572    0.000314    2.181537 v _2328_/C (sky130_fd_sc_hd__and3_1)
     2    0.005388    0.034889    0.125457    2.306994 v _2328_/X (sky130_fd_sc_hd__and3_1)
                                                         _1581_ (net)
                      0.034889    0.000140    2.307134 v _2330_/C (sky130_fd_sc_hd__or3_2)
     4    0.013247    0.074223    0.262816    2.569950 v _2330_/X (sky130_fd_sc_hd__or3_2)
                                                         _1583_ (net)
                      0.074223    0.000255    2.570205 v _2334_/A1 (sky130_fd_sc_hd__a21o_1)
     5    0.015497    0.059600    0.147401    2.717606 v _2334_/X (sky130_fd_sc_hd__a21o_1)
                                                         _1587_ (net)
                      0.059602    0.000403    2.718008 v _2338_/B (sky130_fd_sc_hd__and3_1)
     2    0.005162    0.034242    0.120006    2.838014 v _2338_/X (sky130_fd_sc_hd__and3_1)
                                                         _1591_ (net)
                      0.034242    0.000140    2.838155 v _2345_/C (sky130_fd_sc_hd__or3_1)
     3    0.008665    0.065453    0.200127    3.038282 v _2345_/X (sky130_fd_sc_hd__or3_1)
                                                         _1598_ (net)
                      0.065453    0.000196    3.038477 v _2347_/A1 (sky130_fd_sc_hd__a21o_1)
     4    0.010793    0.046530    0.132735    3.171213 v _2347_/X (sky130_fd_sc_hd__a21o_1)
                                                         _1600_ (net)
                      0.046531    0.000297    3.171510 v _2350_/C (sky130_fd_sc_hd__and3_1)
     2    0.005735    0.035885    0.126970    3.298480 v _2350_/X (sky130_fd_sc_hd__and3_1)
                                                         _1603_ (net)
                      0.035885    0.000175    3.298655 v _2352_/C (sky130_fd_sc_hd__or3_1)
     3    0.008870    0.066382    0.201489    3.500144 v _2352_/X (sky130_fd_sc_hd__or3_1)
                                                         _0106_ (net)
                      0.066383    0.000298    3.500442 v _2355_/A2 (sky130_fd_sc_hd__a21o_1)
     4    0.010880    0.046720    0.148932    3.649374 v _2355_/X (sky130_fd_sc_hd__a21o_1)
                                                         _0109_ (net)
                      0.046721    0.000282    3.649656 v _2362_/B (sky130_fd_sc_hd__and3_1)
     2    0.006120    0.036989    0.118011    3.767666 v _2362_/X (sky130_fd_sc_hd__and3_1)
                                                         _0116_ (net)
                      0.036989    0.000171    3.767838 v _2364_/C (sky130_fd_sc_hd__or3_1)
     3    0.008450    0.064570    0.199806    3.967644 v _2364_/X (sky130_fd_sc_hd__or3_1)
                                                         _0118_ (net)
                      0.064570    0.000210    3.967854 v _2366_/A2 (sky130_fd_sc_hd__a21o_1)
     4    0.010513    0.046011    0.147136    4.114989 v _2366_/X (sky130_fd_sc_hd__a21o_1)
                                                         _0120_ (net)
                      0.046011    0.000212    4.115201 v _2370_/B (sky130_fd_sc_hd__and3_1)
     2    0.005213    0.034392    0.114740    4.229941 v _2370_/X (sky130_fd_sc_hd__and3_1)
                                                         _0124_ (net)
                      0.034392    0.000108    4.230050 v _2372_/C (sky130_fd_sc_hd__or3_1)
     3    0.008525    0.064851    0.199502    4.429552 v _2372_/X (sky130_fd_sc_hd__or3_1)
                                                         _0126_ (net)
                      0.064851    0.000111    4.429662 v _2378_/A1 (sky130_fd_sc_hd__a21o_1)
     4    0.010296    0.045693    0.131045    4.560707 v _2378_/X (sky130_fd_sc_hd__a21o_1)
                                                         _0132_ (net)
                      0.045693    0.000170    4.560877 v _2383_/C (sky130_fd_sc_hd__and3_1)
     2    0.007280    0.040456    0.131811    4.692688 v _2383_/X (sky130_fd_sc_hd__and3_1)
                                                         _0137_ (net)
                      0.040457    0.000207    4.692894 v _2385_/C (sky130_fd_sc_hd__or3_1)
     3    0.008302    0.063919    0.200083    4.892977 v _2385_/X (sky130_fd_sc_hd__or3_1)
                                                         _0139_ (net)
                      0.063919    0.000180    4.893157 v _2387_/A1 (sky130_fd_sc_hd__a21o_1)
     4    0.012405    0.050921    0.136171    5.029328 v _2387_/X (sky130_fd_sc_hd__a21o_1)
                                                         _0141_ (net)
                      0.050921    0.000183    5.029511 v _2390_/B (sky130_fd_sc_hd__and3_1)
     3    0.009911    0.047696    0.132112    5.161623 v _2390_/X (sky130_fd_sc_hd__and3_1)
                                                         _0144_ (net)
                      0.047697    0.000295    5.161918 v _2392_/C (sky130_fd_sc_hd__or3_1)
     3    0.007229    0.059599    0.196895    5.358814 v _2392_/X (sky130_fd_sc_hd__or3_1)
                                                         _0146_ (net)
                      0.059599    0.000171    5.358984 v _2397_/A1 (sky130_fd_sc_hd__a21o_1)
     4    0.011820    0.049306    0.133133    5.492117 v _2397_/X (sky130_fd_sc_hd__a21o_1)
                                                         _0151_ (net)
                      0.049306    0.000234    5.492352 v _2406_/B (sky130_fd_sc_hd__and3_1)
     2    0.005806    0.036081    0.117975    5.610327 v _2406_/X (sky130_fd_sc_hd__and3_1)
                                                         _0160_ (net)
                      0.036081    0.000143    5.610470 v _2408_/C (sky130_fd_sc_hd__or3_1)
     3    0.008147    0.063250    0.198150    5.808619 v _2408_/X (sky130_fd_sc_hd__or3_1)
                                                         _0162_ (net)
                      0.063250    0.000156    5.808776 v _2410_/A2 (sky130_fd_sc_hd__a21o_1)
     3    0.007218    0.036956    0.136231    5.945006 v _2410_/X (sky130_fd_sc_hd__a21o_1)
                                                         _0164_ (net)
                      0.036956    0.000175    5.945181 v _2413_/C (sky130_fd_sc_hd__and3_1)
     2    0.005056    0.033994    0.121087    6.066267 v _2413_/X (sky130_fd_sc_hd__and3_1)
                                                         _0167_ (net)
                      0.033994    0.000120    6.066388 v _2415_/C (sky130_fd_sc_hd__or3_1)
     3    0.007192    0.059403    0.192991    6.259378 v _2415_/X (sky130_fd_sc_hd__or3_1)
                                                         _0169_ (net)
                      0.059403    0.000165    6.259544 v _2420_/A1 (sky130_fd_sc_hd__a21o_1)
     4    0.011393    0.048134    0.132032    6.391576 v _2420_/X (sky130_fd_sc_hd__a21o_1)
                                                         _0174_ (net)
                      0.048135    0.000259    6.391835 v _2423_/A1 (sky130_fd_sc_hd__a21o_1)
     2    0.008338    0.040441    0.118766    6.510601 v _2423_/X (sky130_fd_sc_hd__a21o_1)
                                                         _0177_ (net)
                      0.040442    0.000254    6.510855 v _2426_/B (sky130_fd_sc_hd__xnor2_1)
     1    0.003225    0.040883    0.080503    6.591358 v _2426_/Y (sky130_fd_sc_hd__xnor2_1)
                                                         _0179_ (net)
                      0.040883    0.000073    6.591431 v _2427_/A1 (sky130_fd_sc_hd__mux2_1)
     1    0.003011    0.038783    0.150325    6.741756 v _2427_/X (sky130_fd_sc_hd__mux2_1)
                                                         _0024_ (net)
                      0.038783    0.000091    6.741847 v _3237_/D (sky130_fd_sc_hd__dfrtp_4)
                                              6.741847   data arrival time

                                160.000000  160.000000   clock clk (rise edge)
                                  0.000000  160.000000   clock source latency
     2    0.041062    0.000000    0.000000  160.000000 ^ clk (in)
                                                         clk (net)
                      0.002172    0.001080  160.001083 ^ clkbuf_0_clk/A (sky130_fd_sc_hd__clkbuf_16)
    17    0.165256    0.137099    0.153094  160.154175 ^ clkbuf_0_clk/X (sky130_fd_sc_hd__clkbuf_16)
                                                         clknet_0_clk (net)
                      0.137754    0.007617  160.161789 ^ clkbuf_3_3__f_clk/A (sky130_fd_sc_hd__clkbuf_16)
    35    0.096707    0.087371    0.153591  160.315384 ^ clkbuf_3_3__f_clk/X (sky130_fd_sc_hd__clkbuf_16)
                                                         clknet_3_3__leaf_clk (net)
                      0.087600    0.003610  160.319000 ^ _3237_/CLK (sky130_fd_sc_hd__dfrtp_4)
                                 -0.100000  160.218994   clock uncertainty
                                  0.000000  160.218994   clock reconvergence pessimism
                                 -0.069693  160.149307   library setup time
                                            160.149307   data required time
---------------------------------------------------------------------------------------------
                                            160.149307   data required time
                                             -6.741847   data arrival time
---------------------------------------------------------------------------------------------
                                            153.407455   slack (MET)




===========================================================================
report_checks --slack_max -0.01
============================================================================
======================= nom_ff_n40C_1v95 Corner ===================================

No paths found.


===========================================================================
 report_check_types -max_slew -max_cap -max_fanout -violators
============================================================================
======================= nom_ff_n40C_1v95 Corner ===================================



===========================================================================
report_parasitic_annotation -report_unannotated
============================================================================
Found 7 unannotated drivers.
 clkload0/Y
 clkload1/Y
 clkload2/Y
 clkload3/Y
 clkload4/Y
 clkload5/Y
 clkload6/Y
Found 0 partially unannotated drivers.

===========================================================================
max slew violation count 0
max fanout violation count 0
max cap violation count 0
============================================================================

===========================================================================
check_setup -verbose -unconstrained_endpoints -multiple_clock -no_clock -no_input_delay -loops -generated_clocks
===========================================================================
Warning: There are 36 input ports missing set_input_delay.
  A_in[0]
  A_in[10]
  A_in[11]
  A_in[12]
  A_in[13]
  A_in[14]
  A_in[15]
  A_in[1]
  A_in[2]
  A_in[3]
  A_in[4]
  A_in[5]
  A_in[6]
  A_in[7]
  A_in[8]
  A_in[9]
  B_in[0]
  B_in[10]
  B_in[11]
  B_in[12]
  B_in[13]
  B_in[14]
  B_in[15]
  B_in[1]
  B_in[2]
  B_in[3]
  B_in[4]
  B_in[5]
  B_in[6]
  B_in[7]
  B_in[8]
  B_in[9]
  Op_Sel[0]
  Op_Sel[1]
  Start
  rst_n
Warning: There are 17 unconstrained endpoints.
  Done
  X_out[0]
  X_out[10]
  X_out[11]
  X_out[12]
  X_out[13]
  X_out[14]
  X_out[15]
  X_out[1]
  X_out[2]
  X_out[3]
  X_out[4]
  X_out[5]
  X_out[6]
  X_out[7]
  X_out[8]
  X_out[9]
