
===========================================================================
report_checks -unconstrained
===========================================================================
======================= max_ss_100C_1v60 Corner ===================================

Startpoint: _3302_ (rising edge-triggered flip-flop clocked by clk)
Endpoint: _3238_ (rising edge-triggered flip-flop clocked by clk)
Path Group: clk
Path Type: max

Fanout         Cap        Slew       Delay        Time   Description
---------------------------------------------------------------------------------------------
                                  0.000000    0.000000   clock clk (rise edge)
                                  0.000000    0.000000   clock source latency
     2    0.042243    0.000000    0.000000    0.000000 ^ clk (in)
                                                         clk (net)
                      0.003048    0.001524    0.001524 ^ clkbuf_0_clk/A (sky130_fd_sc_hd__clkbuf_16)
    17    0.174169    0.283484    0.358830    0.360354 ^ clkbuf_0_clk/X (sky130_fd_sc_hd__clkbuf_16)
                                                         clknet_0_clk (net)
                      0.284809    0.015786    0.376139 ^ clkbuf_3_0__f_clk/A (sky130_fd_sc_hd__clkbuf_16)
    25    0.099621    0.176091    0.408550    0.784689 ^ clkbuf_3_0__f_clk/X (sky130_fd_sc_hd__clkbuf_16)
                                                         clknet_3_0__leaf_clk (net)
                      0.176392    0.006380    0.791070 ^ _3302_/CLK (sky130_fd_sc_hd__dfrtp_4)
     6    0.025754    0.167826    1.118029    1.909099 v _3302_/Q (sky130_fd_sc_hd__dfrtp_4)
                                                         B_reg[12] (net)
                      0.167826    0.002490    1.911588 v _1910_/C (sky130_fd_sc_hd__and3_1)
     3    0.007316    0.107414    0.449238    2.360826 v _1910_/X (sky130_fd_sc_hd__and3_1)
                                                         _1175_ (net)
                      0.107414    0.000501    2.361327 v _2300_/A (sky130_fd_sc_hd__or4_4)
     4    0.009413    0.172255    1.092716    3.454043 v _2300_/X (sky130_fd_sc_hd__or4_4)
                                                         _1553_ (net)
                      0.172255    0.000536    3.454580 v _2304_/A1 (sky130_fd_sc_hd__a21o_1)
     3    0.007654    0.097868    0.368865    3.823445 v _2304_/X (sky130_fd_sc_hd__a21o_1)
                                                         _1557_ (net)
                      0.097868    0.000429    3.823874 v _2307_/A2 (sky130_fd_sc_hd__a21oi_1)
     3    0.010739    0.408039    0.422747    4.246622 ^ _2307_/Y (sky130_fd_sc_hd__a21oi_1)
                                                         _1560_ (net)
                      0.408039    0.000379    4.247001 ^ _2311_/B (sky130_fd_sc_hd__xor2_1)
     3    0.011725    0.440817    0.548255    4.795256 ^ _2311_/X (sky130_fd_sc_hd__xor2_1)
                                                         _1564_ (net)
                      0.440819    0.000771    4.796026 ^ _2313_/A2 (sky130_fd_sc_hd__a21o_1)
     4    0.010982    0.166593    0.424673    5.220700 ^ _2313_/X (sky130_fd_sc_hd__a21o_1)
                                                         _1566_ (net)
                      0.166593    0.000588    5.221288 ^ _2318_/A1 (sky130_fd_sc_hd__a21oi_1)
     3    0.011600    0.216961    0.261149    5.482437 v _2318_/Y (sky130_fd_sc_hd__a21oi_1)
                                                         _1571_ (net)
                      0.216961    0.000638    5.483075 v _2321_/B (sky130_fd_sc_hd__or3_4)
     2    0.007087    0.128096    0.787027    6.270103 v _2321_/X (sky130_fd_sc_hd__or3_4)
                                                         _1574_ (net)
                      0.128096    0.000433    6.270535 v _2326_/A1 (sky130_fd_sc_hd__a21o_1)
     4    0.011150    0.126211    0.375909    6.646443 v _2326_/X (sky130_fd_sc_hd__a21o_1)
                                                         _1579_ (net)
                      0.126216    0.000894    6.647337 v _2328_/B (sky130_fd_sc_hd__and3_1)
     2    0.006056    0.097400    0.389341    7.036678 v _2328_/X (sky130_fd_sc_hd__and3_1)
                                                         _1581_ (net)
                      0.097400    0.000394    7.037073 v _2330_/A (sky130_fd_sc_hd__or3_4)
     3    0.007193    0.128379    0.775090    7.812163 v _2330_/X (sky130_fd_sc_hd__or3_4)
                                                         _1583_ (net)
                      0.128380    0.000425    7.812588 v _2334_/A1 (sky130_fd_sc_hd__a21o_1)
     3    0.007076    0.093368    0.345443    8.158031 v _2334_/X (sky130_fd_sc_hd__a21o_1)
                                                         _1587_ (net)
                      0.093368    0.000399    8.158430 v _2338_/A (sky130_fd_sc_hd__and3_1)
     2    0.007409    0.108145    0.343267    8.501697 v _2338_/X (sky130_fd_sc_hd__and3_1)
                                                         _1591_ (net)
                      0.108145    0.000424    8.502120 v _2345_/C (sky130_fd_sc_hd__or3_4)
     3    0.008475    0.131409    0.683222    9.185343 v _2345_/X (sky130_fd_sc_hd__or3_4)
                                                         _1598_ (net)
                      0.131409    0.000327    9.185669 v _2347_/A1 (sky130_fd_sc_hd__a21o_1)
     4    0.011831    0.131870    0.382533    9.568203 v _2347_/X (sky130_fd_sc_hd__a21o_1)
                                                         _1600_ (net)
                      0.131875    0.000893    9.569095 v _2350_/B (sky130_fd_sc_hd__and3_1)
     2    0.008073    0.113635    0.409035    9.978129 v _2350_/X (sky130_fd_sc_hd__and3_1)
                                                         _1603_ (net)
                      0.113635    0.000517    9.978646 v _2352_/C (sky130_fd_sc_hd__or3_4)
     3    0.010683    0.136824    0.695840   10.674486 v _2352_/X (sky130_fd_sc_hd__or3_4)
                                                         _0106_ (net)
                      0.136824    0.000660   10.675146 v _2355_/A1 (sky130_fd_sc_hd__a21o_1)
     4    0.010807    0.123277    0.377267   11.052414 v _2355_/X (sky130_fd_sc_hd__a21o_1)
                                                         _0109_ (net)
                      0.123278    0.000583   11.052997 v _2362_/A (sky130_fd_sc_hd__and3_1)
     2    0.007032    0.105114    0.354444   11.407440 v _2362_/X (sky130_fd_sc_hd__and3_1)
                                                         _0116_ (net)
                      0.105115    0.000557   11.407996 v _2364_/C (sky130_fd_sc_hd__or3_4)
     3    0.008405    0.131291    0.681792   12.089789 v _2364_/X (sky130_fd_sc_hd__or3_4)
                                                         _0118_ (net)
                      0.131291    0.000575   12.090364 v _2366_/A1 (sky130_fd_sc_hd__a21o_1)
     4    0.010830    0.123476    0.375021   12.465384 v _2366_/X (sky130_fd_sc_hd__a21o_1)
                                                         _0120_ (net)
                      0.123477    0.000570   12.465955 v _2370_/A (sky130_fd_sc_hd__and3_1)
     2    0.005471    0.092820    0.341860   12.807815 v _2370_/X (sky130_fd_sc_hd__and3_1)
                                                         _0124_ (net)
                      0.092869    0.000327   12.808142 v _2372_/C (sky130_fd_sc_hd__or3_4)
     3    0.009143    0.133184    0.681265   13.489407 v _2372_/X (sky130_fd_sc_hd__or3_4)
                                                         _0126_ (net)
                      0.133184    0.000540   13.489946 v _2378_/A1 (sky130_fd_sc_hd__a21o_1)
     4    0.010638    0.121964    0.374321   13.864267 v _2378_/X (sky130_fd_sc_hd__a21o_1)
                                                         _0132_ (net)
                      0.121966    0.000660   13.864927 v _2383_/A (sky130_fd_sc_hd__and3_1)
     2    0.008387    0.116243    0.364886   14.229814 v _2383_/X (sky130_fd_sc_hd__and3_1)
                                                         _0137_ (net)
                      0.116243    0.000536   14.230350 v _2385_/C (sky130_fd_sc_hd__or3_4)
     3    0.008438    0.131275    0.685779   14.916129 v _2385_/X (sky130_fd_sc_hd__or3_4)
                                                         _0139_ (net)
                      0.131275    0.000430   14.916559 v _2387_/A1 (sky130_fd_sc_hd__a21o_1)
     4    0.012737    0.139299    0.389443   15.306003 v _2387_/X (sky130_fd_sc_hd__a21o_1)
                                                         _0141_ (net)
                      0.139299    0.000389   15.306392 v _2390_/A (sky130_fd_sc_hd__and3_1)
     3    0.012860    0.150655    0.409646   15.716037 v _2390_/X (sky130_fd_sc_hd__and3_1)
                                                         _0144_ (net)
                      0.150655    0.000560   15.716597 v _2392_/C (sky130_fd_sc_hd__or3_4)
     3    0.007028    0.127674    0.690532   16.407129 v _2392_/X (sky130_fd_sc_hd__or3_4)
                                                         _0146_ (net)
                      0.127674    0.000400   16.407528 v _2397_/A1 (sky130_fd_sc_hd__a21o_1)
     4    0.011081    0.125498    0.375417   16.782946 v _2397_/X (sky130_fd_sc_hd__a21o_1)
                                                         _0151_ (net)
                      0.125498    0.000513   16.783459 v _2406_/A (sky130_fd_sc_hd__and3_1)
     2    0.006813    0.103334    0.353745   17.137203 v _2406_/X (sky130_fd_sc_hd__and3_1)
                                                         _0160_ (net)
                      0.103334    0.000393   17.137596 v _2408_/C (sky130_fd_sc_hd__or3_4)
     3    0.007382    0.128737    0.676200   17.813797 v _2408_/X (sky130_fd_sc_hd__or3_4)
                                                         _0162_ (net)
                      0.128737    0.000350   17.814148 v _2410_/A1 (sky130_fd_sc_hd__a21o_1)
     3    0.007547    0.096988    0.349164   18.163311 v _2410_/X (sky130_fd_sc_hd__a21o_1)
                                                         _0164_ (net)
                      0.096988    0.000414   18.163725 v _2413_/A (sky130_fd_sc_hd__and3_1)
     2    0.006377    0.099872    0.336589   18.500315 v _2413_/X (sky130_fd_sc_hd__and3_1)
                                                         _0167_ (net)
                      0.099872    0.000343   18.500658 v _2415_/C (sky130_fd_sc_hd__or3_4)
     3    0.006748    0.127207    0.671911   19.172567 v _2415_/X (sky130_fd_sc_hd__or3_4)
                                                         _0169_ (net)
                      0.127207    0.000364   19.172932 v _2420_/A1 (sky130_fd_sc_hd__a21o_1)
     4    0.012354    0.136126    0.384754   19.557686 v _2420_/X (sky130_fd_sc_hd__a21o_1)
                                                         _0174_ (net)
                      0.136127    0.000584   19.558270 v _2428_/A1 (sky130_fd_sc_hd__a21bo_1)
     1    0.004380    0.075486    0.347697   19.905968 v _2428_/X (sky130_fd_sc_hd__a21bo_1)
                                                         _0180_ (net)
                      0.075486    0.000204   19.906172 v _2429_/B (sky130_fd_sc_hd__xor2_1)
     1    0.002640    0.122176    0.262188   20.168360 v _2429_/X (sky130_fd_sc_hd__xor2_1)
                                                         _0181_ (net)
                      0.122176    0.000123   20.168482 v _2430_/A1 (sky130_fd_sc_hd__mux2_4)
     1    0.002343    0.076908    0.483515   20.651999 v _2430_/X (sky130_fd_sc_hd__mux2_4)
                                                         _0025_ (net)
                      0.076908    0.000108   20.652107 v _3238_/D (sky130_fd_sc_hd__dfrtp_4)
                                             20.652107   data arrival time

                                 15.000000   15.000000   clock clk (rise edge)
                                  0.000000   15.000000   clock source latency
     2    0.042243    0.000000    0.000000   15.000000 ^ clk (in)
                                                         clk (net)
                      0.003048    0.001524   15.001524 ^ clkbuf_0_clk/A (sky130_fd_sc_hd__clkbuf_16)
    17    0.174169    0.283484    0.358829   15.360353 ^ clkbuf_0_clk/X (sky130_fd_sc_hd__clkbuf_16)
                                                         clknet_0_clk (net)
                      0.284716    0.015239   15.375593 ^ clkbuf_3_3__f_clk/A (sky130_fd_sc_hd__clkbuf_16)
    35    0.102273    0.180683    0.410049   15.785642 ^ clkbuf_3_3__f_clk/X (sky130_fd_sc_hd__clkbuf_16)
                                                         clknet_3_3__leaf_clk (net)
                      0.181272    0.007514   15.793156 ^ _3238_/CLK (sky130_fd_sc_hd__dfrtp_4)
                                 -0.100000   15.693155   clock uncertainty
                                  0.000000   15.693155   clock reconvergence pessimism
                                 -0.248081   15.445075   library setup time
                                             15.445075   data required time
---------------------------------------------------------------------------------------------
                                             15.445075   data required time
                                            -20.652107   data arrival time
---------------------------------------------------------------------------------------------
                                             -5.207031   slack (VIOLATED)




===========================================================================
report_checks --slack_max -0.01
============================================================================
======================= max_ss_100C_1v60 Corner ===================================

Startpoint: _3302_ (rising edge-triggered flip-flop clocked by clk)
Endpoint: _3238_ (rising edge-triggered flip-flop clocked by clk)
Path Group: clk
Path Type: max

Fanout         Cap        Slew       Delay        Time   Description
---------------------------------------------------------------------------------------------
                                  0.000000    0.000000   clock clk (rise edge)
                                  0.000000    0.000000   clock source latency
     2    0.042243    0.000000    0.000000    0.000000 ^ clk (in)
                                                         clk (net)
                      0.003048    0.001524    0.001524 ^ clkbuf_0_clk/A (sky130_fd_sc_hd__clkbuf_16)
    17    0.174169    0.283484    0.358830    0.360354 ^ clkbuf_0_clk/X (sky130_fd_sc_hd__clkbuf_16)
                                                         clknet_0_clk (net)
                      0.284809    0.015786    0.376139 ^ clkbuf_3_0__f_clk/A (sky130_fd_sc_hd__clkbuf_16)
    25    0.099621    0.176091    0.408550    0.784689 ^ clkbuf_3_0__f_clk/X (sky130_fd_sc_hd__clkbuf_16)
                                                         clknet_3_0__leaf_clk (net)
                      0.176392    0.006380    0.791070 ^ _3302_/CLK (sky130_fd_sc_hd__dfrtp_4)
     6    0.025754    0.167826    1.118029    1.909099 v _3302_/Q (sky130_fd_sc_hd__dfrtp_4)
                                                         B_reg[12] (net)
                      0.167826    0.002490    1.911588 v _1910_/C (sky130_fd_sc_hd__and3_1)
     3    0.007316    0.107414    0.449238    2.360826 v _1910_/X (sky130_fd_sc_hd__and3_1)
                                                         _1175_ (net)
                      0.107414    0.000501    2.361327 v _2300_/A (sky130_fd_sc_hd__or4_4)
     4    0.009413    0.172255    1.092716    3.454043 v _2300_/X (sky130_fd_sc_hd__or4_4)
                                                         _1553_ (net)
                      0.172255    0.000536    3.454580 v _2304_/A1 (sky130_fd_sc_hd__a21o_1)
     3    0.007654    0.097868    0.368865    3.823445 v _2304_/X (sky130_fd_sc_hd__a21o_1)
                                                         _1557_ (net)
                      0.097868    0.000429    3.823874 v _2307_/A2 (sky130_fd_sc_hd__a21oi_1)
     3    0.010739    0.408039    0.422747    4.246622 ^ _2307_/Y (sky130_fd_sc_hd__a21oi_1)
                                                         _1560_ (net)
                      0.408039    0.000379    4.247001 ^ _2311_/B (sky130_fd_sc_hd__xor2_1)
     3    0.011725    0.440817    0.548255    4.795256 ^ _2311_/X (sky130_fd_sc_hd__xor2_1)
                                                         _1564_ (net)
                      0.440819    0.000771    4.796026 ^ _2313_/A2 (sky130_fd_sc_hd__a21o_1)
     4    0.010982    0.166593    0.424673    5.220700 ^ _2313_/X (sky130_fd_sc_hd__a21o_1)
                                                         _1566_ (net)
                      0.166593    0.000588    5.221288 ^ _2318_/A1 (sky130_fd_sc_hd__a21oi_1)
     3    0.011600    0.216961    0.261149    5.482437 v _2318_/Y (sky130_fd_sc_hd__a21oi_1)
                                                         _1571_ (net)
                      0.216961    0.000638    5.483075 v _2321_/B (sky130_fd_sc_hd__or3_4)
     2    0.007087    0.128096    0.787027    6.270103 v _2321_/X (sky130_fd_sc_hd__or3_4)
                                                         _1574_ (net)
                      0.128096    0.000433    6.270535 v _2326_/A1 (sky130_fd_sc_hd__a21o_1)
     4    0.011150    0.126211    0.375909    6.646443 v _2326_/X (sky130_fd_sc_hd__a21o_1)
                                                         _1579_ (net)
                      0.126216    0.000894    6.647337 v _2328_/B (sky130_fd_sc_hd__and3_1)
     2    0.006056    0.097400    0.389341    7.036678 v _2328_/X (sky130_fd_sc_hd__and3_1)
                                                         _1581_ (net)
                      0.097400    0.000394    7.037073 v _2330_/A (sky130_fd_sc_hd__or3_4)
     3    0.007193    0.128379    0.775090    7.812163 v _2330_/X (sky130_fd_sc_hd__or3_4)
                                                         _1583_ (net)
                      0.128380    0.000425    7.812588 v _2334_/A1 (sky130_fd_sc_hd__a21o_1)
     3    0.007076    0.093368    0.345443    8.158031 v _2334_/X (sky130_fd_sc_hd__a21o_1)
                                                         _1587_ (net)
                      0.093368    0.000399    8.158430 v _2338_/A (sky130_fd_sc_hd__and3_1)
     2    0.007409    0.108145    0.343267    8.501697 v _2338_/X (sky130_fd_sc_hd__and3_1)
                                                         _1591_ (net)
                      0.108145    0.000424    8.502120 v _2345_/C (sky130_fd_sc_hd__or3_4)
     3    0.008475    0.131409    0.683222    9.185343 v _2345_/X (sky130_fd_sc_hd__or3_4)
                                                         _1598_ (net)
                      0.131409    0.000327    9.185669 v _2347_/A1 (sky130_fd_sc_hd__a21o_1)
     4    0.011831    0.131870    0.382533    9.568203 v _2347_/X (sky130_fd_sc_hd__a21o_1)
                                                         _1600_ (net)
                      0.131875    0.000893    9.569095 v _2350_/B (sky130_fd_sc_hd__and3_1)
     2    0.008073    0.113635    0.409035    9.978129 v _2350_/X (sky130_fd_sc_hd__and3_1)
                                                         _1603_ (net)
                      0.113635    0.000517    9.978646 v _2352_/C (sky130_fd_sc_hd__or3_4)
     3    0.010683    0.136824    0.695840   10.674486 v _2352_/X (sky130_fd_sc_hd__or3_4)
                                                         _0106_ (net)
                      0.136824    0.000660   10.675146 v _2355_/A1 (sky130_fd_sc_hd__a21o_1)
     4    0.010807    0.123277    0.377267   11.052414 v _2355_/X (sky130_fd_sc_hd__a21o_1)
                                                         _0109_ (net)
                      0.123278    0.000583   11.052997 v _2362_/A (sky130_fd_sc_hd__and3_1)
     2    0.007032    0.105114    0.354444   11.407440 v _2362_/X (sky130_fd_sc_hd__and3_1)
                                                         _0116_ (net)
                      0.105115    0.000557   11.407996 v _2364_/C (sky130_fd_sc_hd__or3_4)
     3    0.008405    0.131291    0.681792   12.089789 v _2364_/X (sky130_fd_sc_hd__or3_4)
                                                         _0118_ (net)
                      0.131291    0.000575   12.090364 v _2366_/A1 (sky130_fd_sc_hd__a21o_1)
     4    0.010830    0.123476    0.375021   12.465384 v _2366_/X (sky130_fd_sc_hd__a21o_1)
                                                         _0120_ (net)
                      0.123477    0.000570   12.465955 v _2370_/A (sky130_fd_sc_hd__and3_1)
     2    0.005471    0.092820    0.341860   12.807815 v _2370_/X (sky130_fd_sc_hd__and3_1)
                                                         _0124_ (net)
                      0.092869    0.000327   12.808142 v _2372_/C (sky130_fd_sc_hd__or3_4)
     3    0.009143    0.133184    0.681265   13.489407 v _2372_/X (sky130_fd_sc_hd__or3_4)
                                                         _0126_ (net)
                      0.133184    0.000540   13.489946 v _2378_/A1 (sky130_fd_sc_hd__a21o_1)
     4    0.010638    0.121964    0.374321   13.864267 v _2378_/X (sky130_fd_sc_hd__a21o_1)
                                                         _0132_ (net)
                      0.121966    0.000660   13.864927 v _2383_/A (sky130_fd_sc_hd__and3_1)
     2    0.008387    0.116243    0.364886   14.229814 v _2383_/X (sky130_fd_sc_hd__and3_1)
                                                         _0137_ (net)
                      0.116243    0.000536   14.230350 v _2385_/C (sky130_fd_sc_hd__or3_4)
     3    0.008438    0.131275    0.685779   14.916129 v _2385_/X (sky130_fd_sc_hd__or3_4)
                                                         _0139_ (net)
                      0.131275    0.000430   14.916559 v _2387_/A1 (sky130_fd_sc_hd__a21o_1)
     4    0.012737    0.139299    0.389443   15.306003 v _2387_/X (sky130_fd_sc_hd__a21o_1)
                                                         _0141_ (net)
                      0.139299    0.000389   15.306392 v _2390_/A (sky130_fd_sc_hd__and3_1)
     3    0.012860    0.150655    0.409646   15.716037 v _2390_/X (sky130_fd_sc_hd__and3_1)
                                                         _0144_ (net)
                      0.150655    0.000560   15.716597 v _2392_/C (sky130_fd_sc_hd__or3_4)
     3    0.007028    0.127674    0.690532   16.407129 v _2392_/X (sky130_fd_sc_hd__or3_4)
                                                         _0146_ (net)
                      0.127674    0.000400   16.407528 v _2397_/A1 (sky130_fd_sc_hd__a21o_1)
     4    0.011081    0.125498    0.375417   16.782946 v _2397_/X (sky130_fd_sc_hd__a21o_1)
                                                         _0151_ (net)
                      0.125498    0.000513   16.783459 v _2406_/A (sky130_fd_sc_hd__and3_1)
     2    0.006813    0.103334    0.353745   17.137203 v _2406_/X (sky130_fd_sc_hd__and3_1)
                                                         _0160_ (net)
                      0.103334    0.000393   17.137596 v _2408_/C (sky130_fd_sc_hd__or3_4)
     3    0.007382    0.128737    0.676200   17.813797 v _2408_/X (sky130_fd_sc_hd__or3_4)
                                                         _0162_ (net)
                      0.128737    0.000350   17.814148 v _2410_/A1 (sky130_fd_sc_hd__a21o_1)
     3    0.007547    0.096988    0.349164   18.163311 v _2410_/X (sky130_fd_sc_hd__a21o_1)
                                                         _0164_ (net)
                      0.096988    0.000414   18.163725 v _2413_/A (sky130_fd_sc_hd__and3_1)
     2    0.006377    0.099872    0.336589   18.500315 v _2413_/X (sky130_fd_sc_hd__and3_1)
                                                         _0167_ (net)
                      0.099872    0.000343   18.500658 v _2415_/C (sky130_fd_sc_hd__or3_4)
     3    0.006748    0.127207    0.671911   19.172567 v _2415_/X (sky130_fd_sc_hd__or3_4)
                                                         _0169_ (net)
                      0.127207    0.000364   19.172932 v _2420_/A1 (sky130_fd_sc_hd__a21o_1)
     4    0.012354    0.136126    0.384754   19.557686 v _2420_/X (sky130_fd_sc_hd__a21o_1)
                                                         _0174_ (net)
                      0.136127    0.000584   19.558270 v _2428_/A1 (sky130_fd_sc_hd__a21bo_1)
     1    0.004380    0.075486    0.347697   19.905968 v _2428_/X (sky130_fd_sc_hd__a21bo_1)
                                                         _0180_ (net)
                      0.075486    0.000204   19.906172 v _2429_/B (sky130_fd_sc_hd__xor2_1)
     1    0.002640    0.122176    0.262188   20.168360 v _2429_/X (sky130_fd_sc_hd__xor2_1)
                                                         _0181_ (net)
                      0.122176    0.000123   20.168482 v _2430_/A1 (sky130_fd_sc_hd__mux2_4)
     1    0.002343    0.076908    0.483515   20.651999 v _2430_/X (sky130_fd_sc_hd__mux2_4)
                                                         _0025_ (net)
                      0.076908    0.000108   20.652107 v _3238_/D (sky130_fd_sc_hd__dfrtp_4)
                                             20.652107   data arrival time

                                 15.000000   15.000000   clock clk (rise edge)
                                  0.000000   15.000000   clock source latency
     2    0.042243    0.000000    0.000000   15.000000 ^ clk (in)
                                                         clk (net)
                      0.003048    0.001524   15.001524 ^ clkbuf_0_clk/A (sky130_fd_sc_hd__clkbuf_16)
    17    0.174169    0.283484    0.358829   15.360353 ^ clkbuf_0_clk/X (sky130_fd_sc_hd__clkbuf_16)
                                                         clknet_0_clk (net)
                      0.284716    0.015239   15.375593 ^ clkbuf_3_3__f_clk/A (sky130_fd_sc_hd__clkbuf_16)
    35    0.102273    0.180683    0.410049   15.785642 ^ clkbuf_3_3__f_clk/X (sky130_fd_sc_hd__clkbuf_16)
                                                         clknet_3_3__leaf_clk (net)
                      0.181272    0.007514   15.793156 ^ _3238_/CLK (sky130_fd_sc_hd__dfrtp_4)
                                 -0.100000   15.693155   clock uncertainty
                                  0.000000   15.693155   clock reconvergence pessimism
                                 -0.248081   15.445075   library setup time
                                             15.445075   data required time
---------------------------------------------------------------------------------------------
                                             15.445075   data required time
                                            -20.652107   data arrival time
---------------------------------------------------------------------------------------------
                                             -5.207031   slack (VIOLATED)




===========================================================================
 report_check_types -max_slew -max_cap -max_fanout -violators
============================================================================
======================= max_ss_100C_1v60 Corner ===================================



===========================================================================
report_parasitic_annotation -report_unannotated
============================================================================
Found 7 unannotated drivers.
 clkload0/Y
 clkload1/Y
 clkload2/Y
 clkload3/Y
 clkload4/Y
 clkload5/Y
 clkload6/Y
Found 0 partially unannotated drivers.

===========================================================================
max slew violation count 0
max fanout violation count 0
max cap violation count 0
============================================================================

===========================================================================
check_setup -verbose -unconstrained_endpoints -multiple_clock -no_clock -no_input_delay -loops -generated_clocks
===========================================================================
Warning: There are 36 input ports missing set_input_delay.
  A_in[0]
  A_in[10]
  A_in[11]
  A_in[12]
  A_in[13]
  A_in[14]
  A_in[15]
  A_in[1]
  A_in[2]
  A_in[3]
  A_in[4]
  A_in[5]
  A_in[6]
  A_in[7]
  A_in[8]
  A_in[9]
  B_in[0]
  B_in[10]
  B_in[11]
  B_in[12]
  B_in[13]
  B_in[14]
  B_in[15]
  B_in[1]
  B_in[2]
  B_in[3]
  B_in[4]
  B_in[5]
  B_in[6]
  B_in[7]
  B_in[8]
  B_in[9]
  Op_Sel[0]
  Op_Sel[1]
  Start
  rst_n
Warning: There are 17 unconstrained endpoints.
  Done
  X_out[0]
  X_out[10]
  X_out[11]
  X_out[12]
  X_out[13]
  X_out[14]
  X_out[15]
  X_out[1]
  X_out[2]
  X_out[3]
  X_out[4]
  X_out[5]
  X_out[6]
  X_out[7]
  X_out[8]
  X_out[9]
