
===========================================================================
report_checks -unconstrained
===========================================================================
======================= max_ss_100C_1v60 Corner ===================================

Startpoint: _3302_ (rising edge-triggered flip-flop clocked by clk)
Endpoint: _3228_ (rising edge-triggered flip-flop clocked by clk)
Path Group: clk
Path Type: max

Fanout         Cap        Slew       Delay        Time   Description
---------------------------------------------------------------------------------------------
                                  0.000000    0.000000   clock clk (rise edge)
                                  0.000000    0.000000   clock source latency
     2    0.043633    0.000000    0.000000    0.000000 ^ clk (in)
                                                         clk (net)
                      0.003151    0.001575    0.001575 ^ clkbuf_0_clk/A (sky130_fd_sc_hd__clkbuf_16)
    17    0.172583    0.280522    0.358496    0.360071 ^ clkbuf_0_clk/X (sky130_fd_sc_hd__clkbuf_16)
                                                         clknet_0_clk (net)
                      0.281403    0.012866    0.372938 ^ clkbuf_3_0__f_clk/A (sky130_fd_sc_hd__clkbuf_16)
    25    0.095659    0.171205    0.402348    0.775286 ^ clkbuf_3_0__f_clk/X (sky130_fd_sc_hd__clkbuf_16)
                                                         clknet_3_0__leaf_clk (net)
                      0.171983    0.008471    0.783756 ^ _3302_/CLK (sky130_fd_sc_hd__dfrtp_4)
     6    0.021707    0.158938    1.099591    1.883347 v _3302_/Q (sky130_fd_sc_hd__dfrtp_4)
                                                         B_reg[12] (net)
                      0.158938    0.000664    1.884012 v rebuffer15/A (sky130_fd_sc_hd__dlygate4sd1_1)
     1    0.001746    0.052693    0.503390    2.387402 v rebuffer15/X (sky130_fd_sc_hd__dlygate4sd1_1)
                                                         net68 (net)
                      0.052693    0.000081    2.387483 v rebuffer14/A (sky130_fd_sc_hd__dlygate4sd1_1)
     1    0.002496    0.058639    0.461063    2.848546 v rebuffer14/X (sky130_fd_sc_hd__dlygate4sd1_1)
                                                         net67 (net)
                      0.058639    0.000169    2.848714 v rebuffer13/A (sky130_fd_sc_hd__dlygate4sd1_1)
     1    0.001966    0.054566    0.457975    3.306690 v rebuffer13/X (sky130_fd_sc_hd__dlygate4sd1_1)
                                                         net66 (net)
                      0.054566    0.000131    3.306821 v rebuffer12/A (sky130_fd_sc_hd__dlygate4sd1_1)
     1    0.002190    0.055944    0.458610    3.765431 v rebuffer12/X (sky130_fd_sc_hd__dlygate4sd1_1)
                                                         net65 (net)
                      0.055944    0.000139    3.765570 v rebuffer11/A (sky130_fd_sc_hd__dlygate4sd1_1)
     1    0.001720    0.052668    0.454190    4.219760 v rebuffer11/X (sky130_fd_sc_hd__dlygate4sd1_1)
                                                         net64 (net)
                      0.052668    0.000079    4.219839 v rebuffer10/A (sky130_fd_sc_hd__dlygate4sd1_1)
     1    0.002587    0.059341    0.462038    4.681877 v rebuffer10/X (sky130_fd_sc_hd__dlygate4sd1_1)
                                                         net63 (net)
                      0.059341    0.000157    4.682034 v rebuffer9/A (sky130_fd_sc_hd__dlygate4sd1_1)
     1    0.004555    0.075974    0.485634    5.167668 v rebuffer9/X (sky130_fd_sc_hd__dlygate4sd1_1)
                                                         net62 (net)
                      0.075974    0.000245    5.167912 v rebuffer8/A (sky130_fd_sc_hd__dlygate4sd1_1)
     1    0.003436    0.066412    0.481134    5.649046 v rebuffer8/X (sky130_fd_sc_hd__dlygate4sd1_1)
                                                         net61 (net)
                      0.066412    0.000230    5.649276 v split4/A (sky130_fd_sc_hd__buf_1)
     4    0.024263    0.278421    0.332347    5.981623 v split4/X (sky130_fd_sc_hd__buf_1)
                                                         net57 (net)
                      0.278427    0.001649    5.983273 v _2000_/A (sky130_fd_sc_hd__or2_1)
     2    0.005376    0.121164    0.612846    6.596119 v _2000_/X (sky130_fd_sc_hd__or2_1)
                                                         _1262_ (net)
                      0.121164    0.000303    6.596422 v _2002_/B2 (sky130_fd_sc_hd__a2bb2o_1)
     3    0.008784    0.153591    0.620785    7.217207 v _2002_/X (sky130_fd_sc_hd__a2bb2o_1)
                                                         _1264_ (net)
                      0.153591    0.000520    7.217728 v _2005_/A1 (sky130_fd_sc_hd__a21o_1)
     3    0.009917    0.116039    0.377815    7.595542 v _2005_/X (sky130_fd_sc_hd__a21o_1)
                                                         _1267_ (net)
                      0.116039    0.000478    7.596020 v _2007_/B (sky130_fd_sc_hd__and3_1)
     4    0.010820    0.137051    0.424222    8.020242 v _2007_/X (sky130_fd_sc_hd__and3_1)
                                                         _1269_ (net)
                      0.137052    0.000592    8.020834 v _2011_/A1 (sky130_fd_sc_hd__o21ba_1)
     3    0.011168    0.135997    0.431605    8.452439 v _2011_/X (sky130_fd_sc_hd__o21ba_1)
                                                         _1273_ (net)
                      0.135999    0.000657    8.453096 v _2017_/B (sky130_fd_sc_hd__xnor2_1)
     3    0.009484    0.189201    0.310824    8.763921 v _2017_/Y (sky130_fd_sc_hd__xnor2_1)
                                                         _1279_ (net)
                      0.189201    0.000534    8.764454 v _2019_/B1 (sky130_fd_sc_hd__o2bb2a_1)
     2    0.005960    0.134442    0.716096    9.480550 v _2019_/X (sky130_fd_sc_hd__o2bb2a_1)
                                                         _1281_ (net)
                      0.134442    0.000377    9.480927 v _2020_/A2 (sky130_fd_sc_hd__o21a_1)
     1    0.002540    0.062659    0.329321    9.810247 v _2020_/X (sky130_fd_sc_hd__o21a_1)
                                                         _1282_ (net)
                      0.062659    0.000163    9.810410 v _2024_/B (sky130_fd_sc_hd__or3b_1)
     4    0.009792    0.210475    0.902019   10.712429 v _2024_/X (sky130_fd_sc_hd__or3b_1)
                                                         _1286_ (net)
                      0.210475    0.000515   10.712944 v _2028_/A2 (sky130_fd_sc_hd__a21bo_1)
     3    0.015117    0.155548    0.492891   11.205834 v _2028_/X (sky130_fd_sc_hd__a21bo_1)
                                                         _1290_ (net)
                      0.155552    0.001035   11.206869 v _2031_/B (sky130_fd_sc_hd__xnor2_2)
     3    0.012026    0.163252    0.320558   11.527428 v _2031_/Y (sky130_fd_sc_hd__xnor2_2)
                                                         _1293_ (net)
                      0.163252    0.000598   11.528025 v _2036_/A2 (sky130_fd_sc_hd__a22o_1)
     1    0.005916    0.097867    0.479814   12.007838 v _2036_/X (sky130_fd_sc_hd__a22o_1)
                                                         _1298_ (net)
                      0.097867    0.000444   12.008283 v _2037_/A2 (sky130_fd_sc_hd__a21oi_2)
     3    0.012248    0.284690    0.339429   12.347712 ^ _2037_/Y (sky130_fd_sc_hd__a21oi_2)
                                                         _1299_ (net)
                      0.284690    0.000677   12.348389 ^ _2039_/C1 (sky130_fd_sc_hd__a311o_1)
     3    0.010545    0.210963    0.363938   12.712327 ^ _2039_/X (sky130_fd_sc_hd__a311o_1)
                                                         _1301_ (net)
                      0.210963    0.000706   12.713033 ^ _2044_/A1 (sky130_fd_sc_hd__a21oi_2)
     3    0.010463    0.124578    0.194395   12.907428 v _2044_/Y (sky130_fd_sc_hd__a21oi_2)
                                                         _1306_ (net)
                      0.124579    0.000634   12.908062 v _2047_/C (sky130_fd_sc_hd__or3_1)
     2    0.005191    0.162037    0.774419   13.682481 v _2047_/X (sky130_fd_sc_hd__or3_1)
                                                         _1309_ (net)
                      0.162037    0.000310   13.682791 v _2050_/B1 (sky130_fd_sc_hd__a2bb2o_2)
     2    0.012938    0.127931    0.609484   14.292274 v _2050_/X (sky130_fd_sc_hd__a2bb2o_2)
                                                         _1312_ (net)
                      0.127936    0.000995   14.293269 v _2052_/A2 (sky130_fd_sc_hd__a21oi_4)
     3    0.015780    0.252272    0.330829   14.624098 ^ _2052_/Y (sky130_fd_sc_hd__a21oi_4)
                                                         _1314_ (net)
                      0.252272    0.000722   14.624820 ^ _2056_/B (sky130_fd_sc_hd__xor2_2)
     2    0.009400    0.248600    0.353963   14.978783 ^ _2056_/X (sky130_fd_sc_hd__xor2_2)
                                                         _1318_ (net)
                      0.248600    0.000696   14.979480 ^ _2060_/A2 (sky130_fd_sc_hd__a21boi_2)
     2    0.012758    0.133994    0.224642   15.204121 v _2060_/Y (sky130_fd_sc_hd__a21boi_2)
                                                         _1322_ (net)
                      0.133999    0.000970   15.205091 v _2063_/B (sky130_fd_sc_hd__or2_1)
     1    0.008697    0.148795    0.548045   15.753136 v _2063_/X (sky130_fd_sc_hd__or2_1)
                                                         _1325_ (net)
                      0.148795    0.000421   15.753557 v _2067_/B (sky130_fd_sc_hd__xnor2_2)
     1    0.006590    0.217851    0.260219   16.013775 ^ _2067_/Y (sky130_fd_sc_hd__xnor2_2)
                                                         _1329_ (net)
                      0.217851    0.000526   16.014301 ^ _2068_/A2 (sky130_fd_sc_hd__a21oi_2)
     2    0.007768    0.103783    0.186848   16.201149 v _2068_/Y (sky130_fd_sc_hd__a21oi_2)
                                                         _1330_ (net)
                      0.103783    0.000382   16.201530 v _2069_/B (sky130_fd_sc_hd__or2_1)
     1    0.003143    0.099715    0.473221   16.674753 v _2069_/X (sky130_fd_sc_hd__or2_1)
                                                         _1331_ (net)
                      0.099715    0.000135   16.674889 v _2072_/B1 (sky130_fd_sc_hd__a22o_1)
     2    0.013359    0.156166    0.432967   17.107855 v _2072_/X (sky130_fd_sc_hd__a22o_1)
                                                         _1334_ (net)
                      0.156168    0.000901   17.108755 v _2074_/A2 (sky130_fd_sc_hd__a21oi_4)
     3    0.015154    0.240100    0.338328   17.447084 ^ _2074_/Y (sky130_fd_sc_hd__a21oi_4)
                                                         _1336_ (net)
                      0.240118    0.001403   17.448488 ^ _2077_/B (sky130_fd_sc_hd__xnor2_1)
     2    0.008817    0.380767    0.326702   17.775190 ^ _2077_/Y (sky130_fd_sc_hd__xnor2_1)
                                                         _1339_ (net)
                      0.380767    0.000467   17.775658 ^ _2078_/B (sky130_fd_sc_hd__nor2_1)
     2    0.006168    0.114876    0.206118   17.981775 v _2078_/Y (sky130_fd_sc_hd__nor2_1)
                                                         _1340_ (net)
                      0.114876    0.000181   17.981956 v _2079_/B (sky130_fd_sc_hd__or2_1)
     1    0.005354    0.120793    0.506301   18.488256 v _2079_/X (sky130_fd_sc_hd__or2_1)
                                                         _1341_ (net)
                      0.120793    0.000249   18.488506 v _2082_/A1 (sky130_fd_sc_hd__a21oi_2)
     2    0.008639    0.231262    0.281215   18.769720 ^ _2082_/Y (sky130_fd_sc_hd__a21oi_2)
                                                         _1344_ (net)
                      0.231262    0.000464   18.770184 ^ _2083_/B1 (sky130_fd_sc_hd__a31o_1)
     2    0.011528    0.203350    0.326649   19.096832 ^ _2083_/X (sky130_fd_sc_hd__a31o_1)
                                                         _1345_ (net)
                      0.203350    0.000638   19.097471 ^ _2084_/B (sky130_fd_sc_hd__nor2_1)
     3    0.007874    0.098430    0.162002   19.259472 v _2084_/Y (sky130_fd_sc_hd__nor2_1)
                                                         _1346_ (net)
                      0.098431    0.000492   19.259964 v _2087_/A1 (sky130_fd_sc_hd__o21a_1)
     2    0.006341    0.095996    0.380021   19.639986 v _2087_/X (sky130_fd_sc_hd__o21a_1)
                                                         _1349_ (net)
                      0.095996    0.000268   19.640255 v _2088_/B (sky130_fd_sc_hd__or2_1)
     2    0.007078    0.134397    0.516115   20.156370 v _2088_/X (sky130_fd_sc_hd__or2_1)
                                                         _1350_ (net)
                      0.134397    0.000302   20.156672 v _2091_/B (sky130_fd_sc_hd__xnor2_1)
     1    0.011376    0.218362    0.331745   20.488417 v _2091_/Y (sky130_fd_sc_hd__xnor2_1)
                                                         _1352_ (net)
                      0.218364    0.001103   20.489519 v _2092_/A1 (sky130_fd_sc_hd__mux2_1)
     1    0.002127    0.103745    0.696254   21.185774 v _2092_/X (sky130_fd_sc_hd__mux2_1)
                                                         _0015_ (net)
                      0.103745    0.000151   21.185925 v _3228_/D (sky130_fd_sc_hd__dfrtp_4)
                                             21.185925   data arrival time

                                 20.000000   20.000000   clock clk (rise edge)
                                  0.000000   20.000000   clock source latency
     2    0.043633    0.000000    0.000000   20.000000 ^ clk (in)
                                                         clk (net)
                      0.003151    0.001576   20.001575 ^ clkbuf_0_clk/A (sky130_fd_sc_hd__clkbuf_16)
    17    0.172583    0.280522    0.358495   20.360071 ^ clkbuf_0_clk/X (sky130_fd_sc_hd__clkbuf_16)
                                                         clknet_0_clk (net)
                      0.281151    0.010937   20.371008 ^ clkbuf_3_1__f_clk/A (sky130_fd_sc_hd__clkbuf_16)
    19    0.090679    0.164188    0.397472   20.768480 ^ clkbuf_3_1__f_clk/X (sky130_fd_sc_hd__clkbuf_16)
                                                         clknet_3_1__leaf_clk (net)
                      0.164362    0.004789   20.773270 ^ _3228_/CLK (sky130_fd_sc_hd__dfrtp_4)
                                 -0.100000   20.673269   clock uncertainty
                                  0.000000   20.673269   clock reconvergence pessimism
                                 -0.263749   20.409519   library setup time
                                             20.409519   data required time
---------------------------------------------------------------------------------------------
                                             20.409519   data required time
                                            -21.185925   data arrival time
---------------------------------------------------------------------------------------------
                                             -0.776405   slack (VIOLATED)




===========================================================================
report_checks --slack_max -0.01
============================================================================
======================= max_ss_100C_1v60 Corner ===================================

Startpoint: _3302_ (rising edge-triggered flip-flop clocked by clk)
Endpoint: _3228_ (rising edge-triggered flip-flop clocked by clk)
Path Group: clk
Path Type: max

Fanout         Cap        Slew       Delay        Time   Description
---------------------------------------------------------------------------------------------
                                  0.000000    0.000000   clock clk (rise edge)
                                  0.000000    0.000000   clock source latency
     2    0.043633    0.000000    0.000000    0.000000 ^ clk (in)
                                                         clk (net)
                      0.003151    0.001575    0.001575 ^ clkbuf_0_clk/A (sky130_fd_sc_hd__clkbuf_16)
    17    0.172583    0.280522    0.358496    0.360071 ^ clkbuf_0_clk/X (sky130_fd_sc_hd__clkbuf_16)
                                                         clknet_0_clk (net)
                      0.281403    0.012866    0.372938 ^ clkbuf_3_0__f_clk/A (sky130_fd_sc_hd__clkbuf_16)
    25    0.095659    0.171205    0.402348    0.775286 ^ clkbuf_3_0__f_clk/X (sky130_fd_sc_hd__clkbuf_16)
                                                         clknet_3_0__leaf_clk (net)
                      0.171983    0.008471    0.783756 ^ _3302_/CLK (sky130_fd_sc_hd__dfrtp_4)
     6    0.021707    0.158938    1.099591    1.883347 v _3302_/Q (sky130_fd_sc_hd__dfrtp_4)
                                                         B_reg[12] (net)
                      0.158938    0.000664    1.884012 v rebuffer15/A (sky130_fd_sc_hd__dlygate4sd1_1)
     1    0.001746    0.052693    0.503390    2.387402 v rebuffer15/X (sky130_fd_sc_hd__dlygate4sd1_1)
                                                         net68 (net)
                      0.052693    0.000081    2.387483 v rebuffer14/A (sky130_fd_sc_hd__dlygate4sd1_1)
     1    0.002496    0.058639    0.461063    2.848546 v rebuffer14/X (sky130_fd_sc_hd__dlygate4sd1_1)
                                                         net67 (net)
                      0.058639    0.000169    2.848714 v rebuffer13/A (sky130_fd_sc_hd__dlygate4sd1_1)
     1    0.001966    0.054566    0.457975    3.306690 v rebuffer13/X (sky130_fd_sc_hd__dlygate4sd1_1)
                                                         net66 (net)
                      0.054566    0.000131    3.306821 v rebuffer12/A (sky130_fd_sc_hd__dlygate4sd1_1)
     1    0.002190    0.055944    0.458610    3.765431 v rebuffer12/X (sky130_fd_sc_hd__dlygate4sd1_1)
                                                         net65 (net)
                      0.055944    0.000139    3.765570 v rebuffer11/A (sky130_fd_sc_hd__dlygate4sd1_1)
     1    0.001720    0.052668    0.454190    4.219760 v rebuffer11/X (sky130_fd_sc_hd__dlygate4sd1_1)
                                                         net64 (net)
                      0.052668    0.000079    4.219839 v rebuffer10/A (sky130_fd_sc_hd__dlygate4sd1_1)
     1    0.002587    0.059341    0.462038    4.681877 v rebuffer10/X (sky130_fd_sc_hd__dlygate4sd1_1)
                                                         net63 (net)
                      0.059341    0.000157    4.682034 v rebuffer9/A (sky130_fd_sc_hd__dlygate4sd1_1)
     1    0.004555    0.075974    0.485634    5.167668 v rebuffer9/X (sky130_fd_sc_hd__dlygate4sd1_1)
                                                         net62 (net)
                      0.075974    0.000245    5.167912 v rebuffer8/A (sky130_fd_sc_hd__dlygate4sd1_1)
     1    0.003436    0.066412    0.481134    5.649046 v rebuffer8/X (sky130_fd_sc_hd__dlygate4sd1_1)
                                                         net61 (net)
                      0.066412    0.000230    5.649276 v split4/A (sky130_fd_sc_hd__buf_1)
     4    0.024263    0.278421    0.332347    5.981623 v split4/X (sky130_fd_sc_hd__buf_1)
                                                         net57 (net)
                      0.278427    0.001649    5.983273 v _2000_/A (sky130_fd_sc_hd__or2_1)
     2    0.005376    0.121164    0.612846    6.596119 v _2000_/X (sky130_fd_sc_hd__or2_1)
                                                         _1262_ (net)
                      0.121164    0.000303    6.596422 v _2002_/B2 (sky130_fd_sc_hd__a2bb2o_1)
     3    0.008784    0.153591    0.620785    7.217207 v _2002_/X (sky130_fd_sc_hd__a2bb2o_1)
                                                         _1264_ (net)
                      0.153591    0.000520    7.217728 v _2005_/A1 (sky130_fd_sc_hd__a21o_1)
     3    0.009917    0.116039    0.377815    7.595542 v _2005_/X (sky130_fd_sc_hd__a21o_1)
                                                         _1267_ (net)
                      0.116039    0.000478    7.596020 v _2007_/B (sky130_fd_sc_hd__and3_1)
     4    0.010820    0.137051    0.424222    8.020242 v _2007_/X (sky130_fd_sc_hd__and3_1)
                                                         _1269_ (net)
                      0.137052    0.000592    8.020834 v _2011_/A1 (sky130_fd_sc_hd__o21ba_1)
     3    0.011168    0.135997    0.431605    8.452439 v _2011_/X (sky130_fd_sc_hd__o21ba_1)
                                                         _1273_ (net)
                      0.135999    0.000657    8.453096 v _2017_/B (sky130_fd_sc_hd__xnor2_1)
     3    0.009484    0.189201    0.310824    8.763921 v _2017_/Y (sky130_fd_sc_hd__xnor2_1)
                                                         _1279_ (net)
                      0.189201    0.000534    8.764454 v _2019_/B1 (sky130_fd_sc_hd__o2bb2a_1)
     2    0.005960    0.134442    0.716096    9.480550 v _2019_/X (sky130_fd_sc_hd__o2bb2a_1)
                                                         _1281_ (net)
                      0.134442    0.000377    9.480927 v _2020_/A2 (sky130_fd_sc_hd__o21a_1)
     1    0.002540    0.062659    0.329321    9.810247 v _2020_/X (sky130_fd_sc_hd__o21a_1)
                                                         _1282_ (net)
                      0.062659    0.000163    9.810410 v _2024_/B (sky130_fd_sc_hd__or3b_1)
     4    0.009792    0.210475    0.902019   10.712429 v _2024_/X (sky130_fd_sc_hd__or3b_1)
                                                         _1286_ (net)
                      0.210475    0.000515   10.712944 v _2028_/A2 (sky130_fd_sc_hd__a21bo_1)
     3    0.015117    0.155548    0.492891   11.205834 v _2028_/X (sky130_fd_sc_hd__a21bo_1)
                                                         _1290_ (net)
                      0.155552    0.001035   11.206869 v _2031_/B (sky130_fd_sc_hd__xnor2_2)
     3    0.012026    0.163252    0.320558   11.527428 v _2031_/Y (sky130_fd_sc_hd__xnor2_2)
                                                         _1293_ (net)
                      0.163252    0.000598   11.528025 v _2036_/A2 (sky130_fd_sc_hd__a22o_1)
     1    0.005916    0.097867    0.479814   12.007838 v _2036_/X (sky130_fd_sc_hd__a22o_1)
                                                         _1298_ (net)
                      0.097867    0.000444   12.008283 v _2037_/A2 (sky130_fd_sc_hd__a21oi_2)
     3    0.012248    0.284690    0.339429   12.347712 ^ _2037_/Y (sky130_fd_sc_hd__a21oi_2)
                                                         _1299_ (net)
                      0.284690    0.000677   12.348389 ^ _2039_/C1 (sky130_fd_sc_hd__a311o_1)
     3    0.010545    0.210963    0.363938   12.712327 ^ _2039_/X (sky130_fd_sc_hd__a311o_1)
                                                         _1301_ (net)
                      0.210963    0.000706   12.713033 ^ _2044_/A1 (sky130_fd_sc_hd__a21oi_2)
     3    0.010463    0.124578    0.194395   12.907428 v _2044_/Y (sky130_fd_sc_hd__a21oi_2)
                                                         _1306_ (net)
                      0.124579    0.000634   12.908062 v _2047_/C (sky130_fd_sc_hd__or3_1)
     2    0.005191    0.162037    0.774419   13.682481 v _2047_/X (sky130_fd_sc_hd__or3_1)
                                                         _1309_ (net)
                      0.162037    0.000310   13.682791 v _2050_/B1 (sky130_fd_sc_hd__a2bb2o_2)
     2    0.012938    0.127931    0.609484   14.292274 v _2050_/X (sky130_fd_sc_hd__a2bb2o_2)
                                                         _1312_ (net)
                      0.127936    0.000995   14.293269 v _2052_/A2 (sky130_fd_sc_hd__a21oi_4)
     3    0.015780    0.252272    0.330829   14.624098 ^ _2052_/Y (sky130_fd_sc_hd__a21oi_4)
                                                         _1314_ (net)
                      0.252272    0.000722   14.624820 ^ _2056_/B (sky130_fd_sc_hd__xor2_2)
     2    0.009400    0.248600    0.353963   14.978783 ^ _2056_/X (sky130_fd_sc_hd__xor2_2)
                                                         _1318_ (net)
                      0.248600    0.000696   14.979480 ^ _2060_/A2 (sky130_fd_sc_hd__a21boi_2)
     2    0.012758    0.133994    0.224642   15.204121 v _2060_/Y (sky130_fd_sc_hd__a21boi_2)
                                                         _1322_ (net)
                      0.133999    0.000970   15.205091 v _2063_/B (sky130_fd_sc_hd__or2_1)
     1    0.008697    0.148795    0.548045   15.753136 v _2063_/X (sky130_fd_sc_hd__or2_1)
                                                         _1325_ (net)
                      0.148795    0.000421   15.753557 v _2067_/B (sky130_fd_sc_hd__xnor2_2)
     1    0.006590    0.217851    0.260219   16.013775 ^ _2067_/Y (sky130_fd_sc_hd__xnor2_2)
                                                         _1329_ (net)
                      0.217851    0.000526   16.014301 ^ _2068_/A2 (sky130_fd_sc_hd__a21oi_2)
     2    0.007768    0.103783    0.186848   16.201149 v _2068_/Y (sky130_fd_sc_hd__a21oi_2)
                                                         _1330_ (net)
                      0.103783    0.000382   16.201530 v _2069_/B (sky130_fd_sc_hd__or2_1)
     1    0.003143    0.099715    0.473221   16.674753 v _2069_/X (sky130_fd_sc_hd__or2_1)
                                                         _1331_ (net)
                      0.099715    0.000135   16.674889 v _2072_/B1 (sky130_fd_sc_hd__a22o_1)
     2    0.013359    0.156166    0.432967   17.107855 v _2072_/X (sky130_fd_sc_hd__a22o_1)
                                                         _1334_ (net)
                      0.156168    0.000901   17.108755 v _2074_/A2 (sky130_fd_sc_hd__a21oi_4)
     3    0.015154    0.240100    0.338328   17.447084 ^ _2074_/Y (sky130_fd_sc_hd__a21oi_4)
                                                         _1336_ (net)
                      0.240118    0.001403   17.448488 ^ _2077_/B (sky130_fd_sc_hd__xnor2_1)
     2    0.008817    0.380767    0.326702   17.775190 ^ _2077_/Y (sky130_fd_sc_hd__xnor2_1)
                                                         _1339_ (net)
                      0.380767    0.000467   17.775658 ^ _2078_/B (sky130_fd_sc_hd__nor2_1)
     2    0.006168    0.114876    0.206118   17.981775 v _2078_/Y (sky130_fd_sc_hd__nor2_1)
                                                         _1340_ (net)
                      0.114876    0.000181   17.981956 v _2079_/B (sky130_fd_sc_hd__or2_1)
     1    0.005354    0.120793    0.506301   18.488256 v _2079_/X (sky130_fd_sc_hd__or2_1)
                                                         _1341_ (net)
                      0.120793    0.000249   18.488506 v _2082_/A1 (sky130_fd_sc_hd__a21oi_2)
     2    0.008639    0.231262    0.281215   18.769720 ^ _2082_/Y (sky130_fd_sc_hd__a21oi_2)
                                                         _1344_ (net)
                      0.231262    0.000464   18.770184 ^ _2083_/B1 (sky130_fd_sc_hd__a31o_1)
     2    0.011528    0.203350    0.326649   19.096832 ^ _2083_/X (sky130_fd_sc_hd__a31o_1)
                                                         _1345_ (net)
                      0.203350    0.000638   19.097471 ^ _2084_/B (sky130_fd_sc_hd__nor2_1)
     3    0.007874    0.098430    0.162002   19.259472 v _2084_/Y (sky130_fd_sc_hd__nor2_1)
                                                         _1346_ (net)
                      0.098431    0.000492   19.259964 v _2087_/A1 (sky130_fd_sc_hd__o21a_1)
     2    0.006341    0.095996    0.380021   19.639986 v _2087_/X (sky130_fd_sc_hd__o21a_1)
                                                         _1349_ (net)
                      0.095996    0.000268   19.640255 v _2088_/B (sky130_fd_sc_hd__or2_1)
     2    0.007078    0.134397    0.516115   20.156370 v _2088_/X (sky130_fd_sc_hd__or2_1)
                                                         _1350_ (net)
                      0.134397    0.000302   20.156672 v _2091_/B (sky130_fd_sc_hd__xnor2_1)
     1    0.011376    0.218362    0.331745   20.488417 v _2091_/Y (sky130_fd_sc_hd__xnor2_1)
                                                         _1352_ (net)
                      0.218364    0.001103   20.489519 v _2092_/A1 (sky130_fd_sc_hd__mux2_1)
     1    0.002127    0.103745    0.696254   21.185774 v _2092_/X (sky130_fd_sc_hd__mux2_1)
                                                         _0015_ (net)
                      0.103745    0.000151   21.185925 v _3228_/D (sky130_fd_sc_hd__dfrtp_4)
                                             21.185925   data arrival time

                                 20.000000   20.000000   clock clk (rise edge)
                                  0.000000   20.000000   clock source latency
     2    0.043633    0.000000    0.000000   20.000000 ^ clk (in)
                                                         clk (net)
                      0.003151    0.001576   20.001575 ^ clkbuf_0_clk/A (sky130_fd_sc_hd__clkbuf_16)
    17    0.172583    0.280522    0.358495   20.360071 ^ clkbuf_0_clk/X (sky130_fd_sc_hd__clkbuf_16)
                                                         clknet_0_clk (net)
                      0.281151    0.010937   20.371008 ^ clkbuf_3_1__f_clk/A (sky130_fd_sc_hd__clkbuf_16)
    19    0.090679    0.164188    0.397472   20.768480 ^ clkbuf_3_1__f_clk/X (sky130_fd_sc_hd__clkbuf_16)
                                                         clknet_3_1__leaf_clk (net)
                      0.164362    0.004789   20.773270 ^ _3228_/CLK (sky130_fd_sc_hd__dfrtp_4)
                                 -0.100000   20.673269   clock uncertainty
                                  0.000000   20.673269   clock reconvergence pessimism
                                 -0.263749   20.409519   library setup time
                                             20.409519   data required time
---------------------------------------------------------------------------------------------
                                             20.409519   data required time
                                            -21.185925   data arrival time
---------------------------------------------------------------------------------------------
                                             -0.776405   slack (VIOLATED)




===========================================================================
 report_check_types -max_slew -max_cap -max_fanout -violators
============================================================================
======================= max_ss_100C_1v60 Corner ===================================



===========================================================================
report_parasitic_annotation -report_unannotated
============================================================================
Found 7 unannotated drivers.
 clkload0/Y
 clkload1/Y
 clkload2/Y
 clkload3/Y
 clkload4/Y
 clkload5/Y
 clkload6/Y
Found 0 partially unannotated drivers.

===========================================================================
max slew violation count 0
max fanout violation count 0
max cap violation count 0
============================================================================

===========================================================================
check_setup -verbose -unconstrained_endpoints -multiple_clock -no_clock -no_input_delay -loops -generated_clocks
===========================================================================
Warning: There are 36 input ports missing set_input_delay.
  A_in[0]
  A_in[10]
  A_in[11]
  A_in[12]
  A_in[13]
  A_in[14]
  A_in[15]
  A_in[1]
  A_in[2]
  A_in[3]
  A_in[4]
  A_in[5]
  A_in[6]
  A_in[7]
  A_in[8]
  A_in[9]
  B_in[0]
  B_in[10]
  B_in[11]
  B_in[12]
  B_in[13]
  B_in[14]
  B_in[15]
  B_in[1]
  B_in[2]
  B_in[3]
  B_in[4]
  B_in[5]
  B_in[6]
  B_in[7]
  B_in[8]
  B_in[9]
  Op_Sel[0]
  Op_Sel[1]
  Start
  rst_n
Warning: There are 17 unconstrained endpoints.
  Done
  X_out[0]
  X_out[10]
  X_out[11]
  X_out[12]
  X_out[13]
  X_out[14]
  X_out[15]
  X_out[1]
  X_out[2]
  X_out[3]
  X_out[4]
  X_out[5]
  X_out[6]
  X_out[7]
  X_out[8]
  X_out[9]
