Clock: clk
Sources: clk 
Generated: no
Virtual: yes
Propagated: no
Period: 200.000000

===========================================================================
report_clock_properties
============================================================================
Clock                   Period          Waveform
----------------------------------------------------
clk                 200.000000    0.000000100.000000

===========================================================================
report_clock_latency
============================================================================
Clock clk
rise -> rise
    min     max
0.000000 0.000000 source latency
0.311399         network latency _3220_/CLK
        0.335974 network latency _3298_/CLK
---------------
0.311399 0.335974 latency
        0.024576 skew

fall -> fall
    min     max
0.000000 0.000000 source latency
0.294044         network latency _3220_/CLK
        0.315012 network latency _3298_/CLK
---------------
0.294044 0.315012 latency
        0.020968 skew



===========================================================================
report_clock_min_period
============================================================================
clk period_min = 6.66 fmax = 150.20
