Reading OpenROAD database at '/work/runs/RUN_2026-03-17_13-58-42/39-openroad-repairantennas/1-diodeinsertion/rns_top_crt.odb'…
Reading library file at '/pdk/volare/sky130/versions/0fe599b2afb6708d281543108caf8310912f54af/sky130A/libs.ref/sky130_fd_sc_hd/lib/sky130_fd_sc_hd__tt_025C_1v80.lib'…
Reading design constraints file at 'designs/_shared/ll_policy/constraints.sdc'…
[INFO] No information on clock propagation in input SDC file-- propagating all clocks.
[INFO ORD-0030] Using 4 thread(s).
[INFO DRT-0149] Reading tech and libs.
[WARNING DRT-0349] LEF58_ENCLOSURE with no CUTCLASS is not supported. Skipping for layer mcon
[WARNING DRT-0349] LEF58_ENCLOSURE with no CUTCLASS is not supported. Skipping for layer mcon
[WARNING DRT-0349] LEF58_ENCLOSURE with no CUTCLASS is not supported. Skipping for layer via
[WARNING DRT-0349] LEF58_ENCLOSURE with no CUTCLASS is not supported. Skipping for layer via
[WARNING DRT-0349] LEF58_ENCLOSURE with no CUTCLASS is not supported. Skipping for layer via2
[WARNING DRT-0349] LEF58_ENCLOSURE with no CUTCLASS is not supported. Skipping for layer via2
[WARNING DRT-0349] LEF58_ENCLOSURE with no CUTCLASS is not supported. Skipping for layer via3
[WARNING DRT-0349] LEF58_ENCLOSURE with no CUTCLASS is not supported. Skipping for layer via3
[WARNING DRT-0349] LEF58_ENCLOSURE with no CUTCLASS is not supported. Skipping for layer via4
[WARNING DRT-0349] LEF58_ENCLOSURE with no CUTCLASS is not supported. Skipping for layer via4

Units:                1000
Number of layers:     13
Number of macros:     441
Number of vias:       29
Number of viarulegen: 25

[INFO DRT-0150] Reading design.
[WARNING DRT-0120] Large net net36 has 222 pins which may impact routing performance. Consider optimization.

Design:                   rns_top_crt
Die area:                 ( 0 0 ) ( 431270 441990 )
Number of track patterns: 12
Number of DEF vias:       0
Number of components:     5643
Number of terminals:      56
Number of snets:          2
Number of nets:           1962

[INFO DRT-0167] List of default vias:
  Layer via
    default via: M1M2_PR
  Layer via2
    default via: M2M3_PR
  Layer via3
    default via: M3M4_PR
  Layer via4
    default via: M4M5_PR
[INFO DRT-0162] Library cell analysis.
[INFO DRT-0163] Instance analysis.
[INFO DRT-0164] Number of unique instances = 350.
[INFO DRT-0168] Init region query.
[INFO DRT-0024]   Complete FR_MASTERSLICE.
[INFO DRT-0024]   Complete licon.
[INFO DRT-0024]   Complete li1.
[INFO DRT-0024]   Complete mcon.
[INFO DRT-0024]   Complete met1.
[INFO DRT-0024]   Complete via.
[INFO DRT-0024]   Complete met2.
[INFO DRT-0024]   Complete via2.
[INFO DRT-0024]   Complete met3.
[INFO DRT-0024]   Complete via3.
[INFO DRT-0024]   Complete met4.
[INFO DRT-0024]   Complete via4.
[INFO DRT-0024]   Complete met5.
[INFO DRT-0033] FR_MASTERSLICE shape region query size = 0.
[INFO DRT-0033] licon shape region query size = 0.
[INFO DRT-0033] li1 shape region query size = 78224.
[INFO DRT-0033] mcon shape region query size = 0.
[INFO DRT-0033] met1 shape region query size = 13792.
[INFO DRT-0033] via shape region query size = 2325.
[INFO DRT-0033] met2 shape region query size = 1414.
[INFO DRT-0033] via2 shape region query size = 1860.
[INFO DRT-0033] met3 shape region query size = 1430.
[INFO DRT-0033] via3 shape region query size = 1860.
[INFO DRT-0033] met4 shape region query size = 495.
[INFO DRT-0033] via4 shape region query size = 18.
[INFO DRT-0033] met5 shape region query size = 30.
[INFO DRT-0165] Start pin access.
[INFO DRT-0076]   Complete 1000 pins.
[INFO DRT-0078]   Complete 1305 pins.
[INFO DRT-0079]   Complete 100 unique inst patterns.
[INFO DRT-0079]   Complete 200 unique inst patterns.
[INFO DRT-0079]   Complete 300 unique inst patterns.
[INFO DRT-0081]   Complete 344 unique inst patterns.
[INFO DRT-0084]   Complete 1406 groups.
#scanned instances     = 5643
#unique  instances     = 350
#stdCellGenAp          = 9953
#stdCellValidPlanarAp  = 63
#stdCellValidViaAp     = 7593
#stdCellPinNoAp        = 0
#stdCellPinCnt         = 6729
#instTermValidViaApCnt = 0
#macroGenAp            = 0
#macroValidPlanarAp    = 0
#macroValidViaAp       = 0
#macroNoAp             = 0
[INFO DRT-0166] Complete pin access.
[INFO DRT-0267] cpu time = 00:00:50, elapsed time = 00:00:12, memory = 160.00 (MB), peak = 159.70 (MB)

[INFO DRT-0157] Number of guides:     14453

[INFO DRT-0169] Post process guides.
[INFO DRT-0176] GCELLGRID X 0 DO 62 STEP 6900 ;
[INFO DRT-0177] GCELLGRID Y 0 DO 64 STEP 6900 ;
[INFO DRT-0028]   Complete FR_MASTERSLICE.
[INFO DRT-0028]   Complete licon.
[INFO DRT-0028]   Complete li1.
[INFO DRT-0028]   Complete mcon.
[INFO DRT-0028]   Complete met1.
[INFO DRT-0028]   Complete via.
[INFO DRT-0028]   Complete met2.
[INFO DRT-0028]   Complete via2.
[INFO DRT-0028]   Complete met3.
[INFO DRT-0028]   Complete via3.
[INFO DRT-0028]   Complete met4.
[INFO DRT-0028]   Complete via4.
[INFO DRT-0028]   Complete met5.
[INFO DRT-0178] Init guide query.
[INFO DRT-0035]   Complete FR_MASTERSLICE (guide).
[INFO DRT-0035]   Complete licon (guide).
[INFO DRT-0035]   Complete li1 (guide).
[INFO DRT-0035]   Complete mcon (guide).
[INFO DRT-0035]   Complete met1 (guide).
[INFO DRT-0035]   Complete via (guide).
[INFO DRT-0035]   Complete met2 (guide).
[INFO DRT-0035]   Complete via2 (guide).
[INFO DRT-0035]   Complete met3 (guide).
[INFO DRT-0035]   Complete via3 (guide).
[INFO DRT-0035]   Complete met4 (guide).
[INFO DRT-0035]   Complete via4 (guide).
[INFO DRT-0035]   Complete met5 (guide).
[INFO DRT-0036] FR_MASTERSLICE guide region query size = 0.
[INFO DRT-0036] licon guide region query size = 0.
[INFO DRT-0036] li1 guide region query size = 5358.
[INFO DRT-0036] mcon guide region query size = 0.
[INFO DRT-0036] met1 guide region query size = 4052.
[INFO DRT-0036] via guide region query size = 0.
[INFO DRT-0036] met2 guide region query size = 1956.
[INFO DRT-0036] via2 guide region query size = 0.
[INFO DRT-0036] met3 guide region query size = 36.
[INFO DRT-0036] via3 guide region query size = 0.
[INFO DRT-0036] met4 guide region query size = 0.
[INFO DRT-0036] via4 guide region query size = 0.
[INFO DRT-0036] met5 guide region query size = 0.
[INFO DRT-0179] Init gr pin query.
[INFO DRT-0245] skipped writing guide updates to database.
[INFO DRT-0185] Post process initialize RPin region query.
[INFO DRT-0181] Start track assignment.
[INFO DRT-0184] Done with 7314 vertical wires in 2 frboxes and 4088 horizontal wires in 2 frboxes.
[INFO DRT-0186] Done with 393 vertical wires in 2 frboxes and 1075 horizontal wires in 2 frboxes.
[INFO DRT-0182] Complete track assignment.
[INFO DRT-0267] cpu time = 00:00:02, elapsed time = 00:00:00, memory = 183.19 (MB), peak = 182.78 (MB)
[INFO DRT-0187] Start routing data preparation.
[INFO DRT-0267] cpu time = 00:00:00, elapsed time = 00:00:00, memory = 183.19 (MB), peak = 182.78 (MB)
[INFO DRT-0194] Start detail routing.
[INFO DRT-0195] Start 0th optimization iteration.
    Completing 10% with 0 violations.
    elapsed time = 00:00:00, memory = 236.04 (MB).
    Completing 20% with 0 violations.
    elapsed time = 00:00:00, memory = 260.25 (MB).
    Completing 30% with 88 violations.
    elapsed time = 00:00:02, memory = 241.66 (MB).
    Completing 40% with 88 violations.
    elapsed time = 00:00:02, memory = 281.54 (MB).
    Completing 50% with 88 violations.
    elapsed time = 00:00:02, memory = 283.41 (MB).
    Completing 60% with 163 violations.
    elapsed time = 00:00:04, memory = 288.25 (MB).
    Completing 70% with 163 violations.
    elapsed time = 00:00:04, memory = 288.77 (MB).
    Completing 80% with 280 violations.
    elapsed time = 00:00:05, memory = 307.02 (MB).
    Completing 90% with 280 violations.
    elapsed time = 00:00:06, memory = 317.60 (MB).
    Completing 100% with 392 violations.
    elapsed time = 00:00:07, memory = 299.45 (MB).
[INFO DRT-0199]   Number of violations = 488.
Viol/Layer         li1   met1   met2   met3
Metal Spacing       17    131     17      2
Min Hole             0      9      0      0
Recheck              0     81     15      0
Short                0    213      3      0
[INFO DRT-0267] cpu time = 00:00:25, elapsed time = 00:00:07, memory = 636.78 (MB), peak = 636.48 (MB)
Total wire length = 47563 um.
Total wire length on LAYER li1 = 0 um.
Total wire length on LAYER met1 = 25740 um.
Total wire length on LAYER met2 = 21435 um.
Total wire length on LAYER met3 = 387 um.
Total wire length on LAYER met4 = 0 um.
Total wire length on LAYER met5 = 0 um.
Total number of vias = 14234.
Up-via summary (total 14234):

------------------------
 FR_MASTERSLICE        0
            li1     7513
           met1     6684
           met2       37
           met3        0
           met4        0
------------------------
                   14234


[INFO DRT-0195] Start 1st optimization iteration.
    Completing 10% with 488 violations.
    elapsed time = 00:00:00, memory = 640.46 (MB).
    Completing 20% with 488 violations.
    elapsed time = 00:00:01, memory = 640.58 (MB).
    Completing 30% with 390 violations.
    elapsed time = 00:00:01, memory = 640.58 (MB).
    Completing 40% with 390 violations.
    elapsed time = 00:00:01, memory = 640.58 (MB).
    Completing 50% with 390 violations.
    elapsed time = 00:00:02, memory = 643.96 (MB).
    Completing 60% with 324 violations.
    elapsed time = 00:00:03, memory = 643.96 (MB).
    Completing 70% with 324 violations.
    elapsed time = 00:00:03, memory = 643.96 (MB).
    Completing 80% with 226 violations.
    elapsed time = 00:00:04, memory = 643.96 (MB).
    Completing 90% with 226 violations.
    elapsed time = 00:00:04, memory = 643.96 (MB).
    Completing 100% with 123 violations.
    elapsed time = 00:00:05, memory = 656.04 (MB).
[INFO DRT-0199]   Number of violations = 123.
Viol/Layer        met1   met2
Metal Spacing       36      5
Min Hole             2      0
Short               80      0
[INFO DRT-0267] cpu time = 00:00:22, elapsed time = 00:00:06, memory = 656.31 (MB), peak = 655.97 (MB)
Total wire length = 47203 um.
Total wire length on LAYER li1 = 0 um.
Total wire length on LAYER met1 = 25545 um.
Total wire length on LAYER met2 = 21258 um.
Total wire length on LAYER met3 = 399 um.
Total wire length on LAYER met4 = 0 um.
Total wire length on LAYER met5 = 0 um.
Total number of vias = 14199.
Up-via summary (total 14199):

------------------------
 FR_MASTERSLICE        0
            li1     7509
           met1     6648
           met2       42
           met3        0
           met4        0
------------------------
                   14199


[INFO DRT-0195] Start 2nd optimization iteration.
    Completing 10% with 123 violations.
    elapsed time = 00:00:00, memory = 656.31 (MB).
    Completing 20% with 123 violations.
    elapsed time = 00:00:00, memory = 656.31 (MB).
    Completing 30% with 122 violations.
    elapsed time = 00:00:00, memory = 656.31 (MB).
    Completing 40% with 122 violations.
    elapsed time = 00:00:01, memory = 656.31 (MB).
    Completing 50% with 122 violations.
    elapsed time = 00:00:02, memory = 657.11 (MB).
    Completing 60% with 111 violations.
    elapsed time = 00:00:02, memory = 657.11 (MB).
    Completing 70% with 111 violations.
    elapsed time = 00:00:02, memory = 657.11 (MB).
    Completing 80% with 112 violations.
    elapsed time = 00:00:03, memory = 657.11 (MB).
    Completing 90% with 112 violations.
    elapsed time = 00:00:03, memory = 657.11 (MB).
    Completing 100% with 102 violations.
    elapsed time = 00:00:04, memory = 657.11 (MB).
[INFO DRT-0199]   Number of violations = 107.
Viol/Layer        mcon   met1   met2
Cut Spacing          1      0      0
Metal Spacing        0     31      3
Recheck              0      4      1
Short                0     67      0
[INFO DRT-0267] cpu time = 00:00:17, elapsed time = 00:00:05, memory = 657.21 (MB), peak = 656.85 (MB)
Total wire length = 47116 um.
Total wire length on LAYER li1 = 0 um.
Total wire length on LAYER met1 = 25478 um.
Total wire length on LAYER met2 = 21287 um.
Total wire length on LAYER met3 = 350 um.
Total wire length on LAYER met4 = 0 um.
Total wire length on LAYER met5 = 0 um.
Total number of vias = 14207.
Up-via summary (total 14207):

------------------------
 FR_MASTERSLICE        0
            li1     7509
           met1     6659
           met2       39
           met3        0
           met4        0
------------------------
                   14207


[INFO DRT-0195] Start 3rd optimization iteration.
    Completing 10% with 107 violations.
    elapsed time = 00:00:00, memory = 657.21 (MB).
    Completing 20% with 107 violations.
    elapsed time = 00:00:00, memory = 657.21 (MB).
    Completing 30% with 76 violations.
    elapsed time = 00:00:00, memory = 657.21 (MB).
    Completing 40% with 76 violations.
    elapsed time = 00:00:00, memory = 657.21 (MB).
    Completing 50% with 76 violations.
    elapsed time = 00:00:00, memory = 657.21 (MB).
    Completing 60% with 65 violations.
    elapsed time = 00:00:01, memory = 657.21 (MB).
    Completing 70% with 65 violations.
    elapsed time = 00:00:01, memory = 657.21 (MB).
    Completing 80% with 44 violations.
    elapsed time = 00:00:01, memory = 657.21 (MB).
    Completing 90% with 44 violations.
    elapsed time = 00:00:01, memory = 657.21 (MB).
    Completing 100% with 7 violations.
    elapsed time = 00:00:02, memory = 657.21 (MB).
[INFO DRT-0199]   Number of violations = 7.
Viol/Layer        met1
Short                7
[INFO DRT-0267] cpu time = 00:00:09, elapsed time = 00:00:02, memory = 657.21 (MB), peak = 656.85 (MB)
Total wire length = 47115 um.
Total wire length on LAYER li1 = 0 um.
Total wire length on LAYER met1 = 25340 um.
Total wire length on LAYER met2 = 21304 um.
Total wire length on LAYER met3 = 470 um.
Total wire length on LAYER met4 = 0 um.
Total wire length on LAYER met5 = 0 um.
Total number of vias = 14279.
Up-via summary (total 14279):

------------------------
 FR_MASTERSLICE        0
            li1     7509
           met1     6699
           met2       71
           met3        0
           met4        0
------------------------
                   14279


[INFO DRT-0195] Start 4th optimization iteration.
    Completing 10% with 7 violations.
    elapsed time = 00:00:00, memory = 657.21 (MB).
    Completing 20% with 7 violations.
    elapsed time = 00:00:00, memory = 657.21 (MB).
    Completing 30% with 7 violations.
    elapsed time = 00:00:00, memory = 657.21 (MB).
    Completing 40% with 7 violations.
    elapsed time = 00:00:00, memory = 657.21 (MB).
    Completing 50% with 7 violations.
    elapsed time = 00:00:00, memory = 657.21 (MB).
    Completing 60% with 7 violations.
    elapsed time = 00:00:00, memory = 657.21 (MB).
    Completing 70% with 7 violations.
    elapsed time = 00:00:00, memory = 657.21 (MB).
    Completing 80% with 7 violations.
    elapsed time = 00:00:00, memory = 657.21 (MB).
    Completing 90% with 7 violations.
    elapsed time = 00:00:00, memory = 657.21 (MB).
    Completing 100% with 0 violations.
    elapsed time = 00:00:00, memory = 657.21 (MB).
[INFO DRT-0199]   Number of violations = 0.
[INFO DRT-0267] cpu time = 00:00:00, elapsed time = 00:00:00, memory = 657.21 (MB), peak = 656.85 (MB)
Total wire length = 47112 um.
Total wire length on LAYER li1 = 0 um.
Total wire length on LAYER met1 = 25338 um.
Total wire length on LAYER met2 = 21305 um.
Total wire length on LAYER met3 = 469 um.
Total wire length on LAYER met4 = 0 um.
Total wire length on LAYER met5 = 0 um.
Total number of vias = 14278.
Up-via summary (total 14278):

------------------------
 FR_MASTERSLICE        0
            li1     7509
           met1     6700
           met2       69
           met3        0
           met4        0
------------------------
                   14278


[INFO DRT-0198] Complete detail routing.
Total wire length = 47112 um.
Total wire length on LAYER li1 = 0 um.
Total wire length on LAYER met1 = 25338 um.
Total wire length on LAYER met2 = 21305 um.
Total wire length on LAYER met3 = 469 um.
Total wire length on LAYER met4 = 0 um.
Total wire length on LAYER met5 = 0 um.
Total number of vias = 14278.
Up-via summary (total 14278):

------------------------
 FR_MASTERSLICE        0
            li1     7509
           met1     6700
           met2       69
           met3        0
           met4        0
------------------------
                   14278


[INFO DRT-0267] cpu time = 00:01:15, elapsed time = 00:00:21, memory = 657.21 (MB), peak = 656.85 (MB)

[INFO DRT-0180] Post processing.
Setting global connections for newly added cells…
[INFO] Setting global connections...
Updating metrics…
Cell type report:                       Count       Area
  Fill cell                               308    1156.11
  Tap cell                               2496    3123.00
  Antenna cell                            907    2269.68
  Clock buffer                              9     225.22
  Timing Repair Buffer                    198    1557.74
  Inverter                                 59     228.97
  Clock inverter                            7      73.82
  Sequential cell                         110    2977.86
  Multi-Input combinational cell         1549   13210.17
  Total                                  5643   24822.56
Writing OpenROAD database to '/work/runs/RUN_2026-03-17_13-58-42/41-openroad-detailedrouting/rns_top_crt.odb'…
Writing netlist to '/work/runs/RUN_2026-03-17_13-58-42/41-openroad-detailedrouting/rns_top_crt.nl.v'…
Writing powered netlist to '/work/runs/RUN_2026-03-17_13-58-42/41-openroad-detailedrouting/rns_top_crt.pnl.v'…
Writing layout to '/work/runs/RUN_2026-03-17_13-58-42/41-openroad-detailedrouting/rns_top_crt.def'…
Writing timing constraints to '/work/runs/RUN_2026-03-17_13-58-42/41-openroad-detailedrouting/rns_top_crt.sdc'…
