
===========================================================================
report_checks -unconstrained
===========================================================================
======================= nom_tt_025C_1v80 Corner ===================================

Startpoint: _3302_ (rising edge-triggered flip-flop clocked by clk)
Endpoint: _3237_ (rising edge-triggered flip-flop clocked by clk)
Path Group: clk
Path Type: max

Fanout         Cap        Slew       Delay        Time   Description
---------------------------------------------------------------------------------------------
                                  0.000000    0.000000   clock clk (rise edge)
                                  0.000000    0.000000   clock source latency
     2    0.041088    0.000000    0.000000    0.000000 ^ clk (in)
                                                         clk (net)
                      0.002174    0.001087    0.001087 ^ clkbuf_0_clk/A (sky130_fd_sc_hd__clkbuf_16)
    17    0.165559    0.177504    0.212803    0.213890 ^ clkbuf_0_clk/X (sky130_fd_sc_hd__clkbuf_16)
                                                         clknet_0_clk (net)
                      0.178047    0.007931    0.221822 ^ clkbuf_3_0__f_clk/A (sky130_fd_sc_hd__clkbuf_16)
    25    0.091666    0.108352    0.224752    0.446574 ^ clkbuf_3_0__f_clk/X (sky130_fd_sc_hd__clkbuf_16)
                                                         clknet_3_0__leaf_clk (net)
                      0.108467    0.003163    0.449737 ^ _3302_/CLK (sky130_fd_sc_hd__dfrtp_4)
    15    0.050381    0.122751    0.573271    1.023008 v _3302_/Q (sky130_fd_sc_hd__dfrtp_4)
                                                         B_reg[12] (net)
                      0.122822    0.002694    1.025702 v _1910_/C (sky130_fd_sc_hd__and3_1)
     3    0.006011    0.050626    0.225243    1.250946 v _1910_/X (sky130_fd_sc_hd__and3_1)
                                                         _1175_ (net)
                      0.050626    0.000172    1.251118 v _2300_/B (sky130_fd_sc_hd__or4_1)
     4    0.009328    0.125097    0.557119    1.808236 v _2300_/X (sky130_fd_sc_hd__or4_1)
                                                         _1553_ (net)
                      0.125097    0.000138    1.808374 v _2304_/A2 (sky130_fd_sc_hd__a21o_1)
     3    0.007593    0.053792    0.225775    2.034149 v _2304_/X (sky130_fd_sc_hd__a21o_1)
                                                         _1557_ (net)
                      0.053792    0.000171    2.034320 v _2308_/C (sky130_fd_sc_hd__and3_1)
     2    0.004685    0.044809    0.187298    2.221618 v _2308_/X (sky130_fd_sc_hd__and3_1)
                                                         _1561_ (net)
                      0.044809    0.000117    2.221735 v _2310_/C (sky130_fd_sc_hd__or3_1)
     3    0.006944    0.088106    0.334467    2.556202 v _2310_/X (sky130_fd_sc_hd__or3_1)
                                                         _1563_ (net)
                      0.088106    0.000104    2.556306 v _2313_/A1 (sky130_fd_sc_hd__a21o_1)
     4    0.010372    0.063965    0.201849    2.758155 v _2313_/X (sky130_fd_sc_hd__a21o_1)
                                                         _1566_ (net)
                      0.063965    0.000232    2.758387 v _2319_/B (sky130_fd_sc_hd__and3_1)
     2    0.006143    0.051167    0.183718    2.942105 v _2319_/X (sky130_fd_sc_hd__and3_1)
                                                         _1572_ (net)
                      0.051167    0.000177    2.942282 v _2321_/C (sky130_fd_sc_hd__or3_1)
     3    0.007159    0.089537    0.337497    3.279779 v _2321_/X (sky130_fd_sc_hd__or3_1)
                                                         _1574_ (net)
                      0.089537    0.000114    3.279893 v _2326_/A1 (sky130_fd_sc_hd__a21o_1)
     4    0.010071    0.062782    0.201327    3.481220 v _2326_/X (sky130_fd_sc_hd__a21o_1)
                                                         _1579_ (net)
                      0.062782    0.000310    3.481530 v _2328_/C (sky130_fd_sc_hd__and3_1)
     2    0.005328    0.047558    0.194519    3.676049 v _2328_/X (sky130_fd_sc_hd__and3_1)
                                                         _1581_ (net)
                      0.047558    0.000138    3.676187 v _2330_/C (sky130_fd_sc_hd__or3_2)
     4    0.013100    0.110657    0.461675    4.137861 v _2330_/X (sky130_fd_sc_hd__or3_2)
                                                         _1583_ (net)
                      0.110657    0.000253    4.138114 v _2334_/A1 (sky130_fd_sc_hd__a21o_1)
     5    0.015191    0.083451    0.228302    4.366416 v _2334_/X (sky130_fd_sc_hd__a21o_1)
                                                         _1587_ (net)
                      0.083451    0.000394    4.366810 v _2338_/B (sky130_fd_sc_hd__and3_1)
     2    0.005085    0.046549    0.187391    4.554201 v _2338_/X (sky130_fd_sc_hd__and3_1)
                                                         _1591_ (net)
                      0.046549    0.000137    4.554338 v _2345_/C (sky130_fd_sc_hd__or3_1)
     3    0.008523    0.096706    0.346906    4.901244 v _2345_/X (sky130_fd_sc_hd__or3_1)
                                                         _1598_ (net)
                      0.096706    0.000192    4.901436 v _2347_/A1 (sky130_fd_sc_hd__a21o_1)
     4    0.010586    0.064812    0.206150    5.107585 v _2347_/X (sky130_fd_sc_hd__a21o_1)
                                                         _1600_ (net)
                      0.064812    0.000292    5.107877 v _2350_/C (sky130_fd_sc_hd__and3_1)
     2    0.005658    0.049007    0.197044    5.304922 v _2350_/X (sky130_fd_sc_hd__and3_1)
                                                         _1603_ (net)
                      0.049007    0.000172    5.305093 v _2352_/C (sky130_fd_sc_hd__or3_1)
     3    0.008748    0.097665    0.349103    5.654196 v _2352_/X (sky130_fd_sc_hd__or3_1)
                                                         _0106_ (net)
                      0.097665    0.000294    5.654490 v _2355_/A2 (sky130_fd_sc_hd__a21o_1)
     4    0.010675    0.065131    0.228208    5.882698 v _2355_/X (sky130_fd_sc_hd__a21o_1)
                                                         _0109_ (net)
                      0.065131    0.000276    5.882974 v _2362_/B (sky130_fd_sc_hd__and3_1)
     2    0.006043    0.050740    0.183749    6.066723 v _2362_/X (sky130_fd_sc_hd__and3_1)
                                                         _0116_ (net)
                      0.050740    0.000169    6.066892 v _2364_/C (sky130_fd_sc_hd__or3_1)
     3    0.008243    0.096092    0.345647    6.412539 v _2364_/X (sky130_fd_sc_hd__or3_1)
                                                         _0118_ (net)
                      0.096092    0.000206    6.412745 v _2366_/A2 (sky130_fd_sc_hd__a21o_1)
     4    0.010413    0.064091    0.226631    6.639376 v _2366_/X (sky130_fd_sc_hd__a21o_1)
                                                         _0120_ (net)
                      0.064091    0.000210    6.639585 v _2370_/B (sky130_fd_sc_hd__and3_1)
     2    0.005136    0.046747    0.178884    6.818470 v _2370_/X (sky130_fd_sc_hd__and3_1)
                                                         _0124_ (net)
                      0.046747    0.000106    6.818575 v _2372_/C (sky130_fd_sc_hd__or3_1)
     3    0.008486    0.096656    0.346671    7.165246 v _2372_/X (sky130_fd_sc_hd__or3_1)
                                                         _0126_ (net)
                      0.096656    0.000110    7.165356 v _2378_/A1 (sky130_fd_sc_hd__a21o_1)
     4    0.010078    0.062793    0.204352    7.369708 v _2378_/X (sky130_fd_sc_hd__a21o_1)
                                                         _0132_ (net)
                      0.062793    0.000166    7.369874 v _2383_/C (sky130_fd_sc_hd__and3_1)
     2    0.007203    0.056035    0.203644    7.573518 v _2383_/X (sky130_fd_sc_hd__and3_1)
                                                         _0137_ (net)
                      0.056035    0.000203    7.573721 v _2385_/C (sky130_fd_sc_hd__or3_1)
     3    0.008160    0.095941    0.346550    7.920272 v _2385_/X (sky130_fd_sc_hd__or3_1)
                                                         _0139_ (net)
                      0.095941    0.000178    7.920449 v _2387_/A1 (sky130_fd_sc_hd__a21o_1)
     4    0.012200    0.071243    0.211632    8.132081 v _2387_/X (sky130_fd_sc_hd__a21o_1)
                                                         _0141_ (net)
                      0.071243    0.000180    8.132261 v _2390_/B (sky130_fd_sc_hd__and3_1)
     3    0.009817    0.066231    0.203833    8.336095 v _2390_/X (sky130_fd_sc_hd__and3_1)
                                                         _0144_ (net)
                      0.066231    0.000291    8.336386 v _2392_/C (sky130_fd_sc_hd__or3_1)
     3    0.007018    0.088718    0.341227    8.677612 v _2392_/X (sky130_fd_sc_hd__or3_1)
                                                         _0146_ (net)
                      0.088718    0.000167    8.677779 v _2397_/A1 (sky130_fd_sc_hd__a21o_1)
     4    0.011720    0.069312    0.206914    8.884694 v _2397_/X (sky130_fd_sc_hd__a21o_1)
                                                         _0151_ (net)
                      0.069312    0.000231    8.884925 v _2406_/B (sky130_fd_sc_hd__and3_1)
     2    0.005729    0.049319    0.184132    9.069057 v _2406_/X (sky130_fd_sc_hd__and3_1)
                                                         _0160_ (net)
                      0.049319    0.000140    9.069198 v _2408_/C (sky130_fd_sc_hd__or3_1)
     3    0.008121    0.095626    0.344444    9.413641 v _2408_/X (sky130_fd_sc_hd__or3_1)
                                                         _0162_ (net)
                      0.095626    0.000155    9.413796 v _2410_/A2 (sky130_fd_sc_hd__a21o_1)
     3    0.007037    0.051225    0.211640    9.625437 v _2410_/X (sky130_fd_sc_hd__a21o_1)
                                                         _0164_ (net)
                      0.051225    0.000170    9.625607 v _2413_/C (sky130_fd_sc_hd__and3_1)
     2    0.004979    0.046051    0.187599    9.813206 v _2413_/X (sky130_fd_sc_hd__and3_1)
                                                         _0167_ (net)
                      0.046051    0.000118    9.813324 v _2415_/C (sky130_fd_sc_hd__or3_1)
     3    0.006981    0.088391    0.335008   10.148333 v _2415_/X (sky130_fd_sc_hd__or3_1)
                                                         _0169_ (net)
                      0.088391    0.000162   10.148494 v _2420_/A1 (sky130_fd_sc_hd__a21o_1)
     4    0.011344    0.067807    0.205445   10.353939 v _2420_/X (sky130_fd_sc_hd__a21o_1)
                                                         _0174_ (net)
                      0.067807    0.000258   10.354197 v _2423_/A1 (sky130_fd_sc_hd__a21o_1)
     2    0.008346    0.057324    0.185130   10.539327 v _2423_/X (sky130_fd_sc_hd__a21o_1)
                                                         _0177_ (net)
                      0.057325    0.000255   10.539582 v _2426_/B (sky130_fd_sc_hd__xnor2_1)
     1    0.003134    0.056468    0.124325   10.663906 v _2426_/Y (sky130_fd_sc_hd__xnor2_1)
                                                         _0179_ (net)
                      0.056468    0.000070   10.663977 v _2427_/A1 (sky130_fd_sc_hd__mux2_1)
     1    0.002901    0.055648    0.291720   10.955697 v _2427_/X (sky130_fd_sc_hd__mux2_1)
                                                         _0024_ (net)
                      0.055648    0.000088   10.955785 v _3237_/D (sky130_fd_sc_hd__dfrtp_4)
                                             10.955785   data arrival time

                                160.000000  160.000000   clock clk (rise edge)
                                  0.000000  160.000000   clock source latency
     2    0.041088    0.000000    0.000000  160.000000 ^ clk (in)
                                                         clk (net)
                      0.002174    0.001080  160.001083 ^ clkbuf_0_clk/A (sky130_fd_sc_hd__clkbuf_16)
    17    0.165559    0.177504    0.212808  160.213898 ^ clkbuf_0_clk/X (sky130_fd_sc_hd__clkbuf_16)
                                                         clknet_0_clk (net)
                      0.178007    0.007645  160.221542 ^ clkbuf_3_3__f_clk/A (sky130_fd_sc_hd__clkbuf_16)
    35    0.096796    0.113760    0.227800  160.449341 ^ clkbuf_3_3__f_clk/X (sky130_fd_sc_hd__clkbuf_16)
                                                         clknet_3_3__leaf_clk (net)
                      0.113986    0.003610  160.452942 ^ _3237_/CLK (sky130_fd_sc_hd__dfrtp_4)
                                 -0.100000  160.352951   clock uncertainty
                                  0.000000  160.352951   clock reconvergence pessimism
                                 -0.103115  160.249832   library setup time
                                            160.249832   data required time
---------------------------------------------------------------------------------------------
                                            160.249832   data required time
                                            -10.955785   data arrival time
---------------------------------------------------------------------------------------------
                                            149.294037   slack (MET)




===========================================================================
report_checks --slack_max -0.01
============================================================================
======================= nom_tt_025C_1v80 Corner ===================================

No paths found.


===========================================================================
 report_check_types -max_slew -max_cap -max_fanout -violators
============================================================================
======================= nom_tt_025C_1v80 Corner ===================================



===========================================================================
report_parasitic_annotation -report_unannotated
============================================================================
Found 7 unannotated drivers.
 clkload0/Y
 clkload1/Y
 clkload2/Y
 clkload3/Y
 clkload4/Y
 clkload5/Y
 clkload6/Y
Found 0 partially unannotated drivers.

===========================================================================
max slew violation count 0
max fanout violation count 0
max cap violation count 0
============================================================================

===========================================================================
check_setup -verbose -unconstrained_endpoints -multiple_clock -no_clock -no_input_delay -loops -generated_clocks
===========================================================================
Warning: There are 36 input ports missing set_input_delay.
  A_in[0]
  A_in[10]
  A_in[11]
  A_in[12]
  A_in[13]
  A_in[14]
  A_in[15]
  A_in[1]
  A_in[2]
  A_in[3]
  A_in[4]
  A_in[5]
  A_in[6]
  A_in[7]
  A_in[8]
  A_in[9]
  B_in[0]
  B_in[10]
  B_in[11]
  B_in[12]
  B_in[13]
  B_in[14]
  B_in[15]
  B_in[1]
  B_in[2]
  B_in[3]
  B_in[4]
  B_in[5]
  B_in[6]
  B_in[7]
  B_in[8]
  B_in[9]
  Op_Sel[0]
  Op_Sel[1]
  Start
  rst_n
Warning: There are 17 unconstrained endpoints.
  Done
  X_out[0]
  X_out[10]
  X_out[11]
  X_out[12]
  X_out[13]
  X_out[14]
  X_out[15]
  X_out[1]
  X_out[2]
  X_out[3]
  X_out[4]
  X_out[5]
  X_out[6]
  X_out[7]
  X_out[8]
  X_out[9]
