Clock: clk
Sources: clk 
Generated: no
Virtual: yes
Propagated: no
Period: 160.000000

===========================================================================
report_clock_properties
============================================================================
Clock                   Period          Waveform
----------------------------------------------------
clk                 160.000000    0.000000 80.000000

===========================================================================
report_clock_latency
============================================================================
Clock clk
rise -> rise
    min     max
0.000000 0.000000 source latency
0.435378         network latency _3222_/CLK
        0.459933 network latency _3296_/CLK
---------------
0.435378 0.459933 latency
        0.024556 skew

fall -> fall
    min     max
0.000000 0.000000 source latency
0.412449         network latency _3222_/CLK
        0.432195 network latency _3296_/CLK
---------------
0.412449 0.432195 latency
        0.019746 skew



===========================================================================
report_clock_min_period
============================================================================
clk period_min = 10.71 fmax = 93.41
