
===========================================================================
report_checks -unconstrained
===========================================================================
======================= min_ss_100C_1v60 Corner ===================================

Startpoint: _3302_ (rising edge-triggered flip-flop clocked by clk)
Endpoint: _3238_ (rising edge-triggered flip-flop clocked by clk)
Path Group: clk
Path Type: max

Fanout         Cap        Slew       Delay        Time   Description
---------------------------------------------------------------------------------------------
                                  0.000000    0.000000   clock clk (rise edge)
                                  0.000000    0.000000   clock source latency
     2    0.039909    0.000000    0.000000    0.000000 ^ clk (in)
                                                         clk (net)
                      0.001560    0.000780    0.000780 ^ clkbuf_0_clk/A (sky130_fd_sc_hd__clkbuf_16)
    17    0.159440    0.259805    0.348125    0.348905 ^ clkbuf_0_clk/X (sky130_fd_sc_hd__clkbuf_16)
                                                         clknet_0_clk (net)
                      0.260065    0.005482    0.354387 ^ clkbuf_3_0__f_clk/A (sky130_fd_sc_hd__clkbuf_16)
    25    0.091103    0.164154    0.391181    0.745568 ^ clkbuf_3_0__f_clk/X (sky130_fd_sc_hd__clkbuf_16)
                                                         clknet_3_0__leaf_clk (net)
                      0.164173    0.001856    0.747424 ^ _3302_/CLK (sky130_fd_sc_hd__dfrtp_4)
     6    0.021854    0.158988    1.097274    1.844698 v _3302_/Q (sky130_fd_sc_hd__dfrtp_4)
                                                         B_reg[12] (net)
                      0.158988    0.000870    1.845567 v _1910_/C (sky130_fd_sc_hd__and3_1)
     3    0.006789    0.103061    0.440595    2.286162 v _1910_/X (sky130_fd_sc_hd__and3_1)
                                                         _1175_ (net)
                      0.103061    0.000077    2.286239 v _2300_/A (sky130_fd_sc_hd__or4_4)
     4    0.009273    0.171834    1.090276    3.376516 v _2300_/X (sky130_fd_sc_hd__or4_4)
                                                         _1553_ (net)
                      0.171834    0.000067    3.376583 v _2304_/A1 (sky130_fd_sc_hd__a21o_1)
     3    0.007317    0.095165    0.366295    3.742878 v _2304_/X (sky130_fd_sc_hd__a21o_1)
                                                         _1557_ (net)
                      0.095165    0.000071    3.742949 v _2307_/A2 (sky130_fd_sc_hd__a21oi_1)
     3    0.010884    0.424178    0.425171    4.168120 ^ _2307_/Y (sky130_fd_sc_hd__a21oi_1)
                                                         _1560_ (net)
                      0.424178    0.000048    4.168168 ^ _2311_/B (sky130_fd_sc_hd__xor2_1)
     3    0.010452    0.402956    0.524655    4.692823 ^ _2311_/X (sky130_fd_sc_hd__xor2_1)
                                                         _1564_ (net)
                      0.402956    0.000173    4.692996 ^ _2313_/A2 (sky130_fd_sc_hd__a21o_1)
     4    0.010603    0.161542    0.408458    5.101454 ^ _2313_/X (sky130_fd_sc_hd__a21o_1)
                                                         _1566_ (net)
                      0.161542    0.000087    5.101541 ^ _2318_/A1 (sky130_fd_sc_hd__a21oi_1)
     3    0.012879    0.235989    0.273852    5.375393 v _2318_/Y (sky130_fd_sc_hd__a21oi_1)
                                                         _1571_ (net)
                      0.235989    0.000106    5.375499 v _2321_/B (sky130_fd_sc_hd__or3_4)
     2    0.006404    0.125829    0.790706    6.166204 v _2321_/X (sky130_fd_sc_hd__or3_4)
                                                         _1574_ (net)
                      0.125829    0.000094    6.166298 v _2326_/A1 (sky130_fd_sc_hd__a21o_1)
     4    0.009656    0.113684    0.364091    6.530389 v _2326_/X (sky130_fd_sc_hd__a21o_1)
                                                         _1579_ (net)
                      0.113684    0.000132    6.530521 v _2328_/B (sky130_fd_sc_hd__and3_1)
     2    0.005502    0.093075    0.378617    6.909138 v _2328_/X (sky130_fd_sc_hd__and3_1)
                                                         _1581_ (net)
                      0.093075    0.000075    6.909214 v _2330_/A (sky130_fd_sc_hd__or3_4)
     3    0.006919    0.127692    0.772060    7.681273 v _2330_/X (sky130_fd_sc_hd__or3_4)
                                                         _1583_ (net)
                      0.127692    0.000026    7.681299 v _2334_/A1 (sky130_fd_sc_hd__a21o_1)
     4    0.009800    0.114838    0.366013    8.047313 v _2334_/X (sky130_fd_sc_hd__a21o_1)
                                                         _1587_ (net)
                      0.114838    0.000090    8.047402 v _2338_/A (sky130_fd_sc_hd__and3_1)
     2    0.006062    0.097290    0.342696    8.390098 v _2338_/X (sky130_fd_sc_hd__and3_1)
                                                         _1591_ (net)
                      0.097290    0.000047    8.390144 v _2345_/C (sky130_fd_sc_hd__or3_4)
     3    0.007894    0.130012    0.676730    9.066875 v _2345_/X (sky130_fd_sc_hd__or3_4)
                                                         _1598_ (net)
                      0.130012    0.000057    9.066932 v _2347_/A1 (sky130_fd_sc_hd__a21o_1)
     4    0.013314    0.141118    0.393626    9.460558 v _2347_/X (sky130_fd_sc_hd__a21o_1)
                                                         _1600_ (net)
                      0.141118    0.000243    9.460801 v _2350_/B (sky130_fd_sc_hd__and3_1)
     2    0.007137    0.105860    0.405968    9.866769 v _2350_/X (sky130_fd_sc_hd__and3_1)
                                                         _1603_ (net)
                      0.105860    0.000100    9.866869 v _2352_/C (sky130_fd_sc_hd__or3_4)
     3    0.008490    0.131438    0.682562   10.549431 v _2352_/X (sky130_fd_sc_hd__or3_4)
                                                         _0106_ (net)
                      0.131438    0.000135   10.549566 v _2355_/A1 (sky130_fd_sc_hd__a21o_1)
     4    0.010085    0.117164    0.369786   10.919352 v _2355_/X (sky130_fd_sc_hd__a21o_1)
                                                         _0109_ (net)
                      0.117164    0.000123   10.919475 v _2362_/A (sky130_fd_sc_hd__and3_1)
     2    0.005520    0.093237    0.339365   11.258840 v _2362_/X (sky130_fd_sc_hd__and3_1)
                                                         _0116_ (net)
                      0.093237    0.000062   11.258902 v _2364_/C (sky130_fd_sc_hd__or3_4)
     3    0.006888    0.127533    0.670393   11.929295 v _2364_/X (sky130_fd_sc_hd__or3_4)
                                                         _0118_ (net)
                      0.127533    0.000060   11.929354 v _2366_/A1 (sky130_fd_sc_hd__a21o_1)
     4    0.010456    0.120186    0.370919   12.300273 v _2366_/X (sky130_fd_sc_hd__a21o_1)
                                                         _0120_ (net)
                      0.120186    0.000087   12.300360 v _2370_/A (sky130_fd_sc_hd__and3_1)
     2    0.006582    0.101411    0.349499   12.649859 v _2370_/X (sky130_fd_sc_hd__and3_1)
                                                         _0124_ (net)
                      0.101411    0.000083   12.649942 v _2372_/C (sky130_fd_sc_hd__or3_4)
     3    0.008906    0.132483    0.683115   13.333057 v _2372_/X (sky130_fd_sc_hd__or3_4)
                                                         _0126_ (net)
                      0.132483    0.000087   13.333145 v _2378_/A1 (sky130_fd_sc_hd__a21o_1)
     4    0.009813    0.114935    0.368201   13.701346 v _2378_/X (sky130_fd_sc_hd__a21o_1)
                                                         _0132_ (net)
                      0.114935    0.000059   13.701405 v _2383_/A (sky130_fd_sc_hd__and3_1)
     2    0.007645    0.109976    0.355676   14.057081 v _2383_/X (sky130_fd_sc_hd__and3_1)
                                                         _0137_ (net)
                      0.109976    0.000107   14.057189 v _2385_/C (sky130_fd_sc_hd__or3_4)
     3    0.008077    0.130387    0.681943   14.739131 v _2385_/X (sky130_fd_sc_hd__or3_4)
                                                         _0139_ (net)
                      0.130387    0.000070   14.739202 v _2387_/A1 (sky130_fd_sc_hd__a21o_1)
     4    0.012317    0.135554    0.386270   15.125471 v _2387_/X (sky130_fd_sc_hd__a21o_1)
                                                         _0141_ (net)
                      0.135554    0.000073   15.125544 v _2390_/A (sky130_fd_sc_hd__and3_1)
     3    0.011318    0.141197    0.395543   15.521087 v _2390_/X (sky130_fd_sc_hd__and3_1)
                                                         _0144_ (net)
                      0.141197    0.000130   15.521216 v _2392_/C (sky130_fd_sc_hd__or3_4)
     3    0.006677    0.126861    0.685660   16.206877 v _2392_/X (sky130_fd_sc_hd__or3_4)
                                                         _0146_ (net)
                      0.126861    0.000041   16.206917 v _2397_/A1 (sky130_fd_sc_hd__a21o_1)
     4    0.010609    0.121444    0.371795   16.578712 v _2397_/X (sky130_fd_sc_hd__a21o_1)
                                                         _0151_ (net)
                      0.121444    0.000055   16.578768 v _2406_/A (sky130_fd_sc_hd__and3_1)
     2    0.006238    0.098720    0.347292   16.926060 v _2406_/X (sky130_fd_sc_hd__and3_1)
                                                         _0160_ (net)
                      0.098720    0.000037   16.926096 v _2408_/C (sky130_fd_sc_hd__or3_4)
     3    0.008445    0.131364    0.679933   17.606030 v _2408_/X (sky130_fd_sc_hd__or3_4)
                                                         _0162_ (net)
                      0.131364    0.000057   17.606087 v _2410_/A1 (sky130_fd_sc_hd__a21o_1)
     3    0.006646    0.089967    0.343649   17.949734 v _2410_/X (sky130_fd_sc_hd__a21o_1)
                                                         _0164_ (net)
                      0.089967    0.000083   17.949818 v _2413_/A (sky130_fd_sc_hd__and3_1)
     2    0.006057    0.097316    0.330770   18.280588 v _2413_/X (sky130_fd_sc_hd__and3_1)
                                                         _0167_ (net)
                      0.097316    0.000034   18.280622 v _2415_/C (sky130_fd_sc_hd__or3_4)
     3    0.006895    0.127568    0.671811   18.952433 v _2415_/X (sky130_fd_sc_hd__or3_4)
                                                         _0169_ (net)
                      0.127568    0.000066   18.952499 v _2420_/A1 (sky130_fd_sc_hd__a21o_1)
     4    0.011851    0.131696    0.381522   19.334021 v _2420_/X (sky130_fd_sc_hd__a21o_1)
                                                         _0174_ (net)
                      0.131696    0.000069   19.334091 v _2428_/A1 (sky130_fd_sc_hd__a21bo_1)
     1    0.004376    0.078234    0.345892   19.679983 v _2428_/X (sky130_fd_sc_hd__a21bo_1)
                                                         _0180_ (net)
                      0.078234    0.000018   19.680000 v _2429_/B (sky130_fd_sc_hd__xor2_1)
     1    0.002591    0.124836    0.262601   19.942600 v _2429_/X (sky130_fd_sc_hd__xor2_1)
                                                         _0181_ (net)
                      0.124836    0.000014   19.942616 v _2430_/A1 (sky130_fd_sc_hd__mux2_4)
     1    0.002234    0.076761    0.483873   20.426487 v _2430_/X (sky130_fd_sc_hd__mux2_4)
                                                         _0025_ (net)
                      0.076761    0.000011   20.426498 v _3238_/D (sky130_fd_sc_hd__dfrtp_4)
                                             20.426498   data arrival time

                                 14.000000   14.000000   clock clk (rise edge)
                                  0.000000   14.000000   clock source latency
     2    0.039909    0.000000    0.000000   14.000000 ^ clk (in)
                                                         clk (net)
                      0.001560    0.000780   14.000779 ^ clkbuf_0_clk/A (sky130_fd_sc_hd__clkbuf_16)
    17    0.159440    0.259805    0.348125   14.348905 ^ clkbuf_0_clk/X (sky130_fd_sc_hd__clkbuf_16)
                                                         clknet_0_clk (net)
                      0.260045    0.005150   14.354054 ^ clkbuf_3_3__f_clk/A (sky130_fd_sc_hd__clkbuf_16)
    35    0.096854    0.172191    0.397423   14.751477 ^ clkbuf_3_3__f_clk/X (sky130_fd_sc_hd__clkbuf_16)
                                                         clknet_3_3__leaf_clk (net)
                      0.172195    0.001160   14.752637 ^ _3238_/CLK (sky130_fd_sc_hd__dfrtp_4)
                                 -0.100000   14.652637   clock uncertainty
                                  0.000000   14.652637   clock reconvergence pessimism
                                 -0.250433   14.402205   library setup time
                                             14.402205   data required time
---------------------------------------------------------------------------------------------
                                             14.402205   data required time
                                            -20.426498   data arrival time
---------------------------------------------------------------------------------------------
                                             -6.024294   slack (VIOLATED)




===========================================================================
report_checks --slack_max -0.01
============================================================================
======================= min_ss_100C_1v60 Corner ===================================

Startpoint: _3302_ (rising edge-triggered flip-flop clocked by clk)
Endpoint: _3238_ (rising edge-triggered flip-flop clocked by clk)
Path Group: clk
Path Type: max

Fanout         Cap        Slew       Delay        Time   Description
---------------------------------------------------------------------------------------------
                                  0.000000    0.000000   clock clk (rise edge)
                                  0.000000    0.000000   clock source latency
     2    0.039909    0.000000    0.000000    0.000000 ^ clk (in)
                                                         clk (net)
                      0.001560    0.000780    0.000780 ^ clkbuf_0_clk/A (sky130_fd_sc_hd__clkbuf_16)
    17    0.159440    0.259805    0.348125    0.348905 ^ clkbuf_0_clk/X (sky130_fd_sc_hd__clkbuf_16)
                                                         clknet_0_clk (net)
                      0.260065    0.005482    0.354387 ^ clkbuf_3_0__f_clk/A (sky130_fd_sc_hd__clkbuf_16)
    25    0.091103    0.164154    0.391181    0.745568 ^ clkbuf_3_0__f_clk/X (sky130_fd_sc_hd__clkbuf_16)
                                                         clknet_3_0__leaf_clk (net)
                      0.164173    0.001856    0.747424 ^ _3302_/CLK (sky130_fd_sc_hd__dfrtp_4)
     6    0.021854    0.158988    1.097274    1.844698 v _3302_/Q (sky130_fd_sc_hd__dfrtp_4)
                                                         B_reg[12] (net)
                      0.158988    0.000870    1.845567 v _1910_/C (sky130_fd_sc_hd__and3_1)
     3    0.006789    0.103061    0.440595    2.286162 v _1910_/X (sky130_fd_sc_hd__and3_1)
                                                         _1175_ (net)
                      0.103061    0.000077    2.286239 v _2300_/A (sky130_fd_sc_hd__or4_4)
     4    0.009273    0.171834    1.090276    3.376516 v _2300_/X (sky130_fd_sc_hd__or4_4)
                                                         _1553_ (net)
                      0.171834    0.000067    3.376583 v _2304_/A1 (sky130_fd_sc_hd__a21o_1)
     3    0.007317    0.095165    0.366295    3.742878 v _2304_/X (sky130_fd_sc_hd__a21o_1)
                                                         _1557_ (net)
                      0.095165    0.000071    3.742949 v _2307_/A2 (sky130_fd_sc_hd__a21oi_1)
     3    0.010884    0.424178    0.425171    4.168120 ^ _2307_/Y (sky130_fd_sc_hd__a21oi_1)
                                                         _1560_ (net)
                      0.424178    0.000048    4.168168 ^ _2311_/B (sky130_fd_sc_hd__xor2_1)
     3    0.010452    0.402956    0.524655    4.692823 ^ _2311_/X (sky130_fd_sc_hd__xor2_1)
                                                         _1564_ (net)
                      0.402956    0.000173    4.692996 ^ _2313_/A2 (sky130_fd_sc_hd__a21o_1)
     4    0.010603    0.161542    0.408458    5.101454 ^ _2313_/X (sky130_fd_sc_hd__a21o_1)
                                                         _1566_ (net)
                      0.161542    0.000087    5.101541 ^ _2318_/A1 (sky130_fd_sc_hd__a21oi_1)
     3    0.012879    0.235989    0.273852    5.375393 v _2318_/Y (sky130_fd_sc_hd__a21oi_1)
                                                         _1571_ (net)
                      0.235989    0.000106    5.375499 v _2321_/B (sky130_fd_sc_hd__or3_4)
     2    0.006404    0.125829    0.790706    6.166204 v _2321_/X (sky130_fd_sc_hd__or3_4)
                                                         _1574_ (net)
                      0.125829    0.000094    6.166298 v _2326_/A1 (sky130_fd_sc_hd__a21o_1)
     4    0.009656    0.113684    0.364091    6.530389 v _2326_/X (sky130_fd_sc_hd__a21o_1)
                                                         _1579_ (net)
                      0.113684    0.000132    6.530521 v _2328_/B (sky130_fd_sc_hd__and3_1)
     2    0.005502    0.093075    0.378617    6.909138 v _2328_/X (sky130_fd_sc_hd__and3_1)
                                                         _1581_ (net)
                      0.093075    0.000075    6.909214 v _2330_/A (sky130_fd_sc_hd__or3_4)
     3    0.006919    0.127692    0.772060    7.681273 v _2330_/X (sky130_fd_sc_hd__or3_4)
                                                         _1583_ (net)
                      0.127692    0.000026    7.681299 v _2334_/A1 (sky130_fd_sc_hd__a21o_1)
     4    0.009800    0.114838    0.366013    8.047313 v _2334_/X (sky130_fd_sc_hd__a21o_1)
                                                         _1587_ (net)
                      0.114838    0.000090    8.047402 v _2338_/A (sky130_fd_sc_hd__and3_1)
     2    0.006062    0.097290    0.342696    8.390098 v _2338_/X (sky130_fd_sc_hd__and3_1)
                                                         _1591_ (net)
                      0.097290    0.000047    8.390144 v _2345_/C (sky130_fd_sc_hd__or3_4)
     3    0.007894    0.130012    0.676730    9.066875 v _2345_/X (sky130_fd_sc_hd__or3_4)
                                                         _1598_ (net)
                      0.130012    0.000057    9.066932 v _2347_/A1 (sky130_fd_sc_hd__a21o_1)
     4    0.013314    0.141118    0.393626    9.460558 v _2347_/X (sky130_fd_sc_hd__a21o_1)
                                                         _1600_ (net)
                      0.141118    0.000243    9.460801 v _2350_/B (sky130_fd_sc_hd__and3_1)
     2    0.007137    0.105860    0.405968    9.866769 v _2350_/X (sky130_fd_sc_hd__and3_1)
                                                         _1603_ (net)
                      0.105860    0.000100    9.866869 v _2352_/C (sky130_fd_sc_hd__or3_4)
     3    0.008490    0.131438    0.682562   10.549431 v _2352_/X (sky130_fd_sc_hd__or3_4)
                                                         _0106_ (net)
                      0.131438    0.000135   10.549566 v _2355_/A1 (sky130_fd_sc_hd__a21o_1)
     4    0.010085    0.117164    0.369786   10.919352 v _2355_/X (sky130_fd_sc_hd__a21o_1)
                                                         _0109_ (net)
                      0.117164    0.000123   10.919475 v _2362_/A (sky130_fd_sc_hd__and3_1)
     2    0.005520    0.093237    0.339365   11.258840 v _2362_/X (sky130_fd_sc_hd__and3_1)
                                                         _0116_ (net)
                      0.093237    0.000062   11.258902 v _2364_/C (sky130_fd_sc_hd__or3_4)
     3    0.006888    0.127533    0.670393   11.929295 v _2364_/X (sky130_fd_sc_hd__or3_4)
                                                         _0118_ (net)
                      0.127533    0.000060   11.929354 v _2366_/A1 (sky130_fd_sc_hd__a21o_1)
     4    0.010456    0.120186    0.370919   12.300273 v _2366_/X (sky130_fd_sc_hd__a21o_1)
                                                         _0120_ (net)
                      0.120186    0.000087   12.300360 v _2370_/A (sky130_fd_sc_hd__and3_1)
     2    0.006582    0.101411    0.349499   12.649859 v _2370_/X (sky130_fd_sc_hd__and3_1)
                                                         _0124_ (net)
                      0.101411    0.000083   12.649942 v _2372_/C (sky130_fd_sc_hd__or3_4)
     3    0.008906    0.132483    0.683115   13.333057 v _2372_/X (sky130_fd_sc_hd__or3_4)
                                                         _0126_ (net)
                      0.132483    0.000087   13.333145 v _2378_/A1 (sky130_fd_sc_hd__a21o_1)
     4    0.009813    0.114935    0.368201   13.701346 v _2378_/X (sky130_fd_sc_hd__a21o_1)
                                                         _0132_ (net)
                      0.114935    0.000059   13.701405 v _2383_/A (sky130_fd_sc_hd__and3_1)
     2    0.007645    0.109976    0.355676   14.057081 v _2383_/X (sky130_fd_sc_hd__and3_1)
                                                         _0137_ (net)
                      0.109976    0.000107   14.057189 v _2385_/C (sky130_fd_sc_hd__or3_4)
     3    0.008077    0.130387    0.681943   14.739131 v _2385_/X (sky130_fd_sc_hd__or3_4)
                                                         _0139_ (net)
                      0.130387    0.000070   14.739202 v _2387_/A1 (sky130_fd_sc_hd__a21o_1)
     4    0.012317    0.135554    0.386270   15.125471 v _2387_/X (sky130_fd_sc_hd__a21o_1)
                                                         _0141_ (net)
                      0.135554    0.000073   15.125544 v _2390_/A (sky130_fd_sc_hd__and3_1)
     3    0.011318    0.141197    0.395543   15.521087 v _2390_/X (sky130_fd_sc_hd__and3_1)
                                                         _0144_ (net)
                      0.141197    0.000130   15.521216 v _2392_/C (sky130_fd_sc_hd__or3_4)
     3    0.006677    0.126861    0.685660   16.206877 v _2392_/X (sky130_fd_sc_hd__or3_4)
                                                         _0146_ (net)
                      0.126861    0.000041   16.206917 v _2397_/A1 (sky130_fd_sc_hd__a21o_1)
     4    0.010609    0.121444    0.371795   16.578712 v _2397_/X (sky130_fd_sc_hd__a21o_1)
                                                         _0151_ (net)
                      0.121444    0.000055   16.578768 v _2406_/A (sky130_fd_sc_hd__and3_1)
     2    0.006238    0.098720    0.347292   16.926060 v _2406_/X (sky130_fd_sc_hd__and3_1)
                                                         _0160_ (net)
                      0.098720    0.000037   16.926096 v _2408_/C (sky130_fd_sc_hd__or3_4)
     3    0.008445    0.131364    0.679933   17.606030 v _2408_/X (sky130_fd_sc_hd__or3_4)
                                                         _0162_ (net)
                      0.131364    0.000057   17.606087 v _2410_/A1 (sky130_fd_sc_hd__a21o_1)
     3    0.006646    0.089967    0.343649   17.949734 v _2410_/X (sky130_fd_sc_hd__a21o_1)
                                                         _0164_ (net)
                      0.089967    0.000083   17.949818 v _2413_/A (sky130_fd_sc_hd__and3_1)
     2    0.006057    0.097316    0.330770   18.280588 v _2413_/X (sky130_fd_sc_hd__and3_1)
                                                         _0167_ (net)
                      0.097316    0.000034   18.280622 v _2415_/C (sky130_fd_sc_hd__or3_4)
     3    0.006895    0.127568    0.671811   18.952433 v _2415_/X (sky130_fd_sc_hd__or3_4)
                                                         _0169_ (net)
                      0.127568    0.000066   18.952499 v _2420_/A1 (sky130_fd_sc_hd__a21o_1)
     4    0.011851    0.131696    0.381522   19.334021 v _2420_/X (sky130_fd_sc_hd__a21o_1)
                                                         _0174_ (net)
                      0.131696    0.000069   19.334091 v _2428_/A1 (sky130_fd_sc_hd__a21bo_1)
     1    0.004376    0.078234    0.345892   19.679983 v _2428_/X (sky130_fd_sc_hd__a21bo_1)
                                                         _0180_ (net)
                      0.078234    0.000018   19.680000 v _2429_/B (sky130_fd_sc_hd__xor2_1)
     1    0.002591    0.124836    0.262601   19.942600 v _2429_/X (sky130_fd_sc_hd__xor2_1)
                                                         _0181_ (net)
                      0.124836    0.000014   19.942616 v _2430_/A1 (sky130_fd_sc_hd__mux2_4)
     1    0.002234    0.076761    0.483873   20.426487 v _2430_/X (sky130_fd_sc_hd__mux2_4)
                                                         _0025_ (net)
                      0.076761    0.000011   20.426498 v _3238_/D (sky130_fd_sc_hd__dfrtp_4)
                                             20.426498   data arrival time

                                 14.000000   14.000000   clock clk (rise edge)
                                  0.000000   14.000000   clock source latency
     2    0.039909    0.000000    0.000000   14.000000 ^ clk (in)
                                                         clk (net)
                      0.001560    0.000780   14.000779 ^ clkbuf_0_clk/A (sky130_fd_sc_hd__clkbuf_16)
    17    0.159440    0.259805    0.348125   14.348905 ^ clkbuf_0_clk/X (sky130_fd_sc_hd__clkbuf_16)
                                                         clknet_0_clk (net)
                      0.260045    0.005150   14.354054 ^ clkbuf_3_3__f_clk/A (sky130_fd_sc_hd__clkbuf_16)
    35    0.096854    0.172191    0.397423   14.751477 ^ clkbuf_3_3__f_clk/X (sky130_fd_sc_hd__clkbuf_16)
                                                         clknet_3_3__leaf_clk (net)
                      0.172195    0.001160   14.752637 ^ _3238_/CLK (sky130_fd_sc_hd__dfrtp_4)
                                 -0.100000   14.652637   clock uncertainty
                                  0.000000   14.652637   clock reconvergence pessimism
                                 -0.250433   14.402205   library setup time
                                             14.402205   data required time
---------------------------------------------------------------------------------------------
                                             14.402205   data required time
                                            -20.426498   data arrival time
---------------------------------------------------------------------------------------------
                                             -6.024294   slack (VIOLATED)




===========================================================================
 report_check_types -max_slew -max_cap -max_fanout -violators
============================================================================
======================= min_ss_100C_1v60 Corner ===================================



===========================================================================
report_parasitic_annotation -report_unannotated
============================================================================
Found 7 unannotated drivers.
 clkload0/Y
 clkload1/Y
 clkload2/Y
 clkload3/Y
 clkload4/Y
 clkload5/Y
 clkload6/Y
Found 0 partially unannotated drivers.

===========================================================================
max slew violation count 0
max fanout violation count 0
max cap violation count 0
============================================================================

===========================================================================
check_setup -verbose -unconstrained_endpoints -multiple_clock -no_clock -no_input_delay -loops -generated_clocks
===========================================================================
Warning: There are 36 input ports missing set_input_delay.
  A_in[0]
  A_in[10]
  A_in[11]
  A_in[12]
  A_in[13]
  A_in[14]
  A_in[15]
  A_in[1]
  A_in[2]
  A_in[3]
  A_in[4]
  A_in[5]
  A_in[6]
  A_in[7]
  A_in[8]
  A_in[9]
  B_in[0]
  B_in[10]
  B_in[11]
  B_in[12]
  B_in[13]
  B_in[14]
  B_in[15]
  B_in[1]
  B_in[2]
  B_in[3]
  B_in[4]
  B_in[5]
  B_in[6]
  B_in[7]
  B_in[8]
  B_in[9]
  Op_Sel[0]
  Op_Sel[1]
  Start
  rst_n
Warning: There are 17 unconstrained endpoints.
  Done
  X_out[0]
  X_out[10]
  X_out[11]
  X_out[12]
  X_out[13]
  X_out[14]
  X_out[15]
  X_out[1]
  X_out[2]
  X_out[3]
  X_out[4]
  X_out[5]
  X_out[6]
  X_out[7]
  X_out[8]
  X_out[9]
