Reading OpenROAD database at '/work/runs/RUN_2026-03-17_13-50-56/38-odb-heuristicdiodeinsertion/1-odb-fuzzydiodeplacement/rns_top_crt.odb'…
Reading library file at '/pdk/volare/sky130/versions/0fe599b2afb6708d281543108caf8310912f54af/sky130A/libs.ref/sky130_fd_sc_hd/lib/sky130_fd_sc_hd__tt_025C_1v80.lib'…
Reading design constraints file at 'designs/_shared/ll_policy/constraints.sdc'…
[INFO] No information on clock propagation in input SDC file-- propagating all clocks.
Placement Analysis
---------------------------------
total displacement        930.7 u
average displacement        0.2 u
max displacement            6.4 u
original HPWL           39237.2 u
legalized HPWL          40697.0 u
delta HPWL                    4 %

[INFO DPL-0020] Mirrored 827 instances
[INFO DPL-0021] HPWL before           40697.0 u
[INFO DPL-0022] HPWL after            39362.1 u
[INFO DPL-0023] HPWL delta               -3.3 %
Setting global connections for newly added cells…
[INFO] Setting global connections...
Updating metrics…
Cell type report:                       Count       Area
  Fill cell                               308    1156.11
  Tap cell                               2496    3123.00
  Antenna cell                            924    2312.22
  Clock buffer                              9     225.22
  Timing Repair Buffer                    132     927.14
  Inverter                                 59     226.47
  Clock inverter                            7      73.82
  Sequential cell                         110    2977.86
  Multi-Input combinational cell         1549   12674.66
  Total                                  5594   23696.48
Writing OpenROAD database to '/work/runs/RUN_2026-03-17_13-50-56/38-odb-heuristicdiodeinsertion/2-openroad-detailedplacement/rns_top_crt.odb'…
Writing netlist to '/work/runs/RUN_2026-03-17_13-50-56/38-odb-heuristicdiodeinsertion/2-openroad-detailedplacement/rns_top_crt.nl.v'…
Writing powered netlist to '/work/runs/RUN_2026-03-17_13-50-56/38-odb-heuristicdiodeinsertion/2-openroad-detailedplacement/rns_top_crt.pnl.v'…
Writing layout to '/work/runs/RUN_2026-03-17_13-50-56/38-odb-heuristicdiodeinsertion/2-openroad-detailedplacement/rns_top_crt.def'…
Writing timing constraints to '/work/runs/RUN_2026-03-17_13-50-56/38-odb-heuristicdiodeinsertion/2-openroad-detailedplacement/rns_top_crt.sdc'…
