
===========================================================================
report_checks -unconstrained
===========================================================================
======================= max_tt_025C_1v80 Corner ===================================

Startpoint: _3302_ (rising edge-triggered flip-flop clocked by clk)
Endpoint: _3237_ (rising edge-triggered flip-flop clocked by clk)
Path Group: clk
Path Type: max

Fanout         Cap        Slew       Delay        Time   Description
---------------------------------------------------------------------------------------------
                                  0.000000    0.000000   clock clk (rise edge)
                                  0.000000    0.000000   clock source latency
     2    0.043625    0.000000    0.000000    0.000000 ^ clk (in)
                                                         clk (net)
                      0.003098    0.001549    0.001549 ^ clkbuf_0_clk/A (sky130_fd_sc_hd__clkbuf_16)
    17    0.172927    0.184992    0.215047    0.216597 ^ clkbuf_0_clk/X (sky130_fd_sc_hd__clkbuf_16)
                                                         clknet_0_clk (net)
                      0.186392    0.012926    0.229522 ^ clkbuf_3_0__f_clk/A (sky130_fd_sc_hd__clkbuf_16)
    25    0.094654    0.111922    0.228160    0.457682 ^ clkbuf_3_0__f_clk/X (sky130_fd_sc_hd__clkbuf_16)
                                                         clknet_3_0__leaf_clk (net)
                      0.112583    0.006523    0.464205 ^ _3302_/CLK (sky130_fd_sc_hd__dfrtp_4)
    15    0.052698    0.123694    0.577005    1.041211 v _3302_/Q (sky130_fd_sc_hd__dfrtp_4)
                                                         B_reg[12] (net)
                      0.124069    0.005908    1.047119 v _1910_/C (sky130_fd_sc_hd__and3_1)
     3    0.006089    0.050997    0.226169    1.273288 v _1910_/X (sky130_fd_sc_hd__and3_1)
                                                         _1175_ (net)
                      0.050997    0.000202    1.273489 v _2300_/B (sky130_fd_sc_hd__or4_1)
     4    0.009969    0.127891    0.561027    1.834517 v _2300_/X (sky130_fd_sc_hd__or4_1)
                                                         _1553_ (net)
                      0.127892    0.000566    1.835082 v _2304_/A2 (sky130_fd_sc_hd__a21o_1)
     3    0.007674    0.054272    0.227018    2.062100 v _2304_/X (sky130_fd_sc_hd__a21o_1)
                                                         _1557_ (net)
                      0.054274    0.000401    2.062500 v _2308_/C (sky130_fd_sc_hd__and3_1)
     2    0.005322    0.047569    0.190528    2.253028 v _2308_/X (sky130_fd_sc_hd__and3_1)
                                                         _1561_ (net)
                      0.047570    0.000311    2.253339 v _2310_/C (sky130_fd_sc_hd__or3_1)
     3    0.006991    0.088559    0.335270    2.588609 v _2310_/X (sky130_fd_sc_hd__or3_1)
                                                         _1563_ (net)
                      0.088560    0.000400    2.589010 v _2313_/A1 (sky130_fd_sc_hd__a21o_1)
     4    0.010391    0.064090    0.201974    2.790984 v _2313_/X (sky130_fd_sc_hd__a21o_1)
                                                         _1566_ (net)
                      0.064092    0.000485    2.791469 v _2319_/B (sky130_fd_sc_hd__and3_1)
     2    0.005838    0.049872    0.182171    2.973640 v _2319_/X (sky130_fd_sc_hd__and3_1)
                                                         _1572_ (net)
                      0.049873    0.000283    2.973923 v _2321_/C (sky130_fd_sc_hd__or3_1)
     3    0.008606    0.097187    0.348039    3.321962 v _2321_/X (sky130_fd_sc_hd__or3_1)
                                                         _1574_ (net)
                      0.097189    0.000590    3.322552 v _2326_/A1 (sky130_fd_sc_hd__a21o_1)
     4    0.011459    0.068379    0.209256    3.531808 v _2326_/X (sky130_fd_sc_hd__a21o_1)
                                                         _1579_ (net)
                      0.068384    0.000635    3.532443 v _2328_/C (sky130_fd_sc_hd__and3_1)
     2    0.004901    0.045743    0.194914    3.727356 v _2328_/X (sky130_fd_sc_hd__and3_1)
                                                         _1581_ (net)
                      0.045745    0.000298    3.727654 v _2330_/C (sky130_fd_sc_hd__or3_2)
     4    0.014477    0.113735    0.465814    4.193468 v _2330_/X (sky130_fd_sc_hd__or3_2)
                                                         _1583_ (net)
                      0.113735    0.001160    4.194627 v _2334_/A1 (sky130_fd_sc_hd__a21o_1)
     5    0.015616    0.085382    0.230744    4.425371 v _2334_/X (sky130_fd_sc_hd__a21o_1)
                                                         _1587_ (net)
                      0.085389    0.000849    4.426220 v _2338_/B (sky130_fd_sc_hd__and3_1)
     2    0.006807    0.054324    0.196502    4.622723 v _2338_/X (sky130_fd_sc_hd__and3_1)
                                                         _1591_ (net)
                      0.054326    0.000376    4.623098 v _2345_/C (sky130_fd_sc_hd__or3_1)
     3    0.008371    0.096488    0.347507    4.970605 v _2345_/X (sky130_fd_sc_hd__or3_1)
                                                         _1598_ (net)
                      0.096488    0.000324    4.970929 v _2347_/A1 (sky130_fd_sc_hd__a21o_1)
     4    0.011856    0.070021    0.210282    5.181211 v _2347_/X (sky130_fd_sc_hd__a21o_1)
                                                         _1600_ (net)
                      0.070032    0.000887    5.182098 v _2350_/C (sky130_fd_sc_hd__and3_1)
     2    0.006943    0.054923    0.205546    5.387644 v _2350_/X (sky130_fd_sc_hd__and3_1)
                                                         _1603_ (net)
                      0.054926    0.000441    5.388084 v _2352_/C (sky130_fd_sc_hd__or3_1)
     3    0.009697    0.102197    0.356490    5.744575 v _2352_/X (sky130_fd_sc_hd__or3_1)
                                                         _0106_ (net)
                      0.102200    0.000612    5.745187 v _2355_/A2 (sky130_fd_sc_hd__a21o_1)
     4    0.010892    0.066138    0.230462    5.975649 v _2355_/X (sky130_fd_sc_hd__a21o_1)
                                                         _0109_ (net)
                      0.066149    0.000856    5.976505 v _2362_/B (sky130_fd_sc_hd__and3_1)
     2    0.006320    0.052058    0.185448    6.161953 v _2362_/X (sky130_fd_sc_hd__and3_1)
                                                         _0116_ (net)
                      0.052059    0.000384    6.162337 v _2364_/C (sky130_fd_sc_hd__or3_1)
     3    0.007523    0.092008    0.340256    6.502593 v _2364_/X (sky130_fd_sc_hd__or3_1)
                                                         _0118_ (net)
                      0.092009    0.000505    6.503098 v _2366_/A2 (sky130_fd_sc_hd__a21o_1)
     4    0.011824    0.069828    0.229905    6.733002 v _2366_/X (sky130_fd_sc_hd__a21o_1)
                                                         _0120_ (net)
                      0.069834    0.000671    6.733673 v _2370_/B (sky130_fd_sc_hd__and3_1)
     2    0.005948    0.050332    0.185374    6.919047 v _2370_/X (sky130_fd_sc_hd__and3_1)
                                                         _0124_ (net)
                      0.050332    0.000302    6.919349 v _2372_/C (sky130_fd_sc_hd__or3_1)
     3    0.009157    0.099814    0.352459    7.271808 v _2372_/X (sky130_fd_sc_hd__or3_1)
                                                         _0126_ (net)
                      0.099814    0.000306    7.272114 v _2378_/A1 (sky130_fd_sc_hd__a21o_1)
     4    0.010971    0.066434    0.208614    7.480727 v _2378_/X (sky130_fd_sc_hd__a21o_1)
                                                         _0132_ (net)
                      0.066437    0.000557    7.481284 v _2383_/C (sky130_fd_sc_hd__and3_1)
     2    0.007035    0.055301    0.204418    7.685702 v _2383_/X (sky130_fd_sc_hd__and3_1)
                                                         _0137_ (net)
                      0.055301    0.000321    7.686023 v _2385_/C (sky130_fd_sc_hd__or3_1)
     3    0.007870    0.094279    0.343845    8.029868 v _2385_/X (sky130_fd_sc_hd__or3_1)
                                                         _0139_ (net)
                      0.094281    0.000590    8.030457 v _2387_/A1 (sky130_fd_sc_hd__a21o_1)
     4    0.012732    0.073488    0.212649    8.243107 v _2387_/X (sky130_fd_sc_hd__a21o_1)
                                                         _0141_ (net)
                      0.073489    0.000391    8.243498 v _2390_/B (sky130_fd_sc_hd__and3_1)
     3    0.010534    0.069137    0.207315    8.450812 v _2390_/X (sky130_fd_sc_hd__and3_1)
                                                         _0144_ (net)
                      0.069143    0.000709    8.451522 v _2392_/C (sky130_fd_sc_hd__or3_1)
     3    0.006906    0.088122    0.341219    8.792740 v _2392_/X (sky130_fd_sc_hd__or3_1)
                                                         _0146_ (net)
                      0.088122    0.000416    8.793156 v _2397_/A1 (sky130_fd_sc_hd__a21o_1)
     4    0.011310    0.067747    0.205044    8.998199 v _2397_/X (sky130_fd_sc_hd__a21o_1)
                                                         _0151_ (net)
                      0.067750    0.000526    8.998726 v _2406_/B (sky130_fd_sc_hd__and3_1)
     2    0.005693    0.049212    0.183151    9.181877 v _2406_/X (sky130_fd_sc_hd__and3_1)
                                                         _0160_ (net)
                      0.049214    0.000321    9.182198 v _2408_/C (sky130_fd_sc_hd__or3_1)
     3    0.008265    0.096167    0.345390    9.527587 v _2408_/X (sky130_fd_sc_hd__or3_1)
                                                         _0162_ (net)
                      0.096167    0.000387    9.527974 v _2410_/A2 (sky130_fd_sc_hd__a21o_1)
     3    0.007206    0.052091    0.212504    9.740478 v _2410_/X (sky130_fd_sc_hd__a21o_1)
                                                         _0164_ (net)
                      0.052093    0.000386    9.740865 v _2413_/C (sky130_fd_sc_hd__and3_1)
     2    0.005067    0.046445    0.188356    9.929220 v _2413_/X (sky130_fd_sc_hd__and3_1)
                                                         _0167_ (net)
                      0.046445    0.000168    9.929388 v _2415_/C (sky130_fd_sc_hd__or3_1)
     3    0.007424    0.091274    0.338325   10.267714 v _2415_/X (sky130_fd_sc_hd__or3_1)
                                                         _0169_ (net)
                      0.091274    0.000428   10.268142 v _2420_/A1 (sky130_fd_sc_hd__a21o_1)
     4    0.011184    0.067267    0.205866   10.474007 v _2420_/X (sky130_fd_sc_hd__a21o_1)
                                                         _0174_ (net)
                      0.067271    0.000625   10.474632 v _2423_/A1 (sky130_fd_sc_hd__a21o_1)
     2    0.008528    0.058056    0.185511   10.660143 v _2423_/X (sky130_fd_sc_hd__a21o_1)
                                                         _0177_ (net)
                      0.058062    0.000605   10.660748 v _2426_/B (sky130_fd_sc_hd__xnor2_1)
     1    0.003211    0.058261    0.125077   10.785825 v _2426_/Y (sky130_fd_sc_hd__xnor2_1)
                                                         _0179_ (net)
                      0.058261    0.000128   10.785953 v _2427_/A1 (sky130_fd_sc_hd__mux2_1)
     1    0.002983    0.056179    0.293106   11.079059 v _2427_/X (sky130_fd_sc_hd__mux2_1)
                                                         _0024_ (net)
                      0.056179    0.000192   11.079250 v _3237_/D (sky130_fd_sc_hd__dfrtp_4)
                                             11.079250   data arrival time

                                120.000000  120.000000   clock clk (rise edge)
                                  0.000000  120.000000   clock source latency
     2    0.043625    0.000000    0.000000  120.000000 ^ clk (in)
                                                         clk (net)
                      0.003098    0.001549  120.001549 ^ clkbuf_0_clk/A (sky130_fd_sc_hd__clkbuf_16)
    17    0.172927    0.184992    0.215053  120.216599 ^ clkbuf_0_clk/X (sky130_fd_sc_hd__clkbuf_16)
                                                         clknet_0_clk (net)
                      0.186356    0.012761  120.229362 ^ clkbuf_3_3__f_clk/A (sky130_fd_sc_hd__clkbuf_16)
    35    0.104312    0.121263    0.234181  120.463547 ^ clkbuf_3_3__f_clk/X (sky130_fd_sc_hd__clkbuf_16)
                                                         clknet_3_3__leaf_clk (net)
                      0.122186    0.008171  120.471718 ^ _3237_/CLK (sky130_fd_sc_hd__dfrtp_4)
                                 -0.100000  120.371712   clock uncertainty
                                  0.000000  120.371712   clock reconvergence pessimism
                                 -0.101467  120.270248   library setup time
                                            120.270248   data required time
---------------------------------------------------------------------------------------------
                                            120.270248   data required time
                                            -11.079250   data arrival time
---------------------------------------------------------------------------------------------
                                            109.190994   slack (MET)




===========================================================================
report_checks --slack_max -0.01
============================================================================
======================= max_tt_025C_1v80 Corner ===================================

No paths found.


===========================================================================
 report_check_types -max_slew -max_cap -max_fanout -violators
============================================================================
======================= max_tt_025C_1v80 Corner ===================================



===========================================================================
report_parasitic_annotation -report_unannotated
============================================================================
Found 7 unannotated drivers.
 clkload0/Y
 clkload1/Y
 clkload2/Y
 clkload3/Y
 clkload4/Y
 clkload5/Y
 clkload6/Y
Found 0 partially unannotated drivers.

===========================================================================
max slew violation count 0
max fanout violation count 0
max cap violation count 0
============================================================================

===========================================================================
check_setup -verbose -unconstrained_endpoints -multiple_clock -no_clock -no_input_delay -loops -generated_clocks
===========================================================================
Warning: There are 36 input ports missing set_input_delay.
  A_in[0]
  A_in[10]
  A_in[11]
  A_in[12]
  A_in[13]
  A_in[14]
  A_in[15]
  A_in[1]
  A_in[2]
  A_in[3]
  A_in[4]
  A_in[5]
  A_in[6]
  A_in[7]
  A_in[8]
  A_in[9]
  B_in[0]
  B_in[10]
  B_in[11]
  B_in[12]
  B_in[13]
  B_in[14]
  B_in[15]
  B_in[1]
  B_in[2]
  B_in[3]
  B_in[4]
  B_in[5]
  B_in[6]
  B_in[7]
  B_in[8]
  B_in[9]
  Op_Sel[0]
  Op_Sel[1]
  Start
  rst_n
Warning: There are 17 unconstrained endpoints.
  Done
  X_out[0]
  X_out[10]
  X_out[11]
  X_out[12]
  X_out[13]
  X_out[14]
  X_out[15]
  X_out[1]
  X_out[2]
  X_out[3]
  X_out[4]
  X_out[5]
  X_out[6]
  X_out[7]
  X_out[8]
  X_out[9]
