
===========================================================================
report_checks -unconstrained
===========================================================================
======================= nom_tt_025C_1v80 Corner ===================================

Startpoint: _3302_ (rising edge-triggered flip-flop clocked by clk)
Endpoint: _3237_ (rising edge-triggered flip-flop clocked by clk)
Path Group: clk
Path Type: max

Fanout         Cap        Slew       Delay        Time   Description
---------------------------------------------------------------------------------------------
                                  0.000000    0.000000   clock clk (rise edge)
                                  0.000000    0.000000   clock source latency
     2    0.043169    0.000000    0.000000    0.000000 ^ clk (in)
                                                         clk (net)
                      0.002232    0.001116    0.001116 ^ clkbuf_0_clk/A (sky130_fd_sc_hd__clkbuf_16)
    17    0.165207    0.177174    0.212536    0.213652 ^ clkbuf_0_clk/X (sky130_fd_sc_hd__clkbuf_16)
                                                         clknet_0_clk (net)
                      0.177702    0.007818    0.221469 ^ clkbuf_3_0__f_clk/A (sky130_fd_sc_hd__clkbuf_16)
    25    0.092937    0.109539    0.225510    0.446979 ^ clkbuf_3_0__f_clk/X (sky130_fd_sc_hd__clkbuf_16)
                                                         clknet_3_0__leaf_clk (net)
                      0.109809    0.003899    0.450879 ^ _3302_/CLK (sky130_fd_sc_hd__dfrtp_4)
    15    0.049746    0.121671    0.572801    1.023680 v _3302_/Q (sky130_fd_sc_hd__dfrtp_4)
                                                         B_reg[12] (net)
                      0.121736    0.002581    1.026261 v _1910_/C (sky130_fd_sc_hd__and3_1)
     3    0.005957    0.050365    0.224505    1.250766 v _1910_/X (sky130_fd_sc_hd__and3_1)
                                                         _1175_ (net)
                      0.050365    0.000093    1.250859 v _2300_/B (sky130_fd_sc_hd__or4_1)
     4    0.009779    0.127032    0.559869    1.810729 v _2300_/X (sky130_fd_sc_hd__or4_1)
                                                         _1553_ (net)
                      0.127032    0.000207    1.810936 v _2304_/A2 (sky130_fd_sc_hd__a21o_1)
     3    0.007640    0.054019    0.226685    2.037620 v _2304_/X (sky130_fd_sc_hd__a21o_1)
                                                         _1557_ (net)
                      0.054019    0.000171    2.037792 v _2308_/C (sky130_fd_sc_hd__and3_1)
     2    0.005163    0.046840    0.189723    2.227515 v _2308_/X (sky130_fd_sc_hd__and3_1)
                                                         _1561_ (net)
                      0.046840    0.000125    2.227640 v _2310_/C (sky130_fd_sc_hd__or3_1)
     3    0.008052    0.095150    0.343344    2.570984 v _2310_/X (sky130_fd_sc_hd__or3_1)
                                                         _1563_ (net)
                      0.095150    0.000205    2.571188 v _2313_/A1 (sky130_fd_sc_hd__a21o_1)
     4    0.010712    0.065287    0.205993    2.777181 v _2313_/X (sky130_fd_sc_hd__a21o_1)
                                                         _1566_ (net)
                      0.065287    0.000198    2.777379 v _2319_/B (sky130_fd_sc_hd__and3_1)
     2    0.005662    0.049030    0.181976    2.959355 v _2319_/X (sky130_fd_sc_hd__and3_1)
                                                         _1572_ (net)
                      0.049030    0.000109    2.959464 v _2321_/C (sky130_fd_sc_hd__or3_1)
     3    0.008803    0.097843    0.349547    3.309011 v _2321_/X (sky130_fd_sc_hd__or3_1)
                                                         _1574_ (net)
                      0.097843    0.000272    3.309283 v _2326_/A1 (sky130_fd_sc_hd__a21o_1)
     4    0.011203    0.067271    0.208781    3.518064 v _2326_/X (sky130_fd_sc_hd__a21o_1)
                                                         _1579_ (net)
                      0.067271    0.000334    3.518398 v _2328_/C (sky130_fd_sc_hd__and3_1)
     2    0.004800    0.045316    0.193995    3.712393 v _2328_/X (sky130_fd_sc_hd__and3_1)
                                                         _1581_ (net)
                      0.045316    0.000119    3.712512 v _2330_/C (sky130_fd_sc_hd__or3_2)
     4    0.014140    0.112931    0.464768    4.177280 v _2330_/X (sky130_fd_sc_hd__or3_2)
                                                         _1583_ (net)
                      0.112931    0.000485    4.177765 v _2334_/A1 (sky130_fd_sc_hd__a21o_1)
     5    0.015971    0.086660    0.232027    4.409792 v _2334_/X (sky130_fd_sc_hd__a21o_1)
                                                         _1587_ (net)
                      0.086661    0.000347    4.410139 v _2338_/B (sky130_fd_sc_hd__and3_1)
     2    0.007461    0.057313    0.200368    4.610507 v _2338_/X (sky130_fd_sc_hd__and3_1)
                                                         _1591_ (net)
                      0.057313    0.000259    4.610766 v _2345_/C (sky130_fd_sc_hd__or3_1)
     3    0.008206    0.096033    0.347341    4.958107 v _2345_/X (sky130_fd_sc_hd__or3_1)
                                                         _1598_ (net)
                      0.096033    0.000154    4.958261 v _2347_/A1 (sky130_fd_sc_hd__a21o_1)
     4    0.011421    0.068147    0.208834    5.167095 v _2347_/X (sky130_fd_sc_hd__a21o_1)
                                                         _1600_ (net)
                      0.068147    0.000341    5.167436 v _2350_/C (sky130_fd_sc_hd__and3_1)
     2    0.006842    0.054371    0.204318    5.371754 v _2350_/X (sky130_fd_sc_hd__and3_1)
                                                         _1603_ (net)
                      0.054371    0.000203    5.371956 v _2352_/C (sky130_fd_sc_hd__or3_1)
     3    0.009224    0.100216    0.353963    5.725919 v _2352_/X (sky130_fd_sc_hd__or3_1)
                                                         _0106_ (net)
                      0.100216    0.000255    5.726174 v _2355_/A2 (sky130_fd_sc_hd__a21o_1)
     4    0.010399    0.064052    0.228177    5.954351 v _2355_/X (sky130_fd_sc_hd__a21o_1)
                                                         _0109_ (net)
                      0.064053    0.000296    5.954647 v _2362_/B (sky130_fd_sc_hd__and3_1)
     2    0.005829    0.049775    0.182231    6.136878 v _2362_/X (sky130_fd_sc_hd__and3_1)
                                                         _0116_ (net)
                      0.049775    0.000156    6.137034 v _2364_/C (sky130_fd_sc_hd__or3_1)
     3    0.007405    0.091093    0.339029    6.476063 v _2364_/X (sky130_fd_sc_hd__or3_1)
                                                         _0118_ (net)
                      0.091093    0.000214    6.476277 v _2366_/A2 (sky130_fd_sc_hd__a21o_1)
     4    0.011557    0.068649    0.228790    6.705068 v _2366_/X (sky130_fd_sc_hd__a21o_1)
                                                         _0120_ (net)
                      0.068649    0.000302    6.705370 v _2370_/B (sky130_fd_sc_hd__and3_1)
     2    0.005736    0.049348    0.183876    6.889246 v _2370_/X (sky130_fd_sc_hd__and3_1)
                                                         _0124_ (net)
                      0.049348    0.000146    6.889392 v _2372_/C (sky130_fd_sc_hd__or3_1)
     3    0.008985    0.098792    0.351057    7.240448 v _2372_/X (sky130_fd_sc_hd__or3_1)
                                                         _0126_ (net)
                      0.098792    0.000143    7.240591 v _2378_/A1 (sky130_fd_sc_hd__a21o_1)
     4    0.010633    0.064996    0.207195    7.447786 v _2378_/X (sky130_fd_sc_hd__a21o_1)
                                                         _0132_ (net)
                      0.064996    0.000210    7.447997 v _2383_/C (sky130_fd_sc_hd__and3_1)
     2    0.007173    0.055895    0.204518    7.652514 v _2383_/X (sky130_fd_sc_hd__and3_1)
                                                         _0137_ (net)
                      0.055895    0.000194    7.652708 v _2385_/C (sky130_fd_sc_hd__or3_1)
     3    0.008158    0.095939    0.346490    7.999198 v _2385_/X (sky130_fd_sc_hd__or3_1)
                                                         _0139_ (net)
                      0.095939    0.000180    7.999378 v _2387_/A1 (sky130_fd_sc_hd__a21o_1)
     4    0.012503    0.072466    0.212698    8.212076 v _2387_/X (sky130_fd_sc_hd__a21o_1)
                                                         _0141_ (net)
                      0.072466    0.000187    8.212264 v _2390_/B (sky130_fd_sc_hd__and3_1)
     3    0.010239    0.067944    0.205990    8.418254 v _2390_/X (sky130_fd_sc_hd__and3_1)
                                                         _0144_ (net)
                      0.067944    0.000302    8.418556 v _2392_/C (sky130_fd_sc_hd__or3_1)
     3    0.006781    0.087260    0.339998    8.758554 v _2392_/X (sky130_fd_sc_hd__or3_1)
                                                         _0146_ (net)
                      0.087260    0.000163    8.758717 v _2397_/A1 (sky130_fd_sc_hd__a21o_1)
     4    0.011071    0.066714    0.204015    8.962731 v _2397_/X (sky130_fd_sc_hd__a21o_1)
                                                         _0151_ (net)
                      0.066714    0.000212    8.962943 v _2406_/B (sky130_fd_sc_hd__and3_1)
     2    0.005729    0.049324    0.182957    9.145901 v _2406_/X (sky130_fd_sc_hd__and3_1)
                                                         _0160_ (net)
                      0.049324    0.000140    9.146041 v _2408_/C (sky130_fd_sc_hd__or3_1)
     3    0.008121    0.095626    0.344444    9.490485 v _2408_/X (sky130_fd_sc_hd__or3_1)
                                                         _0162_ (net)
                      0.095626    0.000155    9.490641 v _2410_/A2 (sky130_fd_sc_hd__a21o_1)
     3    0.007159    0.051784    0.212210    9.702850 v _2410_/X (sky130_fd_sc_hd__a21o_1)
                                                         _0164_ (net)
                      0.051784    0.000173    9.703024 v _2413_/C (sky130_fd_sc_hd__and3_1)
     2    0.004998    0.046132    0.187940    9.890964 v _2413_/X (sky130_fd_sc_hd__and3_1)
                                                         _0167_ (net)
                      0.046132    0.000103    9.891067 v _2415_/C (sky130_fd_sc_hd__or3_1)
     3    0.006877    0.087751    0.334230   10.225297 v _2415_/X (sky130_fd_sc_hd__or3_1)
                                                         _0169_ (net)
                      0.087751    0.000159   10.225456 v _2420_/A1 (sky130_fd_sc_hd__a21o_1)
     4    0.011450    0.068230    0.205556   10.431013 v _2420_/X (sky130_fd_sc_hd__a21o_1)
                                                         _0174_ (net)
                      0.068230    0.000260   10.431273 v _2423_/A1 (sky130_fd_sc_hd__a21o_1)
     2    0.008363    0.057404    0.185380   10.616652 v _2423_/X (sky130_fd_sc_hd__a21o_1)
                                                         _0177_ (net)
                      0.057404    0.000255   10.616908 v _2426_/B (sky130_fd_sc_hd__xnor2_1)
     1    0.003114    0.054469    0.124248   10.741156 v _2426_/Y (sky130_fd_sc_hd__xnor2_1)
                                                         _0179_ (net)
                      0.054469    0.000070   10.741226 v _2427_/A1 (sky130_fd_sc_hd__mux2_1)
     1    0.002890    0.055575    0.290906   11.032132 v _2427_/X (sky130_fd_sc_hd__mux2_1)
                                                         _0024_ (net)
                      0.055575    0.000086   11.032218 v _3237_/D (sky130_fd_sc_hd__dfrtp_4)
                                             11.032218   data arrival time

                                 60.000000   60.000000   clock clk (rise edge)
                                  0.000000   60.000000   clock source latency
     2    0.043169    0.000000    0.000000   60.000000 ^ clk (in)
                                                         clk (net)
                      0.002232    0.001116   60.001114 ^ clkbuf_0_clk/A (sky130_fd_sc_hd__clkbuf_16)
    17    0.165207    0.177174    0.212538   60.213654 ^ clkbuf_0_clk/X (sky130_fd_sc_hd__clkbuf_16)
                                                         clknet_0_clk (net)
                      0.177667    0.007560   60.221214 ^ clkbuf_3_3__f_clk/A (sky130_fd_sc_hd__clkbuf_16)
    35    0.097446    0.113785    0.228980   60.450191 ^ clkbuf_3_3__f_clk/X (sky130_fd_sc_hd__clkbuf_16)
                                                         clknet_3_3__leaf_clk (net)
                      0.113856    0.002593   60.452785 ^ _3237_/CLK (sky130_fd_sc_hd__dfrtp_4)
                                 -0.100000   60.352783   clock uncertainty
                                  0.000000   60.352783   clock reconvergence pessimism
                                 -0.103113   60.249672   library setup time
                                             60.249672   data required time
---------------------------------------------------------------------------------------------
                                             60.249672   data required time
                                            -11.032218   data arrival time
---------------------------------------------------------------------------------------------
                                             49.217453   slack (MET)




===========================================================================
report_checks --slack_max -0.01
============================================================================
======================= nom_tt_025C_1v80 Corner ===================================

No paths found.


===========================================================================
 report_check_types -max_slew -max_cap -max_fanout -violators
============================================================================
======================= nom_tt_025C_1v80 Corner ===================================



===========================================================================
report_parasitic_annotation -report_unannotated
============================================================================
Found 7 unannotated drivers.
 clkload0/Y
 clkload1/Y
 clkload2/Y
 clkload3/Y
 clkload4/Y
 clkload5/Y
 clkload6/Y
Found 0 partially unannotated drivers.

===========================================================================
max slew violation count 0
max fanout violation count 0
max cap violation count 0
============================================================================

===========================================================================
check_setup -verbose -unconstrained_endpoints -multiple_clock -no_clock -no_input_delay -loops -generated_clocks
===========================================================================
Warning: There are 36 input ports missing set_input_delay.
  A_in[0]
  A_in[10]
  A_in[11]
  A_in[12]
  A_in[13]
  A_in[14]
  A_in[15]
  A_in[1]
  A_in[2]
  A_in[3]
  A_in[4]
  A_in[5]
  A_in[6]
  A_in[7]
  A_in[8]
  A_in[9]
  B_in[0]
  B_in[10]
  B_in[11]
  B_in[12]
  B_in[13]
  B_in[14]
  B_in[15]
  B_in[1]
  B_in[2]
  B_in[3]
  B_in[4]
  B_in[5]
  B_in[6]
  B_in[7]
  B_in[8]
  B_in[9]
  Op_Sel[0]
  Op_Sel[1]
  Start
  rst_n
Warning: There are 17 unconstrained endpoints.
  Done
  X_out[0]
  X_out[10]
  X_out[11]
  X_out[12]
  X_out[13]
  X_out[14]
  X_out[15]
  X_out[1]
  X_out[2]
  X_out[3]
  X_out[4]
  X_out[5]
  X_out[6]
  X_out[7]
  X_out[8]
  X_out[9]
