
===========================================================================
report_checks -unconstrained
===========================================================================
======================= min_ss_100C_1v60 Corner ===================================

Startpoint: _3302_ (rising edge-triggered flip-flop clocked by clk)
Endpoint: _3238_ (rising edge-triggered flip-flop clocked by clk)
Path Group: clk
Path Type: max

Fanout         Cap        Slew       Delay        Time   Description
---------------------------------------------------------------------------------------------
                                  0.000000    0.000000   clock clk (rise edge)
                                  0.000000    0.000000   clock source latency
     2    0.040810    0.000000    0.000000    0.000000 ^ clk (in)
                                                         clk (net)
                      0.001609    0.000804    0.000804 ^ clkbuf_0_clk/A (sky130_fd_sc_hd__clkbuf_16)
    17    0.160337    0.261072    0.349207    0.350012 ^ clkbuf_0_clk/X (sky130_fd_sc_hd__clkbuf_16)
                                                         clknet_0_clk (net)
                      0.261311    0.005169    0.355180 ^ clkbuf_3_0__f_clk/A (sky130_fd_sc_hd__clkbuf_16)
    25    0.089494    0.161929    0.389926    0.745107 ^ clkbuf_3_0__f_clk/X (sky130_fd_sc_hd__clkbuf_16)
                                                         clknet_3_0__leaf_clk (net)
                      0.161948    0.001859    0.746966 ^ _3302_/CLK (sky130_fd_sc_hd__dfrtp_4)
     6    0.023616    0.162512    1.104474    1.851440 v _3302_/Q (sky130_fd_sc_hd__dfrtp_4)
                                                         B_reg[12] (net)
                      0.162512    0.000702    1.852142 v _1910_/C (sky130_fd_sc_hd__and3_1)
     3    0.007252    0.106774    0.446269    2.298411 v _1910_/X (sky130_fd_sc_hd__and3_1)
                                                         _1175_ (net)
                      0.106774    0.000086    2.298497 v _2300_/A (sky130_fd_sc_hd__or4_4)
     4    0.009217    0.171727    1.091419    3.389916 v _2300_/X (sky130_fd_sc_hd__or4_4)
                                                         _1553_ (net)
                      0.171727    0.000061    3.389977 v _2304_/A1 (sky130_fd_sc_hd__a21o_1)
     3    0.007762    0.098639    0.369615    3.759592 v _2304_/X (sky130_fd_sc_hd__a21o_1)
                                                         _1557_ (net)
                      0.098639    0.000095    3.759686 v _2307_/A2 (sky130_fd_sc_hd__a21oi_1)
     3    0.010719    0.419080    0.422842    4.182528 ^ _2307_/Y (sky130_fd_sc_hd__a21oi_1)
                                                         _1560_ (net)
                      0.419080    0.000042    4.182570 ^ _2311_/B (sky130_fd_sc_hd__xor2_1)
     3    0.010331    0.413008    0.520734    4.703304 ^ _2311_/X (sky130_fd_sc_hd__xor2_1)
                                                         _1564_ (net)
                      0.413008    0.000121    4.703424 ^ _2313_/A2 (sky130_fd_sc_hd__a21o_1)
     4    0.010697    0.162787    0.412748    5.116172 ^ _2313_/X (sky130_fd_sc_hd__a21o_1)
                                                         _1566_ (net)
                      0.162787    0.000121    5.116293 ^ _2318_/A1 (sky130_fd_sc_hd__a21oi_1)
     3    0.011190    0.217090    0.255254    5.371547 v _2318_/Y (sky130_fd_sc_hd__a21oi_1)
                                                         _1571_ (net)
                      0.217090    0.000059    5.371606 v _2321_/B (sky130_fd_sc_hd__or3_4)
     3    0.007033    0.127855    0.786884    6.158490 v _2321_/X (sky130_fd_sc_hd__or3_4)
                                                         _1574_ (net)
                      0.127855    0.000041    6.158531 v _2326_/A1 (sky130_fd_sc_hd__a21o_1)
     4    0.010188    0.118011    0.369017    6.527548 v _2326_/X (sky130_fd_sc_hd__a21o_1)
                                                         _1579_ (net)
                      0.118011    0.000111    6.527658 v _2328_/A (sky130_fd_sc_hd__and3_1)
     2    0.006079    0.097490    0.344341    6.872000 v _2328_/X (sky130_fd_sc_hd__and3_1)
                                                         _1581_ (net)
                      0.097490    0.000067    6.872066 v _2330_/A (sky130_fd_sc_hd__or3_4)
     2    0.004880    0.118430    0.758662    7.630728 v _2330_/X (sky130_fd_sc_hd__or3_4)
                                                         _1583_ (net)
                      0.118430    0.000048    7.630776 v _2334_/A1 (sky130_fd_sc_hd__a21o_1)
     5    0.014118    0.145172    0.394387    8.025163 v _2334_/X (sky130_fd_sc_hd__a21o_1)
                                                         _1587_ (net)
                      0.145172    0.000125    8.025289 v _2338_/A (sky130_fd_sc_hd__and3_1)
     2    0.005991    0.096757    0.356599    8.381887 v _2338_/X (sky130_fd_sc_hd__and3_1)
                                                         _1591_ (net)
                      0.096757    0.000065    8.381952 v _2345_/C (sky130_fd_sc_hd__or3_4)
     3    0.008272    0.130952    0.678408    9.060360 v _2345_/X (sky130_fd_sc_hd__or3_4)
                                                         _1598_ (net)
                      0.130952    0.000082    9.060442 v _2347_/A1 (sky130_fd_sc_hd__a21o_1)
     4    0.010779    0.122880    0.374842    9.435284 v _2347_/X (sky130_fd_sc_hd__a21o_1)
                                                         _1600_ (net)
                      0.122880    0.000142    9.435426 v _2350_/B (sky130_fd_sc_hd__and3_1)
     2    0.005748    0.094956    0.385243    9.820669 v _2350_/X (sky130_fd_sc_hd__and3_1)
                                                         _1603_ (net)
                      0.094956    0.000085    9.820754 v _2352_/C (sky130_fd_sc_hd__or3_4)
     3    0.008696    0.132015    0.679874   10.500628 v _2352_/X (sky130_fd_sc_hd__or3_4)
                                                         _0106_ (net)
                      0.132015    0.000124   10.500752 v _2355_/A1 (sky130_fd_sc_hd__a21o_1)
     4    0.011995    0.132893    0.384521   10.885273 v _2355_/X (sky130_fd_sc_hd__a21o_1)
                                                         _0109_ (net)
                      0.132893    0.000139   10.885413 v _2362_/A (sky130_fd_sc_hd__and3_1)
     2    0.005697    0.094582    0.348329   11.233743 v _2362_/X (sky130_fd_sc_hd__and3_1)
                                                         _0116_ (net)
                      0.094582    0.000063   11.233806 v _2364_/C (sky130_fd_sc_hd__or3_4)
     2    0.005659    0.121524    0.661978   11.895783 v _2364_/X (sky130_fd_sc_hd__or3_4)
                                                         _0118_ (net)
                      0.121524    0.000084   11.895867 v _2366_/A1 (sky130_fd_sc_hd__a21o_1)
     3    0.006879    0.091690    0.341164   12.237031 v _2366_/X (sky130_fd_sc_hd__a21o_1)
                                                         _0120_ (net)
                      0.091690    0.000066   12.237097 v _2370_/A (sky130_fd_sc_hd__and3_1)
     2    0.005682    0.094457    0.328517   12.565614 v _2370_/X (sky130_fd_sc_hd__and3_1)
                                                         _0124_ (net)
                      0.094457    0.000059   12.565673 v _2372_/C (sky130_fd_sc_hd__or3_4)
     3    0.009198    0.133241    0.682197   13.247869 v _2372_/X (sky130_fd_sc_hd__or3_4)
                                                         _0126_ (net)
                      0.133241    0.000043   13.247912 v _2378_/A1 (sky130_fd_sc_hd__a21o_1)
     4    0.009124    0.111807    0.363337   13.611249 v _2378_/X (sky130_fd_sc_hd__a21o_1)
                                                         _0132_ (net)
                      0.111807    0.000020   13.611270 v _2383_/A (sky130_fd_sc_hd__and3_1)
     2    0.007548    0.109179    0.353405   13.964675 v _2383_/X (sky130_fd_sc_hd__and3_1)
                                                         _0137_ (net)
                      0.109179    0.000086   13.964762 v _2385_/C (sky130_fd_sc_hd__or3_4)
     3    0.008041    0.130303    0.681495   14.646256 v _2385_/X (sky130_fd_sc_hd__or3_4)
                                                         _0139_ (net)
                      0.130303    0.000069   14.646325 v _2387_/A1 (sky130_fd_sc_hd__a21o_1)
     4    0.011933    0.132357    0.383340   15.029665 v _2387_/X (sky130_fd_sc_hd__a21o_1)
                                                         _0141_ (net)
                      0.132357    0.000083   15.029749 v _2390_/A (sky130_fd_sc_hd__and3_1)
     3    0.010635    0.135226    0.388468   15.418217 v _2390_/X (sky130_fd_sc_hd__and3_1)
                                                         _0144_ (net)
                      0.135226    0.000089   15.418305 v _2392_/C (sky130_fd_sc_hd__or3_4)
     3    0.006882    0.127370    0.684636   16.102942 v _2392_/X (sky130_fd_sc_hd__or3_4)
                                                         _0146_ (net)
                      0.127370    0.000044   16.102985 v _2397_/A1 (sky130_fd_sc_hd__a21o_1)
     4    0.010415    0.119859    0.370546   16.473532 v _2397_/X (sky130_fd_sc_hd__a21o_1)
                                                         _0151_ (net)
                      0.119859    0.000050   16.473581 v _2406_/A (sky130_fd_sc_hd__and3_1)
     2    0.006309    0.099269    0.347114   16.820696 v _2406_/X (sky130_fd_sc_hd__and3_1)
                                                         _0160_ (net)
                      0.099269    0.000039   16.820736 v _2408_/C (sky130_fd_sc_hd__or3_4)
     3    0.007076    0.127968    0.673371   17.494106 v _2408_/X (sky130_fd_sc_hd__or3_4)
                                                         _0162_ (net)
                      0.127968    0.000057   17.494164 v _2410_/A1 (sky130_fd_sc_hd__a21o_1)
     3    0.006897    0.091901    0.344084   17.838247 v _2410_/X (sky130_fd_sc_hd__a21o_1)
                                                         _0164_ (net)
                      0.091901    0.000078   17.838326 v _2413_/A (sky130_fd_sc_hd__and3_1)
     2    0.005783    0.095217    0.329445   18.167770 v _2413_/X (sky130_fd_sc_hd__and3_1)
                                                         _0167_ (net)
                      0.095217    0.000052   18.167822 v _2415_/C (sky130_fd_sc_hd__or3_4)
     3    0.006837    0.127457    0.670811   18.838633 v _2415_/X (sky130_fd_sc_hd__or3_4)
                                                         _0169_ (net)
                      0.127457    0.000066   18.838697 v _2420_/A1 (sky130_fd_sc_hd__a21o_1)
     4    0.011323    0.127337    0.377456   19.216154 v _2420_/X (sky130_fd_sc_hd__a21o_1)
                                                         _0174_ (net)
                      0.127337    0.000066   19.216221 v _2428_/A1 (sky130_fd_sc_hd__a21bo_1)
     1    0.004378    0.078254    0.344073   19.560293 v _2428_/X (sky130_fd_sc_hd__a21bo_1)
                                                         _0180_ (net)
                      0.078254    0.000018   19.560310 v _2429_/B (sky130_fd_sc_hd__xor2_1)
     1    0.002656    0.125424    0.263290   19.823601 v _2429_/X (sky130_fd_sc_hd__xor2_1)
                                                         _0181_ (net)
                      0.125424    0.000016   19.823618 v _2430_/A1 (sky130_fd_sc_hd__mux2_4)
     1    0.002160    0.076394    0.483634   20.307251 v _2430_/X (sky130_fd_sc_hd__mux2_4)
                                                         _0025_ (net)
                      0.076394    0.000011   20.307262 v _3238_/D (sky130_fd_sc_hd__dfrtp_4)
                                             20.307262   data arrival time

                                 10.125000   10.125000   clock clk (rise edge)
                                  0.000000   10.125000   clock source latency
     2    0.040810    0.000000    0.000000   10.125000 ^ clk (in)
                                                         clk (net)
                      0.001609    0.000805   10.125805 ^ clkbuf_0_clk/A (sky130_fd_sc_hd__clkbuf_16)
    17    0.160337    0.261072    0.349207   10.475012 ^ clkbuf_0_clk/X (sky130_fd_sc_hd__clkbuf_16)
                                                         clknet_0_clk (net)
                      0.261300    0.004980   10.479991 ^ clkbuf_3_3__f_clk/A (sky130_fd_sc_hd__clkbuf_16)
    35    0.093765    0.167970    0.394269   10.874260 ^ clkbuf_3_3__f_clk/X (sky130_fd_sc_hd__clkbuf_16)
                                                         clknet_3_3__leaf_clk (net)
                      0.167993    0.002044   10.876304 ^ _3238_/CLK (sky130_fd_sc_hd__dfrtp_4)
                                 -0.100000   10.776303   clock uncertainty
                                  0.000000   10.776303   clock reconvergence pessimism
                                 -0.251397   10.524906   library setup time
                                             10.524906   data required time
---------------------------------------------------------------------------------------------
                                             10.524906   data required time
                                            -20.307262   data arrival time
---------------------------------------------------------------------------------------------
                                             -9.782355   slack (VIOLATED)




===========================================================================
report_checks --slack_max -0.01
============================================================================
======================= min_ss_100C_1v60 Corner ===================================

Startpoint: _3302_ (rising edge-triggered flip-flop clocked by clk)
Endpoint: _3238_ (rising edge-triggered flip-flop clocked by clk)
Path Group: clk
Path Type: max

Fanout         Cap        Slew       Delay        Time   Description
---------------------------------------------------------------------------------------------
                                  0.000000    0.000000   clock clk (rise edge)
                                  0.000000    0.000000   clock source latency
     2    0.040810    0.000000    0.000000    0.000000 ^ clk (in)
                                                         clk (net)
                      0.001609    0.000804    0.000804 ^ clkbuf_0_clk/A (sky130_fd_sc_hd__clkbuf_16)
    17    0.160337    0.261072    0.349207    0.350012 ^ clkbuf_0_clk/X (sky130_fd_sc_hd__clkbuf_16)
                                                         clknet_0_clk (net)
                      0.261311    0.005169    0.355180 ^ clkbuf_3_0__f_clk/A (sky130_fd_sc_hd__clkbuf_16)
    25    0.089494    0.161929    0.389926    0.745107 ^ clkbuf_3_0__f_clk/X (sky130_fd_sc_hd__clkbuf_16)
                                                         clknet_3_0__leaf_clk (net)
                      0.161948    0.001859    0.746966 ^ _3302_/CLK (sky130_fd_sc_hd__dfrtp_4)
     6    0.023616    0.162512    1.104474    1.851440 v _3302_/Q (sky130_fd_sc_hd__dfrtp_4)
                                                         B_reg[12] (net)
                      0.162512    0.000702    1.852142 v _1910_/C (sky130_fd_sc_hd__and3_1)
     3    0.007252    0.106774    0.446269    2.298411 v _1910_/X (sky130_fd_sc_hd__and3_1)
                                                         _1175_ (net)
                      0.106774    0.000086    2.298497 v _2300_/A (sky130_fd_sc_hd__or4_4)
     4    0.009217    0.171727    1.091419    3.389916 v _2300_/X (sky130_fd_sc_hd__or4_4)
                                                         _1553_ (net)
                      0.171727    0.000061    3.389977 v _2304_/A1 (sky130_fd_sc_hd__a21o_1)
     3    0.007762    0.098639    0.369615    3.759592 v _2304_/X (sky130_fd_sc_hd__a21o_1)
                                                         _1557_ (net)
                      0.098639    0.000095    3.759686 v _2307_/A2 (sky130_fd_sc_hd__a21oi_1)
     3    0.010719    0.419080    0.422842    4.182528 ^ _2307_/Y (sky130_fd_sc_hd__a21oi_1)
                                                         _1560_ (net)
                      0.419080    0.000042    4.182570 ^ _2311_/B (sky130_fd_sc_hd__xor2_1)
     3    0.010331    0.413008    0.520734    4.703304 ^ _2311_/X (sky130_fd_sc_hd__xor2_1)
                                                         _1564_ (net)
                      0.413008    0.000121    4.703424 ^ _2313_/A2 (sky130_fd_sc_hd__a21o_1)
     4    0.010697    0.162787    0.412748    5.116172 ^ _2313_/X (sky130_fd_sc_hd__a21o_1)
                                                         _1566_ (net)
                      0.162787    0.000121    5.116293 ^ _2318_/A1 (sky130_fd_sc_hd__a21oi_1)
     3    0.011190    0.217090    0.255254    5.371547 v _2318_/Y (sky130_fd_sc_hd__a21oi_1)
                                                         _1571_ (net)
                      0.217090    0.000059    5.371606 v _2321_/B (sky130_fd_sc_hd__or3_4)
     3    0.007033    0.127855    0.786884    6.158490 v _2321_/X (sky130_fd_sc_hd__or3_4)
                                                         _1574_ (net)
                      0.127855    0.000041    6.158531 v _2326_/A1 (sky130_fd_sc_hd__a21o_1)
     4    0.010188    0.118011    0.369017    6.527548 v _2326_/X (sky130_fd_sc_hd__a21o_1)
                                                         _1579_ (net)
                      0.118011    0.000111    6.527658 v _2328_/A (sky130_fd_sc_hd__and3_1)
     2    0.006079    0.097490    0.344341    6.872000 v _2328_/X (sky130_fd_sc_hd__and3_1)
                                                         _1581_ (net)
                      0.097490    0.000067    6.872066 v _2330_/A (sky130_fd_sc_hd__or3_4)
     2    0.004880    0.118430    0.758662    7.630728 v _2330_/X (sky130_fd_sc_hd__or3_4)
                                                         _1583_ (net)
                      0.118430    0.000048    7.630776 v _2334_/A1 (sky130_fd_sc_hd__a21o_1)
     5    0.014118    0.145172    0.394387    8.025163 v _2334_/X (sky130_fd_sc_hd__a21o_1)
                                                         _1587_ (net)
                      0.145172    0.000125    8.025289 v _2338_/A (sky130_fd_sc_hd__and3_1)
     2    0.005991    0.096757    0.356599    8.381887 v _2338_/X (sky130_fd_sc_hd__and3_1)
                                                         _1591_ (net)
                      0.096757    0.000065    8.381952 v _2345_/C (sky130_fd_sc_hd__or3_4)
     3    0.008272    0.130952    0.678408    9.060360 v _2345_/X (sky130_fd_sc_hd__or3_4)
                                                         _1598_ (net)
                      0.130952    0.000082    9.060442 v _2347_/A1 (sky130_fd_sc_hd__a21o_1)
     4    0.010779    0.122880    0.374842    9.435284 v _2347_/X (sky130_fd_sc_hd__a21o_1)
                                                         _1600_ (net)
                      0.122880    0.000142    9.435426 v _2350_/B (sky130_fd_sc_hd__and3_1)
     2    0.005748    0.094956    0.385243    9.820669 v _2350_/X (sky130_fd_sc_hd__and3_1)
                                                         _1603_ (net)
                      0.094956    0.000085    9.820754 v _2352_/C (sky130_fd_sc_hd__or3_4)
     3    0.008696    0.132015    0.679874   10.500628 v _2352_/X (sky130_fd_sc_hd__or3_4)
                                                         _0106_ (net)
                      0.132015    0.000124   10.500752 v _2355_/A1 (sky130_fd_sc_hd__a21o_1)
     4    0.011995    0.132893    0.384521   10.885273 v _2355_/X (sky130_fd_sc_hd__a21o_1)
                                                         _0109_ (net)
                      0.132893    0.000139   10.885413 v _2362_/A (sky130_fd_sc_hd__and3_1)
     2    0.005697    0.094582    0.348329   11.233743 v _2362_/X (sky130_fd_sc_hd__and3_1)
                                                         _0116_ (net)
                      0.094582    0.000063   11.233806 v _2364_/C (sky130_fd_sc_hd__or3_4)
     2    0.005659    0.121524    0.661978   11.895783 v _2364_/X (sky130_fd_sc_hd__or3_4)
                                                         _0118_ (net)
                      0.121524    0.000084   11.895867 v _2366_/A1 (sky130_fd_sc_hd__a21o_1)
     3    0.006879    0.091690    0.341164   12.237031 v _2366_/X (sky130_fd_sc_hd__a21o_1)
                                                         _0120_ (net)
                      0.091690    0.000066   12.237097 v _2370_/A (sky130_fd_sc_hd__and3_1)
     2    0.005682    0.094457    0.328517   12.565614 v _2370_/X (sky130_fd_sc_hd__and3_1)
                                                         _0124_ (net)
                      0.094457    0.000059   12.565673 v _2372_/C (sky130_fd_sc_hd__or3_4)
     3    0.009198    0.133241    0.682197   13.247869 v _2372_/X (sky130_fd_sc_hd__or3_4)
                                                         _0126_ (net)
                      0.133241    0.000043   13.247912 v _2378_/A1 (sky130_fd_sc_hd__a21o_1)
     4    0.009124    0.111807    0.363337   13.611249 v _2378_/X (sky130_fd_sc_hd__a21o_1)
                                                         _0132_ (net)
                      0.111807    0.000020   13.611270 v _2383_/A (sky130_fd_sc_hd__and3_1)
     2    0.007548    0.109179    0.353405   13.964675 v _2383_/X (sky130_fd_sc_hd__and3_1)
                                                         _0137_ (net)
                      0.109179    0.000086   13.964762 v _2385_/C (sky130_fd_sc_hd__or3_4)
     3    0.008041    0.130303    0.681495   14.646256 v _2385_/X (sky130_fd_sc_hd__or3_4)
                                                         _0139_ (net)
                      0.130303    0.000069   14.646325 v _2387_/A1 (sky130_fd_sc_hd__a21o_1)
     4    0.011933    0.132357    0.383340   15.029665 v _2387_/X (sky130_fd_sc_hd__a21o_1)
                                                         _0141_ (net)
                      0.132357    0.000083   15.029749 v _2390_/A (sky130_fd_sc_hd__and3_1)
     3    0.010635    0.135226    0.388468   15.418217 v _2390_/X (sky130_fd_sc_hd__and3_1)
                                                         _0144_ (net)
                      0.135226    0.000089   15.418305 v _2392_/C (sky130_fd_sc_hd__or3_4)
     3    0.006882    0.127370    0.684636   16.102942 v _2392_/X (sky130_fd_sc_hd__or3_4)
                                                         _0146_ (net)
                      0.127370    0.000044   16.102985 v _2397_/A1 (sky130_fd_sc_hd__a21o_1)
     4    0.010415    0.119859    0.370546   16.473532 v _2397_/X (sky130_fd_sc_hd__a21o_1)
                                                         _0151_ (net)
                      0.119859    0.000050   16.473581 v _2406_/A (sky130_fd_sc_hd__and3_1)
     2    0.006309    0.099269    0.347114   16.820696 v _2406_/X (sky130_fd_sc_hd__and3_1)
                                                         _0160_ (net)
                      0.099269    0.000039   16.820736 v _2408_/C (sky130_fd_sc_hd__or3_4)
     3    0.007076    0.127968    0.673371   17.494106 v _2408_/X (sky130_fd_sc_hd__or3_4)
                                                         _0162_ (net)
                      0.127968    0.000057   17.494164 v _2410_/A1 (sky130_fd_sc_hd__a21o_1)
     3    0.006897    0.091901    0.344084   17.838247 v _2410_/X (sky130_fd_sc_hd__a21o_1)
                                                         _0164_ (net)
                      0.091901    0.000078   17.838326 v _2413_/A (sky130_fd_sc_hd__and3_1)
     2    0.005783    0.095217    0.329445   18.167770 v _2413_/X (sky130_fd_sc_hd__and3_1)
                                                         _0167_ (net)
                      0.095217    0.000052   18.167822 v _2415_/C (sky130_fd_sc_hd__or3_4)
     3    0.006837    0.127457    0.670811   18.838633 v _2415_/X (sky130_fd_sc_hd__or3_4)
                                                         _0169_ (net)
                      0.127457    0.000066   18.838697 v _2420_/A1 (sky130_fd_sc_hd__a21o_1)
     4    0.011323    0.127337    0.377456   19.216154 v _2420_/X (sky130_fd_sc_hd__a21o_1)
                                                         _0174_ (net)
                      0.127337    0.000066   19.216221 v _2428_/A1 (sky130_fd_sc_hd__a21bo_1)
     1    0.004378    0.078254    0.344073   19.560293 v _2428_/X (sky130_fd_sc_hd__a21bo_1)
                                                         _0180_ (net)
                      0.078254    0.000018   19.560310 v _2429_/B (sky130_fd_sc_hd__xor2_1)
     1    0.002656    0.125424    0.263290   19.823601 v _2429_/X (sky130_fd_sc_hd__xor2_1)
                                                         _0181_ (net)
                      0.125424    0.000016   19.823618 v _2430_/A1 (sky130_fd_sc_hd__mux2_4)
     1    0.002160    0.076394    0.483634   20.307251 v _2430_/X (sky130_fd_sc_hd__mux2_4)
                                                         _0025_ (net)
                      0.076394    0.000011   20.307262 v _3238_/D (sky130_fd_sc_hd__dfrtp_4)
                                             20.307262   data arrival time

                                 10.125000   10.125000   clock clk (rise edge)
                                  0.000000   10.125000   clock source latency
     2    0.040810    0.000000    0.000000   10.125000 ^ clk (in)
                                                         clk (net)
                      0.001609    0.000805   10.125805 ^ clkbuf_0_clk/A (sky130_fd_sc_hd__clkbuf_16)
    17    0.160337    0.261072    0.349207   10.475012 ^ clkbuf_0_clk/X (sky130_fd_sc_hd__clkbuf_16)
                                                         clknet_0_clk (net)
                      0.261300    0.004980   10.479991 ^ clkbuf_3_3__f_clk/A (sky130_fd_sc_hd__clkbuf_16)
    35    0.093765    0.167970    0.394269   10.874260 ^ clkbuf_3_3__f_clk/X (sky130_fd_sc_hd__clkbuf_16)
                                                         clknet_3_3__leaf_clk (net)
                      0.167993    0.002044   10.876304 ^ _3238_/CLK (sky130_fd_sc_hd__dfrtp_4)
                                 -0.100000   10.776303   clock uncertainty
                                  0.000000   10.776303   clock reconvergence pessimism
                                 -0.251397   10.524906   library setup time
                                             10.524906   data required time
---------------------------------------------------------------------------------------------
                                             10.524906   data required time
                                            -20.307262   data arrival time
---------------------------------------------------------------------------------------------
                                             -9.782355   slack (VIOLATED)




===========================================================================
 report_check_types -max_slew -max_cap -max_fanout -violators
============================================================================
======================= min_ss_100C_1v60 Corner ===================================



===========================================================================
report_parasitic_annotation -report_unannotated
============================================================================
Found 7 unannotated drivers.
 clkload0/Y
 clkload1/Y
 clkload2/Y
 clkload3/Y
 clkload4/Y
 clkload5/Y
 clkload6/Y
Found 0 partially unannotated drivers.

===========================================================================
max slew violation count 0
max fanout violation count 0
max cap violation count 0
============================================================================

===========================================================================
check_setup -verbose -unconstrained_endpoints -multiple_clock -no_clock -no_input_delay -loops -generated_clocks
===========================================================================
Warning: There are 36 input ports missing set_input_delay.
  A_in[0]
  A_in[10]
  A_in[11]
  A_in[12]
  A_in[13]
  A_in[14]
  A_in[15]
  A_in[1]
  A_in[2]
  A_in[3]
  A_in[4]
  A_in[5]
  A_in[6]
  A_in[7]
  A_in[8]
  A_in[9]
  B_in[0]
  B_in[10]
  B_in[11]
  B_in[12]
  B_in[13]
  B_in[14]
  B_in[15]
  B_in[1]
  B_in[2]
  B_in[3]
  B_in[4]
  B_in[5]
  B_in[6]
  B_in[7]
  B_in[8]
  B_in[9]
  Op_Sel[0]
  Op_Sel[1]
  Start
  rst_n
Warning: There are 17 unconstrained endpoints.
  Done
  X_out[0]
  X_out[10]
  X_out[11]
  X_out[12]
  X_out[13]
  X_out[14]
  X_out[15]
  X_out[1]
  X_out[2]
  X_out[3]
  X_out[4]
  X_out[5]
  X_out[6]
  X_out[7]
  X_out[8]
  X_out[9]
